<?xml version="1.0"?>
<System id="0" reset="yes" GUID="">
  <NumOfVp Min="0" Max="1">0</NumOfVp>
  <SystemStreamMode LegalValues="0 1 2">0</SystemStreamMode>
  <FlexLayerMode Min="0" Max="1">0</FlexLayerMode>
  <AutoSave Min="0" Max="1">0</AutoSave>
  <VPID Min="0" Max="1">0</VPID>
  <OSVersion>0.4.6</OSVersion>
  <Version>3.2.861</Version>
  <MacAddress>00:13:95:1c:0a:f2</MacAddress>
  <Name>System1</Name>
  <NativeRate LegalValues="23.98 24 25 29.97 30 47.95 48 50 59.94 60">59.94</NativeRate>
  <SysState Min="0" Max="2">2</SysState>
  <GuiId>b1ed80db-132d-465f-b29e-08f8bb76a827</GuiId>
  <MasterResolve>00:13:95:1d:17:57|1</MasterResolve>
  <SrcMgr id="0">
    <SourceCol id="0">
      <Source id="0">
        <InputCfgIndex Min="-1" Max="127">0</InputCfgIndex>
        <StillIndex Min="-1" Max="99">-1</StillIndex>
        <UserKeyIndex Min="-1" Max="299">-1</UserKeyIndex>
        <Name>DP 1-1</Name>
        <SrcType Min="0" Max="3">0</SrcType>
        <DestIndex Min="-1" Max="127">-1</DestIndex>
        <AR Min="0" Max="128">1.77778</AR>
        <Error Min="-1000000" Max="1000000">-9399</Error>
        <AOIRect id="0">
          <HPos Min="0" Max="0">0</HPos>
          <VPos Min="0" Max="0">0</VPos>
          <HSize Min="0" Max="1920">1920</HSize>
          <VSize Min="0" Max="1080">1080</VSize>
          <AR Min="0" Max="99">1.77778</AR>
        </AOIRect>
        <VideoColor id="0">
          <Hue Min="-90" Max="90">0</Hue>
          <Sat Min="0" Max="150">100</Sat>
          <Bright Min="50" Max="150">100</Bright>
          <BrightR Min="25" Max="150">100</BrightR>
          <BrightG Min="25" Max="150">100</BrightG>
          <BrightB Min="25" Max="150">100</BrightB>
          <Contr Min="50" Max="150">100</Contr>
          <ContrR Min="25" Max="150">100</ContrR>
          <ContrG Min="25" Max="150">100</ContrG>
          <ContrB Min="25" Max="150">100</ContrB>
          <Invert Min="0" Max="1">0</Invert>
          <Gamma Min="0.3" Max="3.3">1</Gamma>
          <ColorSpace LegalValues="0 1">1</ColorSpace>
          <ColorRange LegalValues="0 1">0</ColorRange>
          <Mono Min="0" Max="1">0</Mono>
        </VideoColor>
      </Source>
      <Source id="1">
        <InputCfgIndex Min="-1" Max="127">-1</InputCfgIndex>
        <StillIndex Min="-1" Max="99">-1</StillIndex>
        <UserKeyIndex Min="-1" Max="299">-1</UserKeyIndex>
        <Name>ScreenDest1_PGM-2</Name>
        <SrcType Min="0" Max="3">2</SrcType>
        <DestIndex Min="-1" Max="127">0</DestIndex>
        <AR Min="0" Max="128">1.6</AR>
        <Error Min="-1000000" Max="1000000">-9397</Error>
        <AOIRect id="0">
          <HPos Min="0" Max="0">0</HPos>
          <VPos Min="0" Max="0">0</VPos>
          <HSize Min="0" Max="1680">1680</HSize>
          <VSize Min="0" Max="1050">1050</VSize>
          <AR Min="0" Max="99">1.6</AR>
        </AOIRect>
        <VideoColor id="0">
          <Hue Min="-90" Max="90">0</Hue>
          <Sat Min="0" Max="150">100</Sat>
          <Bright Min="50" Max="150">100</Bright>
          <BrightR Min="25" Max="150">100</BrightR>
          <BrightG Min="25" Max="150">100</BrightG>
          <BrightB Min="25" Max="150">100</BrightB>
          <Contr Min="50" Max="150">100</Contr>
          <ContrR Min="25" Max="150">100</ContrR>
          <ContrG Min="25" Max="150">100</ContrG>
          <ContrB Min="25" Max="150">100</ContrB>
          <Invert Min="0" Max="1">0</Invert>
          <Gamma Min="0.3" Max="3.3">1</Gamma>
          <ColorSpace LegalValues="0 1">1</ColorSpace>
          <ColorRange LegalValues="0 1">0</ColorRange>
          <Mono Min="0" Max="1">0</Mono>
        </VideoColor>
      </Source>
      <Source id="2">
        <InputCfgIndex Min="-1" Max="127">1</InputCfgIndex>
        <StillIndex Min="-1" Max="99">-1</StillIndex>
        <UserKeyIndex Min="-1" Max="299">-1</UserKeyIndex>
        <Name>DVI 1-3</Name>
        <SrcType Min="0" Max="3">0</SrcType>
        <DestIndex Min="-1" Max="127">-1</DestIndex>
        <AR Min="0" Max="128">1.77778</AR>
        <Error Min="-1000000" Max="1000000">-9399</Error>
        <AOIRect id="0">
          <HPos Min="0" Max="0">0</HPos>
          <VPos Min="0" Max="0">0</VPos>
          <HSize Min="0" Max="1920">1920</HSize>
          <VSize Min="0" Max="1080">1080</VSize>
          <AR Min="0" Max="99">1.77778</AR>
        </AOIRect>
        <VideoColor id="0">
          <Hue Min="-90" Max="90">0</Hue>
          <Sat Min="0" Max="150">100</Sat>
          <Bright Min="50" Max="150">100</Bright>
          <BrightR Min="25" Max="150">100</BrightR>
          <BrightG Min="25" Max="150">100</BrightG>
          <BrightB Min="25" Max="150">100</BrightB>
          <Contr Min="50" Max="150">100</Contr>
          <ContrR Min="25" Max="150">100</ContrR>
          <ContrG Min="25" Max="150">100</ContrG>
          <ContrB Min="25" Max="150">100</ContrB>
          <Invert Min="0" Max="1">0</Invert>
          <Gamma Min="0.3" Max="3.3">1</Gamma>
          <ColorSpace LegalValues="0 1">1</ColorSpace>
          <ColorRange LegalValues="0 1">0</ColorRange>
          <Mono Min="0" Max="1">0</Mono>
        </VideoColor>
      </Source>
      <Source id="3">
        <InputCfgIndex Min="-1" Max="127">-1</InputCfgIndex>
        <StillIndex Min="-1" Max="99">-1</StillIndex>
        <UserKeyIndex Min="-1" Max="299">-1</UserKeyIndex>
        <Name>ScreenDest2_PGM-4</Name>
        <SrcType Min="0" Max="3">2</SrcType>
        <DestIndex Min="-1" Max="127">1</DestIndex>
        <AR Min="0" Max="128">1.77778</AR>
        <Error Min="-1000000" Max="1000000">-9397</Error>
        <AOIRect id="0">
          <HPos Min="0" Max="0">0</HPos>
          <VPos Min="0" Max="0">0</VPos>
          <HSize Min="0" Max="1920">1920</HSize>
          <VSize Min="0" Max="1080">1080</VSize>
          <AR Min="0" Max="99">1.77778</AR>
        </AOIRect>
        <VideoColor id="0">
          <Hue Min="-90" Max="90">0</Hue>
          <Sat Min="0" Max="150">100</Sat>
          <Bright Min="50" Max="150">100</Bright>
          <BrightR Min="25" Max="150">100</BrightR>
          <BrightG Min="25" Max="150">100</BrightG>
          <BrightB Min="25" Max="150">100</BrightB>
          <Contr Min="50" Max="150">100</Contr>
          <ContrR Min="25" Max="150">100</ContrR>
          <ContrG Min="25" Max="150">100</ContrG>
          <ContrB Min="25" Max="150">100</ContrB>
          <Invert Min="0" Max="1">0</Invert>
          <Gamma Min="0.3" Max="3.3">1</Gamma>
          <ColorSpace LegalValues="0 1">1</ColorSpace>
          <ColorRange LegalValues="0 1">0</ColorRange>
          <Mono Min="0" Max="1">0</Mono>
        </VideoColor>
      </Source>
      <Source id="4">
        <InputCfgIndex Min="-1" Max="127">-1</InputCfgIndex>
        <StillIndex Min="-1" Max="99">0</StillIndex>
        <UserKeyIndex Min="-1" Max="299">-1</UserKeyIndex>
        <Name>StillDP 1-5</Name>
        <SrcType Min="0" Max="3">1</SrcType>
        <DestIndex Min="-1" Max="127">-1</DestIndex>
        <AR Min="0" Max="128">1.77778</AR>
        <Error Min="-1000000" Max="1000000">-9397</Error>
        <AOIRect id="0">
          <HPos Min="0" Max="0">0</HPos>
          <VPos Min="0" Max="0">0</VPos>
          <HSize Min="0" Max="1920">1920</HSize>
          <VSize Min="0" Max="1080">1080</VSize>
          <AR Min="0" Max="99">0</AR>
        </AOIRect>
        <VideoColor id="0">
          <Hue Min="-90" Max="90">0</Hue>
          <Sat Min="0" Max="150">100</Sat>
          <Bright Min="50" Max="150">100</Bright>
          <BrightR Min="25" Max="150">100</BrightR>
          <BrightG Min="25" Max="150">100</BrightG>
          <BrightB Min="25" Max="150">100</BrightB>
          <Contr Min="50" Max="150">100</Contr>
          <ContrR Min="25" Max="150">100</ContrR>
          <ContrG Min="25" Max="150">100</ContrG>
          <ContrB Min="25" Max="150">100</ContrB>
          <Invert Min="0" Max="1">0</Invert>
          <Gamma Min="0.3" Max="3.3">1</Gamma>
          <ColorSpace LegalValues="0 1">1</ColorSpace>
          <ColorRange LegalValues="0 1">0</ColorRange>
          <Mono Min="0" Max="1">0</Mono>
        </VideoColor>
      </Source>
    </SourceCol>
    <BGSourceCol id="0">
      <BGSource id="4">
        <InputCfgIndex Min="-1" Max="127">-1</InputCfgIndex>
        <StillIndex Min="-1" Max="99">0</StillIndex>
        <Name>BGStillDP 1-5</Name>
        <BGSrcType Min="0" Max="1">1</BGSrcType>
        <HOverlap Min="0" Max="2048">0</HOverlap>
        <VOverlap Min="0" Max="2048">0</VOverlap>
        <HPos Min="-6000" Max="6000">0</HPos>
        <VPos Min="-6000" Max="6000">0</VPos>
        <Crop id="0">
          <CropLeft Min="0" Max="2048">0</CropLeft>
          <CropRight Min="0" Max="2048">0</CropRight>
          <CropTop Min="0" Max="2048">0</CropTop>
          <CropBottom Min="0" Max="2048">0</CropBottom>
        </Crop>
      </BGSource>
    </BGSourceCol>
    <InputCfgCol id="0">
      <InputCfg id="0">
        <InputCfgType Min="0" Max="1">0</InputCfgType>
        <SyncInvertS3D LegalValues="0 1">0</SyncInvertS3D>
        <Mode3D LegalValues="0 1">0</Mode3D>
        <In3DSync LegalValues="0 1 2 3">0</In3DSync>
        <Eye3D LegalValues="0 1">0</Eye3D>
        <InputCfgInputNameId Min="0" Max="128">0</InputCfgInputNameId>
        <Name>DP 1</Name>
        <AutoAcqMode Min="0" Max="1">1</AutoAcqMode>
        <Motion Min="0" Max="15">15</Motion>
        <Type3G LegalValues="0 1 2 3">2</Type3G>
        <InputCfgVideoStatus Min="0" Max="4">4</InputCfgVideoStatus>
        <FrzMode Min="0" Max="1">0</FrzMode>
        <Config id="0">
          <Name>Config0</Name>
          <Owner/>
          <Contact>tally=1</Contact>
          <HDimension Min="0" Max="16">0</HDimension>
          <VDimension Min="0" Max="16">0</VDimension>
          <ConnMapOrient LegalValues="0 1 2">0</ConnMapOrient>
          <ConfigStatus Min="0" Max="5">1</ConfigStatus>
          <ConnMap id="0">
            <InUse Min="0" Max="1">1</InUse>
            <VPID Min="0" Max="1">0</VPID>
            <CardType Min="0" Max="255">2</CardType>
            <ColumnIndex Min="0" Max="15">0</ColumnIndex>
            <RowIndex Min="0" Max="15">0</RowIndex>
            <ConnectorIndex Min="0" Max="3">0</ConnectorIndex>
            <SlotIndex Min="0" Max="22">6</SlotIndex>
            <Error Min="-1000000" Max="1000000">0</Error>
          </ConnMap>
          <ConnMap id="1">
            <InUse Min="0" Max="1">0</InUse>
            <VPID Min="0" Max="1">0</VPID>
            <CardType Min="0" Max="255">255</CardType>
            <ColumnIndex Min="0" Max="15">0</ColumnIndex>
            <RowIndex Min="0" Max="15">0</RowIndex>
            <ConnectorIndex Min="0" Max="3">0</ConnectorIndex>
            <SlotIndex Min="0" Max="22">-1</SlotIndex>
            <Error Min="-1000000" Max="1000000">0</Error>
          </ConnMap>
          <ConnMap id="2">
            <InUse Min="0" Max="1">0</InUse>
            <VPID Min="0" Max="1">0</VPID>
            <CardType Min="0" Max="255">255</CardType>
            <ColumnIndex Min="0" Max="15">0</ColumnIndex>
            <RowIndex Min="0" Max="15">0</RowIndex>
            <ConnectorIndex Min="0" Max="3">0</ConnectorIndex>
            <SlotIndex Min="0" Max="22">-1</SlotIndex>
            <Error Min="-1000000" Max="1000000">0</Error>
          </ConnMap>
          <ConnMap id="3">
            <InUse Min="0" Max="1">0</InUse>
            <VPID Min="0" Max="1">0</VPID>
            <CardType Min="0" Max="255">255</CardType>
            <ColumnIndex Min="0" Max="15">0</ColumnIndex>
            <RowIndex Min="0" Max="15">0</RowIndex>
            <ConnectorIndex Min="0" Max="3">0</ConnectorIndex>
            <SlotIndex Min="0" Max="22">-1</SlotIndex>
            <Error Min="-1000000" Max="1000000">0</Error>
          </ConnMap>
          <ConnMap id="4">
            <InUse Min="0" Max="1">0</InUse>
            <VPID Min="0" Max="1">0</VPID>
            <CardType Min="0" Max="255">255</CardType>
            <ColumnIndex Min="0" Max="15">0</ColumnIndex>
            <RowIndex Min="0" Max="15">0</RowIndex>
            <ConnectorIndex Min="0" Max="3">0</ConnectorIndex>
            <SlotIndex Min="0" Max="22">-1</SlotIndex>
            <Error Min="-1000000" Max="1000000">0</Error>
          </ConnMap>
          <ConnMap id="5">
            <InUse Min="0" Max="1">0</InUse>
            <VPID Min="0" Max="1">0</VPID>
            <CardType Min="0" Max="255">255</CardType>
            <ColumnIndex Min="0" Max="15">0</ColumnIndex>
            <RowIndex Min="0" Max="15">0</RowIndex>
            <ConnectorIndex Min="0" Max="3">0</ConnectorIndex>
            <SlotIndex Min="0" Max="22">-1</SlotIndex>
            <Error Min="-1000000" Max="1000000">0</Error>
          </ConnMap>
          <ConnMap id="6">
            <InUse Min="0" Max="1">0</InUse>
            <VPID Min="0" Max="1">0</VPID>
            <CardType Min="0" Max="255">255</CardType>
            <ColumnIndex Min="0" Max="15">0</ColumnIndex>
            <RowIndex Min="0" Max="15">0</RowIndex>
            <ConnectorIndex Min="0" Max="3">0</ConnectorIndex>
            <SlotIndex Min="0" Max="22">-1</SlotIndex>
            <Error Min="-1000000" Max="1000000">0</Error>
          </ConnMap>
          <ConnMap id="7">
            <InUse Min="0" Max="1">0</InUse>
            <VPID Min="0" Max="1">0</VPID>
            <CardType Min="0" Max="255">255</CardType>
            <ColumnIndex Min="0" Max="15">0</ColumnIndex>
            <RowIndex Min="0" Max="15">0</RowIndex>
            <ConnectorIndex Min="0" Max="3">0</ConnectorIndex>
            <SlotIndex Min="0" Max="22">-1</SlotIndex>
            <Error Min="-1000000" Max="1000000">0</Error>
          </ConnMap>
          <ConnMap id="8">
            <InUse Min="0" Max="1">0</InUse>
            <VPID Min="0" Max="1">0</VPID>
            <CardType Min="0" Max="255">255</CardType>
            <ColumnIndex Min="0" Max="15">0</ColumnIndex>
            <RowIndex Min="0" Max="15">0</RowIndex>
            <ConnectorIndex Min="0" Max="3">0</ConnectorIndex>
            <SlotIndex Min="0" Max="22">-1</SlotIndex>
            <Error Min="-1000000" Max="1000000">0</Error>
          </ConnMap>
          <ConnMap id="9">
            <InUse Min="0" Max="1">0</InUse>
            <VPID Min="0" Max="1">0</VPID>
            <CardType Min="0" Max="255">255</CardType>
            <ColumnIndex Min="0" Max="15">0</ColumnIndex>
            <RowIndex Min="0" Max="15">0</RowIndex>
            <ConnectorIndex Min="0" Max="3">0</ConnectorIndex>
            <SlotIndex Min="0" Max="22">-1</SlotIndex>
            <Error Min="-1000000" Max="1000000">0</Error>
          </ConnMap>
          <ConnMap id="10">
            <InUse Min="0" Max="1">0</InUse>
            <VPID Min="0" Max="1">0</VPID>
            <CardType Min="0" Max="255">255</CardType>
            <ColumnIndex Min="0" Max="15">0</ColumnIndex>
            <RowIndex Min="0" Max="15">0</RowIndex>
            <ConnectorIndex Min="0" Max="3">0</ConnectorIndex>
            <SlotIndex Min="0" Max="22">-1</SlotIndex>
            <Error Min="-1000000" Max="1000000">0</Error>
          </ConnMap>
          <ConnMap id="11">
            <InUse Min="0" Max="1">0</InUse>
            <VPID Min="0" Max="1">0</VPID>
            <CardType Min="0" Max="255">255</CardType>
            <ColumnIndex Min="0" Max="15">0</ColumnIndex>
            <RowIndex Min="0" Max="15">0</RowIndex>
            <ConnectorIndex Min="0" Max="3">0</ConnectorIndex>
            <SlotIndex Min="0" Max="22">-1</SlotIndex>
            <Error Min="-1000000" Max="1000000">0</Error>
          </ConnMap>
          <ConnMap id="12">
            <InUse Min="0" Max="1">0</InUse>
            <VPID Min="0" Max="1">0</VPID>
            <CardType Min="0" Max="255">255</CardType>
            <ColumnIndex Min="0" Max="15">0</ColumnIndex>
            <RowIndex Min="0" Max="15">0</RowIndex>
            <ConnectorIndex Min="0" Max="3">0</ConnectorIndex>
            <SlotIndex Min="0" Max="22">-1</SlotIndex>
            <Error Min="-1000000" Max="1000000">0</Error>
          </ConnMap>
          <ConnMap id="13">
            <InUse Min="0" Max="1">0</InUse>
            <VPID Min="0" Max="1">0</VPID>
            <CardType Min="0" Max="255">255</CardType>
            <ColumnIndex Min="0" Max="15">0</ColumnIndex>
            <RowIndex Min="0" Max="15">0</RowIndex>
            <ConnectorIndex Min="0" Max="3">0</ConnectorIndex>
            <SlotIndex Min="0" Max="22">-1</SlotIndex>
            <Error Min="-1000000" Max="1000000">0</Error>
          </ConnMap>
          <ConnMap id="14">
            <InUse Min="0" Max="1">0</InUse>
            <VPID Min="0" Max="1">0</VPID>
            <CardType Min="0" Max="255">255</CardType>
            <ColumnIndex Min="0" Max="15">0</ColumnIndex>
            <RowIndex Min="0" Max="15">0</RowIndex>
            <ConnectorIndex Min="0" Max="3">0</ConnectorIndex>
            <SlotIndex Min="0" Max="22">-1</SlotIndex>
            <Error Min="-1000000" Max="1000000">0</Error>
          </ConnMap>
          <ConnMap id="15">
            <InUse Min="0" Max="1">0</InUse>
            <VPID Min="0" Max="1">0</VPID>
            <CardType Min="0" Max="255">255</CardType>
            <ColumnIndex Min="0" Max="15">0</ColumnIndex>
            <RowIndex Min="0" Max="15">0</RowIndex>
            <ConnectorIndex Min="0" Max="3">0</ConnectorIndex>
            <SlotIndex Min="0" Max="22">-1</SlotIndex>
            <Error Min="-1000000" Max="1000000">0</Error>
          </ConnMap>
          <VideoFormat id="0">
            <Name>1920x1080p @60.00</Name>
            <HFreq>67501</HFreq>
            <HSync Min="1" Max="192">1</HSync>
            <HActive Min="0" Max="2008">1920</HActive>
            <HFP Min="0" Max="192">88</HFP>
            <HTotal Min="2112" Max="8191">2200</HTotal>
            <VFreq Min="20" Max="75">60.0009</VFreq>
            <VSync Min="1" Max="41">1</VSync>
            <VActive Min="0" Max="1084">1080</VActive>
            <VFP Min="0" Max="40">4</VFP>
            <VTotal Min="1121" Max="8191">1125</VTotal>
            <PixelClk>148.502</PixelClk>
            <HSP Min="78" Max="80">80</HSP>
            <VSP Min="78" Max="80">80</VSP>
            <AR Min="0" Max="1000">1.77778</AR>
            <Interlaced>80</Interlaced>
            <VFType Min="0" Max="0">8</VFType>
            <VFEnum Min="0" Max="4700">2709</VFEnum>
            <VFStdFrom Min="0" Max="4">0</VFStdFrom>
            <VFStdNum>0</VFStdNum>
          </VideoFormat>
        </Config>
        <VideoColor id="0">
          <Hue Min="-90" Max="90">0</Hue>
          <Sat Min="0" Max="150">100</Sat>
          <Bright Min="50" Max="150">100</Bright>
          <BrightR Min="25" Max="150">100</BrightR>
          <BrightG Min="25" Max="150">100</BrightG>
          <BrightB Min="25" Max="150">100</BrightB>
          <Contr Min="50" Max="150">100</Contr>
          <ContrR Min="25" Max="150">100</ContrR>
          <ContrG Min="25" Max="150">100</ContrG>
          <ContrB Min="25" Max="150">100</ContrB>
          <Invert Min="0" Max="1">0</Invert>
          <Gamma Min="0.3" Max="3.3">1</Gamma>
          <ColorSpace LegalValues="0 1">0</ColorSpace>
          <ColorRange LegalValues="0 1">0</ColorRange>
          <Mono Min="0" Max="1">0</Mono>
        </VideoColor>
      </InputCfg>
      <InputCfg id="1">
        <InputCfgType Min="0" Max="1">0</InputCfgType>
        <SyncInvertS3D LegalValues="0 1">0</SyncInvertS3D>
        <Mode3D LegalValues="0 1">0</Mode3D>
        <In3DSync LegalValues="0 1 2 3">0</In3DSync>
        <Eye3D LegalValues="0 1">0</Eye3D>
        <InputCfgInputNameId Min="0" Max="128">1</InputCfgInputNameId>
        <Name>DVI 1</Name>
        <AutoAcqMode Min="0" Max="1">1</AutoAcqMode>
        <Motion Min="0" Max="15">15</Motion>
        <Type3G LegalValues="0 1 2 3">2</Type3G>
        <InputCfgVideoStatus Min="0" Max="4">1</InputCfgVideoStatus>
        <FrzMode Min="0" Max="1">0</FrzMode>
        <Config id="0">
          <Name>Config0</Name>
          <Owner/>
          <Contact>tally=2</Contact>
          <HDimension Min="0" Max="16">0</HDimension>
          <VDimension Min="0" Max="16">0</VDimension>
          <ConnMapOrient LegalValues="0 1 2">0</ConnMapOrient>
          <ConfigStatus Min="0" Max="5">1</ConfigStatus>
          <ConnMap id="0">
            <InUse Min="0" Max="1">1</InUse>
            <VPID Min="0" Max="1">0</VPID>
            <CardType Min="0" Max="255">0</CardType>
            <ColumnIndex Min="0" Max="15">0</ColumnIndex>
            <RowIndex Min="0" Max="15">0</RowIndex>
            <ConnectorIndex Min="0" Max="3">0</ConnectorIndex>
            <SlotIndex Min="0" Max="22">4</SlotIndex>
            <Error Min="-1000000" Max="1000000">0</Error>
          </ConnMap>
          <ConnMap id="1">
            <InUse Min="0" Max="1">0</InUse>
            <VPID Min="0" Max="1">0</VPID>
            <CardType Min="0" Max="255">255</CardType>
            <ColumnIndex Min="0" Max="15">0</ColumnIndex>
            <RowIndex Min="0" Max="15">0</RowIndex>
            <ConnectorIndex Min="0" Max="3">0</ConnectorIndex>
            <SlotIndex Min="0" Max="22">-1</SlotIndex>
            <Error Min="-1000000" Max="1000000">0</Error>
          </ConnMap>
          <ConnMap id="2">
            <InUse Min="0" Max="1">0</InUse>
            <VPID Min="0" Max="1">0</VPID>
            <CardType Min="0" Max="255">255</CardType>
            <ColumnIndex Min="0" Max="15">0</ColumnIndex>
            <RowIndex Min="0" Max="15">0</RowIndex>
            <ConnectorIndex Min="0" Max="3">0</ConnectorIndex>
            <SlotIndex Min="0" Max="22">-1</SlotIndex>
            <Error Min="-1000000" Max="1000000">0</Error>
          </ConnMap>
          <ConnMap id="3">
            <InUse Min="0" Max="1">0</InUse>
            <VPID Min="0" Max="1">0</VPID>
            <CardType Min="0" Max="255">255</CardType>
            <ColumnIndex Min="0" Max="15">0</ColumnIndex>
            <RowIndex Min="0" Max="15">0</RowIndex>
            <ConnectorIndex Min="0" Max="3">0</ConnectorIndex>
            <SlotIndex Min="0" Max="22">-1</SlotIndex>
            <Error Min="-1000000" Max="1000000">0</Error>
          </ConnMap>
          <ConnMap id="4">
            <InUse Min="0" Max="1">0</InUse>
            <VPID Min="0" Max="1">0</VPID>
            <CardType Min="0" Max="255">255</CardType>
            <ColumnIndex Min="0" Max="15">0</ColumnIndex>
            <RowIndex Min="0" Max="15">0</RowIndex>
            <ConnectorIndex Min="0" Max="3">0</ConnectorIndex>
            <SlotIndex Min="0" Max="22">-1</SlotIndex>
            <Error Min="-1000000" Max="1000000">0</Error>
          </ConnMap>
          <ConnMap id="5">
            <InUse Min="0" Max="1">0</InUse>
            <VPID Min="0" Max="1">0</VPID>
            <CardType Min="0" Max="255">255</CardType>
            <ColumnIndex Min="0" Max="15">0</ColumnIndex>
            <RowIndex Min="0" Max="15">0</RowIndex>
            <ConnectorIndex Min="0" Max="3">0</ConnectorIndex>
            <SlotIndex Min="0" Max="22">-1</SlotIndex>
            <Error Min="-1000000" Max="1000000">0</Error>
          </ConnMap>
          <ConnMap id="6">
            <InUse Min="0" Max="1">0</InUse>
            <VPID Min="0" Max="1">0</VPID>
            <CardType Min="0" Max="255">255</CardType>
            <ColumnIndex Min="0" Max="15">0</ColumnIndex>
            <RowIndex Min="0" Max="15">0</RowIndex>
            <ConnectorIndex Min="0" Max="3">0</ConnectorIndex>
            <SlotIndex Min="0" Max="22">-1</SlotIndex>
            <Error Min="-1000000" Max="1000000">0</Error>
          </ConnMap>
          <ConnMap id="7">
            <InUse Min="0" Max="1">0</InUse>
            <VPID Min="0" Max="1">0</VPID>
            <CardType Min="0" Max="255">255</CardType>
            <ColumnIndex Min="0" Max="15">0</ColumnIndex>
            <RowIndex Min="0" Max="15">0</RowIndex>
            <ConnectorIndex Min="0" Max="3">0</ConnectorIndex>
            <SlotIndex Min="0" Max="22">-1</SlotIndex>
            <Error Min="-1000000" Max="1000000">0</Error>
          </ConnMap>
          <ConnMap id="8">
            <InUse Min="0" Max="1">0</InUse>
            <VPID Min="0" Max="1">0</VPID>
            <CardType Min="0" Max="255">255</CardType>
            <ColumnIndex Min="0" Max="15">0</ColumnIndex>
            <RowIndex Min="0" Max="15">0</RowIndex>
            <ConnectorIndex Min="0" Max="3">0</ConnectorIndex>
            <SlotIndex Min="0" Max="22">-1</SlotIndex>
            <Error Min="-1000000" Max="1000000">0</Error>
          </ConnMap>
          <ConnMap id="9">
            <InUse Min="0" Max="1">0</InUse>
            <VPID Min="0" Max="1">0</VPID>
            <CardType Min="0" Max="255">255</CardType>
            <ColumnIndex Min="0" Max="15">0</ColumnIndex>
            <RowIndex Min="0" Max="15">0</RowIndex>
            <ConnectorIndex Min="0" Max="3">0</ConnectorIndex>
            <SlotIndex Min="0" Max="22">-1</SlotIndex>
            <Error Min="-1000000" Max="1000000">0</Error>
          </ConnMap>
          <ConnMap id="10">
            <InUse Min="0" Max="1">0</InUse>
            <VPID Min="0" Max="1">0</VPID>
            <CardType Min="0" Max="255">255</CardType>
            <ColumnIndex Min="0" Max="15">0</ColumnIndex>
            <RowIndex Min="0" Max="15">0</RowIndex>
            <ConnectorIndex Min="0" Max="3">0</ConnectorIndex>
            <SlotIndex Min="0" Max="22">-1</SlotIndex>
            <Error Min="-1000000" Max="1000000">0</Error>
          </ConnMap>
          <ConnMap id="11">
            <InUse Min="0" Max="1">0</InUse>
            <VPID Min="0" Max="1">0</VPID>
            <CardType Min="0" Max="255">255</CardType>
            <ColumnIndex Min="0" Max="15">0</ColumnIndex>
            <RowIndex Min="0" Max="15">0</RowIndex>
            <ConnectorIndex Min="0" Max="3">0</ConnectorIndex>
            <SlotIndex Min="0" Max="22">-1</SlotIndex>
            <Error Min="-1000000" Max="1000000">0</Error>
          </ConnMap>
          <ConnMap id="12">
            <InUse Min="0" Max="1">0</InUse>
            <VPID Min="0" Max="1">0</VPID>
            <CardType Min="0" Max="255">255</CardType>
            <ColumnIndex Min="0" Max="15">0</ColumnIndex>
            <RowIndex Min="0" Max="15">0</RowIndex>
            <ConnectorIndex Min="0" Max="3">0</ConnectorIndex>
            <SlotIndex Min="0" Max="22">-1</SlotIndex>
            <Error Min="-1000000" Max="1000000">0</Error>
          </ConnMap>
          <ConnMap id="13">
            <InUse Min="0" Max="1">0</InUse>
            <VPID Min="0" Max="1">0</VPID>
            <CardType Min="0" Max="255">255</CardType>
            <ColumnIndex Min="0" Max="15">0</ColumnIndex>
            <RowIndex Min="0" Max="15">0</RowIndex>
            <ConnectorIndex Min="0" Max="3">0</ConnectorIndex>
            <SlotIndex Min="0" Max="22">-1</SlotIndex>
            <Error Min="-1000000" Max="1000000">0</Error>
          </ConnMap>
          <ConnMap id="14">
            <InUse Min="0" Max="1">0</InUse>
            <VPID Min="0" Max="1">0</VPID>
            <CardType Min="0" Max="255">255</CardType>
            <ColumnIndex Min="0" Max="15">0</ColumnIndex>
            <RowIndex Min="0" Max="15">0</RowIndex>
            <ConnectorIndex Min="0" Max="3">0</ConnectorIndex>
            <SlotIndex Min="0" Max="22">-1</SlotIndex>
            <Error Min="-1000000" Max="1000000">0</Error>
          </ConnMap>
          <ConnMap id="15">
            <InUse Min="0" Max="1">0</InUse>
            <VPID Min="0" Max="1">0</VPID>
            <CardType Min="0" Max="255">255</CardType>
            <ColumnIndex Min="0" Max="15">0</ColumnIndex>
            <RowIndex Min="0" Max="15">0</RowIndex>
            <ConnectorIndex Min="0" Max="3">0</ConnectorIndex>
            <SlotIndex Min="0" Max="22">-1</SlotIndex>
            <Error Min="-1000000" Max="1000000">0</Error>
          </ConnMap>
          <VideoFormat id="0">
            <Name>1920x1080p @50.00</Name>
            <HFreq>56252</HFreq>
            <HSync Min="1" Max="192">44</HSync>
            <HActive Min="0" Max="2008">1920</HActive>
            <HFP Min="0" Max="192">529</HFP>
            <HTotal Min="2112" Max="8191">2640</HTotal>
            <VFreq Min="20" Max="75">50.0018</VFreq>
            <VSync Min="1" Max="41">10</VSync>
            <VActive Min="0" Max="1084">1080</VActive>
            <VFP Min="0" Max="40">4</VFP>
            <VTotal Min="1121" Max="8191">1125</VTotal>
            <PixelClk>148.505</PixelClk>
            <HSP Min="78" Max="80">80</HSP>
            <VSP Min="78" Max="80">80</VSP>
            <AR Min="0" Max="1000">1.77778</AR>
            <Interlaced>80</Interlaced>
            <VFType Min="0" Max="0">8</VFType>
            <VFEnum Min="0" Max="4700">2706</VFEnum>
            <VFStdFrom Min="0" Max="4">0</VFStdFrom>
            <VFStdNum>0</VFStdNum>
          </VideoFormat>
        </Config>
        <VideoColor id="0">
          <Hue Min="-90" Max="90">0</Hue>
          <Sat Min="0" Max="150">100</Sat>
          <Bright Min="50" Max="150">100</Bright>
          <BrightR Min="25" Max="150">100</BrightR>
          <BrightG Min="25" Max="150">100</BrightG>
          <BrightB Min="25" Max="150">100</BrightB>
          <Contr Min="50" Max="150">100</Contr>
          <ContrR Min="25" Max="150">100</ContrR>
          <ContrG Min="25" Max="150">100</ContrG>
          <ContrB Min="25" Max="150">100</ContrB>
          <Invert Min="0" Max="1">0</Invert>
          <Gamma Min="0.3" Max="3.3">1</Gamma>
          <ColorSpace LegalValues="0">0</ColorSpace>
          <ColorRange LegalValues="0 1">0</ColorRange>
          <Mono Min="0" Max="1">0</Mono>
        </VideoColor>
      </InputCfg>
    </InputCfgCol>
  </SrcMgr>
  <DestMgr id="0">
    <ScreenDestCol id="0">
      <ScreenDest id="0">
        <IsActive LegalValues="0 1">1</IsActive>
        <FrameType Min="0" Max="1">0</FrameType>
        <CanvasOpMode Min="0" Max="1">0</CanvasOpMode>
        <CurrBGLyr Min="0" Max="1">0</CurrBGLyr>
        <Name>ScreenDest1</Name>
        <ToggleMode Min="0" Max="1">0</ToggleMode>
        <Live Min="0" Max="1">0</Live>
        <LockProgram Min="0" Max="1">1</LockProgram>
        <HdcpMode Min="0" Max="1">0</HdcpMode>
        <CanvasMode LegalValues="0 1">0</CanvasMode>
        <CanvasInCfg Min="-1" Max="127">-1</CanvasInCfg>
        <HSize Min="0" Max="32767">1680</HSize>
        <VSize Min="0" Max="32767">1050</VSize>
        <HDimension Min="0" Max="24">1</HDimension>
        <VDimension Min="0" Max="16">1</VDimension>
        <AvlSclr Min="0" Max="63">0</AvlSclr>
        <BGLyr id="0">
          <LastBGSourceIndex Min="-1" Max="255">-1</LastBGSourceIndex>
          <BGShowMatte Min="0" Max="1">1</BGShowMatte>
          <Name>Empty</Name>
          <BGColor id="0">
            <Red Min="0" Max="1023">0</Red>
            <Green Min="0" Max="1023">0</Green>
            <Blue Min="0" Max="1023">0</Blue>
          </BGColor>
        </BGLyr>
        <BGLyr id="1">
          <LastBGSourceIndex Min="-1" Max="255">-1</LastBGSourceIndex>
          <BGShowMatte Min="0" Max="1">1</BGShowMatte>
          <Name>Empty</Name>
          <BGColor id="0">
            <Red Min="0" Max="1023">0</Red>
            <Green Min="0" Max="1023">0</Green>
            <Blue Min="0" Max="1023">0</Blue>
          </BGColor>
        </BGLyr>
        <Transition id="0">
          <TransTime Min="0" Max="1999">30</TransTime>
          <TransPos Min="0" Max="4096">0</TransPos>
          <TransCurve LegalValues="0 1 2 3">1</TransCurve>
          <TransDelay Min="0" Max="1999">0</TransDelay>
          <ArmMode Min="0" Max="1">1</ArmMode>
          <TBarDead Min="0" Max="1">0</TBarDead>
          <AutoTransInProg Min="0" Max="1">0</AutoTransInProg>
          <TransInProg Min="0" Max="1">1</TransInProg>
        </Transition>
        <Transition id="1">
          <TransTime Min="0" Max="1999">30</TransTime>
          <TransPos Min="0" Max="4096">0</TransPos>
          <TransCurve LegalValues="0 1 2 3">1</TransCurve>
          <TransDelay Min="0" Max="1999">0</TransDelay>
          <ArmMode Min="0" Max="1">0</ArmMode>
          <TBarDead Min="0" Max="1">0</TBarDead>
          <AutoTransInProg Min="0" Max="1">0</AutoTransInProg>
          <TransInProg Min="0" Max="1">0</TransInProg>
        </Transition>
        <VideoFormat id="0">
          <Name>1680x1050 @60</Name>
          <HFreq>65290</HFreq>
          <HSync Min="1" Max="456">176</HSync>
          <HActive Min="0" Max="1960">1680</HActive>
          <HFP Min="0" Max="384">104</HFP>
          <HTotal Min="1960" Max="8191">2240</HTotal>
          <VFreq Min="20" Max="75">59.954</VFreq>
          <VSync Min="1" Max="36">6</VSync>
          <VActive Min="0" Max="1080">1050</VActive>
          <VFP Min="0" Max="33">3</VFP>
          <VTotal Min="1059" Max="8191">1089</VTotal>
          <PixelClk>146.25</PixelClk>
          <HSP Min="78" Max="80">78</HSP>
          <VSP Min="78" Max="80">80</VSP>
          <AR Min="0" Max="1000">1.6</AR>
          <Interlaced>80</Interlaced>
          <VFType Min="0" Max="0">16</VFType>
          <VFEnum Min="0" Max="4700">2400</VFEnum>
          <VFStdFrom Min="0" Max="4">1</VFStdFrom>
          <VFStdNum>0</VFStdNum>
        </VideoFormat>
        <DestOutMapCol id="0">
          <DestOutMap id="0">
            <OutCfgIndex Min="-1" Max="127">0</OutCfgIndex>
            <CanvasIndex Min="0" Max="1">0</CanvasIndex>
            <HPos Min="-100000" Max="100000">0</HPos>
            <VPos Min="-100000" Max="100000">0</VPos>
            <Group Min="0" Max="1">0</Group>
            <FrzMode Min="0" Max="1">0</FrzMode>
            <Error Min="-1000000" Max="1000000">0</Error>
          </DestOutMap>
        </DestOutMapCol>
        <LayerCollection id="0">
          <Layer id="0">
            <PgmMode Min="0" Max="1">1</PgmMode>
            <PvwMode Min="0" Max="1">0</PvwMode>
            <SrcSwitch Min="0" Max="1">1</SrcSwitch>
            <IsActive LegalValues="0 1">0</IsActive>
            <PgmZOrder Min="0" Max="127">0</PgmZOrder>
            <PvwZOrder Min="0" Max="127">0</PvwZOrder>
            <Eye3D LegalValues="0 1">0</Eye3D>
            <LastSrcIdx Min="-1" Max="255">0</LastSrcIdx>
            <LastUserKeyIdx Min="-1" Max="299">0</LastUserKeyIdx>
            <Name>Layer1-A</Name>
            <Capacity LegalValues="1 2 4">1</Capacity>
            <Error Min="-1000000" Max="1000000">0</Error>
            <LayerCfg id="0">
              <LayerMode LegalValues="0 1">1</LayerMode>
              <NumOfStates Min="0" Max="2">1</NumOfStates>
              <ActiveState Min="0" Max="1">0</ActiveState>
              <UseEfxColor Min="0" Max="1">0</UseEfxColor>
              <FrzMode Min="0" Max="1">0</FrzMode>
              <Source id="0">
                <InputCfgIndex Min="-1" Max="127">0</InputCfgIndex>
                <StillIndex Min="-1" Max="99">-1</StillIndex>
                <UserKeyIndex Min="-1" Max="299">-1</UserKeyIndex>
                <Name>DP 1-1</Name>
                <SrcType Min="0" Max="3">0</SrcType>
                <DestIndex Min="-1" Max="127">-1</DestIndex>
                <AR Min="0" Max="128">1.77778</AR>
                <Error Min="-1000000" Max="1000000">-9399</Error>
                <AOIRect id="0">
                  <HPos Min="0" Max="0">0</HPos>
                  <VPos Min="0" Max="0">0</VPos>
                  <HSize Min="0" Max="1920">1920</HSize>
                  <VSize Min="0" Max="1080">1080</VSize>
                  <AR Min="0" Max="99">1.77778</AR>
                </AOIRect>
                <VideoColor id="0">
                  <Hue Min="-90" Max="90">0</Hue>
                  <Sat Min="0" Max="150">100</Sat>
                  <Bright Min="50" Max="150">100</Bright>
                  <BrightR Min="25" Max="150">100</BrightR>
                  <BrightG Min="25" Max="150">100</BrightG>
                  <BrightB Min="25" Max="150">100</BrightB>
                  <Contr Min="50" Max="150">100</Contr>
                  <ContrR Min="25" Max="150">100</ContrR>
                  <ContrG Min="25" Max="150">100</ContrG>
                  <ContrB Min="25" Max="150">100</ContrB>
                  <Invert Min="0" Max="1">0</Invert>
                  <Gamma Min="0.3" Max="3.3">1</Gamma>
                  <ColorSpace LegalValues="0 1">1</ColorSpace>
                  <ColorRange LegalValues="0 1">0</ColorRange>
                  <Mono Min="0" Max="1">0</Mono>
                </VideoColor>
              </Source>
              <LayerState id="0">
                <Mode Min="0" Max="1">0</Mode>
                <Flip LegalValues="0 1 2 3">0</Flip>
                <StrobeInt Min="2" Max="100">2</StrobeInt>
                <Key id="0">
                  <KeyType LegalValues="0 1">0</KeyType>
                  <Clip Min="0" Max="100">50</Clip>
                  <Gain Min="0" Max="100">1</Gain>
                  <Opacity Min="0" Max="100">100</Opacity>
                  <ChromaOp Min="0" Max="100">100</ChromaOp>
                  <HighSupp Min="0" Max="100">0</HighSupp>
                  <Luma Min="0" Max="100">37.5</Luma>
                  <Sat Min="0" Max="100">100</Sat>
                  <SatClip Min="0" Max="100">5</SatClip>
                  <ShadowSupp Min="0" Max="100">0</ShadowSupp>
                  <SpillSupp Min="0" Max="100">0</SpillSupp>
                  <ChromaClip Min="0" Max="90">10</ChromaClip>
                  <ChromaRamp Min="0" Max="180">90</ChromaRamp>
                  <SatGain Min="1" Max="100">5</SatGain>
                  <ColorPickXPos Min="0" Max="32767">0</ColorPickXPos>
                  <ColorPickYPos Min="0" Max="32767">0</ColorPickYPos>
                  <ColorPickOn Min="0" Max="1">0</ColorPickOn>
                  <Hue Min="0" Max="360">0</Hue>
                  <FillType LegalValues="0 1 2">0</FillType>
                  <Color id="0">
                    <Red Min="0" Max="1023">0</Red>
                    <Green Min="0" Max="1023">0</Green>
                    <Blue Min="0" Max="1023">0</Blue>
                  </Color>
                </Key>
                <PIP id="0">
                  <Border id="0">
                    <UnitType Min="0" Max="1">0</UnitType>
                    <BrdrPixel Min="0" Max="512">50</BrdrPixel>
                    <BrdrPercent Min="0" Max="50">4.7619</BrdrPercent>
                    <BrdrTyp LegalValues="0 1 2 3 4 5">0</BrdrTyp>
                    <Color id="0">
                      <Red Min="0" Max="1023">800</Red>
                      <Green Min="0" Max="1023">800</Green>
                      <Blue Min="0" Max="1023">800</Blue>
                    </Color>
                  </Border>
                  <Shadow id="0">
                    <Mode Min="0" Max="1">0</Mode>
                    <Opacity Min="0" Max="1">0.5</Opacity>
                    <EdgeWidth Min="0" Max="512">30</EdgeWidth>
                    <Rect id="0">
                      <HPos Min="-32767" Max="32767">5</HPos>
                      <VPos Min="-32767" Max="32767">5</VPos>
                      <HSize Min="0" Max="32767">100</HSize>
                      <VSize Min="0" Max="32767">100</VSize>
                      <AR Min="0" Max="99">0</AR>
                    </Rect>
                    <Color id="0">
                      <Red Min="0" Max="1023">0</Red>
                      <Green Min="0" Max="1023">0</Green>
                      <Blue Min="0" Max="1023">0</Blue>
                    </Color>
                  </Shadow>
                </PIP>
                <WinAdjust id="0">
                  <IWIN id="0">
                    <HPos Min="0" Max="0">0</HPos>
                    <VPos Min="0" Max="0">0</VPos>
                    <HSize Min="0" Max="1920">1920</HSize>
                    <VSize Min="0" Max="1080">1080</VSize>
                    <AR Min="0" Max="99">0</AR>
                  </IWIN>
                  <Mask id="0">
                    <Left Min="0" Max="100">0</Left>
                    <Right Min="0" Max="100">0</Right>
                    <Top Min="0" Max="100">0</Top>
                    <Bottom Min="0" Max="100">0</Bottom>
                  </Mask>
                  <OWIN id="0">
                    <HPos Min="-32767" Max="32767">-93</HPos>
                    <VPos Min="-32767" Max="32767">0</VPos>
                    <HSize Min="0" Max="32767">1867</HSize>
                    <VSize Min="0" Max="32767">1050</VSize>
                    <AR Min="0" Max="99">0</AR>
                  </OWIN>
                  <PostMaskIWIN id="0">
                    <AR Min="0" Max="99">1.77778</AR>
                    <HPos Min="0" Max="0">0</HPos>
                    <VPos Min="0" Max="0">0</VPos>
                    <HSize Min="0" Max="1920">1920</HSize>
                    <VSize Min="0" Max="1080">1080</VSize>
                  </PostMaskIWIN>
                  <PostMaskOWIN id="0">
                    <AR Min="0" Max="99">1.7781</AR>
                    <HPos Min="-32767" Max="32767">-93</HPos>
                    <VPos Min="-32767" Max="32767">0</VPos>
                    <HSize Min="0" Max="32767">1867</HSize>
                    <VSize Min="0" Max="32767">1050</VSize>
                  </PostMaskOWIN>
                </WinAdjust>
                <VideoColor id="0">
                  <Hue Min="-180" Max="180">0</Hue>
                  <Sat Min="0" Max="200">100</Sat>
                  <Bright Min="0" Max="200">100</Bright>
                  <BrightR Min="0" Max="200">100</BrightR>
                  <BrightG Min="0" Max="200">100</BrightG>
                  <BrightB Min="0" Max="200">100</BrightB>
                  <Contr Min="0" Max="200">100</Contr>
                  <ContrR Min="0" Max="200">100</ContrR>
                  <ContrG Min="0" Max="200">100</ContrG>
                  <ContrB Min="0" Max="200">100</ContrB>
                  <Invert Min="0" Max="1">0</Invert>
                  <Gamma Min="0.3" Max="3.3">1</Gamma>
                  <ColorSpace LegalValues="0 1">1</ColorSpace>
                  <ColorRange LegalValues="0 1">0</ColorRange>
                  <Mono Min="0" Max="1">0</Mono>
                </VideoColor>
              </LayerState>
              <LayerState id="1">
                <Mode Min="0" Max="1">0</Mode>
                <Flip LegalValues="0 1 2 3">0</Flip>
                <StrobeInt Min="2" Max="100">2</StrobeInt>
                <Key id="0">
                  <KeyType LegalValues="0 1">0</KeyType>
                  <Clip Min="0" Max="100">50</Clip>
                  <Gain Min="0" Max="100">1</Gain>
                  <Opacity Min="0" Max="100">100</Opacity>
                  <ChromaOp Min="0" Max="100">100</ChromaOp>
                  <HighSupp Min="0" Max="100">0</HighSupp>
                  <Luma Min="0" Max="100">37.5</Luma>
                  <Sat Min="0" Max="100">100</Sat>
                  <SatClip Min="0" Max="100">5</SatClip>
                  <ShadowSupp Min="0" Max="100">0</ShadowSupp>
                  <SpillSupp Min="0" Max="100">0</SpillSupp>
                  <ChromaClip Min="0" Max="90">10</ChromaClip>
                  <ChromaRamp Min="0" Max="180">90</ChromaRamp>
                  <SatGain Min="1" Max="100">5</SatGain>
                  <ColorPickXPos Min="0" Max="32767">0</ColorPickXPos>
                  <ColorPickYPos Min="0" Max="32767">0</ColorPickYPos>
                  <ColorPickOn Min="0" Max="1">0</ColorPickOn>
                  <Hue Min="0" Max="360">0</Hue>
                  <FillType LegalValues="0 1 2">0</FillType>
                  <Color id="0">
                    <Red Min="0" Max="1023">0</Red>
                    <Green Min="0" Max="1023">0</Green>
                    <Blue Min="0" Max="1023">0</Blue>
                  </Color>
                </Key>
                <PIP id="0">
                  <Border id="0">
                    <UnitType Min="0" Max="1">0</UnitType>
                    <BrdrPixel Min="0" Max="512">50</BrdrPixel>
                    <BrdrPercent Min="0" Max="50">10</BrdrPercent>
                    <BrdrTyp LegalValues="0 1 2 3 4 5">0</BrdrTyp>
                    <Color id="0">
                      <Red Min="0" Max="1023">800</Red>
                      <Green Min="0" Max="1023">800</Green>
                      <Blue Min="0" Max="1023">800</Blue>
                    </Color>
                  </Border>
                  <Shadow id="0">
                    <Mode Min="0" Max="1">0</Mode>
                    <Opacity Min="0" Max="1">0.5</Opacity>
                    <EdgeWidth Min="0" Max="512">30</EdgeWidth>
                    <Rect id="0">
                      <HPos Min="-32767" Max="32767">5</HPos>
                      <VPos Min="-32767" Max="32767">5</VPos>
                      <HSize Min="0" Max="32767">100</HSize>
                      <VSize Min="0" Max="32767">100</VSize>
                      <AR Min="0" Max="99">0</AR>
                    </Rect>
                    <Color id="0">
                      <Red Min="0" Max="1023">0</Red>
                      <Green Min="0" Max="1023">0</Green>
                      <Blue Min="0" Max="1023">0</Blue>
                    </Color>
                  </Shadow>
                </PIP>
                <WinAdjust id="0">
                  <IWIN id="0">
                    <HPos Min="0" Max="0">0</HPos>
                    <VPos Min="0" Max="0">0</VPos>
                    <HSize Min="0" Max="1920">1920</HSize>
                    <VSize Min="0" Max="1080">1080</VSize>
                    <AR Min="0" Max="99">0</AR>
                  </IWIN>
                  <Mask id="0">
                    <Left Min="0" Max="100">0</Left>
                    <Right Min="0" Max="100">0</Right>
                    <Top Min="0" Max="100">0</Top>
                    <Bottom Min="0" Max="100">0</Bottom>
                  </Mask>
                  <OWIN id="0">
                    <HPos Min="-32767" Max="32767">-194</HPos>
                    <VPos Min="-32767" Max="32767">0</VPos>
                    <HSize Min="0" Max="32767">889</HSize>
                    <VSize Min="0" Max="32767">500</VSize>
                    <AR Min="0" Max="99">0</AR>
                  </OWIN>
                  <PostMaskIWIN id="0">
                    <AR Min="0" Max="99">1.77778</AR>
                    <HPos Min="0" Max="0">0</HPos>
                    <VPos Min="0" Max="0">0</VPos>
                    <HSize Min="0" Max="1920">1920</HSize>
                    <VSize Min="0" Max="1080">1080</VSize>
                  </PostMaskIWIN>
                  <PostMaskOWIN id="0">
                    <AR Min="0" Max="99">1.778</AR>
                    <HPos Min="-32767" Max="32767">-194</HPos>
                    <VPos Min="-32767" Max="32767">0</VPos>
                    <HSize Min="0" Max="32767">889</HSize>
                    <VSize Min="0" Max="32767">500</VSize>
                  </PostMaskOWIN>
                </WinAdjust>
                <VideoColor id="0">
                  <Hue Min="-180" Max="180">0</Hue>
                  <Sat Min="0" Max="200">100</Sat>
                  <Bright Min="0" Max="200">100</Bright>
                  <BrightR Min="0" Max="200">100</BrightR>
                  <BrightG Min="0" Max="200">100</BrightG>
                  <BrightB Min="0" Max="200">100</BrightB>
                  <Contr Min="0" Max="200">100</Contr>
                  <ContrR Min="0" Max="200">100</ContrR>
                  <ContrG Min="0" Max="200">100</ContrG>
                  <ContrB Min="0" Max="200">100</ContrB>
                  <Invert Min="0" Max="1">0</Invert>
                  <Gamma Min="0.3" Max="3.3">1</Gamma>
                  <ColorSpace LegalValues="0 1">1</ColorSpace>
                  <ColorRange LegalValues="0 1">0</ColorRange>
                  <Mono Min="0" Max="1">0</Mono>
                </VideoColor>
              </LayerState>
              <Transition id="0">
                <TransTime Min="0" Max="1999">30</TransTime>
                <TransPos Min="0" Max="4096">0</TransPos>
                <TransCurve LegalValues="0 1 2 3">1</TransCurve>
                <TransDelay Min="0" Max="1999">0</TransDelay>
                <ArmMode Min="0" Max="1">0</ArmMode>
                <TBarDead Min="0" Max="1">0</TBarDead>
                <AutoTransInProg Min="0" Max="1">0</AutoTransInProg>
                <TransInProg Min="0" Max="1">0</TransInProg>
              </Transition>
              <Transition id="1">
                <TransTime Min="0" Max="1999">30</TransTime>
                <TransPos Min="0" Max="4096">0</TransPos>
                <TransCurve LegalValues="0 1 2 3">1</TransCurve>
                <TransDelay Min="0" Max="1999">0</TransDelay>
                <ArmMode Min="0" Max="1">0</ArmMode>
                <TBarDead Min="0" Max="1">0</TBarDead>
                <AutoTransInProg Min="0" Max="1">0</AutoTransInProg>
                <TransInProg Min="0" Max="1">0</TransInProg>
              </Transition>
            </LayerCfg>
          </Layer>
          <Layer id="1">
            <PgmMode Min="0" Max="1">0</PgmMode>
            <PvwMode Min="0" Max="1">1</PvwMode>
            <SrcSwitch Min="0" Max="1">1</SrcSwitch>
            <IsActive LegalValues="0 1">0</IsActive>
            <PgmZOrder Min="0" Max="127">0</PgmZOrder>
            <PvwZOrder Min="0" Max="127">0</PvwZOrder>
            <Eye3D LegalValues="0 1">0</Eye3D>
            <LastSrcIdx Min="-1" Max="255">2</LastSrcIdx>
            <LastUserKeyIdx Min="-1" Max="299">0</LastUserKeyIdx>
            <Name>Layer1-B</Name>
            <Capacity LegalValues="1 2 4">1</Capacity>
            <Error Min="-1000000" Max="1000000">0</Error>
            <LayerCfg id="0">
              <LayerMode LegalValues="0 1">1</LayerMode>
              <NumOfStates Min="0" Max="2">1</NumOfStates>
              <ActiveState Min="0" Max="1">0</ActiveState>
              <UseEfxColor Min="0" Max="1">0</UseEfxColor>
              <FrzMode Min="0" Max="1">0</FrzMode>
              <Source id="0">
                <InputCfgIndex Min="-1" Max="127">1</InputCfgIndex>
                <StillIndex Min="-1" Max="99">-1</StillIndex>
                <UserKeyIndex Min="-1" Max="299">-1</UserKeyIndex>
                <Name>DVI 1-3</Name>
                <SrcType Min="0" Max="3">0</SrcType>
                <DestIndex Min="-1" Max="127">-1</DestIndex>
                <AR Min="0" Max="128">1.77778</AR>
                <Error Min="-1000000" Max="1000000">-9399</Error>
                <AOIRect id="0">
                  <HPos Min="0" Max="0">0</HPos>
                  <VPos Min="0" Max="0">0</VPos>
                  <HSize Min="0" Max="1920">1920</HSize>
                  <VSize Min="0" Max="1080">1080</VSize>
                  <AR Min="0" Max="99">1.77778</AR>
                </AOIRect>
                <VideoColor id="0">
                  <Hue Min="-90" Max="90">0</Hue>
                  <Sat Min="0" Max="150">100</Sat>
                  <Bright Min="50" Max="150">100</Bright>
                  <BrightR Min="25" Max="150">100</BrightR>
                  <BrightG Min="25" Max="150">100</BrightG>
                  <BrightB Min="25" Max="150">100</BrightB>
                  <Contr Min="50" Max="150">100</Contr>
                  <ContrR Min="25" Max="150">100</ContrR>
                  <ContrG Min="25" Max="150">100</ContrG>
                  <ContrB Min="25" Max="150">100</ContrB>
                  <Invert Min="0" Max="1">0</Invert>
                  <Gamma Min="0.3" Max="3.3">1</Gamma>
                  <ColorSpace LegalValues="0 1">1</ColorSpace>
                  <ColorRange LegalValues="0 1">0</ColorRange>
                  <Mono Min="0" Max="1">0</Mono>
                </VideoColor>
              </Source>
              <LayerState id="0">
                <Mode Min="0" Max="1">0</Mode>
                <Flip LegalValues="0 1 2 3">0</Flip>
                <StrobeInt Min="2" Max="100">2</StrobeInt>
                <Key id="0">
                  <KeyType LegalValues="0 1">0</KeyType>
                  <Clip Min="0" Max="100">50</Clip>
                  <Gain Min="0" Max="100">1</Gain>
                  <Opacity Min="0" Max="100">100</Opacity>
                  <ChromaOp Min="0" Max="100">100</ChromaOp>
                  <HighSupp Min="0" Max="100">0</HighSupp>
                  <Luma Min="0" Max="100">37.5</Luma>
                  <Sat Min="0" Max="100">100</Sat>
                  <SatClip Min="0" Max="100">5</SatClip>
                  <ShadowSupp Min="0" Max="100">0</ShadowSupp>
                  <SpillSupp Min="0" Max="100">0</SpillSupp>
                  <ChromaClip Min="0" Max="90">10</ChromaClip>
                  <ChromaRamp Min="0" Max="180">90</ChromaRamp>
                  <SatGain Min="1" Max="100">5</SatGain>
                  <ColorPickXPos Min="0" Max="32767">0</ColorPickXPos>
                  <ColorPickYPos Min="0" Max="32767">0</ColorPickYPos>
                  <ColorPickOn Min="0" Max="1">0</ColorPickOn>
                  <Hue Min="0" Max="360">0</Hue>
                  <FillType LegalValues="0 1 2">0</FillType>
                  <Color id="0">
                    <Red Min="0" Max="1023">0</Red>
                    <Green Min="0" Max="1023">0</Green>
                    <Blue Min="0" Max="1023">0</Blue>
                  </Color>
                </Key>
                <PIP id="0">
                  <Border id="0">
                    <UnitType Min="0" Max="1">0</UnitType>
                    <BrdrPixel Min="0" Max="512">50</BrdrPixel>
                    <BrdrPercent Min="0" Max="50">4.7619</BrdrPercent>
                    <BrdrTyp LegalValues="0 1 2 3 4 5">0</BrdrTyp>
                    <Color id="0">
                      <Red Min="0" Max="1023">800</Red>
                      <Green Min="0" Max="1023">800</Green>
                      <Blue Min="0" Max="1023">800</Blue>
                    </Color>
                  </Border>
                  <Shadow id="0">
                    <Mode Min="0" Max="1">0</Mode>
                    <Opacity Min="0" Max="1">0.5</Opacity>
                    <EdgeWidth Min="0" Max="512">30</EdgeWidth>
                    <Rect id="0">
                      <HPos Min="-32767" Max="32767">5</HPos>
                      <VPos Min="-32767" Max="32767">5</VPos>
                      <HSize Min="0" Max="32767">100</HSize>
                      <VSize Min="0" Max="32767">100</VSize>
                      <AR Min="0" Max="99">0</AR>
                    </Rect>
                    <Color id="0">
                      <Red Min="0" Max="1023">0</Red>
                      <Green Min="0" Max="1023">0</Green>
                      <Blue Min="0" Max="1023">0</Blue>
                    </Color>
                  </Shadow>
                </PIP>
                <WinAdjust id="0">
                  <IWIN id="0">
                    <HPos Min="0" Max="0">0</HPos>
                    <VPos Min="0" Max="0">0</VPos>
                    <HSize Min="0" Max="1920">1920</HSize>
                    <VSize Min="0" Max="1080">1080</VSize>
                    <AR Min="0" Max="99">0</AR>
                  </IWIN>
                  <Mask id="0">
                    <Left Min="0" Max="100">0</Left>
                    <Right Min="0" Max="100">0</Right>
                    <Top Min="0" Max="100">0</Top>
                    <Bottom Min="0" Max="100">0</Bottom>
                  </Mask>
                  <OWIN id="0">
                    <HPos Min="-32767" Max="32767">-93</HPos>
                    <VPos Min="-32767" Max="32767">0</VPos>
                    <HSize Min="0" Max="32767">1867</HSize>
                    <VSize Min="0" Max="32767">1050</VSize>
                    <AR Min="0" Max="99">0</AR>
                  </OWIN>
                  <PostMaskIWIN id="0">
                    <AR Min="0" Max="99">1.77778</AR>
                    <HPos Min="0" Max="0">0</HPos>
                    <VPos Min="0" Max="0">0</VPos>
                    <HSize Min="0" Max="1920">1920</HSize>
                    <VSize Min="0" Max="1080">1080</VSize>
                  </PostMaskIWIN>
                  <PostMaskOWIN id="0">
                    <AR Min="0" Max="99">1.7781</AR>
                    <HPos Min="-32767" Max="32767">-93</HPos>
                    <VPos Min="-32767" Max="32767">0</VPos>
                    <HSize Min="0" Max="32767">1867</HSize>
                    <VSize Min="0" Max="32767">1050</VSize>
                  </PostMaskOWIN>
                </WinAdjust>
                <VideoColor id="0">
                  <Hue Min="-180" Max="180">0</Hue>
                  <Sat Min="0" Max="200">100</Sat>
                  <Bright Min="0" Max="200">100</Bright>
                  <BrightR Min="0" Max="200">100</BrightR>
                  <BrightG Min="0" Max="200">100</BrightG>
                  <BrightB Min="0" Max="200">100</BrightB>
                  <Contr Min="0" Max="200">100</Contr>
                  <ContrR Min="0" Max="200">100</ContrR>
                  <ContrG Min="0" Max="200">100</ContrG>
                  <ContrB Min="0" Max="200">100</ContrB>
                  <Invert Min="0" Max="1">0</Invert>
                  <Gamma Min="0.3" Max="3.3">1</Gamma>
                  <ColorSpace LegalValues="0 1">1</ColorSpace>
                  <ColorRange LegalValues="0 1">0</ColorRange>
                  <Mono Min="0" Max="1">0</Mono>
                </VideoColor>
              </LayerState>
              <LayerState id="1">
                <Mode Min="0" Max="1">0</Mode>
                <Flip LegalValues="0 1 2 3">0</Flip>
                <StrobeInt Min="2" Max="100">2</StrobeInt>
                <Key id="0">
                  <KeyType LegalValues="0 1">0</KeyType>
                  <Clip Min="0" Max="100">50</Clip>
                  <Gain Min="0" Max="100">1</Gain>
                  <Opacity Min="0" Max="100">100</Opacity>
                  <ChromaOp Min="0" Max="100">100</ChromaOp>
                  <HighSupp Min="0" Max="100">0</HighSupp>
                  <Luma Min="0" Max="100">37.5</Luma>
                  <Sat Min="0" Max="100">100</Sat>
                  <SatClip Min="0" Max="100">5</SatClip>
                  <ShadowSupp Min="0" Max="100">0</ShadowSupp>
                  <SpillSupp Min="0" Max="100">0</SpillSupp>
                  <ChromaClip Min="0" Max="90">10</ChromaClip>
                  <ChromaRamp Min="0" Max="180">90</ChromaRamp>
                  <SatGain Min="1" Max="100">5</SatGain>
                  <ColorPickXPos Min="0" Max="32767">0</ColorPickXPos>
                  <ColorPickYPos Min="0" Max="32767">0</ColorPickYPos>
                  <ColorPickOn Min="0" Max="1">0</ColorPickOn>
                  <Hue Min="0" Max="360">0</Hue>
                  <FillType LegalValues="0 1 2">0</FillType>
                  <Color id="0">
                    <Red Min="0" Max="1023">0</Red>
                    <Green Min="0" Max="1023">0</Green>
                    <Blue Min="0" Max="1023">0</Blue>
                  </Color>
                </Key>
                <PIP id="0">
                  <Border id="0">
                    <UnitType Min="0" Max="1">0</UnitType>
                    <BrdrPixel Min="0" Max="512">50</BrdrPixel>
                    <BrdrPercent Min="0" Max="50">10</BrdrPercent>
                    <BrdrTyp LegalValues="0 1 2 3 4 5">0</BrdrTyp>
                    <Color id="0">
                      <Red Min="0" Max="1023">800</Red>
                      <Green Min="0" Max="1023">800</Green>
                      <Blue Min="0" Max="1023">800</Blue>
                    </Color>
                  </Border>
                  <Shadow id="0">
                    <Mode Min="0" Max="1">0</Mode>
                    <Opacity Min="0" Max="1">0.5</Opacity>
                    <EdgeWidth Min="0" Max="512">30</EdgeWidth>
                    <Rect id="0">
                      <HPos Min="-32767" Max="32767">5</HPos>
                      <VPos Min="-32767" Max="32767">5</VPos>
                      <HSize Min="0" Max="32767">100</HSize>
                      <VSize Min="0" Max="32767">100</VSize>
                      <AR Min="0" Max="99">0</AR>
                    </Rect>
                    <Color id="0">
                      <Red Min="0" Max="1023">0</Red>
                      <Green Min="0" Max="1023">0</Green>
                      <Blue Min="0" Max="1023">0</Blue>
                    </Color>
                  </Shadow>
                </PIP>
                <WinAdjust id="0">
                  <IWIN id="0">
                    <HPos Min="0" Max="0">0</HPos>
                    <VPos Min="0" Max="0">0</VPos>
                    <HSize Min="0" Max="1920">1920</HSize>
                    <VSize Min="0" Max="1080">1080</VSize>
                    <AR Min="0" Max="99">0</AR>
                  </IWIN>
                  <Mask id="0">
                    <Left Min="0" Max="100">0</Left>
                    <Right Min="0" Max="100">0</Right>
                    <Top Min="0" Max="100">0</Top>
                    <Bottom Min="0" Max="100">0</Bottom>
                  </Mask>
                  <OWIN id="0">
                    <HPos Min="-32767" Max="32767">-194</HPos>
                    <VPos Min="-32767" Max="32767">0</VPos>
                    <HSize Min="0" Max="32767">889</HSize>
                    <VSize Min="0" Max="32767">500</VSize>
                    <AR Min="0" Max="99">0</AR>
                  </OWIN>
                  <PostMaskIWIN id="0">
                    <AR Min="0" Max="99">1.77778</AR>
                    <HPos Min="0" Max="0">0</HPos>
                    <VPos Min="0" Max="0">0</VPos>
                    <HSize Min="0" Max="1920">1920</HSize>
                    <VSize Min="0" Max="1080">1080</VSize>
                  </PostMaskIWIN>
                  <PostMaskOWIN id="0">
                    <AR Min="0" Max="99">1.778</AR>
                    <HPos Min="-32767" Max="32767">-194</HPos>
                    <VPos Min="-32767" Max="32767">0</VPos>
                    <HSize Min="0" Max="32767">889</HSize>
                    <VSize Min="0" Max="32767">500</VSize>
                  </PostMaskOWIN>
                </WinAdjust>
                <VideoColor id="0">
                  <Hue Min="-180" Max="180">0</Hue>
                  <Sat Min="0" Max="200">100</Sat>
                  <Bright Min="0" Max="200">100</Bright>
                  <BrightR Min="0" Max="200">100</BrightR>
                  <BrightG Min="0" Max="200">100</BrightG>
                  <BrightB Min="0" Max="200">100</BrightB>
                  <Contr Min="0" Max="200">100</Contr>
                  <ContrR Min="0" Max="200">100</ContrR>
                  <ContrG Min="0" Max="200">100</ContrG>
                  <ContrB Min="0" Max="200">100</ContrB>
                  <Invert Min="0" Max="1">0</Invert>
                  <Gamma Min="0.3" Max="3.3">1</Gamma>
                  <ColorSpace LegalValues="0 1">1</ColorSpace>
                  <ColorRange LegalValues="0 1">0</ColorRange>
                  <Mono Min="0" Max="1">0</Mono>
                </VideoColor>
              </LayerState>
              <Transition id="0">
                <TransTime Min="0" Max="1999">30</TransTime>
                <TransPos Min="0" Max="4096">0</TransPos>
                <TransCurve LegalValues="0 1 2 3">1</TransCurve>
                <TransDelay Min="0" Max="1999">0</TransDelay>
                <ArmMode Min="0" Max="1">0</ArmMode>
                <TBarDead Min="0" Max="1">0</TBarDead>
                <AutoTransInProg Min="0" Max="1">0</AutoTransInProg>
                <TransInProg Min="0" Max="1">0</TransInProg>
              </Transition>
              <Transition id="1">
                <TransTime Min="0" Max="1999">30</TransTime>
                <TransPos Min="0" Max="4096">0</TransPos>
                <TransCurve LegalValues="0 1 2 3">1</TransCurve>
                <TransDelay Min="0" Max="1999">0</TransDelay>
                <ArmMode Min="0" Max="1">0</ArmMode>
                <TBarDead Min="0" Max="1">0</TBarDead>
                <AutoTransInProg Min="0" Max="1">0</AutoTransInProg>
                <TransInProg Min="0" Max="1">0</TransInProg>
              </Transition>
            </LayerCfg>
          </Layer>
          <Layer id="2">
            <PgmMode Min="0" Max="1">0</PgmMode>
            <PvwMode Min="0" Max="1">0</PvwMode>
            <SrcSwitch Min="0" Max="1">1</SrcSwitch>
            <IsActive LegalValues="0 1">0</IsActive>
            <PgmZOrder Min="0" Max="127">2</PgmZOrder>
            <PvwZOrder Min="0" Max="127">2</PvwZOrder>
            <Eye3D LegalValues="0 1">0</Eye3D>
            <LastSrcIdx Min="-1" Max="255">2</LastSrcIdx>
            <LastUserKeyIdx Min="-1" Max="299">-1</LastUserKeyIdx>
            <Name>Layer2-A</Name>
            <Capacity LegalValues="1 2 4">1</Capacity>
            <Error Min="-1000000" Max="1000000">0</Error>
            <LayerCfg id="0">
              <LayerMode LegalValues="0 1">1</LayerMode>
              <NumOfStates Min="0" Max="2">1</NumOfStates>
              <ActiveState Min="0" Max="1">0</ActiveState>
              <UseEfxColor Min="0" Max="1">0</UseEfxColor>
              <FrzMode Min="0" Max="1">0</FrzMode>
              <Source id="0">
                <InputCfgIndex Min="-1" Max="127">1</InputCfgIndex>
                <StillIndex Min="-1" Max="99">-1</StillIndex>
                <UserKeyIndex Min="-1" Max="299">-1</UserKeyIndex>
                <Name>DVI 1-3</Name>
                <SrcType Min="0" Max="3">0</SrcType>
                <DestIndex Min="-1" Max="127">-1</DestIndex>
                <AR Min="0" Max="128">1.77778</AR>
                <Error Min="-1000000" Max="1000000">-9399</Error>
                <AOIRect id="0">
                  <HPos Min="0" Max="0">0</HPos>
                  <VPos Min="0" Max="0">0</VPos>
                  <HSize Min="0" Max="1920">1920</HSize>
                  <VSize Min="0" Max="1080">1080</VSize>
                  <AR Min="0" Max="99">1.77778</AR>
                </AOIRect>
                <VideoColor id="0">
                  <Hue Min="-90" Max="90">0</Hue>
                  <Sat Min="0" Max="150">100</Sat>
                  <Bright Min="50" Max="150">100</Bright>
                  <BrightR Min="25" Max="150">100</BrightR>
                  <BrightG Min="25" Max="150">100</BrightG>
                  <BrightB Min="25" Max="150">100</BrightB>
                  <Contr Min="50" Max="150">100</Contr>
                  <ContrR Min="25" Max="150">100</ContrR>
                  <ContrG Min="25" Max="150">100</ContrG>
                  <ContrB Min="25" Max="150">100</ContrB>
                  <Invert Min="0" Max="1">0</Invert>
                  <Gamma Min="0.3" Max="3.3">1</Gamma>
                  <ColorSpace LegalValues="0 1">1</ColorSpace>
                  <ColorRange LegalValues="0 1">0</ColorRange>
                  <Mono Min="0" Max="1">0</Mono>
                </VideoColor>
              </Source>
              <LayerState id="0">
                <Mode Min="0" Max="1">0</Mode>
                <Flip LegalValues="0 1 2 3">0</Flip>
                <StrobeInt Min="2" Max="100">2</StrobeInt>
                <Key id="0">
                  <KeyType LegalValues="0 1">0</KeyType>
                  <Clip Min="0" Max="100">50</Clip>
                  <Gain Min="0" Max="100">1</Gain>
                  <Opacity Min="0" Max="100">100</Opacity>
                  <ChromaOp Min="0" Max="100">100</ChromaOp>
                  <HighSupp Min="0" Max="100">0</HighSupp>
                  <Luma Min="0" Max="100">37.5</Luma>
                  <Sat Min="0" Max="100">100</Sat>
                  <SatClip Min="0" Max="100">5</SatClip>
                  <ShadowSupp Min="0" Max="100">0</ShadowSupp>
                  <SpillSupp Min="0" Max="100">0</SpillSupp>
                  <ChromaClip Min="0" Max="90">10</ChromaClip>
                  <ChromaRamp Min="0" Max="180">90</ChromaRamp>
                  <SatGain Min="1" Max="100">5</SatGain>
                  <ColorPickXPos Min="0" Max="32767">0</ColorPickXPos>
                  <ColorPickYPos Min="0" Max="32767">0</ColorPickYPos>
                  <ColorPickOn Min="0" Max="1">0</ColorPickOn>
                  <Hue Min="0" Max="360">0</Hue>
                  <FillType LegalValues="0 1 2">0</FillType>
                  <Color id="0">
                    <Red Min="0" Max="1023">0</Red>
                    <Green Min="0" Max="1023">0</Green>
                    <Blue Min="0" Max="1023">0</Blue>
                  </Color>
                </Key>
                <PIP id="0">
                  <Border id="0">
                    <UnitType Min="0" Max="1">0</UnitType>
                    <BrdrPixel Min="0" Max="512">50</BrdrPixel>
                    <BrdrPercent Min="0" Max="50">10</BrdrPercent>
                    <BrdrTyp LegalValues="0 1 2 3 4 5">0</BrdrTyp>
                    <Color id="0">
                      <Red Min="0" Max="1023">800</Red>
                      <Green Min="0" Max="1023">800</Green>
                      <Blue Min="0" Max="1023">800</Blue>
                    </Color>
                  </Border>
                  <Shadow id="0">
                    <Mode Min="0" Max="1">0</Mode>
                    <Opacity Min="0" Max="1">0.5</Opacity>
                    <EdgeWidth Min="0" Max="512">30</EdgeWidth>
                    <Rect id="0">
                      <HPos Min="-100" Max="100">5</HPos>
                      <VPos Min="-100" Max="100">5</VPos>
                      <HSize Min="100" Max="200">100</HSize>
                      <VSize Min="100" Max="200">100</VSize>
                      <AR Min="0" Max="99">0</AR>
                    </Rect>
                    <Color id="0">
                      <Red Min="0" Max="1023">0</Red>
                      <Green Min="0" Max="1023">0</Green>
                      <Blue Min="0" Max="1023">0</Blue>
                    </Color>
                  </Shadow>
                </PIP>
                <WinAdjust id="0">
                  <IWIN id="0">
                    <HPos Min="0" Max="0">0</HPos>
                    <VPos Min="0" Max="0">0</VPos>
                    <HSize Min="0" Max="1920">1920</HSize>
                    <VSize Min="0" Max="1080">1080</VSize>
                    <AR Min="0" Max="99">0</AR>
                  </IWIN>
                  <Mask id="0">
                    <Left Min="0" Max="100">0</Left>
                    <Right Min="0" Max="100">0</Right>
                    <Top Min="0" Max="100">0</Top>
                    <Bottom Min="0" Max="100">0</Bottom>
                  </Mask>
                  <OWIN id="0">
                    <HPos Min="-32767" Max="32767">-194</HPos>
                    <VPos Min="-32767" Max="32767">0</VPos>
                    <HSize Min="0" Max="32767">889</HSize>
                    <VSize Min="0" Max="32767">500</VSize>
                    <AR Min="0" Max="99">0</AR>
                  </OWIN>
                  <PostMaskIWIN id="0">
                    <AR Min="0" Max="99">1.77778</AR>
                    <HPos Min="0" Max="0">0</HPos>
                    <VPos Min="0" Max="0">0</VPos>
                    <HSize Min="0" Max="1920">1920</HSize>
                    <VSize Min="0" Max="1080">1080</VSize>
                  </PostMaskIWIN>
                  <PostMaskOWIN id="0">
                    <AR Min="0" Max="99">1.778</AR>
                    <HPos Min="-32767" Max="32767">-194</HPos>
                    <VPos Min="-32767" Max="32767">0</VPos>
                    <HSize Min="0" Max="32767">889</HSize>
                    <VSize Min="0" Max="32767">500</VSize>
                  </PostMaskOWIN>
                </WinAdjust>
                <VideoColor id="0">
                  <Hue Min="-180" Max="180">0</Hue>
                  <Sat Min="0" Max="200">100</Sat>
                  <Bright Min="0" Max="200">100</Bright>
                  <BrightR Min="0" Max="200">100</BrightR>
                  <BrightG Min="0" Max="200">100</BrightG>
                  <BrightB Min="0" Max="200">100</BrightB>
                  <Contr Min="0" Max="200">100</Contr>
                  <ContrR Min="0" Max="200">100</ContrR>
                  <ContrG Min="0" Max="200">100</ContrG>
                  <ContrB Min="0" Max="200">100</ContrB>
                  <Invert Min="0" Max="1">0</Invert>
                  <Gamma Min="0.3" Max="3.3">1</Gamma>
                  <ColorSpace LegalValues="0 1">1</ColorSpace>
                  <ColorRange LegalValues="0 1">0</ColorRange>
                  <Mono Min="0" Max="1">0</Mono>
                </VideoColor>
              </LayerState>
              <LayerState id="1">
                <Mode Min="0" Max="1">0</Mode>
                <Flip LegalValues="0 1 2 3">0</Flip>
                <StrobeInt Min="2" Max="100">2</StrobeInt>
                <Key id="0">
                  <KeyType LegalValues="0 1">0</KeyType>
                  <Clip Min="0" Max="100">50</Clip>
                  <Gain Min="0" Max="100">1</Gain>
                  <Opacity Min="0" Max="100">100</Opacity>
                  <ChromaOp Min="0" Max="100">100</ChromaOp>
                  <HighSupp Min="0" Max="100">0</HighSupp>
                  <Luma Min="0" Max="100">37.5</Luma>
                  <Sat Min="0" Max="100">100</Sat>
                  <SatClip Min="0" Max="100">5</SatClip>
                  <ShadowSupp Min="0" Max="100">0</ShadowSupp>
                  <SpillSupp Min="0" Max="100">0</SpillSupp>
                  <ChromaClip Min="0" Max="90">10</ChromaClip>
                  <ChromaRamp Min="0" Max="180">90</ChromaRamp>
                  <SatGain Min="1" Max="100">5</SatGain>
                  <ColorPickXPos Min="0" Max="32767">0</ColorPickXPos>
                  <ColorPickYPos Min="0" Max="32767">0</ColorPickYPos>
                  <ColorPickOn Min="0" Max="1">0</ColorPickOn>
                  <Hue Min="0" Max="360">0</Hue>
                  <FillType LegalValues="0 1 2">0</FillType>
                  <Color id="0">
                    <Red Min="0" Max="1023">0</Red>
                    <Green Min="0" Max="1023">0</Green>
                    <Blue Min="0" Max="1023">0</Blue>
                  </Color>
                </Key>
                <PIP id="0">
                  <Border id="0">
                    <UnitType Min="0" Max="1">0</UnitType>
                    <BrdrPixel Min="0" Max="512">50</BrdrPixel>
                    <BrdrPercent Min="0" Max="50">10</BrdrPercent>
                    <BrdrTyp LegalValues="0 1 2 3 4 5">0</BrdrTyp>
                    <Color id="0">
                      <Red Min="0" Max="1023">800</Red>
                      <Green Min="0" Max="1023">800</Green>
                      <Blue Min="0" Max="1023">800</Blue>
                    </Color>
                  </Border>
                  <Shadow id="0">
                    <Mode Min="0" Max="1">0</Mode>
                    <Opacity Min="0" Max="1">0.5</Opacity>
                    <EdgeWidth Min="0" Max="512">30</EdgeWidth>
                    <Rect id="0">
                      <HPos Min="-100" Max="100">5</HPos>
                      <VPos Min="-100" Max="100">5</VPos>
                      <HSize Min="100" Max="200">100</HSize>
                      <VSize Min="100" Max="200">100</VSize>
                      <AR Min="0" Max="99">0</AR>
                    </Rect>
                    <Color id="0">
                      <Red Min="0" Max="1023">0</Red>
                      <Green Min="0" Max="1023">0</Green>
                      <Blue Min="0" Max="1023">0</Blue>
                    </Color>
                  </Shadow>
                </PIP>
                <WinAdjust id="0">
                  <IWIN id="0">
                    <HPos Min="0" Max="0">0</HPos>
                    <VPos Min="0" Max="0">0</VPos>
                    <HSize Min="0" Max="1920">1920</HSize>
                    <VSize Min="0" Max="1080">1080</VSize>
                    <AR Min="0" Max="99">0</AR>
                  </IWIN>
                  <Mask id="0">
                    <Left Min="0" Max="100">0</Left>
                    <Right Min="0" Max="100">0</Right>
                    <Top Min="0" Max="100">0</Top>
                    <Bottom Min="0" Max="100">0</Bottom>
                  </Mask>
                  <OWIN id="0">
                    <HPos Min="-32767" Max="32767">-194</HPos>
                    <VPos Min="-32767" Max="32767">0</VPos>
                    <HSize Min="0" Max="32767">889</HSize>
                    <VSize Min="0" Max="32767">500</VSize>
                    <AR Min="0" Max="99">0</AR>
                  </OWIN>
                  <PostMaskIWIN id="0">
                    <AR Min="0" Max="99">1.77778</AR>
                    <HPos Min="0" Max="0">0</HPos>
                    <VPos Min="0" Max="0">0</VPos>
                    <HSize Min="0" Max="1920">1920</HSize>
                    <VSize Min="0" Max="1080">1080</VSize>
                  </PostMaskIWIN>
                  <PostMaskOWIN id="0">
                    <AR Min="0" Max="99">1.778</AR>
                    <HPos Min="-32767" Max="32767">-194</HPos>
                    <VPos Min="-32767" Max="32767">0</VPos>
                    <HSize Min="0" Max="32767">889</HSize>
                    <VSize Min="0" Max="32767">500</VSize>
                  </PostMaskOWIN>
                </WinAdjust>
                <VideoColor id="0">
                  <Hue Min="-180" Max="180">0</Hue>
                  <Sat Min="0" Max="200">100</Sat>
                  <Bright Min="0" Max="200">100</Bright>
                  <BrightR Min="0" Max="200">100</BrightR>
                  <BrightG Min="0" Max="200">100</BrightG>
                  <BrightB Min="0" Max="200">100</BrightB>
                  <Contr Min="0" Max="200">100</Contr>
                  <ContrR Min="0" Max="200">100</ContrR>
                  <ContrG Min="0" Max="200">100</ContrG>
                  <ContrB Min="0" Max="200">100</ContrB>
                  <Invert Min="0" Max="1">0</Invert>
                  <Gamma Min="0.3" Max="3.3">1</Gamma>
                  <ColorSpace LegalValues="0 1">1</ColorSpace>
                  <ColorRange LegalValues="0 1">0</ColorRange>
                  <Mono Min="0" Max="1">0</Mono>
                </VideoColor>
              </LayerState>
              <Transition id="0">
                <TransTime Min="0" Max="1999">30</TransTime>
                <TransPos Min="0" Max="4096">0</TransPos>
                <TransCurve LegalValues="0 1 2 3">1</TransCurve>
                <TransDelay Min="0" Max="1999">0</TransDelay>
                <ArmMode Min="0" Max="1">0</ArmMode>
                <TBarDead Min="0" Max="1">0</TBarDead>
                <AutoTransInProg Min="0" Max="1">0</AutoTransInProg>
                <TransInProg Min="0" Max="1">0</TransInProg>
              </Transition>
              <Transition id="1">
                <TransTime Min="0" Max="1999">30</TransTime>
                <TransPos Min="0" Max="4096">0</TransPos>
                <TransCurve LegalValues="0 1 2 3">1</TransCurve>
                <TransDelay Min="0" Max="1999">0</TransDelay>
                <ArmMode Min="0" Max="1">0</ArmMode>
                <TBarDead Min="0" Max="1">0</TBarDead>
                <AutoTransInProg Min="0" Max="1">0</AutoTransInProg>
                <TransInProg Min="0" Max="1">0</TransInProg>
              </Transition>
            </LayerCfg>
          </Layer>
          <Layer id="3">
            <PgmMode Min="0" Max="1">0</PgmMode>
            <PvwMode Min="0" Max="1">0</PvwMode>
            <SrcSwitch Min="0" Max="1">1</SrcSwitch>
            <IsActive LegalValues="0 1">0</IsActive>
            <PgmZOrder Min="0" Max="127">2</PgmZOrder>
            <PvwZOrder Min="0" Max="127">2</PvwZOrder>
            <Eye3D LegalValues="0 1">0</Eye3D>
            <LastSrcIdx Min="-1" Max="255">-1</LastSrcIdx>
            <LastUserKeyIdx Min="-1" Max="299">-1</LastUserKeyIdx>
            <Name>Layer2-B</Name>
            <Capacity LegalValues="1 2 4">1</Capacity>
            <Error Min="-1000000" Max="1000000">0</Error>
            <LayerCfg id="0">
              <LayerMode LegalValues="0 1">1</LayerMode>
              <NumOfStates Min="0" Max="2">1</NumOfStates>
              <ActiveState Min="0" Max="1">0</ActiveState>
              <UseEfxColor Min="0" Max="1">0</UseEfxColor>
              <FrzMode Min="0" Max="1">0</FrzMode>
              <Source id="0">
                <InputCfgIndex Min="-1" Max="127">-1</InputCfgIndex>
                <StillIndex Min="-1" Max="99">-1</StillIndex>
                <UserKeyIndex Min="-1" Max="299">-1</UserKeyIndex>
                <Name>Empty</Name>
                <SrcType Min="0" Max="3">0</SrcType>
                <DestIndex Min="-1" Max="127">-1</DestIndex>
                <AR Min="0" Max="128">1.77777</AR>
                <Error Min="-1000000" Max="1000000">-9399</Error>
                <AOIRect id="0">
                  <HPos Min="-32767" Max="32767">0</HPos>
                  <VPos Min="-32767" Max="32767">0</VPos>
                  <HSize Min="0" Max="32767">0</HSize>
                  <VSize Min="0" Max="32767">0</VSize>
                  <AR Min="0" Max="99">1</AR>
                </AOIRect>
                <VideoColor id="0">
                  <Hue Min="-90" Max="90">0</Hue>
                  <Sat Min="0" Max="150">100</Sat>
                  <Bright Min="50" Max="150">100</Bright>
                  <BrightR Min="25" Max="150">100</BrightR>
                  <BrightG Min="25" Max="150">100</BrightG>
                  <BrightB Min="25" Max="150">100</BrightB>
                  <Contr Min="50" Max="150">100</Contr>
                  <ContrR Min="25" Max="150">100</ContrR>
                  <ContrG Min="25" Max="150">100</ContrG>
                  <ContrB Min="25" Max="150">100</ContrB>
                  <Invert Min="0" Max="1">0</Invert>
                  <Gamma Min="0.3" Max="3.3">1</Gamma>
                  <ColorSpace LegalValues="0 1">1</ColorSpace>
                  <ColorRange LegalValues="0 1">0</ColorRange>
                  <Mono Min="0" Max="1">0</Mono>
                </VideoColor>
              </Source>
              <LayerState id="0">
                <Mode Min="0" Max="1">0</Mode>
                <Flip LegalValues="0 1 2 3">0</Flip>
                <StrobeInt Min="2" Max="100">2</StrobeInt>
                <Key id="0">
                  <KeyType LegalValues="0 1">0</KeyType>
                  <Clip Min="0" Max="100">50</Clip>
                  <Gain Min="0" Max="100">1</Gain>
                  <Opacity Min="0" Max="100">100</Opacity>
                  <ChromaOp Min="0" Max="100">100</ChromaOp>
                  <HighSupp Min="0" Max="100">0</HighSupp>
                  <Luma Min="0" Max="100">37.5</Luma>
                  <Sat Min="0" Max="100">100</Sat>
                  <SatClip Min="0" Max="100">5</SatClip>
                  <ShadowSupp Min="0" Max="100">0</ShadowSupp>
                  <SpillSupp Min="0" Max="100">0</SpillSupp>
                  <ChromaClip Min="0" Max="90">10</ChromaClip>
                  <ChromaRamp Min="0" Max="180">90</ChromaRamp>
                  <SatGain Min="1" Max="100">5</SatGain>
                  <ColorPickXPos Min="0" Max="32767">0</ColorPickXPos>
                  <ColorPickYPos Min="0" Max="32767">0</ColorPickYPos>
                  <ColorPickOn Min="0" Max="1">0</ColorPickOn>
                  <Hue Min="0" Max="360">0</Hue>
                  <FillType LegalValues="0 1 2">0</FillType>
                  <Color id="0">
                    <Red Min="0" Max="1023">0</Red>
                    <Green Min="0" Max="1023">0</Green>
                    <Blue Min="0" Max="1023">0</Blue>
                  </Color>
                </Key>
                <PIP id="0">
                  <Border id="0">
                    <UnitType Min="0" Max="1">0</UnitType>
                    <BrdrPixel Min="0" Max="512">50</BrdrPixel>
                    <BrdrPercent Min="0" Max="50">10</BrdrPercent>
                    <BrdrTyp LegalValues="0 1 2 3 4 5">0</BrdrTyp>
                    <Color id="0">
                      <Red Min="0" Max="1023">800</Red>
                      <Green Min="0" Max="1023">800</Green>
                      <Blue Min="0" Max="1023">800</Blue>
                    </Color>
                  </Border>
                  <Shadow id="0">
                    <Mode Min="0" Max="1">0</Mode>
                    <Opacity Min="0" Max="1">0.5</Opacity>
                    <EdgeWidth Min="0" Max="512">30</EdgeWidth>
                    <Rect id="0">
                      <HPos Min="-100" Max="100">5</HPos>
                      <VPos Min="-100" Max="100">5</VPos>
                      <HSize Min="100" Max="200">100</HSize>
                      <VSize Min="100" Max="200">100</VSize>
                      <AR Min="0" Max="99">0</AR>
                    </Rect>
                    <Color id="0">
                      <Red Min="0" Max="1023">0</Red>
                      <Green Min="0" Max="1023">0</Green>
                      <Blue Min="0" Max="1023">0</Blue>
                    </Color>
                  </Shadow>
                </PIP>
                <WinAdjust id="0">
                  <IWIN id="0">
                    <HPos Min="-32767" Max="32767">0</HPos>
                    <VPos Min="-32767" Max="32767">0</VPos>
                    <HSize Min="0" Max="32767">1920</HSize>
                    <VSize Min="0" Max="32767">1080</VSize>
                    <AR Min="0" Max="99">0</AR>
                  </IWIN>
                  <Mask id="0">
                    <Left Min="0" Max="100">0</Left>
                    <Right Min="0" Max="100">0</Right>
                    <Top Min="0" Max="100">0</Top>
                    <Bottom Min="0" Max="100">0</Bottom>
                  </Mask>
                  <OWIN id="0">
                    <HPos Min="-32767" Max="32767">0</HPos>
                    <VPos Min="-32767" Max="32767">0</VPos>
                    <HSize Min="0" Max="32767">500</HSize>
                    <VSize Min="0" Max="32767">500</VSize>
                    <AR Min="0" Max="99">0</AR>
                  </OWIN>
                  <PostMaskIWIN id="0">
                    <AR Min="0" Max="99">1.77778</AR>
                    <HPos Min="-32767" Max="32767">0</HPos>
                    <VPos Min="-32767" Max="32767">0</VPos>
                    <HSize Min="0" Max="32767">1920</HSize>
                    <VSize Min="0" Max="32767">1080</VSize>
                  </PostMaskIWIN>
                  <PostMaskOWIN id="0">
                    <AR Min="0" Max="99">1</AR>
                    <HPos Min="-32767" Max="32767">0</HPos>
                    <VPos Min="-32767" Max="32767">0</VPos>
                    <HSize Min="0" Max="32767">500</HSize>
                    <VSize Min="0" Max="32767">500</VSize>
                  </PostMaskOWIN>
                </WinAdjust>
                <VideoColor id="0">
                  <Hue Min="-180" Max="180">0</Hue>
                  <Sat Min="0" Max="200">100</Sat>
                  <Bright Min="0" Max="200">100</Bright>
                  <BrightR Min="0" Max="200">100</BrightR>
                  <BrightG Min="0" Max="200">100</BrightG>
                  <BrightB Min="0" Max="200">100</BrightB>
                  <Contr Min="0" Max="200">100</Contr>
                  <ContrR Min="0" Max="200">100</ContrR>
                  <ContrG Min="0" Max="200">100</ContrG>
                  <ContrB Min="0" Max="200">100</ContrB>
                  <Invert Min="0" Max="1">0</Invert>
                  <Gamma Min="0.3" Max="3.3">1</Gamma>
                  <ColorSpace LegalValues="0 1">1</ColorSpace>
                  <ColorRange LegalValues="0 1">0</ColorRange>
                  <Mono Min="0" Max="1">0</Mono>
                </VideoColor>
              </LayerState>
              <LayerState id="1">
                <Mode Min="0" Max="1">0</Mode>
                <Flip LegalValues="0 1 2 3">0</Flip>
                <StrobeInt Min="2" Max="100">2</StrobeInt>
                <Key id="0">
                  <KeyType LegalValues="0 1">0</KeyType>
                  <Clip Min="0" Max="100">50</Clip>
                  <Gain Min="0" Max="100">1</Gain>
                  <Opacity Min="0" Max="100">100</Opacity>
                  <ChromaOp Min="0" Max="100">100</ChromaOp>
                  <HighSupp Min="0" Max="100">0</HighSupp>
                  <Luma Min="0" Max="100">37.5</Luma>
                  <Sat Min="0" Max="100">100</Sat>
                  <SatClip Min="0" Max="100">5</SatClip>
                  <ShadowSupp Min="0" Max="100">0</ShadowSupp>
                  <SpillSupp Min="0" Max="100">0</SpillSupp>
                  <ChromaClip Min="0" Max="90">10</ChromaClip>
                  <ChromaRamp Min="0" Max="180">90</ChromaRamp>
                  <SatGain Min="1" Max="100">5</SatGain>
                  <ColorPickXPos Min="0" Max="32767">0</ColorPickXPos>
                  <ColorPickYPos Min="0" Max="32767">0</ColorPickYPos>
                  <ColorPickOn Min="0" Max="1">0</ColorPickOn>
                  <Hue Min="0" Max="360">0</Hue>
                  <FillType LegalValues="0 1 2">0</FillType>
                  <Color id="0">
                    <Red Min="0" Max="1023">0</Red>
                    <Green Min="0" Max="1023">0</Green>
                    <Blue Min="0" Max="1023">0</Blue>
                  </Color>
                </Key>
                <PIP id="0">
                  <Border id="0">
                    <UnitType Min="0" Max="1">0</UnitType>
                    <BrdrPixel Min="0" Max="512">50</BrdrPixel>
                    <BrdrPercent Min="0" Max="50">10</BrdrPercent>
                    <BrdrTyp LegalValues="0 1 2 3 4 5">0</BrdrTyp>
                    <Color id="0">
                      <Red Min="0" Max="1023">800</Red>
                      <Green Min="0" Max="1023">800</Green>
                      <Blue Min="0" Max="1023">800</Blue>
                    </Color>
                  </Border>
                  <Shadow id="0">
                    <Mode Min="0" Max="1">0</Mode>
                    <Opacity Min="0" Max="1">0.5</Opacity>
                    <EdgeWidth Min="0" Max="512">30</EdgeWidth>
                    <Rect id="0">
                      <HPos Min="-100" Max="100">5</HPos>
                      <VPos Min="-100" Max="100">5</VPos>
                      <HSize Min="100" Max="200">100</HSize>
                      <VSize Min="100" Max="200">100</VSize>
                      <AR Min="0" Max="99">0</AR>
                    </Rect>
                    <Color id="0">
                      <Red Min="0" Max="1023">0</Red>
                      <Green Min="0" Max="1023">0</Green>
                      <Blue Min="0" Max="1023">0</Blue>
                    </Color>
                  </Shadow>
                </PIP>
                <WinAdjust id="0">
                  <IWIN id="0">
                    <HPos Min="-32767" Max="32767">0</HPos>
                    <VPos Min="-32767" Max="32767">0</VPos>
                    <HSize Min="0" Max="32767">1920</HSize>
                    <VSize Min="0" Max="32767">1080</VSize>
                    <AR Min="0" Max="99">0</AR>
                  </IWIN>
                  <Mask id="0">
                    <Left Min="0" Max="100">0</Left>
                    <Right Min="0" Max="100">0</Right>
                    <Top Min="0" Max="100">0</Top>
                    <Bottom Min="0" Max="100">0</Bottom>
                  </Mask>
                  <OWIN id="0">
                    <HPos Min="-32767" Max="32767">0</HPos>
                    <VPos Min="-32767" Max="32767">0</VPos>
                    <HSize Min="0" Max="32767">500</HSize>
                    <VSize Min="0" Max="32767">500</VSize>
                    <AR Min="0" Max="99">0</AR>
                  </OWIN>
                  <PostMaskIWIN id="0">
                    <AR Min="0" Max="99">1.77778</AR>
                    <HPos Min="-32767" Max="32767">0</HPos>
                    <VPos Min="-32767" Max="32767">0</VPos>
                    <HSize Min="0" Max="32767">1920</HSize>
                    <VSize Min="0" Max="32767">1080</VSize>
                  </PostMaskIWIN>
                  <PostMaskOWIN id="0">
                    <AR Min="0" Max="99">1</AR>
                    <HPos Min="-32767" Max="32767">0</HPos>
                    <VPos Min="-32767" Max="32767">0</VPos>
                    <HSize Min="0" Max="32767">500</HSize>
                    <VSize Min="0" Max="32767">500</VSize>
                  </PostMaskOWIN>
                </WinAdjust>
                <VideoColor id="0">
                  <Hue Min="-180" Max="180">0</Hue>
                  <Sat Min="0" Max="200">100</Sat>
                  <Bright Min="0" Max="200">100</Bright>
                  <BrightR Min="0" Max="200">100</BrightR>
                  <BrightG Min="0" Max="200">100</BrightG>
                  <BrightB Min="0" Max="200">100</BrightB>
                  <Contr Min="0" Max="200">100</Contr>
                  <ContrR Min="0" Max="200">100</ContrR>
                  <ContrG Min="0" Max="200">100</ContrG>
                  <ContrB Min="0" Max="200">100</ContrB>
                  <Invert Min="0" Max="1">0</Invert>
                  <Gamma Min="0.3" Max="3.3">1</Gamma>
                  <ColorSpace LegalValues="0 1">1</ColorSpace>
                  <ColorRange LegalValues="0 1">0</ColorRange>
                  <Mono Min="0" Max="1">0</Mono>
                </VideoColor>
              </LayerState>
              <Transition id="0">
                <TransTime Min="0" Max="1999">30</TransTime>
                <TransPos Min="0" Max="4096">0</TransPos>
                <TransCurve LegalValues="0 1 2 3">1</TransCurve>
                <TransDelay Min="0" Max="1999">0</TransDelay>
                <ArmMode Min="0" Max="1">0</ArmMode>
                <TBarDead Min="0" Max="1">0</TBarDead>
                <AutoTransInProg Min="0" Max="1">0</AutoTransInProg>
                <TransInProg Min="0" Max="1">0</TransInProg>
              </Transition>
              <Transition id="1">
                <TransTime Min="0" Max="1999">30</TransTime>
                <TransPos Min="0" Max="4096">0</TransPos>
                <TransCurve LegalValues="0 1 2 3">1</TransCurve>
                <TransDelay Min="0" Max="1999">0</TransDelay>
                <ArmMode Min="0" Max="1">0</ArmMode>
                <TBarDead Min="0" Max="1">0</TBarDead>
                <AutoTransInProg Min="0" Max="1">0</AutoTransInProg>
                <TransInProg Min="0" Max="1">0</TransInProg>
              </Transition>
            </LayerCfg>
          </Layer>
          <Layer id="4">
            <PgmMode Min="0" Max="1">0</PgmMode>
            <PvwMode Min="0" Max="1">0</PvwMode>
            <SrcSwitch Min="0" Max="1">1</SrcSwitch>
            <IsActive LegalValues="0 1">0</IsActive>
            <PgmZOrder Min="0" Max="127">4</PgmZOrder>
            <PvwZOrder Min="0" Max="127">4</PvwZOrder>
            <Eye3D LegalValues="0 1">0</Eye3D>
            <LastSrcIdx Min="-1" Max="255">-1</LastSrcIdx>
            <LastUserKeyIdx Min="-1" Max="299">-1</LastUserKeyIdx>
            <Name>Layer3-A</Name>
            <Capacity LegalValues="1 2 4">1</Capacity>
            <Error Min="-1000000" Max="1000000">0</Error>
            <LayerCfg id="0">
              <LayerMode LegalValues="0 1">1</LayerMode>
              <NumOfStates Min="0" Max="2">1</NumOfStates>
              <ActiveState Min="0" Max="1">0</ActiveState>
              <UseEfxColor Min="0" Max="1">0</UseEfxColor>
              <FrzMode Min="0" Max="1">0</FrzMode>
              <Source id="0">
                <InputCfgIndex Min="-1" Max="127">-1</InputCfgIndex>
                <StillIndex Min="-1" Max="99">-1</StillIndex>
                <UserKeyIndex Min="-1" Max="299">-1</UserKeyIndex>
                <Name>Empty</Name>
                <SrcType Min="0" Max="3">0</SrcType>
                <DestIndex Min="-1" Max="127">-1</DestIndex>
                <AR Min="0" Max="128">1.77777</AR>
                <Error Min="-1000000" Max="1000000">-9399</Error>
                <AOIRect id="0">
                  <HPos Min="-32767" Max="32767">0</HPos>
                  <VPos Min="-32767" Max="32767">0</VPos>
                  <HSize Min="0" Max="32767">0</HSize>
                  <VSize Min="0" Max="32767">0</VSize>
                  <AR Min="0" Max="99">1</AR>
                </AOIRect>
                <VideoColor id="0">
                  <Hue Min="-90" Max="90">0</Hue>
                  <Sat Min="0" Max="150">100</Sat>
                  <Bright Min="50" Max="150">100</Bright>
                  <BrightR Min="25" Max="150">100</BrightR>
                  <BrightG Min="25" Max="150">100</BrightG>
                  <BrightB Min="25" Max="150">100</BrightB>
                  <Contr Min="50" Max="150">100</Contr>
                  <ContrR Min="25" Max="150">100</ContrR>
                  <ContrG Min="25" Max="150">100</ContrG>
                  <ContrB Min="25" Max="150">100</ContrB>
                  <Invert Min="0" Max="1">0</Invert>
                  <Gamma Min="0.3" Max="3.3">1</Gamma>
                  <ColorSpace LegalValues="0 1">1</ColorSpace>
                  <ColorRange LegalValues="0 1">0</ColorRange>
                  <Mono Min="0" Max="1">0</Mono>
                </VideoColor>
              </Source>
              <LayerState id="0">
                <Mode Min="0" Max="1">0</Mode>
                <Flip LegalValues="0 1 2 3">0</Flip>
                <StrobeInt Min="2" Max="100">2</StrobeInt>
                <Key id="0">
                  <KeyType LegalValues="0 1">0</KeyType>
                  <Clip Min="0" Max="100">50</Clip>
                  <Gain Min="0" Max="100">1</Gain>
                  <Opacity Min="0" Max="100">100</Opacity>
                  <ChromaOp Min="0" Max="100">100</ChromaOp>
                  <HighSupp Min="0" Max="100">0</HighSupp>
                  <Luma Min="0" Max="100">37.5</Luma>
                  <Sat Min="0" Max="100">100</Sat>
                  <SatClip Min="0" Max="100">5</SatClip>
                  <ShadowSupp Min="0" Max="100">0</ShadowSupp>
                  <SpillSupp Min="0" Max="100">0</SpillSupp>
                  <ChromaClip Min="0" Max="90">10</ChromaClip>
                  <ChromaRamp Min="0" Max="180">90</ChromaRamp>
                  <SatGain Min="1" Max="100">5</SatGain>
                  <ColorPickXPos Min="0" Max="32767">0</ColorPickXPos>
                  <ColorPickYPos Min="0" Max="32767">0</ColorPickYPos>
                  <ColorPickOn Min="0" Max="1">0</ColorPickOn>
                  <Hue Min="0" Max="360">0</Hue>
                  <FillType LegalValues="0 1 2">0</FillType>
                  <Color id="0">
                    <Red Min="0" Max="1023">0</Red>
                    <Green Min="0" Max="1023">0</Green>
                    <Blue Min="0" Max="1023">0</Blue>
                  </Color>
                </Key>
                <PIP id="0">
                  <Border id="0">
                    <UnitType Min="0" Max="1">0</UnitType>
                    <BrdrPixel Min="0" Max="512">50</BrdrPixel>
                    <BrdrPercent Min="0" Max="50">10</BrdrPercent>
                    <BrdrTyp LegalValues="0 1 2 3 4 5">0</BrdrTyp>
                    <Color id="0">
                      <Red Min="0" Max="1023">800</Red>
                      <Green Min="0" Max="1023">800</Green>
                      <Blue Min="0" Max="1023">800</Blue>
                    </Color>
                  </Border>
                  <Shadow id="0">
                    <Mode Min="0" Max="1">0</Mode>
                    <Opacity Min="0" Max="1">0.5</Opacity>
                    <EdgeWidth Min="0" Max="512">30</EdgeWidth>
                    <Rect id="0">
                      <HPos Min="-100" Max="100">5</HPos>
                      <VPos Min="-100" Max="100">5</VPos>
                      <HSize Min="100" Max="200">100</HSize>
                      <VSize Min="100" Max="200">100</VSize>
                      <AR Min="0" Max="99">0</AR>
                    </Rect>
                    <Color id="0">
                      <Red Min="0" Max="1023">0</Red>
                      <Green Min="0" Max="1023">0</Green>
                      <Blue Min="0" Max="1023">0</Blue>
                    </Color>
                  </Shadow>
                </PIP>
                <WinAdjust id="0">
                  <IWIN id="0">
                    <HPos Min="-32767" Max="32767">0</HPos>
                    <VPos Min="-32767" Max="32767">0</VPos>
                    <HSize Min="0" Max="32767">1920</HSize>
                    <VSize Min="0" Max="32767">1080</VSize>
                    <AR Min="0" Max="99">0</AR>
                  </IWIN>
                  <Mask id="0">
                    <Left Min="0" Max="100">0</Left>
                    <Right Min="0" Max="100">0</Right>
                    <Top Min="0" Max="100">0</Top>
                    <Bottom Min="0" Max="100">0</Bottom>
                  </Mask>
                  <OWIN id="0">
                    <HPos Min="-32767" Max="32767">0</HPos>
                    <VPos Min="-32767" Max="32767">0</VPos>
                    <HSize Min="0" Max="32767">500</HSize>
                    <VSize Min="0" Max="32767">500</VSize>
                    <AR Min="0" Max="99">0</AR>
                  </OWIN>
                  <PostMaskIWIN id="0">
                    <AR Min="0" Max="99">1.77778</AR>
                    <HPos Min="-32767" Max="32767">0</HPos>
                    <VPos Min="-32767" Max="32767">0</VPos>
                    <HSize Min="0" Max="32767">1920</HSize>
                    <VSize Min="0" Max="32767">1080</VSize>
                  </PostMaskIWIN>
                  <PostMaskOWIN id="0">
                    <AR Min="0" Max="99">1</AR>
                    <HPos Min="-32767" Max="32767">0</HPos>
                    <VPos Min="-32767" Max="32767">0</VPos>
                    <HSize Min="0" Max="32767">500</HSize>
                    <VSize Min="0" Max="32767">500</VSize>
                  </PostMaskOWIN>
                </WinAdjust>
                <VideoColor id="0">
                  <Hue Min="-180" Max="180">0</Hue>
                  <Sat Min="0" Max="200">100</Sat>
                  <Bright Min="0" Max="200">100</Bright>
                  <BrightR Min="0" Max="200">100</BrightR>
                  <BrightG Min="0" Max="200">100</BrightG>
                  <BrightB Min="0" Max="200">100</BrightB>
                  <Contr Min="0" Max="200">100</Contr>
                  <ContrR Min="0" Max="200">100</ContrR>
                  <ContrG Min="0" Max="200">100</ContrG>
                  <ContrB Min="0" Max="200">100</ContrB>
                  <Invert Min="0" Max="1">0</Invert>
                  <Gamma Min="0.3" Max="3.3">1</Gamma>
                  <ColorSpace LegalValues="0 1">1</ColorSpace>
                  <ColorRange LegalValues="0 1">0</ColorRange>
                  <Mono Min="0" Max="1">0</Mono>
                </VideoColor>
              </LayerState>
              <LayerState id="1">
                <Mode Min="0" Max="1">0</Mode>
                <Flip LegalValues="0 1 2 3">0</Flip>
                <StrobeInt Min="2" Max="100">2</StrobeInt>
                <Key id="0">
                  <KeyType LegalValues="0 1">0</KeyType>
                  <Clip Min="0" Max="100">50</Clip>
                  <Gain Min="0" Max="100">1</Gain>
                  <Opacity Min="0" Max="100">100</Opacity>
                  <ChromaOp Min="0" Max="100">100</ChromaOp>
                  <HighSupp Min="0" Max="100">0</HighSupp>
                  <Luma Min="0" Max="100">37.5</Luma>
                  <Sat Min="0" Max="100">100</Sat>
                  <SatClip Min="0" Max="100">5</SatClip>
                  <ShadowSupp Min="0" Max="100">0</ShadowSupp>
                  <SpillSupp Min="0" Max="100">0</SpillSupp>
                  <ChromaClip Min="0" Max="90">10</ChromaClip>
                  <ChromaRamp Min="0" Max="180">90</ChromaRamp>
                  <SatGain Min="1" Max="100">5</SatGain>
                  <ColorPickXPos Min="0" Max="32767">0</ColorPickXPos>
                  <ColorPickYPos Min="0" Max="32767">0</ColorPickYPos>
                  <ColorPickOn Min="0" Max="1">0</ColorPickOn>
                  <Hue Min="0" Max="360">0</Hue>
                  <FillType LegalValues="0 1 2">0</FillType>
                  <Color id="0">
                    <Red Min="0" Max="1023">0</Red>
                    <Green Min="0" Max="1023">0</Green>
                    <Blue Min="0" Max="1023">0</Blue>
                  </Color>
                </Key>
                <PIP id="0">
                  <Border id="0">
                    <UnitType Min="0" Max="1">0</UnitType>
                    <BrdrPixel Min="0" Max="512">50</BrdrPixel>
                    <BrdrPercent Min="0" Max="50">10</BrdrPercent>
                    <BrdrTyp LegalValues="0 1 2 3 4 5">0</BrdrTyp>
                    <Color id="0">
                      <Red Min="0" Max="1023">800</Red>
                      <Green Min="0" Max="1023">800</Green>
                      <Blue Min="0" Max="1023">800</Blue>
                    </Color>
                  </Border>
                  <Shadow id="0">
                    <Mode Min="0" Max="1">0</Mode>
                    <Opacity Min="0" Max="1">0.5</Opacity>
                    <EdgeWidth Min="0" Max="512">30</EdgeWidth>
                    <Rect id="0">
                      <HPos Min="-100" Max="100">5</HPos>
                      <VPos Min="-100" Max="100">5</VPos>
                      <HSize Min="100" Max="200">100</HSize>
                      <VSize Min="100" Max="200">100</VSize>
                      <AR Min="0" Max="99">0</AR>
                    </Rect>
                    <Color id="0">
                      <Red Min="0" Max="1023">0</Red>
                      <Green Min="0" Max="1023">0</Green>
                      <Blue Min="0" Max="1023">0</Blue>
                    </Color>
                  </Shadow>
                </PIP>
                <WinAdjust id="0">
                  <IWIN id="0">
                    <HPos Min="-32767" Max="32767">0</HPos>
                    <VPos Min="-32767" Max="32767">0</VPos>
                    <HSize Min="0" Max="32767">1920</HSize>
                    <VSize Min="0" Max="32767">1080</VSize>
                    <AR Min="0" Max="99">0</AR>
                  </IWIN>
                  <Mask id="0">
                    <Left Min="0" Max="100">0</Left>
                    <Right Min="0" Max="100">0</Right>
                    <Top Min="0" Max="100">0</Top>
                    <Bottom Min="0" Max="100">0</Bottom>
                  </Mask>
                  <OWIN id="0">
                    <HPos Min="-32767" Max="32767">0</HPos>
                    <VPos Min="-32767" Max="32767">0</VPos>
                    <HSize Min="0" Max="32767">500</HSize>
                    <VSize Min="0" Max="32767">500</VSize>
                    <AR Min="0" Max="99">0</AR>
                  </OWIN>
                  <PostMaskIWIN id="0">
                    <AR Min="0" Max="99">1.77778</AR>
                    <HPos Min="-32767" Max="32767">0</HPos>
                    <VPos Min="-32767" Max="32767">0</VPos>
                    <HSize Min="0" Max="32767">1920</HSize>
                    <VSize Min="0" Max="32767">1080</VSize>
                  </PostMaskIWIN>
                  <PostMaskOWIN id="0">
                    <AR Min="0" Max="99">1</AR>
                    <HPos Min="-32767" Max="32767">0</HPos>
                    <VPos Min="-32767" Max="32767">0</VPos>
                    <HSize Min="0" Max="32767">500</HSize>
                    <VSize Min="0" Max="32767">500</VSize>
                  </PostMaskOWIN>
                </WinAdjust>
                <VideoColor id="0">
                  <Hue Min="-180" Max="180">0</Hue>
                  <Sat Min="0" Max="200">100</Sat>
                  <Bright Min="0" Max="200">100</Bright>
                  <BrightR Min="0" Max="200">100</BrightR>
                  <BrightG Min="0" Max="200">100</BrightG>
                  <BrightB Min="0" Max="200">100</BrightB>
                  <Contr Min="0" Max="200">100</Contr>
                  <ContrR Min="0" Max="200">100</ContrR>
                  <ContrG Min="0" Max="200">100</ContrG>
                  <ContrB Min="0" Max="200">100</ContrB>
                  <Invert Min="0" Max="1">0</Invert>
                  <Gamma Min="0.3" Max="3.3">1</Gamma>
                  <ColorSpace LegalValues="0 1">1</ColorSpace>
                  <ColorRange LegalValues="0 1">0</ColorRange>
                  <Mono Min="0" Max="1">0</Mono>
                </VideoColor>
              </LayerState>
              <Transition id="0">
                <TransTime Min="0" Max="1999">30</TransTime>
                <TransPos Min="0" Max="4096">0</TransPos>
                <TransCurve LegalValues="0 1 2 3">1</TransCurve>
                <TransDelay Min="0" Max="1999">0</TransDelay>
                <ArmMode Min="0" Max="1">0</ArmMode>
                <TBarDead Min="0" Max="1">0</TBarDead>
                <AutoTransInProg Min="0" Max="1">0</AutoTransInProg>
                <TransInProg Min="0" Max="1">0</TransInProg>
              </Transition>
              <Transition id="1">
                <TransTime Min="0" Max="1999">30</TransTime>
                <TransPos Min="0" Max="4096">0</TransPos>
                <TransCurve LegalValues="0 1 2 3">1</TransCurve>
                <TransDelay Min="0" Max="1999">0</TransDelay>
                <ArmMode Min="0" Max="1">0</ArmMode>
                <TBarDead Min="0" Max="1">0</TBarDead>
                <AutoTransInProg Min="0" Max="1">0</AutoTransInProg>
                <TransInProg Min="0" Max="1">0</TransInProg>
              </Transition>
            </LayerCfg>
          </Layer>
          <Layer id="5">
            <PgmMode Min="0" Max="1">0</PgmMode>
            <PvwMode Min="0" Max="1">0</PvwMode>
            <SrcSwitch Min="0" Max="1">1</SrcSwitch>
            <IsActive LegalValues="0 1">0</IsActive>
            <PgmZOrder Min="0" Max="127">4</PgmZOrder>
            <PvwZOrder Min="0" Max="127">4</PvwZOrder>
            <Eye3D LegalValues="0 1">0</Eye3D>
            <LastSrcIdx Min="-1" Max="255">-1</LastSrcIdx>
            <LastUserKeyIdx Min="-1" Max="299">-1</LastUserKeyIdx>
            <Name>Layer3-B</Name>
            <Capacity LegalValues="1 2 4">1</Capacity>
            <Error Min="-1000000" Max="1000000">0</Error>
            <LayerCfg id="0">
              <LayerMode LegalValues="0 1">1</LayerMode>
              <NumOfStates Min="0" Max="2">1</NumOfStates>
              <ActiveState Min="0" Max="1">0</ActiveState>
              <UseEfxColor Min="0" Max="1">0</UseEfxColor>
              <FrzMode Min="0" Max="1">0</FrzMode>
              <Source id="0">
                <InputCfgIndex Min="-1" Max="127">-1</InputCfgIndex>
                <StillIndex Min="-1" Max="99">-1</StillIndex>
                <UserKeyIndex Min="-1" Max="299">-1</UserKeyIndex>
                <Name>Empty</Name>
                <SrcType Min="0" Max="3">0</SrcType>
                <DestIndex Min="-1" Max="127">-1</DestIndex>
                <AR Min="0" Max="128">1.77777</AR>
                <Error Min="-1000000" Max="1000000">-9399</Error>
                <AOIRect id="0">
                  <HPos Min="-32767" Max="32767">0</HPos>
                  <VPos Min="-32767" Max="32767">0</VPos>
                  <HSize Min="0" Max="32767">0</HSize>
                  <VSize Min="0" Max="32767">0</VSize>
                  <AR Min="0" Max="99">1</AR>
                </AOIRect>
                <VideoColor id="0">
                  <Hue Min="-90" Max="90">0</Hue>
                  <Sat Min="0" Max="150">100</Sat>
                  <Bright Min="50" Max="150">100</Bright>
                  <BrightR Min="25" Max="150">100</BrightR>
                  <BrightG Min="25" Max="150">100</BrightG>
                  <BrightB Min="25" Max="150">100</BrightB>
                  <Contr Min="50" Max="150">100</Contr>
                  <ContrR Min="25" Max="150">100</ContrR>
                  <ContrG Min="25" Max="150">100</ContrG>
                  <ContrB Min="25" Max="150">100</ContrB>
                  <Invert Min="0" Max="1">0</Invert>
                  <Gamma Min="0.3" Max="3.3">1</Gamma>
                  <ColorSpace LegalValues="0 1">1</ColorSpace>
                  <ColorRange LegalValues="0 1">0</ColorRange>
                  <Mono Min="0" Max="1">0</Mono>
                </VideoColor>
              </Source>
              <LayerState id="0">
                <Mode Min="0" Max="1">0</Mode>
                <Flip LegalValues="0 1 2 3">0</Flip>
                <StrobeInt Min="2" Max="100">2</StrobeInt>
                <Key id="0">
                  <KeyType LegalValues="0 1">0</KeyType>
                  <Clip Min="0" Max="100">50</Clip>
                  <Gain Min="0" Max="100">1</Gain>
                  <Opacity Min="0" Max="100">100</Opacity>
                  <ChromaOp Min="0" Max="100">100</ChromaOp>
                  <HighSupp Min="0" Max="100">0</HighSupp>
                  <Luma Min="0" Max="100">37.5</Luma>
                  <Sat Min="0" Max="100">100</Sat>
                  <SatClip Min="0" Max="100">5</SatClip>
                  <ShadowSupp Min="0" Max="100">0</ShadowSupp>
                  <SpillSupp Min="0" Max="100">0</SpillSupp>
                  <ChromaClip Min="0" Max="90">10</ChromaClip>
                  <ChromaRamp Min="0" Max="180">90</ChromaRamp>
                  <SatGain Min="1" Max="100">5</SatGain>
                  <ColorPickXPos Min="0" Max="32767">0</ColorPickXPos>
                  <ColorPickYPos Min="0" Max="32767">0</ColorPickYPos>
                  <ColorPickOn Min="0" Max="1">0</ColorPickOn>
                  <Hue Min="0" Max="360">0</Hue>
                  <FillType LegalValues="0 1 2">0</FillType>
                  <Color id="0">
                    <Red Min="0" Max="1023">0</Red>
                    <Green Min="0" Max="1023">0</Green>
                    <Blue Min="0" Max="1023">0</Blue>
                  </Color>
                </Key>
                <PIP id="0">
                  <Border id="0">
                    <UnitType Min="0" Max="1">0</UnitType>
                    <BrdrPixel Min="0" Max="512">50</BrdrPixel>
                    <BrdrPercent Min="0" Max="50">10</BrdrPercent>
                    <BrdrTyp LegalValues="0 1 2 3 4 5">0</BrdrTyp>
                    <Color id="0">
                      <Red Min="0" Max="1023">800</Red>
                      <Green Min="0" Max="1023">800</Green>
                      <Blue Min="0" Max="1023">800</Blue>
                    </Color>
                  </Border>
                  <Shadow id="0">
                    <Mode Min="0" Max="1">0</Mode>
                    <Opacity Min="0" Max="1">0.5</Opacity>
                    <EdgeWidth Min="0" Max="512">30</EdgeWidth>
                    <Rect id="0">
                      <HPos Min="-100" Max="100">5</HPos>
                      <VPos Min="-100" Max="100">5</VPos>
                      <HSize Min="100" Max="200">100</HSize>
                      <VSize Min="100" Max="200">100</VSize>
                      <AR Min="0" Max="99">0</AR>
                    </Rect>
                    <Color id="0">
                      <Red Min="0" Max="1023">0</Red>
                      <Green Min="0" Max="1023">0</Green>
                      <Blue Min="0" Max="1023">0</Blue>
                    </Color>
                  </Shadow>
                </PIP>
                <WinAdjust id="0">
                  <IWIN id="0">
                    <HPos Min="-32767" Max="32767">0</HPos>
                    <VPos Min="-32767" Max="32767">0</VPos>
                    <HSize Min="0" Max="32767">1920</HSize>
                    <VSize Min="0" Max="32767">1080</VSize>
                    <AR Min="0" Max="99">0</AR>
                  </IWIN>
                  <Mask id="0">
                    <Left Min="0" Max="100">0</Left>
                    <Right Min="0" Max="100">0</Right>
                    <Top Min="0" Max="100">0</Top>
                    <Bottom Min="0" Max="100">0</Bottom>
                  </Mask>
                  <OWIN id="0">
                    <HPos Min="-32767" Max="32767">0</HPos>
                    <VPos Min="-32767" Max="32767">0</VPos>
                    <HSize Min="0" Max="32767">500</HSize>
                    <VSize Min="0" Max="32767">500</VSize>
                    <AR Min="0" Max="99">0</AR>
                  </OWIN>
                  <PostMaskIWIN id="0">
                    <AR Min="0" Max="99">1.77778</AR>
                    <HPos Min="-32767" Max="32767">0</HPos>
                    <VPos Min="-32767" Max="32767">0</VPos>
                    <HSize Min="0" Max="32767">1920</HSize>
                    <VSize Min="0" Max="32767">1080</VSize>
                  </PostMaskIWIN>
                  <PostMaskOWIN id="0">
                    <AR Min="0" Max="99">1</AR>
                    <HPos Min="-32767" Max="32767">0</HPos>
                    <VPos Min="-32767" Max="32767">0</VPos>
                    <HSize Min="0" Max="32767">500</HSize>
                    <VSize Min="0" Max="32767">500</VSize>
                  </PostMaskOWIN>
                </WinAdjust>
                <VideoColor id="0">
                  <Hue Min="-180" Max="180">0</Hue>
                  <Sat Min="0" Max="200">100</Sat>
                  <Bright Min="0" Max="200">100</Bright>
                  <BrightR Min="0" Max="200">100</BrightR>
                  <BrightG Min="0" Max="200">100</BrightG>
                  <BrightB Min="0" Max="200">100</BrightB>
                  <Contr Min="0" Max="200">100</Contr>
                  <ContrR Min="0" Max="200">100</ContrR>
                  <ContrG Min="0" Max="200">100</ContrG>
                  <ContrB Min="0" Max="200">100</ContrB>
                  <Invert Min="0" Max="1">0</Invert>
                  <Gamma Min="0.3" Max="3.3">1</Gamma>
                  <ColorSpace LegalValues="0 1">1</ColorSpace>
                  <ColorRange LegalValues="0 1">0</ColorRange>
                  <Mono Min="0" Max="1">0</Mono>
                </VideoColor>
              </LayerState>
              <LayerState id="1">
                <Mode Min="0" Max="1">0</Mode>
                <Flip LegalValues="0 1 2 3">0</Flip>
                <StrobeInt Min="2" Max="100">2</StrobeInt>
                <Key id="0">
                  <KeyType LegalValues="0 1">0</KeyType>
                  <Clip Min="0" Max="100">50</Clip>
                  <Gain Min="0" Max="100">1</Gain>
                  <Opacity Min="0" Max="100">100</Opacity>
                  <ChromaOp Min="0" Max="100">100</ChromaOp>
                  <HighSupp Min="0" Max="100">0</HighSupp>
                  <Luma Min="0" Max="100">37.5</Luma>
                  <Sat Min="0" Max="100">100</Sat>
                  <SatClip Min="0" Max="100">5</SatClip>
                  <ShadowSupp Min="0" Max="100">0</ShadowSupp>
                  <SpillSupp Min="0" Max="100">0</SpillSupp>
                  <ChromaClip Min="0" Max="90">10</ChromaClip>
                  <ChromaRamp Min="0" Max="180">90</ChromaRamp>
                  <SatGain Min="1" Max="100">5</SatGain>
                  <ColorPickXPos Min="0" Max="32767">0</ColorPickXPos>
                  <ColorPickYPos Min="0" Max="32767">0</ColorPickYPos>
                  <ColorPickOn Min="0" Max="1">0</ColorPickOn>
                  <Hue Min="0" Max="360">0</Hue>
                  <FillType LegalValues="0 1 2">0</FillType>
                  <Color id="0">
                    <Red Min="0" Max="1023">0</Red>
                    <Green Min="0" Max="1023">0</Green>
                    <Blue Min="0" Max="1023">0</Blue>
                  </Color>
                </Key>
                <PIP id="0">
                  <Border id="0">
                    <UnitType Min="0" Max="1">0</UnitType>
                    <BrdrPixel Min="0" Max="512">50</BrdrPixel>
                    <BrdrPercent Min="0" Max="50">10</BrdrPercent>
                    <BrdrTyp LegalValues="0 1 2 3 4 5">0</BrdrTyp>
                    <Color id="0">
                      <Red Min="0" Max="1023">800</Red>
                      <Green Min="0" Max="1023">800</Green>
                      <Blue Min="0" Max="1023">800</Blue>
                    </Color>
                  </Border>
                  <Shadow id="0">
                    <Mode Min="0" Max="1">0</Mode>
                    <Opacity Min="0" Max="1">0.5</Opacity>
                    <EdgeWidth Min="0" Max="512">30</EdgeWidth>
                    <Rect id="0">
                      <HPos Min="-100" Max="100">5</HPos>
                      <VPos Min="-100" Max="100">5</VPos>
                      <HSize Min="100" Max="200">100</HSize>
                      <VSize Min="100" Max="200">100</VSize>
                      <AR Min="0" Max="99">0</AR>
                    </Rect>
                    <Color id="0">
                      <Red Min="0" Max="1023">0</Red>
                      <Green Min="0" Max="1023">0</Green>
                      <Blue Min="0" Max="1023">0</Blue>
                    </Color>
                  </Shadow>
                </PIP>
                <WinAdjust id="0">
                  <IWIN id="0">
                    <HPos Min="-32767" Max="32767">0</HPos>
                    <VPos Min="-32767" Max="32767">0</VPos>
                    <HSize Min="0" Max="32767">1920</HSize>
                    <VSize Min="0" Max="32767">1080</VSize>
                    <AR Min="0" Max="99">0</AR>
                  </IWIN>
                  <Mask id="0">
                    <Left Min="0" Max="100">0</Left>
                    <Right Min="0" Max="100">0</Right>
                    <Top Min="0" Max="100">0</Top>
                    <Bottom Min="0" Max="100">0</Bottom>
                  </Mask>
                  <OWIN id="0">
                    <HPos Min="-32767" Max="32767">0</HPos>
                    <VPos Min="-32767" Max="32767">0</VPos>
                    <HSize Min="0" Max="32767">500</HSize>
                    <VSize Min="0" Max="32767">500</VSize>
                    <AR Min="0" Max="99">0</AR>
                  </OWIN>
                  <PostMaskIWIN id="0">
                    <AR Min="0" Max="99">1.77778</AR>
                    <HPos Min="-32767" Max="32767">0</HPos>
                    <VPos Min="-32767" Max="32767">0</VPos>
                    <HSize Min="0" Max="32767">1920</HSize>
                    <VSize Min="0" Max="32767">1080</VSize>
                  </PostMaskIWIN>
                  <PostMaskOWIN id="0">
                    <AR Min="0" Max="99">1</AR>
                    <HPos Min="-32767" Max="32767">0</HPos>
                    <VPos Min="-32767" Max="32767">0</VPos>
                    <HSize Min="0" Max="32767">500</HSize>
                    <VSize Min="0" Max="32767">500</VSize>
                  </PostMaskOWIN>
                </WinAdjust>
                <VideoColor id="0">
                  <Hue Min="-180" Max="180">0</Hue>
                  <Sat Min="0" Max="200">100</Sat>
                  <Bright Min="0" Max="200">100</Bright>
                  <BrightR Min="0" Max="200">100</BrightR>
                  <BrightG Min="0" Max="200">100</BrightG>
                  <BrightB Min="0" Max="200">100</BrightB>
                  <Contr Min="0" Max="200">100</Contr>
                  <ContrR Min="0" Max="200">100</ContrR>
                  <ContrG Min="0" Max="200">100</ContrG>
                  <ContrB Min="0" Max="200">100</ContrB>
                  <Invert Min="0" Max="1">0</Invert>
                  <Gamma Min="0.3" Max="3.3">1</Gamma>
                  <ColorSpace LegalValues="0 1">1</ColorSpace>
                  <ColorRange LegalValues="0 1">0</ColorRange>
                  <Mono Min="0" Max="1">0</Mono>
                </VideoColor>
              </LayerState>
              <Transition id="0">
                <TransTime Min="0" Max="1999">30</TransTime>
                <TransPos Min="0" Max="4096">0</TransPos>
                <TransCurve LegalValues="0 1 2 3">1</TransCurve>
                <TransDelay Min="0" Max="1999">0</TransDelay>
                <ArmMode Min="0" Max="1">0</ArmMode>
                <TBarDead Min="0" Max="1">0</TBarDead>
                <AutoTransInProg Min="0" Max="1">0</AutoTransInProg>
                <TransInProg Min="0" Max="1">0</TransInProg>
              </Transition>
              <Transition id="1">
                <TransTime Min="0" Max="1999">30</TransTime>
                <TransPos Min="0" Max="4096">0</TransPos>
                <TransCurve LegalValues="0 1 2 3">1</TransCurve>
                <TransDelay Min="0" Max="1999">0</TransDelay>
                <ArmMode Min="0" Max="1">0</ArmMode>
                <TBarDead Min="0" Max="1">0</TBarDead>
                <AutoTransInProg Min="0" Max="1">0</AutoTransInProg>
                <TransInProg Min="0" Max="1">0</TransInProg>
              </Transition>
            </LayerCfg>
          </Layer>
        </LayerCollection>
        <MixerCollection id="0">
          <Mixer id="0">
            <LayerAIndex Min="-1" Max="63">0</LayerAIndex>
            <SplitMode Min="0" Max="1">0</SplitMode>
            <JoinMode Min="0" Max="1">0</JoinMode>
            <ToggleMode Min="0" Max="1">0</ToggleMode>
            <linkLayers Min="0" Max="1">0</linkLayers>
            <Error Min="-1000000" Max="1000000">0</Error>
          </Mixer>
          <Mixer id="1">
            <LayerAIndex Min="-1" Max="63">2</LayerAIndex>
            <SplitMode Min="0" Max="1">0</SplitMode>
            <JoinMode Min="0" Max="1">0</JoinMode>
            <ToggleMode Min="0" Max="1">0</ToggleMode>
            <linkLayers Min="0" Max="1">0</linkLayers>
            <Error Min="-1000000" Max="1000000">0</Error>
          </Mixer>
          <Mixer id="2">
            <LayerAIndex Min="-1" Max="63">4</LayerAIndex>
            <SplitMode Min="0" Max="1">0</SplitMode>
            <JoinMode Min="0" Max="1">0</JoinMode>
            <ToggleMode Min="0" Max="1">0</ToggleMode>
            <linkLayers Min="0" Max="1">0</linkLayers>
            <Error Min="-1000000" Max="1000000">0</Error>
          </Mixer>
        </MixerCollection>
      </ScreenDest>
      <ScreenDest id="1">
        <IsActive LegalValues="0 1">1</IsActive>
        <FrameType Min="0" Max="1">0</FrameType>
        <CanvasOpMode Min="0" Max="1">0</CanvasOpMode>
        <CurrBGLyr Min="0" Max="1">0</CurrBGLyr>
        <Name>ScreenDest2</Name>
        <ToggleMode Min="0" Max="1">0</ToggleMode>
        <Live Min="0" Max="1">0</Live>
        <LockProgram Min="0" Max="1">1</LockProgram>
        <HdcpMode Min="0" Max="1">0</HdcpMode>
        <CanvasMode LegalValues="0 1">0</CanvasMode>
        <CanvasInCfg Min="-1" Max="127">-1</CanvasInCfg>
        <HSize Min="0" Max="32767">1920</HSize>
        <VSize Min="0" Max="32767">1080</VSize>
        <HDimension Min="0" Max="24">1</HDimension>
        <VDimension Min="0" Max="16">1</VDimension>
        <AvlSclr Min="0" Max="63">0</AvlSclr>
        <BGLyr id="0">
          <LastBGSourceIndex Min="-1" Max="255">-1</LastBGSourceIndex>
          <BGShowMatte Min="0" Max="1">1</BGShowMatte>
          <Name>Empty</Name>
          <BGColor id="0">
            <Red Min="0" Max="1023">0</Red>
            <Green Min="0" Max="1023">0</Green>
            <Blue Min="0" Max="1023">0</Blue>
          </BGColor>
        </BGLyr>
        <BGLyr id="1">
          <LastBGSourceIndex Min="-1" Max="255">-1</LastBGSourceIndex>
          <BGShowMatte Min="0" Max="1">1</BGShowMatte>
          <Name>Empty</Name>
          <BGColor id="0">
            <Red Min="0" Max="1023">0</Red>
            <Green Min="0" Max="1023">0</Green>
            <Blue Min="0" Max="1023">0</Blue>
          </BGColor>
        </BGLyr>
        <Transition id="0">
          <TransTime Min="0" Max="1999">30</TransTime>
          <TransPos Min="0" Max="4096">0</TransPos>
          <TransCurve LegalValues="0 1 2 3">1</TransCurve>
          <TransDelay Min="0" Max="1999">0</TransDelay>
          <ArmMode Min="0" Max="1">1</ArmMode>
          <TBarDead Min="0" Max="1">0</TBarDead>
          <AutoTransInProg Min="0" Max="1">0</AutoTransInProg>
          <TransInProg Min="0" Max="1">1</TransInProg>
        </Transition>
        <Transition id="1">
          <TransTime Min="0" Max="1999">30</TransTime>
          <TransPos Min="0" Max="4096">0</TransPos>
          <TransCurve LegalValues="0 1 2 3">1</TransCurve>
          <TransDelay Min="0" Max="1999">0</TransDelay>
          <ArmMode Min="0" Max="1">0</ArmMode>
          <TBarDead Min="0" Max="1">0</TBarDead>
          <AutoTransInProg Min="0" Max="1">0</AutoTransInProg>
          <TransInProg Min="0" Max="1">0</TransInProg>
        </Transition>
        <VideoFormat id="0">
          <Name>1920x1080p @59.94</Name>
          <HFreq>67433</HFreq>
          <HSync Min="1" Max="192">88</HSync>
          <HActive Min="0" Max="2024">1920</HActive>
          <HFP Min="0" Max="192">88</HFP>
          <HTotal Min="2096" Max="8191">2200</HTotal>
          <VFreq Min="20" Max="75">59.9401</VFreq>
          <VSync Min="1" Max="41">5</VSync>
          <VActive Min="0" Max="1116">1080</VActive>
          <VFP Min="0" Max="40">4</VFP>
          <VTotal Min="1089" Max="8191">1125</VTotal>
          <PixelClk>148.352</PixelClk>
          <HSP Min="78" Max="80">80</HSP>
          <VSP Min="78" Max="80">80</VSP>
          <AR Min="0" Max="1000">1.77778</AR>
          <Interlaced>80</Interlaced>
          <VFType Min="0" Max="0">8</VFType>
          <VFEnum Min="0" Max="4700">2708</VFEnum>
          <VFStdFrom Min="0" Max="4">4</VFStdFrom>
          <VFStdNum>16</VFStdNum>
        </VideoFormat>
        <DestOutMapCol id="0">
          <DestOutMap id="0">
            <OutCfgIndex Min="-1" Max="127">1</OutCfgIndex>
            <CanvasIndex Min="0" Max="1">0</CanvasIndex>
            <HPos Min="-100000" Max="100000">0</HPos>
            <VPos Min="-100000" Max="100000">0</VPos>
            <Group Min="0" Max="1">0</Group>
            <FrzMode Min="0" Max="1">0</FrzMode>
            <Error Min="-1000000" Max="1000000">0</Error>
          </DestOutMap>
        </DestOutMapCol>
        <LayerCollection id="0">
          <Layer id="0">
            <PgmMode Min="0" Max="1">0</PgmMode>
            <PvwMode Min="0" Max="1">1</PvwMode>
            <SrcSwitch Min="0" Max="1">1</SrcSwitch>
            <IsActive LegalValues="0 1">0</IsActive>
            <PgmZOrder Min="0" Max="127">0</PgmZOrder>
            <PvwZOrder Min="0" Max="127">0</PvwZOrder>
            <Eye3D LegalValues="0 1">0</Eye3D>
            <LastSrcIdx Min="-1" Max="255">2</LastSrcIdx>
            <LastUserKeyIdx Min="-1" Max="299">0</LastUserKeyIdx>
            <Name>Layer1-A</Name>
            <Capacity LegalValues="1 2 4">1</Capacity>
            <Error Min="-1000000" Max="1000000">0</Error>
            <LayerCfg id="0">
              <LayerMode LegalValues="0 1">1</LayerMode>
              <NumOfStates Min="0" Max="2">1</NumOfStates>
              <ActiveState Min="0" Max="1">0</ActiveState>
              <UseEfxColor Min="0" Max="1">0</UseEfxColor>
              <FrzMode Min="0" Max="1">0</FrzMode>
              <Source id="0">
                <InputCfgIndex Min="-1" Max="127">1</InputCfgIndex>
                <StillIndex Min="-1" Max="99">-1</StillIndex>
                <UserKeyIndex Min="-1" Max="299">-1</UserKeyIndex>
                <Name>DVI 1-3</Name>
                <SrcType Min="0" Max="3">0</SrcType>
                <DestIndex Min="-1" Max="127">-1</DestIndex>
                <AR Min="0" Max="128">1.77778</AR>
                <Error Min="-1000000" Max="1000000">-9399</Error>
                <AOIRect id="0">
                  <HPos Min="0" Max="0">0</HPos>
                  <VPos Min="0" Max="0">0</VPos>
                  <HSize Min="0" Max="1920">1920</HSize>
                  <VSize Min="0" Max="1080">1080</VSize>
                  <AR Min="0" Max="99">1.77778</AR>
                </AOIRect>
                <VideoColor id="0">
                  <Hue Min="-90" Max="90">0</Hue>
                  <Sat Min="0" Max="150">100</Sat>
                  <Bright Min="50" Max="150">100</Bright>
                  <BrightR Min="25" Max="150">100</BrightR>
                  <BrightG Min="25" Max="150">100</BrightG>
                  <BrightB Min="25" Max="150">100</BrightB>
                  <Contr Min="50" Max="150">100</Contr>
                  <ContrR Min="25" Max="150">100</ContrR>
                  <ContrG Min="25" Max="150">100</ContrG>
                  <ContrB Min="25" Max="150">100</ContrB>
                  <Invert Min="0" Max="1">0</Invert>
                  <Gamma Min="0.3" Max="3.3">1</Gamma>
                  <ColorSpace LegalValues="0 1">1</ColorSpace>
                  <ColorRange LegalValues="0 1">0</ColorRange>
                  <Mono Min="0" Max="1">0</Mono>
                </VideoColor>
              </Source>
              <LayerState id="0">
                <Mode Min="0" Max="1">0</Mode>
                <Flip LegalValues="0 1 2 3">0</Flip>
                <StrobeInt Min="2" Max="100">2</StrobeInt>
                <Key id="0">
                  <KeyType LegalValues="0 1">0</KeyType>
                  <Clip Min="0" Max="100">50</Clip>
                  <Gain Min="0" Max="100">1</Gain>
                  <Opacity Min="0" Max="100">100</Opacity>
                  <ChromaOp Min="0" Max="100">100</ChromaOp>
                  <HighSupp Min="0" Max="100">0</HighSupp>
                  <Luma Min="0" Max="100">37.5</Luma>
                  <Sat Min="0" Max="100">100</Sat>
                  <SatClip Min="0" Max="100">5</SatClip>
                  <ShadowSupp Min="0" Max="100">0</ShadowSupp>
                  <SpillSupp Min="0" Max="100">0</SpillSupp>
                  <ChromaClip Min="0" Max="90">10</ChromaClip>
                  <ChromaRamp Min="0" Max="180">90</ChromaRamp>
                  <SatGain Min="1" Max="100">5</SatGain>
                  <ColorPickXPos Min="0" Max="32767">0</ColorPickXPos>
                  <ColorPickYPos Min="0" Max="32767">0</ColorPickYPos>
                  <ColorPickOn Min="0" Max="1">0</ColorPickOn>
                  <Hue Min="0" Max="360">0</Hue>
                  <FillType LegalValues="0 1 2">0</FillType>
                  <Color id="0">
                    <Red Min="0" Max="1023">0</Red>
                    <Green Min="0" Max="1023">0</Green>
                    <Blue Min="0" Max="1023">0</Blue>
                  </Color>
                </Key>
                <PIP id="0">
                  <Border id="0">
                    <UnitType Min="0" Max="1">0</UnitType>
                    <BrdrPixel Min="0" Max="512">50</BrdrPixel>
                    <BrdrPercent Min="0" Max="50">4.62963</BrdrPercent>
                    <BrdrTyp LegalValues="0 1 2 3 4 5">0</BrdrTyp>
                    <Color id="0">
                      <Red Min="0" Max="1023">800</Red>
                      <Green Min="0" Max="1023">800</Green>
                      <Blue Min="0" Max="1023">800</Blue>
                    </Color>
                  </Border>
                  <Shadow id="0">
                    <Mode Min="0" Max="1">0</Mode>
                    <Opacity Min="0" Max="1">0.5</Opacity>
                    <EdgeWidth Min="0" Max="512">30</EdgeWidth>
                    <Rect id="0">
                      <HPos Min="-32767" Max="32767">5</HPos>
                      <VPos Min="-32767" Max="32767">5</VPos>
                      <HSize Min="0" Max="32767">100</HSize>
                      <VSize Min="0" Max="32767">100</VSize>
                      <AR Min="0" Max="99">0</AR>
                    </Rect>
                    <Color id="0">
                      <Red Min="0" Max="1023">0</Red>
                      <Green Min="0" Max="1023">0</Green>
                      <Blue Min="0" Max="1023">0</Blue>
                    </Color>
                  </Shadow>
                </PIP>
                <WinAdjust id="0">
                  <IWIN id="0">
                    <HPos Min="0" Max="0">0</HPos>
                    <VPos Min="0" Max="0">0</VPos>
                    <HSize Min="0" Max="1920">1920</HSize>
                    <VSize Min="0" Max="1080">1080</VSize>
                    <AR Min="0" Max="99">0</AR>
                  </IWIN>
                  <Mask id="0">
                    <Left Min="0" Max="100">0</Left>
                    <Right Min="0" Max="100">0</Right>
                    <Top Min="0" Max="100">0</Top>
                    <Bottom Min="0" Max="100">0</Bottom>
                  </Mask>
                  <OWIN id="0">
                    <HPos Min="-32767" Max="32767">0</HPos>
                    <VPos Min="-32767" Max="32767">0</VPos>
                    <HSize Min="0" Max="32767">1920</HSize>
                    <VSize Min="0" Max="32767">1080</VSize>
                    <AR Min="0" Max="99">0</AR>
                  </OWIN>
                  <PostMaskIWIN id="0">
                    <AR Min="0" Max="99">1.77778</AR>
                    <HPos Min="0" Max="0">0</HPos>
                    <VPos Min="0" Max="0">0</VPos>
                    <HSize Min="0" Max="1920">1920</HSize>
                    <VSize Min="0" Max="1080">1080</VSize>
                  </PostMaskIWIN>
                  <PostMaskOWIN id="0">
                    <AR Min="0" Max="99">1.77778</AR>
                    <HPos Min="-32767" Max="32767">0</HPos>
                    <VPos Min="-32767" Max="32767">0</VPos>
                    <HSize Min="0" Max="32767">1920</HSize>
                    <VSize Min="0" Max="32767">1080</VSize>
                  </PostMaskOWIN>
                </WinAdjust>
                <VideoColor id="0">
                  <Hue Min="-180" Max="180">0</Hue>
                  <Sat Min="0" Max="200">100</Sat>
                  <Bright Min="0" Max="200">100</Bright>
                  <BrightR Min="0" Max="200">100</BrightR>
                  <BrightG Min="0" Max="200">100</BrightG>
                  <BrightB Min="0" Max="200">100</BrightB>
                  <Contr Min="0" Max="200">100</Contr>
                  <ContrR Min="0" Max="200">100</ContrR>
                  <ContrG Min="0" Max="200">100</ContrG>
                  <ContrB Min="0" Max="200">100</ContrB>
                  <Invert Min="0" Max="1">0</Invert>
                  <Gamma Min="0.3" Max="3.3">1</Gamma>
                  <ColorSpace LegalValues="0 1">1</ColorSpace>
                  <ColorRange LegalValues="0 1">0</ColorRange>
                  <Mono Min="0" Max="1">0</Mono>
                </VideoColor>
              </LayerState>
              <LayerState id="1">
                <Mode Min="0" Max="1">0</Mode>
                <Flip LegalValues="0 1 2 3">0</Flip>
                <StrobeInt Min="2" Max="100">2</StrobeInt>
                <Key id="0">
                  <KeyType LegalValues="0 1">0</KeyType>
                  <Clip Min="0" Max="100">50</Clip>
                  <Gain Min="0" Max="100">1</Gain>
                  <Opacity Min="0" Max="100">100</Opacity>
                  <ChromaOp Min="0" Max="100">100</ChromaOp>
                  <HighSupp Min="0" Max="100">0</HighSupp>
                  <Luma Min="0" Max="100">37.5</Luma>
                  <Sat Min="0" Max="100">100</Sat>
                  <SatClip Min="0" Max="100">5</SatClip>
                  <ShadowSupp Min="0" Max="100">0</ShadowSupp>
                  <SpillSupp Min="0" Max="100">0</SpillSupp>
                  <ChromaClip Min="0" Max="90">10</ChromaClip>
                  <ChromaRamp Min="0" Max="180">90</ChromaRamp>
                  <SatGain Min="1" Max="100">5</SatGain>
                  <ColorPickXPos Min="0" Max="32767">0</ColorPickXPos>
                  <ColorPickYPos Min="0" Max="32767">0</ColorPickYPos>
                  <ColorPickOn Min="0" Max="1">0</ColorPickOn>
                  <Hue Min="0" Max="360">0</Hue>
                  <FillType LegalValues="0 1 2">0</FillType>
                  <Color id="0">
                    <Red Min="0" Max="1023">0</Red>
                    <Green Min="0" Max="1023">0</Green>
                    <Blue Min="0" Max="1023">0</Blue>
                  </Color>
                </Key>
                <PIP id="0">
                  <Border id="0">
                    <UnitType Min="0" Max="1">0</UnitType>
                    <BrdrPixel Min="0" Max="512">50</BrdrPixel>
                    <BrdrPercent Min="0" Max="50">10</BrdrPercent>
                    <BrdrTyp LegalValues="0 1 2 3 4 5">0</BrdrTyp>
                    <Color id="0">
                      <Red Min="0" Max="1023">800</Red>
                      <Green Min="0" Max="1023">800</Green>
                      <Blue Min="0" Max="1023">800</Blue>
                    </Color>
                  </Border>
                  <Shadow id="0">
                    <Mode Min="0" Max="1">0</Mode>
                    <Opacity Min="0" Max="1">0.5</Opacity>
                    <EdgeWidth Min="0" Max="512">30</EdgeWidth>
                    <Rect id="0">
                      <HPos Min="-32767" Max="32767">5</HPos>
                      <VPos Min="-32767" Max="32767">5</VPos>
                      <HSize Min="0" Max="32767">100</HSize>
                      <VSize Min="0" Max="32767">100</VSize>
                      <AR Min="0" Max="99">0</AR>
                    </Rect>
                    <Color id="0">
                      <Red Min="0" Max="1023">0</Red>
                      <Green Min="0" Max="1023">0</Green>
                      <Blue Min="0" Max="1023">0</Blue>
                    </Color>
                  </Shadow>
                </PIP>
                <WinAdjust id="0">
                  <IWIN id="0">
                    <HPos Min="0" Max="0">0</HPos>
                    <VPos Min="0" Max="0">0</VPos>
                    <HSize Min="0" Max="1920">1920</HSize>
                    <VSize Min="0" Max="1080">1080</VSize>
                    <AR Min="0" Max="99">0</AR>
                  </IWIN>
                  <Mask id="0">
                    <Left Min="0" Max="100">0</Left>
                    <Right Min="0" Max="100">0</Right>
                    <Top Min="0" Max="100">0</Top>
                    <Bottom Min="0" Max="100">0</Bottom>
                  </Mask>
                  <OWIN id="0">
                    <HPos Min="-32767" Max="32767">-194</HPos>
                    <VPos Min="-32767" Max="32767">0</VPos>
                    <HSize Min="0" Max="32767">889</HSize>
                    <VSize Min="0" Max="32767">500</VSize>
                    <AR Min="0" Max="99">0</AR>
                  </OWIN>
                  <PostMaskIWIN id="0">
                    <AR Min="0" Max="99">1.77778</AR>
                    <HPos Min="0" Max="0">0</HPos>
                    <VPos Min="0" Max="0">0</VPos>
                    <HSize Min="0" Max="1920">1920</HSize>
                    <VSize Min="0" Max="1080">1080</VSize>
                  </PostMaskIWIN>
                  <PostMaskOWIN id="0">
                    <AR Min="0" Max="99">1.778</AR>
                    <HPos Min="-32767" Max="32767">-194</HPos>
                    <VPos Min="-32767" Max="32767">0</VPos>
                    <HSize Min="0" Max="32767">889</HSize>
                    <VSize Min="0" Max="32767">500</VSize>
                  </PostMaskOWIN>
                </WinAdjust>
                <VideoColor id="0">
                  <Hue Min="-180" Max="180">0</Hue>
                  <Sat Min="0" Max="200">100</Sat>
                  <Bright Min="0" Max="200">100</Bright>
                  <BrightR Min="0" Max="200">100</BrightR>
                  <BrightG Min="0" Max="200">100</BrightG>
                  <BrightB Min="0" Max="200">100</BrightB>
                  <Contr Min="0" Max="200">100</Contr>
                  <ContrR Min="0" Max="200">100</ContrR>
                  <ContrG Min="0" Max="200">100</ContrG>
                  <ContrB Min="0" Max="200">100</ContrB>
                  <Invert Min="0" Max="1">0</Invert>
                  <Gamma Min="0.3" Max="3.3">1</Gamma>
                  <ColorSpace LegalValues="0 1">1</ColorSpace>
                  <ColorRange LegalValues="0 1">0</ColorRange>
                  <Mono Min="0" Max="1">0</Mono>
                </VideoColor>
              </LayerState>
              <Transition id="0">
                <TransTime Min="0" Max="1999">30</TransTime>
                <TransPos Min="0" Max="4096">0</TransPos>
                <TransCurve LegalValues="0 1 2 3">1</TransCurve>
                <TransDelay Min="0" Max="1999">0</TransDelay>
                <ArmMode Min="0" Max="1">0</ArmMode>
                <TBarDead Min="0" Max="1">0</TBarDead>
                <AutoTransInProg Min="0" Max="1">0</AutoTransInProg>
                <TransInProg Min="0" Max="1">0</TransInProg>
              </Transition>
              <Transition id="1">
                <TransTime Min="0" Max="1999">30</TransTime>
                <TransPos Min="0" Max="4096">0</TransPos>
                <TransCurve LegalValues="0 1 2 3">1</TransCurve>
                <TransDelay Min="0" Max="1999">0</TransDelay>
                <ArmMode Min="0" Max="1">0</ArmMode>
                <TBarDead Min="0" Max="1">0</TBarDead>
                <AutoTransInProg Min="0" Max="1">0</AutoTransInProg>
                <TransInProg Min="0" Max="1">0</TransInProg>
              </Transition>
            </LayerCfg>
          </Layer>
          <Layer id="1">
            <PgmMode Min="0" Max="1">1</PgmMode>
            <PvwMode Min="0" Max="1">0</PvwMode>
            <SrcSwitch Min="0" Max="1">1</SrcSwitch>
            <IsActive LegalValues="0 1">0</IsActive>
            <PgmZOrder Min="0" Max="127">0</PgmZOrder>
            <PvwZOrder Min="0" Max="127">0</PvwZOrder>
            <Eye3D LegalValues="0 1">0</Eye3D>
            <LastSrcIdx Min="-1" Max="255">0</LastSrcIdx>
            <LastUserKeyIdx Min="-1" Max="299">0</LastUserKeyIdx>
            <Name>Layer1-B</Name>
            <Capacity LegalValues="1 2 4">1</Capacity>
            <Error Min="-1000000" Max="1000000">0</Error>
            <LayerCfg id="0">
              <LayerMode LegalValues="0 1">1</LayerMode>
              <NumOfStates Min="0" Max="2">1</NumOfStates>
              <ActiveState Min="0" Max="1">0</ActiveState>
              <UseEfxColor Min="0" Max="1">0</UseEfxColor>
              <FrzMode Min="0" Max="1">0</FrzMode>
              <Source id="0">
                <InputCfgIndex Min="-1" Max="127">0</InputCfgIndex>
                <StillIndex Min="-1" Max="99">-1</StillIndex>
                <UserKeyIndex Min="-1" Max="299">-1</UserKeyIndex>
                <Name>DP 1-1</Name>
                <SrcType Min="0" Max="3">0</SrcType>
                <DestIndex Min="-1" Max="127">-1</DestIndex>
                <AR Min="0" Max="128">1.77778</AR>
                <Error Min="-1000000" Max="1000000">-9399</Error>
                <AOIRect id="0">
                  <HPos Min="0" Max="0">0</HPos>
                  <VPos Min="0" Max="0">0</VPos>
                  <HSize Min="0" Max="1920">1920</HSize>
                  <VSize Min="0" Max="1080">1080</VSize>
                  <AR Min="0" Max="99">1.77778</AR>
                </AOIRect>
                <VideoColor id="0">
                  <Hue Min="-90" Max="90">0</Hue>
                  <Sat Min="0" Max="150">100</Sat>
                  <Bright Min="50" Max="150">100</Bright>
                  <BrightR Min="25" Max="150">100</BrightR>
                  <BrightG Min="25" Max="150">100</BrightG>
                  <BrightB Min="25" Max="150">100</BrightB>
                  <Contr Min="50" Max="150">100</Contr>
                  <ContrR Min="25" Max="150">100</ContrR>
                  <ContrG Min="25" Max="150">100</ContrG>
                  <ContrB Min="25" Max="150">100</ContrB>
                  <Invert Min="0" Max="1">0</Invert>
                  <Gamma Min="0.3" Max="3.3">1</Gamma>
                  <ColorSpace LegalValues="0 1">1</ColorSpace>
                  <ColorRange LegalValues="0 1">0</ColorRange>
                  <Mono Min="0" Max="1">0</Mono>
                </VideoColor>
              </Source>
              <LayerState id="0">
                <Mode Min="0" Max="1">0</Mode>
                <Flip LegalValues="0 1 2 3">0</Flip>
                <StrobeInt Min="2" Max="100">2</StrobeInt>
                <Key id="0">
                  <KeyType LegalValues="0 1">0</KeyType>
                  <Clip Min="0" Max="100">50</Clip>
                  <Gain Min="0" Max="100">1</Gain>
                  <Opacity Min="0" Max="100">100</Opacity>
                  <ChromaOp Min="0" Max="100">100</ChromaOp>
                  <HighSupp Min="0" Max="100">0</HighSupp>
                  <Luma Min="0" Max="100">37.5</Luma>
                  <Sat Min="0" Max="100">100</Sat>
                  <SatClip Min="0" Max="100">5</SatClip>
                  <ShadowSupp Min="0" Max="100">0</ShadowSupp>
                  <SpillSupp Min="0" Max="100">0</SpillSupp>
                  <ChromaClip Min="0" Max="90">10</ChromaClip>
                  <ChromaRamp Min="0" Max="180">90</ChromaRamp>
                  <SatGain Min="1" Max="100">5</SatGain>
                  <ColorPickXPos Min="0" Max="32767">0</ColorPickXPos>
                  <ColorPickYPos Min="0" Max="32767">0</ColorPickYPos>
                  <ColorPickOn Min="0" Max="1">0</ColorPickOn>
                  <Hue Min="0" Max="360">0</Hue>
                  <FillType LegalValues="0 1 2">0</FillType>
                  <Color id="0">
                    <Red Min="0" Max="1023">0</Red>
                    <Green Min="0" Max="1023">0</Green>
                    <Blue Min="0" Max="1023">0</Blue>
                  </Color>
                </Key>
                <PIP id="0">
                  <Border id="0">
                    <UnitType Min="0" Max="1">0</UnitType>
                    <BrdrPixel Min="0" Max="512">50</BrdrPixel>
                    <BrdrPercent Min="0" Max="50">4.62963</BrdrPercent>
                    <BrdrTyp LegalValues="0 1 2 3 4 5">0</BrdrTyp>
                    <Color id="0">
                      <Red Min="0" Max="1023">800</Red>
                      <Green Min="0" Max="1023">800</Green>
                      <Blue Min="0" Max="1023">800</Blue>
                    </Color>
                  </Border>
                  <Shadow id="0">
                    <Mode Min="0" Max="1">0</Mode>
                    <Opacity Min="0" Max="1">0.5</Opacity>
                    <EdgeWidth Min="0" Max="512">30</EdgeWidth>
                    <Rect id="0">
                      <HPos Min="-32767" Max="32767">5</HPos>
                      <VPos Min="-32767" Max="32767">5</VPos>
                      <HSize Min="0" Max="32767">100</HSize>
                      <VSize Min="0" Max="32767">100</VSize>
                      <AR Min="0" Max="99">0</AR>
                    </Rect>
                    <Color id="0">
                      <Red Min="0" Max="1023">0</Red>
                      <Green Min="0" Max="1023">0</Green>
                      <Blue Min="0" Max="1023">0</Blue>
                    </Color>
                  </Shadow>
                </PIP>
                <WinAdjust id="0">
                  <IWIN id="0">
                    <HPos Min="0" Max="0">0</HPos>
                    <VPos Min="0" Max="0">0</VPos>
                    <HSize Min="0" Max="1920">1920</HSize>
                    <VSize Min="0" Max="1080">1080</VSize>
                    <AR Min="0" Max="99">0</AR>
                  </IWIN>
                  <Mask id="0">
                    <Left Min="0" Max="100">0</Left>
                    <Right Min="0" Max="100">0</Right>
                    <Top Min="0" Max="100">0</Top>
                    <Bottom Min="0" Max="100">0</Bottom>
                  </Mask>
                  <OWIN id="0">
                    <HPos Min="-32767" Max="32767">0</HPos>
                    <VPos Min="-32767" Max="32767">0</VPos>
                    <HSize Min="0" Max="32767">1920</HSize>
                    <VSize Min="0" Max="32767">1080</VSize>
                    <AR Min="0" Max="99">0</AR>
                  </OWIN>
                  <PostMaskIWIN id="0">
                    <AR Min="0" Max="99">1.77778</AR>
                    <HPos Min="0" Max="0">0</HPos>
                    <VPos Min="0" Max="0">0</VPos>
                    <HSize Min="0" Max="1920">1920</HSize>
                    <VSize Min="0" Max="1080">1080</VSize>
                  </PostMaskIWIN>
                  <PostMaskOWIN id="0">
                    <AR Min="0" Max="99">1.77778</AR>
                    <HPos Min="-32767" Max="32767">0</HPos>
                    <VPos Min="-32767" Max="32767">0</VPos>
                    <HSize Min="0" Max="32767">1920</HSize>
                    <VSize Min="0" Max="32767">1080</VSize>
                  </PostMaskOWIN>
                </WinAdjust>
                <VideoColor id="0">
                  <Hue Min="-180" Max="180">0</Hue>
                  <Sat Min="0" Max="200">100</Sat>
                  <Bright Min="0" Max="200">100</Bright>
                  <BrightR Min="0" Max="200">100</BrightR>
                  <BrightG Min="0" Max="200">100</BrightG>
                  <BrightB Min="0" Max="200">100</BrightB>
                  <Contr Min="0" Max="200">100</Contr>
                  <ContrR Min="0" Max="200">100</ContrR>
                  <ContrG Min="0" Max="200">100</ContrG>
                  <ContrB Min="0" Max="200">100</ContrB>
                  <Invert Min="0" Max="1">0</Invert>
                  <Gamma Min="0.3" Max="3.3">1</Gamma>
                  <ColorSpace LegalValues="0 1">1</ColorSpace>
                  <ColorRange LegalValues="0 1">0</ColorRange>
                  <Mono Min="0" Max="1">0</Mono>
                </VideoColor>
              </LayerState>
              <LayerState id="1">
                <Mode Min="0" Max="1">0</Mode>
                <Flip LegalValues="0 1 2 3">0</Flip>
                <StrobeInt Min="2" Max="100">2</StrobeInt>
                <Key id="0">
                  <KeyType LegalValues="0 1">0</KeyType>
                  <Clip Min="0" Max="100">50</Clip>
                  <Gain Min="0" Max="100">1</Gain>
                  <Opacity Min="0" Max="100">100</Opacity>
                  <ChromaOp Min="0" Max="100">100</ChromaOp>
                  <HighSupp Min="0" Max="100">0</HighSupp>
                  <Luma Min="0" Max="100">37.5</Luma>
                  <Sat Min="0" Max="100">100</Sat>
                  <SatClip Min="0" Max="100">5</SatClip>
                  <ShadowSupp Min="0" Max="100">0</ShadowSupp>
                  <SpillSupp Min="0" Max="100">0</SpillSupp>
                  <ChromaClip Min="0" Max="90">10</ChromaClip>
                  <ChromaRamp Min="0" Max="180">90</ChromaRamp>
                  <SatGain Min="1" Max="100">5</SatGain>
                  <ColorPickXPos Min="0" Max="32767">0</ColorPickXPos>
                  <ColorPickYPos Min="0" Max="32767">0</ColorPickYPos>
                  <ColorPickOn Min="0" Max="1">0</ColorPickOn>
                  <Hue Min="0" Max="360">0</Hue>
                  <FillType LegalValues="0 1 2">0</FillType>
                  <Color id="0">
                    <Red Min="0" Max="1023">0</Red>
                    <Green Min="0" Max="1023">0</Green>
                    <Blue Min="0" Max="1023">0</Blue>
                  </Color>
                </Key>
                <PIP id="0">
                  <Border id="0">
                    <UnitType Min="0" Max="1">0</UnitType>
                    <BrdrPixel Min="0" Max="512">50</BrdrPixel>
                    <BrdrPercent Min="0" Max="50">10</BrdrPercent>
                    <BrdrTyp LegalValues="0 1 2 3 4 5">0</BrdrTyp>
                    <Color id="0">
                      <Red Min="0" Max="1023">800</Red>
                      <Green Min="0" Max="1023">800</Green>
                      <Blue Min="0" Max="1023">800</Blue>
                    </Color>
                  </Border>
                  <Shadow id="0">
                    <Mode Min="0" Max="1">0</Mode>
                    <Opacity Min="0" Max="1">0.5</Opacity>
                    <EdgeWidth Min="0" Max="512">30</EdgeWidth>
                    <Rect id="0">
                      <HPos Min="-32767" Max="32767">5</HPos>
                      <VPos Min="-32767" Max="32767">5</VPos>
                      <HSize Min="0" Max="32767">100</HSize>
                      <VSize Min="0" Max="32767">100</VSize>
                      <AR Min="0" Max="99">0</AR>
                    </Rect>
                    <Color id="0">
                      <Red Min="0" Max="1023">0</Red>
                      <Green Min="0" Max="1023">0</Green>
                      <Blue Min="0" Max="1023">0</Blue>
                    </Color>
                  </Shadow>
                </PIP>
                <WinAdjust id="0">
                  <IWIN id="0">
                    <HPos Min="0" Max="0">0</HPos>
                    <VPos Min="0" Max="0">0</VPos>
                    <HSize Min="0" Max="1920">1920</HSize>
                    <VSize Min="0" Max="1080">1080</VSize>
                    <AR Min="0" Max="99">0</AR>
                  </IWIN>
                  <Mask id="0">
                    <Left Min="0" Max="100">0</Left>
                    <Right Min="0" Max="100">0</Right>
                    <Top Min="0" Max="100">0</Top>
                    <Bottom Min="0" Max="100">0</Bottom>
                  </Mask>
                  <OWIN id="0">
                    <HPos Min="-32767" Max="32767">-194</HPos>
                    <VPos Min="-32767" Max="32767">0</VPos>
                    <HSize Min="0" Max="32767">889</HSize>
                    <VSize Min="0" Max="32767">500</VSize>
                    <AR Min="0" Max="99">0</AR>
                  </OWIN>
                  <PostMaskIWIN id="0">
                    <AR Min="0" Max="99">1.77778</AR>
                    <HPos Min="0" Max="0">0</HPos>
                    <VPos Min="0" Max="0">0</VPos>
                    <HSize Min="0" Max="1920">1920</HSize>
                    <VSize Min="0" Max="1080">1080</VSize>
                  </PostMaskIWIN>
                  <PostMaskOWIN id="0">
                    <AR Min="0" Max="99">1.778</AR>
                    <HPos Min="-32767" Max="32767">-194</HPos>
                    <VPos Min="-32767" Max="32767">0</VPos>
                    <HSize Min="0" Max="32767">889</HSize>
                    <VSize Min="0" Max="32767">500</VSize>
                  </PostMaskOWIN>
                </WinAdjust>
                <VideoColor id="0">
                  <Hue Min="-180" Max="180">0</Hue>
                  <Sat Min="0" Max="200">100</Sat>
                  <Bright Min="0" Max="200">100</Bright>
                  <BrightR Min="0" Max="200">100</BrightR>
                  <BrightG Min="0" Max="200">100</BrightG>
                  <BrightB Min="0" Max="200">100</BrightB>
                  <Contr Min="0" Max="200">100</Contr>
                  <ContrR Min="0" Max="200">100</ContrR>
                  <ContrG Min="0" Max="200">100</ContrG>
                  <ContrB Min="0" Max="200">100</ContrB>
                  <Invert Min="0" Max="1">0</Invert>
                  <Gamma Min="0.3" Max="3.3">1</Gamma>
                  <ColorSpace LegalValues="0 1">1</ColorSpace>
                  <ColorRange LegalValues="0 1">0</ColorRange>
                  <Mono Min="0" Max="1">0</Mono>
                </VideoColor>
              </LayerState>
              <Transition id="0">
                <TransTime Min="0" Max="1999">30</TransTime>
                <TransPos Min="0" Max="4096">0</TransPos>
                <TransCurve LegalValues="0 1 2 3">1</TransCurve>
                <TransDelay Min="0" Max="1999">0</TransDelay>
                <ArmMode Min="0" Max="1">0</ArmMode>
                <TBarDead Min="0" Max="1">0</TBarDead>
                <AutoTransInProg Min="0" Max="1">0</AutoTransInProg>
                <TransInProg Min="0" Max="1">0</TransInProg>
              </Transition>
              <Transition id="1">
                <TransTime Min="0" Max="1999">30</TransTime>
                <TransPos Min="0" Max="4096">0</TransPos>
                <TransCurve LegalValues="0 1 2 3">1</TransCurve>
                <TransDelay Min="0" Max="1999">0</TransDelay>
                <ArmMode Min="0" Max="1">0</ArmMode>
                <TBarDead Min="0" Max="1">0</TBarDead>
                <AutoTransInProg Min="0" Max="1">0</AutoTransInProg>
                <TransInProg Min="0" Max="1">0</TransInProg>
              </Transition>
            </LayerCfg>
          </Layer>
          <Layer id="2">
            <PgmMode Min="0" Max="1">0</PgmMode>
            <PvwMode Min="0" Max="1">0</PvwMode>
            <SrcSwitch Min="0" Max="1">1</SrcSwitch>
            <IsActive LegalValues="0 1">0</IsActive>
            <PgmZOrder Min="0" Max="127">2</PgmZOrder>
            <PvwZOrder Min="0" Max="127">2</PvwZOrder>
            <Eye3D LegalValues="0 1">0</Eye3D>
            <LastSrcIdx Min="-1" Max="255">2</LastSrcIdx>
            <LastUserKeyIdx Min="-1" Max="299">-1</LastUserKeyIdx>
            <Name>Layer2-A</Name>
            <Capacity LegalValues="1 2 4">1</Capacity>
            <Error Min="-1000000" Max="1000000">0</Error>
            <LayerCfg id="0">
              <LayerMode LegalValues="0 1">1</LayerMode>
              <NumOfStates Min="0" Max="2">1</NumOfStates>
              <ActiveState Min="0" Max="1">0</ActiveState>
              <UseEfxColor Min="0" Max="1">0</UseEfxColor>
              <FrzMode Min="0" Max="1">0</FrzMode>
              <Source id="0">
                <InputCfgIndex Min="-1" Max="127">1</InputCfgIndex>
                <StillIndex Min="-1" Max="99">-1</StillIndex>
                <UserKeyIndex Min="-1" Max="299">-1</UserKeyIndex>
                <Name>DVI 1-3</Name>
                <SrcType Min="0" Max="3">0</SrcType>
                <DestIndex Min="-1" Max="127">-1</DestIndex>
                <AR Min="0" Max="128">1.77778</AR>
                <Error Min="-1000000" Max="1000000">-9399</Error>
                <AOIRect id="0">
                  <HPos Min="0" Max="0">0</HPos>
                  <VPos Min="0" Max="0">0</VPos>
                  <HSize Min="0" Max="1920">1920</HSize>
                  <VSize Min="0" Max="1080">1080</VSize>
                  <AR Min="0" Max="99">1.77778</AR>
                </AOIRect>
                <VideoColor id="0">
                  <Hue Min="-90" Max="90">0</Hue>
                  <Sat Min="0" Max="150">100</Sat>
                  <Bright Min="50" Max="150">100</Bright>
                  <BrightR Min="25" Max="150">100</BrightR>
                  <BrightG Min="25" Max="150">100</BrightG>
                  <BrightB Min="25" Max="150">100</BrightB>
                  <Contr Min="50" Max="150">100</Contr>
                  <ContrR Min="25" Max="150">100</ContrR>
                  <ContrG Min="25" Max="150">100</ContrG>
                  <ContrB Min="25" Max="150">100</ContrB>
                  <Invert Min="0" Max="1">0</Invert>
                  <Gamma Min="0.3" Max="3.3">1</Gamma>
                  <ColorSpace LegalValues="0 1">1</ColorSpace>
                  <ColorRange LegalValues="0 1">0</ColorRange>
                  <Mono Min="0" Max="1">0</Mono>
                </VideoColor>
              </Source>
              <LayerState id="0">
                <Mode Min="0" Max="1">0</Mode>
                <Flip LegalValues="0 1 2 3">0</Flip>
                <StrobeInt Min="2" Max="100">2</StrobeInt>
                <Key id="0">
                  <KeyType LegalValues="0 1">0</KeyType>
                  <Clip Min="0" Max="100">50</Clip>
                  <Gain Min="0" Max="100">1</Gain>
                  <Opacity Min="0" Max="100">100</Opacity>
                  <ChromaOp Min="0" Max="100">100</ChromaOp>
                  <HighSupp Min="0" Max="100">0</HighSupp>
                  <Luma Min="0" Max="100">37.5</Luma>
                  <Sat Min="0" Max="100">100</Sat>
                  <SatClip Min="0" Max="100">5</SatClip>
                  <ShadowSupp Min="0" Max="100">0</ShadowSupp>
                  <SpillSupp Min="0" Max="100">0</SpillSupp>
                  <ChromaClip Min="0" Max="90">10</ChromaClip>
                  <ChromaRamp Min="0" Max="180">90</ChromaRamp>
                  <SatGain Min="1" Max="100">5</SatGain>
                  <ColorPickXPos Min="0" Max="32767">0</ColorPickXPos>
                  <ColorPickYPos Min="0" Max="32767">0</ColorPickYPos>
                  <ColorPickOn Min="0" Max="1">0</ColorPickOn>
                  <Hue Min="0" Max="360">0</Hue>
                  <FillType LegalValues="0 1 2">0</FillType>
                  <Color id="0">
                    <Red Min="0" Max="1023">0</Red>
                    <Green Min="0" Max="1023">0</Green>
                    <Blue Min="0" Max="1023">0</Blue>
                  </Color>
                </Key>
                <PIP id="0">
                  <Border id="0">
                    <UnitType Min="0" Max="1">0</UnitType>
                    <BrdrPixel Min="0" Max="512">50</BrdrPixel>
                    <BrdrPercent Min="0" Max="50">10</BrdrPercent>
                    <BrdrTyp LegalValues="0 1 2 3 4 5">0</BrdrTyp>
                    <Color id="0">
                      <Red Min="0" Max="1023">800</Red>
                      <Green Min="0" Max="1023">800</Green>
                      <Blue Min="0" Max="1023">800</Blue>
                    </Color>
                  </Border>
                  <Shadow id="0">
                    <Mode Min="0" Max="1">0</Mode>
                    <Opacity Min="0" Max="1">0.5</Opacity>
                    <EdgeWidth Min="0" Max="512">30</EdgeWidth>
                    <Rect id="0">
                      <HPos Min="-100" Max="100">5</HPos>
                      <VPos Min="-100" Max="100">5</VPos>
                      <HSize Min="100" Max="200">100</HSize>
                      <VSize Min="100" Max="200">100</VSize>
                      <AR Min="0" Max="99">0</AR>
                    </Rect>
                    <Color id="0">
                      <Red Min="0" Max="1023">0</Red>
                      <Green Min="0" Max="1023">0</Green>
                      <Blue Min="0" Max="1023">0</Blue>
                    </Color>
                  </Shadow>
                </PIP>
                <WinAdjust id="0">
                  <IWIN id="0">
                    <HPos Min="0" Max="0">0</HPos>
                    <VPos Min="0" Max="0">0</VPos>
                    <HSize Min="0" Max="1920">1920</HSize>
                    <VSize Min="0" Max="1080">1080</VSize>
                    <AR Min="0" Max="99">0</AR>
                  </IWIN>
                  <Mask id="0">
                    <Left Min="0" Max="100">0</Left>
                    <Right Min="0" Max="100">0</Right>
                    <Top Min="0" Max="100">0</Top>
                    <Bottom Min="0" Max="100">0</Bottom>
                  </Mask>
                  <OWIN id="0">
                    <HPos Min="-32767" Max="32767">-194</HPos>
                    <VPos Min="-32767" Max="32767">0</VPos>
                    <HSize Min="0" Max="32767">889</HSize>
                    <VSize Min="0" Max="32767">500</VSize>
                    <AR Min="0" Max="99">0</AR>
                  </OWIN>
                  <PostMaskIWIN id="0">
                    <AR Min="0" Max="99">1.77778</AR>
                    <HPos Min="0" Max="0">0</HPos>
                    <VPos Min="0" Max="0">0</VPos>
                    <HSize Min="0" Max="1920">1920</HSize>
                    <VSize Min="0" Max="1080">1080</VSize>
                  </PostMaskIWIN>
                  <PostMaskOWIN id="0">
                    <AR Min="0" Max="99">1.778</AR>
                    <HPos Min="-32767" Max="32767">-194</HPos>
                    <VPos Min="-32767" Max="32767">0</VPos>
                    <HSize Min="0" Max="32767">889</HSize>
                    <VSize Min="0" Max="32767">500</VSize>
                  </PostMaskOWIN>
                </WinAdjust>
                <VideoColor id="0">
                  <Hue Min="-180" Max="180">0</Hue>
                  <Sat Min="0" Max="200">100</Sat>
                  <Bright Min="0" Max="200">100</Bright>
                  <BrightR Min="0" Max="200">100</BrightR>
                  <BrightG Min="0" Max="200">100</BrightG>
                  <BrightB Min="0" Max="200">100</BrightB>
                  <Contr Min="0" Max="200">100</Contr>
                  <ContrR Min="0" Max="200">100</ContrR>
                  <ContrG Min="0" Max="200">100</ContrG>
                  <ContrB Min="0" Max="200">100</ContrB>
                  <Invert Min="0" Max="1">0</Invert>
                  <Gamma Min="0.3" Max="3.3">1</Gamma>
                  <ColorSpace LegalValues="0 1">1</ColorSpace>
                  <ColorRange LegalValues="0 1">0</ColorRange>
                  <Mono Min="0" Max="1">0</Mono>
                </VideoColor>
              </LayerState>
              <LayerState id="1">
                <Mode Min="0" Max="1">0</Mode>
                <Flip LegalValues="0 1 2 3">0</Flip>
                <StrobeInt Min="2" Max="100">2</StrobeInt>
                <Key id="0">
                  <KeyType LegalValues="0 1">0</KeyType>
                  <Clip Min="0" Max="100">50</Clip>
                  <Gain Min="0" Max="100">1</Gain>
                  <Opacity Min="0" Max="100">100</Opacity>
                  <ChromaOp Min="0" Max="100">100</ChromaOp>
                  <HighSupp Min="0" Max="100">0</HighSupp>
                  <Luma Min="0" Max="100">37.5</Luma>
                  <Sat Min="0" Max="100">100</Sat>
                  <SatClip Min="0" Max="100">5</SatClip>
                  <ShadowSupp Min="0" Max="100">0</ShadowSupp>
                  <SpillSupp Min="0" Max="100">0</SpillSupp>
                  <ChromaClip Min="0" Max="90">10</ChromaClip>
                  <ChromaRamp Min="0" Max="180">90</ChromaRamp>
                  <SatGain Min="1" Max="100">5</SatGain>
                  <ColorPickXPos Min="0" Max="32767">0</ColorPickXPos>
                  <ColorPickYPos Min="0" Max="32767">0</ColorPickYPos>
                  <ColorPickOn Min="0" Max="1">0</ColorPickOn>
                  <Hue Min="0" Max="360">0</Hue>
                  <FillType LegalValues="0 1 2">0</FillType>
                  <Color id="0">
                    <Red Min="0" Max="1023">0</Red>
                    <Green Min="0" Max="1023">0</Green>
                    <Blue Min="0" Max="1023">0</Blue>
                  </Color>
                </Key>
                <PIP id="0">
                  <Border id="0">
                    <UnitType Min="0" Max="1">0</UnitType>
                    <BrdrPixel Min="0" Max="512">50</BrdrPixel>
                    <BrdrPercent Min="0" Max="50">10</BrdrPercent>
                    <BrdrTyp LegalValues="0 1 2 3 4 5">0</BrdrTyp>
                    <Color id="0">
                      <Red Min="0" Max="1023">800</Red>
                      <Green Min="0" Max="1023">800</Green>
                      <Blue Min="0" Max="1023">800</Blue>
                    </Color>
                  </Border>
                  <Shadow id="0">
                    <Mode Min="0" Max="1">0</Mode>
                    <Opacity Min="0" Max="1">0.5</Opacity>
                    <EdgeWidth Min="0" Max="512">30</EdgeWidth>
                    <Rect id="0">
                      <HPos Min="-100" Max="100">5</HPos>
                      <VPos Min="-100" Max="100">5</VPos>
                      <HSize Min="100" Max="200">100</HSize>
                      <VSize Min="100" Max="200">100</VSize>
                      <AR Min="0" Max="99">0</AR>
                    </Rect>
                    <Color id="0">
                      <Red Min="0" Max="1023">0</Red>
                      <Green Min="0" Max="1023">0</Green>
                      <Blue Min="0" Max="1023">0</Blue>
                    </Color>
                  </Shadow>
                </PIP>
                <WinAdjust id="0">
                  <IWIN id="0">
                    <HPos Min="0" Max="0">0</HPos>
                    <VPos Min="0" Max="0">0</VPos>
                    <HSize Min="0" Max="1920">1920</HSize>
                    <VSize Min="0" Max="1080">1080</VSize>
                    <AR Min="0" Max="99">0</AR>
                  </IWIN>
                  <Mask id="0">
                    <Left Min="0" Max="100">0</Left>
                    <Right Min="0" Max="100">0</Right>
                    <Top Min="0" Max="100">0</Top>
                    <Bottom Min="0" Max="100">0</Bottom>
                  </Mask>
                  <OWIN id="0">
                    <HPos Min="-32767" Max="32767">-194</HPos>
                    <VPos Min="-32767" Max="32767">0</VPos>
                    <HSize Min="0" Max="32767">889</HSize>
                    <VSize Min="0" Max="32767">500</VSize>
                    <AR Min="0" Max="99">0</AR>
                  </OWIN>
                  <PostMaskIWIN id="0">
                    <AR Min="0" Max="99">1.77778</AR>
                    <HPos Min="0" Max="0">0</HPos>
                    <VPos Min="0" Max="0">0</VPos>
                    <HSize Min="0" Max="1920">1920</HSize>
                    <VSize Min="0" Max="1080">1080</VSize>
                  </PostMaskIWIN>
                  <PostMaskOWIN id="0">
                    <AR Min="0" Max="99">1.778</AR>
                    <HPos Min="-32767" Max="32767">-194</HPos>
                    <VPos Min="-32767" Max="32767">0</VPos>
                    <HSize Min="0" Max="32767">889</HSize>
                    <VSize Min="0" Max="32767">500</VSize>
                  </PostMaskOWIN>
                </WinAdjust>
                <VideoColor id="0">
                  <Hue Min="-180" Max="180">0</Hue>
                  <Sat Min="0" Max="200">100</Sat>
                  <Bright Min="0" Max="200">100</Bright>
                  <BrightR Min="0" Max="200">100</BrightR>
                  <BrightG Min="0" Max="200">100</BrightG>
                  <BrightB Min="0" Max="200">100</BrightB>
                  <Contr Min="0" Max="200">100</Contr>
                  <ContrR Min="0" Max="200">100</ContrR>
                  <ContrG Min="0" Max="200">100</ContrG>
                  <ContrB Min="0" Max="200">100</ContrB>
                  <Invert Min="0" Max="1">0</Invert>
                  <Gamma Min="0.3" Max="3.3">1</Gamma>
                  <ColorSpace LegalValues="0 1">1</ColorSpace>
                  <ColorRange LegalValues="0 1">0</ColorRange>
                  <Mono Min="0" Max="1">0</Mono>
                </VideoColor>
              </LayerState>
              <Transition id="0">
                <TransTime Min="0" Max="1999">30</TransTime>
                <TransPos Min="0" Max="4096">0</TransPos>
                <TransCurve LegalValues="0 1 2 3">1</TransCurve>
                <TransDelay Min="0" Max="1999">0</TransDelay>
                <ArmMode Min="0" Max="1">0</ArmMode>
                <TBarDead Min="0" Max="1">0</TBarDead>
                <AutoTransInProg Min="0" Max="1">0</AutoTransInProg>
                <TransInProg Min="0" Max="1">0</TransInProg>
              </Transition>
              <Transition id="1">
                <TransTime Min="0" Max="1999">30</TransTime>
                <TransPos Min="0" Max="4096">0</TransPos>
                <TransCurve LegalValues="0 1 2 3">1</TransCurve>
                <TransDelay Min="0" Max="1999">0</TransDelay>
                <ArmMode Min="0" Max="1">0</ArmMode>
                <TBarDead Min="0" Max="1">0</TBarDead>
                <AutoTransInProg Min="0" Max="1">0</AutoTransInProg>
                <TransInProg Min="0" Max="1">0</TransInProg>
              </Transition>
            </LayerCfg>
          </Layer>
          <Layer id="3">
            <PgmMode Min="0" Max="1">0</PgmMode>
            <PvwMode Min="0" Max="1">0</PvwMode>
            <SrcSwitch Min="0" Max="1">1</SrcSwitch>
            <IsActive LegalValues="0 1">0</IsActive>
            <PgmZOrder Min="0" Max="127">2</PgmZOrder>
            <PvwZOrder Min="0" Max="127">2</PvwZOrder>
            <Eye3D LegalValues="0 1">0</Eye3D>
            <LastSrcIdx Min="-1" Max="255">-1</LastSrcIdx>
            <LastUserKeyIdx Min="-1" Max="299">-1</LastUserKeyIdx>
            <Name>Layer2-B</Name>
            <Capacity LegalValues="1 2 4">1</Capacity>
            <Error Min="-1000000" Max="1000000">0</Error>
            <LayerCfg id="0">
              <LayerMode LegalValues="0 1">1</LayerMode>
              <NumOfStates Min="0" Max="2">1</NumOfStates>
              <ActiveState Min="0" Max="1">0</ActiveState>
              <UseEfxColor Min="0" Max="1">0</UseEfxColor>
              <FrzMode Min="0" Max="1">0</FrzMode>
              <Source id="0">
                <InputCfgIndex Min="-1" Max="127">-1</InputCfgIndex>
                <StillIndex Min="-1" Max="99">-1</StillIndex>
                <UserKeyIndex Min="-1" Max="299">-1</UserKeyIndex>
                <Name>Empty</Name>
                <SrcType Min="0" Max="3">0</SrcType>
                <DestIndex Min="-1" Max="127">-1</DestIndex>
                <AR Min="0" Max="128">1.77777</AR>
                <Error Min="-1000000" Max="1000000">-9399</Error>
                <AOIRect id="0">
                  <HPos Min="-32767" Max="32767">0</HPos>
                  <VPos Min="-32767" Max="32767">0</VPos>
                  <HSize Min="0" Max="32767">0</HSize>
                  <VSize Min="0" Max="32767">0</VSize>
                  <AR Min="0" Max="99">1</AR>
                </AOIRect>
                <VideoColor id="0">
                  <Hue Min="-90" Max="90">0</Hue>
                  <Sat Min="0" Max="150">100</Sat>
                  <Bright Min="50" Max="150">100</Bright>
                  <BrightR Min="25" Max="150">100</BrightR>
                  <BrightG Min="25" Max="150">100</BrightG>
                  <BrightB Min="25" Max="150">100</BrightB>
                  <Contr Min="50" Max="150">100</Contr>
                  <ContrR Min="25" Max="150">100</ContrR>
                  <ContrG Min="25" Max="150">100</ContrG>
                  <ContrB Min="25" Max="150">100</ContrB>
                  <Invert Min="0" Max="1">0</Invert>
                  <Gamma Min="0.3" Max="3.3">1</Gamma>
                  <ColorSpace LegalValues="0 1">1</ColorSpace>
                  <ColorRange LegalValues="0 1">0</ColorRange>
                  <Mono Min="0" Max="1">0</Mono>
                </VideoColor>
              </Source>
              <LayerState id="0">
                <Mode Min="0" Max="1">0</Mode>
                <Flip LegalValues="0 1 2 3">0</Flip>
                <StrobeInt Min="2" Max="100">2</StrobeInt>
                <Key id="0">
                  <KeyType LegalValues="0 1">0</KeyType>
                  <Clip Min="0" Max="100">50</Clip>
                  <Gain Min="0" Max="100">1</Gain>
                  <Opacity Min="0" Max="100">100</Opacity>
                  <ChromaOp Min="0" Max="100">100</ChromaOp>
                  <HighSupp Min="0" Max="100">0</HighSupp>
                  <Luma Min="0" Max="100">37.5</Luma>
                  <Sat Min="0" Max="100">100</Sat>
                  <SatClip Min="0" Max="100">5</SatClip>
                  <ShadowSupp Min="0" Max="100">0</ShadowSupp>
                  <SpillSupp Min="0" Max="100">0</SpillSupp>
                  <ChromaClip Min="0" Max="90">10</ChromaClip>
                  <ChromaRamp Min="0" Max="180">90</ChromaRamp>
                  <SatGain Min="1" Max="100">5</SatGain>
                  <ColorPickXPos Min="0" Max="32767">0</ColorPickXPos>
                  <ColorPickYPos Min="0" Max="32767">0</ColorPickYPos>
                  <ColorPickOn Min="0" Max="1">0</ColorPickOn>
                  <Hue Min="0" Max="360">0</Hue>
                  <FillType LegalValues="0 1 2">0</FillType>
                  <Color id="0">
                    <Red Min="0" Max="1023">0</Red>
                    <Green Min="0" Max="1023">0</Green>
                    <Blue Min="0" Max="1023">0</Blue>
                  </Color>
                </Key>
                <PIP id="0">
                  <Border id="0">
                    <UnitType Min="0" Max="1">0</UnitType>
                    <BrdrPixel Min="0" Max="512">50</BrdrPixel>
                    <BrdrPercent Min="0" Max="50">10</BrdrPercent>
                    <BrdrTyp LegalValues="0 1 2 3 4 5">0</BrdrTyp>
                    <Color id="0">
                      <Red Min="0" Max="1023">800</Red>
                      <Green Min="0" Max="1023">800</Green>
                      <Blue Min="0" Max="1023">800</Blue>
                    </Color>
                  </Border>
                  <Shadow id="0">
                    <Mode Min="0" Max="1">0</Mode>
                    <Opacity Min="0" Max="1">0.5</Opacity>
                    <EdgeWidth Min="0" Max="512">30</EdgeWidth>
                    <Rect id="0">
                      <HPos Min="-100" Max="100">5</HPos>
                      <VPos Min="-100" Max="100">5</VPos>
                      <HSize Min="100" Max="200">100</HSize>
                      <VSize Min="100" Max="200">100</VSize>
                      <AR Min="0" Max="99">0</AR>
                    </Rect>
                    <Color id="0">
                      <Red Min="0" Max="1023">0</Red>
                      <Green Min="0" Max="1023">0</Green>
                      <Blue Min="0" Max="1023">0</Blue>
                    </Color>
                  </Shadow>
                </PIP>
                <WinAdjust id="0">
                  <IWIN id="0">
                    <HPos Min="-32767" Max="32767">0</HPos>
                    <VPos Min="-32767" Max="32767">0</VPos>
                    <HSize Min="0" Max="32767">1920</HSize>
                    <VSize Min="0" Max="32767">1080</VSize>
                    <AR Min="0" Max="99">0</AR>
                  </IWIN>
                  <Mask id="0">
                    <Left Min="0" Max="100">0</Left>
                    <Right Min="0" Max="100">0</Right>
                    <Top Min="0" Max="100">0</Top>
                    <Bottom Min="0" Max="100">0</Bottom>
                  </Mask>
                  <OWIN id="0">
                    <HPos Min="-32767" Max="32767">0</HPos>
                    <VPos Min="-32767" Max="32767">0</VPos>
                    <HSize Min="0" Max="32767">500</HSize>
                    <VSize Min="0" Max="32767">500</VSize>
                    <AR Min="0" Max="99">0</AR>
                  </OWIN>
                  <PostMaskIWIN id="0">
                    <AR Min="0" Max="99">1.77778</AR>
                    <HPos Min="-32767" Max="32767">0</HPos>
                    <VPos Min="-32767" Max="32767">0</VPos>
                    <HSize Min="0" Max="32767">1920</HSize>
                    <VSize Min="0" Max="32767">1080</VSize>
                  </PostMaskIWIN>
                  <PostMaskOWIN id="0">
                    <AR Min="0" Max="99">1</AR>
                    <HPos Min="-32767" Max="32767">0</HPos>
                    <VPos Min="-32767" Max="32767">0</VPos>
                    <HSize Min="0" Max="32767">500</HSize>
                    <VSize Min="0" Max="32767">500</VSize>
                  </PostMaskOWIN>
                </WinAdjust>
                <VideoColor id="0">
                  <Hue Min="-180" Max="180">0</Hue>
                  <Sat Min="0" Max="200">100</Sat>
                  <Bright Min="0" Max="200">100</Bright>
                  <BrightR Min="0" Max="200">100</BrightR>
                  <BrightG Min="0" Max="200">100</BrightG>
                  <BrightB Min="0" Max="200">100</BrightB>
                  <Contr Min="0" Max="200">100</Contr>
                  <ContrR Min="0" Max="200">100</ContrR>
                  <ContrG Min="0" Max="200">100</ContrG>
                  <ContrB Min="0" Max="200">100</ContrB>
                  <Invert Min="0" Max="1">0</Invert>
                  <Gamma Min="0.3" Max="3.3">1</Gamma>
                  <ColorSpace LegalValues="0 1">1</ColorSpace>
                  <ColorRange LegalValues="0 1">0</ColorRange>
                  <Mono Min="0" Max="1">0</Mono>
                </VideoColor>
              </LayerState>
              <LayerState id="1">
                <Mode Min="0" Max="1">0</Mode>
                <Flip LegalValues="0 1 2 3">0</Flip>
                <StrobeInt Min="2" Max="100">2</StrobeInt>
                <Key id="0">
                  <KeyType LegalValues="0 1">0</KeyType>
                  <Clip Min="0" Max="100">50</Clip>
                  <Gain Min="0" Max="100">1</Gain>
                  <Opacity Min="0" Max="100">100</Opacity>
                  <ChromaOp Min="0" Max="100">100</ChromaOp>
                  <HighSupp Min="0" Max="100">0</HighSupp>
                  <Luma Min="0" Max="100">37.5</Luma>
                  <Sat Min="0" Max="100">100</Sat>
                  <SatClip Min="0" Max="100">5</SatClip>
                  <ShadowSupp Min="0" Max="100">0</ShadowSupp>
                  <SpillSupp Min="0" Max="100">0</SpillSupp>
                  <ChromaClip Min="0" Max="90">10</ChromaClip>
                  <ChromaRamp Min="0" Max="180">90</ChromaRamp>
                  <SatGain Min="1" Max="100">5</SatGain>
                  <ColorPickXPos Min="0" Max="32767">0</ColorPickXPos>
                  <ColorPickYPos Min="0" Max="32767">0</ColorPickYPos>
                  <ColorPickOn Min="0" Max="1">0</ColorPickOn>
                  <Hue Min="0" Max="360">0</Hue>
                  <FillType LegalValues="0 1 2">0</FillType>
                  <Color id="0">
                    <Red Min="0" Max="1023">0</Red>
                    <Green Min="0" Max="1023">0</Green>
                    <Blue Min="0" Max="1023">0</Blue>
                  </Color>
                </Key>
                <PIP id="0">
                  <Border id="0">
                    <UnitType Min="0" Max="1">0</UnitType>
                    <BrdrPixel Min="0" Max="512">50</BrdrPixel>
                    <BrdrPercent Min="0" Max="50">10</BrdrPercent>
                    <BrdrTyp LegalValues="0 1 2 3 4 5">0</BrdrTyp>
                    <Color id="0">
                      <Red Min="0" Max="1023">800</Red>
                      <Green Min="0" Max="1023">800</Green>
                      <Blue Min="0" Max="1023">800</Blue>
                    </Color>
                  </Border>
                  <Shadow id="0">
                    <Mode Min="0" Max="1">0</Mode>
                    <Opacity Min="0" Max="1">0.5</Opacity>
                    <EdgeWidth Min="0" Max="512">30</EdgeWidth>
                    <Rect id="0">
                      <HPos Min="-100" Max="100">5</HPos>
                      <VPos Min="-100" Max="100">5</VPos>
                      <HSize Min="100" Max="200">100</HSize>
                      <VSize Min="100" Max="200">100</VSize>
                      <AR Min="0" Max="99">0</AR>
                    </Rect>
                    <Color id="0">
                      <Red Min="0" Max="1023">0</Red>
                      <Green Min="0" Max="1023">0</Green>
                      <Blue Min="0" Max="1023">0</Blue>
                    </Color>
                  </Shadow>
                </PIP>
                <WinAdjust id="0">
                  <IWIN id="0">
                    <HPos Min="-32767" Max="32767">0</HPos>
                    <VPos Min="-32767" Max="32767">0</VPos>
                    <HSize Min="0" Max="32767">1920</HSize>
                    <VSize Min="0" Max="32767">1080</VSize>
                    <AR Min="0" Max="99">0</AR>
                  </IWIN>
                  <Mask id="0">
                    <Left Min="0" Max="100">0</Left>
                    <Right Min="0" Max="100">0</Right>
                    <Top Min="0" Max="100">0</Top>
                    <Bottom Min="0" Max="100">0</Bottom>
                  </Mask>
                  <OWIN id="0">
                    <HPos Min="-32767" Max="32767">0</HPos>
                    <VPos Min="-32767" Max="32767">0</VPos>
                    <HSize Min="0" Max="32767">500</HSize>
                    <VSize Min="0" Max="32767">500</VSize>
                    <AR Min="0" Max="99">0</AR>
                  </OWIN>
                  <PostMaskIWIN id="0">
                    <AR Min="0" Max="99">1.77778</AR>
                    <HPos Min="-32767" Max="32767">0</HPos>
                    <VPos Min="-32767" Max="32767">0</VPos>
                    <HSize Min="0" Max="32767">1920</HSize>
                    <VSize Min="0" Max="32767">1080</VSize>
                  </PostMaskIWIN>
                  <PostMaskOWIN id="0">
                    <AR Min="0" Max="99">1</AR>
                    <HPos Min="-32767" Max="32767">0</HPos>
                    <VPos Min="-32767" Max="32767">0</VPos>
                    <HSize Min="0" Max="32767">500</HSize>
                    <VSize Min="0" Max="32767">500</VSize>
                  </PostMaskOWIN>
                </WinAdjust>
                <VideoColor id="0">
                  <Hue Min="-180" Max="180">0</Hue>
                  <Sat Min="0" Max="200">100</Sat>
                  <Bright Min="0" Max="200">100</Bright>
                  <BrightR Min="0" Max="200">100</BrightR>
                  <BrightG Min="0" Max="200">100</BrightG>
                  <BrightB Min="0" Max="200">100</BrightB>
                  <Contr Min="0" Max="200">100</Contr>
                  <ContrR Min="0" Max="200">100</ContrR>
                  <ContrG Min="0" Max="200">100</ContrG>
                  <ContrB Min="0" Max="200">100</ContrB>
                  <Invert Min="0" Max="1">0</Invert>
                  <Gamma Min="0.3" Max="3.3">1</Gamma>
                  <ColorSpace LegalValues="0 1">1</ColorSpace>
                  <ColorRange LegalValues="0 1">0</ColorRange>
                  <Mono Min="0" Max="1">0</Mono>
                </VideoColor>
              </LayerState>
              <Transition id="0">
                <TransTime Min="0" Max="1999">30</TransTime>
                <TransPos Min="0" Max="4096">0</TransPos>
                <TransCurve LegalValues="0 1 2 3">1</TransCurve>
                <TransDelay Min="0" Max="1999">0</TransDelay>
                <ArmMode Min="0" Max="1">0</ArmMode>
                <TBarDead Min="0" Max="1">0</TBarDead>
                <AutoTransInProg Min="0" Max="1">0</AutoTransInProg>
                <TransInProg Min="0" Max="1">0</TransInProg>
              </Transition>
              <Transition id="1">
                <TransTime Min="0" Max="1999">30</TransTime>
                <TransPos Min="0" Max="4096">0</TransPos>
                <TransCurve LegalValues="0 1 2 3">1</TransCurve>
                <TransDelay Min="0" Max="1999">0</TransDelay>
                <ArmMode Min="0" Max="1">0</ArmMode>
                <TBarDead Min="0" Max="1">0</TBarDead>
                <AutoTransInProg Min="0" Max="1">0</AutoTransInProg>
                <TransInProg Min="0" Max="1">0</TransInProg>
              </Transition>
            </LayerCfg>
          </Layer>
          <Layer id="4">
            <PgmMode Min="0" Max="1">0</PgmMode>
            <PvwMode Min="0" Max="1">0</PvwMode>
            <SrcSwitch Min="0" Max="1">1</SrcSwitch>
            <IsActive LegalValues="0 1">0</IsActive>
            <PgmZOrder Min="0" Max="127">4</PgmZOrder>
            <PvwZOrder Min="0" Max="127">4</PvwZOrder>
            <Eye3D LegalValues="0 1">0</Eye3D>
            <LastSrcIdx Min="-1" Max="255">-1</LastSrcIdx>
            <LastUserKeyIdx Min="-1" Max="299">-1</LastUserKeyIdx>
            <Name>Layer3-A</Name>
            <Capacity LegalValues="1 2 4">1</Capacity>
            <Error Min="-1000000" Max="1000000">0</Error>
            <LayerCfg id="0">
              <LayerMode LegalValues="0 1">1</LayerMode>
              <NumOfStates Min="0" Max="2">1</NumOfStates>
              <ActiveState Min="0" Max="1">0</ActiveState>
              <UseEfxColor Min="0" Max="1">0</UseEfxColor>
              <FrzMode Min="0" Max="1">0</FrzMode>
              <Source id="0">
                <InputCfgIndex Min="-1" Max="127">-1</InputCfgIndex>
                <StillIndex Min="-1" Max="99">-1</StillIndex>
                <UserKeyIndex Min="-1" Max="299">-1</UserKeyIndex>
                <Name>Empty</Name>
                <SrcType Min="0" Max="3">0</SrcType>
                <DestIndex Min="-1" Max="127">-1</DestIndex>
                <AR Min="0" Max="128">1.77777</AR>
                <Error Min="-1000000" Max="1000000">-9399</Error>
                <AOIRect id="0">
                  <HPos Min="-32767" Max="32767">0</HPos>
                  <VPos Min="-32767" Max="32767">0</VPos>
                  <HSize Min="0" Max="32767">0</HSize>
                  <VSize Min="0" Max="32767">0</VSize>
                  <AR Min="0" Max="99">1</AR>
                </AOIRect>
                <VideoColor id="0">
                  <Hue Min="-90" Max="90">0</Hue>
                  <Sat Min="0" Max="150">100</Sat>
                  <Bright Min="50" Max="150">100</Bright>
                  <BrightR Min="25" Max="150">100</BrightR>
                  <BrightG Min="25" Max="150">100</BrightG>
                  <BrightB Min="25" Max="150">100</BrightB>
                  <Contr Min="50" Max="150">100</Contr>
                  <ContrR Min="25" Max="150">100</ContrR>
                  <ContrG Min="25" Max="150">100</ContrG>
                  <ContrB Min="25" Max="150">100</ContrB>
                  <Invert Min="0" Max="1">0</Invert>
                  <Gamma Min="0.3" Max="3.3">1</Gamma>
                  <ColorSpace LegalValues="0 1">1</ColorSpace>
                  <ColorRange LegalValues="0 1">0</ColorRange>
                  <Mono Min="0" Max="1">0</Mono>
                </VideoColor>
              </Source>
              <LayerState id="0">
                <Mode Min="0" Max="1">0</Mode>
                <Flip LegalValues="0 1 2 3">0</Flip>
                <StrobeInt Min="2" Max="100">2</StrobeInt>
                <Key id="0">
                  <KeyType LegalValues="0 1">0</KeyType>
                  <Clip Min="0" Max="100">50</Clip>
                  <Gain Min="0" Max="100">1</Gain>
                  <Opacity Min="0" Max="100">100</Opacity>
                  <ChromaOp Min="0" Max="100">100</ChromaOp>
                  <HighSupp Min="0" Max="100">0</HighSupp>
                  <Luma Min="0" Max="100">37.5</Luma>
                  <Sat Min="0" Max="100">100</Sat>
                  <SatClip Min="0" Max="100">5</SatClip>
                  <ShadowSupp Min="0" Max="100">0</ShadowSupp>
                  <SpillSupp Min="0" Max="100">0</SpillSupp>
                  <ChromaClip Min="0" Max="90">10</ChromaClip>
                  <ChromaRamp Min="0" Max="180">90</ChromaRamp>
                  <SatGain Min="1" Max="100">5</SatGain>
                  <ColorPickXPos Min="0" Max="32767">0</ColorPickXPos>
                  <ColorPickYPos Min="0" Max="32767">0</ColorPickYPos>
                  <ColorPickOn Min="0" Max="1">0</ColorPickOn>
                  <Hue Min="0" Max="360">0</Hue>
                  <FillType LegalValues="0 1 2">0</FillType>
                  <Color id="0">
                    <Red Min="0" Max="1023">0</Red>
                    <Green Min="0" Max="1023">0</Green>
                    <Blue Min="0" Max="1023">0</Blue>
                  </Color>
                </Key>
                <PIP id="0">
                  <Border id="0">
                    <UnitType Min="0" Max="1">0</UnitType>
                    <BrdrPixel Min="0" Max="512">50</BrdrPixel>
                    <BrdrPercent Min="0" Max="50">10</BrdrPercent>
                    <BrdrTyp LegalValues="0 1 2 3 4 5">0</BrdrTyp>
                    <Color id="0">
                      <Red Min="0" Max="1023">800</Red>
                      <Green Min="0" Max="1023">800</Green>
                      <Blue Min="0" Max="1023">800</Blue>
                    </Color>
                  </Border>
                  <Shadow id="0">
                    <Mode Min="0" Max="1">0</Mode>
                    <Opacity Min="0" Max="1">0.5</Opacity>
                    <EdgeWidth Min="0" Max="512">30</EdgeWidth>
                    <Rect id="0">
                      <HPos Min="-100" Max="100">5</HPos>
                      <VPos Min="-100" Max="100">5</VPos>
                      <HSize Min="100" Max="200">100</HSize>
                      <VSize Min="100" Max="200">100</VSize>
                      <AR Min="0" Max="99">0</AR>
                    </Rect>
                    <Color id="0">
                      <Red Min="0" Max="1023">0</Red>
                      <Green Min="0" Max="1023">0</Green>
                      <Blue Min="0" Max="1023">0</Blue>
                    </Color>
                  </Shadow>
                </PIP>
                <WinAdjust id="0">
                  <IWIN id="0">
                    <HPos Min="-32767" Max="32767">0</HPos>
                    <VPos Min="-32767" Max="32767">0</VPos>
                    <HSize Min="0" Max="32767">1920</HSize>
                    <VSize Min="0" Max="32767">1080</VSize>
                    <AR Min="0" Max="99">0</AR>
                  </IWIN>
                  <Mask id="0">
                    <Left Min="0" Max="100">0</Left>
                    <Right Min="0" Max="100">0</Right>
                    <Top Min="0" Max="100">0</Top>
                    <Bottom Min="0" Max="100">0</Bottom>
                  </Mask>
                  <OWIN id="0">
                    <HPos Min="-32767" Max="32767">0</HPos>
                    <VPos Min="-32767" Max="32767">0</VPos>
                    <HSize Min="0" Max="32767">500</HSize>
                    <VSize Min="0" Max="32767">500</VSize>
                    <AR Min="0" Max="99">0</AR>
                  </OWIN>
                  <PostMaskIWIN id="0">
                    <AR Min="0" Max="99">1.77778</AR>
                    <HPos Min="-32767" Max="32767">0</HPos>
                    <VPos Min="-32767" Max="32767">0</VPos>
                    <HSize Min="0" Max="32767">1920</HSize>
                    <VSize Min="0" Max="32767">1080</VSize>
                  </PostMaskIWIN>
                  <PostMaskOWIN id="0">
                    <AR Min="0" Max="99">1</AR>
                    <HPos Min="-32767" Max="32767">0</HPos>
                    <VPos Min="-32767" Max="32767">0</VPos>
                    <HSize Min="0" Max="32767">500</HSize>
                    <VSize Min="0" Max="32767">500</VSize>
                  </PostMaskOWIN>
                </WinAdjust>
                <VideoColor id="0">
                  <Hue Min="-180" Max="180">0</Hue>
                  <Sat Min="0" Max="200">100</Sat>
                  <Bright Min="0" Max="200">100</Bright>
                  <BrightR Min="0" Max="200">100</BrightR>
                  <BrightG Min="0" Max="200">100</BrightG>
                  <BrightB Min="0" Max="200">100</BrightB>
                  <Contr Min="0" Max="200">100</Contr>
                  <ContrR Min="0" Max="200">100</ContrR>
                  <ContrG Min="0" Max="200">100</ContrG>
                  <ContrB Min="0" Max="200">100</ContrB>
                  <Invert Min="0" Max="1">0</Invert>
                  <Gamma Min="0.3" Max="3.3">1</Gamma>
                  <ColorSpace LegalValues="0 1">1</ColorSpace>
                  <ColorRange LegalValues="0 1">0</ColorRange>
                  <Mono Min="0" Max="1">0</Mono>
                </VideoColor>
              </LayerState>
              <LayerState id="1">
                <Mode Min="0" Max="1">0</Mode>
                <Flip LegalValues="0 1 2 3">0</Flip>
                <StrobeInt Min="2" Max="100">2</StrobeInt>
                <Key id="0">
                  <KeyType LegalValues="0 1">0</KeyType>
                  <Clip Min="0" Max="100">50</Clip>
                  <Gain Min="0" Max="100">1</Gain>
                  <Opacity Min="0" Max="100">100</Opacity>
                  <ChromaOp Min="0" Max="100">100</ChromaOp>
                  <HighSupp Min="0" Max="100">0</HighSupp>
                  <Luma Min="0" Max="100">37.5</Luma>
                  <Sat Min="0" Max="100">100</Sat>
                  <SatClip Min="0" Max="100">5</SatClip>
                  <ShadowSupp Min="0" Max="100">0</ShadowSupp>
                  <SpillSupp Min="0" Max="100">0</SpillSupp>
                  <ChromaClip Min="0" Max="90">10</ChromaClip>
                  <ChromaRamp Min="0" Max="180">90</ChromaRamp>
                  <SatGain Min="1" Max="100">5</SatGain>
                  <ColorPickXPos Min="0" Max="32767">0</ColorPickXPos>
                  <ColorPickYPos Min="0" Max="32767">0</ColorPickYPos>
                  <ColorPickOn Min="0" Max="1">0</ColorPickOn>
                  <Hue Min="0" Max="360">0</Hue>
                  <FillType LegalValues="0 1 2">0</FillType>
                  <Color id="0">
                    <Red Min="0" Max="1023">0</Red>
                    <Green Min="0" Max="1023">0</Green>
                    <Blue Min="0" Max="1023">0</Blue>
                  </Color>
                </Key>
                <PIP id="0">
                  <Border id="0">
                    <UnitType Min="0" Max="1">0</UnitType>
                    <BrdrPixel Min="0" Max="512">50</BrdrPixel>
                    <BrdrPercent Min="0" Max="50">10</BrdrPercent>
                    <BrdrTyp LegalValues="0 1 2 3 4 5">0</BrdrTyp>
                    <Color id="0">
                      <Red Min="0" Max="1023">800</Red>
                      <Green Min="0" Max="1023">800</Green>
                      <Blue Min="0" Max="1023">800</Blue>
                    </Color>
                  </Border>
                  <Shadow id="0">
                    <Mode Min="0" Max="1">0</Mode>
                    <Opacity Min="0" Max="1">0.5</Opacity>
                    <EdgeWidth Min="0" Max="512">30</EdgeWidth>
                    <Rect id="0">
                      <HPos Min="-100" Max="100">5</HPos>
                      <VPos Min="-100" Max="100">5</VPos>
                      <HSize Min="100" Max="200">100</HSize>
                      <VSize Min="100" Max="200">100</VSize>
                      <AR Min="0" Max="99">0</AR>
                    </Rect>
                    <Color id="0">
                      <Red Min="0" Max="1023">0</Red>
                      <Green Min="0" Max="1023">0</Green>
                      <Blue Min="0" Max="1023">0</Blue>
                    </Color>
                  </Shadow>
                </PIP>
                <WinAdjust id="0">
                  <IWIN id="0">
                    <HPos Min="-32767" Max="32767">0</HPos>
                    <VPos Min="-32767" Max="32767">0</VPos>
                    <HSize Min="0" Max="32767">1920</HSize>
                    <VSize Min="0" Max="32767">1080</VSize>
                    <AR Min="0" Max="99">0</AR>
                  </IWIN>
                  <Mask id="0">
                    <Left Min="0" Max="100">0</Left>
                    <Right Min="0" Max="100">0</Right>
                    <Top Min="0" Max="100">0</Top>
                    <Bottom Min="0" Max="100">0</Bottom>
                  </Mask>
                  <OWIN id="0">
                    <HPos Min="-32767" Max="32767">0</HPos>
                    <VPos Min="-32767" Max="32767">0</VPos>
                    <HSize Min="0" Max="32767">500</HSize>
                    <VSize Min="0" Max="32767">500</VSize>
                    <AR Min="0" Max="99">0</AR>
                  </OWIN>
                  <PostMaskIWIN id="0">
                    <AR Min="0" Max="99">1.77778</AR>
                    <HPos Min="-32767" Max="32767">0</HPos>
                    <VPos Min="-32767" Max="32767">0</VPos>
                    <HSize Min="0" Max="32767">1920</HSize>
                    <VSize Min="0" Max="32767">1080</VSize>
                  </PostMaskIWIN>
                  <PostMaskOWIN id="0">
                    <AR Min="0" Max="99">1</AR>
                    <HPos Min="-32767" Max="32767">0</HPos>
                    <VPos Min="-32767" Max="32767">0</VPos>
                    <HSize Min="0" Max="32767">500</HSize>
                    <VSize Min="0" Max="32767">500</VSize>
                  </PostMaskOWIN>
                </WinAdjust>
                <VideoColor id="0">
                  <Hue Min="-180" Max="180">0</Hue>
                  <Sat Min="0" Max="200">100</Sat>
                  <Bright Min="0" Max="200">100</Bright>
                  <BrightR Min="0" Max="200">100</BrightR>
                  <BrightG Min="0" Max="200">100</BrightG>
                  <BrightB Min="0" Max="200">100</BrightB>
                  <Contr Min="0" Max="200">100</Contr>
                  <ContrR Min="0" Max="200">100</ContrR>
                  <ContrG Min="0" Max="200">100</ContrG>
                  <ContrB Min="0" Max="200">100</ContrB>
                  <Invert Min="0" Max="1">0</Invert>
                  <Gamma Min="0.3" Max="3.3">1</Gamma>
                  <ColorSpace LegalValues="0 1">1</ColorSpace>
                  <ColorRange LegalValues="0 1">0</ColorRange>
                  <Mono Min="0" Max="1">0</Mono>
                </VideoColor>
              </LayerState>
              <Transition id="0">
                <TransTime Min="0" Max="1999">30</TransTime>
                <TransPos Min="0" Max="4096">0</TransPos>
                <TransCurve LegalValues="0 1 2 3">1</TransCurve>
                <TransDelay Min="0" Max="1999">0</TransDelay>
                <ArmMode Min="0" Max="1">0</ArmMode>
                <TBarDead Min="0" Max="1">0</TBarDead>
                <AutoTransInProg Min="0" Max="1">0</AutoTransInProg>
                <TransInProg Min="0" Max="1">0</TransInProg>
              </Transition>
              <Transition id="1">
                <TransTime Min="0" Max="1999">30</TransTime>
                <TransPos Min="0" Max="4096">0</TransPos>
                <TransCurve LegalValues="0 1 2 3">1</TransCurve>
                <TransDelay Min="0" Max="1999">0</TransDelay>
                <ArmMode Min="0" Max="1">0</ArmMode>
                <TBarDead Min="0" Max="1">0</TBarDead>
                <AutoTransInProg Min="0" Max="1">0</AutoTransInProg>
                <TransInProg Min="0" Max="1">0</TransInProg>
              </Transition>
            </LayerCfg>
          </Layer>
          <Layer id="5">
            <PgmMode Min="0" Max="1">0</PgmMode>
            <PvwMode Min="0" Max="1">0</PvwMode>
            <SrcSwitch Min="0" Max="1">1</SrcSwitch>
            <IsActive LegalValues="0 1">0</IsActive>
            <PgmZOrder Min="0" Max="127">4</PgmZOrder>
            <PvwZOrder Min="0" Max="127">4</PvwZOrder>
            <Eye3D LegalValues="0 1">0</Eye3D>
            <LastSrcIdx Min="-1" Max="255">-1</LastSrcIdx>
            <LastUserKeyIdx Min="-1" Max="299">-1</LastUserKeyIdx>
            <Name>Layer3-B</Name>
            <Capacity LegalValues="1 2 4">1</Capacity>
            <Error Min="-1000000" Max="1000000">0</Error>
            <LayerCfg id="0">
              <LayerMode LegalValues="0 1">1</LayerMode>
              <NumOfStates Min="0" Max="2">1</NumOfStates>
              <ActiveState Min="0" Max="1">0</ActiveState>
              <UseEfxColor Min="0" Max="1">0</UseEfxColor>
              <FrzMode Min="0" Max="1">0</FrzMode>
              <Source id="0">
                <InputCfgIndex Min="-1" Max="127">-1</InputCfgIndex>
                <StillIndex Min="-1" Max="99">-1</StillIndex>
                <UserKeyIndex Min="-1" Max="299">-1</UserKeyIndex>
                <Name>Empty</Name>
                <SrcType Min="0" Max="3">0</SrcType>
                <DestIndex Min="-1" Max="127">-1</DestIndex>
                <AR Min="0" Max="128">1.77777</AR>
                <Error Min="-1000000" Max="1000000">-9399</Error>
                <AOIRect id="0">
                  <HPos Min="-32767" Max="32767">0</HPos>
                  <VPos Min="-32767" Max="32767">0</VPos>
                  <HSize Min="0" Max="32767">0</HSize>
                  <VSize Min="0" Max="32767">0</VSize>
                  <AR Min="0" Max="99">1</AR>
                </AOIRect>
                <VideoColor id="0">
                  <Hue Min="-90" Max="90">0</Hue>
                  <Sat Min="0" Max="150">100</Sat>
                  <Bright Min="50" Max="150">100</Bright>
                  <BrightR Min="25" Max="150">100</BrightR>
                  <BrightG Min="25" Max="150">100</BrightG>
                  <BrightB Min="25" Max="150">100</BrightB>
                  <Contr Min="50" Max="150">100</Contr>
                  <ContrR Min="25" Max="150">100</ContrR>
                  <ContrG Min="25" Max="150">100</ContrG>
                  <ContrB Min="25" Max="150">100</ContrB>
                  <Invert Min="0" Max="1">0</Invert>
                  <Gamma Min="0.3" Max="3.3">1</Gamma>
                  <ColorSpace LegalValues="0 1">1</ColorSpace>
                  <ColorRange LegalValues="0 1">0</ColorRange>
                  <Mono Min="0" Max="1">0</Mono>
                </VideoColor>
              </Source>
              <LayerState id="0">
                <Mode Min="0" Max="1">0</Mode>
                <Flip LegalValues="0 1 2 3">0</Flip>
                <StrobeInt Min="2" Max="100">2</StrobeInt>
                <Key id="0">
                  <KeyType LegalValues="0 1">0</KeyType>
                  <Clip Min="0" Max="100">50</Clip>
                  <Gain Min="0" Max="100">1</Gain>
                  <Opacity Min="0" Max="100">100</Opacity>
                  <ChromaOp Min="0" Max="100">100</ChromaOp>
                  <HighSupp Min="0" Max="100">0</HighSupp>
                  <Luma Min="0" Max="100">37.5</Luma>
                  <Sat Min="0" Max="100">100</Sat>
                  <SatClip Min="0" Max="100">5</SatClip>
                  <ShadowSupp Min="0" Max="100">0</ShadowSupp>
                  <SpillSupp Min="0" Max="100">0</SpillSupp>
                  <ChromaClip Min="0" Max="90">10</ChromaClip>
                  <ChromaRamp Min="0" Max="180">90</ChromaRamp>
                  <SatGain Min="1" Max="100">5</SatGain>
                  <ColorPickXPos Min="0" Max="32767">0</ColorPickXPos>
                  <ColorPickYPos Min="0" Max="32767">0</ColorPickYPos>
                  <ColorPickOn Min="0" Max="1">0</ColorPickOn>
                  <Hue Min="0" Max="360">0</Hue>
                  <FillType LegalValues="0 1 2">0</FillType>
                  <Color id="0">
                    <Red Min="0" Max="1023">0</Red>
                    <Green Min="0" Max="1023">0</Green>
                    <Blue Min="0" Max="1023">0</Blue>
                  </Color>
                </Key>
                <PIP id="0">
                  <Border id="0">
                    <UnitType Min="0" Max="1">0</UnitType>
                    <BrdrPixel Min="0" Max="512">50</BrdrPixel>
                    <BrdrPercent Min="0" Max="50">10</BrdrPercent>
                    <BrdrTyp LegalValues="0 1 2 3 4 5">0</BrdrTyp>
                    <Color id="0">
                      <Red Min="0" Max="1023">800</Red>
                      <Green Min="0" Max="1023">800</Green>
                      <Blue Min="0" Max="1023">800</Blue>
                    </Color>
                  </Border>
                  <Shadow id="0">
                    <Mode Min="0" Max="1">0</Mode>
                    <Opacity Min="0" Max="1">0.5</Opacity>
                    <EdgeWidth Min="0" Max="512">30</EdgeWidth>
                    <Rect id="0">
                      <HPos Min="-100" Max="100">5</HPos>
                      <VPos Min="-100" Max="100">5</VPos>
                      <HSize Min="100" Max="200">100</HSize>
                      <VSize Min="100" Max="200">100</VSize>
                      <AR Min="0" Max="99">0</AR>
                    </Rect>
                    <Color id="0">
                      <Red Min="0" Max="1023">0</Red>
                      <Green Min="0" Max="1023">0</Green>
                      <Blue Min="0" Max="1023">0</Blue>
                    </Color>
                  </Shadow>
                </PIP>
                <WinAdjust id="0">
                  <IWIN id="0">
                    <HPos Min="-32767" Max="32767">0</HPos>
                    <VPos Min="-32767" Max="32767">0</VPos>
                    <HSize Min="0" Max="32767">1920</HSize>
                    <VSize Min="0" Max="32767">1080</VSize>
                    <AR Min="0" Max="99">0</AR>
                  </IWIN>
                  <Mask id="0">
                    <Left Min="0" Max="100">0</Left>
                    <Right Min="0" Max="100">0</Right>
                    <Top Min="0" Max="100">0</Top>
                    <Bottom Min="0" Max="100">0</Bottom>
                  </Mask>
                  <OWIN id="0">
                    <HPos Min="-32767" Max="32767">0</HPos>
                    <VPos Min="-32767" Max="32767">0</VPos>
                    <HSize Min="0" Max="32767">500</HSize>
                    <VSize Min="0" Max="32767">500</VSize>
                    <AR Min="0" Max="99">0</AR>
                  </OWIN>
                  <PostMaskIWIN id="0">
                    <AR Min="0" Max="99">1.77778</AR>
                    <HPos Min="-32767" Max="32767">0</HPos>
                    <VPos Min="-32767" Max="32767">0</VPos>
                    <HSize Min="0" Max="32767">1920</HSize>
                    <VSize Min="0" Max="32767">1080</VSize>
                  </PostMaskIWIN>
                  <PostMaskOWIN id="0">
                    <AR Min="0" Max="99">1</AR>
                    <HPos Min="-32767" Max="32767">0</HPos>
                    <VPos Min="-32767" Max="32767">0</VPos>
                    <HSize Min="0" Max="32767">500</HSize>
                    <VSize Min="0" Max="32767">500</VSize>
                  </PostMaskOWIN>
                </WinAdjust>
                <VideoColor id="0">
                  <Hue Min="-180" Max="180">0</Hue>
                  <Sat Min="0" Max="200">100</Sat>
                  <Bright Min="0" Max="200">100</Bright>
                  <BrightR Min="0" Max="200">100</BrightR>
                  <BrightG Min="0" Max="200">100</BrightG>
                  <BrightB Min="0" Max="200">100</BrightB>
                  <Contr Min="0" Max="200">100</Contr>
                  <ContrR Min="0" Max="200">100</ContrR>
                  <ContrG Min="0" Max="200">100</ContrG>
                  <ContrB Min="0" Max="200">100</ContrB>
                  <Invert Min="0" Max="1">0</Invert>
                  <Gamma Min="0.3" Max="3.3">1</Gamma>
                  <ColorSpace LegalValues="0 1">1</ColorSpace>
                  <ColorRange LegalValues="0 1">0</ColorRange>
                  <Mono Min="0" Max="1">0</Mono>
                </VideoColor>
              </LayerState>
              <LayerState id="1">
                <Mode Min="0" Max="1">0</Mode>
                <Flip LegalValues="0 1 2 3">0</Flip>
                <StrobeInt Min="2" Max="100">2</StrobeInt>
                <Key id="0">
                  <KeyType LegalValues="0 1">0</KeyType>
                  <Clip Min="0" Max="100">50</Clip>
                  <Gain Min="0" Max="100">1</Gain>
                  <Opacity Min="0" Max="100">100</Opacity>
                  <ChromaOp Min="0" Max="100">100</ChromaOp>
                  <HighSupp Min="0" Max="100">0</HighSupp>
                  <Luma Min="0" Max="100">37.5</Luma>
                  <Sat Min="0" Max="100">100</Sat>
                  <SatClip Min="0" Max="100">5</SatClip>
                  <ShadowSupp Min="0" Max="100">0</ShadowSupp>
                  <SpillSupp Min="0" Max="100">0</SpillSupp>
                  <ChromaClip Min="0" Max="90">10</ChromaClip>
                  <ChromaRamp Min="0" Max="180">90</ChromaRamp>
                  <SatGain Min="1" Max="100">5</SatGain>
                  <ColorPickXPos Min="0" Max="32767">0</ColorPickXPos>
                  <ColorPickYPos Min="0" Max="32767">0</ColorPickYPos>
                  <ColorPickOn Min="0" Max="1">0</ColorPickOn>
                  <Hue Min="0" Max="360">0</Hue>
                  <FillType LegalValues="0 1 2">0</FillType>
                  <Color id="0">
                    <Red Min="0" Max="1023">0</Red>
                    <Green Min="0" Max="1023">0</Green>
                    <Blue Min="0" Max="1023">0</Blue>
                  </Color>
                </Key>
                <PIP id="0">
                  <Border id="0">
                    <UnitType Min="0" Max="1">0</UnitType>
                    <BrdrPixel Min="0" Max="512">50</BrdrPixel>
                    <BrdrPercent Min="0" Max="50">10</BrdrPercent>
                    <BrdrTyp LegalValues="0 1 2 3 4 5">0</BrdrTyp>
                    <Color id="0">
                      <Red Min="0" Max="1023">800</Red>
                      <Green Min="0" Max="1023">800</Green>
                      <Blue Min="0" Max="1023">800</Blue>
                    </Color>
                  </Border>
                  <Shadow id="0">
                    <Mode Min="0" Max="1">0</Mode>
                    <Opacity Min="0" Max="1">0.5</Opacity>
                    <EdgeWidth Min="0" Max="512">30</EdgeWidth>
                    <Rect id="0">
                      <HPos Min="-100" Max="100">5</HPos>
                      <VPos Min="-100" Max="100">5</VPos>
                      <HSize Min="100" Max="200">100</HSize>
                      <VSize Min="100" Max="200">100</VSize>
                      <AR Min="0" Max="99">0</AR>
                    </Rect>
                    <Color id="0">
                      <Red Min="0" Max="1023">0</Red>
                      <Green Min="0" Max="1023">0</Green>
                      <Blue Min="0" Max="1023">0</Blue>
                    </Color>
                  </Shadow>
                </PIP>
                <WinAdjust id="0">
                  <IWIN id="0">
                    <HPos Min="-32767" Max="32767">0</HPos>
                    <VPos Min="-32767" Max="32767">0</VPos>
                    <HSize Min="0" Max="32767">1920</HSize>
                    <VSize Min="0" Max="32767">1080</VSize>
                    <AR Min="0" Max="99">0</AR>
                  </IWIN>
                  <Mask id="0">
                    <Left Min="0" Max="100">0</Left>
                    <Right Min="0" Max="100">0</Right>
                    <Top Min="0" Max="100">0</Top>
                    <Bottom Min="0" Max="100">0</Bottom>
                  </Mask>
                  <OWIN id="0">
                    <HPos Min="-32767" Max="32767">0</HPos>
                    <VPos Min="-32767" Max="32767">0</VPos>
                    <HSize Min="0" Max="32767">500</HSize>
                    <VSize Min="0" Max="32767">500</VSize>
                    <AR Min="0" Max="99">0</AR>
                  </OWIN>
                  <PostMaskIWIN id="0">
                    <AR Min="0" Max="99">1.77778</AR>
                    <HPos Min="-32767" Max="32767">0</HPos>
                    <VPos Min="-32767" Max="32767">0</VPos>
                    <HSize Min="0" Max="32767">1920</HSize>
                    <VSize Min="0" Max="32767">1080</VSize>
                  </PostMaskIWIN>
                  <PostMaskOWIN id="0">
                    <AR Min="0" Max="99">1</AR>
                    <HPos Min="-32767" Max="32767">0</HPos>
                    <VPos Min="-32767" Max="32767">0</VPos>
                    <HSize Min="0" Max="32767">500</HSize>
                    <VSize Min="0" Max="32767">500</VSize>
                  </PostMaskOWIN>
                </WinAdjust>
                <VideoColor id="0">
                  <Hue Min="-180" Max="180">0</Hue>
                  <Sat Min="0" Max="200">100</Sat>
                  <Bright Min="0" Max="200">100</Bright>
                  <BrightR Min="0" Max="200">100</BrightR>
                  <BrightG Min="0" Max="200">100</BrightG>
                  <BrightB Min="0" Max="200">100</BrightB>
                  <Contr Min="0" Max="200">100</Contr>
                  <ContrR Min="0" Max="200">100</ContrR>
                  <ContrG Min="0" Max="200">100</ContrG>
                  <ContrB Min="0" Max="200">100</ContrB>
                  <Invert Min="0" Max="1">0</Invert>
                  <Gamma Min="0.3" Max="3.3">1</Gamma>
                  <ColorSpace LegalValues="0 1">1</ColorSpace>
                  <ColorRange LegalValues="0 1">0</ColorRange>
                  <Mono Min="0" Max="1">0</Mono>
                </VideoColor>
              </LayerState>
              <Transition id="0">
                <TransTime Min="0" Max="1999">30</TransTime>
                <TransPos Min="0" Max="4096">0</TransPos>
                <TransCurve LegalValues="0 1 2 3">1</TransCurve>
                <TransDelay Min="0" Max="1999">0</TransDelay>
                <ArmMode Min="0" Max="1">0</ArmMode>
                <TBarDead Min="0" Max="1">0</TBarDead>
                <AutoTransInProg Min="0" Max="1">0</AutoTransInProg>
                <TransInProg Min="0" Max="1">0</TransInProg>
              </Transition>
              <Transition id="1">
                <TransTime Min="0" Max="1999">30</TransTime>
                <TransPos Min="0" Max="4096">0</TransPos>
                <TransCurve LegalValues="0 1 2 3">1</TransCurve>
                <TransDelay Min="0" Max="1999">0</TransDelay>
                <ArmMode Min="0" Max="1">0</ArmMode>
                <TBarDead Min="0" Max="1">0</TBarDead>
                <AutoTransInProg Min="0" Max="1">0</AutoTransInProg>
                <TransInProg Min="0" Max="1">0</TransInProg>
              </Transition>
            </LayerCfg>
          </Layer>
        </LayerCollection>
        <MixerCollection id="0">
          <Mixer id="0">
            <LayerAIndex Min="-1" Max="63">0</LayerAIndex>
            <SplitMode Min="0" Max="1">0</SplitMode>
            <JoinMode Min="0" Max="1">0</JoinMode>
            <ToggleMode Min="0" Max="1">0</ToggleMode>
            <linkLayers Min="0" Max="1">0</linkLayers>
            <Error Min="-1000000" Max="1000000">0</Error>
          </Mixer>
          <Mixer id="1">
            <LayerAIndex Min="-1" Max="63">2</LayerAIndex>
            <SplitMode Min="0" Max="1">0</SplitMode>
            <JoinMode Min="0" Max="1">0</JoinMode>
            <ToggleMode Min="0" Max="1">0</ToggleMode>
            <linkLayers Min="0" Max="1">0</linkLayers>
            <Error Min="-1000000" Max="1000000">0</Error>
          </Mixer>
          <Mixer id="2">
            <LayerAIndex Min="-1" Max="63">4</LayerAIndex>
            <SplitMode Min="0" Max="1">0</SplitMode>
            <JoinMode Min="0" Max="1">0</JoinMode>
            <ToggleMode Min="0" Max="1">0</ToggleMode>
            <linkLayers Min="0" Max="1">0</linkLayers>
            <Error Min="-1000000" Max="1000000">0</Error>
          </Mixer>
        </MixerCollection>
      </ScreenDest>
    </ScreenDestCol>
  </DestMgr>
  <Genlock id="0">
    <LockSrc Min="0" Max="1">0</LockSrc>
    <OutHPhase Min="-100" Max="100">0</OutHPhase>
    <OutVPhase Min="-100" Max="100">0</OutVPhase>
    <LockMode>1</LockMode>
    <Locked Min="0" Max="4">0</Locked>
    <VFreq Min="20" Max="75">0</VFreq>
  </Genlock>
  <StillMgr id="0">
    <Error Min="-1000000" Max="1000000">0</Error>
    <Loading Min="0" Max="1">0</Loading>
    <Still id="0">
      <Name>StillStore1</Name>
      <LockMode>0</LockMode>
      <HSize Min="0" Max="99999">1920</HSize>
      <VSize Min="0" Max="99999">1080</VSize>
      <StillState Min="0" Max="4">3</StillState>
      <PngState Min="0" Max="2">0</PngState>
      <FileSize Min="0" Max="100000">9331.2</FileSize>
    </Still>
  </StillMgr>
  <OutCfgMgr id="0">
    <OutputCfg id="0">
      <Mode3D LegalValues="0 1">0</Mode3D>
      <OperMode3D LegalValues="0 1">0</OperMode3D>
      <Eye3D LegalValues="0 1">0</Eye3D>
      <Name>Output1</Name>
      <HdcpMode Min="0" Max="1">0</HdcpMode>
      <AutoConfigStatus Min="0" Max="1">0</AutoConfigStatus>
      <Conn id="0">
        <SyncPol LegalValues="0 1 2 3">2</SyncPol>
        <BitDepth LegalValues="1 2 3">1</BitDepth>
        <SampleMode LegalValues="0 1">0</SampleMode>
      </Conn>
      <Config id="0">
        <Name>Config0</Name>
        <Owner/>
        <Contact/>
        <HDimension Min="0" Max="16">0</HDimension>
        <VDimension Min="0" Max="16">0</VDimension>
        <ConnMapOrient LegalValues="0 1 2">0</ConnMapOrient>
        <ConfigStatus Min="0" Max="5">1</ConfigStatus>
        <ConnMap id="0">
          <InUse Min="0" Max="1">1</InUse>
          <VPID Min="0" Max="1">0</VPID>
          <CardType Min="0" Max="255">22</CardType>
          <ColumnIndex Min="0" Max="15">0</ColumnIndex>
          <RowIndex Min="0" Max="15">0</RowIndex>
          <ConnectorIndex Min="0" Max="3">0</ConnectorIndex>
          <SlotIndex Min="0" Max="22">10</SlotIndex>
          <Error Min="-1000000" Max="1000000">0</Error>
        </ConnMap>
        <ConnMap id="1">
          <InUse Min="0" Max="1">0</InUse>
          <VPID Min="0" Max="1">0</VPID>
          <CardType Min="0" Max="255">255</CardType>
          <ColumnIndex Min="0" Max="15">0</ColumnIndex>
          <RowIndex Min="0" Max="15">0</RowIndex>
          <ConnectorIndex Min="0" Max="3">0</ConnectorIndex>
          <SlotIndex Min="0" Max="22">-1</SlotIndex>
          <Error Min="-1000000" Max="1000000">0</Error>
        </ConnMap>
        <ConnMap id="2">
          <InUse Min="0" Max="1">0</InUse>
          <VPID Min="0" Max="1">0</VPID>
          <CardType Min="0" Max="255">255</CardType>
          <ColumnIndex Min="0" Max="15">0</ColumnIndex>
          <RowIndex Min="0" Max="15">0</RowIndex>
          <ConnectorIndex Min="0" Max="3">0</ConnectorIndex>
          <SlotIndex Min="0" Max="22">-1</SlotIndex>
          <Error Min="-1000000" Max="1000000">0</Error>
        </ConnMap>
        <ConnMap id="3">
          <InUse Min="0" Max="1">0</InUse>
          <VPID Min="0" Max="1">0</VPID>
          <CardType Min="0" Max="255">255</CardType>
          <ColumnIndex Min="0" Max="15">0</ColumnIndex>
          <RowIndex Min="0" Max="15">0</RowIndex>
          <ConnectorIndex Min="0" Max="3">0</ConnectorIndex>
          <SlotIndex Min="0" Max="22">-1</SlotIndex>
          <Error Min="-1000000" Max="1000000">0</Error>
        </ConnMap>
        <ConnMap id="4">
          <InUse Min="0" Max="1">0</InUse>
          <VPID Min="0" Max="1">0</VPID>
          <CardType Min="0" Max="255">255</CardType>
          <ColumnIndex Min="0" Max="15">0</ColumnIndex>
          <RowIndex Min="0" Max="15">0</RowIndex>
          <ConnectorIndex Min="0" Max="3">0</ConnectorIndex>
          <SlotIndex Min="0" Max="22">-1</SlotIndex>
          <Error Min="-1000000" Max="1000000">0</Error>
        </ConnMap>
        <ConnMap id="5">
          <InUse Min="0" Max="1">0</InUse>
          <VPID Min="0" Max="1">0</VPID>
          <CardType Min="0" Max="255">255</CardType>
          <ColumnIndex Min="0" Max="15">0</ColumnIndex>
          <RowIndex Min="0" Max="15">0</RowIndex>
          <ConnectorIndex Min="0" Max="3">0</ConnectorIndex>
          <SlotIndex Min="0" Max="22">-1</SlotIndex>
          <Error Min="-1000000" Max="1000000">0</Error>
        </ConnMap>
        <ConnMap id="6">
          <InUse Min="0" Max="1">0</InUse>
          <VPID Min="0" Max="1">0</VPID>
          <CardType Min="0" Max="255">255</CardType>
          <ColumnIndex Min="0" Max="15">0</ColumnIndex>
          <RowIndex Min="0" Max="15">0</RowIndex>
          <ConnectorIndex Min="0" Max="3">0</ConnectorIndex>
          <SlotIndex Min="0" Max="22">-1</SlotIndex>
          <Error Min="-1000000" Max="1000000">0</Error>
        </ConnMap>
        <ConnMap id="7">
          <InUse Min="0" Max="1">0</InUse>
          <VPID Min="0" Max="1">0</VPID>
          <CardType Min="0" Max="255">255</CardType>
          <ColumnIndex Min="0" Max="15">0</ColumnIndex>
          <RowIndex Min="0" Max="15">0</RowIndex>
          <ConnectorIndex Min="0" Max="3">0</ConnectorIndex>
          <SlotIndex Min="0" Max="22">-1</SlotIndex>
          <Error Min="-1000000" Max="1000000">0</Error>
        </ConnMap>
        <ConnMap id="8">
          <InUse Min="0" Max="1">0</InUse>
          <VPID Min="0" Max="1">0</VPID>
          <CardType Min="0" Max="255">255</CardType>
          <ColumnIndex Min="0" Max="15">0</ColumnIndex>
          <RowIndex Min="0" Max="15">0</RowIndex>
          <ConnectorIndex Min="0" Max="3">0</ConnectorIndex>
          <SlotIndex Min="0" Max="22">-1</SlotIndex>
          <Error Min="-1000000" Max="1000000">0</Error>
        </ConnMap>
        <ConnMap id="9">
          <InUse Min="0" Max="1">0</InUse>
          <VPID Min="0" Max="1">0</VPID>
          <CardType Min="0" Max="255">255</CardType>
          <ColumnIndex Min="0" Max="15">0</ColumnIndex>
          <RowIndex Min="0" Max="15">0</RowIndex>
          <ConnectorIndex Min="0" Max="3">0</ConnectorIndex>
          <SlotIndex Min="0" Max="22">-1</SlotIndex>
          <Error Min="-1000000" Max="1000000">0</Error>
        </ConnMap>
        <ConnMap id="10">
          <InUse Min="0" Max="1">0</InUse>
          <VPID Min="0" Max="1">0</VPID>
          <CardType Min="0" Max="255">255</CardType>
          <ColumnIndex Min="0" Max="15">0</ColumnIndex>
          <RowIndex Min="0" Max="15">0</RowIndex>
          <ConnectorIndex Min="0" Max="3">0</ConnectorIndex>
          <SlotIndex Min="0" Max="22">-1</SlotIndex>
          <Error Min="-1000000" Max="1000000">0</Error>
        </ConnMap>
        <ConnMap id="11">
          <InUse Min="0" Max="1">0</InUse>
          <VPID Min="0" Max="1">0</VPID>
          <CardType Min="0" Max="255">255</CardType>
          <ColumnIndex Min="0" Max="15">0</ColumnIndex>
          <RowIndex Min="0" Max="15">0</RowIndex>
          <ConnectorIndex Min="0" Max="3">0</ConnectorIndex>
          <SlotIndex Min="0" Max="22">-1</SlotIndex>
          <Error Min="-1000000" Max="1000000">0</Error>
        </ConnMap>
        <ConnMap id="12">
          <InUse Min="0" Max="1">0</InUse>
          <VPID Min="0" Max="1">0</VPID>
          <CardType Min="0" Max="255">255</CardType>
          <ColumnIndex Min="0" Max="15">0</ColumnIndex>
          <RowIndex Min="0" Max="15">0</RowIndex>
          <ConnectorIndex Min="0" Max="3">0</ConnectorIndex>
          <SlotIndex Min="0" Max="22">-1</SlotIndex>
          <Error Min="-1000000" Max="1000000">0</Error>
        </ConnMap>
        <ConnMap id="13">
          <InUse Min="0" Max="1">0</InUse>
          <VPID Min="0" Max="1">0</VPID>
          <CardType Min="0" Max="255">255</CardType>
          <ColumnIndex Min="0" Max="15">0</ColumnIndex>
          <RowIndex Min="0" Max="15">0</RowIndex>
          <ConnectorIndex Min="0" Max="3">0</ConnectorIndex>
          <SlotIndex Min="0" Max="22">-1</SlotIndex>
          <Error Min="-1000000" Max="1000000">0</Error>
        </ConnMap>
        <ConnMap id="14">
          <InUse Min="0" Max="1">0</InUse>
          <VPID Min="0" Max="1">0</VPID>
          <CardType Min="0" Max="255">255</CardType>
          <ColumnIndex Min="0" Max="15">0</ColumnIndex>
          <RowIndex Min="0" Max="15">0</RowIndex>
          <ConnectorIndex Min="0" Max="3">0</ConnectorIndex>
          <SlotIndex Min="0" Max="22">-1</SlotIndex>
          <Error Min="-1000000" Max="1000000">0</Error>
        </ConnMap>
        <ConnMap id="15">
          <InUse Min="0" Max="1">0</InUse>
          <VPID Min="0" Max="1">0</VPID>
          <CardType Min="0" Max="255">255</CardType>
          <ColumnIndex Min="0" Max="15">0</ColumnIndex>
          <RowIndex Min="0" Max="15">0</RowIndex>
          <ConnectorIndex Min="0" Max="3">0</ConnectorIndex>
          <SlotIndex Min="0" Max="22">-1</SlotIndex>
          <Error Min="-1000000" Max="1000000">0</Error>
        </ConnMap>
        <VideoFormat id="0">
          <Name>1680x1050 @60</Name>
          <HFreq>65290</HFreq>
          <HSync Min="1" Max="456">176</HSync>
          <HActive Min="0" Max="1960">1680</HActive>
          <HFP Min="0" Max="384">104</HFP>
          <HTotal Min="1960" Max="8191">2240</HTotal>
          <VFreq Min="20" Max="75">59.954</VFreq>
          <VSync Min="1" Max="36">6</VSync>
          <VActive Min="0" Max="1080">1050</VActive>
          <VFP Min="0" Max="33">3</VFP>
          <VTotal Min="1059" Max="8191">1089</VTotal>
          <PixelClk>146.25</PixelClk>
          <HSP Min="78" Max="80">78</HSP>
          <VSP Min="78" Max="80">80</VSP>
          <AR Min="0" Max="1000">1.6</AR>
          <Interlaced>80</Interlaced>
          <VFType Min="0" Max="0">16</VFType>
          <VFEnum Min="0" Max="4700">2400</VFEnum>
          <VFStdFrom Min="0" Max="4">1</VFStdFrom>
          <VFStdNum>0</VFStdNum>
        </VideoFormat>
      </Config>
      <OutputAOI id="0">
        <AOIRect id="0">
          <HPos Min="0" Max="0">0</HPos>
          <VPos Min="0" Max="0">0</VPos>
          <HSize Min="0" Max="1680">1680</HSize>
          <VSize Min="0" Max="1050">1050</VSize>
          <AR Min="0" Max="99">1.6</AR>
        </AOIRect>
        <RasterBox id="0">
          <Mode Min="0" Max="1">0</Mode>
        </RasterBox>
        <TestPattern id="0">
          <TestPatternMode LegalValues="0 1 2 3 4 5 6 7 8 9 10 11 12 13 14 15 16">0</TestPatternMode>
          <DiagMotion Min="0" Max="1">0</DiagMotion>
          <Color id="0">
            <Red Min="0" Max="1023">0</Red>
            <Green Min="0" Max="1023">0</Green>
            <Blue Min="0" Max="1023">0</Blue>
          </Color>
        </TestPattern>
      </OutputAOI>
      <RasterBox id="0">
        <Mode Min="0" Max="1">0</Mode>
      </RasterBox>
      <Feathering id="0">
        <Mode Min="0" Max="1">0</Mode>
        <Gamma Min="1" Max="5">2.2</Gamma>
        <EdgeWidth Min="0" Max="840">0</EdgeWidth>
      </Feathering>
      <Feathering id="1">
        <Mode Min="0" Max="1">0</Mode>
        <Gamma Min="1" Max="5">2.2</Gamma>
        <EdgeWidth Min="0" Max="525">0</EdgeWidth>
      </Feathering>
      <Feathering id="2">
        <Mode Min="0" Max="1">0</Mode>
        <Gamma Min="1" Max="5">2.2</Gamma>
        <EdgeWidth Min="0" Max="840">0</EdgeWidth>
      </Feathering>
      <Feathering id="3">
        <Mode Min="0" Max="1">0</Mode>
        <Gamma Min="1" Max="5">2.2</Gamma>
        <EdgeWidth Min="0" Max="525">0</EdgeWidth>
      </Feathering>
      <VideoColor id="0">
        <Hue Min="-90" Max="90">0</Hue>
        <Sat Min="0" Max="150">100</Sat>
        <Bright Min="50" Max="150">100</Bright>
        <BrightR Min="25" Max="150">100</BrightR>
        <BrightG Min="25" Max="150">100</BrightG>
        <BrightB Min="25" Max="150">100</BrightB>
        <Contr Min="50" Max="150">100</Contr>
        <ContrR Min="25" Max="150">100</ContrR>
        <ContrG Min="25" Max="150">100</ContrG>
        <ContrB Min="25" Max="150">100</ContrB>
        <Invert Min="0" Max="1">0</Invert>
        <Gamma Min="0.3" Max="3.3">1</Gamma>
        <ColorSpace LegalValues="0 1">0</ColorSpace>
        <ColorRange LegalValues="0 1">0</ColorRange>
        <Mono Min="0" Max="1">0</Mono>
      </VideoColor>
      <TestPattern id="0">
        <TestPatternMode LegalValues="0 1 2 3 4 5 6 7 8 9 10 11 12 13 14 15 16">0</TestPatternMode>
        <DiagMotion Min="0" Max="1">0</DiagMotion>
        <Color id="0">
          <Red Min="0" Max="1023">0</Red>
          <Green Min="0" Max="1023">0</Green>
          <Blue Min="0" Max="1023">0</Blue>
        </Color>
      </TestPattern>
    </OutputCfg>
    <OutputCfg id="1">
      <Mode3D LegalValues="0 1">0</Mode3D>
      <OperMode3D LegalValues="0 1">0</OperMode3D>
      <Eye3D LegalValues="0 1">0</Eye3D>
      <Name>Output2</Name>
      <HdcpMode Min="0" Max="1">0</HdcpMode>
      <AutoConfigStatus Min="0" Max="1">0</AutoConfigStatus>
      <Conn id="0">
        <SyncPol LegalValues="0 1 2 3">0</SyncPol>
        <BitDepth LegalValues="1 2 3">1</BitDepth>
        <SampleMode LegalValues="0 1">0</SampleMode>
      </Conn>
      <Config id="0">
        <Name>Config0</Name>
        <Owner/>
        <Contact/>
        <HDimension Min="0" Max="16">0</HDimension>
        <VDimension Min="0" Max="16">0</VDimension>
        <ConnMapOrient LegalValues="0 1 2">0</ConnMapOrient>
        <ConfigStatus Min="0" Max="5">1</ConfigStatus>
        <ConnMap id="0">
          <InUse Min="0" Max="1">1</InUse>
          <VPID Min="0" Max="1">0</VPID>
          <CardType Min="0" Max="255">22</CardType>
          <ColumnIndex Min="0" Max="15">0</ColumnIndex>
          <RowIndex Min="0" Max="15">0</RowIndex>
          <ConnectorIndex Min="0" Max="3">1</ConnectorIndex>
          <SlotIndex Min="0" Max="22">10</SlotIndex>
          <Error Min="-1000000" Max="1000000">0</Error>
        </ConnMap>
        <ConnMap id="1">
          <InUse Min="0" Max="1">0</InUse>
          <VPID Min="0" Max="1">0</VPID>
          <CardType Min="0" Max="255">255</CardType>
          <ColumnIndex Min="0" Max="15">0</ColumnIndex>
          <RowIndex Min="0" Max="15">0</RowIndex>
          <ConnectorIndex Min="0" Max="3">0</ConnectorIndex>
          <SlotIndex Min="0" Max="22">-1</SlotIndex>
          <Error Min="-1000000" Max="1000000">0</Error>
        </ConnMap>
        <ConnMap id="2">
          <InUse Min="0" Max="1">0</InUse>
          <VPID Min="0" Max="1">0</VPID>
          <CardType Min="0" Max="255">255</CardType>
          <ColumnIndex Min="0" Max="15">0</ColumnIndex>
          <RowIndex Min="0" Max="15">0</RowIndex>
          <ConnectorIndex Min="0" Max="3">0</ConnectorIndex>
          <SlotIndex Min="0" Max="22">-1</SlotIndex>
          <Error Min="-1000000" Max="1000000">0</Error>
        </ConnMap>
        <ConnMap id="3">
          <InUse Min="0" Max="1">0</InUse>
          <VPID Min="0" Max="1">0</VPID>
          <CardType Min="0" Max="255">255</CardType>
          <ColumnIndex Min="0" Max="15">0</ColumnIndex>
          <RowIndex Min="0" Max="15">0</RowIndex>
          <ConnectorIndex Min="0" Max="3">0</ConnectorIndex>
          <SlotIndex Min="0" Max="22">-1</SlotIndex>
          <Error Min="-1000000" Max="1000000">0</Error>
        </ConnMap>
        <ConnMap id="4">
          <InUse Min="0" Max="1">0</InUse>
          <VPID Min="0" Max="1">0</VPID>
          <CardType Min="0" Max="255">255</CardType>
          <ColumnIndex Min="0" Max="15">0</ColumnIndex>
          <RowIndex Min="0" Max="15">0</RowIndex>
          <ConnectorIndex Min="0" Max="3">0</ConnectorIndex>
          <SlotIndex Min="0" Max="22">-1</SlotIndex>
          <Error Min="-1000000" Max="1000000">0</Error>
        </ConnMap>
        <ConnMap id="5">
          <InUse Min="0" Max="1">0</InUse>
          <VPID Min="0" Max="1">0</VPID>
          <CardType Min="0" Max="255">255</CardType>
          <ColumnIndex Min="0" Max="15">0</ColumnIndex>
          <RowIndex Min="0" Max="15">0</RowIndex>
          <ConnectorIndex Min="0" Max="3">0</ConnectorIndex>
          <SlotIndex Min="0" Max="22">-1</SlotIndex>
          <Error Min="-1000000" Max="1000000">0</Error>
        </ConnMap>
        <ConnMap id="6">
          <InUse Min="0" Max="1">0</InUse>
          <VPID Min="0" Max="1">0</VPID>
          <CardType Min="0" Max="255">255</CardType>
          <ColumnIndex Min="0" Max="15">0</ColumnIndex>
          <RowIndex Min="0" Max="15">0</RowIndex>
          <ConnectorIndex Min="0" Max="3">0</ConnectorIndex>
          <SlotIndex Min="0" Max="22">-1</SlotIndex>
          <Error Min="-1000000" Max="1000000">0</Error>
        </ConnMap>
        <ConnMap id="7">
          <InUse Min="0" Max="1">0</InUse>
          <VPID Min="0" Max="1">0</VPID>
          <CardType Min="0" Max="255">255</CardType>
          <ColumnIndex Min="0" Max="15">0</ColumnIndex>
          <RowIndex Min="0" Max="15">0</RowIndex>
          <ConnectorIndex Min="0" Max="3">0</ConnectorIndex>
          <SlotIndex Min="0" Max="22">-1</SlotIndex>
          <Error Min="-1000000" Max="1000000">0</Error>
        </ConnMap>
        <ConnMap id="8">
          <InUse Min="0" Max="1">0</InUse>
          <VPID Min="0" Max="1">0</VPID>
          <CardType Min="0" Max="255">255</CardType>
          <ColumnIndex Min="0" Max="15">0</ColumnIndex>
          <RowIndex Min="0" Max="15">0</RowIndex>
          <ConnectorIndex Min="0" Max="3">0</ConnectorIndex>
          <SlotIndex Min="0" Max="22">-1</SlotIndex>
          <Error Min="-1000000" Max="1000000">0</Error>
        </ConnMap>
        <ConnMap id="9">
          <InUse Min="0" Max="1">0</InUse>
          <VPID Min="0" Max="1">0</VPID>
          <CardType Min="0" Max="255">255</CardType>
          <ColumnIndex Min="0" Max="15">0</ColumnIndex>
          <RowIndex Min="0" Max="15">0</RowIndex>
          <ConnectorIndex Min="0" Max="3">0</ConnectorIndex>
          <SlotIndex Min="0" Max="22">-1</SlotIndex>
          <Error Min="-1000000" Max="1000000">0</Error>
        </ConnMap>
        <ConnMap id="10">
          <InUse Min="0" Max="1">0</InUse>
          <VPID Min="0" Max="1">0</VPID>
          <CardType Min="0" Max="255">255</CardType>
          <ColumnIndex Min="0" Max="15">0</ColumnIndex>
          <RowIndex Min="0" Max="15">0</RowIndex>
          <ConnectorIndex Min="0" Max="3">0</ConnectorIndex>
          <SlotIndex Min="0" Max="22">-1</SlotIndex>
          <Error Min="-1000000" Max="1000000">0</Error>
        </ConnMap>
        <ConnMap id="11">
          <InUse Min="0" Max="1">0</InUse>
          <VPID Min="0" Max="1">0</VPID>
          <CardType Min="0" Max="255">255</CardType>
          <ColumnIndex Min="0" Max="15">0</ColumnIndex>
          <RowIndex Min="0" Max="15">0</RowIndex>
          <ConnectorIndex Min="0" Max="3">0</ConnectorIndex>
          <SlotIndex Min="0" Max="22">-1</SlotIndex>
          <Error Min="-1000000" Max="1000000">0</Error>
        </ConnMap>
        <ConnMap id="12">
          <InUse Min="0" Max="1">0</InUse>
          <VPID Min="0" Max="1">0</VPID>
          <CardType Min="0" Max="255">255</CardType>
          <ColumnIndex Min="0" Max="15">0</ColumnIndex>
          <RowIndex Min="0" Max="15">0</RowIndex>
          <ConnectorIndex Min="0" Max="3">0</ConnectorIndex>
          <SlotIndex Min="0" Max="22">-1</SlotIndex>
          <Error Min="-1000000" Max="1000000">0</Error>
        </ConnMap>
        <ConnMap id="13">
          <InUse Min="0" Max="1">0</InUse>
          <VPID Min="0" Max="1">0</VPID>
          <CardType Min="0" Max="255">255</CardType>
          <ColumnIndex Min="0" Max="15">0</ColumnIndex>
          <RowIndex Min="0" Max="15">0</RowIndex>
          <ConnectorIndex Min="0" Max="3">0</ConnectorIndex>
          <SlotIndex Min="0" Max="22">-1</SlotIndex>
          <Error Min="-1000000" Max="1000000">0</Error>
        </ConnMap>
        <ConnMap id="14">
          <InUse Min="0" Max="1">0</InUse>
          <VPID Min="0" Max="1">0</VPID>
          <CardType Min="0" Max="255">255</CardType>
          <ColumnIndex Min="0" Max="15">0</ColumnIndex>
          <RowIndex Min="0" Max="15">0</RowIndex>
          <ConnectorIndex Min="0" Max="3">0</ConnectorIndex>
          <SlotIndex Min="0" Max="22">-1</SlotIndex>
          <Error Min="-1000000" Max="1000000">0</Error>
        </ConnMap>
        <ConnMap id="15">
          <InUse Min="0" Max="1">0</InUse>
          <VPID Min="0" Max="1">0</VPID>
          <CardType Min="0" Max="255">255</CardType>
          <ColumnIndex Min="0" Max="15">0</ColumnIndex>
          <RowIndex Min="0" Max="15">0</RowIndex>
          <ConnectorIndex Min="0" Max="3">0</ConnectorIndex>
          <SlotIndex Min="0" Max="22">-1</SlotIndex>
          <Error Min="-1000000" Max="1000000">0</Error>
        </ConnMap>
        <VideoFormat id="0">
          <Name>1920x1080p @59.94</Name>
          <HFreq>67433</HFreq>
          <HSync Min="1" Max="192">88</HSync>
          <HActive Min="0" Max="2024">1920</HActive>
          <HFP Min="0" Max="192">88</HFP>
          <HTotal Min="2096" Max="8191">2200</HTotal>
          <VFreq Min="20" Max="75">59.9401</VFreq>
          <VSync Min="1" Max="41">5</VSync>
          <VActive Min="0" Max="1116">1080</VActive>
          <VFP Min="0" Max="40">4</VFP>
          <VTotal Min="1089" Max="8191">1125</VTotal>
          <PixelClk>148.352</PixelClk>
          <HSP Min="78" Max="80">80</HSP>
          <VSP Min="78" Max="80">80</VSP>
          <AR Min="0" Max="1000">1.77778</AR>
          <Interlaced>80</Interlaced>
          <VFType Min="0" Max="0">8</VFType>
          <VFEnum Min="0" Max="4700">2708</VFEnum>
          <VFStdFrom Min="0" Max="4">4</VFStdFrom>
          <VFStdNum>16</VFStdNum>
        </VideoFormat>
      </Config>
      <OutputAOI id="0">
        <AOIRect id="0">
          <HPos Min="0" Max="0">0</HPos>
          <VPos Min="0" Max="0">0</VPos>
          <HSize Min="0" Max="1920">1920</HSize>
          <VSize Min="0" Max="1080">1080</VSize>
          <AR Min="0" Max="99">1.77778</AR>
        </AOIRect>
        <RasterBox id="0">
          <Mode Min="0" Max="1">0</Mode>
        </RasterBox>
        <TestPattern id="0">
          <TestPatternMode LegalValues="0 1 2 3 4 5 6 7 8 9 10 11 12 13 14 15 16">0</TestPatternMode>
          <DiagMotion Min="0" Max="1">0</DiagMotion>
          <Color id="0">
            <Red Min="0" Max="1023">0</Red>
            <Green Min="0" Max="1023">0</Green>
            <Blue Min="0" Max="1023">0</Blue>
          </Color>
        </TestPattern>
      </OutputAOI>
      <RasterBox id="0">
        <Mode Min="0" Max="1">0</Mode>
      </RasterBox>
      <Feathering id="0">
        <Mode Min="0" Max="1">0</Mode>
        <Gamma Min="1" Max="5">2.2</Gamma>
        <EdgeWidth Min="0" Max="960">0</EdgeWidth>
      </Feathering>
      <Feathering id="1">
        <Mode Min="0" Max="1">0</Mode>
        <Gamma Min="1" Max="5">2.2</Gamma>
        <EdgeWidth Min="0" Max="540">0</EdgeWidth>
      </Feathering>
      <Feathering id="2">
        <Mode Min="0" Max="1">0</Mode>
        <Gamma Min="1" Max="5">2.2</Gamma>
        <EdgeWidth Min="0" Max="960">0</EdgeWidth>
      </Feathering>
      <Feathering id="3">
        <Mode Min="0" Max="1">0</Mode>
        <Gamma Min="1" Max="5">2.2</Gamma>
        <EdgeWidth Min="0" Max="540">0</EdgeWidth>
      </Feathering>
      <VideoColor id="0">
        <Hue Min="-90" Max="90">0</Hue>
        <Sat Min="0" Max="150">100</Sat>
        <Bright Min="50" Max="150">100</Bright>
        <BrightR Min="25" Max="150">100</BrightR>
        <BrightG Min="25" Max="150">100</BrightG>
        <BrightB Min="25" Max="150">100</BrightB>
        <Contr Min="50" Max="150">100</Contr>
        <ContrR Min="25" Max="150">100</ContrR>
        <ContrG Min="25" Max="150">100</ContrG>
        <ContrB Min="25" Max="150">100</ContrB>
        <Invert Min="0" Max="1">0</Invert>
        <Gamma Min="0.3" Max="3.3">1</Gamma>
        <ColorSpace LegalValues="0 1">0</ColorSpace>
        <ColorRange LegalValues="0 1">1</ColorRange>
        <Mono Min="0" Max="1">0</Mono>
      </VideoColor>
      <TestPattern id="0">
        <TestPatternMode LegalValues="0 1 2 3 4 5 6 7 8 9 10 11 12 13 14 15 16">0</TestPatternMode>
        <DiagMotion Min="0" Max="1">0</DiagMotion>
        <Color id="0">
          <Red Min="0" Max="1023">0</Red>
          <Green Min="0" Max="1023">0</Green>
          <Blue Min="0" Max="1023">0</Blue>
        </Color>
      </TestPattern>
    </OutputCfg>
  </OutCfgMgr>
  <PresetMgr id="0">
    <ConflictMode LegalValues="0 2 1 3 4">1</ConflictMode>
    <ConflictPref LegalValues="0 1 2">1</ConflictPref>
    <TransTime Min="0" Max="1999">30</TransTime>
    <LastRecall>1</LastRecall>
    <Preset id="0">
      <Name>Preset1.00</Name>
      <LockMode>0</LockMode>
      <presetSno>1.00</presetSno>
      <GuiId>0292fed6-42ac-49fe-b9a4-6d98303b43c9</GuiId>
      <Conflict Min="0" Max="1">0</Conflict>
    </Preset>
    <Preset id="1">
      <Name>Preset2.00</Name>
      <LockMode>0</LockMode>
      <presetSno>2.00</presetSno>
      <GuiId>b1ed80db-132d-465f-b29e-08f8bb76a827</GuiId>
      <Conflict Min="0" Max="1">0</Conflict>
    </Preset>
    <Preset id="2">
      <Name>Preset3.00</Name>
      <LockMode>0</LockMode>
      <presetSno>3.00</presetSno>
      <GuiId>d8102596-ba40-4370-a020-5e3b698b1125</GuiId>
      <Conflict Min="0" Max="1">0</Conflict>
    </Preset>
    <Preset id="3">
      <Name>Preset4.00</Name>
      <LockMode>0</LockMode>
      <presetSno>4.00</presetSno>
      <GuiId>8079cd99-5e5f-4ff2-8470-bb806ec4b953</GuiId>
      <Conflict Min="0" Max="1">0</Conflict>
    </Preset>
  </PresetMgr>
  <SystemTime id="0">
    <Hours Min="0" Max="23">0</Hours>
    <Minutes Min="0" Max="59">0</Minutes>
    <Seconds Min="0" Max="59">0</Seconds>
  </SystemTime>
  <UserKeyMgr id="0">
    <UserKey id="0">
      <PosEn Min="0" Max="1">1</PosEn>
      <SizeEn Min="0" Max="1">1</SizeEn>
      <MaskEn Min="0" Max="1">1</MaskEn>
      <PanZoomEn Min="0" Max="1">1</PanZoomEn>
      <LayerModeEn Min="0" Max="1">1</LayerModeEn>
      <KeyPropEn Min="0" Max="1">1</KeyPropEn>
      <BorderEn Min="0" Max="1">1</BorderEn>
      <ShadowEn Min="0" Max="1">1</ShadowEn>
      <TransParamEn Min="0" Max="1">1</TransParamEn>
      <EffectsEn Min="0" Max="1">1</EffectsEn>
      <KFEn Min="0" Max="1">1</KFEn>
      <Name>Full</Name>
      <LayerCfg id="0">
        <LayerMode LegalValues="0 1">1</LayerMode>
        <NumOfStates Min="0" Max="2">1</NumOfStates>
        <ActiveState Min="0" Max="1">0</ActiveState>
        <UseEfxColor Min="0" Max="1">0</UseEfxColor>
        <Source id="0">
          <InputCfgIndex Min="-1" Max="127">-1</InputCfgIndex>
          <StillIndex Min="-1" Max="99">-1</StillIndex>
          <UserKeyIndex Min="-1" Max="299">-1</UserKeyIndex>
          <Name>Empty</Name>
          <SrcType Min="0" Max="3">0</SrcType>
          <DestIndex Min="-1" Max="127">-1</DestIndex>
          <AR Min="0" Max="128">1.77777</AR>
          <AOIRect id="0">
            <HPos Min="-32767" Max="32767">0</HPos>
            <VPos Min="-32767" Max="32767">0</VPos>
            <HSize Min="0" Max="32767">0</HSize>
            <VSize Min="0" Max="32767">0</VSize>
          </AOIRect>
          <VideoColor id="0">
            <Hue Min="-180" Max="180">0</Hue>
            <Sat Min="0" Max="200">100</Sat>
            <Bright Min="0" Max="200">100</Bright>
            <BrightR Min="0" Max="200">100</BrightR>
            <BrightG Min="0" Max="200">100</BrightG>
            <BrightB Min="0" Max="200">100</BrightB>
            <Contr Min="0" Max="200">100</Contr>
            <ContrR Min="0" Max="200">100</ContrR>
            <ContrG Min="0" Max="200">100</ContrG>
            <ContrB Min="0" Max="200">100</ContrB>
            <Invert Min="0" Max="1">0</Invert>
            <Gamma Min="0.3" Max="3.3">1</Gamma>
            <ColorSpace LegalValues="0 1">1</ColorSpace>
            <ColorRange LegalValues="0 1">0</ColorRange>
            <Mono Min="0" Max="1">0</Mono>
          </VideoColor>
        </Source>
        <LayerState id="0">
          <Mode Min="0" Max="1">0</Mode>
          <Flip LegalValues="0 1 2 3">0</Flip>
          <StrobeInt Min="2" Max="100">2</StrobeInt>
          <Key id="0">
            <KeyType LegalValues="0 1">0</KeyType>
            <Clip Min="0" Max="100">50</Clip>
            <Gain Min="0" Max="100">1</Gain>
            <Opacity Min="0" Max="100">100</Opacity>
            <ChromaOp Min="0" Max="100">100</ChromaOp>
            <HighSupp Min="0" Max="100">0</HighSupp>
            <Luma Min="0" Max="100">37.5</Luma>
            <Sat Min="0" Max="100">100</Sat>
            <SatClip Min="0" Max="100">5</SatClip>
            <ShadowSupp Min="0" Max="100">0</ShadowSupp>
            <SpillSupp Min="0" Max="100">0</SpillSupp>
            <ChromaClip Min="0" Max="180">10</ChromaClip>
            <ChromaRamp Min="0" Max="180">90</ChromaRamp>
            <SatGain Min="1" Max="100">5</SatGain>
            <ColorPickXPos Min="0" Max="32767">0</ColorPickXPos>
            <ColorPickYPos Min="0" Max="32767">0</ColorPickYPos>
            <ColorPickOn Min="0" Max="1">0</ColorPickOn>
            <Hue Min="0" Max="360">0</Hue>
            <FillType LegalValues="0 1 2">0</FillType>
            <Color id="0">
              <Red Min="0" Max="1023">0</Red>
              <Green Min="0" Max="1023">0</Green>
              <Blue Min="0" Max="1023">0</Blue>
            </Color>
          </Key>
          <PIP id="0">
            <Border id="0">
              <UnitType Min="0" Max="1">0</UnitType>
              <BrdrPixel Min="0" Max="512">50</BrdrPixel>
              <BrdrPercent Min="0" Max="50">4.7619</BrdrPercent>
              <BrdrTyp LegalValues="0 1 2 3 4 5">0</BrdrTyp>
              <Color id="0">
                <Red Min="0" Max="1023">800</Red>
                <Green Min="0" Max="1023">800</Green>
                <Blue Min="0" Max="1023">800</Blue>
              </Color>
            </Border>
            <Shadow id="0">
              <Mode Min="0" Max="1">0</Mode>
              <Opacity Min="0" Max="1">0.5</Opacity>
              <EdgeWidth Min="0" Max="512">30</EdgeWidth>
              <Rect id="0">
                <HPos Min="-32767" Max="32767">5</HPos>
                <VPos Min="-32767" Max="32767">5</VPos>
                <HSize Min="0" Max="32767">100</HSize>
                <VSize Min="0" Max="32767">100</VSize>
              </Rect>
              <Color id="0">
                <Red Min="0" Max="1023">0</Red>
                <Green Min="0" Max="1023">0</Green>
                <Blue Min="0" Max="1023">0</Blue>
              </Color>
            </Shadow>
          </PIP>
          <WinAdjust id="0">
            <IWIN id="0">
              <HPos Min="-32767" Max="32767">0</HPos>
              <VPos Min="-32767" Max="32767">0</VPos>
              <HSize Min="0" Max="32767">1920</HSize>
              <VSize Min="0" Max="32767">1080</VSize>
            </IWIN>
            <Mask id="0">
              <Left Min="0" Max="100">0</Left>
              <Right Min="0" Max="100">0</Right>
              <Top Min="0" Max="100">0</Top>
              <Bottom Min="0" Max="100">0</Bottom>
            </Mask>
            <OWIN id="0">
              <HPos Min="-32767" Max="32767">0</HPos>
              <VPos Min="-32767" Max="32767">0</VPos>
              <HSize Min="0" Max="32767">1680</HSize>
              <VSize Min="0" Max="32767">1050</VSize>
            </OWIN>
          </WinAdjust>
          <VideoColor id="0">
            <Hue Min="-180" Max="180">0</Hue>
            <Sat Min="0" Max="200">100</Sat>
            <Bright Min="0" Max="200">100</Bright>
            <BrightR Min="0" Max="200">100</BrightR>
            <BrightG Min="0" Max="200">100</BrightG>
            <BrightB Min="0" Max="200">100</BrightB>
            <Contr Min="0" Max="200">100</Contr>
            <ContrR Min="0" Max="200">100</ContrR>
            <ContrG Min="0" Max="200">100</ContrG>
            <ContrB Min="0" Max="200">100</ContrB>
            <Invert Min="0" Max="1">0</Invert>
            <Gamma Min="0.3" Max="3.3">1</Gamma>
            <ColorSpace LegalValues="0 1">1</ColorSpace>
            <ColorRange LegalValues="0 1">0</ColorRange>
            <Mono Min="0" Max="1">0</Mono>
          </VideoColor>
        </LayerState>
        <LayerState id="1">
          <Mode Min="0" Max="1">0</Mode>
          <Flip LegalValues="0 1 2 3">0</Flip>
          <StrobeInt Min="2" Max="100">2</StrobeInt>
          <Key id="0">
            <KeyType LegalValues="0 1">0</KeyType>
            <Clip Min="0" Max="100">50</Clip>
            <Gain Min="0" Max="100">1</Gain>
            <Opacity Min="0" Max="100">100</Opacity>
            <ChromaOp Min="0" Max="100">100</ChromaOp>
            <HighSupp Min="0" Max="100">0</HighSupp>
            <Luma Min="0" Max="100">37.5</Luma>
            <Sat Min="0" Max="100">100</Sat>
            <SatClip Min="0" Max="100">5</SatClip>
            <ShadowSupp Min="0" Max="100">0</ShadowSupp>
            <SpillSupp Min="0" Max="100">0</SpillSupp>
            <ChromaClip Min="0" Max="180">10</ChromaClip>
            <ChromaRamp Min="0" Max="180">90</ChromaRamp>
            <SatGain Min="1" Max="100">5</SatGain>
            <ColorPickXPos Min="0" Max="32767">0</ColorPickXPos>
            <ColorPickYPos Min="0" Max="32767">0</ColorPickYPos>
            <ColorPickOn Min="0" Max="1">0</ColorPickOn>
            <Hue Min="0" Max="360">0</Hue>
            <FillType LegalValues="0 1 2">0</FillType>
            <Color id="0">
              <Red Min="0" Max="1023">0</Red>
              <Green Min="0" Max="1023">0</Green>
              <Blue Min="0" Max="1023">0</Blue>
            </Color>
          </Key>
          <PIP id="0">
            <Border id="0">
              <UnitType Min="0" Max="1">0</UnitType>
              <BrdrPixel Min="0" Max="512">50</BrdrPixel>
              <BrdrPercent Min="0" Max="50">10</BrdrPercent>
              <BrdrTyp LegalValues="0 1 2 3 4 5">0</BrdrTyp>
              <Color id="0">
                <Red Min="0" Max="1023">800</Red>
                <Green Min="0" Max="1023">800</Green>
                <Blue Min="0" Max="1023">800</Blue>
              </Color>
            </Border>
            <Shadow id="0">
              <Mode Min="0" Max="1">0</Mode>
              <Opacity Min="0" Max="1">0.5</Opacity>
              <EdgeWidth Min="0" Max="512">30</EdgeWidth>
              <Rect id="0">
                <HPos Min="-32767" Max="32767">5</HPos>
                <VPos Min="-32767" Max="32767">5</VPos>
                <HSize Min="0" Max="32767">100</HSize>
                <VSize Min="0" Max="32767">100</VSize>
              </Rect>
              <Color id="0">
                <Red Min="0" Max="1023">0</Red>
                <Green Min="0" Max="1023">0</Green>
                <Blue Min="0" Max="1023">0</Blue>
              </Color>
            </Shadow>
          </PIP>
          <WinAdjust id="0">
            <IWIN id="0">
              <HPos Min="-32767" Max="32767">0</HPos>
              <VPos Min="-32767" Max="32767">0</VPos>
              <HSize Min="0" Max="32767">1920</HSize>
              <VSize Min="0" Max="32767">1080</VSize>
            </IWIN>
            <Mask id="0">
              <Left Min="0" Max="100">0</Left>
              <Right Min="0" Max="100">0</Right>
              <Top Min="0" Max="100">0</Top>
              <Bottom Min="0" Max="100">0</Bottom>
            </Mask>
            <OWIN id="0">
              <HPos Min="-32767" Max="32767">-194</HPos>
              <VPos Min="-32767" Max="32767">0</VPos>
              <HSize Min="0" Max="32767">889</HSize>
              <VSize Min="0" Max="32767">500</VSize>
            </OWIN>
          </WinAdjust>
          <VideoColor id="0">
            <Hue Min="-180" Max="180">0</Hue>
            <Sat Min="0" Max="200">100</Sat>
            <Bright Min="0" Max="200">100</Bright>
            <BrightR Min="0" Max="200">100</BrightR>
            <BrightG Min="0" Max="200">100</BrightG>
            <BrightB Min="0" Max="200">100</BrightB>
            <Contr Min="0" Max="200">100</Contr>
            <ContrR Min="0" Max="200">100</ContrR>
            <ContrG Min="0" Max="200">100</ContrG>
            <ContrB Min="0" Max="200">100</ContrB>
            <Invert Min="0" Max="1">0</Invert>
            <Gamma Min="0.3" Max="3.3">1</Gamma>
            <ColorSpace LegalValues="0 1">1</ColorSpace>
            <ColorRange LegalValues="0 1">0</ColorRange>
            <Mono Min="0" Max="1">0</Mono>
          </VideoColor>
        </LayerState>
        <Transition id="0">
          <TransTime Min="0" Max="1999">30</TransTime>
          <TransPos Min="0" Max="4096">0</TransPos>
          <TransCurve LegalValues="0 1 2 3">1</TransCurve>
          <TransDelay Min="0" Max="1999">0</TransDelay>
          <ArmMode Min="0" Max="1">0</ArmMode>
        </Transition>
        <Transition id="1">
          <TransTime Min="0" Max="1999">30</TransTime>
          <TransPos Min="0" Max="4096">0</TransPos>
          <TransCurve LegalValues="0 1 2 3">1</TransCurve>
          <TransDelay Min="0" Max="1999">0</TransDelay>
          <ArmMode Min="0" Max="1">0</ArmMode>
        </Transition>
      </LayerCfg>
    </UserKey>
  </UserKeyMgr>
  <ColorBuckets id="0">
    <Color id="0">
      <Red Min="0" Max="1023">0</Red>
      <Green Min="0" Max="1023">0</Green>
      <Blue Min="0" Max="1023">0</Blue>
    </Color>
    <Color id="1">
      <Red Min="0" Max="1023">0</Red>
      <Green Min="0" Max="1023">0</Green>
      <Blue Min="0" Max="1023">0</Blue>
    </Color>
    <Color id="2">
      <Red Min="0" Max="1023">0</Red>
      <Green Min="0" Max="1023">0</Green>
      <Blue Min="0" Max="1023">0</Blue>
    </Color>
    <Color id="3">
      <Red Min="0" Max="1023">0</Red>
      <Green Min="0" Max="1023">0</Green>
      <Blue Min="0" Max="1023">0</Blue>
    </Color>
    <Color id="4">
      <Red Min="0" Max="1023">0</Red>
      <Green Min="0" Max="1023">0</Green>
      <Blue Min="0" Max="1023">0</Blue>
    </Color>
  </ColorBuckets>
  <FrameCollection id="0">
    <Frame id="00:13:95:1c:0a:f2">
      <FrameType Min="-1" Max="2">0</FrameType>
      <OpMode Min="0" Max="2">0</OpMode>
      <VPID Min="0" Max="1">0</VPID>
      <BlackOnInvalid Min="0" Max="1">1</BlackOnInvalid>
      <DispBright Min="0" Max="6">3</DispBright>
      <Name>E2</Name>
      <Contact/>
      <LockFrontPanel>0</LockFrontPanel>
      <Live Min="0" Max="1">1</Live>
      <OSVersion>0.4.6</OSVersion>
      <Version>3.2.861</Version>
      <IsConnected Min="0" Max="1">1</IsConnected>
      <SyncedSetting Min="0" Max="1">1</SyncedSetting>
      <Enet id="0">
        <StaticIP>192.168.2.102</StaticIP>
        <StaticMask>255.255.255.0</StaticMask>
        <StaticGateway>192.168.2.1</StaticGateway>
        <IP>192.168.2.102</IP>
        <DhcpMode Min="0" Max="1">0</DhcpMode>
        <Mask>255.255.255.0</Mask>
        <Gateway>192.168.2.1</Gateway>
        <MacAddress>00:13:95:1c:0a:f2</MacAddress>
      </Enet>
      <Slot id="0">
        <Card id="0">
          <CardStatus Min="0" Max="4">2</CardStatus>
          <CardType Min="0" Max="255">70</CardType>
          <CardID>Card0</CardID>
          <SlotIndex Min="-1" Max="23">0</SlotIndex>
          <CardExp id="0">
            <LinkConnector id="0">
              <Mode Min="0" Max="1">0</Mode>
              <IP>192.168.2.175</IP>
              <MacAddress>00:13:95:1d:17:57</MacAddress>
              <Connected Min="0" Max="1">1</Connected>
              <ConnectorIndex Min="-1" Max="3">0</ConnectorIndex>
              <SlotIndex Min="-1" Max="22">0</SlotIndex>
            </LinkConnector>
            <LinkConnector id="1">
              <Mode Min="0" Max="1">0</Mode>
              <IP>192.168.2.175</IP>
              <MacAddress>00:13:95:1d:17:57</MacAddress>
              <Connected Min="0" Max="1">1</Connected>
              <ConnectorIndex Min="-1" Max="3">1</ConnectorIndex>
              <SlotIndex Min="-1" Max="22">0</SlotIndex>
            </LinkConnector>
          </CardExp>
        </Card>
      </Slot>
      <Slot id="1">
        <Card id="0">
          <CardStatus Min="0" Max="4">2</CardStatus>
          <CardType Min="0" Max="255">70</CardType>
          <CardID>Card1</CardID>
          <SlotIndex Min="-1" Max="23">1</SlotIndex>
          <CardExp id="0">
            <LinkConnector id="0">
              <Mode Min="0" Max="1">0</Mode>
              <IP>0.0.0.0</IP>
              <MacAddress>aa:aa:aa:aa:aa:aa</MacAddress>
              <Connected Min="0" Max="1">0</Connected>
              <ConnectorIndex Min="-1" Max="3">-1</ConnectorIndex>
              <SlotIndex Min="-1" Max="22">-1</SlotIndex>
            </LinkConnector>
            <LinkConnector id="1">
              <Mode Min="0" Max="1">0</Mode>
              <IP>0.0.0.0</IP>
              <MacAddress>aa:aa:aa:aa:aa:aa</MacAddress>
              <Connected Min="0" Max="1">0</Connected>
              <ConnectorIndex Min="-1" Max="3">-1</ConnectorIndex>
              <SlotIndex Min="-1" Max="22">-1</SlotIndex>
            </LinkConnector>
          </CardExp>
        </Card>
      </Slot>
      <Slot id="2">
        <Card id="0">
          <CardStatus Min="0" Max="4">2</CardStatus>
          <CardType Min="0" Max="255">1</CardType>
          <CardID>Card2</CardID>
          <SlotIndex Min="-1" Max="23">2</SlotIndex>
          <CardIn id="0">
            <NumOfChan Min="0" Max="4">4</NumOfChan>
            <CapacityStatus Min="0" Max="1">0</CapacityStatus>
            <In id="0">
              <AutoAcqMode Min="0" Max="1">1</AutoAcqMode>
              <Capacity LegalValues="1">1</Capacity>
              <ColorSpace LegalValues="-1 0 1">0</ColorSpace>
              <ColorRange LegalValues="0 1">0</ColorRange>
              <Sync Min="0" Max="2">0</Sync>
              <DPIn id="0">
                <Hdcp id="0">
                  <Mode Min="0" Max="1">0</Mode>
                  <HdcpAuth Min="0" Max="1">0</HdcpAuth>
                </Hdcp>
                <EDIDIn id="0">
                  <BitDepth LegalValues="1 2 3">2</BitDepth>
                  <EdidStatus Min="0" Max="4">0</EdidStatus>
                  <VideoFormat id="0">
                    <Name>1920x1080p @59.94</Name>
                    <HFreq>67433</HFreq>
                    <HSync Min="1" Max="192">88</HSync>
                    <HActive Min="0" Max="2024">1920</HActive>
                    <HFP Min="0" Max="192">88</HFP>
                    <HTotal Min="2096" Max="8191">2200</HTotal>
                    <VFreq Min="20" Max="75">59.9401</VFreq>
                    <VSync Min="1" Max="41">5</VSync>
                    <VActive Min="0" Max="1116">1080</VActive>
                    <VFP Min="0" Max="40">4</VFP>
                    <VTotal Min="1089" Max="8191">1125</VTotal>
                    <PixelClk>148.352</PixelClk>
                    <HSP Min="78" Max="80">80</HSP>
                    <VSP Min="78" Max="80">80</VSP>
                    <AR Min="0" Max="1000">1.77778</AR>
                    <Interlaced>80</Interlaced>
                    <VFType Min="0" Max="0">8</VFType>
                    <VFEnum Min="0" Max="4700">2708</VFEnum>
                    <VFStdFrom Min="0" Max="4">4</VFStdFrom>
                    <VFStdNum>16</VFStdNum>
                  </VideoFormat>
                </EDIDIn>
              </DPIn>
              <DVIIn id="0">
                <Hdcp id="0">
                  <Mode Min="0" Max="1">0</Mode>
                  <HdcpAuth Min="0" Max="1">0</HdcpAuth>
                </Hdcp>
                <EDIDIn id="0">
                  <BitDepth LegalValues="1">1</BitDepth>
                  <EdidStatus Min="0" Max="4">0</EdidStatus>
                  <VideoFormat id="0">
                    <Name>1920x1080p @59.94</Name>
                    <HFreq>67433</HFreq>
                    <HSync Min="1" Max="192">88</HSync>
                    <HActive Min="0" Max="2024">1920</HActive>
                    <HFP Min="0" Max="192">88</HFP>
                    <HTotal Min="2096" Max="8191">2200</HTotal>
                    <VFreq Min="20" Max="75">59.9401</VFreq>
                    <VSync Min="1" Max="41">5</VSync>
                    <VActive Min="0" Max="1116">1080</VActive>
                    <VFP Min="0" Max="40">4</VFP>
                    <VTotal Min="1089" Max="8191">1125</VTotal>
                    <PixelClk>148.352</PixelClk>
                    <HSP Min="78" Max="80">80</HSP>
                    <VSP Min="78" Max="80">80</VSP>
                    <AR Min="0" Max="1000">1.77778</AR>
                    <Interlaced>80</Interlaced>
                    <VFType Min="0" Max="0">8</VFType>
                    <VFEnum Min="0" Max="4700">2708</VFEnum>
                    <VFStdFrom Min="0" Max="4">4</VFStdFrom>
                    <VFStdNum>16</VFStdNum>
                  </VideoFormat>
                </EDIDIn>
              </DVIIn>
              <SDIIn id="0">
                <Type3G LegalValues="0 1 2 3">2</Type3G>
              </SDIIn>
              <HDMIIn id="0">
                <Hdcp id="0">
                  <Mode Min="0" Max="1">0</Mode>
                  <HdcpAuth Min="0" Max="1">0</HdcpAuth>
                </Hdcp>
                <EDIDIn id="0">
                  <BitDepth LegalValues="1 2 3">3</BitDepth>
                  <EdidStatus Min="0" Max="4">0</EdidStatus>
                  <VideoFormat id="0">
                    <Name>1920x1080p @59.94</Name>
                    <HFreq>67433</HFreq>
                    <HSync Min="1" Max="192">88</HSync>
                    <HActive Min="0" Max="2024">1920</HActive>
                    <HFP Min="0" Max="192">88</HFP>
                    <HTotal Min="2096" Max="8191">2200</HTotal>
                    <VFreq Min="20" Max="75">59.9401</VFreq>
                    <VSync Min="1" Max="41">5</VSync>
                    <VActive Min="0" Max="1116">1080</VActive>
                    <VFP Min="0" Max="40">4</VFP>
                    <VTotal Min="1089" Max="8191">1125</VTotal>
                    <PixelClk>148.352</PixelClk>
                    <HSP Min="78" Max="80">80</HSP>
                    <VSP Min="78" Max="80">80</VSP>
                    <AR Min="0" Max="1000">1.77778</AR>
                    <Interlaced>80</Interlaced>
                    <VFType Min="0" Max="0">8</VFType>
                    <VFEnum Min="0" Max="4700">2708</VFEnum>
                    <VFStdFrom Min="0" Max="4">4</VFStdFrom>
                    <VFStdNum>16</VFStdNum>
                  </VideoFormat>
                </EDIDIn>
              </HDMIIn>
              <VideoFormat id="0">
                <Name>Empty</Name>
                <HFreq>0</HFreq>
                <HSync Min="1" Max="1">1</HSync>
                <HActive Min="0" Max="0">0</HActive>
                <HFP Min="0" Max="0">0</HFP>
                <HTotal Min="1" Max="8191">1</HTotal>
                <VFreq Min="20" Max="75">20</VFreq>
                <VSync Min="1" Max="1">1</VSync>
                <VActive Min="0" Max="0">0</VActive>
                <VFP Min="0" Max="0">0</VFP>
                <VTotal Min="1" Max="8191">1</VTotal>
                <PixelClk>0</PixelClk>
                <HSP Min="78" Max="80">80</HSP>
                <VSP Min="78" Max="80">80</VSP>
                <AR Min="0" Max="1000">0</AR>
                <Interlaced>80</Interlaced>
                <VFType Min="0" Max="0">0</VFType>
                <VFEnum Min="0" Max="4700">0</VFEnum>
                <VFStdFrom Min="0" Max="4">0</VFStdFrom>
                <VFStdNum>0</VFStdNum>
              </VideoFormat>
            </In>
            <In id="1">
              <AutoAcqMode Min="0" Max="1">1</AutoAcqMode>
              <Capacity LegalValues="1">1</Capacity>
              <ColorSpace LegalValues="-1 0 1">0</ColorSpace>
              <ColorRange LegalValues="0 1">0</ColorRange>
              <Sync Min="0" Max="2">0</Sync>
              <DPIn id="0">
                <Hdcp id="0">
                  <Mode Min="0" Max="1">0</Mode>
                  <HdcpAuth Min="0" Max="1">0</HdcpAuth>
                </Hdcp>
                <EDIDIn id="0">
                  <BitDepth LegalValues="1 2 3">2</BitDepth>
                  <EdidStatus Min="0" Max="4">0</EdidStatus>
                  <VideoFormat id="0">
                    <Name>1920x1080p @59.94</Name>
                    <HFreq>67433</HFreq>
                    <HSync Min="1" Max="192">88</HSync>
                    <HActive Min="0" Max="2024">1920</HActive>
                    <HFP Min="0" Max="192">88</HFP>
                    <HTotal Min="2096" Max="8191">2200</HTotal>
                    <VFreq Min="20" Max="75">59.9401</VFreq>
                    <VSync Min="1" Max="41">5</VSync>
                    <VActive Min="0" Max="1116">1080</VActive>
                    <VFP Min="0" Max="40">4</VFP>
                    <VTotal Min="1089" Max="8191">1125</VTotal>
                    <PixelClk>148.352</PixelClk>
                    <HSP Min="78" Max="80">80</HSP>
                    <VSP Min="78" Max="80">80</VSP>
                    <AR Min="0" Max="1000">1.77778</AR>
                    <Interlaced>80</Interlaced>
                    <VFType Min="0" Max="0">8</VFType>
                    <VFEnum Min="0" Max="4700">2708</VFEnum>
                    <VFStdFrom Min="0" Max="4">4</VFStdFrom>
                    <VFStdNum>16</VFStdNum>
                  </VideoFormat>
                </EDIDIn>
              </DPIn>
              <DVIIn id="0">
                <Hdcp id="0">
                  <Mode Min="0" Max="1">0</Mode>
                  <HdcpAuth Min="0" Max="1">0</HdcpAuth>
                </Hdcp>
                <EDIDIn id="0">
                  <BitDepth LegalValues="1">1</BitDepth>
                  <EdidStatus Min="0" Max="4">0</EdidStatus>
                  <VideoFormat id="0">
                    <Name>1920x1080p @59.94</Name>
                    <HFreq>67433</HFreq>
                    <HSync Min="1" Max="192">88</HSync>
                    <HActive Min="0" Max="2024">1920</HActive>
                    <HFP Min="0" Max="192">88</HFP>
                    <HTotal Min="2096" Max="8191">2200</HTotal>
                    <VFreq Min="20" Max="75">59.9401</VFreq>
                    <VSync Min="1" Max="41">5</VSync>
                    <VActive Min="0" Max="1116">1080</VActive>
                    <VFP Min="0" Max="40">4</VFP>
                    <VTotal Min="1089" Max="8191">1125</VTotal>
                    <PixelClk>148.352</PixelClk>
                    <HSP Min="78" Max="80">80</HSP>
                    <VSP Min="78" Max="80">80</VSP>
                    <AR Min="0" Max="1000">1.77778</AR>
                    <Interlaced>80</Interlaced>
                    <VFType Min="0" Max="0">8</VFType>
                    <VFEnum Min="0" Max="4700">2708</VFEnum>
                    <VFStdFrom Min="0" Max="4">4</VFStdFrom>
                    <VFStdNum>16</VFStdNum>
                  </VideoFormat>
                </EDIDIn>
              </DVIIn>
              <SDIIn id="0">
                <Type3G LegalValues="0 1 2 3">2</Type3G>
              </SDIIn>
              <HDMIIn id="0">
                <Hdcp id="0">
                  <Mode Min="0" Max="1">0</Mode>
                  <HdcpAuth Min="0" Max="1">0</HdcpAuth>
                </Hdcp>
                <EDIDIn id="0">
                  <BitDepth LegalValues="1 2 3">3</BitDepth>
                  <EdidStatus Min="0" Max="4">0</EdidStatus>
                  <VideoFormat id="0">
                    <Name>1920x1080p @59.94</Name>
                    <HFreq>67433</HFreq>
                    <HSync Min="1" Max="192">88</HSync>
                    <HActive Min="0" Max="2024">1920</HActive>
                    <HFP Min="0" Max="192">88</HFP>
                    <HTotal Min="2096" Max="8191">2200</HTotal>
                    <VFreq Min="20" Max="75">59.9401</VFreq>
                    <VSync Min="1" Max="41">5</VSync>
                    <VActive Min="0" Max="1116">1080</VActive>
                    <VFP Min="0" Max="40">4</VFP>
                    <VTotal Min="1089" Max="8191">1125</VTotal>
                    <PixelClk>148.352</PixelClk>
                    <HSP Min="78" Max="80">80</HSP>
                    <VSP Min="78" Max="80">80</VSP>
                    <AR Min="0" Max="1000">1.77778</AR>
                    <Interlaced>80</Interlaced>
                    <VFType Min="0" Max="0">8</VFType>
                    <VFEnum Min="0" Max="4700">2708</VFEnum>
                    <VFStdFrom Min="0" Max="4">4</VFStdFrom>
                    <VFStdNum>16</VFStdNum>
                  </VideoFormat>
                </EDIDIn>
              </HDMIIn>
              <VideoFormat id="0">
                <Name>Empty</Name>
                <HFreq>0</HFreq>
                <HSync Min="1" Max="1">1</HSync>
                <HActive Min="0" Max="0">0</HActive>
                <HFP Min="0" Max="0">0</HFP>
                <HTotal Min="1" Max="8191">1</HTotal>
                <VFreq Min="20" Max="75">20</VFreq>
                <VSync Min="1" Max="1">1</VSync>
                <VActive Min="0" Max="0">0</VActive>
                <VFP Min="0" Max="0">0</VFP>
                <VTotal Min="1" Max="8191">1</VTotal>
                <PixelClk>0</PixelClk>
                <HSP Min="78" Max="80">80</HSP>
                <VSP Min="78" Max="80">80</VSP>
                <AR Min="0" Max="1000">0</AR>
                <Interlaced>80</Interlaced>
                <VFType Min="0" Max="0">0</VFType>
                <VFEnum Min="0" Max="4700">0</VFEnum>
                <VFStdFrom Min="0" Max="4">0</VFStdFrom>
                <VFStdNum>0</VFStdNum>
              </VideoFormat>
            </In>
            <In id="2">
              <AutoAcqMode Min="0" Max="1">1</AutoAcqMode>
              <Capacity LegalValues="1">1</Capacity>
              <ColorSpace LegalValues="-1 0 1">0</ColorSpace>
              <ColorRange LegalValues="0 1">0</ColorRange>
              <Sync Min="0" Max="2">0</Sync>
              <DPIn id="0">
                <Hdcp id="0">
                  <Mode Min="0" Max="1">0</Mode>
                  <HdcpAuth Min="0" Max="1">0</HdcpAuth>
                </Hdcp>
                <EDIDIn id="0">
                  <BitDepth LegalValues="1 2 3">2</BitDepth>
                  <EdidStatus Min="0" Max="4">0</EdidStatus>
                  <VideoFormat id="0">
                    <Name>1920x1080p @59.94</Name>
                    <HFreq>67433</HFreq>
                    <HSync Min="1" Max="192">88</HSync>
                    <HActive Min="0" Max="2024">1920</HActive>
                    <HFP Min="0" Max="192">88</HFP>
                    <HTotal Min="2096" Max="8191">2200</HTotal>
                    <VFreq Min="20" Max="75">59.9401</VFreq>
                    <VSync Min="1" Max="41">5</VSync>
                    <VActive Min="0" Max="1116">1080</VActive>
                    <VFP Min="0" Max="40">4</VFP>
                    <VTotal Min="1089" Max="8191">1125</VTotal>
                    <PixelClk>148.352</PixelClk>
                    <HSP Min="78" Max="80">80</HSP>
                    <VSP Min="78" Max="80">80</VSP>
                    <AR Min="0" Max="1000">1.77778</AR>
                    <Interlaced>80</Interlaced>
                    <VFType Min="0" Max="0">8</VFType>
                    <VFEnum Min="0" Max="4700">2708</VFEnum>
                    <VFStdFrom Min="0" Max="4">4</VFStdFrom>
                    <VFStdNum>16</VFStdNum>
                  </VideoFormat>
                </EDIDIn>
              </DPIn>
              <DVIIn id="0">
                <Hdcp id="0">
                  <Mode Min="0" Max="1">0</Mode>
                  <HdcpAuth Min="0" Max="1">0</HdcpAuth>
                </Hdcp>
                <EDIDIn id="0">
                  <BitDepth LegalValues="1">1</BitDepth>
                  <EdidStatus Min="0" Max="4">0</EdidStatus>
                  <VideoFormat id="0">
                    <Name>1920x1080p @59.94</Name>
                    <HFreq>67433</HFreq>
                    <HSync Min="1" Max="192">88</HSync>
                    <HActive Min="0" Max="2024">1920</HActive>
                    <HFP Min="0" Max="192">88</HFP>
                    <HTotal Min="2096" Max="8191">2200</HTotal>
                    <VFreq Min="20" Max="75">59.9401</VFreq>
                    <VSync Min="1" Max="41">5</VSync>
                    <VActive Min="0" Max="1116">1080</VActive>
                    <VFP Min="0" Max="40">4</VFP>
                    <VTotal Min="1089" Max="8191">1125</VTotal>
                    <PixelClk>148.352</PixelClk>
                    <HSP Min="78" Max="80">80</HSP>
                    <VSP Min="78" Max="80">80</VSP>
                    <AR Min="0" Max="1000">1.77778</AR>
                    <Interlaced>80</Interlaced>
                    <VFType Min="0" Max="0">8</VFType>
                    <VFEnum Min="0" Max="4700">2708</VFEnum>
                    <VFStdFrom Min="0" Max="4">4</VFStdFrom>
                    <VFStdNum>16</VFStdNum>
                  </VideoFormat>
                </EDIDIn>
              </DVIIn>
              <SDIIn id="0">
                <Type3G LegalValues="0 1 2 3">2</Type3G>
              </SDIIn>
              <HDMIIn id="0">
                <Hdcp id="0">
                  <Mode Min="0" Max="1">0</Mode>
                  <HdcpAuth Min="0" Max="1">0</HdcpAuth>
                </Hdcp>
                <EDIDIn id="0">
                  <BitDepth LegalValues="1 2 3">3</BitDepth>
                  <EdidStatus Min="0" Max="4">0</EdidStatus>
                  <VideoFormat id="0">
                    <Name>1920x1080p @59.94</Name>
                    <HFreq>67433</HFreq>
                    <HSync Min="1" Max="192">88</HSync>
                    <HActive Min="0" Max="2024">1920</HActive>
                    <HFP Min="0" Max="192">88</HFP>
                    <HTotal Min="2096" Max="8191">2200</HTotal>
                    <VFreq Min="20" Max="75">59.9401</VFreq>
                    <VSync Min="1" Max="41">5</VSync>
                    <VActive Min="0" Max="1116">1080</VActive>
                    <VFP Min="0" Max="40">4</VFP>
                    <VTotal Min="1089" Max="8191">1125</VTotal>
                    <PixelClk>148.352</PixelClk>
                    <HSP Min="78" Max="80">80</HSP>
                    <VSP Min="78" Max="80">80</VSP>
                    <AR Min="0" Max="1000">1.77778</AR>
                    <Interlaced>80</Interlaced>
                    <VFType Min="0" Max="0">8</VFType>
                    <VFEnum Min="0" Max="4700">2708</VFEnum>
                    <VFStdFrom Min="0" Max="4">4</VFStdFrom>
                    <VFStdNum>16</VFStdNum>
                  </VideoFormat>
                </EDIDIn>
              </HDMIIn>
              <VideoFormat id="0">
                <Name>Empty</Name>
                <HFreq>0</HFreq>
                <HSync Min="1" Max="1">1</HSync>
                <HActive Min="0" Max="0">0</HActive>
                <HFP Min="0" Max="0">0</HFP>
                <HTotal Min="1" Max="8191">1</HTotal>
                <VFreq Min="20" Max="75">20</VFreq>
                <VSync Min="1" Max="1">1</VSync>
                <VActive Min="0" Max="0">0</VActive>
                <VFP Min="0" Max="0">0</VFP>
                <VTotal Min="1" Max="8191">1</VTotal>
                <PixelClk>0</PixelClk>
                <HSP Min="78" Max="80">80</HSP>
                <VSP Min="78" Max="80">80</VSP>
                <AR Min="0" Max="1000">0</AR>
                <Interlaced>80</Interlaced>
                <VFType Min="0" Max="0">0</VFType>
                <VFEnum Min="0" Max="4700">0</VFEnum>
                <VFStdFrom Min="0" Max="4">0</VFStdFrom>
                <VFStdNum>0</VFStdNum>
              </VideoFormat>
            </In>
            <In id="3">
              <AutoAcqMode Min="0" Max="1">1</AutoAcqMode>
              <Capacity LegalValues="1">1</Capacity>
              <ColorSpace LegalValues="-1 0 1">0</ColorSpace>
              <ColorRange LegalValues="0 1">0</ColorRange>
              <Sync Min="0" Max="2">0</Sync>
              <DPIn id="0">
                <Hdcp id="0">
                  <Mode Min="0" Max="1">0</Mode>
                  <HdcpAuth Min="0" Max="1">0</HdcpAuth>
                </Hdcp>
                <EDIDIn id="0">
                  <BitDepth LegalValues="1 2 3">2</BitDepth>
                  <EdidStatus Min="0" Max="4">0</EdidStatus>
                  <VideoFormat id="0">
                    <Name>1920x1080p @59.94</Name>
                    <HFreq>67433</HFreq>
                    <HSync Min="1" Max="192">88</HSync>
                    <HActive Min="0" Max="2024">1920</HActive>
                    <HFP Min="0" Max="192">88</HFP>
                    <HTotal Min="2096" Max="8191">2200</HTotal>
                    <VFreq Min="20" Max="75">59.9401</VFreq>
                    <VSync Min="1" Max="41">5</VSync>
                    <VActive Min="0" Max="1116">1080</VActive>
                    <VFP Min="0" Max="40">4</VFP>
                    <VTotal Min="1089" Max="8191">1125</VTotal>
                    <PixelClk>148.352</PixelClk>
                    <HSP Min="78" Max="80">80</HSP>
                    <VSP Min="78" Max="80">80</VSP>
                    <AR Min="0" Max="1000">1.77778</AR>
                    <Interlaced>80</Interlaced>
                    <VFType Min="0" Max="0">8</VFType>
                    <VFEnum Min="0" Max="4700">2708</VFEnum>
                    <VFStdFrom Min="0" Max="4">4</VFStdFrom>
                    <VFStdNum>16</VFStdNum>
                  </VideoFormat>
                </EDIDIn>
              </DPIn>
              <DVIIn id="0">
                <Hdcp id="0">
                  <Mode Min="0" Max="1">0</Mode>
                  <HdcpAuth Min="0" Max="1">0</HdcpAuth>
                </Hdcp>
                <EDIDIn id="0">
                  <BitDepth LegalValues="1">1</BitDepth>
                  <EdidStatus Min="0" Max="4">0</EdidStatus>
                  <VideoFormat id="0">
                    <Name>1920x1080p @59.94</Name>
                    <HFreq>67433</HFreq>
                    <HSync Min="1" Max="192">88</HSync>
                    <HActive Min="0" Max="2024">1920</HActive>
                    <HFP Min="0" Max="192">88</HFP>
                    <HTotal Min="2096" Max="8191">2200</HTotal>
                    <VFreq Min="20" Max="75">59.9401</VFreq>
                    <VSync Min="1" Max="41">5</VSync>
                    <VActive Min="0" Max="1116">1080</VActive>
                    <VFP Min="0" Max="40">4</VFP>
                    <VTotal Min="1089" Max="8191">1125</VTotal>
                    <PixelClk>148.352</PixelClk>
                    <HSP Min="78" Max="80">80</HSP>
                    <VSP Min="78" Max="80">80</VSP>
                    <AR Min="0" Max="1000">1.77778</AR>
                    <Interlaced>80</Interlaced>
                    <VFType Min="0" Max="0">8</VFType>
                    <VFEnum Min="0" Max="4700">2708</VFEnum>
                    <VFStdFrom Min="0" Max="4">4</VFStdFrom>
                    <VFStdNum>16</VFStdNum>
                  </VideoFormat>
                </EDIDIn>
              </DVIIn>
              <SDIIn id="0">
                <Type3G LegalValues="0 1 2 3">2</Type3G>
              </SDIIn>
              <HDMIIn id="0">
                <Hdcp id="0">
                  <Mode Min="0" Max="1">0</Mode>
                  <HdcpAuth Min="0" Max="1">0</HdcpAuth>
                </Hdcp>
                <EDIDIn id="0">
                  <BitDepth LegalValues="1 2 3">3</BitDepth>
                  <EdidStatus Min="0" Max="4">0</EdidStatus>
                  <VideoFormat id="0">
                    <Name>1920x1080p @59.94</Name>
                    <HFreq>67433</HFreq>
                    <HSync Min="1" Max="192">88</HSync>
                    <HActive Min="0" Max="2024">1920</HActive>
                    <HFP Min="0" Max="192">88</HFP>
                    <HTotal Min="2096" Max="8191">2200</HTotal>
                    <VFreq Min="20" Max="75">59.9401</VFreq>
                    <VSync Min="1" Max="41">5</VSync>
                    <VActive Min="0" Max="1116">1080</VActive>
                    <VFP Min="0" Max="40">4</VFP>
                    <VTotal Min="1089" Max="8191">1125</VTotal>
                    <PixelClk>148.352</PixelClk>
                    <HSP Min="78" Max="80">80</HSP>
                    <VSP Min="78" Max="80">80</VSP>
                    <AR Min="0" Max="1000">1.77778</AR>
                    <Interlaced>80</Interlaced>
                    <VFType Min="0" Max="0">8</VFType>
                    <VFEnum Min="0" Max="4700">2708</VFEnum>
                    <VFStdFrom Min="0" Max="4">4</VFStdFrom>
                    <VFStdNum>16</VFStdNum>
                  </VideoFormat>
                </EDIDIn>
              </HDMIIn>
              <VideoFormat id="0">
                <Name>Empty</Name>
                <HFreq>0</HFreq>
                <HSync Min="1" Max="1">1</HSync>
                <HActive Min="0" Max="0">0</HActive>
                <HFP Min="0" Max="0">0</HFP>
                <HTotal Min="1" Max="8191">1</HTotal>
                <VFreq Min="20" Max="75">20</VFreq>
                <VSync Min="1" Max="1">1</VSync>
                <VActive Min="0" Max="0">0</VActive>
                <VFP Min="0" Max="0">0</VFP>
                <VTotal Min="1" Max="8191">1</VTotal>
                <PixelClk>0</PixelClk>
                <HSP Min="78" Max="80">80</HSP>
                <VSP Min="78" Max="80">80</VSP>
                <AR Min="0" Max="1000">0</AR>
                <Interlaced>80</Interlaced>
                <VFType Min="0" Max="0">0</VFType>
                <VFEnum Min="0" Max="4700">0</VFEnum>
                <VFStdFrom Min="0" Max="4">0</VFStdFrom>
                <VFStdNum>0</VFStdNum>
              </VideoFormat>
            </In>
          </CardIn>
        </Card>
      </Slot>
      <Slot id="3">
        <Card id="0">
          <CardStatus Min="0" Max="4">2</CardStatus>
          <CardType Min="0" Max="255">1</CardType>
          <CardID>Card3</CardID>
          <SlotIndex Min="-1" Max="23">3</SlotIndex>
          <CardIn id="0">
            <NumOfChan Min="0" Max="4">4</NumOfChan>
            <CapacityStatus Min="0" Max="1">0</CapacityStatus>
            <In id="0">
              <AutoAcqMode Min="0" Max="1">1</AutoAcqMode>
              <Capacity LegalValues="1">1</Capacity>
              <ColorSpace LegalValues="-1 0 1">0</ColorSpace>
              <ColorRange LegalValues="0 1">0</ColorRange>
              <Sync Min="0" Max="2">0</Sync>
              <DPIn id="0">
                <Hdcp id="0">
                  <Mode Min="0" Max="1">0</Mode>
                  <HdcpAuth Min="0" Max="1">0</HdcpAuth>
                </Hdcp>
                <EDIDIn id="0">
                  <BitDepth LegalValues="1 2 3">2</BitDepth>
                  <EdidStatus Min="0" Max="4">0</EdidStatus>
                  <VideoFormat id="0">
                    <Name>1920x1080p @59.94</Name>
                    <HFreq>67433</HFreq>
                    <HSync Min="1" Max="192">88</HSync>
                    <HActive Min="0" Max="2024">1920</HActive>
                    <HFP Min="0" Max="192">88</HFP>
                    <HTotal Min="2096" Max="8191">2200</HTotal>
                    <VFreq Min="20" Max="75">59.9401</VFreq>
                    <VSync Min="1" Max="41">5</VSync>
                    <VActive Min="0" Max="1116">1080</VActive>
                    <VFP Min="0" Max="40">4</VFP>
                    <VTotal Min="1089" Max="8191">1125</VTotal>
                    <PixelClk>148.352</PixelClk>
                    <HSP Min="78" Max="80">80</HSP>
                    <VSP Min="78" Max="80">80</VSP>
                    <AR Min="0" Max="1000">1.77778</AR>
                    <Interlaced>80</Interlaced>
                    <VFType Min="0" Max="0">8</VFType>
                    <VFEnum Min="0" Max="4700">2708</VFEnum>
                    <VFStdFrom Min="0" Max="4">4</VFStdFrom>
                    <VFStdNum>16</VFStdNum>
                  </VideoFormat>
                </EDIDIn>
              </DPIn>
              <DVIIn id="0">
                <Hdcp id="0">
                  <Mode Min="0" Max="1">0</Mode>
                  <HdcpAuth Min="0" Max="1">0</HdcpAuth>
                </Hdcp>
                <EDIDIn id="0">
                  <BitDepth LegalValues="1">1</BitDepth>
                  <EdidStatus Min="0" Max="4">0</EdidStatus>
                  <VideoFormat id="0">
                    <Name>1920x1080p @59.94</Name>
                    <HFreq>67433</HFreq>
                    <HSync Min="1" Max="192">88</HSync>
                    <HActive Min="0" Max="2024">1920</HActive>
                    <HFP Min="0" Max="192">88</HFP>
                    <HTotal Min="2096" Max="8191">2200</HTotal>
                    <VFreq Min="20" Max="75">59.9401</VFreq>
                    <VSync Min="1" Max="41">5</VSync>
                    <VActive Min="0" Max="1116">1080</VActive>
                    <VFP Min="0" Max="40">4</VFP>
                    <VTotal Min="1089" Max="8191">1125</VTotal>
                    <PixelClk>148.352</PixelClk>
                    <HSP Min="78" Max="80">80</HSP>
                    <VSP Min="78" Max="80">80</VSP>
                    <AR Min="0" Max="1000">1.77778</AR>
                    <Interlaced>80</Interlaced>
                    <VFType Min="0" Max="0">8</VFType>
                    <VFEnum Min="0" Max="4700">2708</VFEnum>
                    <VFStdFrom Min="0" Max="4">4</VFStdFrom>
                    <VFStdNum>16</VFStdNum>
                  </VideoFormat>
                </EDIDIn>
              </DVIIn>
              <SDIIn id="0">
                <Type3G LegalValues="0 1 2 3">2</Type3G>
              </SDIIn>
              <HDMIIn id="0">
                <Hdcp id="0">
                  <Mode Min="0" Max="1">0</Mode>
                  <HdcpAuth Min="0" Max="1">0</HdcpAuth>
                </Hdcp>
                <EDIDIn id="0">
                  <BitDepth LegalValues="1 2 3">3</BitDepth>
                  <EdidStatus Min="0" Max="4">0</EdidStatus>
                  <VideoFormat id="0">
                    <Name>1920x1080p @59.94</Name>
                    <HFreq>67433</HFreq>
                    <HSync Min="1" Max="192">88</HSync>
                    <HActive Min="0" Max="2024">1920</HActive>
                    <HFP Min="0" Max="192">88</HFP>
                    <HTotal Min="2096" Max="8191">2200</HTotal>
                    <VFreq Min="20" Max="75">59.9401</VFreq>
                    <VSync Min="1" Max="41">5</VSync>
                    <VActive Min="0" Max="1116">1080</VActive>
                    <VFP Min="0" Max="40">4</VFP>
                    <VTotal Min="1089" Max="8191">1125</VTotal>
                    <PixelClk>148.352</PixelClk>
                    <HSP Min="78" Max="80">80</HSP>
                    <VSP Min="78" Max="80">80</VSP>
                    <AR Min="0" Max="1000">1.77778</AR>
                    <Interlaced>80</Interlaced>
                    <VFType Min="0" Max="0">8</VFType>
                    <VFEnum Min="0" Max="4700">2708</VFEnum>
                    <VFStdFrom Min="0" Max="4">4</VFStdFrom>
                    <VFStdNum>16</VFStdNum>
                  </VideoFormat>
                </EDIDIn>
              </HDMIIn>
              <VideoFormat id="0">
                <Name>Empty</Name>
                <HFreq>0</HFreq>
                <HSync Min="1" Max="1">1</HSync>
                <HActive Min="0" Max="0">0</HActive>
                <HFP Min="0" Max="0">0</HFP>
                <HTotal Min="1" Max="8191">1</HTotal>
                <VFreq Min="20" Max="75">20</VFreq>
                <VSync Min="1" Max="1">1</VSync>
                <VActive Min="0" Max="0">0</VActive>
                <VFP Min="0" Max="0">0</VFP>
                <VTotal Min="1" Max="8191">1</VTotal>
                <PixelClk>0</PixelClk>
                <HSP Min="78" Max="80">80</HSP>
                <VSP Min="78" Max="80">80</VSP>
                <AR Min="0" Max="1000">0</AR>
                <Interlaced>80</Interlaced>
                <VFType Min="0" Max="0">0</VFType>
                <VFEnum Min="0" Max="4700">0</VFEnum>
                <VFStdFrom Min="0" Max="4">0</VFStdFrom>
                <VFStdNum>0</VFStdNum>
              </VideoFormat>
            </In>
            <In id="1">
              <AutoAcqMode Min="0" Max="1">1</AutoAcqMode>
              <Capacity LegalValues="1">1</Capacity>
              <ColorSpace LegalValues="-1 0 1">0</ColorSpace>
              <ColorRange LegalValues="0 1">0</ColorRange>
              <Sync Min="0" Max="2">0</Sync>
              <DPIn id="0">
                <Hdcp id="0">
                  <Mode Min="0" Max="1">0</Mode>
                  <HdcpAuth Min="0" Max="1">0</HdcpAuth>
                </Hdcp>
                <EDIDIn id="0">
                  <BitDepth LegalValues="1 2 3">2</BitDepth>
                  <EdidStatus Min="0" Max="4">0</EdidStatus>
                  <VideoFormat id="0">
                    <Name>1920x1080p @59.94</Name>
                    <HFreq>67433</HFreq>
                    <HSync Min="1" Max="192">88</HSync>
                    <HActive Min="0" Max="2024">1920</HActive>
                    <HFP Min="0" Max="192">88</HFP>
                    <HTotal Min="2096" Max="8191">2200</HTotal>
                    <VFreq Min="20" Max="75">59.9401</VFreq>
                    <VSync Min="1" Max="41">5</VSync>
                    <VActive Min="0" Max="1116">1080</VActive>
                    <VFP Min="0" Max="40">4</VFP>
                    <VTotal Min="1089" Max="8191">1125</VTotal>
                    <PixelClk>148.352</PixelClk>
                    <HSP Min="78" Max="80">80</HSP>
                    <VSP Min="78" Max="80">80</VSP>
                    <AR Min="0" Max="1000">1.77778</AR>
                    <Interlaced>80</Interlaced>
                    <VFType Min="0" Max="0">8</VFType>
                    <VFEnum Min="0" Max="4700">2708</VFEnum>
                    <VFStdFrom Min="0" Max="4">4</VFStdFrom>
                    <VFStdNum>16</VFStdNum>
                  </VideoFormat>
                </EDIDIn>
              </DPIn>
              <DVIIn id="0">
                <Hdcp id="0">
                  <Mode Min="0" Max="1">0</Mode>
                  <HdcpAuth Min="0" Max="1">0</HdcpAuth>
                </Hdcp>
                <EDIDIn id="0">
                  <BitDepth LegalValues="1">1</BitDepth>
                  <EdidStatus Min="0" Max="4">0</EdidStatus>
                  <VideoFormat id="0">
                    <Name>1920x1080p @59.94</Name>
                    <HFreq>67433</HFreq>
                    <HSync Min="1" Max="192">88</HSync>
                    <HActive Min="0" Max="2024">1920</HActive>
                    <HFP Min="0" Max="192">88</HFP>
                    <HTotal Min="2096" Max="8191">2200</HTotal>
                    <VFreq Min="20" Max="75">59.9401</VFreq>
                    <VSync Min="1" Max="41">5</VSync>
                    <VActive Min="0" Max="1116">1080</VActive>
                    <VFP Min="0" Max="40">4</VFP>
                    <VTotal Min="1089" Max="8191">1125</VTotal>
                    <PixelClk>148.352</PixelClk>
                    <HSP Min="78" Max="80">80</HSP>
                    <VSP Min="78" Max="80">80</VSP>
                    <AR Min="0" Max="1000">1.77778</AR>
                    <Interlaced>80</Interlaced>
                    <VFType Min="0" Max="0">8</VFType>
                    <VFEnum Min="0" Max="4700">2708</VFEnum>
                    <VFStdFrom Min="0" Max="4">4</VFStdFrom>
                    <VFStdNum>16</VFStdNum>
                  </VideoFormat>
                </EDIDIn>
              </DVIIn>
              <SDIIn id="0">
                <Type3G LegalValues="0 1 2 3">2</Type3G>
              </SDIIn>
              <HDMIIn id="0">
                <Hdcp id="0">
                  <Mode Min="0" Max="1">0</Mode>
                  <HdcpAuth Min="0" Max="1">0</HdcpAuth>
                </Hdcp>
                <EDIDIn id="0">
                  <BitDepth LegalValues="1 2 3">3</BitDepth>
                  <EdidStatus Min="0" Max="4">0</EdidStatus>
                  <VideoFormat id="0">
                    <Name>1920x1080p @59.94</Name>
                    <HFreq>67433</HFreq>
                    <HSync Min="1" Max="192">88</HSync>
                    <HActive Min="0" Max="2024">1920</HActive>
                    <HFP Min="0" Max="192">88</HFP>
                    <HTotal Min="2096" Max="8191">2200</HTotal>
                    <VFreq Min="20" Max="75">59.9401</VFreq>
                    <VSync Min="1" Max="41">5</VSync>
                    <VActive Min="0" Max="1116">1080</VActive>
                    <VFP Min="0" Max="40">4</VFP>
                    <VTotal Min="1089" Max="8191">1125</VTotal>
                    <PixelClk>148.352</PixelClk>
                    <HSP Min="78" Max="80">80</HSP>
                    <VSP Min="78" Max="80">80</VSP>
                    <AR Min="0" Max="1000">1.77778</AR>
                    <Interlaced>80</Interlaced>
                    <VFType Min="0" Max="0">8</VFType>
                    <VFEnum Min="0" Max="4700">2708</VFEnum>
                    <VFStdFrom Min="0" Max="4">4</VFStdFrom>
                    <VFStdNum>16</VFStdNum>
                  </VideoFormat>
                </EDIDIn>
              </HDMIIn>
              <VideoFormat id="0">
                <Name>Empty</Name>
                <HFreq>0</HFreq>
                <HSync Min="1" Max="1">1</HSync>
                <HActive Min="0" Max="0">0</HActive>
                <HFP Min="0" Max="0">0</HFP>
                <HTotal Min="1" Max="8191">1</HTotal>
                <VFreq Min="20" Max="75">20</VFreq>
                <VSync Min="1" Max="1">1</VSync>
                <VActive Min="0" Max="0">0</VActive>
                <VFP Min="0" Max="0">0</VFP>
                <VTotal Min="1" Max="8191">1</VTotal>
                <PixelClk>0</PixelClk>
                <HSP Min="78" Max="80">80</HSP>
                <VSP Min="78" Max="80">80</VSP>
                <AR Min="0" Max="1000">0</AR>
                <Interlaced>80</Interlaced>
                <VFType Min="0" Max="0">0</VFType>
                <VFEnum Min="0" Max="4700">0</VFEnum>
                <VFStdFrom Min="0" Max="4">0</VFStdFrom>
                <VFStdNum>0</VFStdNum>
              </VideoFormat>
            </In>
            <In id="2">
              <AutoAcqMode Min="0" Max="1">1</AutoAcqMode>
              <Capacity LegalValues="1">1</Capacity>
              <ColorSpace LegalValues="-1 0 1">0</ColorSpace>
              <ColorRange LegalValues="0 1">0</ColorRange>
              <Sync Min="0" Max="2">0</Sync>
              <DPIn id="0">
                <Hdcp id="0">
                  <Mode Min="0" Max="1">0</Mode>
                  <HdcpAuth Min="0" Max="1">0</HdcpAuth>
                </Hdcp>
                <EDIDIn id="0">
                  <BitDepth LegalValues="1 2 3">2</BitDepth>
                  <EdidStatus Min="0" Max="4">0</EdidStatus>
                  <VideoFormat id="0">
                    <Name>1920x1080p @59.94</Name>
                    <HFreq>67433</HFreq>
                    <HSync Min="1" Max="192">88</HSync>
                    <HActive Min="0" Max="2024">1920</HActive>
                    <HFP Min="0" Max="192">88</HFP>
                    <HTotal Min="2096" Max="8191">2200</HTotal>
                    <VFreq Min="20" Max="75">59.9401</VFreq>
                    <VSync Min="1" Max="41">5</VSync>
                    <VActive Min="0" Max="1116">1080</VActive>
                    <VFP Min="0" Max="40">4</VFP>
                    <VTotal Min="1089" Max="8191">1125</VTotal>
                    <PixelClk>148.352</PixelClk>
                    <HSP Min="78" Max="80">80</HSP>
                    <VSP Min="78" Max="80">80</VSP>
                    <AR Min="0" Max="1000">1.77778</AR>
                    <Interlaced>80</Interlaced>
                    <VFType Min="0" Max="0">8</VFType>
                    <VFEnum Min="0" Max="4700">2708</VFEnum>
                    <VFStdFrom Min="0" Max="4">4</VFStdFrom>
                    <VFStdNum>16</VFStdNum>
                  </VideoFormat>
                </EDIDIn>
              </DPIn>
              <DVIIn id="0">
                <Hdcp id="0">
                  <Mode Min="0" Max="1">0</Mode>
                  <HdcpAuth Min="0" Max="1">0</HdcpAuth>
                </Hdcp>
                <EDIDIn id="0">
                  <BitDepth LegalValues="1">1</BitDepth>
                  <EdidStatus Min="0" Max="4">0</EdidStatus>
                  <VideoFormat id="0">
                    <Name>1920x1080p @59.94</Name>
                    <HFreq>67433</HFreq>
                    <HSync Min="1" Max="192">88</HSync>
                    <HActive Min="0" Max="2024">1920</HActive>
                    <HFP Min="0" Max="192">88</HFP>
                    <HTotal Min="2096" Max="8191">2200</HTotal>
                    <VFreq Min="20" Max="75">59.9401</VFreq>
                    <VSync Min="1" Max="41">5</VSync>
                    <VActive Min="0" Max="1116">1080</VActive>
                    <VFP Min="0" Max="40">4</VFP>
                    <VTotal Min="1089" Max="8191">1125</VTotal>
                    <PixelClk>148.352</PixelClk>
                    <HSP Min="78" Max="80">80</HSP>
                    <VSP Min="78" Max="80">80</VSP>
                    <AR Min="0" Max="1000">1.77778</AR>
                    <Interlaced>80</Interlaced>
                    <VFType Min="0" Max="0">8</VFType>
                    <VFEnum Min="0" Max="4700">2708</VFEnum>
                    <VFStdFrom Min="0" Max="4">4</VFStdFrom>
                    <VFStdNum>16</VFStdNum>
                  </VideoFormat>
                </EDIDIn>
              </DVIIn>
              <SDIIn id="0">
                <Type3G LegalValues="0 1 2 3">2</Type3G>
              </SDIIn>
              <HDMIIn id="0">
                <Hdcp id="0">
                  <Mode Min="0" Max="1">0</Mode>
                  <HdcpAuth Min="0" Max="1">0</HdcpAuth>
                </Hdcp>
                <EDIDIn id="0">
                  <BitDepth LegalValues="1 2 3">3</BitDepth>
                  <EdidStatus Min="0" Max="4">0</EdidStatus>
                  <VideoFormat id="0">
                    <Name>1920x1080p @59.94</Name>
                    <HFreq>67433</HFreq>
                    <HSync Min="1" Max="192">88</HSync>
                    <HActive Min="0" Max="2024">1920</HActive>
                    <HFP Min="0" Max="192">88</HFP>
                    <HTotal Min="2096" Max="8191">2200</HTotal>
                    <VFreq Min="20" Max="75">59.9401</VFreq>
                    <VSync Min="1" Max="41">5</VSync>
                    <VActive Min="0" Max="1116">1080</VActive>
                    <VFP Min="0" Max="40">4</VFP>
                    <VTotal Min="1089" Max="8191">1125</VTotal>
                    <PixelClk>148.352</PixelClk>
                    <HSP Min="78" Max="80">80</HSP>
                    <VSP Min="78" Max="80">80</VSP>
                    <AR Min="0" Max="1000">1.77778</AR>
                    <Interlaced>80</Interlaced>
                    <VFType Min="0" Max="0">8</VFType>
                    <VFEnum Min="0" Max="4700">2708</VFEnum>
                    <VFStdFrom Min="0" Max="4">4</VFStdFrom>
                    <VFStdNum>16</VFStdNum>
                  </VideoFormat>
                </EDIDIn>
              </HDMIIn>
              <VideoFormat id="0">
                <Name>Empty</Name>
                <HFreq>0</HFreq>
                <HSync Min="1" Max="1">1</HSync>
                <HActive Min="0" Max="0">0</HActive>
                <HFP Min="0" Max="0">0</HFP>
                <HTotal Min="1" Max="8191">1</HTotal>
                <VFreq Min="20" Max="75">20</VFreq>
                <VSync Min="1" Max="1">1</VSync>
                <VActive Min="0" Max="0">0</VActive>
                <VFP Min="0" Max="0">0</VFP>
                <VTotal Min="1" Max="8191">1</VTotal>
                <PixelClk>0</PixelClk>
                <HSP Min="78" Max="80">80</HSP>
                <VSP Min="78" Max="80">80</VSP>
                <AR Min="0" Max="1000">0</AR>
                <Interlaced>80</Interlaced>
                <VFType Min="0" Max="0">0</VFType>
                <VFEnum Min="0" Max="4700">0</VFEnum>
                <VFStdFrom Min="0" Max="4">0</VFStdFrom>
                <VFStdNum>0</VFStdNum>
              </VideoFormat>
            </In>
            <In id="3">
              <AutoAcqMode Min="0" Max="1">1</AutoAcqMode>
              <Capacity LegalValues="1">1</Capacity>
              <ColorSpace LegalValues="-1 0 1">0</ColorSpace>
              <ColorRange LegalValues="0 1">0</ColorRange>
              <Sync Min="0" Max="2">0</Sync>
              <DPIn id="0">
                <Hdcp id="0">
                  <Mode Min="0" Max="1">0</Mode>
                  <HdcpAuth Min="0" Max="1">0</HdcpAuth>
                </Hdcp>
                <EDIDIn id="0">
                  <BitDepth LegalValues="1 2 3">2</BitDepth>
                  <EdidStatus Min="0" Max="4">0</EdidStatus>
                  <VideoFormat id="0">
                    <Name>1920x1080p @59.94</Name>
                    <HFreq>67433</HFreq>
                    <HSync Min="1" Max="192">88</HSync>
                    <HActive Min="0" Max="2024">1920</HActive>
                    <HFP Min="0" Max="192">88</HFP>
                    <HTotal Min="2096" Max="8191">2200</HTotal>
                    <VFreq Min="20" Max="75">59.9401</VFreq>
                    <VSync Min="1" Max="41">5</VSync>
                    <VActive Min="0" Max="1116">1080</VActive>
                    <VFP Min="0" Max="40">4</VFP>
                    <VTotal Min="1089" Max="8191">1125</VTotal>
                    <PixelClk>148.352</PixelClk>
                    <HSP Min="78" Max="80">80</HSP>
                    <VSP Min="78" Max="80">80</VSP>
                    <AR Min="0" Max="1000">1.77778</AR>
                    <Interlaced>80</Interlaced>
                    <VFType Min="0" Max="0">8</VFType>
                    <VFEnum Min="0" Max="4700">2708</VFEnum>
                    <VFStdFrom Min="0" Max="4">4</VFStdFrom>
                    <VFStdNum>16</VFStdNum>
                  </VideoFormat>
                </EDIDIn>
              </DPIn>
              <DVIIn id="0">
                <Hdcp id="0">
                  <Mode Min="0" Max="1">0</Mode>
                  <HdcpAuth Min="0" Max="1">0</HdcpAuth>
                </Hdcp>
                <EDIDIn id="0">
                  <BitDepth LegalValues="1">1</BitDepth>
                  <EdidStatus Min="0" Max="4">0</EdidStatus>
                  <VideoFormat id="0">
                    <Name>1920x1080p @59.94</Name>
                    <HFreq>67433</HFreq>
                    <HSync Min="1" Max="192">88</HSync>
                    <HActive Min="0" Max="2024">1920</HActive>
                    <HFP Min="0" Max="192">88</HFP>
                    <HTotal Min="2096" Max="8191">2200</HTotal>
                    <VFreq Min="20" Max="75">59.9401</VFreq>
                    <VSync Min="1" Max="41">5</VSync>
                    <VActive Min="0" Max="1116">1080</VActive>
                    <VFP Min="0" Max="40">4</VFP>
                    <VTotal Min="1089" Max="8191">1125</VTotal>
                    <PixelClk>148.352</PixelClk>
                    <HSP Min="78" Max="80">80</HSP>
                    <VSP Min="78" Max="80">80</VSP>
                    <AR Min="0" Max="1000">1.77778</AR>
                    <Interlaced>80</Interlaced>
                    <VFType Min="0" Max="0">8</VFType>
                    <VFEnum Min="0" Max="4700">2708</VFEnum>
                    <VFStdFrom Min="0" Max="4">4</VFStdFrom>
                    <VFStdNum>16</VFStdNum>
                  </VideoFormat>
                </EDIDIn>
              </DVIIn>
              <SDIIn id="0">
                <Type3G LegalValues="0 1 2 3">2</Type3G>
              </SDIIn>
              <HDMIIn id="0">
                <Hdcp id="0">
                  <Mode Min="0" Max="1">0</Mode>
                  <HdcpAuth Min="0" Max="1">0</HdcpAuth>
                </Hdcp>
                <EDIDIn id="0">
                  <BitDepth LegalValues="1 2 3">3</BitDepth>
                  <EdidStatus Min="0" Max="4">0</EdidStatus>
                  <VideoFormat id="0">
                    <Name>1920x1080p @59.94</Name>
                    <HFreq>67433</HFreq>
                    <HSync Min="1" Max="192">88</HSync>
                    <HActive Min="0" Max="2024">1920</HActive>
                    <HFP Min="0" Max="192">88</HFP>
                    <HTotal Min="2096" Max="8191">2200</HTotal>
                    <VFreq Min="20" Max="75">59.9401</VFreq>
                    <VSync Min="1" Max="41">5</VSync>
                    <VActive Min="0" Max="1116">1080</VActive>
                    <VFP Min="0" Max="40">4</VFP>
                    <VTotal Min="1089" Max="8191">1125</VTotal>
                    <PixelClk>148.352</PixelClk>
                    <HSP Min="78" Max="80">80</HSP>
                    <VSP Min="78" Max="80">80</VSP>
                    <AR Min="0" Max="1000">1.77778</AR>
                    <Interlaced>80</Interlaced>
                    <VFType Min="0" Max="0">8</VFType>
                    <VFEnum Min="0" Max="4700">2708</VFEnum>
                    <VFStdFrom Min="0" Max="4">4</VFStdFrom>
                    <VFStdNum>16</VFStdNum>
                  </VideoFormat>
                </EDIDIn>
              </HDMIIn>
              <VideoFormat id="0">
                <Name>Empty</Name>
                <HFreq>0</HFreq>
                <HSync Min="1" Max="1">1</HSync>
                <HActive Min="0" Max="0">0</HActive>
                <HFP Min="0" Max="0">0</HFP>
                <HTotal Min="1" Max="8191">1</HTotal>
                <VFreq Min="20" Max="75">20</VFreq>
                <VSync Min="1" Max="1">1</VSync>
                <VActive Min="0" Max="0">0</VActive>
                <VFP Min="0" Max="0">0</VFP>
                <VTotal Min="1" Max="8191">1</VTotal>
                <PixelClk>0</PixelClk>
                <HSP Min="78" Max="80">80</HSP>
                <VSP Min="78" Max="80">80</VSP>
                <AR Min="0" Max="1000">0</AR>
                <Interlaced>80</Interlaced>
                <VFType Min="0" Max="0">0</VFType>
                <VFEnum Min="0" Max="4700">0</VFEnum>
                <VFStdFrom Min="0" Max="4">0</VFStdFrom>
                <VFStdNum>0</VFStdNum>
              </VideoFormat>
            </In>
          </CardIn>
        </Card>
      </Slot>
      <Slot id="4">
        <Card id="0">
          <CardStatus Min="0" Max="4">2</CardStatus>
          <CardType Min="0" Max="255">0</CardType>
          <CardID>Card4</CardID>
          <SlotIndex Min="-1" Max="23">4</SlotIndex>
          <CardIn id="0">
            <NumOfChan Min="0" Max="4">4</NumOfChan>
            <CapacityStatus Min="0" Max="1">0</CapacityStatus>
            <In id="0">
              <AutoAcqMode Min="0" Max="1">1</AutoAcqMode>
              <Capacity LegalValues="0 1 2 4">2</Capacity>
              <ColorSpace LegalValues="-1 0 1">0</ColorSpace>
              <ColorRange LegalValues="0 1">0</ColorRange>
              <Sync Min="0" Max="2">2</Sync>
              <DPIn id="0">
                <Hdcp id="0">
                  <Mode Min="0" Max="1">0</Mode>
                  <HdcpAuth Min="0" Max="1">0</HdcpAuth>
                </Hdcp>
                <EDIDIn id="0">
                  <BitDepth LegalValues="1 2 3">2</BitDepth>
                  <EdidStatus Min="0" Max="4">0</EdidStatus>
                  <VideoFormat id="0">
                    <Name>1920x1080p @59.94</Name>
                    <HFreq>67433</HFreq>
                    <HSync Min="1" Max="192">88</HSync>
                    <HActive Min="0" Max="2024">1920</HActive>
                    <HFP Min="0" Max="192">88</HFP>
                    <HTotal Min="2096" Max="8191">2200</HTotal>
                    <VFreq Min="20" Max="75">59.9401</VFreq>
                    <VSync Min="1" Max="41">5</VSync>
                    <VActive Min="0" Max="1116">1080</VActive>
                    <VFP Min="0" Max="40">4</VFP>
                    <VTotal Min="1089" Max="8191">1125</VTotal>
                    <PixelClk>148.352</PixelClk>
                    <HSP Min="78" Max="80">80</HSP>
                    <VSP Min="78" Max="80">80</VSP>
                    <AR Min="0" Max="1000">1.77778</AR>
                    <Interlaced>80</Interlaced>
                    <VFType Min="0" Max="0">8</VFType>
                    <VFEnum Min="0" Max="4700">2708</VFEnum>
                    <VFStdFrom Min="0" Max="4">4</VFStdFrom>
                    <VFStdNum>16</VFStdNum>
                  </VideoFormat>
                </EDIDIn>
              </DPIn>
              <DVIIn id="0">
                <Hdcp id="0">
                  <Mode Min="0" Max="1">0</Mode>
                  <HdcpAuth Min="0" Max="1">0</HdcpAuth>
                </Hdcp>
                <EDIDIn id="0">
                  <BitDepth LegalValues="1">1</BitDepth>
                  <EdidStatus Min="0" Max="4">1</EdidStatus>
                  <VideoFormat id="0">
                    <Name>1920x1080p @59.94</Name>
                    <HFreq>67433</HFreq>
                    <HSync Min="1" Max="192">88</HSync>
                    <HActive Min="0" Max="2024">1920</HActive>
                    <HFP Min="0" Max="192">88</HFP>
                    <HTotal Min="2096" Max="8191">2200</HTotal>
                    <VFreq Min="20" Max="75">59.9401</VFreq>
                    <VSync Min="1" Max="41">5</VSync>
                    <VActive Min="0" Max="1116">1080</VActive>
                    <VFP Min="0" Max="40">4</VFP>
                    <VTotal Min="1089" Max="8191">1125</VTotal>
                    <PixelClk>148.352</PixelClk>
                    <HSP Min="78" Max="80">80</HSP>
                    <VSP Min="78" Max="80">80</VSP>
                    <AR Min="0" Max="1000">1.77778</AR>
                    <Interlaced>80</Interlaced>
                    <VFType Min="0" Max="0">8</VFType>
                    <VFEnum Min="0" Max="4700">2708</VFEnum>
                    <VFStdFrom Min="0" Max="4">4</VFStdFrom>
                    <VFStdNum>16</VFStdNum>
                  </VideoFormat>
                </EDIDIn>
              </DVIIn>
              <SDIIn id="0">
                <Type3G LegalValues="0 1 2 3">2</Type3G>
              </SDIIn>
              <HDMIIn id="0">
                <Hdcp id="0">
                  <Mode Min="0" Max="1">0</Mode>
                  <HdcpAuth Min="0" Max="1">0</HdcpAuth>
                </Hdcp>
                <EDIDIn id="0">
                  <BitDepth LegalValues="1 2 3">3</BitDepth>
                  <EdidStatus Min="0" Max="4">0</EdidStatus>
                  <VideoFormat id="0">
                    <Name>1920x1080p @59.94</Name>
                    <HFreq>67433</HFreq>
                    <HSync Min="1" Max="192">88</HSync>
                    <HActive Min="0" Max="2024">1920</HActive>
                    <HFP Min="0" Max="192">88</HFP>
                    <HTotal Min="2096" Max="8191">2200</HTotal>
                    <VFreq Min="20" Max="75">59.9401</VFreq>
                    <VSync Min="1" Max="41">5</VSync>
                    <VActive Min="0" Max="1116">1080</VActive>
                    <VFP Min="0" Max="40">4</VFP>
                    <VTotal Min="1089" Max="8191">1125</VTotal>
                    <PixelClk>148.352</PixelClk>
                    <HSP Min="78" Max="80">80</HSP>
                    <VSP Min="78" Max="80">80</VSP>
                    <AR Min="0" Max="1000">1.77778</AR>
                    <Interlaced>80</Interlaced>
                    <VFType Min="0" Max="0">8</VFType>
                    <VFEnum Min="0" Max="4700">2708</VFEnum>
                    <VFStdFrom Min="0" Max="4">4</VFStdFrom>
                    <VFStdNum>16</VFStdNum>
                  </VideoFormat>
                </EDIDIn>
              </HDMIIn>
              <VideoFormat id="0">
                <Name>1920x1080p @50.00</Name>
                <HFreq>56252</HFreq>
                <HSync Min="1" Max="192">44</HSync>
                <HActive Min="0" Max="2008">1920</HActive>
                <HFP Min="0" Max="192">529</HFP>
                <HTotal Min="2112" Max="8191">2640</HTotal>
                <VFreq Min="20" Max="75">50.0018</VFreq>
                <VSync Min="1" Max="41">10</VSync>
                <VActive Min="0" Max="1084">1080</VActive>
                <VFP Min="0" Max="40">4</VFP>
                <VTotal Min="1121" Max="8191">1125</VTotal>
                <PixelClk>148.505</PixelClk>
                <HSP Min="78" Max="80">80</HSP>
                <VSP Min="78" Max="80">80</VSP>
                <AR Min="0" Max="1000">1.77778</AR>
                <Interlaced>80</Interlaced>
                <VFType Min="0" Max="0">8</VFType>
                <VFEnum Min="0" Max="4700">2706</VFEnum>
                <VFStdFrom Min="0" Max="4">0</VFStdFrom>
                <VFStdNum>0</VFStdNum>
              </VideoFormat>
            </In>
            <In id="1">
              <AutoAcqMode Min="0" Max="1">1</AutoAcqMode>
              <Capacity LegalValues="0 1 2 4">2</Capacity>
              <ColorSpace LegalValues="-1 0 1">0</ColorSpace>
              <ColorRange LegalValues="0 1">0</ColorRange>
              <Sync Min="0" Max="2">0</Sync>
              <DPIn id="0">
                <Hdcp id="0">
                  <Mode Min="0" Max="1">0</Mode>
                  <HdcpAuth Min="0" Max="1">0</HdcpAuth>
                </Hdcp>
                <EDIDIn id="0">
                  <BitDepth LegalValues="1 2 3">2</BitDepth>
                  <EdidStatus Min="0" Max="4">0</EdidStatus>
                  <VideoFormat id="0">
                    <Name>1920x1080p @59.94</Name>
                    <HFreq>67433</HFreq>
                    <HSync Min="1" Max="192">88</HSync>
                    <HActive Min="0" Max="2024">1920</HActive>
                    <HFP Min="0" Max="192">88</HFP>
                    <HTotal Min="2096" Max="8191">2200</HTotal>
                    <VFreq Min="20" Max="75">59.9401</VFreq>
                    <VSync Min="1" Max="41">5</VSync>
                    <VActive Min="0" Max="1116">1080</VActive>
                    <VFP Min="0" Max="40">4</VFP>
                    <VTotal Min="1089" Max="8191">1125</VTotal>
                    <PixelClk>148.352</PixelClk>
                    <HSP Min="78" Max="80">80</HSP>
                    <VSP Min="78" Max="80">80</VSP>
                    <AR Min="0" Max="1000">1.77778</AR>
                    <Interlaced>80</Interlaced>
                    <VFType Min="0" Max="0">8</VFType>
                    <VFEnum Min="0" Max="4700">2708</VFEnum>
                    <VFStdFrom Min="0" Max="4">4</VFStdFrom>
                    <VFStdNum>16</VFStdNum>
                  </VideoFormat>
                </EDIDIn>
              </DPIn>
              <DVIIn id="0">
                <Hdcp id="0">
                  <Mode Min="0" Max="1">0</Mode>
                  <HdcpAuth Min="0" Max="1">0</HdcpAuth>
                </Hdcp>
                <EDIDIn id="0">
                  <BitDepth LegalValues="1">1</BitDepth>
                  <EdidStatus Min="0" Max="4">1</EdidStatus>
                  <VideoFormat id="0">
                    <Name>1920x1080p @59.94</Name>
                    <HFreq>67433</HFreq>
                    <HSync Min="1" Max="192">88</HSync>
                    <HActive Min="0" Max="2024">1920</HActive>
                    <HFP Min="0" Max="192">88</HFP>
                    <HTotal Min="2096" Max="8191">2200</HTotal>
                    <VFreq Min="20" Max="75">59.9401</VFreq>
                    <VSync Min="1" Max="41">5</VSync>
                    <VActive Min="0" Max="1116">1080</VActive>
                    <VFP Min="0" Max="40">4</VFP>
                    <VTotal Min="1089" Max="8191">1125</VTotal>
                    <PixelClk>148.352</PixelClk>
                    <HSP Min="78" Max="80">80</HSP>
                    <VSP Min="78" Max="80">80</VSP>
                    <AR Min="0" Max="1000">1.77778</AR>
                    <Interlaced>80</Interlaced>
                    <VFType Min="0" Max="0">8</VFType>
                    <VFEnum Min="0" Max="4700">2708</VFEnum>
                    <VFStdFrom Min="0" Max="4">4</VFStdFrom>
                    <VFStdNum>16</VFStdNum>
                  </VideoFormat>
                </EDIDIn>
              </DVIIn>
              <SDIIn id="0">
                <Type3G LegalValues="0 1 2 3">2</Type3G>
              </SDIIn>
              <HDMIIn id="0">
                <Hdcp id="0">
                  <Mode Min="0" Max="1">0</Mode>
                  <HdcpAuth Min="0" Max="1">0</HdcpAuth>
                </Hdcp>
                <EDIDIn id="0">
                  <BitDepth LegalValues="1 2 3">3</BitDepth>
                  <EdidStatus Min="0" Max="4">0</EdidStatus>
                  <VideoFormat id="0">
                    <Name>1920x1080p @59.94</Name>
                    <HFreq>67433</HFreq>
                    <HSync Min="1" Max="192">88</HSync>
                    <HActive Min="0" Max="2024">1920</HActive>
                    <HFP Min="0" Max="192">88</HFP>
                    <HTotal Min="2096" Max="8191">2200</HTotal>
                    <VFreq Min="20" Max="75">59.9401</VFreq>
                    <VSync Min="1" Max="41">5</VSync>
                    <VActive Min="0" Max="1116">1080</VActive>
                    <VFP Min="0" Max="40">4</VFP>
                    <VTotal Min="1089" Max="8191">1125</VTotal>
                    <PixelClk>148.352</PixelClk>
                    <HSP Min="78" Max="80">80</HSP>
                    <VSP Min="78" Max="80">80</VSP>
                    <AR Min="0" Max="1000">1.77778</AR>
                    <Interlaced>80</Interlaced>
                    <VFType Min="0" Max="0">8</VFType>
                    <VFEnum Min="0" Max="4700">2708</VFEnum>
                    <VFStdFrom Min="0" Max="4">4</VFStdFrom>
                    <VFStdNum>16</VFStdNum>
                  </VideoFormat>
                </EDIDIn>
              </HDMIIn>
              <VideoFormat id="0">
                <Name>Empty</Name>
                <HFreq>0</HFreq>
                <HSync Min="1" Max="1">1</HSync>
                <HActive Min="0" Max="0">0</HActive>
                <HFP Min="0" Max="0">0</HFP>
                <HTotal Min="1" Max="8191">1</HTotal>
                <VFreq Min="20" Max="75">20</VFreq>
                <VSync Min="1" Max="1">1</VSync>
                <VActive Min="0" Max="0">0</VActive>
                <VFP Min="0" Max="0">0</VFP>
                <VTotal Min="1" Max="8191">1</VTotal>
                <PixelClk>0</PixelClk>
                <HSP Min="78" Max="80">80</HSP>
                <VSP Min="78" Max="80">80</VSP>
                <AR Min="0" Max="1000">0</AR>
                <Interlaced>80</Interlaced>
                <VFType Min="0" Max="0">0</VFType>
                <VFEnum Min="0" Max="4700">0</VFEnum>
                <VFStdFrom Min="0" Max="4">0</VFStdFrom>
                <VFStdNum>0</VFStdNum>
              </VideoFormat>
            </In>
            <In id="2">
              <AutoAcqMode Min="0" Max="1">1</AutoAcqMode>
              <Capacity LegalValues="0">0</Capacity>
              <ColorSpace LegalValues="-1 0 1">0</ColorSpace>
              <ColorRange LegalValues="0 1">0</ColorRange>
              <Sync Min="0" Max="2">0</Sync>
              <DPIn id="0">
                <Hdcp id="0">
                  <Mode Min="0" Max="1">0</Mode>
                  <HdcpAuth Min="0" Max="1">0</HdcpAuth>
                </Hdcp>
                <EDIDIn id="0">
                  <BitDepth LegalValues="1 2 3">2</BitDepth>
                  <EdidStatus Min="0" Max="4">0</EdidStatus>
                  <VideoFormat id="0">
                    <Name>1920x1080p @59.94</Name>
                    <HFreq>67433</HFreq>
                    <HSync Min="1" Max="192">88</HSync>
                    <HActive Min="0" Max="2024">1920</HActive>
                    <HFP Min="0" Max="192">88</HFP>
                    <HTotal Min="2096" Max="8191">2200</HTotal>
                    <VFreq Min="20" Max="75">59.9401</VFreq>
                    <VSync Min="1" Max="41">5</VSync>
                    <VActive Min="0" Max="1116">1080</VActive>
                    <VFP Min="0" Max="40">4</VFP>
                    <VTotal Min="1089" Max="8191">1125</VTotal>
                    <PixelClk>148.352</PixelClk>
                    <HSP Min="78" Max="80">80</HSP>
                    <VSP Min="78" Max="80">80</VSP>
                    <AR Min="0" Max="1000">1.77778</AR>
                    <Interlaced>80</Interlaced>
                    <VFType Min="0" Max="0">8</VFType>
                    <VFEnum Min="0" Max="4700">2708</VFEnum>
                    <VFStdFrom Min="0" Max="4">4</VFStdFrom>
                    <VFStdNum>16</VFStdNum>
                  </VideoFormat>
                </EDIDIn>
              </DPIn>
              <DVIIn id="0">
                <Hdcp id="0">
                  <Mode Min="0" Max="1">0</Mode>
                  <HdcpAuth Min="0" Max="1">0</HdcpAuth>
                </Hdcp>
                <EDIDIn id="0">
                  <BitDepth LegalValues="1">1</BitDepth>
                  <EdidStatus Min="0" Max="4">0</EdidStatus>
                  <VideoFormat id="0">
                    <Name>1920x1080p @59.94</Name>
                    <HFreq>67433</HFreq>
                    <HSync Min="1" Max="192">88</HSync>
                    <HActive Min="0" Max="2024">1920</HActive>
                    <HFP Min="0" Max="192">88</HFP>
                    <HTotal Min="2096" Max="8191">2200</HTotal>
                    <VFreq Min="20" Max="75">59.9401</VFreq>
                    <VSync Min="1" Max="41">5</VSync>
                    <VActive Min="0" Max="1116">1080</VActive>
                    <VFP Min="0" Max="40">4</VFP>
                    <VTotal Min="1089" Max="8191">1125</VTotal>
                    <PixelClk>148.352</PixelClk>
                    <HSP Min="78" Max="80">80</HSP>
                    <VSP Min="78" Max="80">80</VSP>
                    <AR Min="0" Max="1000">1.77778</AR>
                    <Interlaced>80</Interlaced>
                    <VFType Min="0" Max="0">8</VFType>
                    <VFEnum Min="0" Max="4700">2708</VFEnum>
                    <VFStdFrom Min="0" Max="4">4</VFStdFrom>
                    <VFStdNum>16</VFStdNum>
                  </VideoFormat>
                </EDIDIn>
              </DVIIn>
              <SDIIn id="0">
                <Type3G LegalValues="0 1 2 3">2</Type3G>
              </SDIIn>
              <HDMIIn id="0">
                <Hdcp id="0">
                  <Mode Min="0" Max="1">0</Mode>
                  <HdcpAuth Min="0" Max="1">0</HdcpAuth>
                </Hdcp>
                <EDIDIn id="0">
                  <BitDepth LegalValues="1 2 3">3</BitDepth>
                  <EdidStatus Min="0" Max="4">0</EdidStatus>
                  <VideoFormat id="0">
                    <Name>1920x1080p @59.94</Name>
                    <HFreq>67433</HFreq>
                    <HSync Min="1" Max="192">88</HSync>
                    <HActive Min="0" Max="2024">1920</HActive>
                    <HFP Min="0" Max="192">88</HFP>
                    <HTotal Min="2096" Max="8191">2200</HTotal>
                    <VFreq Min="20" Max="75">59.9401</VFreq>
                    <VSync Min="1" Max="41">5</VSync>
                    <VActive Min="0" Max="1116">1080</VActive>
                    <VFP Min="0" Max="40">4</VFP>
                    <VTotal Min="1089" Max="8191">1125</VTotal>
                    <PixelClk>148.352</PixelClk>
                    <HSP Min="78" Max="80">80</HSP>
                    <VSP Min="78" Max="80">80</VSP>
                    <AR Min="0" Max="1000">1.77778</AR>
                    <Interlaced>80</Interlaced>
                    <VFType Min="0" Max="0">8</VFType>
                    <VFEnum Min="0" Max="4700">2708</VFEnum>
                    <VFStdFrom Min="0" Max="4">4</VFStdFrom>
                    <VFStdNum>16</VFStdNum>
                  </VideoFormat>
                </EDIDIn>
              </HDMIIn>
              <VideoFormat id="0">
                <Name>Empty</Name>
                <HFreq>0</HFreq>
                <HSync Min="1" Max="1">1</HSync>
                <HActive Min="0" Max="0">0</HActive>
                <HFP Min="0" Max="0">0</HFP>
                <HTotal Min="1" Max="8191">1</HTotal>
                <VFreq Min="20" Max="75">20</VFreq>
                <VSync Min="1" Max="1">1</VSync>
                <VActive Min="0" Max="0">0</VActive>
                <VFP Min="0" Max="0">0</VFP>
                <VTotal Min="1" Max="8191">1</VTotal>
                <PixelClk>0</PixelClk>
                <HSP Min="78" Max="80">80</HSP>
                <VSP Min="78" Max="80">80</VSP>
                <AR Min="0" Max="1000">0</AR>
                <Interlaced>80</Interlaced>
                <VFType Min="0" Max="0">0</VFType>
                <VFEnum Min="0" Max="4700">0</VFEnum>
                <VFStdFrom Min="0" Max="4">0</VFStdFrom>
                <VFStdNum>0</VFStdNum>
              </VideoFormat>
            </In>
            <In id="3">
              <AutoAcqMode Min="0" Max="1">1</AutoAcqMode>
              <Capacity LegalValues="0">0</Capacity>
              <ColorSpace LegalValues="-1 0 1">0</ColorSpace>
              <ColorRange LegalValues="0 1">0</ColorRange>
              <Sync Min="0" Max="2">0</Sync>
              <DPIn id="0">
                <Hdcp id="0">
                  <Mode Min="0" Max="1">0</Mode>
                  <HdcpAuth Min="0" Max="1">0</HdcpAuth>
                </Hdcp>
                <EDIDIn id="0">
                  <BitDepth LegalValues="1 2 3">2</BitDepth>
                  <EdidStatus Min="0" Max="4">0</EdidStatus>
                  <VideoFormat id="0">
                    <Name>1920x1080p @59.94</Name>
                    <HFreq>67433</HFreq>
                    <HSync Min="1" Max="192">88</HSync>
                    <HActive Min="0" Max="2024">1920</HActive>
                    <HFP Min="0" Max="192">88</HFP>
                    <HTotal Min="2096" Max="8191">2200</HTotal>
                    <VFreq Min="20" Max="75">59.9401</VFreq>
                    <VSync Min="1" Max="41">5</VSync>
                    <VActive Min="0" Max="1116">1080</VActive>
                    <VFP Min="0" Max="40">4</VFP>
                    <VTotal Min="1089" Max="8191">1125</VTotal>
                    <PixelClk>148.352</PixelClk>
                    <HSP Min="78" Max="80">80</HSP>
                    <VSP Min="78" Max="80">80</VSP>
                    <AR Min="0" Max="1000">1.77778</AR>
                    <Interlaced>80</Interlaced>
                    <VFType Min="0" Max="0">8</VFType>
                    <VFEnum Min="0" Max="4700">2708</VFEnum>
                    <VFStdFrom Min="0" Max="4">4</VFStdFrom>
                    <VFStdNum>16</VFStdNum>
                  </VideoFormat>
                </EDIDIn>
              </DPIn>
              <DVIIn id="0">
                <Hdcp id="0">
                  <Mode Min="0" Max="1">0</Mode>
                  <HdcpAuth Min="0" Max="1">0</HdcpAuth>
                </Hdcp>
                <EDIDIn id="0">
                  <BitDepth LegalValues="1">1</BitDepth>
                  <EdidStatus Min="0" Max="4">0</EdidStatus>
                  <VideoFormat id="0">
                    <Name>1920x1080p @59.94</Name>
                    <HFreq>67433</HFreq>
                    <HSync Min="1" Max="192">88</HSync>
                    <HActive Min="0" Max="2024">1920</HActive>
                    <HFP Min="0" Max="192">88</HFP>
                    <HTotal Min="2096" Max="8191">2200</HTotal>
                    <VFreq Min="20" Max="75">59.9401</VFreq>
                    <VSync Min="1" Max="41">5</VSync>
                    <VActive Min="0" Max="1116">1080</VActive>
                    <VFP Min="0" Max="40">4</VFP>
                    <VTotal Min="1089" Max="8191">1125</VTotal>
                    <PixelClk>148.352</PixelClk>
                    <HSP Min="78" Max="80">80</HSP>
                    <VSP Min="78" Max="80">80</VSP>
                    <AR Min="0" Max="1000">1.77778</AR>
                    <Interlaced>80</Interlaced>
                    <VFType Min="0" Max="0">8</VFType>
                    <VFEnum Min="0" Max="4700">2708</VFEnum>
                    <VFStdFrom Min="0" Max="4">4</VFStdFrom>
                    <VFStdNum>16</VFStdNum>
                  </VideoFormat>
                </EDIDIn>
              </DVIIn>
              <SDIIn id="0">
                <Type3G LegalValues="0 1 2 3">2</Type3G>
              </SDIIn>
              <HDMIIn id="0">
                <Hdcp id="0">
                  <Mode Min="0" Max="1">0</Mode>
                  <HdcpAuth Min="0" Max="1">0</HdcpAuth>
                </Hdcp>
                <EDIDIn id="0">
                  <BitDepth LegalValues="1 2 3">3</BitDepth>
                  <EdidStatus Min="0" Max="4">0</EdidStatus>
                  <VideoFormat id="0">
                    <Name>1920x1080p @59.94</Name>
                    <HFreq>67433</HFreq>
                    <HSync Min="1" Max="192">88</HSync>
                    <HActive Min="0" Max="2024">1920</HActive>
                    <HFP Min="0" Max="192">88</HFP>
                    <HTotal Min="2096" Max="8191">2200</HTotal>
                    <VFreq Min="20" Max="75">59.9401</VFreq>
                    <VSync Min="1" Max="41">5</VSync>
                    <VActive Min="0" Max="1116">1080</VActive>
                    <VFP Min="0" Max="40">4</VFP>
                    <VTotal Min="1089" Max="8191">1125</VTotal>
                    <PixelClk>148.352</PixelClk>
                    <HSP Min="78" Max="80">80</HSP>
                    <VSP Min="78" Max="80">80</VSP>
                    <AR Min="0" Max="1000">1.77778</AR>
                    <Interlaced>80</Interlaced>
                    <VFType Min="0" Max="0">8</VFType>
                    <VFEnum Min="0" Max="4700">2708</VFEnum>
                    <VFStdFrom Min="0" Max="4">4</VFStdFrom>
                    <VFStdNum>16</VFStdNum>
                  </VideoFormat>
                </EDIDIn>
              </HDMIIn>
              <VideoFormat id="0">
                <Name>Empty</Name>
                <HFreq>0</HFreq>
                <HSync Min="1" Max="1">1</HSync>
                <HActive Min="0" Max="0">0</HActive>
                <HFP Min="0" Max="0">0</HFP>
                <HTotal Min="1" Max="8191">1</HTotal>
                <VFreq Min="20" Max="75">20</VFreq>
                <VSync Min="1" Max="1">1</VSync>
                <VActive Min="0" Max="0">0</VActive>
                <VFP Min="0" Max="0">0</VFP>
                <VTotal Min="1" Max="8191">1</VTotal>
                <PixelClk>0</PixelClk>
                <HSP Min="78" Max="80">80</HSP>
                <VSP Min="78" Max="80">80</VSP>
                <AR Min="0" Max="1000">0</AR>
                <Interlaced>80</Interlaced>
                <VFType Min="0" Max="0">0</VFType>
                <VFEnum Min="0" Max="4700">0</VFEnum>
                <VFStdFrom Min="0" Max="4">0</VFStdFrom>
                <VFStdNum>0</VFStdNum>
              </VideoFormat>
            </In>
          </CardIn>
        </Card>
      </Slot>
      <Slot id="5">
        <Card id="0">
          <CardStatus Min="0" Max="4">2</CardStatus>
          <CardType Min="0" Max="255">0</CardType>
          <CardID>Card5</CardID>
          <SlotIndex Min="-1" Max="23">5</SlotIndex>
          <CardIn id="0">
            <NumOfChan Min="0" Max="4">4</NumOfChan>
            <CapacityStatus Min="0" Max="1">0</CapacityStatus>
            <In id="0">
              <AutoAcqMode Min="0" Max="1">1</AutoAcqMode>
              <Capacity LegalValues="0 1 2 4">2</Capacity>
              <ColorSpace LegalValues="-1 0 1">0</ColorSpace>
              <ColorRange LegalValues="0 1">0</ColorRange>
              <Sync Min="0" Max="2">0</Sync>
              <DPIn id="0">
                <Hdcp id="0">
                  <Mode Min="0" Max="1">0</Mode>
                  <HdcpAuth Min="0" Max="1">0</HdcpAuth>
                </Hdcp>
                <EDIDIn id="0">
                  <BitDepth LegalValues="1 2 3">2</BitDepth>
                  <EdidStatus Min="0" Max="4">0</EdidStatus>
                  <VideoFormat id="0">
                    <Name>1920x1080p @59.94</Name>
                    <HFreq>67433</HFreq>
                    <HSync Min="1" Max="192">88</HSync>
                    <HActive Min="0" Max="2024">1920</HActive>
                    <HFP Min="0" Max="192">88</HFP>
                    <HTotal Min="2096" Max="8191">2200</HTotal>
                    <VFreq Min="20" Max="75">59.9401</VFreq>
                    <VSync Min="1" Max="41">5</VSync>
                    <VActive Min="0" Max="1116">1080</VActive>
                    <VFP Min="0" Max="40">4</VFP>
                    <VTotal Min="1089" Max="8191">1125</VTotal>
                    <PixelClk>148.352</PixelClk>
                    <HSP Min="78" Max="80">80</HSP>
                    <VSP Min="78" Max="80">80</VSP>
                    <AR Min="0" Max="1000">1.77778</AR>
                    <Interlaced>80</Interlaced>
                    <VFType Min="0" Max="0">8</VFType>
                    <VFEnum Min="0" Max="4700">2708</VFEnum>
                    <VFStdFrom Min="0" Max="4">4</VFStdFrom>
                    <VFStdNum>16</VFStdNum>
                  </VideoFormat>
                </EDIDIn>
              </DPIn>
              <DVIIn id="0">
                <Hdcp id="0">
                  <Mode Min="0" Max="1">0</Mode>
                  <HdcpAuth Min="0" Max="1">0</HdcpAuth>
                </Hdcp>
                <EDIDIn id="0">
                  <BitDepth LegalValues="1">1</BitDepth>
                  <EdidStatus Min="0" Max="4">1</EdidStatus>
                  <VideoFormat id="0">
                    <Name>1920x1080p @59.94</Name>
                    <HFreq>67433</HFreq>
                    <HSync Min="1" Max="192">88</HSync>
                    <HActive Min="0" Max="2024">1920</HActive>
                    <HFP Min="0" Max="192">88</HFP>
                    <HTotal Min="2096" Max="8191">2200</HTotal>
                    <VFreq Min="20" Max="75">59.9401</VFreq>
                    <VSync Min="1" Max="41">5</VSync>
                    <VActive Min="0" Max="1116">1080</VActive>
                    <VFP Min="0" Max="40">4</VFP>
                    <VTotal Min="1089" Max="8191">1125</VTotal>
                    <PixelClk>148.352</PixelClk>
                    <HSP Min="78" Max="80">80</HSP>
                    <VSP Min="78" Max="80">80</VSP>
                    <AR Min="0" Max="1000">1.77778</AR>
                    <Interlaced>80</Interlaced>
                    <VFType Min="0" Max="0">8</VFType>
                    <VFEnum Min="0" Max="4700">2708</VFEnum>
                    <VFStdFrom Min="0" Max="4">4</VFStdFrom>
                    <VFStdNum>16</VFStdNum>
                  </VideoFormat>
                </EDIDIn>
              </DVIIn>
              <SDIIn id="0">
                <Type3G LegalValues="0 1 2 3">2</Type3G>
              </SDIIn>
              <HDMIIn id="0">
                <Hdcp id="0">
                  <Mode Min="0" Max="1">0</Mode>
                  <HdcpAuth Min="0" Max="1">0</HdcpAuth>
                </Hdcp>
                <EDIDIn id="0">
                  <BitDepth LegalValues="1 2 3">3</BitDepth>
                  <EdidStatus Min="0" Max="4">0</EdidStatus>
                  <VideoFormat id="0">
                    <Name>1920x1080p @59.94</Name>
                    <HFreq>67433</HFreq>
                    <HSync Min="1" Max="192">88</HSync>
                    <HActive Min="0" Max="2024">1920</HActive>
                    <HFP Min="0" Max="192">88</HFP>
                    <HTotal Min="2096" Max="8191">2200</HTotal>
                    <VFreq Min="20" Max="75">59.9401</VFreq>
                    <VSync Min="1" Max="41">5</VSync>
                    <VActive Min="0" Max="1116">1080</VActive>
                    <VFP Min="0" Max="40">4</VFP>
                    <VTotal Min="1089" Max="8191">1125</VTotal>
                    <PixelClk>148.352</PixelClk>
                    <HSP Min="78" Max="80">80</HSP>
                    <VSP Min="78" Max="80">80</VSP>
                    <AR Min="0" Max="1000">1.77778</AR>
                    <Interlaced>80</Interlaced>
                    <VFType Min="0" Max="0">8</VFType>
                    <VFEnum Min="0" Max="4700">2708</VFEnum>
                    <VFStdFrom Min="0" Max="4">4</VFStdFrom>
                    <VFStdNum>16</VFStdNum>
                  </VideoFormat>
                </EDIDIn>
              </HDMIIn>
              <VideoFormat id="0">
                <Name>Empty</Name>
                <HFreq>0</HFreq>
                <HSync Min="1" Max="1">1</HSync>
                <HActive Min="0" Max="0">0</HActive>
                <HFP Min="0" Max="0">0</HFP>
                <HTotal Min="1" Max="8191">1</HTotal>
                <VFreq Min="20" Max="75">20</VFreq>
                <VSync Min="1" Max="1">1</VSync>
                <VActive Min="0" Max="0">0</VActive>
                <VFP Min="0" Max="0">0</VFP>
                <VTotal Min="1" Max="8191">1</VTotal>
                <PixelClk>0</PixelClk>
                <HSP Min="78" Max="80">80</HSP>
                <VSP Min="78" Max="80">80</VSP>
                <AR Min="0" Max="1000">0</AR>
                <Interlaced>80</Interlaced>
                <VFType Min="0" Max="0">0</VFType>
                <VFEnum Min="0" Max="4700">0</VFEnum>
                <VFStdFrom Min="0" Max="4">0</VFStdFrom>
                <VFStdNum>0</VFStdNum>
              </VideoFormat>
            </In>
            <In id="1">
              <AutoAcqMode Min="0" Max="1">1</AutoAcqMode>
              <Capacity LegalValues="0 1 2 4">2</Capacity>
              <ColorSpace LegalValues="-1 0 1">0</ColorSpace>
              <ColorRange LegalValues="0 1">0</ColorRange>
              <Sync Min="0" Max="2">0</Sync>
              <DPIn id="0">
                <Hdcp id="0">
                  <Mode Min="0" Max="1">0</Mode>
                  <HdcpAuth Min="0" Max="1">0</HdcpAuth>
                </Hdcp>
                <EDIDIn id="0">
                  <BitDepth LegalValues="1 2 3">2</BitDepth>
                  <EdidStatus Min="0" Max="4">0</EdidStatus>
                  <VideoFormat id="0">
                    <Name>1920x1080p @59.94</Name>
                    <HFreq>67433</HFreq>
                    <HSync Min="1" Max="192">88</HSync>
                    <HActive Min="0" Max="2024">1920</HActive>
                    <HFP Min="0" Max="192">88</HFP>
                    <HTotal Min="2096" Max="8191">2200</HTotal>
                    <VFreq Min="20" Max="75">59.9401</VFreq>
                    <VSync Min="1" Max="41">5</VSync>
                    <VActive Min="0" Max="1116">1080</VActive>
                    <VFP Min="0" Max="40">4</VFP>
                    <VTotal Min="1089" Max="8191">1125</VTotal>
                    <PixelClk>148.352</PixelClk>
                    <HSP Min="78" Max="80">80</HSP>
                    <VSP Min="78" Max="80">80</VSP>
                    <AR Min="0" Max="1000">1.77778</AR>
                    <Interlaced>80</Interlaced>
                    <VFType Min="0" Max="0">8</VFType>
                    <VFEnum Min="0" Max="4700">2708</VFEnum>
                    <VFStdFrom Min="0" Max="4">4</VFStdFrom>
                    <VFStdNum>16</VFStdNum>
                  </VideoFormat>
                </EDIDIn>
              </DPIn>
              <DVIIn id="0">
                <Hdcp id="0">
                  <Mode Min="0" Max="1">0</Mode>
                  <HdcpAuth Min="0" Max="1">0</HdcpAuth>
                </Hdcp>
                <EDIDIn id="0">
                  <BitDepth LegalValues="1">1</BitDepth>
                  <EdidStatus Min="0" Max="4">1</EdidStatus>
                  <VideoFormat id="0">
                    <Name>1920x1080p @59.94</Name>
                    <HFreq>67433</HFreq>
                    <HSync Min="1" Max="192">88</HSync>
                    <HActive Min="0" Max="2024">1920</HActive>
                    <HFP Min="0" Max="192">88</HFP>
                    <HTotal Min="2096" Max="8191">2200</HTotal>
                    <VFreq Min="20" Max="75">59.9401</VFreq>
                    <VSync Min="1" Max="41">5</VSync>
                    <VActive Min="0" Max="1116">1080</VActive>
                    <VFP Min="0" Max="40">4</VFP>
                    <VTotal Min="1089" Max="8191">1125</VTotal>
                    <PixelClk>148.352</PixelClk>
                    <HSP Min="78" Max="80">80</HSP>
                    <VSP Min="78" Max="80">80</VSP>
                    <AR Min="0" Max="1000">1.77778</AR>
                    <Interlaced>80</Interlaced>
                    <VFType Min="0" Max="0">8</VFType>
                    <VFEnum Min="0" Max="4700">2708</VFEnum>
                    <VFStdFrom Min="0" Max="4">4</VFStdFrom>
                    <VFStdNum>16</VFStdNum>
                  </VideoFormat>
                </EDIDIn>
              </DVIIn>
              <SDIIn id="0">
                <Type3G LegalValues="0 1 2 3">2</Type3G>
              </SDIIn>
              <HDMIIn id="0">
                <Hdcp id="0">
                  <Mode Min="0" Max="1">0</Mode>
                  <HdcpAuth Min="0" Max="1">0</HdcpAuth>
                </Hdcp>
                <EDIDIn id="0">
                  <BitDepth LegalValues="1 2 3">3</BitDepth>
                  <EdidStatus Min="0" Max="4">0</EdidStatus>
                  <VideoFormat id="0">
                    <Name>1920x1080p @59.94</Name>
                    <HFreq>67433</HFreq>
                    <HSync Min="1" Max="192">88</HSync>
                    <HActive Min="0" Max="2024">1920</HActive>
                    <HFP Min="0" Max="192">88</HFP>
                    <HTotal Min="2096" Max="8191">2200</HTotal>
                    <VFreq Min="20" Max="75">59.9401</VFreq>
                    <VSync Min="1" Max="41">5</VSync>
                    <VActive Min="0" Max="1116">1080</VActive>
                    <VFP Min="0" Max="40">4</VFP>
                    <VTotal Min="1089" Max="8191">1125</VTotal>
                    <PixelClk>148.352</PixelClk>
                    <HSP Min="78" Max="80">80</HSP>
                    <VSP Min="78" Max="80">80</VSP>
                    <AR Min="0" Max="1000">1.77778</AR>
                    <Interlaced>80</Interlaced>
                    <VFType Min="0" Max="0">8</VFType>
                    <VFEnum Min="0" Max="4700">2708</VFEnum>
                    <VFStdFrom Min="0" Max="4">4</VFStdFrom>
                    <VFStdNum>16</VFStdNum>
                  </VideoFormat>
                </EDIDIn>
              </HDMIIn>
              <VideoFormat id="0">
                <Name>Empty</Name>
                <HFreq>0</HFreq>
                <HSync Min="1" Max="1">1</HSync>
                <HActive Min="0" Max="0">0</HActive>
                <HFP Min="0" Max="0">0</HFP>
                <HTotal Min="1" Max="8191">1</HTotal>
                <VFreq Min="20" Max="75">20</VFreq>
                <VSync Min="1" Max="1">1</VSync>
                <VActive Min="0" Max="0">0</VActive>
                <VFP Min="0" Max="0">0</VFP>
                <VTotal Min="1" Max="8191">1</VTotal>
                <PixelClk>0</PixelClk>
                <HSP Min="78" Max="80">80</HSP>
                <VSP Min="78" Max="80">80</VSP>
                <AR Min="0" Max="1000">0</AR>
                <Interlaced>80</Interlaced>
                <VFType Min="0" Max="0">0</VFType>
                <VFEnum Min="0" Max="4700">0</VFEnum>
                <VFStdFrom Min="0" Max="4">0</VFStdFrom>
                <VFStdNum>0</VFStdNum>
              </VideoFormat>
            </In>
            <In id="2">
              <AutoAcqMode Min="0" Max="1">1</AutoAcqMode>
              <Capacity LegalValues="0">0</Capacity>
              <ColorSpace LegalValues="-1 0 1">0</ColorSpace>
              <ColorRange LegalValues="0 1">0</ColorRange>
              <Sync Min="0" Max="2">0</Sync>
              <DPIn id="0">
                <Hdcp id="0">
                  <Mode Min="0" Max="1">0</Mode>
                  <HdcpAuth Min="0" Max="1">0</HdcpAuth>
                </Hdcp>
                <EDIDIn id="0">
                  <BitDepth LegalValues="1 2 3">2</BitDepth>
                  <EdidStatus Min="0" Max="4">0</EdidStatus>
                  <VideoFormat id="0">
                    <Name>1920x1080p @59.94</Name>
                    <HFreq>67433</HFreq>
                    <HSync Min="1" Max="192">88</HSync>
                    <HActive Min="0" Max="2024">1920</HActive>
                    <HFP Min="0" Max="192">88</HFP>
                    <HTotal Min="2096" Max="8191">2200</HTotal>
                    <VFreq Min="20" Max="75">59.9401</VFreq>
                    <VSync Min="1" Max="41">5</VSync>
                    <VActive Min="0" Max="1116">1080</VActive>
                    <VFP Min="0" Max="40">4</VFP>
                    <VTotal Min="1089" Max="8191">1125</VTotal>
                    <PixelClk>148.352</PixelClk>
                    <HSP Min="78" Max="80">80</HSP>
                    <VSP Min="78" Max="80">80</VSP>
                    <AR Min="0" Max="1000">1.77778</AR>
                    <Interlaced>80</Interlaced>
                    <VFType Min="0" Max="0">8</VFType>
                    <VFEnum Min="0" Max="4700">2708</VFEnum>
                    <VFStdFrom Min="0" Max="4">4</VFStdFrom>
                    <VFStdNum>16</VFStdNum>
                  </VideoFormat>
                </EDIDIn>
              </DPIn>
              <DVIIn id="0">
                <Hdcp id="0">
                  <Mode Min="0" Max="1">0</Mode>
                  <HdcpAuth Min="0" Max="1">0</HdcpAuth>
                </Hdcp>
                <EDIDIn id="0">
                  <BitDepth LegalValues="1">1</BitDepth>
                  <EdidStatus Min="0" Max="4">0</EdidStatus>
                  <VideoFormat id="0">
                    <Name>1920x1080p @59.94</Name>
                    <HFreq>67433</HFreq>
                    <HSync Min="1" Max="192">88</HSync>
                    <HActive Min="0" Max="2024">1920</HActive>
                    <HFP Min="0" Max="192">88</HFP>
                    <HTotal Min="2096" Max="8191">2200</HTotal>
                    <VFreq Min="20" Max="75">59.9401</VFreq>
                    <VSync Min="1" Max="41">5</VSync>
                    <VActive Min="0" Max="1116">1080</VActive>
                    <VFP Min="0" Max="40">4</VFP>
                    <VTotal Min="1089" Max="8191">1125</VTotal>
                    <PixelClk>148.352</PixelClk>
                    <HSP Min="78" Max="80">80</HSP>
                    <VSP Min="78" Max="80">80</VSP>
                    <AR Min="0" Max="1000">1.77778</AR>
                    <Interlaced>80</Interlaced>
                    <VFType Min="0" Max="0">8</VFType>
                    <VFEnum Min="0" Max="4700">2708</VFEnum>
                    <VFStdFrom Min="0" Max="4">4</VFStdFrom>
                    <VFStdNum>16</VFStdNum>
                  </VideoFormat>
                </EDIDIn>
              </DVIIn>
              <SDIIn id="0">
                <Type3G LegalValues="0 1 2 3">2</Type3G>
              </SDIIn>
              <HDMIIn id="0">
                <Hdcp id="0">
                  <Mode Min="0" Max="1">0</Mode>
                  <HdcpAuth Min="0" Max="1">0</HdcpAuth>
                </Hdcp>
                <EDIDIn id="0">
                  <BitDepth LegalValues="1 2 3">3</BitDepth>
                  <EdidStatus Min="0" Max="4">0</EdidStatus>
                  <VideoFormat id="0">
                    <Name>1920x1080p @59.94</Name>
                    <HFreq>67433</HFreq>
                    <HSync Min="1" Max="192">88</HSync>
                    <HActive Min="0" Max="2024">1920</HActive>
                    <HFP Min="0" Max="192">88</HFP>
                    <HTotal Min="2096" Max="8191">2200</HTotal>
                    <VFreq Min="20" Max="75">59.9401</VFreq>
                    <VSync Min="1" Max="41">5</VSync>
                    <VActive Min="0" Max="1116">1080</VActive>
                    <VFP Min="0" Max="40">4</VFP>
                    <VTotal Min="1089" Max="8191">1125</VTotal>
                    <PixelClk>148.352</PixelClk>
                    <HSP Min="78" Max="80">80</HSP>
                    <VSP Min="78" Max="80">80</VSP>
                    <AR Min="0" Max="1000">1.77778</AR>
                    <Interlaced>80</Interlaced>
                    <VFType Min="0" Max="0">8</VFType>
                    <VFEnum Min="0" Max="4700">2708</VFEnum>
                    <VFStdFrom Min="0" Max="4">4</VFStdFrom>
                    <VFStdNum>16</VFStdNum>
                  </VideoFormat>
                </EDIDIn>
              </HDMIIn>
              <VideoFormat id="0">
                <Name>Empty</Name>
                <HFreq>0</HFreq>
                <HSync Min="1" Max="1">1</HSync>
                <HActive Min="0" Max="0">0</HActive>
                <HFP Min="0" Max="0">0</HFP>
                <HTotal Min="1" Max="8191">1</HTotal>
                <VFreq Min="20" Max="75">20</VFreq>
                <VSync Min="1" Max="1">1</VSync>
                <VActive Min="0" Max="0">0</VActive>
                <VFP Min="0" Max="0">0</VFP>
                <VTotal Min="1" Max="8191">1</VTotal>
                <PixelClk>0</PixelClk>
                <HSP Min="78" Max="80">80</HSP>
                <VSP Min="78" Max="80">80</VSP>
                <AR Min="0" Max="1000">0</AR>
                <Interlaced>80</Interlaced>
                <VFType Min="0" Max="0">0</VFType>
                <VFEnum Min="0" Max="4700">0</VFEnum>
                <VFStdFrom Min="0" Max="4">0</VFStdFrom>
                <VFStdNum>0</VFStdNum>
              </VideoFormat>
            </In>
            <In id="3">
              <AutoAcqMode Min="0" Max="1">1</AutoAcqMode>
              <Capacity LegalValues="0">0</Capacity>
              <ColorSpace LegalValues="-1 0 1">0</ColorSpace>
              <ColorRange LegalValues="0 1">0</ColorRange>
              <Sync Min="0" Max="2">0</Sync>
              <DPIn id="0">
                <Hdcp id="0">
                  <Mode Min="0" Max="1">0</Mode>
                  <HdcpAuth Min="0" Max="1">0</HdcpAuth>
                </Hdcp>
                <EDIDIn id="0">
                  <BitDepth LegalValues="1 2 3">2</BitDepth>
                  <EdidStatus Min="0" Max="4">0</EdidStatus>
                  <VideoFormat id="0">
                    <Name>1920x1080p @59.94</Name>
                    <HFreq>67433</HFreq>
                    <HSync Min="1" Max="192">88</HSync>
                    <HActive Min="0" Max="2024">1920</HActive>
                    <HFP Min="0" Max="192">88</HFP>
                    <HTotal Min="2096" Max="8191">2200</HTotal>
                    <VFreq Min="20" Max="75">59.9401</VFreq>
                    <VSync Min="1" Max="41">5</VSync>
                    <VActive Min="0" Max="1116">1080</VActive>
                    <VFP Min="0" Max="40">4</VFP>
                    <VTotal Min="1089" Max="8191">1125</VTotal>
                    <PixelClk>148.352</PixelClk>
                    <HSP Min="78" Max="80">80</HSP>
                    <VSP Min="78" Max="80">80</VSP>
                    <AR Min="0" Max="1000">1.77778</AR>
                    <Interlaced>80</Interlaced>
                    <VFType Min="0" Max="0">8</VFType>
                    <VFEnum Min="0" Max="4700">2708</VFEnum>
                    <VFStdFrom Min="0" Max="4">4</VFStdFrom>
                    <VFStdNum>16</VFStdNum>
                  </VideoFormat>
                </EDIDIn>
              </DPIn>
              <DVIIn id="0">
                <Hdcp id="0">
                  <Mode Min="0" Max="1">0</Mode>
                  <HdcpAuth Min="0" Max="1">0</HdcpAuth>
                </Hdcp>
                <EDIDIn id="0">
                  <BitDepth LegalValues="1">1</BitDepth>
                  <EdidStatus Min="0" Max="4">0</EdidStatus>
                  <VideoFormat id="0">
                    <Name>1920x1080p @59.94</Name>
                    <HFreq>67433</HFreq>
                    <HSync Min="1" Max="192">88</HSync>
                    <HActive Min="0" Max="2024">1920</HActive>
                    <HFP Min="0" Max="192">88</HFP>
                    <HTotal Min="2096" Max="8191">2200</HTotal>
                    <VFreq Min="20" Max="75">59.9401</VFreq>
                    <VSync Min="1" Max="41">5</VSync>
                    <VActive Min="0" Max="1116">1080</VActive>
                    <VFP Min="0" Max="40">4</VFP>
                    <VTotal Min="1089" Max="8191">1125</VTotal>
                    <PixelClk>148.352</PixelClk>
                    <HSP Min="78" Max="80">80</HSP>
                    <VSP Min="78" Max="80">80</VSP>
                    <AR Min="0" Max="1000">1.77778</AR>
                    <Interlaced>80</Interlaced>
                    <VFType Min="0" Max="0">8</VFType>
                    <VFEnum Min="0" Max="4700">2708</VFEnum>
                    <VFStdFrom Min="0" Max="4">4</VFStdFrom>
                    <VFStdNum>16</VFStdNum>
                  </VideoFormat>
                </EDIDIn>
              </DVIIn>
              <SDIIn id="0">
                <Type3G LegalValues="0 1 2 3">2</Type3G>
              </SDIIn>
              <HDMIIn id="0">
                <Hdcp id="0">
                  <Mode Min="0" Max="1">0</Mode>
                  <HdcpAuth Min="0" Max="1">0</HdcpAuth>
                </Hdcp>
                <EDIDIn id="0">
                  <BitDepth LegalValues="1 2 3">3</BitDepth>
                  <EdidStatus Min="0" Max="4">0</EdidStatus>
                  <VideoFormat id="0">
                    <Name>1920x1080p @59.94</Name>
                    <HFreq>67433</HFreq>
                    <HSync Min="1" Max="192">88</HSync>
                    <HActive Min="0" Max="2024">1920</HActive>
                    <HFP Min="0" Max="192">88</HFP>
                    <HTotal Min="2096" Max="8191">2200</HTotal>
                    <VFreq Min="20" Max="75">59.9401</VFreq>
                    <VSync Min="1" Max="41">5</VSync>
                    <VActive Min="0" Max="1116">1080</VActive>
                    <VFP Min="0" Max="40">4</VFP>
                    <VTotal Min="1089" Max="8191">1125</VTotal>
                    <PixelClk>148.352</PixelClk>
                    <HSP Min="78" Max="80">80</HSP>
                    <VSP Min="78" Max="80">80</VSP>
                    <AR Min="0" Max="1000">1.77778</AR>
                    <Interlaced>80</Interlaced>
                    <VFType Min="0" Max="0">8</VFType>
                    <VFEnum Min="0" Max="4700">2708</VFEnum>
                    <VFStdFrom Min="0" Max="4">4</VFStdFrom>
                    <VFStdNum>16</VFStdNum>
                  </VideoFormat>
                </EDIDIn>
              </HDMIIn>
              <VideoFormat id="0">
                <Name>Empty</Name>
                <HFreq>0</HFreq>
                <HSync Min="1" Max="1">1</HSync>
                <HActive Min="0" Max="0">0</HActive>
                <HFP Min="0" Max="0">0</HFP>
                <HTotal Min="1" Max="8191">1</HTotal>
                <VFreq Min="20" Max="75">20</VFreq>
                <VSync Min="1" Max="1">1</VSync>
                <VActive Min="0" Max="0">0</VActive>
                <VFP Min="0" Max="0">0</VFP>
                <VTotal Min="1" Max="8191">1</VTotal>
                <PixelClk>0</PixelClk>
                <HSP Min="78" Max="80">80</HSP>
                <VSP Min="78" Max="80">80</VSP>
                <AR Min="0" Max="1000">0</AR>
                <Interlaced>80</Interlaced>
                <VFType Min="0" Max="0">0</VFType>
                <VFEnum Min="0" Max="4700">0</VFEnum>
                <VFStdFrom Min="0" Max="4">0</VFStdFrom>
                <VFStdNum>0</VFStdNum>
              </VideoFormat>
            </In>
          </CardIn>
        </Card>
      </Slot>
      <Slot id="6">
        <Card id="0">
          <CardStatus Min="0" Max="4">2</CardStatus>
          <CardType Min="0" Max="255">2</CardType>
          <CardID>Card6</CardID>
          <SlotIndex Min="-1" Max="23">6</SlotIndex>
          <CardIn id="0">
            <NumOfChan Min="0" Max="4">4</NumOfChan>
            <CapacityStatus Min="0" Max="1">0</CapacityStatus>
            <In id="0">
              <AutoAcqMode Min="0" Max="1">1</AutoAcqMode>
              <Capacity LegalValues="0 1 2 4">1</Capacity>
              <ColorSpace LegalValues="-1 0 1">0</ColorSpace>
              <ColorRange LegalValues="0 1">0</ColorRange>
              <Sync Min="0" Max="2">0</Sync>
              <DPIn id="0">
                <Hdcp id="0">
                  <Mode Min="0" Max="1">0</Mode>
                  <HdcpAuth Min="0" Max="1">0</HdcpAuth>
                </Hdcp>
                <EDIDIn id="0">
                  <BitDepth LegalValues="1 2 3">2</BitDepth>
                  <EdidStatus Min="0" Max="4">1</EdidStatus>
                  <VideoFormat id="0">
                    <Name>1920x1080p @59.94</Name>
                    <HFreq>67433</HFreq>
                    <HSync Min="1" Max="192">88</HSync>
                    <HActive Min="0" Max="2024">1920</HActive>
                    <HFP Min="0" Max="192">88</HFP>
                    <HTotal Min="2096" Max="8191">2200</HTotal>
                    <VFreq Min="20" Max="75">59.9401</VFreq>
                    <VSync Min="1" Max="41">5</VSync>
                    <VActive Min="0" Max="1116">1080</VActive>
                    <VFP Min="0" Max="40">4</VFP>
                    <VTotal Min="1089" Max="8191">1125</VTotal>
                    <PixelClk>148.352</PixelClk>
                    <HSP Min="78" Max="80">80</HSP>
                    <VSP Min="78" Max="80">80</VSP>
                    <AR Min="0" Max="1000">1.77778</AR>
                    <Interlaced>80</Interlaced>
                    <VFType Min="0" Max="0">8</VFType>
                    <VFEnum Min="0" Max="4700">2708</VFEnum>
                    <VFStdFrom Min="0" Max="4">4</VFStdFrom>
                    <VFStdNum>16</VFStdNum>
                  </VideoFormat>
                </EDIDIn>
              </DPIn>
              <DVIIn id="0">
                <Hdcp id="0">
                  <Mode Min="0" Max="1">0</Mode>
                  <HdcpAuth Min="0" Max="1">0</HdcpAuth>
                </Hdcp>
                <EDIDIn id="0">
                  <BitDepth LegalValues="1">1</BitDepth>
                  <EdidStatus Min="0" Max="4">0</EdidStatus>
                  <VideoFormat id="0">
                    <Name>1920x1080p @59.94</Name>
                    <HFreq>67433</HFreq>
                    <HSync Min="1" Max="192">88</HSync>
                    <HActive Min="0" Max="2024">1920</HActive>
                    <HFP Min="0" Max="192">88</HFP>
                    <HTotal Min="2096" Max="8191">2200</HTotal>
                    <VFreq Min="20" Max="75">59.9401</VFreq>
                    <VSync Min="1" Max="41">5</VSync>
                    <VActive Min="0" Max="1116">1080</VActive>
                    <VFP Min="0" Max="40">4</VFP>
                    <VTotal Min="1089" Max="8191">1125</VTotal>
                    <PixelClk>148.352</PixelClk>
                    <HSP Min="78" Max="80">80</HSP>
                    <VSP Min="78" Max="80">80</VSP>
                    <AR Min="0" Max="1000">1.77778</AR>
                    <Interlaced>80</Interlaced>
                    <VFType Min="0" Max="0">8</VFType>
                    <VFEnum Min="0" Max="4700">2708</VFEnum>
                    <VFStdFrom Min="0" Max="4">4</VFStdFrom>
                    <VFStdNum>16</VFStdNum>
                  </VideoFormat>
                </EDIDIn>
              </DVIIn>
              <SDIIn id="0">
                <Type3G LegalValues="0 1 2 3">2</Type3G>
              </SDIIn>
              <HDMIIn id="0">
                <Hdcp id="0">
                  <Mode Min="0" Max="1">0</Mode>
                  <HdcpAuth Min="0" Max="1">0</HdcpAuth>
                </Hdcp>
                <EDIDIn id="0">
                  <BitDepth LegalValues="1 2 3">3</BitDepth>
                  <EdidStatus Min="0" Max="4">0</EdidStatus>
                  <VideoFormat id="0">
                    <Name>1920x1080p @59.94</Name>
                    <HFreq>67433</HFreq>
                    <HSync Min="1" Max="192">88</HSync>
                    <HActive Min="0" Max="2024">1920</HActive>
                    <HFP Min="0" Max="192">88</HFP>
                    <HTotal Min="2096" Max="8191">2200</HTotal>
                    <VFreq Min="20" Max="75">59.9401</VFreq>
                    <VSync Min="1" Max="41">5</VSync>
                    <VActive Min="0" Max="1116">1080</VActive>
                    <VFP Min="0" Max="40">4</VFP>
                    <VTotal Min="1089" Max="8191">1125</VTotal>
                    <PixelClk>148.352</PixelClk>
                    <HSP Min="78" Max="80">80</HSP>
                    <VSP Min="78" Max="80">80</VSP>
                    <AR Min="0" Max="1000">1.77778</AR>
                    <Interlaced>80</Interlaced>
                    <VFType Min="0" Max="0">8</VFType>
                    <VFEnum Min="0" Max="4700">2708</VFEnum>
                    <VFStdFrom Min="0" Max="4">4</VFStdFrom>
                    <VFStdNum>16</VFStdNum>
                  </VideoFormat>
                </EDIDIn>
              </HDMIIn>
              <VideoFormat id="0">
                <Name>1920x1080p @60.00</Name>
                <HFreq>67501</HFreq>
                <HSync Min="1" Max="192">1</HSync>
                <HActive Min="0" Max="2008">1920</HActive>
                <HFP Min="0" Max="279">88</HFP>
                <HTotal Min="2112" Max="8191">2200</HTotal>
                <VFreq Min="20" Max="75">60.0009</VFreq>
                <VSync Min="1" Max="41">1</VSync>
                <VActive Min="0" Max="1084">1080</VActive>
                <VFP Min="0" Max="44">4</VFP>
                <VTotal Min="1121" Max="8191">1125</VTotal>
                <PixelClk>148.502</PixelClk>
                <HSP Min="78" Max="80">80</HSP>
                <VSP Min="78" Max="80">80</VSP>
                <AR Min="0" Max="1000">1.77778</AR>
                <Interlaced>80</Interlaced>
                <VFType Min="0" Max="0">8</VFType>
                <VFEnum Min="0" Max="4700">2709</VFEnum>
                <VFStdFrom Min="0" Max="4">0</VFStdFrom>
                <VFStdNum>0</VFStdNum>
              </VideoFormat>
            </In>
            <In id="1">
              <AutoAcqMode Min="0" Max="1">1</AutoAcqMode>
              <Capacity LegalValues="0 1 2 4">1</Capacity>
              <ColorSpace LegalValues="-1 0 1">0</ColorSpace>
              <ColorRange LegalValues="0 1">0</ColorRange>
              <Sync Min="0" Max="2">0</Sync>
              <DPIn id="0">
                <Hdcp id="0">
                  <Mode Min="0" Max="1">0</Mode>
                  <HdcpAuth Min="0" Max="1">0</HdcpAuth>
                </Hdcp>
                <EDIDIn id="0">
                  <BitDepth LegalValues="1 2 3">2</BitDepth>
                  <EdidStatus Min="0" Max="4">1</EdidStatus>
                  <VideoFormat id="0">
                    <Name>1920x1080p @59.94</Name>
                    <HFreq>67433</HFreq>
                    <HSync Min="1" Max="192">88</HSync>
                    <HActive Min="0" Max="2024">1920</HActive>
                    <HFP Min="0" Max="192">88</HFP>
                    <HTotal Min="2096" Max="8191">2200</HTotal>
                    <VFreq Min="20" Max="75">59.9401</VFreq>
                    <VSync Min="1" Max="41">5</VSync>
                    <VActive Min="0" Max="1116">1080</VActive>
                    <VFP Min="0" Max="40">4</VFP>
                    <VTotal Min="1089" Max="8191">1125</VTotal>
                    <PixelClk>148.352</PixelClk>
                    <HSP Min="78" Max="80">80</HSP>
                    <VSP Min="78" Max="80">80</VSP>
                    <AR Min="0" Max="1000">1.77778</AR>
                    <Interlaced>80</Interlaced>
                    <VFType Min="0" Max="0">8</VFType>
                    <VFEnum Min="0" Max="4700">2708</VFEnum>
                    <VFStdFrom Min="0" Max="4">4</VFStdFrom>
                    <VFStdNum>16</VFStdNum>
                  </VideoFormat>
                </EDIDIn>
              </DPIn>
              <DVIIn id="0">
                <Hdcp id="0">
                  <Mode Min="0" Max="1">0</Mode>
                  <HdcpAuth Min="0" Max="1">0</HdcpAuth>
                </Hdcp>
                <EDIDIn id="0">
                  <BitDepth LegalValues="1">1</BitDepth>
                  <EdidStatus Min="0" Max="4">0</EdidStatus>
                  <VideoFormat id="0">
                    <Name>1920x1080p @59.94</Name>
                    <HFreq>67433</HFreq>
                    <HSync Min="1" Max="192">88</HSync>
                    <HActive Min="0" Max="2024">1920</HActive>
                    <HFP Min="0" Max="192">88</HFP>
                    <HTotal Min="2096" Max="8191">2200</HTotal>
                    <VFreq Min="20" Max="75">59.9401</VFreq>
                    <VSync Min="1" Max="41">5</VSync>
                    <VActive Min="0" Max="1116">1080</VActive>
                    <VFP Min="0" Max="40">4</VFP>
                    <VTotal Min="1089" Max="8191">1125</VTotal>
                    <PixelClk>148.352</PixelClk>
                    <HSP Min="78" Max="80">80</HSP>
                    <VSP Min="78" Max="80">80</VSP>
                    <AR Min="0" Max="1000">1.77778</AR>
                    <Interlaced>80</Interlaced>
                    <VFType Min="0" Max="0">8</VFType>
                    <VFEnum Min="0" Max="4700">2708</VFEnum>
                    <VFStdFrom Min="0" Max="4">4</VFStdFrom>
                    <VFStdNum>16</VFStdNum>
                  </VideoFormat>
                </EDIDIn>
              </DVIIn>
              <SDIIn id="0">
                <Type3G LegalValues="0 1 2 3">2</Type3G>
              </SDIIn>
              <HDMIIn id="0">
                <Hdcp id="0">
                  <Mode Min="0" Max="1">0</Mode>
                  <HdcpAuth Min="0" Max="1">0</HdcpAuth>
                </Hdcp>
                <EDIDIn id="0">
                  <BitDepth LegalValues="1 2 3">3</BitDepth>
                  <EdidStatus Min="0" Max="4">0</EdidStatus>
                  <VideoFormat id="0">
                    <Name>1920x1080p @59.94</Name>
                    <HFreq>67433</HFreq>
                    <HSync Min="1" Max="192">88</HSync>
                    <HActive Min="0" Max="2024">1920</HActive>
                    <HFP Min="0" Max="192">88</HFP>
                    <HTotal Min="2096" Max="8191">2200</HTotal>
                    <VFreq Min="20" Max="75">59.9401</VFreq>
                    <VSync Min="1" Max="41">5</VSync>
                    <VActive Min="0" Max="1116">1080</VActive>
                    <VFP Min="0" Max="40">4</VFP>
                    <VTotal Min="1089" Max="8191">1125</VTotal>
                    <PixelClk>148.352</PixelClk>
                    <HSP Min="78" Max="80">80</HSP>
                    <VSP Min="78" Max="80">80</VSP>
                    <AR Min="0" Max="1000">1.77778</AR>
                    <Interlaced>80</Interlaced>
                    <VFType Min="0" Max="0">8</VFType>
                    <VFEnum Min="0" Max="4700">2708</VFEnum>
                    <VFStdFrom Min="0" Max="4">4</VFStdFrom>
                    <VFStdNum>16</VFStdNum>
                  </VideoFormat>
                </EDIDIn>
              </HDMIIn>
              <VideoFormat id="0">
                <Name>Empty</Name>
                <HFreq>0</HFreq>
                <HSync Min="1" Max="1">1</HSync>
                <HActive Min="0" Max="0">0</HActive>
                <HFP Min="0" Max="0">0</HFP>
                <HTotal Min="1" Max="8191">1</HTotal>
                <VFreq Min="20" Max="75">20</VFreq>
                <VSync Min="1" Max="1">1</VSync>
                <VActive Min="0" Max="0">0</VActive>
                <VFP Min="0" Max="0">0</VFP>
                <VTotal Min="1" Max="8191">1</VTotal>
                <PixelClk>0</PixelClk>
                <HSP Min="78" Max="80">80</HSP>
                <VSP Min="78" Max="80">80</VSP>
                <AR Min="0" Max="1000">0</AR>
                <Interlaced>80</Interlaced>
                <VFType Min="0" Max="0">0</VFType>
                <VFEnum Min="0" Max="4700">0</VFEnum>
                <VFStdFrom Min="0" Max="4">0</VFStdFrom>
                <VFStdNum>0</VFStdNum>
              </VideoFormat>
            </In>
            <In id="2">
              <AutoAcqMode Min="0" Max="1">1</AutoAcqMode>
              <Capacity LegalValues="0 1 2 4">1</Capacity>
              <ColorSpace LegalValues="-1 0 1">0</ColorSpace>
              <ColorRange LegalValues="0 1">0</ColorRange>
              <Sync Min="0" Max="2">0</Sync>
              <DPIn id="0">
                <Hdcp id="0">
                  <Mode Min="0" Max="1">0</Mode>
                  <HdcpAuth Min="0" Max="1">0</HdcpAuth>
                </Hdcp>
                <EDIDIn id="0">
                  <BitDepth LegalValues="1 2 3">2</BitDepth>
                  <EdidStatus Min="0" Max="4">0</EdidStatus>
                  <VideoFormat id="0">
                    <Name>1920x1080p @59.94</Name>
                    <HFreq>67433</HFreq>
                    <HSync Min="1" Max="192">88</HSync>
                    <HActive Min="0" Max="2024">1920</HActive>
                    <HFP Min="0" Max="192">88</HFP>
                    <HTotal Min="2096" Max="8191">2200</HTotal>
                    <VFreq Min="20" Max="75">59.9401</VFreq>
                    <VSync Min="1" Max="41">5</VSync>
                    <VActive Min="0" Max="1116">1080</VActive>
                    <VFP Min="0" Max="40">4</VFP>
                    <VTotal Min="1089" Max="8191">1125</VTotal>
                    <PixelClk>148.352</PixelClk>
                    <HSP Min="78" Max="80">80</HSP>
                    <VSP Min="78" Max="80">80</VSP>
                    <AR Min="0" Max="1000">1.77778</AR>
                    <Interlaced>80</Interlaced>
                    <VFType Min="0" Max="0">8</VFType>
                    <VFEnum Min="0" Max="4700">2708</VFEnum>
                    <VFStdFrom Min="0" Max="4">4</VFStdFrom>
                    <VFStdNum>16</VFStdNum>
                  </VideoFormat>
                </EDIDIn>
              </DPIn>
              <DVIIn id="0">
                <Hdcp id="0">
                  <Mode Min="0" Max="1">0</Mode>
                  <HdcpAuth Min="0" Max="1">0</HdcpAuth>
                </Hdcp>
                <EDIDIn id="0">
                  <BitDepth LegalValues="1">1</BitDepth>
                  <EdidStatus Min="0" Max="4">0</EdidStatus>
                  <VideoFormat id="0">
                    <Name>1920x1080p @59.94</Name>
                    <HFreq>67433</HFreq>
                    <HSync Min="1" Max="192">88</HSync>
                    <HActive Min="0" Max="2024">1920</HActive>
                    <HFP Min="0" Max="192">88</HFP>
                    <HTotal Min="2096" Max="8191">2200</HTotal>
                    <VFreq Min="20" Max="75">59.9401</VFreq>
                    <VSync Min="1" Max="41">5</VSync>
                    <VActive Min="0" Max="1116">1080</VActive>
                    <VFP Min="0" Max="40">4</VFP>
                    <VTotal Min="1089" Max="8191">1125</VTotal>
                    <PixelClk>148.352</PixelClk>
                    <HSP Min="78" Max="80">80</HSP>
                    <VSP Min="78" Max="80">80</VSP>
                    <AR Min="0" Max="1000">1.77778</AR>
                    <Interlaced>80</Interlaced>
                    <VFType Min="0" Max="0">8</VFType>
                    <VFEnum Min="0" Max="4700">2708</VFEnum>
                    <VFStdFrom Min="0" Max="4">4</VFStdFrom>
                    <VFStdNum>16</VFStdNum>
                  </VideoFormat>
                </EDIDIn>
              </DVIIn>
              <SDIIn id="0">
                <Type3G LegalValues="0 1 2 3">2</Type3G>
              </SDIIn>
              <HDMIIn id="0">
                <Hdcp id="0">
                  <Mode Min="0" Max="1">0</Mode>
                  <HdcpAuth Min="0" Max="1">0</HdcpAuth>
                </Hdcp>
                <EDIDIn id="0">
                  <BitDepth LegalValues="1 2 3">3</BitDepth>
                  <EdidStatus Min="0" Max="4">1</EdidStatus>
                  <VideoFormat id="0">
                    <Name>1920x1080p @59.94</Name>
                    <HFreq>67433</HFreq>
                    <HSync Min="1" Max="192">88</HSync>
                    <HActive Min="0" Max="2024">1920</HActive>
                    <HFP Min="0" Max="192">88</HFP>
                    <HTotal Min="2096" Max="8191">2200</HTotal>
                    <VFreq Min="20" Max="75">59.9401</VFreq>
                    <VSync Min="1" Max="41">5</VSync>
                    <VActive Min="0" Max="1116">1080</VActive>
                    <VFP Min="0" Max="40">4</VFP>
                    <VTotal Min="1089" Max="8191">1125</VTotal>
                    <PixelClk>148.352</PixelClk>
                    <HSP Min="78" Max="80">80</HSP>
                    <VSP Min="78" Max="80">80</VSP>
                    <AR Min="0" Max="1000">1.77778</AR>
                    <Interlaced>80</Interlaced>
                    <VFType Min="0" Max="0">8</VFType>
                    <VFEnum Min="0" Max="4700">2708</VFEnum>
                    <VFStdFrom Min="0" Max="4">4</VFStdFrom>
                    <VFStdNum>16</VFStdNum>
                  </VideoFormat>
                </EDIDIn>
              </HDMIIn>
              <VideoFormat id="0">
                <Name>Empty</Name>
                <HFreq>0</HFreq>
                <HSync Min="1" Max="1">1</HSync>
                <HActive Min="0" Max="0">0</HActive>
                <HFP Min="0" Max="0">0</HFP>
                <HTotal Min="1" Max="8191">1</HTotal>
                <VFreq Min="20" Max="75">20</VFreq>
                <VSync Min="1" Max="1">1</VSync>
                <VActive Min="0" Max="0">0</VActive>
                <VFP Min="0" Max="0">0</VFP>
                <VTotal Min="1" Max="8191">1</VTotal>
                <PixelClk>0</PixelClk>
                <HSP Min="78" Max="80">80</HSP>
                <VSP Min="78" Max="80">80</VSP>
                <AR Min="0" Max="1000">0</AR>
                <Interlaced>80</Interlaced>
                <VFType Min="0" Max="0">0</VFType>
                <VFEnum Min="0" Max="4700">0</VFEnum>
                <VFStdFrom Min="0" Max="4">0</VFStdFrom>
                <VFStdNum>0</VFStdNum>
              </VideoFormat>
            </In>
            <In id="3">
              <AutoAcqMode Min="0" Max="1">1</AutoAcqMode>
              <Capacity LegalValues="0 1 2 4">1</Capacity>
              <ColorSpace LegalValues="-1 0 1">0</ColorSpace>
              <ColorRange LegalValues="0 1">0</ColorRange>
              <Sync Min="0" Max="2">0</Sync>
              <DPIn id="0">
                <Hdcp id="0">
                  <Mode Min="0" Max="1">0</Mode>
                  <HdcpAuth Min="0" Max="1">0</HdcpAuth>
                </Hdcp>
                <EDIDIn id="0">
                  <BitDepth LegalValues="1 2 3">2</BitDepth>
                  <EdidStatus Min="0" Max="4">0</EdidStatus>
                  <VideoFormat id="0">
                    <Name>1920x1080p @59.94</Name>
                    <HFreq>67433</HFreq>
                    <HSync Min="1" Max="192">88</HSync>
                    <HActive Min="0" Max="2024">1920</HActive>
                    <HFP Min="0" Max="192">88</HFP>
                    <HTotal Min="2096" Max="8191">2200</HTotal>
                    <VFreq Min="20" Max="75">59.9401</VFreq>
                    <VSync Min="1" Max="41">5</VSync>
                    <VActive Min="0" Max="1116">1080</VActive>
                    <VFP Min="0" Max="40">4</VFP>
                    <VTotal Min="1089" Max="8191">1125</VTotal>
                    <PixelClk>148.352</PixelClk>
                    <HSP Min="78" Max="80">80</HSP>
                    <VSP Min="78" Max="80">80</VSP>
                    <AR Min="0" Max="1000">1.77778</AR>
                    <Interlaced>80</Interlaced>
                    <VFType Min="0" Max="0">8</VFType>
                    <VFEnum Min="0" Max="4700">2708</VFEnum>
                    <VFStdFrom Min="0" Max="4">4</VFStdFrom>
                    <VFStdNum>16</VFStdNum>
                  </VideoFormat>
                </EDIDIn>
              </DPIn>
              <DVIIn id="0">
                <Hdcp id="0">
                  <Mode Min="0" Max="1">0</Mode>
                  <HdcpAuth Min="0" Max="1">0</HdcpAuth>
                </Hdcp>
                <EDIDIn id="0">
                  <BitDepth LegalValues="1">1</BitDepth>
                  <EdidStatus Min="0" Max="4">0</EdidStatus>
                  <VideoFormat id="0">
                    <Name>1920x1080p @59.94</Name>
                    <HFreq>67433</HFreq>
                    <HSync Min="1" Max="192">88</HSync>
                    <HActive Min="0" Max="2024">1920</HActive>
                    <HFP Min="0" Max="192">88</HFP>
                    <HTotal Min="2096" Max="8191">2200</HTotal>
                    <VFreq Min="20" Max="75">59.9401</VFreq>
                    <VSync Min="1" Max="41">5</VSync>
                    <VActive Min="0" Max="1116">1080</VActive>
                    <VFP Min="0" Max="40">4</VFP>
                    <VTotal Min="1089" Max="8191">1125</VTotal>
                    <PixelClk>148.352</PixelClk>
                    <HSP Min="78" Max="80">80</HSP>
                    <VSP Min="78" Max="80">80</VSP>
                    <AR Min="0" Max="1000">1.77778</AR>
                    <Interlaced>80</Interlaced>
                    <VFType Min="0" Max="0">8</VFType>
                    <VFEnum Min="0" Max="4700">2708</VFEnum>
                    <VFStdFrom Min="0" Max="4">4</VFStdFrom>
                    <VFStdNum>16</VFStdNum>
                  </VideoFormat>
                </EDIDIn>
              </DVIIn>
              <SDIIn id="0">
                <Type3G LegalValues="0 1 2 3">2</Type3G>
              </SDIIn>
              <HDMIIn id="0">
                <Hdcp id="0">
                  <Mode Min="0" Max="1">0</Mode>
                  <HdcpAuth Min="0" Max="1">0</HdcpAuth>
                </Hdcp>
                <EDIDIn id="0">
                  <BitDepth LegalValues="1 2 3">3</BitDepth>
                  <EdidStatus Min="0" Max="4">1</EdidStatus>
                  <VideoFormat id="0">
                    <Name>1920x1080p @59.94</Name>
                    <HFreq>67433</HFreq>
                    <HSync Min="1" Max="192">88</HSync>
                    <HActive Min="0" Max="2024">1920</HActive>
                    <HFP Min="0" Max="192">88</HFP>
                    <HTotal Min="2096" Max="8191">2200</HTotal>
                    <VFreq Min="20" Max="75">59.9401</VFreq>
                    <VSync Min="1" Max="41">5</VSync>
                    <VActive Min="0" Max="1116">1080</VActive>
                    <VFP Min="0" Max="40">4</VFP>
                    <VTotal Min="1089" Max="8191">1125</VTotal>
                    <PixelClk>148.352</PixelClk>
                    <HSP Min="78" Max="80">80</HSP>
                    <VSP Min="78" Max="80">80</VSP>
                    <AR Min="0" Max="1000">1.77778</AR>
                    <Interlaced>80</Interlaced>
                    <VFType Min="0" Max="0">8</VFType>
                    <VFEnum Min="0" Max="4700">2708</VFEnum>
                    <VFStdFrom Min="0" Max="4">4</VFStdFrom>
                    <VFStdNum>16</VFStdNum>
                  </VideoFormat>
                </EDIDIn>
              </HDMIIn>
              <VideoFormat id="0">
                <Name>Empty</Name>
                <HFreq>0</HFreq>
                <HSync Min="1" Max="1">1</HSync>
                <HActive Min="0" Max="0">0</HActive>
                <HFP Min="0" Max="0">0</HFP>
                <HTotal Min="1" Max="8191">1</HTotal>
                <VFreq Min="20" Max="75">20</VFreq>
                <VSync Min="1" Max="1">1</VSync>
                <VActive Min="0" Max="0">0</VActive>
                <VFP Min="0" Max="0">0</VFP>
                <VTotal Min="1" Max="8191">1</VTotal>
                <PixelClk>0</PixelClk>
                <HSP Min="78" Max="80">80</HSP>
                <VSP Min="78" Max="80">80</VSP>
                <AR Min="0" Max="1000">0</AR>
                <Interlaced>80</Interlaced>
                <VFType Min="0" Max="0">0</VFType>
                <VFEnum Min="0" Max="4700">0</VFEnum>
                <VFStdFrom Min="0" Max="4">0</VFStdFrom>
                <VFStdNum>0</VFStdNum>
              </VideoFormat>
            </In>
          </CardIn>
        </Card>
      </Slot>
      <Slot id="7">
        <Card id="0">
          <CardStatus Min="0" Max="4">2</CardStatus>
          <CardType Min="0" Max="255">2</CardType>
          <CardID>Card7</CardID>
          <SlotIndex Min="-1" Max="23">7</SlotIndex>
          <CardIn id="0">
            <NumOfChan Min="0" Max="4">4</NumOfChan>
            <CapacityStatus Min="0" Max="1">0</CapacityStatus>
            <In id="0">
              <AutoAcqMode Min="0" Max="1">1</AutoAcqMode>
              <Capacity LegalValues="0 1 2 4">1</Capacity>
              <ColorSpace LegalValues="-1 0 1">0</ColorSpace>
              <ColorRange LegalValues="0 1">0</ColorRange>
              <Sync Min="0" Max="2">0</Sync>
              <DPIn id="0">
                <Hdcp id="0">
                  <Mode Min="0" Max="1">0</Mode>
                  <HdcpAuth Min="0" Max="1">0</HdcpAuth>
                </Hdcp>
                <EDIDIn id="0">
                  <BitDepth LegalValues="1 2 3">2</BitDepth>
                  <EdidStatus Min="0" Max="4">1</EdidStatus>
                  <VideoFormat id="0">
                    <Name>1920x1080p @59.94</Name>
                    <HFreq>67433</HFreq>
                    <HSync Min="1" Max="192">88</HSync>
                    <HActive Min="0" Max="2024">1920</HActive>
                    <HFP Min="0" Max="192">88</HFP>
                    <HTotal Min="2096" Max="8191">2200</HTotal>
                    <VFreq Min="20" Max="75">59.9401</VFreq>
                    <VSync Min="1" Max="41">5</VSync>
                    <VActive Min="0" Max="1116">1080</VActive>
                    <VFP Min="0" Max="40">4</VFP>
                    <VTotal Min="1089" Max="8191">1125</VTotal>
                    <PixelClk>148.352</PixelClk>
                    <HSP Min="78" Max="80">80</HSP>
                    <VSP Min="78" Max="80">80</VSP>
                    <AR Min="0" Max="1000">1.77778</AR>
                    <Interlaced>80</Interlaced>
                    <VFType Min="0" Max="0">8</VFType>
                    <VFEnum Min="0" Max="4700">2708</VFEnum>
                    <VFStdFrom Min="0" Max="4">4</VFStdFrom>
                    <VFStdNum>16</VFStdNum>
                  </VideoFormat>
                </EDIDIn>
              </DPIn>
              <DVIIn id="0">
                <Hdcp id="0">
                  <Mode Min="0" Max="1">0</Mode>
                  <HdcpAuth Min="0" Max="1">0</HdcpAuth>
                </Hdcp>
                <EDIDIn id="0">
                  <BitDepth LegalValues="1">1</BitDepth>
                  <EdidStatus Min="0" Max="4">0</EdidStatus>
                  <VideoFormat id="0">
                    <Name>1920x1080p @59.94</Name>
                    <HFreq>67433</HFreq>
                    <HSync Min="1" Max="192">88</HSync>
                    <HActive Min="0" Max="2024">1920</HActive>
                    <HFP Min="0" Max="192">88</HFP>
                    <HTotal Min="2096" Max="8191">2200</HTotal>
                    <VFreq Min="20" Max="75">59.9401</VFreq>
                    <VSync Min="1" Max="41">5</VSync>
                    <VActive Min="0" Max="1116">1080</VActive>
                    <VFP Min="0" Max="40">4</VFP>
                    <VTotal Min="1089" Max="8191">1125</VTotal>
                    <PixelClk>148.352</PixelClk>
                    <HSP Min="78" Max="80">80</HSP>
                    <VSP Min="78" Max="80">80</VSP>
                    <AR Min="0" Max="1000">1.77778</AR>
                    <Interlaced>80</Interlaced>
                    <VFType Min="0" Max="0">8</VFType>
                    <VFEnum Min="0" Max="4700">2708</VFEnum>
                    <VFStdFrom Min="0" Max="4">4</VFStdFrom>
                    <VFStdNum>16</VFStdNum>
                  </VideoFormat>
                </EDIDIn>
              </DVIIn>
              <SDIIn id="0">
                <Type3G LegalValues="0 1 2 3">2</Type3G>
              </SDIIn>
              <HDMIIn id="0">
                <Hdcp id="0">
                  <Mode Min="0" Max="1">0</Mode>
                  <HdcpAuth Min="0" Max="1">0</HdcpAuth>
                </Hdcp>
                <EDIDIn id="0">
                  <BitDepth LegalValues="1 2 3">3</BitDepth>
                  <EdidStatus Min="0" Max="4">0</EdidStatus>
                  <VideoFormat id="0">
                    <Name>1920x1080p @59.94</Name>
                    <HFreq>67433</HFreq>
                    <HSync Min="1" Max="192">88</HSync>
                    <HActive Min="0" Max="2024">1920</HActive>
                    <HFP Min="0" Max="192">88</HFP>
                    <HTotal Min="2096" Max="8191">2200</HTotal>
                    <VFreq Min="20" Max="75">59.9401</VFreq>
                    <VSync Min="1" Max="41">5</VSync>
                    <VActive Min="0" Max="1116">1080</VActive>
                    <VFP Min="0" Max="40">4</VFP>
                    <VTotal Min="1089" Max="8191">1125</VTotal>
                    <PixelClk>148.352</PixelClk>
                    <HSP Min="78" Max="80">80</HSP>
                    <VSP Min="78" Max="80">80</VSP>
                    <AR Min="0" Max="1000">1.77778</AR>
                    <Interlaced>80</Interlaced>
                    <VFType Min="0" Max="0">8</VFType>
                    <VFEnum Min="0" Max="4700">2708</VFEnum>
                    <VFStdFrom Min="0" Max="4">4</VFStdFrom>
                    <VFStdNum>16</VFStdNum>
                  </VideoFormat>
                </EDIDIn>
              </HDMIIn>
              <VideoFormat id="0">
                <Name>Empty</Name>
                <HFreq>0</HFreq>
                <HSync Min="1" Max="1">1</HSync>
                <HActive Min="0" Max="0">0</HActive>
                <HFP Min="0" Max="0">0</HFP>
                <HTotal Min="1" Max="8191">1</HTotal>
                <VFreq Min="20" Max="75">20</VFreq>
                <VSync Min="1" Max="1">1</VSync>
                <VActive Min="0" Max="0">0</VActive>
                <VFP Min="0" Max="0">0</VFP>
                <VTotal Min="1" Max="8191">1</VTotal>
                <PixelClk>0</PixelClk>
                <HSP Min="78" Max="80">80</HSP>
                <VSP Min="78" Max="80">80</VSP>
                <AR Min="0" Max="1000">0</AR>
                <Interlaced>80</Interlaced>
                <VFType Min="0" Max="0">0</VFType>
                <VFEnum Min="0" Max="4700">0</VFEnum>
                <VFStdFrom Min="0" Max="4">0</VFStdFrom>
                <VFStdNum>0</VFStdNum>
              </VideoFormat>
            </In>
            <In id="1">
              <AutoAcqMode Min="0" Max="1">1</AutoAcqMode>
              <Capacity LegalValues="0 1 2 4">1</Capacity>
              <ColorSpace LegalValues="-1 0 1">0</ColorSpace>
              <ColorRange LegalValues="0 1">0</ColorRange>
              <Sync Min="0" Max="2">0</Sync>
              <DPIn id="0">
                <Hdcp id="0">
                  <Mode Min="0" Max="1">0</Mode>
                  <HdcpAuth Min="0" Max="1">0</HdcpAuth>
                </Hdcp>
                <EDIDIn id="0">
                  <BitDepth LegalValues="1 2 3">2</BitDepth>
                  <EdidStatus Min="0" Max="4">1</EdidStatus>
                  <VideoFormat id="0">
                    <Name>1920x1080p @59.94</Name>
                    <HFreq>67433</HFreq>
                    <HSync Min="1" Max="192">88</HSync>
                    <HActive Min="0" Max="2024">1920</HActive>
                    <HFP Min="0" Max="192">88</HFP>
                    <HTotal Min="2096" Max="8191">2200</HTotal>
                    <VFreq Min="20" Max="75">59.9401</VFreq>
                    <VSync Min="1" Max="41">5</VSync>
                    <VActive Min="0" Max="1116">1080</VActive>
                    <VFP Min="0" Max="40">4</VFP>
                    <VTotal Min="1089" Max="8191">1125</VTotal>
                    <PixelClk>148.352</PixelClk>
                    <HSP Min="78" Max="80">80</HSP>
                    <VSP Min="78" Max="80">80</VSP>
                    <AR Min="0" Max="1000">1.77778</AR>
                    <Interlaced>80</Interlaced>
                    <VFType Min="0" Max="0">8</VFType>
                    <VFEnum Min="0" Max="4700">2708</VFEnum>
                    <VFStdFrom Min="0" Max="4">4</VFStdFrom>
                    <VFStdNum>16</VFStdNum>
                  </VideoFormat>
                </EDIDIn>
              </DPIn>
              <DVIIn id="0">
                <Hdcp id="0">
                  <Mode Min="0" Max="1">0</Mode>
                  <HdcpAuth Min="0" Max="1">0</HdcpAuth>
                </Hdcp>
                <EDIDIn id="0">
                  <BitDepth LegalValues="1">1</BitDepth>
                  <EdidStatus Min="0" Max="4">0</EdidStatus>
                  <VideoFormat id="0">
                    <Name>1920x1080p @59.94</Name>
                    <HFreq>67433</HFreq>
                    <HSync Min="1" Max="192">88</HSync>
                    <HActive Min="0" Max="2024">1920</HActive>
                    <HFP Min="0" Max="192">88</HFP>
                    <HTotal Min="2096" Max="8191">2200</HTotal>
                    <VFreq Min="20" Max="75">59.9401</VFreq>
                    <VSync Min="1" Max="41">5</VSync>
                    <VActive Min="0" Max="1116">1080</VActive>
                    <VFP Min="0" Max="40">4</VFP>
                    <VTotal Min="1089" Max="8191">1125</VTotal>
                    <PixelClk>148.352</PixelClk>
                    <HSP Min="78" Max="80">80</HSP>
                    <VSP Min="78" Max="80">80</VSP>
                    <AR Min="0" Max="1000">1.77778</AR>
                    <Interlaced>80</Interlaced>
                    <VFType Min="0" Max="0">8</VFType>
                    <VFEnum Min="0" Max="4700">2708</VFEnum>
                    <VFStdFrom Min="0" Max="4">4</VFStdFrom>
                    <VFStdNum>16</VFStdNum>
                  </VideoFormat>
                </EDIDIn>
              </DVIIn>
              <SDIIn id="0">
                <Type3G LegalValues="0 1 2 3">2</Type3G>
              </SDIIn>
              <HDMIIn id="0">
                <Hdcp id="0">
                  <Mode Min="0" Max="1">0</Mode>
                  <HdcpAuth Min="0" Max="1">0</HdcpAuth>
                </Hdcp>
                <EDIDIn id="0">
                  <BitDepth LegalValues="1 2 3">3</BitDepth>
                  <EdidStatus Min="0" Max="4">0</EdidStatus>
                  <VideoFormat id="0">
                    <Name>1920x1080p @59.94</Name>
                    <HFreq>67433</HFreq>
                    <HSync Min="1" Max="192">88</HSync>
                    <HActive Min="0" Max="2024">1920</HActive>
                    <HFP Min="0" Max="192">88</HFP>
                    <HTotal Min="2096" Max="8191">2200</HTotal>
                    <VFreq Min="20" Max="75">59.9401</VFreq>
                    <VSync Min="1" Max="41">5</VSync>
                    <VActive Min="0" Max="1116">1080</VActive>
                    <VFP Min="0" Max="40">4</VFP>
                    <VTotal Min="1089" Max="8191">1125</VTotal>
                    <PixelClk>148.352</PixelClk>
                    <HSP Min="78" Max="80">80</HSP>
                    <VSP Min="78" Max="80">80</VSP>
                    <AR Min="0" Max="1000">1.77778</AR>
                    <Interlaced>80</Interlaced>
                    <VFType Min="0" Max="0">8</VFType>
                    <VFEnum Min="0" Max="4700">2708</VFEnum>
                    <VFStdFrom Min="0" Max="4">4</VFStdFrom>
                    <VFStdNum>16</VFStdNum>
                  </VideoFormat>
                </EDIDIn>
              </HDMIIn>
              <VideoFormat id="0">
                <Name>Empty</Name>
                <HFreq>0</HFreq>
                <HSync Min="1" Max="1">1</HSync>
                <HActive Min="0" Max="0">0</HActive>
                <HFP Min="0" Max="0">0</HFP>
                <HTotal Min="1" Max="8191">1</HTotal>
                <VFreq Min="20" Max="75">20</VFreq>
                <VSync Min="1" Max="1">1</VSync>
                <VActive Min="0" Max="0">0</VActive>
                <VFP Min="0" Max="0">0</VFP>
                <VTotal Min="1" Max="8191">1</VTotal>
                <PixelClk>0</PixelClk>
                <HSP Min="78" Max="80">80</HSP>
                <VSP Min="78" Max="80">80</VSP>
                <AR Min="0" Max="1000">0</AR>
                <Interlaced>80</Interlaced>
                <VFType Min="0" Max="0">0</VFType>
                <VFEnum Min="0" Max="4700">0</VFEnum>
                <VFStdFrom Min="0" Max="4">0</VFStdFrom>
                <VFStdNum>0</VFStdNum>
              </VideoFormat>
            </In>
            <In id="2">
              <AutoAcqMode Min="0" Max="1">1</AutoAcqMode>
              <Capacity LegalValues="0 1 2 4">1</Capacity>
              <ColorSpace LegalValues="-1 0 1">0</ColorSpace>
              <ColorRange LegalValues="0 1">0</ColorRange>
              <Sync Min="0" Max="2">0</Sync>
              <DPIn id="0">
                <Hdcp id="0">
                  <Mode Min="0" Max="1">0</Mode>
                  <HdcpAuth Min="0" Max="1">0</HdcpAuth>
                </Hdcp>
                <EDIDIn id="0">
                  <BitDepth LegalValues="1 2 3">2</BitDepth>
                  <EdidStatus Min="0" Max="4">0</EdidStatus>
                  <VideoFormat id="0">
                    <Name>1920x1080p @59.94</Name>
                    <HFreq>67433</HFreq>
                    <HSync Min="1" Max="192">88</HSync>
                    <HActive Min="0" Max="2024">1920</HActive>
                    <HFP Min="0" Max="192">88</HFP>
                    <HTotal Min="2096" Max="8191">2200</HTotal>
                    <VFreq Min="20" Max="75">59.9401</VFreq>
                    <VSync Min="1" Max="41">5</VSync>
                    <VActive Min="0" Max="1116">1080</VActive>
                    <VFP Min="0" Max="40">4</VFP>
                    <VTotal Min="1089" Max="8191">1125</VTotal>
                    <PixelClk>148.352</PixelClk>
                    <HSP Min="78" Max="80">80</HSP>
                    <VSP Min="78" Max="80">80</VSP>
                    <AR Min="0" Max="1000">1.77778</AR>
                    <Interlaced>80</Interlaced>
                    <VFType Min="0" Max="0">8</VFType>
                    <VFEnum Min="0" Max="4700">2708</VFEnum>
                    <VFStdFrom Min="0" Max="4">4</VFStdFrom>
                    <VFStdNum>16</VFStdNum>
                  </VideoFormat>
                </EDIDIn>
              </DPIn>
              <DVIIn id="0">
                <Hdcp id="0">
                  <Mode Min="0" Max="1">0</Mode>
                  <HdcpAuth Min="0" Max="1">0</HdcpAuth>
                </Hdcp>
                <EDIDIn id="0">
                  <BitDepth LegalValues="1">1</BitDepth>
                  <EdidStatus Min="0" Max="4">0</EdidStatus>
                  <VideoFormat id="0">
                    <Name>1920x1080p @59.94</Name>
                    <HFreq>67433</HFreq>
                    <HSync Min="1" Max="192">88</HSync>
                    <HActive Min="0" Max="2024">1920</HActive>
                    <HFP Min="0" Max="192">88</HFP>
                    <HTotal Min="2096" Max="8191">2200</HTotal>
                    <VFreq Min="20" Max="75">59.9401</VFreq>
                    <VSync Min="1" Max="41">5</VSync>
                    <VActive Min="0" Max="1116">1080</VActive>
                    <VFP Min="0" Max="40">4</VFP>
                    <VTotal Min="1089" Max="8191">1125</VTotal>
                    <PixelClk>148.352</PixelClk>
                    <HSP Min="78" Max="80">80</HSP>
                    <VSP Min="78" Max="80">80</VSP>
                    <AR Min="0" Max="1000">1.77778</AR>
                    <Interlaced>80</Interlaced>
                    <VFType Min="0" Max="0">8</VFType>
                    <VFEnum Min="0" Max="4700">2708</VFEnum>
                    <VFStdFrom Min="0" Max="4">4</VFStdFrom>
                    <VFStdNum>16</VFStdNum>
                  </VideoFormat>
                </EDIDIn>
              </DVIIn>
              <SDIIn id="0">
                <Type3G LegalValues="0 1 2 3">2</Type3G>
              </SDIIn>
              <HDMIIn id="0">
                <Hdcp id="0">
                  <Mode Min="0" Max="1">0</Mode>
                  <HdcpAuth Min="0" Max="1">0</HdcpAuth>
                </Hdcp>
                <EDIDIn id="0">
                  <BitDepth LegalValues="1 2 3">3</BitDepth>
                  <EdidStatus Min="0" Max="4">1</EdidStatus>
                  <VideoFormat id="0">
                    <Name>1920x1080p @59.94</Name>
                    <HFreq>67433</HFreq>
                    <HSync Min="1" Max="192">88</HSync>
                    <HActive Min="0" Max="2024">1920</HActive>
                    <HFP Min="0" Max="192">88</HFP>
                    <HTotal Min="2096" Max="8191">2200</HTotal>
                    <VFreq Min="20" Max="75">59.9401</VFreq>
                    <VSync Min="1" Max="41">5</VSync>
                    <VActive Min="0" Max="1116">1080</VActive>
                    <VFP Min="0" Max="40">4</VFP>
                    <VTotal Min="1089" Max="8191">1125</VTotal>
                    <PixelClk>148.352</PixelClk>
                    <HSP Min="78" Max="80">80</HSP>
                    <VSP Min="78" Max="80">80</VSP>
                    <AR Min="0" Max="1000">1.77778</AR>
                    <Interlaced>80</Interlaced>
                    <VFType Min="0" Max="0">8</VFType>
                    <VFEnum Min="0" Max="4700">2708</VFEnum>
                    <VFStdFrom Min="0" Max="4">4</VFStdFrom>
                    <VFStdNum>16</VFStdNum>
                  </VideoFormat>
                </EDIDIn>
              </HDMIIn>
              <VideoFormat id="0">
                <Name>Empty</Name>
                <HFreq>0</HFreq>
                <HSync Min="1" Max="1">1</HSync>
                <HActive Min="0" Max="0">0</HActive>
                <HFP Min="0" Max="0">0</HFP>
                <HTotal Min="1" Max="8191">1</HTotal>
                <VFreq Min="20" Max="75">20</VFreq>
                <VSync Min="1" Max="1">1</VSync>
                <VActive Min="0" Max="0">0</VActive>
                <VFP Min="0" Max="0">0</VFP>
                <VTotal Min="1" Max="8191">1</VTotal>
                <PixelClk>0</PixelClk>
                <HSP Min="78" Max="80">80</HSP>
                <VSP Min="78" Max="80">80</VSP>
                <AR Min="0" Max="1000">0</AR>
                <Interlaced>80</Interlaced>
                <VFType Min="0" Max="0">0</VFType>
                <VFEnum Min="0" Max="4700">0</VFEnum>
                <VFStdFrom Min="0" Max="4">0</VFStdFrom>
                <VFStdNum>0</VFStdNum>
              </VideoFormat>
            </In>
            <In id="3">
              <AutoAcqMode Min="0" Max="1">1</AutoAcqMode>
              <Capacity LegalValues="0 1 2 4">1</Capacity>
              <ColorSpace LegalValues="-1 0 1">0</ColorSpace>
              <ColorRange LegalValues="0 1">0</ColorRange>
              <Sync Min="0" Max="2">0</Sync>
              <DPIn id="0">
                <Hdcp id="0">
                  <Mode Min="0" Max="1">0</Mode>
                  <HdcpAuth Min="0" Max="1">0</HdcpAuth>
                </Hdcp>
                <EDIDIn id="0">
                  <BitDepth LegalValues="1 2 3">2</BitDepth>
                  <EdidStatus Min="0" Max="4">0</EdidStatus>
                  <VideoFormat id="0">
                    <Name>1920x1080p @59.94</Name>
                    <HFreq>67433</HFreq>
                    <HSync Min="1" Max="192">88</HSync>
                    <HActive Min="0" Max="2024">1920</HActive>
                    <HFP Min="0" Max="192">88</HFP>
                    <HTotal Min="2096" Max="8191">2200</HTotal>
                    <VFreq Min="20" Max="75">59.9401</VFreq>
                    <VSync Min="1" Max="41">5</VSync>
                    <VActive Min="0" Max="1116">1080</VActive>
                    <VFP Min="0" Max="40">4</VFP>
                    <VTotal Min="1089" Max="8191">1125</VTotal>
                    <PixelClk>148.352</PixelClk>
                    <HSP Min="78" Max="80">80</HSP>
                    <VSP Min="78" Max="80">80</VSP>
                    <AR Min="0" Max="1000">1.77778</AR>
                    <Interlaced>80</Interlaced>
                    <VFType Min="0" Max="0">8</VFType>
                    <VFEnum Min="0" Max="4700">2708</VFEnum>
                    <VFStdFrom Min="0" Max="4">4</VFStdFrom>
                    <VFStdNum>16</VFStdNum>
                  </VideoFormat>
                </EDIDIn>
              </DPIn>
              <DVIIn id="0">
                <Hdcp id="0">
                  <Mode Min="0" Max="1">0</Mode>
                  <HdcpAuth Min="0" Max="1">0</HdcpAuth>
                </Hdcp>
                <EDIDIn id="0">
                  <BitDepth LegalValues="1">1</BitDepth>
                  <EdidStatus Min="0" Max="4">0</EdidStatus>
                  <VideoFormat id="0">
                    <Name>1920x1080p @59.94</Name>
                    <HFreq>67433</HFreq>
                    <HSync Min="1" Max="192">88</HSync>
                    <HActive Min="0" Max="2024">1920</HActive>
                    <HFP Min="0" Max="192">88</HFP>
                    <HTotal Min="2096" Max="8191">2200</HTotal>
                    <VFreq Min="20" Max="75">59.9401</VFreq>
                    <VSync Min="1" Max="41">5</VSync>
                    <VActive Min="0" Max="1116">1080</VActive>
                    <VFP Min="0" Max="40">4</VFP>
                    <VTotal Min="1089" Max="8191">1125</VTotal>
                    <PixelClk>148.352</PixelClk>
                    <HSP Min="78" Max="80">80</HSP>
                    <VSP Min="78" Max="80">80</VSP>
                    <AR Min="0" Max="1000">1.77778</AR>
                    <Interlaced>80</Interlaced>
                    <VFType Min="0" Max="0">8</VFType>
                    <VFEnum Min="0" Max="4700">2708</VFEnum>
                    <VFStdFrom Min="0" Max="4">4</VFStdFrom>
                    <VFStdNum>16</VFStdNum>
                  </VideoFormat>
                </EDIDIn>
              </DVIIn>
              <SDIIn id="0">
                <Type3G LegalValues="0 1 2 3">2</Type3G>
              </SDIIn>
              <HDMIIn id="0">
                <Hdcp id="0">
                  <Mode Min="0" Max="1">0</Mode>
                  <HdcpAuth Min="0" Max="1">0</HdcpAuth>
                </Hdcp>
                <EDIDIn id="0">
                  <BitDepth LegalValues="1 2 3">3</BitDepth>
                  <EdidStatus Min="0" Max="4">1</EdidStatus>
                  <VideoFormat id="0">
                    <Name>1920x1080p @59.94</Name>
                    <HFreq>67433</HFreq>
                    <HSync Min="1" Max="192">88</HSync>
                    <HActive Min="0" Max="2024">1920</HActive>
                    <HFP Min="0" Max="192">88</HFP>
                    <HTotal Min="2096" Max="8191">2200</HTotal>
                    <VFreq Min="20" Max="75">59.9401</VFreq>
                    <VSync Min="1" Max="41">5</VSync>
                    <VActive Min="0" Max="1116">1080</VActive>
                    <VFP Min="0" Max="40">4</VFP>
                    <VTotal Min="1089" Max="8191">1125</VTotal>
                    <PixelClk>148.352</PixelClk>
                    <HSP Min="78" Max="80">80</HSP>
                    <VSP Min="78" Max="80">80</VSP>
                    <AR Min="0" Max="1000">1.77778</AR>
                    <Interlaced>80</Interlaced>
                    <VFType Min="0" Max="0">8</VFType>
                    <VFEnum Min="0" Max="4700">2708</VFEnum>
                    <VFStdFrom Min="0" Max="4">4</VFStdFrom>
                    <VFStdNum>16</VFStdNum>
                  </VideoFormat>
                </EDIDIn>
              </HDMIIn>
              <VideoFormat id="0">
                <Name>Empty</Name>
                <HFreq>0</HFreq>
                <HSync Min="1" Max="1">1</HSync>
                <HActive Min="0" Max="0">0</HActive>
                <HFP Min="0" Max="0">0</HFP>
                <HTotal Min="1" Max="8191">1</HTotal>
                <VFreq Min="20" Max="75">20</VFreq>
                <VSync Min="1" Max="1">1</VSync>
                <VActive Min="0" Max="0">0</VActive>
                <VFP Min="0" Max="0">0</VFP>
                <VTotal Min="1" Max="8191">1</VTotal>
                <PixelClk>0</PixelClk>
                <HSP Min="78" Max="80">80</HSP>
                <VSP Min="78" Max="80">80</VSP>
                <AR Min="0" Max="1000">0</AR>
                <Interlaced>80</Interlaced>
                <VFType Min="0" Max="0">0</VFType>
                <VFEnum Min="0" Max="4700">0</VFEnum>
                <VFStdFrom Min="0" Max="4">0</VFStdFrom>
                <VFStdNum>0</VFStdNum>
              </VideoFormat>
            </In>
          </CardIn>
        </Card>
      </Slot>
      <Slot id="8">
        <Card id="0">
          <CardStatus Min="0" Max="4">2</CardStatus>
          <CardType Min="0" Max="255">2</CardType>
          <CardID>Card8</CardID>
          <SlotIndex Min="-1" Max="23">8</SlotIndex>
          <CardIn id="0">
            <NumOfChan Min="0" Max="4">4</NumOfChan>
            <CapacityStatus Min="0" Max="1">0</CapacityStatus>
            <In id="0">
              <AutoAcqMode Min="0" Max="1">1</AutoAcqMode>
              <Capacity LegalValues="0 1 2 4">1</Capacity>
              <ColorSpace LegalValues="-1 0 1">0</ColorSpace>
              <ColorRange LegalValues="0 1">0</ColorRange>
              <Sync Min="0" Max="2">0</Sync>
              <DPIn id="0">
                <Hdcp id="0">
                  <Mode Min="0" Max="1">0</Mode>
                  <HdcpAuth Min="0" Max="1">0</HdcpAuth>
                </Hdcp>
                <EDIDIn id="0">
                  <BitDepth LegalValues="1 2 3">2</BitDepth>
                  <EdidStatus Min="0" Max="4">1</EdidStatus>
                  <VideoFormat id="0">
                    <Name>1920x1080p @59.94</Name>
                    <HFreq>67433</HFreq>
                    <HSync Min="1" Max="192">88</HSync>
                    <HActive Min="0" Max="2024">1920</HActive>
                    <HFP Min="0" Max="192">88</HFP>
                    <HTotal Min="2096" Max="8191">2200</HTotal>
                    <VFreq Min="20" Max="75">59.9401</VFreq>
                    <VSync Min="1" Max="41">5</VSync>
                    <VActive Min="0" Max="1116">1080</VActive>
                    <VFP Min="0" Max="40">4</VFP>
                    <VTotal Min="1089" Max="8191">1125</VTotal>
                    <PixelClk>148.352</PixelClk>
                    <HSP Min="78" Max="80">80</HSP>
                    <VSP Min="78" Max="80">80</VSP>
                    <AR Min="0" Max="1000">1.77778</AR>
                    <Interlaced>80</Interlaced>
                    <VFType Min="0" Max="0">8</VFType>
                    <VFEnum Min="0" Max="4700">2708</VFEnum>
                    <VFStdFrom Min="0" Max="4">4</VFStdFrom>
                    <VFStdNum>16</VFStdNum>
                  </VideoFormat>
                </EDIDIn>
              </DPIn>
              <DVIIn id="0">
                <Hdcp id="0">
                  <Mode Min="0" Max="1">0</Mode>
                  <HdcpAuth Min="0" Max="1">0</HdcpAuth>
                </Hdcp>
                <EDIDIn id="0">
                  <BitDepth LegalValues="1">1</BitDepth>
                  <EdidStatus Min="0" Max="4">0</EdidStatus>
                  <VideoFormat id="0">
                    <Name>1920x1080p @59.94</Name>
                    <HFreq>67433</HFreq>
                    <HSync Min="1" Max="192">88</HSync>
                    <HActive Min="0" Max="2024">1920</HActive>
                    <HFP Min="0" Max="192">88</HFP>
                    <HTotal Min="2096" Max="8191">2200</HTotal>
                    <VFreq Min="20" Max="75">59.9401</VFreq>
                    <VSync Min="1" Max="41">5</VSync>
                    <VActive Min="0" Max="1116">1080</VActive>
                    <VFP Min="0" Max="40">4</VFP>
                    <VTotal Min="1089" Max="8191">1125</VTotal>
                    <PixelClk>148.352</PixelClk>
                    <HSP Min="78" Max="80">80</HSP>
                    <VSP Min="78" Max="80">80</VSP>
                    <AR Min="0" Max="1000">1.77778</AR>
                    <Interlaced>80</Interlaced>
                    <VFType Min="0" Max="0">8</VFType>
                    <VFEnum Min="0" Max="4700">2708</VFEnum>
                    <VFStdFrom Min="0" Max="4">4</VFStdFrom>
                    <VFStdNum>16</VFStdNum>
                  </VideoFormat>
                </EDIDIn>
              </DVIIn>
              <SDIIn id="0">
                <Type3G LegalValues="0 1 2 3">2</Type3G>
              </SDIIn>
              <HDMIIn id="0">
                <Hdcp id="0">
                  <Mode Min="0" Max="1">0</Mode>
                  <HdcpAuth Min="0" Max="1">0</HdcpAuth>
                </Hdcp>
                <EDIDIn id="0">
                  <BitDepth LegalValues="1 2 3">3</BitDepth>
                  <EdidStatus Min="0" Max="4">0</EdidStatus>
                  <VideoFormat id="0">
                    <Name>1920x1080p @59.94</Name>
                    <HFreq>67433</HFreq>
                    <HSync Min="1" Max="192">88</HSync>
                    <HActive Min="0" Max="2024">1920</HActive>
                    <HFP Min="0" Max="192">88</HFP>
                    <HTotal Min="2096" Max="8191">2200</HTotal>
                    <VFreq Min="20" Max="75">59.9401</VFreq>
                    <VSync Min="1" Max="41">5</VSync>
                    <VActive Min="0" Max="1116">1080</VActive>
                    <VFP Min="0" Max="40">4</VFP>
                    <VTotal Min="1089" Max="8191">1125</VTotal>
                    <PixelClk>148.352</PixelClk>
                    <HSP Min="78" Max="80">80</HSP>
                    <VSP Min="78" Max="80">80</VSP>
                    <AR Min="0" Max="1000">1.77778</AR>
                    <Interlaced>80</Interlaced>
                    <VFType Min="0" Max="0">8</VFType>
                    <VFEnum Min="0" Max="4700">2708</VFEnum>
                    <VFStdFrom Min="0" Max="4">4</VFStdFrom>
                    <VFStdNum>16</VFStdNum>
                  </VideoFormat>
                </EDIDIn>
              </HDMIIn>
              <VideoFormat id="0">
                <Name>Empty</Name>
                <HFreq>0</HFreq>
                <HSync Min="1" Max="1">1</HSync>
                <HActive Min="0" Max="0">0</HActive>
                <HFP Min="0" Max="0">0</HFP>
                <HTotal Min="1" Max="8191">1</HTotal>
                <VFreq Min="20" Max="75">20</VFreq>
                <VSync Min="1" Max="1">1</VSync>
                <VActive Min="0" Max="0">0</VActive>
                <VFP Min="0" Max="0">0</VFP>
                <VTotal Min="1" Max="8191">1</VTotal>
                <PixelClk>0</PixelClk>
                <HSP Min="78" Max="80">80</HSP>
                <VSP Min="78" Max="80">80</VSP>
                <AR Min="0" Max="1000">0</AR>
                <Interlaced>80</Interlaced>
                <VFType Min="0" Max="0">0</VFType>
                <VFEnum Min="0" Max="4700">0</VFEnum>
                <VFStdFrom Min="0" Max="4">0</VFStdFrom>
                <VFStdNum>0</VFStdNum>
              </VideoFormat>
            </In>
            <In id="1">
              <AutoAcqMode Min="0" Max="1">1</AutoAcqMode>
              <Capacity LegalValues="0 1 2 4">1</Capacity>
              <ColorSpace LegalValues="-1 0 1">0</ColorSpace>
              <ColorRange LegalValues="0 1">0</ColorRange>
              <Sync Min="0" Max="2">0</Sync>
              <DPIn id="0">
                <Hdcp id="0">
                  <Mode Min="0" Max="1">0</Mode>
                  <HdcpAuth Min="0" Max="1">0</HdcpAuth>
                </Hdcp>
                <EDIDIn id="0">
                  <BitDepth LegalValues="1 2 3">2</BitDepth>
                  <EdidStatus Min="0" Max="4">1</EdidStatus>
                  <VideoFormat id="0">
                    <Name>1920x1080p @59.94</Name>
                    <HFreq>67433</HFreq>
                    <HSync Min="1" Max="192">88</HSync>
                    <HActive Min="0" Max="2024">1920</HActive>
                    <HFP Min="0" Max="192">88</HFP>
                    <HTotal Min="2096" Max="8191">2200</HTotal>
                    <VFreq Min="20" Max="75">59.9401</VFreq>
                    <VSync Min="1" Max="41">5</VSync>
                    <VActive Min="0" Max="1116">1080</VActive>
                    <VFP Min="0" Max="40">4</VFP>
                    <VTotal Min="1089" Max="8191">1125</VTotal>
                    <PixelClk>148.352</PixelClk>
                    <HSP Min="78" Max="80">80</HSP>
                    <VSP Min="78" Max="80">80</VSP>
                    <AR Min="0" Max="1000">1.77778</AR>
                    <Interlaced>80</Interlaced>
                    <VFType Min="0" Max="0">8</VFType>
                    <VFEnum Min="0" Max="4700">2708</VFEnum>
                    <VFStdFrom Min="0" Max="4">4</VFStdFrom>
                    <VFStdNum>16</VFStdNum>
                  </VideoFormat>
                </EDIDIn>
              </DPIn>
              <DVIIn id="0">
                <Hdcp id="0">
                  <Mode Min="0" Max="1">0</Mode>
                  <HdcpAuth Min="0" Max="1">0</HdcpAuth>
                </Hdcp>
                <EDIDIn id="0">
                  <BitDepth LegalValues="1">1</BitDepth>
                  <EdidStatus Min="0" Max="4">0</EdidStatus>
                  <VideoFormat id="0">
                    <Name>1920x1080p @59.94</Name>
                    <HFreq>67433</HFreq>
                    <HSync Min="1" Max="192">88</HSync>
                    <HActive Min="0" Max="2024">1920</HActive>
                    <HFP Min="0" Max="192">88</HFP>
                    <HTotal Min="2096" Max="8191">2200</HTotal>
                    <VFreq Min="20" Max="75">59.9401</VFreq>
                    <VSync Min="1" Max="41">5</VSync>
                    <VActive Min="0" Max="1116">1080</VActive>
                    <VFP Min="0" Max="40">4</VFP>
                    <VTotal Min="1089" Max="8191">1125</VTotal>
                    <PixelClk>148.352</PixelClk>
                    <HSP Min="78" Max="80">80</HSP>
                    <VSP Min="78" Max="80">80</VSP>
                    <AR Min="0" Max="1000">1.77778</AR>
                    <Interlaced>80</Interlaced>
                    <VFType Min="0" Max="0">8</VFType>
                    <VFEnum Min="0" Max="4700">2708</VFEnum>
                    <VFStdFrom Min="0" Max="4">4</VFStdFrom>
                    <VFStdNum>16</VFStdNum>
                  </VideoFormat>
                </EDIDIn>
              </DVIIn>
              <SDIIn id="0">
                <Type3G LegalValues="0 1 2 3">2</Type3G>
              </SDIIn>
              <HDMIIn id="0">
                <Hdcp id="0">
                  <Mode Min="0" Max="1">0</Mode>
                  <HdcpAuth Min="0" Max="1">0</HdcpAuth>
                </Hdcp>
                <EDIDIn id="0">
                  <BitDepth LegalValues="1 2 3">3</BitDepth>
                  <EdidStatus Min="0" Max="4">0</EdidStatus>
                  <VideoFormat id="0">
                    <Name>1920x1080p @59.94</Name>
                    <HFreq>67433</HFreq>
                    <HSync Min="1" Max="192">88</HSync>
                    <HActive Min="0" Max="2024">1920</HActive>
                    <HFP Min="0" Max="192">88</HFP>
                    <HTotal Min="2096" Max="8191">2200</HTotal>
                    <VFreq Min="20" Max="75">59.9401</VFreq>
                    <VSync Min="1" Max="41">5</VSync>
                    <VActive Min="0" Max="1116">1080</VActive>
                    <VFP Min="0" Max="40">4</VFP>
                    <VTotal Min="1089" Max="8191">1125</VTotal>
                    <PixelClk>148.352</PixelClk>
                    <HSP Min="78" Max="80">80</HSP>
                    <VSP Min="78" Max="80">80</VSP>
                    <AR Min="0" Max="1000">1.77778</AR>
                    <Interlaced>80</Interlaced>
                    <VFType Min="0" Max="0">8</VFType>
                    <VFEnum Min="0" Max="4700">2708</VFEnum>
                    <VFStdFrom Min="0" Max="4">4</VFStdFrom>
                    <VFStdNum>16</VFStdNum>
                  </VideoFormat>
                </EDIDIn>
              </HDMIIn>
              <VideoFormat id="0">
                <Name>Empty</Name>
                <HFreq>0</HFreq>
                <HSync Min="1" Max="1">1</HSync>
                <HActive Min="0" Max="0">0</HActive>
                <HFP Min="0" Max="0">0</HFP>
                <HTotal Min="1" Max="8191">1</HTotal>
                <VFreq Min="20" Max="75">20</VFreq>
                <VSync Min="1" Max="1">1</VSync>
                <VActive Min="0" Max="0">0</VActive>
                <VFP Min="0" Max="0">0</VFP>
                <VTotal Min="1" Max="8191">1</VTotal>
                <PixelClk>0</PixelClk>
                <HSP Min="78" Max="80">80</HSP>
                <VSP Min="78" Max="80">80</VSP>
                <AR Min="0" Max="1000">0</AR>
                <Interlaced>80</Interlaced>
                <VFType Min="0" Max="0">0</VFType>
                <VFEnum Min="0" Max="4700">0</VFEnum>
                <VFStdFrom Min="0" Max="4">0</VFStdFrom>
                <VFStdNum>0</VFStdNum>
              </VideoFormat>
            </In>
            <In id="2">
              <AutoAcqMode Min="0" Max="1">1</AutoAcqMode>
              <Capacity LegalValues="0 1 2 4">1</Capacity>
              <ColorSpace LegalValues="-1 0 1">0</ColorSpace>
              <ColorRange LegalValues="0 1">0</ColorRange>
              <Sync Min="0" Max="2">0</Sync>
              <DPIn id="0">
                <Hdcp id="0">
                  <Mode Min="0" Max="1">0</Mode>
                  <HdcpAuth Min="0" Max="1">0</HdcpAuth>
                </Hdcp>
                <EDIDIn id="0">
                  <BitDepth LegalValues="1 2 3">2</BitDepth>
                  <EdidStatus Min="0" Max="4">0</EdidStatus>
                  <VideoFormat id="0">
                    <Name>1920x1080p @59.94</Name>
                    <HFreq>67433</HFreq>
                    <HSync Min="1" Max="192">88</HSync>
                    <HActive Min="0" Max="2024">1920</HActive>
                    <HFP Min="0" Max="192">88</HFP>
                    <HTotal Min="2096" Max="8191">2200</HTotal>
                    <VFreq Min="20" Max="75">59.9401</VFreq>
                    <VSync Min="1" Max="41">5</VSync>
                    <VActive Min="0" Max="1116">1080</VActive>
                    <VFP Min="0" Max="40">4</VFP>
                    <VTotal Min="1089" Max="8191">1125</VTotal>
                    <PixelClk>148.352</PixelClk>
                    <HSP Min="78" Max="80">80</HSP>
                    <VSP Min="78" Max="80">80</VSP>
                    <AR Min="0" Max="1000">1.77778</AR>
                    <Interlaced>80</Interlaced>
                    <VFType Min="0" Max="0">8</VFType>
                    <VFEnum Min="0" Max="4700">2708</VFEnum>
                    <VFStdFrom Min="0" Max="4">4</VFStdFrom>
                    <VFStdNum>16</VFStdNum>
                  </VideoFormat>
                </EDIDIn>
              </DPIn>
              <DVIIn id="0">
                <Hdcp id="0">
                  <Mode Min="0" Max="1">0</Mode>
                  <HdcpAuth Min="0" Max="1">0</HdcpAuth>
                </Hdcp>
                <EDIDIn id="0">
                  <BitDepth LegalValues="1">1</BitDepth>
                  <EdidStatus Min="0" Max="4">0</EdidStatus>
                  <VideoFormat id="0">
                    <Name>1920x1080p @59.94</Name>
                    <HFreq>67433</HFreq>
                    <HSync Min="1" Max="192">88</HSync>
                    <HActive Min="0" Max="2024">1920</HActive>
                    <HFP Min="0" Max="192">88</HFP>
                    <HTotal Min="2096" Max="8191">2200</HTotal>
                    <VFreq Min="20" Max="75">59.9401</VFreq>
                    <VSync Min="1" Max="41">5</VSync>
                    <VActive Min="0" Max="1116">1080</VActive>
                    <VFP Min="0" Max="40">4</VFP>
                    <VTotal Min="1089" Max="8191">1125</VTotal>
                    <PixelClk>148.352</PixelClk>
                    <HSP Min="78" Max="80">80</HSP>
                    <VSP Min="78" Max="80">80</VSP>
                    <AR Min="0" Max="1000">1.77778</AR>
                    <Interlaced>80</Interlaced>
                    <VFType Min="0" Max="0">8</VFType>
                    <VFEnum Min="0" Max="4700">2708</VFEnum>
                    <VFStdFrom Min="0" Max="4">4</VFStdFrom>
                    <VFStdNum>16</VFStdNum>
                  </VideoFormat>
                </EDIDIn>
              </DVIIn>
              <SDIIn id="0">
                <Type3G LegalValues="0 1 2 3">2</Type3G>
              </SDIIn>
              <HDMIIn id="0">
                <Hdcp id="0">
                  <Mode Min="0" Max="1">0</Mode>
                  <HdcpAuth Min="0" Max="1">0</HdcpAuth>
                </Hdcp>
                <EDIDIn id="0">
                  <BitDepth LegalValues="1 2 3">3</BitDepth>
                  <EdidStatus Min="0" Max="4">1</EdidStatus>
                  <VideoFormat id="0">
                    <Name>1920x1080p @59.94</Name>
                    <HFreq>67433</HFreq>
                    <HSync Min="1" Max="192">88</HSync>
                    <HActive Min="0" Max="2024">1920</HActive>
                    <HFP Min="0" Max="192">88</HFP>
                    <HTotal Min="2096" Max="8191">2200</HTotal>
                    <VFreq Min="20" Max="75">59.9401</VFreq>
                    <VSync Min="1" Max="41">5</VSync>
                    <VActive Min="0" Max="1116">1080</VActive>
                    <VFP Min="0" Max="40">4</VFP>
                    <VTotal Min="1089" Max="8191">1125</VTotal>
                    <PixelClk>148.352</PixelClk>
                    <HSP Min="78" Max="80">80</HSP>
                    <VSP Min="78" Max="80">80</VSP>
                    <AR Min="0" Max="1000">1.77778</AR>
                    <Interlaced>80</Interlaced>
                    <VFType Min="0" Max="0">8</VFType>
                    <VFEnum Min="0" Max="4700">2708</VFEnum>
                    <VFStdFrom Min="0" Max="4">4</VFStdFrom>
                    <VFStdNum>16</VFStdNum>
                  </VideoFormat>
                </EDIDIn>
              </HDMIIn>
              <VideoFormat id="0">
                <Name>Empty</Name>
                <HFreq>0</HFreq>
                <HSync Min="1" Max="1">1</HSync>
                <HActive Min="0" Max="0">0</HActive>
                <HFP Min="0" Max="0">0</HFP>
                <HTotal Min="1" Max="8191">1</HTotal>
                <VFreq Min="20" Max="75">20</VFreq>
                <VSync Min="1" Max="1">1</VSync>
                <VActive Min="0" Max="0">0</VActive>
                <VFP Min="0" Max="0">0</VFP>
                <VTotal Min="1" Max="8191">1</VTotal>
                <PixelClk>0</PixelClk>
                <HSP Min="78" Max="80">80</HSP>
                <VSP Min="78" Max="80">80</VSP>
                <AR Min="0" Max="1000">0</AR>
                <Interlaced>80</Interlaced>
                <VFType Min="0" Max="0">0</VFType>
                <VFEnum Min="0" Max="4700">0</VFEnum>
                <VFStdFrom Min="0" Max="4">0</VFStdFrom>
                <VFStdNum>0</VFStdNum>
              </VideoFormat>
            </In>
            <In id="3">
              <AutoAcqMode Min="0" Max="1">1</AutoAcqMode>
              <Capacity LegalValues="0 1 2 4">1</Capacity>
              <ColorSpace LegalValues="-1 0 1">0</ColorSpace>
              <ColorRange LegalValues="0 1">0</ColorRange>
              <Sync Min="0" Max="2">0</Sync>
              <DPIn id="0">
                <Hdcp id="0">
                  <Mode Min="0" Max="1">0</Mode>
                  <HdcpAuth Min="0" Max="1">0</HdcpAuth>
                </Hdcp>
                <EDIDIn id="0">
                  <BitDepth LegalValues="1 2 3">2</BitDepth>
                  <EdidStatus Min="0" Max="4">0</EdidStatus>
                  <VideoFormat id="0">
                    <Name>1920x1080p @59.94</Name>
                    <HFreq>67433</HFreq>
                    <HSync Min="1" Max="192">88</HSync>
                    <HActive Min="0" Max="2024">1920</HActive>
                    <HFP Min="0" Max="192">88</HFP>
                    <HTotal Min="2096" Max="8191">2200</HTotal>
                    <VFreq Min="20" Max="75">59.9401</VFreq>
                    <VSync Min="1" Max="41">5</VSync>
                    <VActive Min="0" Max="1116">1080</VActive>
                    <VFP Min="0" Max="40">4</VFP>
                    <VTotal Min="1089" Max="8191">1125</VTotal>
                    <PixelClk>148.352</PixelClk>
                    <HSP Min="78" Max="80">80</HSP>
                    <VSP Min="78" Max="80">80</VSP>
                    <AR Min="0" Max="1000">1.77778</AR>
                    <Interlaced>80</Interlaced>
                    <VFType Min="0" Max="0">8</VFType>
                    <VFEnum Min="0" Max="4700">2708</VFEnum>
                    <VFStdFrom Min="0" Max="4">4</VFStdFrom>
                    <VFStdNum>16</VFStdNum>
                  </VideoFormat>
                </EDIDIn>
              </DPIn>
              <DVIIn id="0">
                <Hdcp id="0">
                  <Mode Min="0" Max="1">0</Mode>
                  <HdcpAuth Min="0" Max="1">0</HdcpAuth>
                </Hdcp>
                <EDIDIn id="0">
                  <BitDepth LegalValues="1">1</BitDepth>
                  <EdidStatus Min="0" Max="4">0</EdidStatus>
                  <VideoFormat id="0">
                    <Name>1920x1080p @59.94</Name>
                    <HFreq>67433</HFreq>
                    <HSync Min="1" Max="192">88</HSync>
                    <HActive Min="0" Max="2024">1920</HActive>
                    <HFP Min="0" Max="192">88</HFP>
                    <HTotal Min="2096" Max="8191">2200</HTotal>
                    <VFreq Min="20" Max="75">59.9401</VFreq>
                    <VSync Min="1" Max="41">5</VSync>
                    <VActive Min="0" Max="1116">1080</VActive>
                    <VFP Min="0" Max="40">4</VFP>
                    <VTotal Min="1089" Max="8191">1125</VTotal>
                    <PixelClk>148.352</PixelClk>
                    <HSP Min="78" Max="80">80</HSP>
                    <VSP Min="78" Max="80">80</VSP>
                    <AR Min="0" Max="1000">1.77778</AR>
                    <Interlaced>80</Interlaced>
                    <VFType Min="0" Max="0">8</VFType>
                    <VFEnum Min="0" Max="4700">2708</VFEnum>
                    <VFStdFrom Min="0" Max="4">4</VFStdFrom>
                    <VFStdNum>16</VFStdNum>
                  </VideoFormat>
                </EDIDIn>
              </DVIIn>
              <SDIIn id="0">
                <Type3G LegalValues="0 1 2 3">2</Type3G>
              </SDIIn>
              <HDMIIn id="0">
                <Hdcp id="0">
                  <Mode Min="0" Max="1">0</Mode>
                  <HdcpAuth Min="0" Max="1">0</HdcpAuth>
                </Hdcp>
                <EDIDIn id="0">
                  <BitDepth LegalValues="1 2 3">3</BitDepth>
                  <EdidStatus Min="0" Max="4">1</EdidStatus>
                  <VideoFormat id="0">
                    <Name>1920x1080p @59.94</Name>
                    <HFreq>67433</HFreq>
                    <HSync Min="1" Max="192">88</HSync>
                    <HActive Min="0" Max="2024">1920</HActive>
                    <HFP Min="0" Max="192">88</HFP>
                    <HTotal Min="2096" Max="8191">2200</HTotal>
                    <VFreq Min="20" Max="75">59.9401</VFreq>
                    <VSync Min="1" Max="41">5</VSync>
                    <VActive Min="0" Max="1116">1080</VActive>
                    <VFP Min="0" Max="40">4</VFP>
                    <VTotal Min="1089" Max="8191">1125</VTotal>
                    <PixelClk>148.352</PixelClk>
                    <HSP Min="78" Max="80">80</HSP>
                    <VSP Min="78" Max="80">80</VSP>
                    <AR Min="0" Max="1000">1.77778</AR>
                    <Interlaced>80</Interlaced>
                    <VFType Min="0" Max="0">8</VFType>
                    <VFEnum Min="0" Max="4700">2708</VFEnum>
                    <VFStdFrom Min="0" Max="4">4</VFStdFrom>
                    <VFStdNum>16</VFStdNum>
                  </VideoFormat>
                </EDIDIn>
              </HDMIIn>
              <VideoFormat id="0">
                <Name>Empty</Name>
                <HFreq>0</HFreq>
                <HSync Min="1" Max="1">1</HSync>
                <HActive Min="0" Max="0">0</HActive>
                <HFP Min="0" Max="0">0</HFP>
                <HTotal Min="1" Max="8191">1</HTotal>
                <VFreq Min="20" Max="75">20</VFreq>
                <VSync Min="1" Max="1">1</VSync>
                <VActive Min="0" Max="0">0</VActive>
                <VFP Min="0" Max="0">0</VFP>
                <VTotal Min="1" Max="8191">1</VTotal>
                <PixelClk>0</PixelClk>
                <HSP Min="78" Max="80">80</HSP>
                <VSP Min="78" Max="80">80</VSP>
                <AR Min="0" Max="1000">0</AR>
                <Interlaced>80</Interlaced>
                <VFType Min="0" Max="0">0</VFType>
                <VFEnum Min="0" Max="4700">0</VFEnum>
                <VFStdFrom Min="0" Max="4">0</VFStdFrom>
                <VFStdNum>0</VFStdNum>
              </VideoFormat>
            </In>
          </CardIn>
        </Card>
      </Slot>
      <Slot id="9">
        <Card id="0">
          <CardStatus Min="0" Max="4">2</CardStatus>
          <CardType Min="0" Max="255">2</CardType>
          <CardID>Card9</CardID>
          <SlotIndex Min="-1" Max="23">9</SlotIndex>
          <CardIn id="0">
            <NumOfChan Min="0" Max="4">4</NumOfChan>
            <CapacityStatus Min="0" Max="1">0</CapacityStatus>
            <In id="0">
              <AutoAcqMode Min="0" Max="1">1</AutoAcqMode>
              <Capacity LegalValues="0 1 2 4">1</Capacity>
              <ColorSpace LegalValues="-1 0 1">0</ColorSpace>
              <ColorRange LegalValues="0 1">0</ColorRange>
              <Sync Min="0" Max="2">0</Sync>
              <DPIn id="0">
                <Hdcp id="0">
                  <Mode Min="0" Max="1">0</Mode>
                  <HdcpAuth Min="0" Max="1">0</HdcpAuth>
                </Hdcp>
                <EDIDIn id="0">
                  <BitDepth LegalValues="1 2 3">2</BitDepth>
                  <EdidStatus Min="0" Max="4">1</EdidStatus>
                  <VideoFormat id="0">
                    <Name>1920x1080p @59.94</Name>
                    <HFreq>67433</HFreq>
                    <HSync Min="1" Max="192">88</HSync>
                    <HActive Min="0" Max="2024">1920</HActive>
                    <HFP Min="0" Max="192">88</HFP>
                    <HTotal Min="2096" Max="8191">2200</HTotal>
                    <VFreq Min="20" Max="75">59.9401</VFreq>
                    <VSync Min="1" Max="41">5</VSync>
                    <VActive Min="0" Max="1116">1080</VActive>
                    <VFP Min="0" Max="40">4</VFP>
                    <VTotal Min="1089" Max="8191">1125</VTotal>
                    <PixelClk>148.352</PixelClk>
                    <HSP Min="78" Max="80">80</HSP>
                    <VSP Min="78" Max="80">80</VSP>
                    <AR Min="0" Max="1000">1.77778</AR>
                    <Interlaced>80</Interlaced>
                    <VFType Min="0" Max="0">8</VFType>
                    <VFEnum Min="0" Max="4700">2708</VFEnum>
                    <VFStdFrom Min="0" Max="4">4</VFStdFrom>
                    <VFStdNum>16</VFStdNum>
                  </VideoFormat>
                </EDIDIn>
              </DPIn>
              <DVIIn id="0">
                <Hdcp id="0">
                  <Mode Min="0" Max="1">0</Mode>
                  <HdcpAuth Min="0" Max="1">0</HdcpAuth>
                </Hdcp>
                <EDIDIn id="0">
                  <BitDepth LegalValues="1">1</BitDepth>
                  <EdidStatus Min="0" Max="4">0</EdidStatus>
                  <VideoFormat id="0">
                    <Name>1920x1080p @59.94</Name>
                    <HFreq>67433</HFreq>
                    <HSync Min="1" Max="192">88</HSync>
                    <HActive Min="0" Max="2024">1920</HActive>
                    <HFP Min="0" Max="192">88</HFP>
                    <HTotal Min="2096" Max="8191">2200</HTotal>
                    <VFreq Min="20" Max="75">59.9401</VFreq>
                    <VSync Min="1" Max="41">5</VSync>
                    <VActive Min="0" Max="1116">1080</VActive>
                    <VFP Min="0" Max="40">4</VFP>
                    <VTotal Min="1089" Max="8191">1125</VTotal>
                    <PixelClk>148.352</PixelClk>
                    <HSP Min="78" Max="80">80</HSP>
                    <VSP Min="78" Max="80">80</VSP>
                    <AR Min="0" Max="1000">1.77778</AR>
                    <Interlaced>80</Interlaced>
                    <VFType Min="0" Max="0">8</VFType>
                    <VFEnum Min="0" Max="4700">2708</VFEnum>
                    <VFStdFrom Min="0" Max="4">4</VFStdFrom>
                    <VFStdNum>16</VFStdNum>
                  </VideoFormat>
                </EDIDIn>
              </DVIIn>
              <SDIIn id="0">
                <Type3G LegalValues="0 1 2 3">2</Type3G>
              </SDIIn>
              <HDMIIn id="0">
                <Hdcp id="0">
                  <Mode Min="0" Max="1">0</Mode>
                  <HdcpAuth Min="0" Max="1">0</HdcpAuth>
                </Hdcp>
                <EDIDIn id="0">
                  <BitDepth LegalValues="1 2 3">3</BitDepth>
                  <EdidStatus Min="0" Max="4">0</EdidStatus>
                  <VideoFormat id="0">
                    <Name>1920x1080p @59.94</Name>
                    <HFreq>67433</HFreq>
                    <HSync Min="1" Max="192">88</HSync>
                    <HActive Min="0" Max="2024">1920</HActive>
                    <HFP Min="0" Max="192">88</HFP>
                    <HTotal Min="2096" Max="8191">2200</HTotal>
                    <VFreq Min="20" Max="75">59.9401</VFreq>
                    <VSync Min="1" Max="41">5</VSync>
                    <VActive Min="0" Max="1116">1080</VActive>
                    <VFP Min="0" Max="40">4</VFP>
                    <VTotal Min="1089" Max="8191">1125</VTotal>
                    <PixelClk>148.352</PixelClk>
                    <HSP Min="78" Max="80">80</HSP>
                    <VSP Min="78" Max="80">80</VSP>
                    <AR Min="0" Max="1000">1.77778</AR>
                    <Interlaced>80</Interlaced>
                    <VFType Min="0" Max="0">8</VFType>
                    <VFEnum Min="0" Max="4700">2708</VFEnum>
                    <VFStdFrom Min="0" Max="4">4</VFStdFrom>
                    <VFStdNum>16</VFStdNum>
                  </VideoFormat>
                </EDIDIn>
              </HDMIIn>
              <VideoFormat id="0">
                <Name>Empty</Name>
                <HFreq>0</HFreq>
                <HSync Min="1" Max="1">1</HSync>
                <HActive Min="0" Max="0">0</HActive>
                <HFP Min="0" Max="0">0</HFP>
                <HTotal Min="1" Max="8191">1</HTotal>
                <VFreq Min="20" Max="75">20</VFreq>
                <VSync Min="1" Max="1">1</VSync>
                <VActive Min="0" Max="0">0</VActive>
                <VFP Min="0" Max="0">0</VFP>
                <VTotal Min="1" Max="8191">1</VTotal>
                <PixelClk>0</PixelClk>
                <HSP Min="78" Max="80">80</HSP>
                <VSP Min="78" Max="80">80</VSP>
                <AR Min="0" Max="1000">0</AR>
                <Interlaced>80</Interlaced>
                <VFType Min="0" Max="0">0</VFType>
                <VFEnum Min="0" Max="4700">0</VFEnum>
                <VFStdFrom Min="0" Max="4">0</VFStdFrom>
                <VFStdNum>0</VFStdNum>
              </VideoFormat>
            </In>
            <In id="1">
              <AutoAcqMode Min="0" Max="1">1</AutoAcqMode>
              <Capacity LegalValues="0 1 2 4">1</Capacity>
              <ColorSpace LegalValues="-1 0 1">0</ColorSpace>
              <ColorRange LegalValues="0 1">0</ColorRange>
              <Sync Min="0" Max="2">0</Sync>
              <DPIn id="0">
                <Hdcp id="0">
                  <Mode Min="0" Max="1">0</Mode>
                  <HdcpAuth Min="0" Max="1">0</HdcpAuth>
                </Hdcp>
                <EDIDIn id="0">
                  <BitDepth LegalValues="1 2 3">2</BitDepth>
                  <EdidStatus Min="0" Max="4">1</EdidStatus>
                  <VideoFormat id="0">
                    <Name>1920x1080p @59.94</Name>
                    <HFreq>67433</HFreq>
                    <HSync Min="1" Max="192">88</HSync>
                    <HActive Min="0" Max="2024">1920</HActive>
                    <HFP Min="0" Max="192">88</HFP>
                    <HTotal Min="2096" Max="8191">2200</HTotal>
                    <VFreq Min="20" Max="75">59.9401</VFreq>
                    <VSync Min="1" Max="41">5</VSync>
                    <VActive Min="0" Max="1116">1080</VActive>
                    <VFP Min="0" Max="40">4</VFP>
                    <VTotal Min="1089" Max="8191">1125</VTotal>
                    <PixelClk>148.352</PixelClk>
                    <HSP Min="78" Max="80">80</HSP>
                    <VSP Min="78" Max="80">80</VSP>
                    <AR Min="0" Max="1000">1.77778</AR>
                    <Interlaced>80</Interlaced>
                    <VFType Min="0" Max="0">8</VFType>
                    <VFEnum Min="0" Max="4700">2708</VFEnum>
                    <VFStdFrom Min="0" Max="4">4</VFStdFrom>
                    <VFStdNum>16</VFStdNum>
                  </VideoFormat>
                </EDIDIn>
              </DPIn>
              <DVIIn id="0">
                <Hdcp id="0">
                  <Mode Min="0" Max="1">0</Mode>
                  <HdcpAuth Min="0" Max="1">0</HdcpAuth>
                </Hdcp>
                <EDIDIn id="0">
                  <BitDepth LegalValues="1">1</BitDepth>
                  <EdidStatus Min="0" Max="4">0</EdidStatus>
                  <VideoFormat id="0">
                    <Name>1920x1080p @59.94</Name>
                    <HFreq>67433</HFreq>
                    <HSync Min="1" Max="192">88</HSync>
                    <HActive Min="0" Max="2024">1920</HActive>
                    <HFP Min="0" Max="192">88</HFP>
                    <HTotal Min="2096" Max="8191">2200</HTotal>
                    <VFreq Min="20" Max="75">59.9401</VFreq>
                    <VSync Min="1" Max="41">5</VSync>
                    <VActive Min="0" Max="1116">1080</VActive>
                    <VFP Min="0" Max="40">4</VFP>
                    <VTotal Min="1089" Max="8191">1125</VTotal>
                    <PixelClk>148.352</PixelClk>
                    <HSP Min="78" Max="80">80</HSP>
                    <VSP Min="78" Max="80">80</VSP>
                    <AR Min="0" Max="1000">1.77778</AR>
                    <Interlaced>80</Interlaced>
                    <VFType Min="0" Max="0">8</VFType>
                    <VFEnum Min="0" Max="4700">2708</VFEnum>
                    <VFStdFrom Min="0" Max="4">4</VFStdFrom>
                    <VFStdNum>16</VFStdNum>
                  </VideoFormat>
                </EDIDIn>
              </DVIIn>
              <SDIIn id="0">
                <Type3G LegalValues="0 1 2 3">2</Type3G>
              </SDIIn>
              <HDMIIn id="0">
                <Hdcp id="0">
                  <Mode Min="0" Max="1">0</Mode>
                  <HdcpAuth Min="0" Max="1">0</HdcpAuth>
                </Hdcp>
                <EDIDIn id="0">
                  <BitDepth LegalValues="1 2 3">3</BitDepth>
                  <EdidStatus Min="0" Max="4">0</EdidStatus>
                  <VideoFormat id="0">
                    <Name>1920x1080p @59.94</Name>
                    <HFreq>67433</HFreq>
                    <HSync Min="1" Max="192">88</HSync>
                    <HActive Min="0" Max="2024">1920</HActive>
                    <HFP Min="0" Max="192">88</HFP>
                    <HTotal Min="2096" Max="8191">2200</HTotal>
                    <VFreq Min="20" Max="75">59.9401</VFreq>
                    <VSync Min="1" Max="41">5</VSync>
                    <VActive Min="0" Max="1116">1080</VActive>
                    <VFP Min="0" Max="40">4</VFP>
                    <VTotal Min="1089" Max="8191">1125</VTotal>
                    <PixelClk>148.352</PixelClk>
                    <HSP Min="78" Max="80">80</HSP>
                    <VSP Min="78" Max="80">80</VSP>
                    <AR Min="0" Max="1000">1.77778</AR>
                    <Interlaced>80</Interlaced>
                    <VFType Min="0" Max="0">8</VFType>
                    <VFEnum Min="0" Max="4700">2708</VFEnum>
                    <VFStdFrom Min="0" Max="4">4</VFStdFrom>
                    <VFStdNum>16</VFStdNum>
                  </VideoFormat>
                </EDIDIn>
              </HDMIIn>
              <VideoFormat id="0">
                <Name>Empty</Name>
                <HFreq>0</HFreq>
                <HSync Min="1" Max="1">1</HSync>
                <HActive Min="0" Max="0">0</HActive>
                <HFP Min="0" Max="0">0</HFP>
                <HTotal Min="1" Max="8191">1</HTotal>
                <VFreq Min="20" Max="75">20</VFreq>
                <VSync Min="1" Max="1">1</VSync>
                <VActive Min="0" Max="0">0</VActive>
                <VFP Min="0" Max="0">0</VFP>
                <VTotal Min="1" Max="8191">1</VTotal>
                <PixelClk>0</PixelClk>
                <HSP Min="78" Max="80">80</HSP>
                <VSP Min="78" Max="80">80</VSP>
                <AR Min="0" Max="1000">0</AR>
                <Interlaced>80</Interlaced>
                <VFType Min="0" Max="0">0</VFType>
                <VFEnum Min="0" Max="4700">0</VFEnum>
                <VFStdFrom Min="0" Max="4">0</VFStdFrom>
                <VFStdNum>0</VFStdNum>
              </VideoFormat>
            </In>
            <In id="2">
              <AutoAcqMode Min="0" Max="1">1</AutoAcqMode>
              <Capacity LegalValues="0 1 2 4">1</Capacity>
              <ColorSpace LegalValues="-1 0 1">0</ColorSpace>
              <ColorRange LegalValues="0 1">0</ColorRange>
              <Sync Min="0" Max="2">0</Sync>
              <DPIn id="0">
                <Hdcp id="0">
                  <Mode Min="0" Max="1">0</Mode>
                  <HdcpAuth Min="0" Max="1">0</HdcpAuth>
                </Hdcp>
                <EDIDIn id="0">
                  <BitDepth LegalValues="1 2 3">2</BitDepth>
                  <EdidStatus Min="0" Max="4">0</EdidStatus>
                  <VideoFormat id="0">
                    <Name>1920x1080p @59.94</Name>
                    <HFreq>67433</HFreq>
                    <HSync Min="1" Max="192">88</HSync>
                    <HActive Min="0" Max="2024">1920</HActive>
                    <HFP Min="0" Max="192">88</HFP>
                    <HTotal Min="2096" Max="8191">2200</HTotal>
                    <VFreq Min="20" Max="75">59.9401</VFreq>
                    <VSync Min="1" Max="41">5</VSync>
                    <VActive Min="0" Max="1116">1080</VActive>
                    <VFP Min="0" Max="40">4</VFP>
                    <VTotal Min="1089" Max="8191">1125</VTotal>
                    <PixelClk>148.352</PixelClk>
                    <HSP Min="78" Max="80">80</HSP>
                    <VSP Min="78" Max="80">80</VSP>
                    <AR Min="0" Max="1000">1.77778</AR>
                    <Interlaced>80</Interlaced>
                    <VFType Min="0" Max="0">8</VFType>
                    <VFEnum Min="0" Max="4700">2708</VFEnum>
                    <VFStdFrom Min="0" Max="4">4</VFStdFrom>
                    <VFStdNum>16</VFStdNum>
                  </VideoFormat>
                </EDIDIn>
              </DPIn>
              <DVIIn id="0">
                <Hdcp id="0">
                  <Mode Min="0" Max="1">0</Mode>
                  <HdcpAuth Min="0" Max="1">0</HdcpAuth>
                </Hdcp>
                <EDIDIn id="0">
                  <BitDepth LegalValues="1">1</BitDepth>
                  <EdidStatus Min="0" Max="4">0</EdidStatus>
                  <VideoFormat id="0">
                    <Name>1920x1080p @59.94</Name>
                    <HFreq>67433</HFreq>
                    <HSync Min="1" Max="192">88</HSync>
                    <HActive Min="0" Max="2024">1920</HActive>
                    <HFP Min="0" Max="192">88</HFP>
                    <HTotal Min="2096" Max="8191">2200</HTotal>
                    <VFreq Min="20" Max="75">59.9401</VFreq>
                    <VSync Min="1" Max="41">5</VSync>
                    <VActive Min="0" Max="1116">1080</VActive>
                    <VFP Min="0" Max="40">4</VFP>
                    <VTotal Min="1089" Max="8191">1125</VTotal>
                    <PixelClk>148.352</PixelClk>
                    <HSP Min="78" Max="80">80</HSP>
                    <VSP Min="78" Max="80">80</VSP>
                    <AR Min="0" Max="1000">1.77778</AR>
                    <Interlaced>80</Interlaced>
                    <VFType Min="0" Max="0">8</VFType>
                    <VFEnum Min="0" Max="4700">2708</VFEnum>
                    <VFStdFrom Min="0" Max="4">4</VFStdFrom>
                    <VFStdNum>16</VFStdNum>
                  </VideoFormat>
                </EDIDIn>
              </DVIIn>
              <SDIIn id="0">
                <Type3G LegalValues="0 1 2 3">2</Type3G>
              </SDIIn>
              <HDMIIn id="0">
                <Hdcp id="0">
                  <Mode Min="0" Max="1">0</Mode>
                  <HdcpAuth Min="0" Max="1">0</HdcpAuth>
                </Hdcp>
                <EDIDIn id="0">
                  <BitDepth LegalValues="1 2 3">3</BitDepth>
                  <EdidStatus Min="0" Max="4">1</EdidStatus>
                  <VideoFormat id="0">
                    <Name>1920x1080p @59.94</Name>
                    <HFreq>67433</HFreq>
                    <HSync Min="1" Max="192">88</HSync>
                    <HActive Min="0" Max="2024">1920</HActive>
                    <HFP Min="0" Max="192">88</HFP>
                    <HTotal Min="2096" Max="8191">2200</HTotal>
                    <VFreq Min="20" Max="75">59.9401</VFreq>
                    <VSync Min="1" Max="41">5</VSync>
                    <VActive Min="0" Max="1116">1080</VActive>
                    <VFP Min="0" Max="40">4</VFP>
                    <VTotal Min="1089" Max="8191">1125</VTotal>
                    <PixelClk>148.352</PixelClk>
                    <HSP Min="78" Max="80">80</HSP>
                    <VSP Min="78" Max="80">80</VSP>
                    <AR Min="0" Max="1000">1.77778</AR>
                    <Interlaced>80</Interlaced>
                    <VFType Min="0" Max="0">8</VFType>
                    <VFEnum Min="0" Max="4700">2708</VFEnum>
                    <VFStdFrom Min="0" Max="4">4</VFStdFrom>
                    <VFStdNum>16</VFStdNum>
                  </VideoFormat>
                </EDIDIn>
              </HDMIIn>
              <VideoFormat id="0">
                <Name>Empty</Name>
                <HFreq>0</HFreq>
                <HSync Min="1" Max="1">1</HSync>
                <HActive Min="0" Max="0">0</HActive>
                <HFP Min="0" Max="0">0</HFP>
                <HTotal Min="1" Max="8191">1</HTotal>
                <VFreq Min="20" Max="75">20</VFreq>
                <VSync Min="1" Max="1">1</VSync>
                <VActive Min="0" Max="0">0</VActive>
                <VFP Min="0" Max="0">0</VFP>
                <VTotal Min="1" Max="8191">1</VTotal>
                <PixelClk>0</PixelClk>
                <HSP Min="78" Max="80">80</HSP>
                <VSP Min="78" Max="80">80</VSP>
                <AR Min="0" Max="1000">0</AR>
                <Interlaced>80</Interlaced>
                <VFType Min="0" Max="0">0</VFType>
                <VFEnum Min="0" Max="4700">0</VFEnum>
                <VFStdFrom Min="0" Max="4">0</VFStdFrom>
                <VFStdNum>0</VFStdNum>
              </VideoFormat>
            </In>
            <In id="3">
              <AutoAcqMode Min="0" Max="1">1</AutoAcqMode>
              <Capacity LegalValues="0 1 2 4">1</Capacity>
              <ColorSpace LegalValues="-1 0 1">0</ColorSpace>
              <ColorRange LegalValues="0 1">0</ColorRange>
              <Sync Min="0" Max="2">0</Sync>
              <DPIn id="0">
                <Hdcp id="0">
                  <Mode Min="0" Max="1">0</Mode>
                  <HdcpAuth Min="0" Max="1">0</HdcpAuth>
                </Hdcp>
                <EDIDIn id="0">
                  <BitDepth LegalValues="1 2 3">2</BitDepth>
                  <EdidStatus Min="0" Max="4">0</EdidStatus>
                  <VideoFormat id="0">
                    <Name>1920x1080p @59.94</Name>
                    <HFreq>67433</HFreq>
                    <HSync Min="1" Max="192">88</HSync>
                    <HActive Min="0" Max="2024">1920</HActive>
                    <HFP Min="0" Max="192">88</HFP>
                    <HTotal Min="2096" Max="8191">2200</HTotal>
                    <VFreq Min="20" Max="75">59.9401</VFreq>
                    <VSync Min="1" Max="41">5</VSync>
                    <VActive Min="0" Max="1116">1080</VActive>
                    <VFP Min="0" Max="40">4</VFP>
                    <VTotal Min="1089" Max="8191">1125</VTotal>
                    <PixelClk>148.352</PixelClk>
                    <HSP Min="78" Max="80">80</HSP>
                    <VSP Min="78" Max="80">80</VSP>
                    <AR Min="0" Max="1000">1.77778</AR>
                    <Interlaced>80</Interlaced>
                    <VFType Min="0" Max="0">8</VFType>
                    <VFEnum Min="0" Max="4700">2708</VFEnum>
                    <VFStdFrom Min="0" Max="4">4</VFStdFrom>
                    <VFStdNum>16</VFStdNum>
                  </VideoFormat>
                </EDIDIn>
              </DPIn>
              <DVIIn id="0">
                <Hdcp id="0">
                  <Mode Min="0" Max="1">0</Mode>
                  <HdcpAuth Min="0" Max="1">0</HdcpAuth>
                </Hdcp>
                <EDIDIn id="0">
                  <BitDepth LegalValues="1">1</BitDepth>
                  <EdidStatus Min="0" Max="4">0</EdidStatus>
                  <VideoFormat id="0">
                    <Name>1920x1080p @59.94</Name>
                    <HFreq>67433</HFreq>
                    <HSync Min="1" Max="192">88</HSync>
                    <HActive Min="0" Max="2024">1920</HActive>
                    <HFP Min="0" Max="192">88</HFP>
                    <HTotal Min="2096" Max="8191">2200</HTotal>
                    <VFreq Min="20" Max="75">59.9401</VFreq>
                    <VSync Min="1" Max="41">5</VSync>
                    <VActive Min="0" Max="1116">1080</VActive>
                    <VFP Min="0" Max="40">4</VFP>
                    <VTotal Min="1089" Max="8191">1125</VTotal>
                    <PixelClk>148.352</PixelClk>
                    <HSP Min="78" Max="80">80</HSP>
                    <VSP Min="78" Max="80">80</VSP>
                    <AR Min="0" Max="1000">1.77778</AR>
                    <Interlaced>80</Interlaced>
                    <VFType Min="0" Max="0">8</VFType>
                    <VFEnum Min="0" Max="4700">2708</VFEnum>
                    <VFStdFrom Min="0" Max="4">4</VFStdFrom>
                    <VFStdNum>16</VFStdNum>
                  </VideoFormat>
                </EDIDIn>
              </DVIIn>
              <SDIIn id="0">
                <Type3G LegalValues="0 1 2 3">2</Type3G>
              </SDIIn>
              <HDMIIn id="0">
                <Hdcp id="0">
                  <Mode Min="0" Max="1">0</Mode>
                  <HdcpAuth Min="0" Max="1">0</HdcpAuth>
                </Hdcp>
                <EDIDIn id="0">
                  <BitDepth LegalValues="1 2 3">3</BitDepth>
                  <EdidStatus Min="0" Max="4">1</EdidStatus>
                  <VideoFormat id="0">
                    <Name>1920x1080p @59.94</Name>
                    <HFreq>67433</HFreq>
                    <HSync Min="1" Max="192">88</HSync>
                    <HActive Min="0" Max="2024">1920</HActive>
                    <HFP Min="0" Max="192">88</HFP>
                    <HTotal Min="2096" Max="8191">2200</HTotal>
                    <VFreq Min="20" Max="75">59.9401</VFreq>
                    <VSync Min="1" Max="41">5</VSync>
                    <VActive Min="0" Max="1116">1080</VActive>
                    <VFP Min="0" Max="40">4</VFP>
                    <VTotal Min="1089" Max="8191">1125</VTotal>
                    <PixelClk>148.352</PixelClk>
                    <HSP Min="78" Max="80">80</HSP>
                    <VSP Min="78" Max="80">80</VSP>
                    <AR Min="0" Max="1000">1.77778</AR>
                    <Interlaced>80</Interlaced>
                    <VFType Min="0" Max="0">8</VFType>
                    <VFEnum Min="0" Max="4700">2708</VFEnum>
                    <VFStdFrom Min="0" Max="4">4</VFStdFrom>
                    <VFStdNum>16</VFStdNum>
                  </VideoFormat>
                </EDIDIn>
              </HDMIIn>
              <VideoFormat id="0">
                <Name>Empty</Name>
                <HFreq>0</HFreq>
                <HSync Min="1" Max="1">1</HSync>
                <HActive Min="0" Max="0">0</HActive>
                <HFP Min="0" Max="0">0</HFP>
                <HTotal Min="1" Max="8191">1</HTotal>
                <VFreq Min="20" Max="75">20</VFreq>
                <VSync Min="1" Max="1">1</VSync>
                <VActive Min="0" Max="0">0</VActive>
                <VFP Min="0" Max="0">0</VFP>
                <VTotal Min="1" Max="8191">1</VTotal>
                <PixelClk>0</PixelClk>
                <HSP Min="78" Max="80">80</HSP>
                <VSP Min="78" Max="80">80</VSP>
                <AR Min="0" Max="1000">0</AR>
                <Interlaced>80</Interlaced>
                <VFType Min="0" Max="0">0</VFType>
                <VFEnum Min="0" Max="4700">0</VFEnum>
                <VFStdFrom Min="0" Max="4">0</VFStdFrom>
                <VFStdNum>0</VFStdNum>
              </VideoFormat>
            </In>
          </CardIn>
        </Card>
      </Slot>
      <Slot id="10">
        <Card id="0">
          <CardStatus Min="0" Max="4">2</CardStatus>
          <CardType Min="0" Max="255">22</CardType>
          <CardID>Card10</CardID>
          <SlotIndex Min="-1" Max="23">10</SlotIndex>
          <CardOut id="0">
            <NumOfChan Min="0" Max="4">4</NumOfChan>
            <CapacityStatus Min="0" Max="1">0</CapacityStatus>
            <Out id="0">
              <Capacity LegalValues="1 2">1</Capacity>
              <DPOut id="0">
                <HdcpAuth Min="0" Max="1">0</HdcpAuth>
                <EDIDOut id="0">
                  <EDIDValid Min="0" Max="1">0</EDIDValid>
                  <SupportHdmi Min="0" Max="1">0</SupportHdmi>
                  <SupportRGB Min="0" Max="1">1</SupportRGB>
                  <SupportSMPTE Min="0" Max="1">1</SupportSMPTE>
                  <Support444 Min="0" Max="1">1</Support444>
                  <Support422 Min="0" Max="1">1</Support422>
                  <BitDepth48 Min="0" Max="1">1</BitDepth48>
                  <BitDepth36 Min="0" Max="1">1</BitDepth36>
                  <BitDepth30 Min="0" Max="1">1</BitDepth30>
                  <BitDepth LegalValues="0 1 2 3 4 5">1</BitDepth>
                  <MaxTmds Min="0" Max="255">0</MaxTmds>
                  <VideoFormat id="0">
                    <Name>Empty</Name>
                    <HFreq>0</HFreq>
                    <HSync Min="1" Max="1">1</HSync>
                    <HActive Min="0" Max="0">0</HActive>
                    <HFP Min="0" Max="0">0</HFP>
                    <HTotal Min="1" Max="8191">1</HTotal>
                    <VFreq Min="20" Max="75">20</VFreq>
                    <VSync Min="1" Max="1">1</VSync>
                    <VActive Min="0" Max="0">0</VActive>
                    <VFP Min="0" Max="0">0</VFP>
                    <VTotal Min="1" Max="8191">1</VTotal>
                    <PixelClk>0</PixelClk>
                    <HSP Min="78" Max="80">80</HSP>
                    <VSP Min="78" Max="80">80</VSP>
                    <AR Min="0" Max="1000">0</AR>
                    <Interlaced>80</Interlaced>
                    <VFType Min="0" Max="0">0</VFType>
                    <VFEnum Min="0" Max="4700">0</VFEnum>
                    <VFStdFrom Min="0" Max="4">0</VFStdFrom>
                    <VFStdNum>0</VFStdNum>
                  </VideoFormat>
                </EDIDOut>
              </DPOut>
              <DVIOut id="0">
                <HdcpAuth Min="0" Max="1">0</HdcpAuth>
                <EDIDOut id="0">
                  <EDIDValid Min="0" Max="1">0</EDIDValid>
                  <SupportHdmi Min="0" Max="1">0</SupportHdmi>
                  <SupportRGB Min="0" Max="1">1</SupportRGB>
                  <SupportSMPTE Min="0" Max="1">1</SupportSMPTE>
                  <Support444 Min="0" Max="1">1</Support444>
                  <Support422 Min="0" Max="1">1</Support422>
                  <BitDepth48 Min="0" Max="1">1</BitDepth48>
                  <BitDepth36 Min="0" Max="1">1</BitDepth36>
                  <BitDepth30 Min="0" Max="1">1</BitDepth30>
                  <BitDepth LegalValues="0 1 2 3 4 5">1</BitDepth>
                  <MaxTmds Min="0" Max="255">0</MaxTmds>
                  <VideoFormat id="0">
                    <Name>Empty</Name>
                    <HFreq>0</HFreq>
                    <HSync Min="1" Max="1">1</HSync>
                    <HActive Min="0" Max="0">0</HActive>
                    <HFP Min="0" Max="0">0</HFP>
                    <HTotal Min="1" Max="8191">1</HTotal>
                    <VFreq Min="20" Max="75">20</VFreq>
                    <VSync Min="1" Max="1">1</VSync>
                    <VActive Min="0" Max="0">0</VActive>
                    <VFP Min="0" Max="0">0</VFP>
                    <VTotal Min="1" Max="8191">1</VTotal>
                    <PixelClk>0</PixelClk>
                    <HSP Min="78" Max="80">80</HSP>
                    <VSP Min="78" Max="80">80</VSP>
                    <AR Min="0" Max="1000">0</AR>
                    <Interlaced>80</Interlaced>
                    <VFType Min="0" Max="0">0</VFType>
                    <VFEnum Min="0" Max="4700">0</VFEnum>
                    <VFStdFrom Min="0" Max="4">0</VFStdFrom>
                    <VFStdNum>0</VFStdNum>
                  </VideoFormat>
                </EDIDOut>
              </DVIOut>
              <SDIOut id="0">
                <Type3G LegalValues="0 1 2 3">2</Type3G>
              </SDIOut>
              <HDMIOutput id="0">
                <HdcpAuth Min="0" Max="1">0</HdcpAuth>
                <SinkType Min="0" Max="1">0</SinkType>
                <EDIDOut id="0">
                  <EDIDValid Min="0" Max="1">1</EDIDValid>
                  <SupportHdmi Min="0" Max="1">0</SupportHdmi>
                  <SupportRGB Min="0" Max="1">1</SupportRGB>
                  <SupportSMPTE Min="0" Max="1">0</SupportSMPTE>
                  <Support444 Min="0" Max="1">1</Support444>
                  <Support422 Min="0" Max="1">0</Support422>
                  <BitDepth48 Min="0" Max="1">0</BitDepth48>
                  <BitDepth36 Min="0" Max="1">0</BitDepth36>
                  <BitDepth30 Min="0" Max="1">0</BitDepth30>
                  <BitDepth LegalValues="0 1 2 3 4 5">1</BitDepth>
                  <MaxTmds Min="0" Max="255">0</MaxTmds>
                  <VideoFormat id="0">
                    <Name>1680x1050P @59.95</Name>
                    <HFreq>65290</HFreq>
                    <HSync Min="1" Max="1">176</HSync>
                    <HActive Min="0" Max="0">1680</HActive>
                    <HFP Min="0" Max="0">104</HFP>
                    <HTotal Min="1" Max="8191">2240</HTotal>
                    <VFreq Min="20" Max="75">59.9543</VFreq>
                    <VSync Min="1" Max="1">6</VSync>
                    <VActive Min="0" Max="0">1050</VActive>
                    <VFP Min="0" Max="0">3</VFP>
                    <VTotal Min="1" Max="8191">1089</VTotal>
                    <PixelClk>146.25</PixelClk>
                    <HSP Min="78" Max="80">80</HSP>
                    <VSP Min="78" Max="80">80</VSP>
                    <AR Min="0" Max="1000">1.6</AR>
                    <Interlaced>80</Interlaced>
                    <VFType Min="0" Max="0">16</VFType>
                    <VFEnum Min="0" Max="4700">1</VFEnum>
                    <VFStdFrom Min="0" Max="4">0</VFStdFrom>
                    <VFStdNum>0</VFStdNum>
                  </VideoFormat>
                </EDIDOut>
              </HDMIOutput>
            </Out>
            <Out id="1">
              <Capacity LegalValues="1 2">1</Capacity>
              <DPOut id="0">
                <HdcpAuth Min="0" Max="1">0</HdcpAuth>
                <EDIDOut id="0">
                  <EDIDValid Min="0" Max="1">0</EDIDValid>
                  <SupportHdmi Min="0" Max="1">0</SupportHdmi>
                  <SupportRGB Min="0" Max="1">1</SupportRGB>
                  <SupportSMPTE Min="0" Max="1">1</SupportSMPTE>
                  <Support444 Min="0" Max="1">1</Support444>
                  <Support422 Min="0" Max="1">1</Support422>
                  <BitDepth48 Min="0" Max="1">1</BitDepth48>
                  <BitDepth36 Min="0" Max="1">1</BitDepth36>
                  <BitDepth30 Min="0" Max="1">1</BitDepth30>
                  <BitDepth LegalValues="0 1 2 3 4 5">1</BitDepth>
                  <MaxTmds Min="0" Max="255">0</MaxTmds>
                  <VideoFormat id="0">
                    <Name>Empty</Name>
                    <HFreq>0</HFreq>
                    <HSync Min="1" Max="1">1</HSync>
                    <HActive Min="0" Max="0">0</HActive>
                    <HFP Min="0" Max="0">0</HFP>
                    <HTotal Min="1" Max="8191">1</HTotal>
                    <VFreq Min="20" Max="75">20</VFreq>
                    <VSync Min="1" Max="1">1</VSync>
                    <VActive Min="0" Max="0">0</VActive>
                    <VFP Min="0" Max="0">0</VFP>
                    <VTotal Min="1" Max="8191">1</VTotal>
                    <PixelClk>0</PixelClk>
                    <HSP Min="78" Max="80">80</HSP>
                    <VSP Min="78" Max="80">80</VSP>
                    <AR Min="0" Max="1000">0</AR>
                    <Interlaced>80</Interlaced>
                    <VFType Min="0" Max="0">0</VFType>
                    <VFEnum Min="0" Max="4700">0</VFEnum>
                    <VFStdFrom Min="0" Max="4">0</VFStdFrom>
                    <VFStdNum>0</VFStdNum>
                  </VideoFormat>
                </EDIDOut>
              </DPOut>
              <DVIOut id="0">
                <HdcpAuth Min="0" Max="1">0</HdcpAuth>
                <EDIDOut id="0">
                  <EDIDValid Min="0" Max="1">0</EDIDValid>
                  <SupportHdmi Min="0" Max="1">0</SupportHdmi>
                  <SupportRGB Min="0" Max="1">1</SupportRGB>
                  <SupportSMPTE Min="0" Max="1">1</SupportSMPTE>
                  <Support444 Min="0" Max="1">1</Support444>
                  <Support422 Min="0" Max="1">1</Support422>
                  <BitDepth48 Min="0" Max="1">1</BitDepth48>
                  <BitDepth36 Min="0" Max="1">1</BitDepth36>
                  <BitDepth30 Min="0" Max="1">1</BitDepth30>
                  <BitDepth LegalValues="0 1 2 3 4 5">1</BitDepth>
                  <MaxTmds Min="0" Max="255">0</MaxTmds>
                  <VideoFormat id="0">
                    <Name>Empty</Name>
                    <HFreq>0</HFreq>
                    <HSync Min="1" Max="1">1</HSync>
                    <HActive Min="0" Max="0">0</HActive>
                    <HFP Min="0" Max="0">0</HFP>
                    <HTotal Min="1" Max="8191">1</HTotal>
                    <VFreq Min="20" Max="75">20</VFreq>
                    <VSync Min="1" Max="1">1</VSync>
                    <VActive Min="0" Max="0">0</VActive>
                    <VFP Min="0" Max="0">0</VFP>
                    <VTotal Min="1" Max="8191">1</VTotal>
                    <PixelClk>0</PixelClk>
                    <HSP Min="78" Max="80">80</HSP>
                    <VSP Min="78" Max="80">80</VSP>
                    <AR Min="0" Max="1000">0</AR>
                    <Interlaced>80</Interlaced>
                    <VFType Min="0" Max="0">0</VFType>
                    <VFEnum Min="0" Max="4700">0</VFEnum>
                    <VFStdFrom Min="0" Max="4">0</VFStdFrom>
                    <VFStdNum>0</VFStdNum>
                  </VideoFormat>
                </EDIDOut>
              </DVIOut>
              <SDIOut id="0">
                <Type3G LegalValues="0 1 2 3">2</Type3G>
              </SDIOut>
              <HDMIOutput id="0">
                <HdcpAuth Min="0" Max="1">0</HdcpAuth>
                <SinkType Min="0" Max="1">1</SinkType>
                <EDIDOut id="0">
                  <EDIDValid Min="0" Max="1">0</EDIDValid>
                  <SupportHdmi Min="0" Max="1">0</SupportHdmi>
                  <SupportRGB Min="0" Max="1">1</SupportRGB>
                  <SupportSMPTE Min="0" Max="1">1</SupportSMPTE>
                  <Support444 Min="0" Max="1">1</Support444>
                  <Support422 Min="0" Max="1">1</Support422>
                  <BitDepth48 Min="0" Max="1">1</BitDepth48>
                  <BitDepth36 Min="0" Max="1">1</BitDepth36>
                  <BitDepth30 Min="0" Max="1">1</BitDepth30>
                  <BitDepth LegalValues="0 1 2 3 4 5">1</BitDepth>
                  <MaxTmds Min="0" Max="255">0</MaxTmds>
                  <VideoFormat id="0">
                    <Name>Empty</Name>
                    <HFreq>0</HFreq>
                    <HSync Min="1" Max="1">1</HSync>
                    <HActive Min="0" Max="0">0</HActive>
                    <HFP Min="0" Max="0">0</HFP>
                    <HTotal Min="1" Max="8191">1</HTotal>
                    <VFreq Min="20" Max="75">20</VFreq>
                    <VSync Min="1" Max="1">1</VSync>
                    <VActive Min="0" Max="0">0</VActive>
                    <VFP Min="0" Max="0">0</VFP>
                    <VTotal Min="1" Max="8191">1</VTotal>
                    <PixelClk>0</PixelClk>
                    <HSP Min="78" Max="80">80</HSP>
                    <VSP Min="78" Max="80">80</VSP>
                    <AR Min="0" Max="1000">0</AR>
                    <Interlaced>80</Interlaced>
                    <VFType Min="0" Max="0">0</VFType>
                    <VFEnum Min="0" Max="4700">0</VFEnum>
                    <VFStdFrom Min="0" Max="4">0</VFStdFrom>
                    <VFStdNum>0</VFStdNum>
                  </VideoFormat>
                </EDIDOut>
              </HDMIOutput>
            </Out>
            <Out id="2">
              <Capacity LegalValues="0 1">1</Capacity>
              <DPOut id="0">
                <HdcpAuth Min="0" Max="1">0</HdcpAuth>
                <EDIDOut id="0">
                  <EDIDValid Min="0" Max="1">0</EDIDValid>
                  <SupportHdmi Min="0" Max="1">0</SupportHdmi>
                  <SupportRGB Min="0" Max="1">1</SupportRGB>
                  <SupportSMPTE Min="0" Max="1">1</SupportSMPTE>
                  <Support444 Min="0" Max="1">1</Support444>
                  <Support422 Min="0" Max="1">1</Support422>
                  <BitDepth48 Min="0" Max="1">1</BitDepth48>
                  <BitDepth36 Min="0" Max="1">1</BitDepth36>
                  <BitDepth30 Min="0" Max="1">1</BitDepth30>
                  <BitDepth LegalValues="0 1 2 3 4 5">1</BitDepth>
                  <MaxTmds Min="0" Max="255">0</MaxTmds>
                  <VideoFormat id="0">
                    <Name>Empty</Name>
                    <HFreq>0</HFreq>
                    <HSync Min="1" Max="1">1</HSync>
                    <HActive Min="0" Max="0">0</HActive>
                    <HFP Min="0" Max="0">0</HFP>
                    <HTotal Min="1" Max="8191">1</HTotal>
                    <VFreq Min="20" Max="75">20</VFreq>
                    <VSync Min="1" Max="1">1</VSync>
                    <VActive Min="0" Max="0">0</VActive>
                    <VFP Min="0" Max="0">0</VFP>
                    <VTotal Min="1" Max="8191">1</VTotal>
                    <PixelClk>0</PixelClk>
                    <HSP Min="78" Max="80">80</HSP>
                    <VSP Min="78" Max="80">80</VSP>
                    <AR Min="0" Max="1000">0</AR>
                    <Interlaced>80</Interlaced>
                    <VFType Min="0" Max="0">0</VFType>
                    <VFEnum Min="0" Max="4700">0</VFEnum>
                    <VFStdFrom Min="0" Max="4">0</VFStdFrom>
                    <VFStdNum>0</VFStdNum>
                  </VideoFormat>
                </EDIDOut>
              </DPOut>
              <DVIOut id="0">
                <HdcpAuth Min="0" Max="1">0</HdcpAuth>
                <EDIDOut id="0">
                  <EDIDValid Min="0" Max="1">0</EDIDValid>
                  <SupportHdmi Min="0" Max="1">0</SupportHdmi>
                  <SupportRGB Min="0" Max="1">1</SupportRGB>
                  <SupportSMPTE Min="0" Max="1">1</SupportSMPTE>
                  <Support444 Min="0" Max="1">1</Support444>
                  <Support422 Min="0" Max="1">1</Support422>
                  <BitDepth48 Min="0" Max="1">1</BitDepth48>
                  <BitDepth36 Min="0" Max="1">1</BitDepth36>
                  <BitDepth30 Min="0" Max="1">1</BitDepth30>
                  <BitDepth LegalValues="0 1 2 3 4 5">1</BitDepth>
                  <MaxTmds Min="0" Max="255">0</MaxTmds>
                  <VideoFormat id="0">
                    <Name>Empty</Name>
                    <HFreq>0</HFreq>
                    <HSync Min="1" Max="1">1</HSync>
                    <HActive Min="0" Max="0">0</HActive>
                    <HFP Min="0" Max="0">0</HFP>
                    <HTotal Min="1" Max="8191">1</HTotal>
                    <VFreq Min="20" Max="75">20</VFreq>
                    <VSync Min="1" Max="1">1</VSync>
                    <VActive Min="0" Max="0">0</VActive>
                    <VFP Min="0" Max="0">0</VFP>
                    <VTotal Min="1" Max="8191">1</VTotal>
                    <PixelClk>0</PixelClk>
                    <HSP Min="78" Max="80">80</HSP>
                    <VSP Min="78" Max="80">80</VSP>
                    <AR Min="0" Max="1000">0</AR>
                    <Interlaced>80</Interlaced>
                    <VFType Min="0" Max="0">0</VFType>
                    <VFEnum Min="0" Max="4700">0</VFEnum>
                    <VFStdFrom Min="0" Max="4">0</VFStdFrom>
                    <VFStdNum>0</VFStdNum>
                  </VideoFormat>
                </EDIDOut>
              </DVIOut>
              <SDIOut id="0">
                <Type3G LegalValues="0 1 2 3">2</Type3G>
              </SDIOut>
              <HDMIOutput id="0">
                <HdcpAuth Min="0" Max="1">0</HdcpAuth>
                <SinkType Min="0" Max="1">1</SinkType>
                <EDIDOut id="0">
                  <EDIDValid Min="0" Max="1">0</EDIDValid>
                  <SupportHdmi Min="0" Max="1">0</SupportHdmi>
                  <SupportRGB Min="0" Max="1">1</SupportRGB>
                  <SupportSMPTE Min="0" Max="1">1</SupportSMPTE>
                  <Support444 Min="0" Max="1">1</Support444>
                  <Support422 Min="0" Max="1">1</Support422>
                  <BitDepth48 Min="0" Max="1">1</BitDepth48>
                  <BitDepth36 Min="0" Max="1">1</BitDepth36>
                  <BitDepth30 Min="0" Max="1">1</BitDepth30>
                  <BitDepth LegalValues="0 1 2 3 4 5">1</BitDepth>
                  <MaxTmds Min="0" Max="255">0</MaxTmds>
                  <VideoFormat id="0">
                    <Name>Empty</Name>
                    <HFreq>0</HFreq>
                    <HSync Min="1" Max="1">1</HSync>
                    <HActive Min="0" Max="0">0</HActive>
                    <HFP Min="0" Max="0">0</HFP>
                    <HTotal Min="1" Max="8191">1</HTotal>
                    <VFreq Min="20" Max="75">20</VFreq>
                    <VSync Min="1" Max="1">1</VSync>
                    <VActive Min="0" Max="0">0</VActive>
                    <VFP Min="0" Max="0">0</VFP>
                    <VTotal Min="1" Max="8191">1</VTotal>
                    <PixelClk>0</PixelClk>
                    <HSP Min="78" Max="80">80</HSP>
                    <VSP Min="78" Max="80">80</VSP>
                    <AR Min="0" Max="1000">0</AR>
                    <Interlaced>80</Interlaced>
                    <VFType Min="0" Max="0">0</VFType>
                    <VFEnum Min="0" Max="4700">0</VFEnum>
                    <VFStdFrom Min="0" Max="4">0</VFStdFrom>
                    <VFStdNum>0</VFStdNum>
                  </VideoFormat>
                </EDIDOut>
              </HDMIOutput>
            </Out>
            <Out id="3">
              <Capacity LegalValues="0 1">1</Capacity>
              <DPOut id="0">
                <HdcpAuth Min="0" Max="1">0</HdcpAuth>
                <EDIDOut id="0">
                  <EDIDValid Min="0" Max="1">0</EDIDValid>
                  <SupportHdmi Min="0" Max="1">0</SupportHdmi>
                  <SupportRGB Min="0" Max="1">1</SupportRGB>
                  <SupportSMPTE Min="0" Max="1">1</SupportSMPTE>
                  <Support444 Min="0" Max="1">1</Support444>
                  <Support422 Min="0" Max="1">1</Support422>
                  <BitDepth48 Min="0" Max="1">1</BitDepth48>
                  <BitDepth36 Min="0" Max="1">1</BitDepth36>
                  <BitDepth30 Min="0" Max="1">1</BitDepth30>
                  <BitDepth LegalValues="0 1 2 3 4 5">1</BitDepth>
                  <MaxTmds Min="0" Max="255">0</MaxTmds>
                  <VideoFormat id="0">
                    <Name>Empty</Name>
                    <HFreq>0</HFreq>
                    <HSync Min="1" Max="1">1</HSync>
                    <HActive Min="0" Max="0">0</HActive>
                    <HFP Min="0" Max="0">0</HFP>
                    <HTotal Min="1" Max="8191">1</HTotal>
                    <VFreq Min="20" Max="75">20</VFreq>
                    <VSync Min="1" Max="1">1</VSync>
                    <VActive Min="0" Max="0">0</VActive>
                    <VFP Min="0" Max="0">0</VFP>
                    <VTotal Min="1" Max="8191">1</VTotal>
                    <PixelClk>0</PixelClk>
                    <HSP Min="78" Max="80">80</HSP>
                    <VSP Min="78" Max="80">80</VSP>
                    <AR Min="0" Max="1000">0</AR>
                    <Interlaced>80</Interlaced>
                    <VFType Min="0" Max="0">0</VFType>
                    <VFEnum Min="0" Max="4700">0</VFEnum>
                    <VFStdFrom Min="0" Max="4">0</VFStdFrom>
                    <VFStdNum>0</VFStdNum>
                  </VideoFormat>
                </EDIDOut>
              </DPOut>
              <DVIOut id="0">
                <HdcpAuth Min="0" Max="1">0</HdcpAuth>
                <EDIDOut id="0">
                  <EDIDValid Min="0" Max="1">0</EDIDValid>
                  <SupportHdmi Min="0" Max="1">0</SupportHdmi>
                  <SupportRGB Min="0" Max="1">1</SupportRGB>
                  <SupportSMPTE Min="0" Max="1">1</SupportSMPTE>
                  <Support444 Min="0" Max="1">1</Support444>
                  <Support422 Min="0" Max="1">1</Support422>
                  <BitDepth48 Min="0" Max="1">1</BitDepth48>
                  <BitDepth36 Min="0" Max="1">1</BitDepth36>
                  <BitDepth30 Min="0" Max="1">1</BitDepth30>
                  <BitDepth LegalValues="0 1 2 3 4 5">1</BitDepth>
                  <MaxTmds Min="0" Max="255">0</MaxTmds>
                  <VideoFormat id="0">
                    <Name>Empty</Name>
                    <HFreq>0</HFreq>
                    <HSync Min="1" Max="1">1</HSync>
                    <HActive Min="0" Max="0">0</HActive>
                    <HFP Min="0" Max="0">0</HFP>
                    <HTotal Min="1" Max="8191">1</HTotal>
                    <VFreq Min="20" Max="75">20</VFreq>
                    <VSync Min="1" Max="1">1</VSync>
                    <VActive Min="0" Max="0">0</VActive>
                    <VFP Min="0" Max="0">0</VFP>
                    <VTotal Min="1" Max="8191">1</VTotal>
                    <PixelClk>0</PixelClk>
                    <HSP Min="78" Max="80">80</HSP>
                    <VSP Min="78" Max="80">80</VSP>
                    <AR Min="0" Max="1000">0</AR>
                    <Interlaced>80</Interlaced>
                    <VFType Min="0" Max="0">0</VFType>
                    <VFEnum Min="0" Max="4700">0</VFEnum>
                    <VFStdFrom Min="0" Max="4">0</VFStdFrom>
                    <VFStdNum>0</VFStdNum>
                  </VideoFormat>
                </EDIDOut>
              </DVIOut>
              <SDIOut id="0">
                <Type3G LegalValues="0 1 2 3">2</Type3G>
              </SDIOut>
              <HDMIOutput id="0">
                <HdcpAuth Min="0" Max="1">0</HdcpAuth>
                <SinkType Min="0" Max="1">1</SinkType>
                <EDIDOut id="0">
                  <EDIDValid Min="0" Max="1">0</EDIDValid>
                  <SupportHdmi Min="0" Max="1">0</SupportHdmi>
                  <SupportRGB Min="0" Max="1">1</SupportRGB>
                  <SupportSMPTE Min="0" Max="1">1</SupportSMPTE>
                  <Support444 Min="0" Max="1">1</Support444>
                  <Support422 Min="0" Max="1">1</Support422>
                  <BitDepth48 Min="0" Max="1">1</BitDepth48>
                  <BitDepth36 Min="0" Max="1">1</BitDepth36>
                  <BitDepth30 Min="0" Max="1">1</BitDepth30>
                  <BitDepth LegalValues="0 1 2 3 4 5">1</BitDepth>
                  <MaxTmds Min="0" Max="255">0</MaxTmds>
                  <VideoFormat id="0">
                    <Name>Empty</Name>
                    <HFreq>0</HFreq>
                    <HSync Min="1" Max="1">1</HSync>
                    <HActive Min="0" Max="0">0</HActive>
                    <HFP Min="0" Max="0">0</HFP>
                    <HTotal Min="1" Max="8191">1</HTotal>
                    <VFreq Min="20" Max="75">20</VFreq>
                    <VSync Min="1" Max="1">1</VSync>
                    <VActive Min="0" Max="0">0</VActive>
                    <VFP Min="0" Max="0">0</VFP>
                    <VTotal Min="1" Max="8191">1</VTotal>
                    <PixelClk>0</PixelClk>
                    <HSP Min="78" Max="80">80</HSP>
                    <VSP Min="78" Max="80">80</VSP>
                    <AR Min="0" Max="1000">0</AR>
                    <Interlaced>80</Interlaced>
                    <VFType Min="0" Max="0">0</VFType>
                    <VFEnum Min="0" Max="4700">0</VFEnum>
                    <VFStdFrom Min="0" Max="4">0</VFStdFrom>
                    <VFStdNum>0</VFStdNum>
                  </VideoFormat>
                </EDIDOut>
              </HDMIOutput>
            </Out>
          </CardOut>
        </Card>
      </Slot>
      <Slot id="11">
        <Card id="0">
          <CardStatus Min="0" Max="4">2</CardStatus>
          <CardType Min="0" Max="255">22</CardType>
          <CardID>Card11</CardID>
          <SlotIndex Min="-1" Max="23">11</SlotIndex>
          <CardOut id="0">
            <NumOfChan Min="0" Max="4">4</NumOfChan>
            <CapacityStatus Min="0" Max="1">0</CapacityStatus>
            <Out id="0">
              <Capacity LegalValues="1 2">1</Capacity>
              <DPOut id="0">
                <HdcpAuth Min="0" Max="1">0</HdcpAuth>
                <EDIDOut id="0">
                  <EDIDValid Min="0" Max="1">0</EDIDValid>
                  <SupportHdmi Min="0" Max="1">0</SupportHdmi>
                  <SupportRGB Min="0" Max="1">1</SupportRGB>
                  <SupportSMPTE Min="0" Max="1">1</SupportSMPTE>
                  <Support444 Min="0" Max="1">1</Support444>
                  <Support422 Min="0" Max="1">1</Support422>
                  <BitDepth48 Min="0" Max="1">1</BitDepth48>
                  <BitDepth36 Min="0" Max="1">1</BitDepth36>
                  <BitDepth30 Min="0" Max="1">1</BitDepth30>
                  <BitDepth LegalValues="0 1 2 3 4 5">1</BitDepth>
                  <MaxTmds Min="0" Max="255">0</MaxTmds>
                  <VideoFormat id="0">
                    <Name>Empty</Name>
                    <HFreq>0</HFreq>
                    <HSync Min="1" Max="1">1</HSync>
                    <HActive Min="0" Max="0">0</HActive>
                    <HFP Min="0" Max="0">0</HFP>
                    <HTotal Min="1" Max="8191">1</HTotal>
                    <VFreq Min="20" Max="75">20</VFreq>
                    <VSync Min="1" Max="1">1</VSync>
                    <VActive Min="0" Max="0">0</VActive>
                    <VFP Min="0" Max="0">0</VFP>
                    <VTotal Min="1" Max="8191">1</VTotal>
                    <PixelClk>0</PixelClk>
                    <HSP Min="78" Max="80">80</HSP>
                    <VSP Min="78" Max="80">80</VSP>
                    <AR Min="0" Max="1000">0</AR>
                    <Interlaced>80</Interlaced>
                    <VFType Min="0" Max="0">0</VFType>
                    <VFEnum Min="0" Max="4700">0</VFEnum>
                    <VFStdFrom Min="0" Max="4">0</VFStdFrom>
                    <VFStdNum>0</VFStdNum>
                  </VideoFormat>
                </EDIDOut>
              </DPOut>
              <DVIOut id="0">
                <HdcpAuth Min="0" Max="1">0</HdcpAuth>
                <EDIDOut id="0">
                  <EDIDValid Min="0" Max="1">0</EDIDValid>
                  <SupportHdmi Min="0" Max="1">0</SupportHdmi>
                  <SupportRGB Min="0" Max="1">1</SupportRGB>
                  <SupportSMPTE Min="0" Max="1">1</SupportSMPTE>
                  <Support444 Min="0" Max="1">1</Support444>
                  <Support422 Min="0" Max="1">1</Support422>
                  <BitDepth48 Min="0" Max="1">1</BitDepth48>
                  <BitDepth36 Min="0" Max="1">1</BitDepth36>
                  <BitDepth30 Min="0" Max="1">1</BitDepth30>
                  <BitDepth LegalValues="0 1 2 3 4 5">1</BitDepth>
                  <MaxTmds Min="0" Max="255">0</MaxTmds>
                  <VideoFormat id="0">
                    <Name>Empty</Name>
                    <HFreq>0</HFreq>
                    <HSync Min="1" Max="1">1</HSync>
                    <HActive Min="0" Max="0">0</HActive>
                    <HFP Min="0" Max="0">0</HFP>
                    <HTotal Min="1" Max="8191">1</HTotal>
                    <VFreq Min="20" Max="75">20</VFreq>
                    <VSync Min="1" Max="1">1</VSync>
                    <VActive Min="0" Max="0">0</VActive>
                    <VFP Min="0" Max="0">0</VFP>
                    <VTotal Min="1" Max="8191">1</VTotal>
                    <PixelClk>0</PixelClk>
                    <HSP Min="78" Max="80">80</HSP>
                    <VSP Min="78" Max="80">80</VSP>
                    <AR Min="0" Max="1000">0</AR>
                    <Interlaced>80</Interlaced>
                    <VFType Min="0" Max="0">0</VFType>
                    <VFEnum Min="0" Max="4700">0</VFEnum>
                    <VFStdFrom Min="0" Max="4">0</VFStdFrom>
                    <VFStdNum>0</VFStdNum>
                  </VideoFormat>
                </EDIDOut>
              </DVIOut>
              <SDIOut id="0">
                <Type3G LegalValues="0 1 2 3">2</Type3G>
              </SDIOut>
              <HDMIOutput id="0">
                <HdcpAuth Min="0" Max="1">0</HdcpAuth>
                <SinkType Min="0" Max="1">1</SinkType>
                <EDIDOut id="0">
                  <EDIDValid Min="0" Max="1">0</EDIDValid>
                  <SupportHdmi Min="0" Max="1">0</SupportHdmi>
                  <SupportRGB Min="0" Max="1">1</SupportRGB>
                  <SupportSMPTE Min="0" Max="1">1</SupportSMPTE>
                  <Support444 Min="0" Max="1">1</Support444>
                  <Support422 Min="0" Max="1">1</Support422>
                  <BitDepth48 Min="0" Max="1">1</BitDepth48>
                  <BitDepth36 Min="0" Max="1">1</BitDepth36>
                  <BitDepth30 Min="0" Max="1">1</BitDepth30>
                  <BitDepth LegalValues="0 1 2 3 4 5">1</BitDepth>
                  <MaxTmds Min="0" Max="255">0</MaxTmds>
                  <VideoFormat id="0">
                    <Name>Empty</Name>
                    <HFreq>0</HFreq>
                    <HSync Min="1" Max="1">1</HSync>
                    <HActive Min="0" Max="0">0</HActive>
                    <HFP Min="0" Max="0">0</HFP>
                    <HTotal Min="1" Max="8191">1</HTotal>
                    <VFreq Min="20" Max="75">20</VFreq>
                    <VSync Min="1" Max="1">1</VSync>
                    <VActive Min="0" Max="0">0</VActive>
                    <VFP Min="0" Max="0">0</VFP>
                    <VTotal Min="1" Max="8191">1</VTotal>
                    <PixelClk>0</PixelClk>
                    <HSP Min="78" Max="80">80</HSP>
                    <VSP Min="78" Max="80">80</VSP>
                    <AR Min="0" Max="1000">0</AR>
                    <Interlaced>80</Interlaced>
                    <VFType Min="0" Max="0">0</VFType>
                    <VFEnum Min="0" Max="4700">0</VFEnum>
                    <VFStdFrom Min="0" Max="4">0</VFStdFrom>
                    <VFStdNum>0</VFStdNum>
                  </VideoFormat>
                </EDIDOut>
              </HDMIOutput>
            </Out>
            <Out id="1">
              <Capacity LegalValues="1 2">1</Capacity>
              <DPOut id="0">
                <HdcpAuth Min="0" Max="1">0</HdcpAuth>
                <EDIDOut id="0">
                  <EDIDValid Min="0" Max="1">0</EDIDValid>
                  <SupportHdmi Min="0" Max="1">0</SupportHdmi>
                  <SupportRGB Min="0" Max="1">1</SupportRGB>
                  <SupportSMPTE Min="0" Max="1">1</SupportSMPTE>
                  <Support444 Min="0" Max="1">1</Support444>
                  <Support422 Min="0" Max="1">1</Support422>
                  <BitDepth48 Min="0" Max="1">1</BitDepth48>
                  <BitDepth36 Min="0" Max="1">1</BitDepth36>
                  <BitDepth30 Min="0" Max="1">1</BitDepth30>
                  <BitDepth LegalValues="0 1 2 3 4 5">1</BitDepth>
                  <MaxTmds Min="0" Max="255">0</MaxTmds>
                  <VideoFormat id="0">
                    <Name>Empty</Name>
                    <HFreq>0</HFreq>
                    <HSync Min="1" Max="1">1</HSync>
                    <HActive Min="0" Max="0">0</HActive>
                    <HFP Min="0" Max="0">0</HFP>
                    <HTotal Min="1" Max="8191">1</HTotal>
                    <VFreq Min="20" Max="75">20</VFreq>
                    <VSync Min="1" Max="1">1</VSync>
                    <VActive Min="0" Max="0">0</VActive>
                    <VFP Min="0" Max="0">0</VFP>
                    <VTotal Min="1" Max="8191">1</VTotal>
                    <PixelClk>0</PixelClk>
                    <HSP Min="78" Max="80">80</HSP>
                    <VSP Min="78" Max="80">80</VSP>
                    <AR Min="0" Max="1000">0</AR>
                    <Interlaced>80</Interlaced>
                    <VFType Min="0" Max="0">0</VFType>
                    <VFEnum Min="0" Max="4700">0</VFEnum>
                    <VFStdFrom Min="0" Max="4">0</VFStdFrom>
                    <VFStdNum>0</VFStdNum>
                  </VideoFormat>
                </EDIDOut>
              </DPOut>
              <DVIOut id="0">
                <HdcpAuth Min="0" Max="1">0</HdcpAuth>
                <EDIDOut id="0">
                  <EDIDValid Min="0" Max="1">0</EDIDValid>
                  <SupportHdmi Min="0" Max="1">0</SupportHdmi>
                  <SupportRGB Min="0" Max="1">1</SupportRGB>
                  <SupportSMPTE Min="0" Max="1">1</SupportSMPTE>
                  <Support444 Min="0" Max="1">1</Support444>
                  <Support422 Min="0" Max="1">1</Support422>
                  <BitDepth48 Min="0" Max="1">1</BitDepth48>
                  <BitDepth36 Min="0" Max="1">1</BitDepth36>
                  <BitDepth30 Min="0" Max="1">1</BitDepth30>
                  <BitDepth LegalValues="0 1 2 3 4 5">1</BitDepth>
                  <MaxTmds Min="0" Max="255">0</MaxTmds>
                  <VideoFormat id="0">
                    <Name>Empty</Name>
                    <HFreq>0</HFreq>
                    <HSync Min="1" Max="1">1</HSync>
                    <HActive Min="0" Max="0">0</HActive>
                    <HFP Min="0" Max="0">0</HFP>
                    <HTotal Min="1" Max="8191">1</HTotal>
                    <VFreq Min="20" Max="75">20</VFreq>
                    <VSync Min="1" Max="1">1</VSync>
                    <VActive Min="0" Max="0">0</VActive>
                    <VFP Min="0" Max="0">0</VFP>
                    <VTotal Min="1" Max="8191">1</VTotal>
                    <PixelClk>0</PixelClk>
                    <HSP Min="78" Max="80">80</HSP>
                    <VSP Min="78" Max="80">80</VSP>
                    <AR Min="0" Max="1000">0</AR>
                    <Interlaced>80</Interlaced>
                    <VFType Min="0" Max="0">0</VFType>
                    <VFEnum Min="0" Max="4700">0</VFEnum>
                    <VFStdFrom Min="0" Max="4">0</VFStdFrom>
                    <VFStdNum>0</VFStdNum>
                  </VideoFormat>
                </EDIDOut>
              </DVIOut>
              <SDIOut id="0">
                <Type3G LegalValues="0 1 2 3">2</Type3G>
              </SDIOut>
              <HDMIOutput id="0">
                <HdcpAuth Min="0" Max="1">0</HdcpAuth>
                <SinkType Min="0" Max="1">1</SinkType>
                <EDIDOut id="0">
                  <EDIDValid Min="0" Max="1">0</EDIDValid>
                  <SupportHdmi Min="0" Max="1">0</SupportHdmi>
                  <SupportRGB Min="0" Max="1">1</SupportRGB>
                  <SupportSMPTE Min="0" Max="1">1</SupportSMPTE>
                  <Support444 Min="0" Max="1">1</Support444>
                  <Support422 Min="0" Max="1">1</Support422>
                  <BitDepth48 Min="0" Max="1">1</BitDepth48>
                  <BitDepth36 Min="0" Max="1">1</BitDepth36>
                  <BitDepth30 Min="0" Max="1">1</BitDepth30>
                  <BitDepth LegalValues="0 1 2 3 4 5">1</BitDepth>
                  <MaxTmds Min="0" Max="255">0</MaxTmds>
                  <VideoFormat id="0">
                    <Name>Empty</Name>
                    <HFreq>0</HFreq>
                    <HSync Min="1" Max="1">1</HSync>
                    <HActive Min="0" Max="0">0</HActive>
                    <HFP Min="0" Max="0">0</HFP>
                    <HTotal Min="1" Max="8191">1</HTotal>
                    <VFreq Min="20" Max="75">20</VFreq>
                    <VSync Min="1" Max="1">1</VSync>
                    <VActive Min="0" Max="0">0</VActive>
                    <VFP Min="0" Max="0">0</VFP>
                    <VTotal Min="1" Max="8191">1</VTotal>
                    <PixelClk>0</PixelClk>
                    <HSP Min="78" Max="80">80</HSP>
                    <VSP Min="78" Max="80">80</VSP>
                    <AR Min="0" Max="1000">0</AR>
                    <Interlaced>80</Interlaced>
                    <VFType Min="0" Max="0">0</VFType>
                    <VFEnum Min="0" Max="4700">0</VFEnum>
                    <VFStdFrom Min="0" Max="4">0</VFStdFrom>
                    <VFStdNum>0</VFStdNum>
                  </VideoFormat>
                </EDIDOut>
              </HDMIOutput>
            </Out>
            <Out id="2">
              <Capacity LegalValues="0 1">1</Capacity>
              <DPOut id="0">
                <HdcpAuth Min="0" Max="1">0</HdcpAuth>
                <EDIDOut id="0">
                  <EDIDValid Min="0" Max="1">0</EDIDValid>
                  <SupportHdmi Min="0" Max="1">0</SupportHdmi>
                  <SupportRGB Min="0" Max="1">1</SupportRGB>
                  <SupportSMPTE Min="0" Max="1">1</SupportSMPTE>
                  <Support444 Min="0" Max="1">1</Support444>
                  <Support422 Min="0" Max="1">1</Support422>
                  <BitDepth48 Min="0" Max="1">1</BitDepth48>
                  <BitDepth36 Min="0" Max="1">1</BitDepth36>
                  <BitDepth30 Min="0" Max="1">1</BitDepth30>
                  <BitDepth LegalValues="0 1 2 3 4 5">1</BitDepth>
                  <MaxTmds Min="0" Max="255">0</MaxTmds>
                  <VideoFormat id="0">
                    <Name>Empty</Name>
                    <HFreq>0</HFreq>
                    <HSync Min="1" Max="1">1</HSync>
                    <HActive Min="0" Max="0">0</HActive>
                    <HFP Min="0" Max="0">0</HFP>
                    <HTotal Min="1" Max="8191">1</HTotal>
                    <VFreq Min="20" Max="75">20</VFreq>
                    <VSync Min="1" Max="1">1</VSync>
                    <VActive Min="0" Max="0">0</VActive>
                    <VFP Min="0" Max="0">0</VFP>
                    <VTotal Min="1" Max="8191">1</VTotal>
                    <PixelClk>0</PixelClk>
                    <HSP Min="78" Max="80">80</HSP>
                    <VSP Min="78" Max="80">80</VSP>
                    <AR Min="0" Max="1000">0</AR>
                    <Interlaced>80</Interlaced>
                    <VFType Min="0" Max="0">0</VFType>
                    <VFEnum Min="0" Max="4700">0</VFEnum>
                    <VFStdFrom Min="0" Max="4">0</VFStdFrom>
                    <VFStdNum>0</VFStdNum>
                  </VideoFormat>
                </EDIDOut>
              </DPOut>
              <DVIOut id="0">
                <HdcpAuth Min="0" Max="1">0</HdcpAuth>
                <EDIDOut id="0">
                  <EDIDValid Min="0" Max="1">0</EDIDValid>
                  <SupportHdmi Min="0" Max="1">0</SupportHdmi>
                  <SupportRGB Min="0" Max="1">1</SupportRGB>
                  <SupportSMPTE Min="0" Max="1">1</SupportSMPTE>
                  <Support444 Min="0" Max="1">1</Support444>
                  <Support422 Min="0" Max="1">1</Support422>
                  <BitDepth48 Min="0" Max="1">1</BitDepth48>
                  <BitDepth36 Min="0" Max="1">1</BitDepth36>
                  <BitDepth30 Min="0" Max="1">1</BitDepth30>
                  <BitDepth LegalValues="0 1 2 3 4 5">1</BitDepth>
                  <MaxTmds Min="0" Max="255">0</MaxTmds>
                  <VideoFormat id="0">
                    <Name>Empty</Name>
                    <HFreq>0</HFreq>
                    <HSync Min="1" Max="1">1</HSync>
                    <HActive Min="0" Max="0">0</HActive>
                    <HFP Min="0" Max="0">0</HFP>
                    <HTotal Min="1" Max="8191">1</HTotal>
                    <VFreq Min="20" Max="75">20</VFreq>
                    <VSync Min="1" Max="1">1</VSync>
                    <VActive Min="0" Max="0">0</VActive>
                    <VFP Min="0" Max="0">0</VFP>
                    <VTotal Min="1" Max="8191">1</VTotal>
                    <PixelClk>0</PixelClk>
                    <HSP Min="78" Max="80">80</HSP>
                    <VSP Min="78" Max="80">80</VSP>
                    <AR Min="0" Max="1000">0</AR>
                    <Interlaced>80</Interlaced>
                    <VFType Min="0" Max="0">0</VFType>
                    <VFEnum Min="0" Max="4700">0</VFEnum>
                    <VFStdFrom Min="0" Max="4">0</VFStdFrom>
                    <VFStdNum>0</VFStdNum>
                  </VideoFormat>
                </EDIDOut>
              </DVIOut>
              <SDIOut id="0">
                <Type3G LegalValues="0 1 2 3">2</Type3G>
              </SDIOut>
              <HDMIOutput id="0">
                <HdcpAuth Min="0" Max="1">0</HdcpAuth>
                <SinkType Min="0" Max="1">1</SinkType>
                <EDIDOut id="0">
                  <EDIDValid Min="0" Max="1">0</EDIDValid>
                  <SupportHdmi Min="0" Max="1">0</SupportHdmi>
                  <SupportRGB Min="0" Max="1">1</SupportRGB>
                  <SupportSMPTE Min="0" Max="1">1</SupportSMPTE>
                  <Support444 Min="0" Max="1">1</Support444>
                  <Support422 Min="0" Max="1">1</Support422>
                  <BitDepth48 Min="0" Max="1">1</BitDepth48>
                  <BitDepth36 Min="0" Max="1">1</BitDepth36>
                  <BitDepth30 Min="0" Max="1">1</BitDepth30>
                  <BitDepth LegalValues="0 1 2 3 4 5">1</BitDepth>
                  <MaxTmds Min="0" Max="255">0</MaxTmds>
                  <VideoFormat id="0">
                    <Name>Empty</Name>
                    <HFreq>0</HFreq>
                    <HSync Min="1" Max="1">1</HSync>
                    <HActive Min="0" Max="0">0</HActive>
                    <HFP Min="0" Max="0">0</HFP>
                    <HTotal Min="1" Max="8191">1</HTotal>
                    <VFreq Min="20" Max="75">20</VFreq>
                    <VSync Min="1" Max="1">1</VSync>
                    <VActive Min="0" Max="0">0</VActive>
                    <VFP Min="0" Max="0">0</VFP>
                    <VTotal Min="1" Max="8191">1</VTotal>
                    <PixelClk>0</PixelClk>
                    <HSP Min="78" Max="80">80</HSP>
                    <VSP Min="78" Max="80">80</VSP>
                    <AR Min="0" Max="1000">0</AR>
                    <Interlaced>80</Interlaced>
                    <VFType Min="0" Max="0">0</VFType>
                    <VFEnum Min="0" Max="4700">0</VFEnum>
                    <VFStdFrom Min="0" Max="4">0</VFStdFrom>
                    <VFStdNum>0</VFStdNum>
                  </VideoFormat>
                </EDIDOut>
              </HDMIOutput>
            </Out>
            <Out id="3">
              <Capacity LegalValues="0 1">1</Capacity>
              <DPOut id="0">
                <HdcpAuth Min="0" Max="1">0</HdcpAuth>
                <EDIDOut id="0">
                  <EDIDValid Min="0" Max="1">0</EDIDValid>
                  <SupportHdmi Min="0" Max="1">0</SupportHdmi>
                  <SupportRGB Min="0" Max="1">1</SupportRGB>
                  <SupportSMPTE Min="0" Max="1">1</SupportSMPTE>
                  <Support444 Min="0" Max="1">1</Support444>
                  <Support422 Min="0" Max="1">1</Support422>
                  <BitDepth48 Min="0" Max="1">1</BitDepth48>
                  <BitDepth36 Min="0" Max="1">1</BitDepth36>
                  <BitDepth30 Min="0" Max="1">1</BitDepth30>
                  <BitDepth LegalValues="0 1 2 3 4 5">1</BitDepth>
                  <MaxTmds Min="0" Max="255">0</MaxTmds>
                  <VideoFormat id="0">
                    <Name>Empty</Name>
                    <HFreq>0</HFreq>
                    <HSync Min="1" Max="1">1</HSync>
                    <HActive Min="0" Max="0">0</HActive>
                    <HFP Min="0" Max="0">0</HFP>
                    <HTotal Min="1" Max="8191">1</HTotal>
                    <VFreq Min="20" Max="75">20</VFreq>
                    <VSync Min="1" Max="1">1</VSync>
                    <VActive Min="0" Max="0">0</VActive>
                    <VFP Min="0" Max="0">0</VFP>
                    <VTotal Min="1" Max="8191">1</VTotal>
                    <PixelClk>0</PixelClk>
                    <HSP Min="78" Max="80">80</HSP>
                    <VSP Min="78" Max="80">80</VSP>
                    <AR Min="0" Max="1000">0</AR>
                    <Interlaced>80</Interlaced>
                    <VFType Min="0" Max="0">0</VFType>
                    <VFEnum Min="0" Max="4700">0</VFEnum>
                    <VFStdFrom Min="0" Max="4">0</VFStdFrom>
                    <VFStdNum>0</VFStdNum>
                  </VideoFormat>
                </EDIDOut>
              </DPOut>
              <DVIOut id="0">
                <HdcpAuth Min="0" Max="1">0</HdcpAuth>
                <EDIDOut id="0">
                  <EDIDValid Min="0" Max="1">0</EDIDValid>
                  <SupportHdmi Min="0" Max="1">0</SupportHdmi>
                  <SupportRGB Min="0" Max="1">1</SupportRGB>
                  <SupportSMPTE Min="0" Max="1">1</SupportSMPTE>
                  <Support444 Min="0" Max="1">1</Support444>
                  <Support422 Min="0" Max="1">1</Support422>
                  <BitDepth48 Min="0" Max="1">1</BitDepth48>
                  <BitDepth36 Min="0" Max="1">1</BitDepth36>
                  <BitDepth30 Min="0" Max="1">1</BitDepth30>
                  <BitDepth LegalValues="0 1 2 3 4 5">1</BitDepth>
                  <MaxTmds Min="0" Max="255">0</MaxTmds>
                  <VideoFormat id="0">
                    <Name>Empty</Name>
                    <HFreq>0</HFreq>
                    <HSync Min="1" Max="1">1</HSync>
                    <HActive Min="0" Max="0">0</HActive>
                    <HFP Min="0" Max="0">0</HFP>
                    <HTotal Min="1" Max="8191">1</HTotal>
                    <VFreq Min="20" Max="75">20</VFreq>
                    <VSync Min="1" Max="1">1</VSync>
                    <VActive Min="0" Max="0">0</VActive>
                    <VFP Min="0" Max="0">0</VFP>
                    <VTotal Min="1" Max="8191">1</VTotal>
                    <PixelClk>0</PixelClk>
                    <HSP Min="78" Max="80">80</HSP>
                    <VSP Min="78" Max="80">80</VSP>
                    <AR Min="0" Max="1000">0</AR>
                    <Interlaced>80</Interlaced>
                    <VFType Min="0" Max="0">0</VFType>
                    <VFEnum Min="0" Max="4700">0</VFEnum>
                    <VFStdFrom Min="0" Max="4">0</VFStdFrom>
                    <VFStdNum>0</VFStdNum>
                  </VideoFormat>
                </EDIDOut>
              </DVIOut>
              <SDIOut id="0">
                <Type3G LegalValues="0 1 2 3">2</Type3G>
              </SDIOut>
              <HDMIOutput id="0">
                <HdcpAuth Min="0" Max="1">0</HdcpAuth>
                <SinkType Min="0" Max="1">1</SinkType>
                <EDIDOut id="0">
                  <EDIDValid Min="0" Max="1">0</EDIDValid>
                  <SupportHdmi Min="0" Max="1">0</SupportHdmi>
                  <SupportRGB Min="0" Max="1">1</SupportRGB>
                  <SupportSMPTE Min="0" Max="1">1</SupportSMPTE>
                  <Support444 Min="0" Max="1">1</Support444>
                  <Support422 Min="0" Max="1">1</Support422>
                  <BitDepth48 Min="0" Max="1">1</BitDepth48>
                  <BitDepth36 Min="0" Max="1">1</BitDepth36>
                  <BitDepth30 Min="0" Max="1">1</BitDepth30>
                  <BitDepth LegalValues="0 1 2 3 4 5">1</BitDepth>
                  <MaxTmds Min="0" Max="255">0</MaxTmds>
                  <VideoFormat id="0">
                    <Name>Empty</Name>
                    <HFreq>0</HFreq>
                    <HSync Min="1" Max="1">1</HSync>
                    <HActive Min="0" Max="0">0</HActive>
                    <HFP Min="0" Max="0">0</HFP>
                    <HTotal Min="1" Max="8191">1</HTotal>
                    <VFreq Min="20" Max="75">20</VFreq>
                    <VSync Min="1" Max="1">1</VSync>
                    <VActive Min="0" Max="0">0</VActive>
                    <VFP Min="0" Max="0">0</VFP>
                    <VTotal Min="1" Max="8191">1</VTotal>
                    <PixelClk>0</PixelClk>
                    <HSP Min="78" Max="80">80</HSP>
                    <VSP Min="78" Max="80">80</VSP>
                    <AR Min="0" Max="1000">0</AR>
                    <Interlaced>80</Interlaced>
                    <VFType Min="0" Max="0">0</VFType>
                    <VFEnum Min="0" Max="4700">0</VFEnum>
                    <VFStdFrom Min="0" Max="4">0</VFStdFrom>
                    <VFStdNum>0</VFStdNum>
                  </VideoFormat>
                </EDIDOut>
              </HDMIOutput>
            </Out>
          </CardOut>
        </Card>
      </Slot>
      <Slot id="12">
        <Card id="0">
          <CardStatus Min="0" Max="4">2</CardStatus>
          <CardType Min="0" Max="255">22</CardType>
          <CardID>Card12</CardID>
          <SlotIndex Min="-1" Max="23">12</SlotIndex>
          <CardOut id="0">
            <NumOfChan Min="0" Max="4">4</NumOfChan>
            <CapacityStatus Min="0" Max="1">0</CapacityStatus>
            <Out id="0">
              <Capacity LegalValues="1 2">1</Capacity>
              <DPOut id="0">
                <HdcpAuth Min="0" Max="1">0</HdcpAuth>
                <EDIDOut id="0">
                  <EDIDValid Min="0" Max="1">0</EDIDValid>
                  <SupportHdmi Min="0" Max="1">0</SupportHdmi>
                  <SupportRGB Min="0" Max="1">1</SupportRGB>
                  <SupportSMPTE Min="0" Max="1">1</SupportSMPTE>
                  <Support444 Min="0" Max="1">1</Support444>
                  <Support422 Min="0" Max="1">1</Support422>
                  <BitDepth48 Min="0" Max="1">1</BitDepth48>
                  <BitDepth36 Min="0" Max="1">1</BitDepth36>
                  <BitDepth30 Min="0" Max="1">1</BitDepth30>
                  <BitDepth LegalValues="0 1 2 3 4 5">1</BitDepth>
                  <MaxTmds Min="0" Max="255">0</MaxTmds>
                  <VideoFormat id="0">
                    <Name>Empty</Name>
                    <HFreq>0</HFreq>
                    <HSync Min="1" Max="1">1</HSync>
                    <HActive Min="0" Max="0">0</HActive>
                    <HFP Min="0" Max="0">0</HFP>
                    <HTotal Min="1" Max="8191">1</HTotal>
                    <VFreq Min="20" Max="75">20</VFreq>
                    <VSync Min="1" Max="1">1</VSync>
                    <VActive Min="0" Max="0">0</VActive>
                    <VFP Min="0" Max="0">0</VFP>
                    <VTotal Min="1" Max="8191">1</VTotal>
                    <PixelClk>0</PixelClk>
                    <HSP Min="78" Max="80">80</HSP>
                    <VSP Min="78" Max="80">80</VSP>
                    <AR Min="0" Max="1000">0</AR>
                    <Interlaced>80</Interlaced>
                    <VFType Min="0" Max="0">0</VFType>
                    <VFEnum Min="0" Max="4700">0</VFEnum>
                    <VFStdFrom Min="0" Max="4">0</VFStdFrom>
                    <VFStdNum>0</VFStdNum>
                  </VideoFormat>
                </EDIDOut>
              </DPOut>
              <DVIOut id="0">
                <HdcpAuth Min="0" Max="1">0</HdcpAuth>
                <EDIDOut id="0">
                  <EDIDValid Min="0" Max="1">0</EDIDValid>
                  <SupportHdmi Min="0" Max="1">0</SupportHdmi>
                  <SupportRGB Min="0" Max="1">1</SupportRGB>
                  <SupportSMPTE Min="0" Max="1">1</SupportSMPTE>
                  <Support444 Min="0" Max="1">1</Support444>
                  <Support422 Min="0" Max="1">1</Support422>
                  <BitDepth48 Min="0" Max="1">1</BitDepth48>
                  <BitDepth36 Min="0" Max="1">1</BitDepth36>
                  <BitDepth30 Min="0" Max="1">1</BitDepth30>
                  <BitDepth LegalValues="0 1 2 3 4 5">1</BitDepth>
                  <MaxTmds Min="0" Max="255">0</MaxTmds>
                  <VideoFormat id="0">
                    <Name>Empty</Name>
                    <HFreq>0</HFreq>
                    <HSync Min="1" Max="1">1</HSync>
                    <HActive Min="0" Max="0">0</HActive>
                    <HFP Min="0" Max="0">0</HFP>
                    <HTotal Min="1" Max="8191">1</HTotal>
                    <VFreq Min="20" Max="75">20</VFreq>
                    <VSync Min="1" Max="1">1</VSync>
                    <VActive Min="0" Max="0">0</VActive>
                    <VFP Min="0" Max="0">0</VFP>
                    <VTotal Min="1" Max="8191">1</VTotal>
                    <PixelClk>0</PixelClk>
                    <HSP Min="78" Max="80">80</HSP>
                    <VSP Min="78" Max="80">80</VSP>
                    <AR Min="0" Max="1000">0</AR>
                    <Interlaced>80</Interlaced>
                    <VFType Min="0" Max="0">0</VFType>
                    <VFEnum Min="0" Max="4700">0</VFEnum>
                    <VFStdFrom Min="0" Max="4">0</VFStdFrom>
                    <VFStdNum>0</VFStdNum>
                  </VideoFormat>
                </EDIDOut>
              </DVIOut>
              <SDIOut id="0">
                <Type3G LegalValues="0 1 2 3">2</Type3G>
              </SDIOut>
              <HDMIOutput id="0">
                <HdcpAuth Min="0" Max="1">0</HdcpAuth>
                <SinkType Min="0" Max="1">1</SinkType>
                <EDIDOut id="0">
                  <EDIDValid Min="0" Max="1">0</EDIDValid>
                  <SupportHdmi Min="0" Max="1">0</SupportHdmi>
                  <SupportRGB Min="0" Max="1">1</SupportRGB>
                  <SupportSMPTE Min="0" Max="1">1</SupportSMPTE>
                  <Support444 Min="0" Max="1">1</Support444>
                  <Support422 Min="0" Max="1">1</Support422>
                  <BitDepth48 Min="0" Max="1">1</BitDepth48>
                  <BitDepth36 Min="0" Max="1">1</BitDepth36>
                  <BitDepth30 Min="0" Max="1">1</BitDepth30>
                  <BitDepth LegalValues="0 1 2 3 4 5">1</BitDepth>
                  <MaxTmds Min="0" Max="255">0</MaxTmds>
                  <VideoFormat id="0">
                    <Name>Empty</Name>
                    <HFreq>0</HFreq>
                    <HSync Min="1" Max="1">1</HSync>
                    <HActive Min="0" Max="0">0</HActive>
                    <HFP Min="0" Max="0">0</HFP>
                    <HTotal Min="1" Max="8191">1</HTotal>
                    <VFreq Min="20" Max="75">20</VFreq>
                    <VSync Min="1" Max="1">1</VSync>
                    <VActive Min="0" Max="0">0</VActive>
                    <VFP Min="0" Max="0">0</VFP>
                    <VTotal Min="1" Max="8191">1</VTotal>
                    <PixelClk>0</PixelClk>
                    <HSP Min="78" Max="80">80</HSP>
                    <VSP Min="78" Max="80">80</VSP>
                    <AR Min="0" Max="1000">0</AR>
                    <Interlaced>80</Interlaced>
                    <VFType Min="0" Max="0">0</VFType>
                    <VFEnum Min="0" Max="4700">0</VFEnum>
                    <VFStdFrom Min="0" Max="4">0</VFStdFrom>
                    <VFStdNum>0</VFStdNum>
                  </VideoFormat>
                </EDIDOut>
              </HDMIOutput>
            </Out>
            <Out id="1">
              <Capacity LegalValues="1 2">1</Capacity>
              <DPOut id="0">
                <HdcpAuth Min="0" Max="1">0</HdcpAuth>
                <EDIDOut id="0">
                  <EDIDValid Min="0" Max="1">0</EDIDValid>
                  <SupportHdmi Min="0" Max="1">0</SupportHdmi>
                  <SupportRGB Min="0" Max="1">1</SupportRGB>
                  <SupportSMPTE Min="0" Max="1">1</SupportSMPTE>
                  <Support444 Min="0" Max="1">1</Support444>
                  <Support422 Min="0" Max="1">1</Support422>
                  <BitDepth48 Min="0" Max="1">1</BitDepth48>
                  <BitDepth36 Min="0" Max="1">1</BitDepth36>
                  <BitDepth30 Min="0" Max="1">1</BitDepth30>
                  <BitDepth LegalValues="0 1 2 3 4 5">1</BitDepth>
                  <MaxTmds Min="0" Max="255">0</MaxTmds>
                  <VideoFormat id="0">
                    <Name>Empty</Name>
                    <HFreq>0</HFreq>
                    <HSync Min="1" Max="1">1</HSync>
                    <HActive Min="0" Max="0">0</HActive>
                    <HFP Min="0" Max="0">0</HFP>
                    <HTotal Min="1" Max="8191">1</HTotal>
                    <VFreq Min="20" Max="75">20</VFreq>
                    <VSync Min="1" Max="1">1</VSync>
                    <VActive Min="0" Max="0">0</VActive>
                    <VFP Min="0" Max="0">0</VFP>
                    <VTotal Min="1" Max="8191">1</VTotal>
                    <PixelClk>0</PixelClk>
                    <HSP Min="78" Max="80">80</HSP>
                    <VSP Min="78" Max="80">80</VSP>
                    <AR Min="0" Max="1000">0</AR>
                    <Interlaced>80</Interlaced>
                    <VFType Min="0" Max="0">0</VFType>
                    <VFEnum Min="0" Max="4700">0</VFEnum>
                    <VFStdFrom Min="0" Max="4">0</VFStdFrom>
                    <VFStdNum>0</VFStdNum>
                  </VideoFormat>
                </EDIDOut>
              </DPOut>
              <DVIOut id="0">
                <HdcpAuth Min="0" Max="1">0</HdcpAuth>
                <EDIDOut id="0">
                  <EDIDValid Min="0" Max="1">0</EDIDValid>
                  <SupportHdmi Min="0" Max="1">0</SupportHdmi>
                  <SupportRGB Min="0" Max="1">1</SupportRGB>
                  <SupportSMPTE Min="0" Max="1">1</SupportSMPTE>
                  <Support444 Min="0" Max="1">1</Support444>
                  <Support422 Min="0" Max="1">1</Support422>
                  <BitDepth48 Min="0" Max="1">1</BitDepth48>
                  <BitDepth36 Min="0" Max="1">1</BitDepth36>
                  <BitDepth30 Min="0" Max="1">1</BitDepth30>
                  <BitDepth LegalValues="0 1 2 3 4 5">1</BitDepth>
                  <MaxTmds Min="0" Max="255">0</MaxTmds>
                  <VideoFormat id="0">
                    <Name>Empty</Name>
                    <HFreq>0</HFreq>
                    <HSync Min="1" Max="1">1</HSync>
                    <HActive Min="0" Max="0">0</HActive>
                    <HFP Min="0" Max="0">0</HFP>
                    <HTotal Min="1" Max="8191">1</HTotal>
                    <VFreq Min="20" Max="75">20</VFreq>
                    <VSync Min="1" Max="1">1</VSync>
                    <VActive Min="0" Max="0">0</VActive>
                    <VFP Min="0" Max="0">0</VFP>
                    <VTotal Min="1" Max="8191">1</VTotal>
                    <PixelClk>0</PixelClk>
                    <HSP Min="78" Max="80">80</HSP>
                    <VSP Min="78" Max="80">80</VSP>
                    <AR Min="0" Max="1000">0</AR>
                    <Interlaced>80</Interlaced>
                    <VFType Min="0" Max="0">0</VFType>
                    <VFEnum Min="0" Max="4700">0</VFEnum>
                    <VFStdFrom Min="0" Max="4">0</VFStdFrom>
                    <VFStdNum>0</VFStdNum>
                  </VideoFormat>
                </EDIDOut>
              </DVIOut>
              <SDIOut id="0">
                <Type3G LegalValues="0 1 2 3">2</Type3G>
              </SDIOut>
              <HDMIOutput id="0">
                <HdcpAuth Min="0" Max="1">0</HdcpAuth>
                <SinkType Min="0" Max="1">1</SinkType>
                <EDIDOut id="0">
                  <EDIDValid Min="0" Max="1">0</EDIDValid>
                  <SupportHdmi Min="0" Max="1">0</SupportHdmi>
                  <SupportRGB Min="0" Max="1">1</SupportRGB>
                  <SupportSMPTE Min="0" Max="1">1</SupportSMPTE>
                  <Support444 Min="0" Max="1">1</Support444>
                  <Support422 Min="0" Max="1">1</Support422>
                  <BitDepth48 Min="0" Max="1">1</BitDepth48>
                  <BitDepth36 Min="0" Max="1">1</BitDepth36>
                  <BitDepth30 Min="0" Max="1">1</BitDepth30>
                  <BitDepth LegalValues="0 1 2 3 4 5">1</BitDepth>
                  <MaxTmds Min="0" Max="255">0</MaxTmds>
                  <VideoFormat id="0">
                    <Name>Empty</Name>
                    <HFreq>0</HFreq>
                    <HSync Min="1" Max="1">1</HSync>
                    <HActive Min="0" Max="0">0</HActive>
                    <HFP Min="0" Max="0">0</HFP>
                    <HTotal Min="1" Max="8191">1</HTotal>
                    <VFreq Min="20" Max="75">20</VFreq>
                    <VSync Min="1" Max="1">1</VSync>
                    <VActive Min="0" Max="0">0</VActive>
                    <VFP Min="0" Max="0">0</VFP>
                    <VTotal Min="1" Max="8191">1</VTotal>
                    <PixelClk>0</PixelClk>
                    <HSP Min="78" Max="80">80</HSP>
                    <VSP Min="78" Max="80">80</VSP>
                    <AR Min="0" Max="1000">0</AR>
                    <Interlaced>80</Interlaced>
                    <VFType Min="0" Max="0">0</VFType>
                    <VFEnum Min="0" Max="4700">0</VFEnum>
                    <VFStdFrom Min="0" Max="4">0</VFStdFrom>
                    <VFStdNum>0</VFStdNum>
                  </VideoFormat>
                </EDIDOut>
              </HDMIOutput>
            </Out>
            <Out id="2">
              <Capacity LegalValues="0 1">1</Capacity>
              <DPOut id="0">
                <HdcpAuth Min="0" Max="1">0</HdcpAuth>
                <EDIDOut id="0">
                  <EDIDValid Min="0" Max="1">0</EDIDValid>
                  <SupportHdmi Min="0" Max="1">0</SupportHdmi>
                  <SupportRGB Min="0" Max="1">1</SupportRGB>
                  <SupportSMPTE Min="0" Max="1">1</SupportSMPTE>
                  <Support444 Min="0" Max="1">1</Support444>
                  <Support422 Min="0" Max="1">1</Support422>
                  <BitDepth48 Min="0" Max="1">1</BitDepth48>
                  <BitDepth36 Min="0" Max="1">1</BitDepth36>
                  <BitDepth30 Min="0" Max="1">1</BitDepth30>
                  <BitDepth LegalValues="0 1 2 3 4 5">1</BitDepth>
                  <MaxTmds Min="0" Max="255">0</MaxTmds>
                  <VideoFormat id="0">
                    <Name>Empty</Name>
                    <HFreq>0</HFreq>
                    <HSync Min="1" Max="1">1</HSync>
                    <HActive Min="0" Max="0">0</HActive>
                    <HFP Min="0" Max="0">0</HFP>
                    <HTotal Min="1" Max="8191">1</HTotal>
                    <VFreq Min="20" Max="75">20</VFreq>
                    <VSync Min="1" Max="1">1</VSync>
                    <VActive Min="0" Max="0">0</VActive>
                    <VFP Min="0" Max="0">0</VFP>
                    <VTotal Min="1" Max="8191">1</VTotal>
                    <PixelClk>0</PixelClk>
                    <HSP Min="78" Max="80">80</HSP>
                    <VSP Min="78" Max="80">80</VSP>
                    <AR Min="0" Max="1000">0</AR>
                    <Interlaced>80</Interlaced>
                    <VFType Min="0" Max="0">0</VFType>
                    <VFEnum Min="0" Max="4700">0</VFEnum>
                    <VFStdFrom Min="0" Max="4">0</VFStdFrom>
                    <VFStdNum>0</VFStdNum>
                  </VideoFormat>
                </EDIDOut>
              </DPOut>
              <DVIOut id="0">
                <HdcpAuth Min="0" Max="1">0</HdcpAuth>
                <EDIDOut id="0">
                  <EDIDValid Min="0" Max="1">0</EDIDValid>
                  <SupportHdmi Min="0" Max="1">0</SupportHdmi>
                  <SupportRGB Min="0" Max="1">1</SupportRGB>
                  <SupportSMPTE Min="0" Max="1">1</SupportSMPTE>
                  <Support444 Min="0" Max="1">1</Support444>
                  <Support422 Min="0" Max="1">1</Support422>
                  <BitDepth48 Min="0" Max="1">1</BitDepth48>
                  <BitDepth36 Min="0" Max="1">1</BitDepth36>
                  <BitDepth30 Min="0" Max="1">1</BitDepth30>
                  <BitDepth LegalValues="0 1 2 3 4 5">1</BitDepth>
                  <MaxTmds Min="0" Max="255">0</MaxTmds>
                  <VideoFormat id="0">
                    <Name>Empty</Name>
                    <HFreq>0</HFreq>
                    <HSync Min="1" Max="1">1</HSync>
                    <HActive Min="0" Max="0">0</HActive>
                    <HFP Min="0" Max="0">0</HFP>
                    <HTotal Min="1" Max="8191">1</HTotal>
                    <VFreq Min="20" Max="75">20</VFreq>
                    <VSync Min="1" Max="1">1</VSync>
                    <VActive Min="0" Max="0">0</VActive>
                    <VFP Min="0" Max="0">0</VFP>
                    <VTotal Min="1" Max="8191">1</VTotal>
                    <PixelClk>0</PixelClk>
                    <HSP Min="78" Max="80">80</HSP>
                    <VSP Min="78" Max="80">80</VSP>
                    <AR Min="0" Max="1000">0</AR>
                    <Interlaced>80</Interlaced>
                    <VFType Min="0" Max="0">0</VFType>
                    <VFEnum Min="0" Max="4700">0</VFEnum>
                    <VFStdFrom Min="0" Max="4">0</VFStdFrom>
                    <VFStdNum>0</VFStdNum>
                  </VideoFormat>
                </EDIDOut>
              </DVIOut>
              <SDIOut id="0">
                <Type3G LegalValues="0 1 2 3">2</Type3G>
              </SDIOut>
              <HDMIOutput id="0">
                <HdcpAuth Min="0" Max="1">0</HdcpAuth>
                <SinkType Min="0" Max="1">1</SinkType>
                <EDIDOut id="0">
                  <EDIDValid Min="0" Max="1">0</EDIDValid>
                  <SupportHdmi Min="0" Max="1">0</SupportHdmi>
                  <SupportRGB Min="0" Max="1">1</SupportRGB>
                  <SupportSMPTE Min="0" Max="1">1</SupportSMPTE>
                  <Support444 Min="0" Max="1">1</Support444>
                  <Support422 Min="0" Max="1">1</Support422>
                  <BitDepth48 Min="0" Max="1">1</BitDepth48>
                  <BitDepth36 Min="0" Max="1">1</BitDepth36>
                  <BitDepth30 Min="0" Max="1">1</BitDepth30>
                  <BitDepth LegalValues="0 1 2 3 4 5">1</BitDepth>
                  <MaxTmds Min="0" Max="255">0</MaxTmds>
                  <VideoFormat id="0">
                    <Name>Empty</Name>
                    <HFreq>0</HFreq>
                    <HSync Min="1" Max="1">1</HSync>
                    <HActive Min="0" Max="0">0</HActive>
                    <HFP Min="0" Max="0">0</HFP>
                    <HTotal Min="1" Max="8191">1</HTotal>
                    <VFreq Min="20" Max="75">20</VFreq>
                    <VSync Min="1" Max="1">1</VSync>
                    <VActive Min="0" Max="0">0</VActive>
                    <VFP Min="0" Max="0">0</VFP>
                    <VTotal Min="1" Max="8191">1</VTotal>
                    <PixelClk>0</PixelClk>
                    <HSP Min="78" Max="80">80</HSP>
                    <VSP Min="78" Max="80">80</VSP>
                    <AR Min="0" Max="1000">0</AR>
                    <Interlaced>80</Interlaced>
                    <VFType Min="0" Max="0">0</VFType>
                    <VFEnum Min="0" Max="4700">0</VFEnum>
                    <VFStdFrom Min="0" Max="4">0</VFStdFrom>
                    <VFStdNum>0</VFStdNum>
                  </VideoFormat>
                </EDIDOut>
              </HDMIOutput>
            </Out>
            <Out id="3">
              <Capacity LegalValues="0 1">1</Capacity>
              <DPOut id="0">
                <HdcpAuth Min="0" Max="1">0</HdcpAuth>
                <EDIDOut id="0">
                  <EDIDValid Min="0" Max="1">0</EDIDValid>
                  <SupportHdmi Min="0" Max="1">0</SupportHdmi>
                  <SupportRGB Min="0" Max="1">1</SupportRGB>
                  <SupportSMPTE Min="0" Max="1">1</SupportSMPTE>
                  <Support444 Min="0" Max="1">1</Support444>
                  <Support422 Min="0" Max="1">1</Support422>
                  <BitDepth48 Min="0" Max="1">1</BitDepth48>
                  <BitDepth36 Min="0" Max="1">1</BitDepth36>
                  <BitDepth30 Min="0" Max="1">1</BitDepth30>
                  <BitDepth LegalValues="0 1 2 3 4 5">1</BitDepth>
                  <MaxTmds Min="0" Max="255">0</MaxTmds>
                  <VideoFormat id="0">
                    <Name>Empty</Name>
                    <HFreq>0</HFreq>
                    <HSync Min="1" Max="1">1</HSync>
                    <HActive Min="0" Max="0">0</HActive>
                    <HFP Min="0" Max="0">0</HFP>
                    <HTotal Min="1" Max="8191">1</HTotal>
                    <VFreq Min="20" Max="75">20</VFreq>
                    <VSync Min="1" Max="1">1</VSync>
                    <VActive Min="0" Max="0">0</VActive>
                    <VFP Min="0" Max="0">0</VFP>
                    <VTotal Min="1" Max="8191">1</VTotal>
                    <PixelClk>0</PixelClk>
                    <HSP Min="78" Max="80">80</HSP>
                    <VSP Min="78" Max="80">80</VSP>
                    <AR Min="0" Max="1000">0</AR>
                    <Interlaced>80</Interlaced>
                    <VFType Min="0" Max="0">0</VFType>
                    <VFEnum Min="0" Max="4700">0</VFEnum>
                    <VFStdFrom Min="0" Max="4">0</VFStdFrom>
                    <VFStdNum>0</VFStdNum>
                  </VideoFormat>
                </EDIDOut>
              </DPOut>
              <DVIOut id="0">
                <HdcpAuth Min="0" Max="1">0</HdcpAuth>
                <EDIDOut id="0">
                  <EDIDValid Min="0" Max="1">0</EDIDValid>
                  <SupportHdmi Min="0" Max="1">0</SupportHdmi>
                  <SupportRGB Min="0" Max="1">1</SupportRGB>
                  <SupportSMPTE Min="0" Max="1">1</SupportSMPTE>
                  <Support444 Min="0" Max="1">1</Support444>
                  <Support422 Min="0" Max="1">1</Support422>
                  <BitDepth48 Min="0" Max="1">1</BitDepth48>
                  <BitDepth36 Min="0" Max="1">1</BitDepth36>
                  <BitDepth30 Min="0" Max="1">1</BitDepth30>
                  <BitDepth LegalValues="0 1 2 3 4 5">1</BitDepth>
                  <MaxTmds Min="0" Max="255">0</MaxTmds>
                  <VideoFormat id="0">
                    <Name>Empty</Name>
                    <HFreq>0</HFreq>
                    <HSync Min="1" Max="1">1</HSync>
                    <HActive Min="0" Max="0">0</HActive>
                    <HFP Min="0" Max="0">0</HFP>
                    <HTotal Min="1" Max="8191">1</HTotal>
                    <VFreq Min="20" Max="75">20</VFreq>
                    <VSync Min="1" Max="1">1</VSync>
                    <VActive Min="0" Max="0">0</VActive>
                    <VFP Min="0" Max="0">0</VFP>
                    <VTotal Min="1" Max="8191">1</VTotal>
                    <PixelClk>0</PixelClk>
                    <HSP Min="78" Max="80">80</HSP>
                    <VSP Min="78" Max="80">80</VSP>
                    <AR Min="0" Max="1000">0</AR>
                    <Interlaced>80</Interlaced>
                    <VFType Min="0" Max="0">0</VFType>
                    <VFEnum Min="0" Max="4700">0</VFEnum>
                    <VFStdFrom Min="0" Max="4">0</VFStdFrom>
                    <VFStdNum>0</VFStdNum>
                  </VideoFormat>
                </EDIDOut>
              </DVIOut>
              <SDIOut id="0">
                <Type3G LegalValues="0 1 2 3">2</Type3G>
              </SDIOut>
              <HDMIOutput id="0">
                <HdcpAuth Min="0" Max="1">0</HdcpAuth>
                <SinkType Min="0" Max="1">1</SinkType>
                <EDIDOut id="0">
                  <EDIDValid Min="0" Max="1">0</EDIDValid>
                  <SupportHdmi Min="0" Max="1">0</SupportHdmi>
                  <SupportRGB Min="0" Max="1">1</SupportRGB>
                  <SupportSMPTE Min="0" Max="1">1</SupportSMPTE>
                  <Support444 Min="0" Max="1">1</Support444>
                  <Support422 Min="0" Max="1">1</Support422>
                  <BitDepth48 Min="0" Max="1">1</BitDepth48>
                  <BitDepth36 Min="0" Max="1">1</BitDepth36>
                  <BitDepth30 Min="0" Max="1">1</BitDepth30>
                  <BitDepth LegalValues="0 1 2 3 4 5">1</BitDepth>
                  <MaxTmds Min="0" Max="255">0</MaxTmds>
                  <VideoFormat id="0">
                    <Name>Empty</Name>
                    <HFreq>0</HFreq>
                    <HSync Min="1" Max="1">1</HSync>
                    <HActive Min="0" Max="0">0</HActive>
                    <HFP Min="0" Max="0">0</HFP>
                    <HTotal Min="1" Max="8191">1</HTotal>
                    <VFreq Min="20" Max="75">20</VFreq>
                    <VSync Min="1" Max="1">1</VSync>
                    <VActive Min="0" Max="0">0</VActive>
                    <VFP Min="0" Max="0">0</VFP>
                    <VTotal Min="1" Max="8191">1</VTotal>
                    <PixelClk>0</PixelClk>
                    <HSP Min="78" Max="80">80</HSP>
                    <VSP Min="78" Max="80">80</VSP>
                    <AR Min="0" Max="1000">0</AR>
                    <Interlaced>80</Interlaced>
                    <VFType Min="0" Max="0">0</VFType>
                    <VFEnum Min="0" Max="4700">0</VFEnum>
                    <VFStdFrom Min="0" Max="4">0</VFStdFrom>
                    <VFStdNum>0</VFStdNum>
                  </VideoFormat>
                </EDIDOut>
              </HDMIOutput>
            </Out>
          </CardOut>
        </Card>
      </Slot>
      <Slot id="13">
        <Card id="0">
          <CardStatus Min="0" Max="4">2</CardStatus>
          <CardType Min="0" Max="255">40</CardType>
          <CardID>Card13</CardID>
          <SlotIndex Min="-1" Max="23">13</SlotIndex>
          <CardOut id="0">
            <NumOfChan Min="0" Max="4">4</NumOfChan>
            <CapacityStatus Min="0" Max="1">0</CapacityStatus>
            <Out id="0">
              <Capacity LegalValues="1 2">1</Capacity>
              <DPOut id="0">
                <HdcpAuth Min="0" Max="1">0</HdcpAuth>
                <EDIDOut id="0">
                  <EDIDValid Min="0" Max="1">0</EDIDValid>
                  <SupportHdmi Min="0" Max="1">0</SupportHdmi>
                  <SupportRGB Min="0" Max="1">1</SupportRGB>
                  <SupportSMPTE Min="0" Max="1">1</SupportSMPTE>
                  <Support444 Min="0" Max="1">1</Support444>
                  <Support422 Min="0" Max="1">1</Support422>
                  <BitDepth48 Min="0" Max="1">1</BitDepth48>
                  <BitDepth36 Min="0" Max="1">1</BitDepth36>
                  <BitDepth30 Min="0" Max="1">1</BitDepth30>
                  <BitDepth LegalValues="0 1 2 3 4 5">1</BitDepth>
                  <MaxTmds Min="0" Max="255">0</MaxTmds>
                  <VideoFormat id="0">
                    <Name>Empty</Name>
                    <HFreq>0</HFreq>
                    <HSync Min="1" Max="1">1</HSync>
                    <HActive Min="0" Max="0">0</HActive>
                    <HFP Min="0" Max="0">0</HFP>
                    <HTotal Min="1" Max="8191">1</HTotal>
                    <VFreq Min="20" Max="75">20</VFreq>
                    <VSync Min="1" Max="1">1</VSync>
                    <VActive Min="0" Max="0">0</VActive>
                    <VFP Min="0" Max="0">0</VFP>
                    <VTotal Min="1" Max="8191">1</VTotal>
                    <PixelClk>0</PixelClk>
                    <HSP Min="78" Max="80">80</HSP>
                    <VSP Min="78" Max="80">80</VSP>
                    <AR Min="0" Max="1000">0</AR>
                    <Interlaced>80</Interlaced>
                    <VFType Min="0" Max="0">0</VFType>
                    <VFEnum Min="0" Max="4700">0</VFEnum>
                    <VFStdFrom Min="0" Max="4">0</VFStdFrom>
                    <VFStdNum>0</VFStdNum>
                  </VideoFormat>
                </EDIDOut>
              </DPOut>
              <DVIOut id="0">
                <HdcpAuth Min="0" Max="1">0</HdcpAuth>
                <EDIDOut id="0">
                  <EDIDValid Min="0" Max="1">0</EDIDValid>
                  <SupportHdmi Min="0" Max="1">0</SupportHdmi>
                  <SupportRGB Min="0" Max="1">1</SupportRGB>
                  <SupportSMPTE Min="0" Max="1">1</SupportSMPTE>
                  <Support444 Min="0" Max="1">1</Support444>
                  <Support422 Min="0" Max="1">1</Support422>
                  <BitDepth48 Min="0" Max="1">1</BitDepth48>
                  <BitDepth36 Min="0" Max="1">1</BitDepth36>
                  <BitDepth30 Min="0" Max="1">1</BitDepth30>
                  <BitDepth LegalValues="0 1 2 3 4 5">1</BitDepth>
                  <MaxTmds Min="0" Max="255">0</MaxTmds>
                  <VideoFormat id="0">
                    <Name>Empty</Name>
                    <HFreq>0</HFreq>
                    <HSync Min="1" Max="1">1</HSync>
                    <HActive Min="0" Max="0">0</HActive>
                    <HFP Min="0" Max="0">0</HFP>
                    <HTotal Min="1" Max="8191">1</HTotal>
                    <VFreq Min="20" Max="75">20</VFreq>
                    <VSync Min="1" Max="1">1</VSync>
                    <VActive Min="0" Max="0">0</VActive>
                    <VFP Min="0" Max="0">0</VFP>
                    <VTotal Min="1" Max="8191">1</VTotal>
                    <PixelClk>0</PixelClk>
                    <HSP Min="78" Max="80">80</HSP>
                    <VSP Min="78" Max="80">80</VSP>
                    <AR Min="0" Max="1000">0</AR>
                    <Interlaced>80</Interlaced>
                    <VFType Min="0" Max="0">0</VFType>
                    <VFEnum Min="0" Max="4700">0</VFEnum>
                    <VFStdFrom Min="0" Max="4">0</VFStdFrom>
                    <VFStdNum>0</VFStdNum>
                  </VideoFormat>
                </EDIDOut>
              </DVIOut>
              <SDIOut id="0">
                <Type3G LegalValues="0 1 2 3">2</Type3G>
              </SDIOut>
              <HDMIOutput id="0">
                <HdcpAuth Min="0" Max="1">0</HdcpAuth>
                <SinkType Min="0" Max="1">0</SinkType>
                <EDIDOut id="0">
                  <EDIDValid Min="0" Max="1">1</EDIDValid>
                  <SupportHdmi Min="0" Max="1">0</SupportHdmi>
                  <SupportRGB Min="0" Max="1">1</SupportRGB>
                  <SupportSMPTE Min="0" Max="1">0</SupportSMPTE>
                  <Support444 Min="0" Max="1">1</Support444>
                  <Support422 Min="0" Max="1">0</Support422>
                  <BitDepth48 Min="0" Max="1">0</BitDepth48>
                  <BitDepth36 Min="0" Max="1">0</BitDepth36>
                  <BitDepth30 Min="0" Max="1">0</BitDepth30>
                  <BitDepth LegalValues="0 1 2 3 4 5">1</BitDepth>
                  <MaxTmds Min="0" Max="255">0</MaxTmds>
                  <VideoFormat id="0">
                    <Name>1680x1050P @59.95</Name>
                    <HFreq>65290</HFreq>
                    <HSync Min="1" Max="1">176</HSync>
                    <HActive Min="0" Max="0">1680</HActive>
                    <HFP Min="0" Max="0">104</HFP>
                    <HTotal Min="1" Max="8191">2240</HTotal>
                    <VFreq Min="20" Max="75">59.9543</VFreq>
                    <VSync Min="1" Max="1">6</VSync>
                    <VActive Min="0" Max="0">1050</VActive>
                    <VFP Min="0" Max="0">3</VFP>
                    <VTotal Min="1" Max="8191">1089</VTotal>
                    <PixelClk>146.25</PixelClk>
                    <HSP Min="78" Max="80">80</HSP>
                    <VSP Min="78" Max="80">80</VSP>
                    <AR Min="0" Max="1000">1.6</AR>
                    <Interlaced>80</Interlaced>
                    <VFType Min="0" Max="0">16</VFType>
                    <VFEnum Min="0" Max="4700">1</VFEnum>
                    <VFStdFrom Min="0" Max="4">0</VFStdFrom>
                    <VFStdNum>0</VFStdNum>
                  </VideoFormat>
                </EDIDOut>
              </HDMIOutput>
            </Out>
            <Out id="1">
              <Capacity LegalValues="1 2">1</Capacity>
              <DPOut id="0">
                <HdcpAuth Min="0" Max="1">0</HdcpAuth>
                <EDIDOut id="0">
                  <EDIDValid Min="0" Max="1">0</EDIDValid>
                  <SupportHdmi Min="0" Max="1">0</SupportHdmi>
                  <SupportRGB Min="0" Max="1">1</SupportRGB>
                  <SupportSMPTE Min="0" Max="1">1</SupportSMPTE>
                  <Support444 Min="0" Max="1">1</Support444>
                  <Support422 Min="0" Max="1">1</Support422>
                  <BitDepth48 Min="0" Max="1">1</BitDepth48>
                  <BitDepth36 Min="0" Max="1">1</BitDepth36>
                  <BitDepth30 Min="0" Max="1">1</BitDepth30>
                  <BitDepth LegalValues="0 1 2 3 4 5">1</BitDepth>
                  <MaxTmds Min="0" Max="255">0</MaxTmds>
                  <VideoFormat id="0">
                    <Name>Empty</Name>
                    <HFreq>0</HFreq>
                    <HSync Min="1" Max="1">1</HSync>
                    <HActive Min="0" Max="0">0</HActive>
                    <HFP Min="0" Max="0">0</HFP>
                    <HTotal Min="1" Max="8191">1</HTotal>
                    <VFreq Min="20" Max="75">20</VFreq>
                    <VSync Min="1" Max="1">1</VSync>
                    <VActive Min="0" Max="0">0</VActive>
                    <VFP Min="0" Max="0">0</VFP>
                    <VTotal Min="1" Max="8191">1</VTotal>
                    <PixelClk>0</PixelClk>
                    <HSP Min="78" Max="80">80</HSP>
                    <VSP Min="78" Max="80">80</VSP>
                    <AR Min="0" Max="1000">0</AR>
                    <Interlaced>80</Interlaced>
                    <VFType Min="0" Max="0">0</VFType>
                    <VFEnum Min="0" Max="4700">0</VFEnum>
                    <VFStdFrom Min="0" Max="4">0</VFStdFrom>
                    <VFStdNum>0</VFStdNum>
                  </VideoFormat>
                </EDIDOut>
              </DPOut>
              <DVIOut id="0">
                <HdcpAuth Min="0" Max="1">0</HdcpAuth>
                <EDIDOut id="0">
                  <EDIDValid Min="0" Max="1">0</EDIDValid>
                  <SupportHdmi Min="0" Max="1">0</SupportHdmi>
                  <SupportRGB Min="0" Max="1">1</SupportRGB>
                  <SupportSMPTE Min="0" Max="1">1</SupportSMPTE>
                  <Support444 Min="0" Max="1">1</Support444>
                  <Support422 Min="0" Max="1">1</Support422>
                  <BitDepth48 Min="0" Max="1">1</BitDepth48>
                  <BitDepth36 Min="0" Max="1">1</BitDepth36>
                  <BitDepth30 Min="0" Max="1">1</BitDepth30>
                  <BitDepth LegalValues="0 1 2 3 4 5">1</BitDepth>
                  <MaxTmds Min="0" Max="255">0</MaxTmds>
                  <VideoFormat id="0">
                    <Name>Empty</Name>
                    <HFreq>0</HFreq>
                    <HSync Min="1" Max="1">1</HSync>
                    <HActive Min="0" Max="0">0</HActive>
                    <HFP Min="0" Max="0">0</HFP>
                    <HTotal Min="1" Max="8191">1</HTotal>
                    <VFreq Min="20" Max="75">20</VFreq>
                    <VSync Min="1" Max="1">1</VSync>
                    <VActive Min="0" Max="0">0</VActive>
                    <VFP Min="0" Max="0">0</VFP>
                    <VTotal Min="1" Max="8191">1</VTotal>
                    <PixelClk>0</PixelClk>
                    <HSP Min="78" Max="80">80</HSP>
                    <VSP Min="78" Max="80">80</VSP>
                    <AR Min="0" Max="1000">0</AR>
                    <Interlaced>80</Interlaced>
                    <VFType Min="0" Max="0">0</VFType>
                    <VFEnum Min="0" Max="4700">0</VFEnum>
                    <VFStdFrom Min="0" Max="4">0</VFStdFrom>
                    <VFStdNum>0</VFStdNum>
                  </VideoFormat>
                </EDIDOut>
              </DVIOut>
              <SDIOut id="0">
                <Type3G LegalValues="0 1 2 3">2</Type3G>
              </SDIOut>
              <HDMIOutput id="0">
                <HdcpAuth Min="0" Max="1">0</HdcpAuth>
                <SinkType Min="0" Max="1">1</SinkType>
                <EDIDOut id="0">
                  <EDIDValid Min="0" Max="1">0</EDIDValid>
                  <SupportHdmi Min="0" Max="1">0</SupportHdmi>
                  <SupportRGB Min="0" Max="1">1</SupportRGB>
                  <SupportSMPTE Min="0" Max="1">1</SupportSMPTE>
                  <Support444 Min="0" Max="1">1</Support444>
                  <Support422 Min="0" Max="1">1</Support422>
                  <BitDepth48 Min="0" Max="1">1</BitDepth48>
                  <BitDepth36 Min="0" Max="1">1</BitDepth36>
                  <BitDepth30 Min="0" Max="1">1</BitDepth30>
                  <BitDepth LegalValues="0 1 2 3 4 5">1</BitDepth>
                  <MaxTmds Min="0" Max="255">0</MaxTmds>
                  <VideoFormat id="0">
                    <Name>Empty</Name>
                    <HFreq>0</HFreq>
                    <HSync Min="1" Max="1">1</HSync>
                    <HActive Min="0" Max="0">0</HActive>
                    <HFP Min="0" Max="0">0</HFP>
                    <HTotal Min="1" Max="8191">1</HTotal>
                    <VFreq Min="20" Max="75">20</VFreq>
                    <VSync Min="1" Max="1">1</VSync>
                    <VActive Min="0" Max="0">0</VActive>
                    <VFP Min="0" Max="0">0</VFP>
                    <VTotal Min="1" Max="8191">1</VTotal>
                    <PixelClk>0</PixelClk>
                    <HSP Min="78" Max="80">80</HSP>
                    <VSP Min="78" Max="80">80</VSP>
                    <AR Min="0" Max="1000">0</AR>
                    <Interlaced>80</Interlaced>
                    <VFType Min="0" Max="0">0</VFType>
                    <VFEnum Min="0" Max="4700">0</VFEnum>
                    <VFStdFrom Min="0" Max="4">0</VFStdFrom>
                    <VFStdNum>0</VFStdNum>
                  </VideoFormat>
                </EDIDOut>
              </HDMIOutput>
            </Out>
            <Out id="2">
              <Capacity LegalValues="0 1">1</Capacity>
              <DPOut id="0">
                <HdcpAuth Min="0" Max="1">0</HdcpAuth>
                <EDIDOut id="0">
                  <EDIDValid Min="0" Max="1">0</EDIDValid>
                  <SupportHdmi Min="0" Max="1">0</SupportHdmi>
                  <SupportRGB Min="0" Max="1">1</SupportRGB>
                  <SupportSMPTE Min="0" Max="1">1</SupportSMPTE>
                  <Support444 Min="0" Max="1">1</Support444>
                  <Support422 Min="0" Max="1">1</Support422>
                  <BitDepth48 Min="0" Max="1">1</BitDepth48>
                  <BitDepth36 Min="0" Max="1">1</BitDepth36>
                  <BitDepth30 Min="0" Max="1">1</BitDepth30>
                  <BitDepth LegalValues="0 1 2 3 4 5">1</BitDepth>
                  <MaxTmds Min="0" Max="255">0</MaxTmds>
                  <VideoFormat id="0">
                    <Name>Empty</Name>
                    <HFreq>0</HFreq>
                    <HSync Min="1" Max="1">1</HSync>
                    <HActive Min="0" Max="0">0</HActive>
                    <HFP Min="0" Max="0">0</HFP>
                    <HTotal Min="1" Max="8191">1</HTotal>
                    <VFreq Min="20" Max="75">20</VFreq>
                    <VSync Min="1" Max="1">1</VSync>
                    <VActive Min="0" Max="0">0</VActive>
                    <VFP Min="0" Max="0">0</VFP>
                    <VTotal Min="1" Max="8191">1</VTotal>
                    <PixelClk>0</PixelClk>
                    <HSP Min="78" Max="80">80</HSP>
                    <VSP Min="78" Max="80">80</VSP>
                    <AR Min="0" Max="1000">0</AR>
                    <Interlaced>80</Interlaced>
                    <VFType Min="0" Max="0">0</VFType>
                    <VFEnum Min="0" Max="4700">0</VFEnum>
                    <VFStdFrom Min="0" Max="4">0</VFStdFrom>
                    <VFStdNum>0</VFStdNum>
                  </VideoFormat>
                </EDIDOut>
              </DPOut>
              <DVIOut id="0">
                <HdcpAuth Min="0" Max="1">0</HdcpAuth>
                <EDIDOut id="0">
                  <EDIDValid Min="0" Max="1">0</EDIDValid>
                  <SupportHdmi Min="0" Max="1">0</SupportHdmi>
                  <SupportRGB Min="0" Max="1">1</SupportRGB>
                  <SupportSMPTE Min="0" Max="1">1</SupportSMPTE>
                  <Support444 Min="0" Max="1">1</Support444>
                  <Support422 Min="0" Max="1">1</Support422>
                  <BitDepth48 Min="0" Max="1">1</BitDepth48>
                  <BitDepth36 Min="0" Max="1">1</BitDepth36>
                  <BitDepth30 Min="0" Max="1">1</BitDepth30>
                  <BitDepth LegalValues="0 1 2 3 4 5">1</BitDepth>
                  <MaxTmds Min="0" Max="255">0</MaxTmds>
                  <VideoFormat id="0">
                    <Name>Empty</Name>
                    <HFreq>0</HFreq>
                    <HSync Min="1" Max="1">1</HSync>
                    <HActive Min="0" Max="0">0</HActive>
                    <HFP Min="0" Max="0">0</HFP>
                    <HTotal Min="1" Max="8191">1</HTotal>
                    <VFreq Min="20" Max="75">20</VFreq>
                    <VSync Min="1" Max="1">1</VSync>
                    <VActive Min="0" Max="0">0</VActive>
                    <VFP Min="0" Max="0">0</VFP>
                    <VTotal Min="1" Max="8191">1</VTotal>
                    <PixelClk>0</PixelClk>
                    <HSP Min="78" Max="80">80</HSP>
                    <VSP Min="78" Max="80">80</VSP>
                    <AR Min="0" Max="1000">0</AR>
                    <Interlaced>80</Interlaced>
                    <VFType Min="0" Max="0">0</VFType>
                    <VFEnum Min="0" Max="4700">0</VFEnum>
                    <VFStdFrom Min="0" Max="4">0</VFStdFrom>
                    <VFStdNum>0</VFStdNum>
                  </VideoFormat>
                </EDIDOut>
              </DVIOut>
              <SDIOut id="0">
                <Type3G LegalValues="0 1 2 3">2</Type3G>
              </SDIOut>
              <HDMIOutput id="0">
                <HdcpAuth Min="0" Max="1">0</HdcpAuth>
                <SinkType Min="0" Max="1">1</SinkType>
                <EDIDOut id="0">
                  <EDIDValid Min="0" Max="1">0</EDIDValid>
                  <SupportHdmi Min="0" Max="1">0</SupportHdmi>
                  <SupportRGB Min="0" Max="1">1</SupportRGB>
                  <SupportSMPTE Min="0" Max="1">1</SupportSMPTE>
                  <Support444 Min="0" Max="1">1</Support444>
                  <Support422 Min="0" Max="1">1</Support422>
                  <BitDepth48 Min="0" Max="1">1</BitDepth48>
                  <BitDepth36 Min="0" Max="1">1</BitDepth36>
                  <BitDepth30 Min="0" Max="1">1</BitDepth30>
                  <BitDepth LegalValues="0 1 2 3 4 5">1</BitDepth>
                  <MaxTmds Min="0" Max="255">0</MaxTmds>
                  <VideoFormat id="0">
                    <Name>Empty</Name>
                    <HFreq>0</HFreq>
                    <HSync Min="1" Max="1">1</HSync>
                    <HActive Min="0" Max="0">0</HActive>
                    <HFP Min="0" Max="0">0</HFP>
                    <HTotal Min="1" Max="8191">1</HTotal>
                    <VFreq Min="20" Max="75">20</VFreq>
                    <VSync Min="1" Max="1">1</VSync>
                    <VActive Min="0" Max="0">0</VActive>
                    <VFP Min="0" Max="0">0</VFP>
                    <VTotal Min="1" Max="8191">1</VTotal>
                    <PixelClk>0</PixelClk>
                    <HSP Min="78" Max="80">80</HSP>
                    <VSP Min="78" Max="80">80</VSP>
                    <AR Min="0" Max="1000">0</AR>
                    <Interlaced>80</Interlaced>
                    <VFType Min="0" Max="0">0</VFType>
                    <VFEnum Min="0" Max="4700">0</VFEnum>
                    <VFStdFrom Min="0" Max="4">0</VFStdFrom>
                    <VFStdNum>0</VFStdNum>
                  </VideoFormat>
                </EDIDOut>
              </HDMIOutput>
            </Out>
            <Out id="3">
              <Capacity LegalValues="0 1">1</Capacity>
              <DPOut id="0">
                <HdcpAuth Min="0" Max="1">0</HdcpAuth>
                <EDIDOut id="0">
                  <EDIDValid Min="0" Max="1">0</EDIDValid>
                  <SupportHdmi Min="0" Max="1">0</SupportHdmi>
                  <SupportRGB Min="0" Max="1">1</SupportRGB>
                  <SupportSMPTE Min="0" Max="1">1</SupportSMPTE>
                  <Support444 Min="0" Max="1">1</Support444>
                  <Support422 Min="0" Max="1">1</Support422>
                  <BitDepth48 Min="0" Max="1">1</BitDepth48>
                  <BitDepth36 Min="0" Max="1">1</BitDepth36>
                  <BitDepth30 Min="0" Max="1">1</BitDepth30>
                  <BitDepth LegalValues="0 1 2 3 4 5">1</BitDepth>
                  <MaxTmds Min="0" Max="255">0</MaxTmds>
                  <VideoFormat id="0">
                    <Name>Empty</Name>
                    <HFreq>0</HFreq>
                    <HSync Min="1" Max="1">1</HSync>
                    <HActive Min="0" Max="0">0</HActive>
                    <HFP Min="0" Max="0">0</HFP>
                    <HTotal Min="1" Max="8191">1</HTotal>
                    <VFreq Min="20" Max="75">20</VFreq>
                    <VSync Min="1" Max="1">1</VSync>
                    <VActive Min="0" Max="0">0</VActive>
                    <VFP Min="0" Max="0">0</VFP>
                    <VTotal Min="1" Max="8191">1</VTotal>
                    <PixelClk>0</PixelClk>
                    <HSP Min="78" Max="80">80</HSP>
                    <VSP Min="78" Max="80">80</VSP>
                    <AR Min="0" Max="1000">0</AR>
                    <Interlaced>80</Interlaced>
                    <VFType Min="0" Max="0">0</VFType>
                    <VFEnum Min="0" Max="4700">0</VFEnum>
                    <VFStdFrom Min="0" Max="4">0</VFStdFrom>
                    <VFStdNum>0</VFStdNum>
                  </VideoFormat>
                </EDIDOut>
              </DPOut>
              <DVIOut id="0">
                <HdcpAuth Min="0" Max="1">0</HdcpAuth>
                <EDIDOut id="0">
                  <EDIDValid Min="0" Max="1">0</EDIDValid>
                  <SupportHdmi Min="0" Max="1">0</SupportHdmi>
                  <SupportRGB Min="0" Max="1">1</SupportRGB>
                  <SupportSMPTE Min="0" Max="1">1</SupportSMPTE>
                  <Support444 Min="0" Max="1">1</Support444>
                  <Support422 Min="0" Max="1">1</Support422>
                  <BitDepth48 Min="0" Max="1">1</BitDepth48>
                  <BitDepth36 Min="0" Max="1">1</BitDepth36>
                  <BitDepth30 Min="0" Max="1">1</BitDepth30>
                  <BitDepth LegalValues="0 1 2 3 4 5">1</BitDepth>
                  <MaxTmds Min="0" Max="255">0</MaxTmds>
                  <VideoFormat id="0">
                    <Name>Empty</Name>
                    <HFreq>0</HFreq>
                    <HSync Min="1" Max="1">1</HSync>
                    <HActive Min="0" Max="0">0</HActive>
                    <HFP Min="0" Max="0">0</HFP>
                    <HTotal Min="1" Max="8191">1</HTotal>
                    <VFreq Min="20" Max="75">20</VFreq>
                    <VSync Min="1" Max="1">1</VSync>
                    <VActive Min="0" Max="0">0</VActive>
                    <VFP Min="0" Max="0">0</VFP>
                    <VTotal Min="1" Max="8191">1</VTotal>
                    <PixelClk>0</PixelClk>
                    <HSP Min="78" Max="80">80</HSP>
                    <VSP Min="78" Max="80">80</VSP>
                    <AR Min="0" Max="1000">0</AR>
                    <Interlaced>80</Interlaced>
                    <VFType Min="0" Max="0">0</VFType>
                    <VFEnum Min="0" Max="4700">0</VFEnum>
                    <VFStdFrom Min="0" Max="4">0</VFStdFrom>
                    <VFStdNum>0</VFStdNum>
                  </VideoFormat>
                </EDIDOut>
              </DVIOut>
              <SDIOut id="0">
                <Type3G LegalValues="0 1 2 3">2</Type3G>
              </SDIOut>
              <HDMIOutput id="0">
                <HdcpAuth Min="0" Max="1">0</HdcpAuth>
                <SinkType Min="0" Max="1">1</SinkType>
                <EDIDOut id="0">
                  <EDIDValid Min="0" Max="1">0</EDIDValid>
                  <SupportHdmi Min="0" Max="1">0</SupportHdmi>
                  <SupportRGB Min="0" Max="1">1</SupportRGB>
                  <SupportSMPTE Min="0" Max="1">1</SupportSMPTE>
                  <Support444 Min="0" Max="1">1</Support444>
                  <Support422 Min="0" Max="1">1</Support422>
                  <BitDepth48 Min="0" Max="1">1</BitDepth48>
                  <BitDepth36 Min="0" Max="1">1</BitDepth36>
                  <BitDepth30 Min="0" Max="1">1</BitDepth30>
                  <BitDepth LegalValues="0 1 2 3 4 5">1</BitDepth>
                  <MaxTmds Min="0" Max="255">0</MaxTmds>
                  <VideoFormat id="0">
                    <Name>Empty</Name>
                    <HFreq>0</HFreq>
                    <HSync Min="1" Max="1">1</HSync>
                    <HActive Min="0" Max="0">0</HActive>
                    <HFP Min="0" Max="0">0</HFP>
                    <HTotal Min="1" Max="8191">1</HTotal>
                    <VFreq Min="20" Max="75">20</VFreq>
                    <VSync Min="1" Max="1">1</VSync>
                    <VActive Min="0" Max="0">0</VActive>
                    <VFP Min="0" Max="0">0</VFP>
                    <VTotal Min="1" Max="8191">1</VTotal>
                    <PixelClk>0</PixelClk>
                    <HSP Min="78" Max="80">80</HSP>
                    <VSP Min="78" Max="80">80</VSP>
                    <AR Min="0" Max="1000">0</AR>
                    <Interlaced>80</Interlaced>
                    <VFType Min="0" Max="0">0</VFType>
                    <VFEnum Min="0" Max="4700">0</VFEnum>
                    <VFStdFrom Min="0" Max="4">0</VFStdFrom>
                    <VFStdNum>0</VFStdNum>
                  </VideoFormat>
                </EDIDOut>
              </HDMIOutput>
            </Out>
          </CardOut>
        </Card>
      </Slot>
      <Slot id="14">
        <Card id="0">
          <CardStatus Min="0" Max="4">2</CardStatus>
          <CardType Min="0" Max="255">50</CardType>
          <CardID>Card14</CardID>
          <SlotIndex Min="-1" Max="23">14</SlotIndex>
          <CardLayer id="0">
            <BankIndex Min="-1" Max="4">0</BankIndex>
            <VpuIndex Min="-1" Max="4">0</VpuIndex>
            <Luma Min="0" Max="100">37.5</Luma>
            <Sat Min="0" Max="100">100</Sat>
            <Hue Min="0" Max="360">0</Hue>
            <LinkAssign id="0">
              <XPos Min="0" Max="1000000">0</XPos>
              <YPos Min="0" Max="1000000">0</YPos>
              <ZPos Min="0" Max="1000000">0</ZPos>
              <DestIndex Min="-1" Max="127">0</DestIndex>
              <Rect id="0">
                <HPos Min="-32767" Max="32767">0</HPos>
                <VPos Min="-32767" Max="32767">0</VPos>
                <HSize Min="0" Max="32767">1680</HSize>
                <VSize Min="0" Max="32767">1050</VSize>
                <AR Min="0" Max="99">0</AR>
              </Rect>
            </LinkAssign>
            <LinkAssign id="1">
              <XPos Min="0" Max="1000000">0</XPos>
              <YPos Min="0" Max="1000000">0</YPos>
              <ZPos Min="0" Max="1000000">0</ZPos>
              <DestIndex Min="-1" Max="127">1</DestIndex>
              <Rect id="0">
                <HPos Min="-32767" Max="32767">0</HPos>
                <VPos Min="-32767" Max="32767">0</VPos>
                <HSize Min="0" Max="32767">1920</HSize>
                <VSize Min="0" Max="32767">1080</VSize>
                <AR Min="0" Max="99">0</AR>
              </Rect>
            </LinkAssign>
            <LinkAssign id="2">
              <XPos Min="0" Max="1000000">-1</XPos>
              <YPos Min="0" Max="1000000">-1</YPos>
              <ZPos Min="0" Max="1000000">-1</ZPos>
              <DestIndex Min="-1" Max="127">-1</DestIndex>
              <Rect id="0">
                <HPos Min="-32767" Max="32767">0</HPos>
                <VPos Min="-32767" Max="32767">0</VPos>
                <HSize Min="0" Max="32767">0</HSize>
                <VSize Min="0" Max="32767">0</VSize>
                <AR Min="0" Max="99">0</AR>
              </Rect>
            </LinkAssign>
            <LinkAssign id="3">
              <XPos Min="0" Max="1000000">-1</XPos>
              <YPos Min="0" Max="1000000">-1</YPos>
              <ZPos Min="0" Max="1000000">-1</ZPos>
              <DestIndex Min="-1" Max="127">-1</DestIndex>
              <Rect id="0">
                <HPos Min="-32767" Max="32767">0</HPos>
                <VPos Min="-32767" Max="32767">0</VPos>
                <HSize Min="0" Max="32767">0</HSize>
                <VSize Min="0" Max="32767">0</VSize>
                <AR Min="0" Max="99">0</AR>
              </Rect>
            </LinkAssign>
            <ScalerAssign id="0">
              <YPos Min="0" Max="1000000">0</YPos>
              <ZPos Min="0" Max="1000000">0</ZPos>
              <LayerIndex Min="-1" Max="512">0</LayerIndex>
              <DestIndex Min="-1" Max="127">0</DestIndex>
            </ScalerAssign>
            <ScalerAssign id="1">
              <YPos Min="0" Max="1000000">0</YPos>
              <ZPos Min="0" Max="1000000">0</ZPos>
              <LayerIndex Min="-1" Max="512">1</LayerIndex>
              <DestIndex Min="-1" Max="127">0</DestIndex>
            </ScalerAssign>
            <ScalerAssign id="2">
              <YPos Min="0" Max="1000000">0</YPos>
              <ZPos Min="0" Max="1000000">0</ZPos>
              <LayerIndex Min="-1" Max="512">2</LayerIndex>
              <DestIndex Min="-1" Max="127">0</DestIndex>
            </ScalerAssign>
            <ScalerAssign id="3">
              <YPos Min="0" Max="1000000">0</YPos>
              <ZPos Min="0" Max="1000000">0</ZPos>
              <LayerIndex Min="-1" Max="512">3</LayerIndex>
              <DestIndex Min="-1" Max="127">0</DestIndex>
            </ScalerAssign>
          </CardLayer>
        </Card>
      </Slot>
      <Slot id="15">
        <Card id="0">
          <CardStatus Min="0" Max="4">2</CardStatus>
          <CardType Min="0" Max="255">50</CardType>
          <CardID>Card15</CardID>
          <SlotIndex Min="-1" Max="23">15</SlotIndex>
          <CardLayer id="0">
            <BankIndex Min="-1" Max="4">0</BankIndex>
            <VpuIndex Min="-1" Max="4">1</VpuIndex>
            <Luma Min="0" Max="100">37.5</Luma>
            <Sat Min="0" Max="100">100</Sat>
            <Hue Min="0" Max="360">0</Hue>
            <LinkAssign id="0">
              <XPos Min="0" Max="1000000">0</XPos>
              <YPos Min="0" Max="1000000">0</YPos>
              <ZPos Min="0" Max="1000000">0</ZPos>
              <DestIndex Min="-1" Max="127">0</DestIndex>
              <Rect id="0">
                <HPos Min="-32767" Max="32767">0</HPos>
                <VPos Min="-32767" Max="32767">0</VPos>
                <HSize Min="0" Max="32767">1680</HSize>
                <VSize Min="0" Max="32767">1050</VSize>
                <AR Min="0" Max="99">0</AR>
              </Rect>
            </LinkAssign>
            <LinkAssign id="1">
              <XPos Min="0" Max="1000000">0</XPos>
              <YPos Min="0" Max="1000000">0</YPos>
              <ZPos Min="0" Max="1000000">0</ZPos>
              <DestIndex Min="-1" Max="127">1</DestIndex>
              <Rect id="0">
                <HPos Min="-32767" Max="32767">0</HPos>
                <VPos Min="-32767" Max="32767">0</VPos>
                <HSize Min="0" Max="32767">1920</HSize>
                <VSize Min="0" Max="32767">1080</VSize>
                <AR Min="0" Max="99">0</AR>
              </Rect>
            </LinkAssign>
            <LinkAssign id="2">
              <XPos Min="0" Max="1000000">-1</XPos>
              <YPos Min="0" Max="1000000">-1</YPos>
              <ZPos Min="0" Max="1000000">-1</ZPos>
              <DestIndex Min="-1" Max="127">-1</DestIndex>
              <Rect id="0">
                <HPos Min="-32767" Max="32767">0</HPos>
                <VPos Min="-32767" Max="32767">0</VPos>
                <HSize Min="0" Max="32767">0</HSize>
                <VSize Min="0" Max="32767">0</VSize>
                <AR Min="0" Max="99">0</AR>
              </Rect>
            </LinkAssign>
            <LinkAssign id="3">
              <XPos Min="0" Max="1000000">-1</XPos>
              <YPos Min="0" Max="1000000">-1</YPos>
              <ZPos Min="0" Max="1000000">-1</ZPos>
              <DestIndex Min="-1" Max="127">-1</DestIndex>
              <Rect id="0">
                <HPos Min="-32767" Max="32767">0</HPos>
                <VPos Min="-32767" Max="32767">0</VPos>
                <HSize Min="0" Max="32767">0</HSize>
                <VSize Min="0" Max="32767">0</VSize>
                <AR Min="0" Max="99">0</AR>
              </Rect>
            </LinkAssign>
            <ScalerAssign id="0">
              <YPos Min="0" Max="1000000">0</YPos>
              <ZPos Min="0" Max="1000000">0</ZPos>
              <LayerIndex Min="-1" Max="512">4</LayerIndex>
              <DestIndex Min="-1" Max="127">0</DestIndex>
            </ScalerAssign>
            <ScalerAssign id="1">
              <YPos Min="0" Max="1000000">0</YPos>
              <ZPos Min="0" Max="1000000">0</ZPos>
              <LayerIndex Min="-1" Max="512">5</LayerIndex>
              <DestIndex Min="-1" Max="127">0</DestIndex>
            </ScalerAssign>
            <ScalerAssign id="2">
              <YPos Min="0" Max="1000000">0</YPos>
              <ZPos Min="0" Max="1000000">0</ZPos>
              <LayerIndex Min="-1" Max="512">0</LayerIndex>
              <DestIndex Min="-1" Max="127">1</DestIndex>
            </ScalerAssign>
            <ScalerAssign id="3">
              <YPos Min="0" Max="1000000">0</YPos>
              <ZPos Min="0" Max="1000000">0</ZPos>
              <LayerIndex Min="-1" Max="512">1</LayerIndex>
              <DestIndex Min="-1" Max="127">1</DestIndex>
            </ScalerAssign>
          </CardLayer>
        </Card>
      </Slot>
      <Slot id="16">
        <Card id="0">
          <CardStatus Min="0" Max="4">2</CardStatus>
          <CardType Min="0" Max="255">50</CardType>
          <CardID>Card16</CardID>
          <SlotIndex Min="-1" Max="23">16</SlotIndex>
          <CardLayer id="0">
            <BankIndex Min="-1" Max="4">0</BankIndex>
            <VpuIndex Min="-1" Max="4">2</VpuIndex>
            <Luma Min="0" Max="100">37.5</Luma>
            <Sat Min="0" Max="100">100</Sat>
            <Hue Min="0" Max="360">0</Hue>
            <LinkAssign id="0">
              <XPos Min="0" Max="1000000">0</XPos>
              <YPos Min="0" Max="1000000">0</YPos>
              <ZPos Min="0" Max="1000000">0</ZPos>
              <DestIndex Min="-1" Max="127">0</DestIndex>
              <Rect id="0">
                <HPos Min="-32767" Max="32767">0</HPos>
                <VPos Min="-32767" Max="32767">0</VPos>
                <HSize Min="0" Max="32767">1680</HSize>
                <VSize Min="0" Max="32767">1050</VSize>
                <AR Min="0" Max="99">0</AR>
              </Rect>
            </LinkAssign>
            <LinkAssign id="1">
              <XPos Min="0" Max="1000000">0</XPos>
              <YPos Min="0" Max="1000000">0</YPos>
              <ZPos Min="0" Max="1000000">0</ZPos>
              <DestIndex Min="-1" Max="127">1</DestIndex>
              <Rect id="0">
                <HPos Min="-32767" Max="32767">0</HPos>
                <VPos Min="-32767" Max="32767">0</VPos>
                <HSize Min="0" Max="32767">1920</HSize>
                <VSize Min="0" Max="32767">1080</VSize>
                <AR Min="0" Max="99">0</AR>
              </Rect>
            </LinkAssign>
            <LinkAssign id="2">
              <XPos Min="0" Max="1000000">-1</XPos>
              <YPos Min="0" Max="1000000">-1</YPos>
              <ZPos Min="0" Max="1000000">-1</ZPos>
              <DestIndex Min="-1" Max="127">-1</DestIndex>
              <Rect id="0">
                <HPos Min="-32767" Max="32767">0</HPos>
                <VPos Min="-32767" Max="32767">0</VPos>
                <HSize Min="0" Max="32767">0</HSize>
                <VSize Min="0" Max="32767">0</VSize>
                <AR Min="0" Max="99">0</AR>
              </Rect>
            </LinkAssign>
            <LinkAssign id="3">
              <XPos Min="0" Max="1000000">-1</XPos>
              <YPos Min="0" Max="1000000">-1</YPos>
              <ZPos Min="0" Max="1000000">-1</ZPos>
              <DestIndex Min="-1" Max="127">-1</DestIndex>
              <Rect id="0">
                <HPos Min="-32767" Max="32767">0</HPos>
                <VPos Min="-32767" Max="32767">0</VPos>
                <HSize Min="0" Max="32767">0</HSize>
                <VSize Min="0" Max="32767">0</VSize>
                <AR Min="0" Max="99">0</AR>
              </Rect>
            </LinkAssign>
            <ScalerAssign id="0">
              <YPos Min="0" Max="1000000">0</YPos>
              <ZPos Min="0" Max="1000000">0</ZPos>
              <LayerIndex Min="-1" Max="512">2</LayerIndex>
              <DestIndex Min="-1" Max="127">1</DestIndex>
            </ScalerAssign>
            <ScalerAssign id="1">
              <YPos Min="0" Max="1000000">0</YPos>
              <ZPos Min="0" Max="1000000">0</ZPos>
              <LayerIndex Min="-1" Max="512">3</LayerIndex>
              <DestIndex Min="-1" Max="127">1</DestIndex>
            </ScalerAssign>
            <ScalerAssign id="2">
              <YPos Min="0" Max="1000000">0</YPos>
              <ZPos Min="0" Max="1000000">0</ZPos>
              <LayerIndex Min="-1" Max="512">4</LayerIndex>
              <DestIndex Min="-1" Max="127">1</DestIndex>
            </ScalerAssign>
            <ScalerAssign id="3">
              <YPos Min="0" Max="1000000">0</YPos>
              <ZPos Min="0" Max="1000000">0</ZPos>
              <LayerIndex Min="-1" Max="512">5</LayerIndex>
              <DestIndex Min="-1" Max="127">1</DestIndex>
            </ScalerAssign>
          </CardLayer>
        </Card>
      </Slot>
      <Slot id="17">
        <Card id="0">
          <CardStatus Min="0" Max="4">2</CardStatus>
          <CardType Min="0" Max="255">50</CardType>
          <CardID>Card17</CardID>
          <SlotIndex Min="-1" Max="23">17</SlotIndex>
          <CardLayer id="0">
            <BankIndex Min="-1" Max="4">0</BankIndex>
            <VpuIndex Min="-1" Max="4">3</VpuIndex>
            <Luma Min="0" Max="100">37.5</Luma>
            <Sat Min="0" Max="100">100</Sat>
            <Hue Min="0" Max="360">0</Hue>
            <LinkAssign id="0">
              <XPos Min="0" Max="1000000">0</XPos>
              <YPos Min="0" Max="1000000">0</YPos>
              <ZPos Min="0" Max="1000000">0</ZPos>
              <DestIndex Min="-1" Max="127">0</DestIndex>
              <Rect id="0">
                <HPos Min="-32767" Max="32767">0</HPos>
                <VPos Min="-32767" Max="32767">0</VPos>
                <HSize Min="0" Max="32767">1680</HSize>
                <VSize Min="0" Max="32767">1050</VSize>
                <AR Min="0" Max="99">0</AR>
              </Rect>
            </LinkAssign>
            <LinkAssign id="1">
              <XPos Min="0" Max="1000000">0</XPos>
              <YPos Min="0" Max="1000000">0</YPos>
              <ZPos Min="0" Max="1000000">0</ZPos>
              <DestIndex Min="-1" Max="127">1</DestIndex>
              <Rect id="0">
                <HPos Min="-32767" Max="32767">0</HPos>
                <VPos Min="-32767" Max="32767">0</VPos>
                <HSize Min="0" Max="32767">1920</HSize>
                <VSize Min="0" Max="32767">1080</VSize>
                <AR Min="0" Max="99">0</AR>
              </Rect>
            </LinkAssign>
            <LinkAssign id="2">
              <XPos Min="0" Max="1000000">-1</XPos>
              <YPos Min="0" Max="1000000">-1</YPos>
              <ZPos Min="0" Max="1000000">-1</ZPos>
              <DestIndex Min="-1" Max="127">-1</DestIndex>
              <Rect id="0">
                <HPos Min="-32767" Max="32767">0</HPos>
                <VPos Min="-32767" Max="32767">0</VPos>
                <HSize Min="0" Max="32767">0</HSize>
                <VSize Min="0" Max="32767">0</VSize>
                <AR Min="0" Max="99">0</AR>
              </Rect>
            </LinkAssign>
            <LinkAssign id="3">
              <XPos Min="0" Max="1000000">-1</XPos>
              <YPos Min="0" Max="1000000">-1</YPos>
              <ZPos Min="0" Max="1000000">-1</ZPos>
              <DestIndex Min="-1" Max="127">-1</DestIndex>
              <Rect id="0">
                <HPos Min="-32767" Max="32767">0</HPos>
                <VPos Min="-32767" Max="32767">0</VPos>
                <HSize Min="0" Max="32767">0</HSize>
                <VSize Min="0" Max="32767">0</VSize>
                <AR Min="0" Max="99">0</AR>
              </Rect>
            </LinkAssign>
            <ScalerAssign id="0">
              <YPos Min="0" Max="1000000">-1</YPos>
              <ZPos Min="0" Max="1000000">-1</ZPos>
              <LayerIndex Min="-1" Max="512">-1</LayerIndex>
              <DestIndex Min="-1" Max="127">-1</DestIndex>
            </ScalerAssign>
            <ScalerAssign id="1">
              <YPos Min="0" Max="1000000">-1</YPos>
              <ZPos Min="0" Max="1000000">-1</ZPos>
              <LayerIndex Min="-1" Max="512">-1</LayerIndex>
              <DestIndex Min="-1" Max="127">-1</DestIndex>
            </ScalerAssign>
            <ScalerAssign id="2">
              <YPos Min="0" Max="1000000">-1</YPos>
              <ZPos Min="0" Max="1000000">-1</ZPos>
              <LayerIndex Min="-1" Max="512">-1</LayerIndex>
              <DestIndex Min="-1" Max="127">-1</DestIndex>
            </ScalerAssign>
            <ScalerAssign id="3">
              <YPos Min="0" Max="1000000">-1</YPos>
              <ZPos Min="0" Max="1000000">-1</ZPos>
              <LayerIndex Min="-1" Max="512">-1</LayerIndex>
              <DestIndex Min="-1" Max="127">-1</DestIndex>
            </ScalerAssign>
          </CardLayer>
        </Card>
      </Slot>
      <Slot id="18">
        <Card id="0">
          <CardStatus Min="0" Max="4">0</CardStatus>
          <CardType Min="0" Max="255">255</CardType>
          <CardID/>
          <SlotIndex Min="-1" Max="23">18</SlotIndex>
          <CardIn id="0">
            <NumOfChan Min="0" Max="4">4</NumOfChan>
            <CapacityStatus Min="0" Max="1">0</CapacityStatus>
            <In id="0">
              <AutoAcqMode Min="0" Max="1">1</AutoAcqMode>
              <Capacity LegalValues="0 1 2 4">0</Capacity>
              <ColorSpace LegalValues="-1 0 1">0</ColorSpace>
              <ColorRange LegalValues="0 1">0</ColorRange>
              <Sync Min="0" Max="2">0</Sync>
              <DPIn id="0">
                <Hdcp id="0">
                  <Mode Min="0" Max="1">0</Mode>
                  <HdcpAuth Min="0" Max="1">0</HdcpAuth>
                </Hdcp>
                <EDIDIn id="0">
                  <BitDepth LegalValues="1 2 3">2</BitDepth>
                  <EdidStatus Min="0" Max="4">0</EdidStatus>
                  <VideoFormat id="0">
                    <Name>1920x1080p @59.94</Name>
                    <HFreq>67433</HFreq>
                    <HSync Min="1" Max="192">88</HSync>
                    <HActive Min="0" Max="2024">1920</HActive>
                    <HFP Min="0" Max="192">88</HFP>
                    <HTotal Min="2096" Max="8191">2200</HTotal>
                    <VFreq Min="20" Max="75">59.9401</VFreq>
                    <VSync Min="1" Max="41">5</VSync>
                    <VActive Min="0" Max="1116">1080</VActive>
                    <VFP Min="0" Max="40">4</VFP>
                    <VTotal Min="1089" Max="8191">1125</VTotal>
                    <PixelClk>148.352</PixelClk>
                    <HSP Min="78" Max="80">80</HSP>
                    <VSP Min="78" Max="80">80</VSP>
                    <AR Min="0" Max="1000">1.77778</AR>
                    <Interlaced>80</Interlaced>
                    <VFType Min="0" Max="0">8</VFType>
                    <VFEnum Min="0" Max="4700">2708</VFEnum>
                    <VFStdFrom Min="0" Max="4">4</VFStdFrom>
                    <VFStdNum>16</VFStdNum>
                  </VideoFormat>
                </EDIDIn>
              </DPIn>
              <DVIIn id="0">
                <Hdcp id="0">
                  <Mode Min="0" Max="1">0</Mode>
                  <HdcpAuth Min="0" Max="1">0</HdcpAuth>
                </Hdcp>
                <EDIDIn id="0">
                  <BitDepth LegalValues="1">1</BitDepth>
                  <EdidStatus Min="0" Max="4">0</EdidStatus>
                  <VideoFormat id="0">
                    <Name>1920x1080p @59.94</Name>
                    <HFreq>67433</HFreq>
                    <HSync Min="1" Max="192">88</HSync>
                    <HActive Min="0" Max="2024">1920</HActive>
                    <HFP Min="0" Max="192">88</HFP>
                    <HTotal Min="2096" Max="8191">2200</HTotal>
                    <VFreq Min="20" Max="75">59.9401</VFreq>
                    <VSync Min="1" Max="41">5</VSync>
                    <VActive Min="0" Max="1116">1080</VActive>
                    <VFP Min="0" Max="40">4</VFP>
                    <VTotal Min="1089" Max="8191">1125</VTotal>
                    <PixelClk>148.352</PixelClk>
                    <HSP Min="78" Max="80">80</HSP>
                    <VSP Min="78" Max="80">80</VSP>
                    <AR Min="0" Max="1000">1.77778</AR>
                    <Interlaced>80</Interlaced>
                    <VFType Min="0" Max="0">8</VFType>
                    <VFEnum Min="0" Max="4700">2708</VFEnum>
                    <VFStdFrom Min="0" Max="4">4</VFStdFrom>
                    <VFStdNum>16</VFStdNum>
                  </VideoFormat>
                </EDIDIn>
              </DVIIn>
              <SDIIn id="0">
                <Type3G LegalValues="0 1 2 3">2</Type3G>
              </SDIIn>
              <HDMIIn id="0">
                <Hdcp id="0">
                  <Mode Min="0" Max="1">0</Mode>
                  <HdcpAuth Min="0" Max="1">0</HdcpAuth>
                </Hdcp>
                <EDIDIn id="0">
                  <BitDepth LegalValues="1 2 3">3</BitDepth>
                  <EdidStatus Min="0" Max="4">0</EdidStatus>
                  <VideoFormat id="0">
                    <Name>1920x1080p @59.94</Name>
                    <HFreq>67433</HFreq>
                    <HSync Min="1" Max="192">88</HSync>
                    <HActive Min="0" Max="2024">1920</HActive>
                    <HFP Min="0" Max="192">88</HFP>
                    <HTotal Min="2096" Max="8191">2200</HTotal>
                    <VFreq Min="20" Max="75">59.9401</VFreq>
                    <VSync Min="1" Max="41">5</VSync>
                    <VActive Min="0" Max="1116">1080</VActive>
                    <VFP Min="0" Max="40">4</VFP>
                    <VTotal Min="1089" Max="8191">1125</VTotal>
                    <PixelClk>148.352</PixelClk>
                    <HSP Min="78" Max="80">80</HSP>
                    <VSP Min="78" Max="80">80</VSP>
                    <AR Min="0" Max="1000">1.77778</AR>
                    <Interlaced>80</Interlaced>
                    <VFType Min="0" Max="0">8</VFType>
                    <VFEnum Min="0" Max="4700">2708</VFEnum>
                    <VFStdFrom Min="0" Max="4">4</VFStdFrom>
                    <VFStdNum>16</VFStdNum>
                  </VideoFormat>
                </EDIDIn>
              </HDMIIn>
              <VideoFormat id="0">
                <Name>Empty</Name>
                <HFreq>0</HFreq>
                <HSync Min="1" Max="1">1</HSync>
                <HActive Min="0" Max="0">0</HActive>
                <HFP Min="0" Max="0">0</HFP>
                <HTotal Min="1" Max="8191">1</HTotal>
                <VFreq Min="20" Max="75">20</VFreq>
                <VSync Min="1" Max="1">1</VSync>
                <VActive Min="0" Max="0">0</VActive>
                <VFP Min="0" Max="0">0</VFP>
                <VTotal Min="1" Max="8191">1</VTotal>
                <PixelClk>0</PixelClk>
                <HSP Min="78" Max="80">80</HSP>
                <VSP Min="78" Max="80">80</VSP>
                <AR Min="0" Max="1000">0</AR>
                <Interlaced>80</Interlaced>
                <VFType Min="0" Max="0">0</VFType>
                <VFEnum Min="0" Max="4700">0</VFEnum>
                <VFStdFrom Min="0" Max="4">0</VFStdFrom>
                <VFStdNum>0</VFStdNum>
              </VideoFormat>
            </In>
            <In id="1">
              <AutoAcqMode Min="0" Max="1">1</AutoAcqMode>
              <Capacity LegalValues="0 1 2 4">0</Capacity>
              <ColorSpace LegalValues="-1 0 1">0</ColorSpace>
              <ColorRange LegalValues="0 1">0</ColorRange>
              <Sync Min="0" Max="2">0</Sync>
              <DPIn id="0">
                <Hdcp id="0">
                  <Mode Min="0" Max="1">0</Mode>
                  <HdcpAuth Min="0" Max="1">0</HdcpAuth>
                </Hdcp>
                <EDIDIn id="0">
                  <BitDepth LegalValues="1 2 3">2</BitDepth>
                  <EdidStatus Min="0" Max="4">0</EdidStatus>
                  <VideoFormat id="0">
                    <Name>1920x1080p @59.94</Name>
                    <HFreq>67433</HFreq>
                    <HSync Min="1" Max="192">88</HSync>
                    <HActive Min="0" Max="2024">1920</HActive>
                    <HFP Min="0" Max="192">88</HFP>
                    <HTotal Min="2096" Max="8191">2200</HTotal>
                    <VFreq Min="20" Max="75">59.9401</VFreq>
                    <VSync Min="1" Max="41">5</VSync>
                    <VActive Min="0" Max="1116">1080</VActive>
                    <VFP Min="0" Max="40">4</VFP>
                    <VTotal Min="1089" Max="8191">1125</VTotal>
                    <PixelClk>148.352</PixelClk>
                    <HSP Min="78" Max="80">80</HSP>
                    <VSP Min="78" Max="80">80</VSP>
                    <AR Min="0" Max="1000">1.77778</AR>
                    <Interlaced>80</Interlaced>
                    <VFType Min="0" Max="0">8</VFType>
                    <VFEnum Min="0" Max="4700">2708</VFEnum>
                    <VFStdFrom Min="0" Max="4">4</VFStdFrom>
                    <VFStdNum>16</VFStdNum>
                  </VideoFormat>
                </EDIDIn>
              </DPIn>
              <DVIIn id="0">
                <Hdcp id="0">
                  <Mode Min="0" Max="1">0</Mode>
                  <HdcpAuth Min="0" Max="1">0</HdcpAuth>
                </Hdcp>
                <EDIDIn id="0">
                  <BitDepth LegalValues="1">1</BitDepth>
                  <EdidStatus Min="0" Max="4">0</EdidStatus>
                  <VideoFormat id="0">
                    <Name>1920x1080p @59.94</Name>
                    <HFreq>67433</HFreq>
                    <HSync Min="1" Max="192">88</HSync>
                    <HActive Min="0" Max="2024">1920</HActive>
                    <HFP Min="0" Max="192">88</HFP>
                    <HTotal Min="2096" Max="8191">2200</HTotal>
                    <VFreq Min="20" Max="75">59.9401</VFreq>
                    <VSync Min="1" Max="41">5</VSync>
                    <VActive Min="0" Max="1116">1080</VActive>
                    <VFP Min="0" Max="40">4</VFP>
                    <VTotal Min="1089" Max="8191">1125</VTotal>
                    <PixelClk>148.352</PixelClk>
                    <HSP Min="78" Max="80">80</HSP>
                    <VSP Min="78" Max="80">80</VSP>
                    <AR Min="0" Max="1000">1.77778</AR>
                    <Interlaced>80</Interlaced>
                    <VFType Min="0" Max="0">8</VFType>
                    <VFEnum Min="0" Max="4700">2708</VFEnum>
                    <VFStdFrom Min="0" Max="4">4</VFStdFrom>
                    <VFStdNum>16</VFStdNum>
                  </VideoFormat>
                </EDIDIn>
              </DVIIn>
              <SDIIn id="0">
                <Type3G LegalValues="0 1 2 3">2</Type3G>
              </SDIIn>
              <HDMIIn id="0">
                <Hdcp id="0">
                  <Mode Min="0" Max="1">0</Mode>
                  <HdcpAuth Min="0" Max="1">0</HdcpAuth>
                </Hdcp>
                <EDIDIn id="0">
                  <BitDepth LegalValues="1 2 3">3</BitDepth>
                  <EdidStatus Min="0" Max="4">0</EdidStatus>
                  <VideoFormat id="0">
                    <Name>1920x1080p @59.94</Name>
                    <HFreq>67433</HFreq>
                    <HSync Min="1" Max="192">88</HSync>
                    <HActive Min="0" Max="2024">1920</HActive>
                    <HFP Min="0" Max="192">88</HFP>
                    <HTotal Min="2096" Max="8191">2200</HTotal>
                    <VFreq Min="20" Max="75">59.9401</VFreq>
                    <VSync Min="1" Max="41">5</VSync>
                    <VActive Min="0" Max="1116">1080</VActive>
                    <VFP Min="0" Max="40">4</VFP>
                    <VTotal Min="1089" Max="8191">1125</VTotal>
                    <PixelClk>148.352</PixelClk>
                    <HSP Min="78" Max="80">80</HSP>
                    <VSP Min="78" Max="80">80</VSP>
                    <AR Min="0" Max="1000">1.77778</AR>
                    <Interlaced>80</Interlaced>
                    <VFType Min="0" Max="0">8</VFType>
                    <VFEnum Min="0" Max="4700">2708</VFEnum>
                    <VFStdFrom Min="0" Max="4">4</VFStdFrom>
                    <VFStdNum>16</VFStdNum>
                  </VideoFormat>
                </EDIDIn>
              </HDMIIn>
              <VideoFormat id="0">
                <Name>Empty</Name>
                <HFreq>0</HFreq>
                <HSync Min="1" Max="1">1</HSync>
                <HActive Min="0" Max="0">0</HActive>
                <HFP Min="0" Max="0">0</HFP>
                <HTotal Min="1" Max="8191">1</HTotal>
                <VFreq Min="20" Max="75">20</VFreq>
                <VSync Min="1" Max="1">1</VSync>
                <VActive Min="0" Max="0">0</VActive>
                <VFP Min="0" Max="0">0</VFP>
                <VTotal Min="1" Max="8191">1</VTotal>
                <PixelClk>0</PixelClk>
                <HSP Min="78" Max="80">80</HSP>
                <VSP Min="78" Max="80">80</VSP>
                <AR Min="0" Max="1000">0</AR>
                <Interlaced>80</Interlaced>
                <VFType Min="0" Max="0">0</VFType>
                <VFEnum Min="0" Max="4700">0</VFEnum>
                <VFStdFrom Min="0" Max="4">0</VFStdFrom>
                <VFStdNum>0</VFStdNum>
              </VideoFormat>
            </In>
            <In id="2">
              <AutoAcqMode Min="0" Max="1">1</AutoAcqMode>
              <Capacity LegalValues="0 1 2 4">0</Capacity>
              <ColorSpace LegalValues="-1 0 1">0</ColorSpace>
              <ColorRange LegalValues="0 1">0</ColorRange>
              <Sync Min="0" Max="2">0</Sync>
              <DPIn id="0">
                <Hdcp id="0">
                  <Mode Min="0" Max="1">0</Mode>
                  <HdcpAuth Min="0" Max="1">0</HdcpAuth>
                </Hdcp>
                <EDIDIn id="0">
                  <BitDepth LegalValues="1 2 3">2</BitDepth>
                  <EdidStatus Min="0" Max="4">0</EdidStatus>
                  <VideoFormat id="0">
                    <Name>1920x1080p @59.94</Name>
                    <HFreq>67433</HFreq>
                    <HSync Min="1" Max="192">88</HSync>
                    <HActive Min="0" Max="2024">1920</HActive>
                    <HFP Min="0" Max="192">88</HFP>
                    <HTotal Min="2096" Max="8191">2200</HTotal>
                    <VFreq Min="20" Max="75">59.9401</VFreq>
                    <VSync Min="1" Max="41">5</VSync>
                    <VActive Min="0" Max="1116">1080</VActive>
                    <VFP Min="0" Max="40">4</VFP>
                    <VTotal Min="1089" Max="8191">1125</VTotal>
                    <PixelClk>148.352</PixelClk>
                    <HSP Min="78" Max="80">80</HSP>
                    <VSP Min="78" Max="80">80</VSP>
                    <AR Min="0" Max="1000">1.77778</AR>
                    <Interlaced>80</Interlaced>
                    <VFType Min="0" Max="0">8</VFType>
                    <VFEnum Min="0" Max="4700">2708</VFEnum>
                    <VFStdFrom Min="0" Max="4">4</VFStdFrom>
                    <VFStdNum>16</VFStdNum>
                  </VideoFormat>
                </EDIDIn>
              </DPIn>
              <DVIIn id="0">
                <Hdcp id="0">
                  <Mode Min="0" Max="1">0</Mode>
                  <HdcpAuth Min="0" Max="1">0</HdcpAuth>
                </Hdcp>
                <EDIDIn id="0">
                  <BitDepth LegalValues="1">1</BitDepth>
                  <EdidStatus Min="0" Max="4">0</EdidStatus>
                  <VideoFormat id="0">
                    <Name>1920x1080p @59.94</Name>
                    <HFreq>67433</HFreq>
                    <HSync Min="1" Max="192">88</HSync>
                    <HActive Min="0" Max="2024">1920</HActive>
                    <HFP Min="0" Max="192">88</HFP>
                    <HTotal Min="2096" Max="8191">2200</HTotal>
                    <VFreq Min="20" Max="75">59.9401</VFreq>
                    <VSync Min="1" Max="41">5</VSync>
                    <VActive Min="0" Max="1116">1080</VActive>
                    <VFP Min="0" Max="40">4</VFP>
                    <VTotal Min="1089" Max="8191">1125</VTotal>
                    <PixelClk>148.352</PixelClk>
                    <HSP Min="78" Max="80">80</HSP>
                    <VSP Min="78" Max="80">80</VSP>
                    <AR Min="0" Max="1000">1.77778</AR>
                    <Interlaced>80</Interlaced>
                    <VFType Min="0" Max="0">8</VFType>
                    <VFEnum Min="0" Max="4700">2708</VFEnum>
                    <VFStdFrom Min="0" Max="4">4</VFStdFrom>
                    <VFStdNum>16</VFStdNum>
                  </VideoFormat>
                </EDIDIn>
              </DVIIn>
              <SDIIn id="0">
                <Type3G LegalValues="0 1 2 3">2</Type3G>
              </SDIIn>
              <HDMIIn id="0">
                <Hdcp id="0">
                  <Mode Min="0" Max="1">0</Mode>
                  <HdcpAuth Min="0" Max="1">0</HdcpAuth>
                </Hdcp>
                <EDIDIn id="0">
                  <BitDepth LegalValues="1 2 3">3</BitDepth>
                  <EdidStatus Min="0" Max="4">0</EdidStatus>
                  <VideoFormat id="0">
                    <Name>1920x1080p @59.94</Name>
                    <HFreq>67433</HFreq>
                    <HSync Min="1" Max="192">88</HSync>
                    <HActive Min="0" Max="2024">1920</HActive>
                    <HFP Min="0" Max="192">88</HFP>
                    <HTotal Min="2096" Max="8191">2200</HTotal>
                    <VFreq Min="20" Max="75">59.9401</VFreq>
                    <VSync Min="1" Max="41">5</VSync>
                    <VActive Min="0" Max="1116">1080</VActive>
                    <VFP Min="0" Max="40">4</VFP>
                    <VTotal Min="1089" Max="8191">1125</VTotal>
                    <PixelClk>148.352</PixelClk>
                    <HSP Min="78" Max="80">80</HSP>
                    <VSP Min="78" Max="80">80</VSP>
                    <AR Min="0" Max="1000">1.77778</AR>
                    <Interlaced>80</Interlaced>
                    <VFType Min="0" Max="0">8</VFType>
                    <VFEnum Min="0" Max="4700">2708</VFEnum>
                    <VFStdFrom Min="0" Max="4">4</VFStdFrom>
                    <VFStdNum>16</VFStdNum>
                  </VideoFormat>
                </EDIDIn>
              </HDMIIn>
              <VideoFormat id="0">
                <Name>Empty</Name>
                <HFreq>0</HFreq>
                <HSync Min="1" Max="1">1</HSync>
                <HActive Min="0" Max="0">0</HActive>
                <HFP Min="0" Max="0">0</HFP>
                <HTotal Min="1" Max="8191">1</HTotal>
                <VFreq Min="20" Max="75">20</VFreq>
                <VSync Min="1" Max="1">1</VSync>
                <VActive Min="0" Max="0">0</VActive>
                <VFP Min="0" Max="0">0</VFP>
                <VTotal Min="1" Max="8191">1</VTotal>
                <PixelClk>0</PixelClk>
                <HSP Min="78" Max="80">80</HSP>
                <VSP Min="78" Max="80">80</VSP>
                <AR Min="0" Max="1000">0</AR>
                <Interlaced>80</Interlaced>
                <VFType Min="0" Max="0">0</VFType>
                <VFEnum Min="0" Max="4700">0</VFEnum>
                <VFStdFrom Min="0" Max="4">0</VFStdFrom>
                <VFStdNum>0</VFStdNum>
              </VideoFormat>
            </In>
            <In id="3">
              <AutoAcqMode Min="0" Max="1">1</AutoAcqMode>
              <Capacity LegalValues="0 1 2 4">0</Capacity>
              <ColorSpace LegalValues="-1 0 1">0</ColorSpace>
              <ColorRange LegalValues="0 1">0</ColorRange>
              <Sync Min="0" Max="2">0</Sync>
              <DPIn id="0">
                <Hdcp id="0">
                  <Mode Min="0" Max="1">0</Mode>
                  <HdcpAuth Min="0" Max="1">0</HdcpAuth>
                </Hdcp>
                <EDIDIn id="0">
                  <BitDepth LegalValues="1 2 3">2</BitDepth>
                  <EdidStatus Min="0" Max="4">0</EdidStatus>
                  <VideoFormat id="0">
                    <Name>1920x1080p @59.94</Name>
                    <HFreq>67433</HFreq>
                    <HSync Min="1" Max="192">88</HSync>
                    <HActive Min="0" Max="2024">1920</HActive>
                    <HFP Min="0" Max="192">88</HFP>
                    <HTotal Min="2096" Max="8191">2200</HTotal>
                    <VFreq Min="20" Max="75">59.9401</VFreq>
                    <VSync Min="1" Max="41">5</VSync>
                    <VActive Min="0" Max="1116">1080</VActive>
                    <VFP Min="0" Max="40">4</VFP>
                    <VTotal Min="1089" Max="8191">1125</VTotal>
                    <PixelClk>148.352</PixelClk>
                    <HSP Min="78" Max="80">80</HSP>
                    <VSP Min="78" Max="80">80</VSP>
                    <AR Min="0" Max="1000">1.77778</AR>
                    <Interlaced>80</Interlaced>
                    <VFType Min="0" Max="0">8</VFType>
                    <VFEnum Min="0" Max="4700">2708</VFEnum>
                    <VFStdFrom Min="0" Max="4">4</VFStdFrom>
                    <VFStdNum>16</VFStdNum>
                  </VideoFormat>
                </EDIDIn>
              </DPIn>
              <DVIIn id="0">
                <Hdcp id="0">
                  <Mode Min="0" Max="1">0</Mode>
                  <HdcpAuth Min="0" Max="1">0</HdcpAuth>
                </Hdcp>
                <EDIDIn id="0">
                  <BitDepth LegalValues="1">1</BitDepth>
                  <EdidStatus Min="0" Max="4">0</EdidStatus>
                  <VideoFormat id="0">
                    <Name>1920x1080p @59.94</Name>
                    <HFreq>67433</HFreq>
                    <HSync Min="1" Max="192">88</HSync>
                    <HActive Min="0" Max="2024">1920</HActive>
                    <HFP Min="0" Max="192">88</HFP>
                    <HTotal Min="2096" Max="8191">2200</HTotal>
                    <VFreq Min="20" Max="75">59.9401</VFreq>
                    <VSync Min="1" Max="41">5</VSync>
                    <VActive Min="0" Max="1116">1080</VActive>
                    <VFP Min="0" Max="40">4</VFP>
                    <VTotal Min="1089" Max="8191">1125</VTotal>
                    <PixelClk>148.352</PixelClk>
                    <HSP Min="78" Max="80">80</HSP>
                    <VSP Min="78" Max="80">80</VSP>
                    <AR Min="0" Max="1000">1.77778</AR>
                    <Interlaced>80</Interlaced>
                    <VFType Min="0" Max="0">8</VFType>
                    <VFEnum Min="0" Max="4700">2708</VFEnum>
                    <VFStdFrom Min="0" Max="4">4</VFStdFrom>
                    <VFStdNum>16</VFStdNum>
                  </VideoFormat>
                </EDIDIn>
              </DVIIn>
              <SDIIn id="0">
                <Type3G LegalValues="0 1 2 3">2</Type3G>
              </SDIIn>
              <HDMIIn id="0">
                <Hdcp id="0">
                  <Mode Min="0" Max="1">0</Mode>
                  <HdcpAuth Min="0" Max="1">0</HdcpAuth>
                </Hdcp>
                <EDIDIn id="0">
                  <BitDepth LegalValues="1 2 3">3</BitDepth>
                  <EdidStatus Min="0" Max="4">0</EdidStatus>
                  <VideoFormat id="0">
                    <Name>1920x1080p @59.94</Name>
                    <HFreq>67433</HFreq>
                    <HSync Min="1" Max="192">88</HSync>
                    <HActive Min="0" Max="2024">1920</HActive>
                    <HFP Min="0" Max="192">88</HFP>
                    <HTotal Min="2096" Max="8191">2200</HTotal>
                    <VFreq Min="20" Max="75">59.9401</VFreq>
                    <VSync Min="1" Max="41">5</VSync>
                    <VActive Min="0" Max="1116">1080</VActive>
                    <VFP Min="0" Max="40">4</VFP>
                    <VTotal Min="1089" Max="8191">1125</VTotal>
                    <PixelClk>148.352</PixelClk>
                    <HSP Min="78" Max="80">80</HSP>
                    <VSP Min="78" Max="80">80</VSP>
                    <AR Min="0" Max="1000">1.77778</AR>
                    <Interlaced>80</Interlaced>
                    <VFType Min="0" Max="0">8</VFType>
                    <VFEnum Min="0" Max="4700">2708</VFEnum>
                    <VFStdFrom Min="0" Max="4">4</VFStdFrom>
                    <VFStdNum>16</VFStdNum>
                  </VideoFormat>
                </EDIDIn>
              </HDMIIn>
              <VideoFormat id="0">
                <Name>Empty</Name>
                <HFreq>0</HFreq>
                <HSync Min="1" Max="1">1</HSync>
                <HActive Min="0" Max="0">0</HActive>
                <HFP Min="0" Max="0">0</HFP>
                <HTotal Min="1" Max="8191">1</HTotal>
                <VFreq Min="20" Max="75">20</VFreq>
                <VSync Min="1" Max="1">1</VSync>
                <VActive Min="0" Max="0">0</VActive>
                <VFP Min="0" Max="0">0</VFP>
                <VTotal Min="1" Max="8191">1</VTotal>
                <PixelClk>0</PixelClk>
                <HSP Min="78" Max="80">80</HSP>
                <VSP Min="78" Max="80">80</VSP>
                <AR Min="0" Max="1000">0</AR>
                <Interlaced>80</Interlaced>
                <VFType Min="0" Max="0">0</VFType>
                <VFEnum Min="0" Max="4700">0</VFEnum>
                <VFStdFrom Min="0" Max="4">0</VFStdFrom>
                <VFStdNum>0</VFStdNum>
              </VideoFormat>
            </In>
          </CardIn>
          <CardExp id="0">
            <LinkConnector id="0">
              <Mode Min="0" Max="1">0</Mode>
              <IP>192.168.000.201</IP>
              <MacAddress>aa:aa:aa:aa:aa:aa</MacAddress>
              <Connected Min="0" Max="1">0</Connected>
              <ConnectorIndex Min="-1" Max="3">-1</ConnectorIndex>
              <SlotIndex Min="-1" Max="22">-1</SlotIndex>
            </LinkConnector>
            <LinkConnector id="1">
              <Mode Min="0" Max="1">0</Mode>
              <IP>192.168.000.201</IP>
              <MacAddress>aa:aa:aa:aa:aa:aa</MacAddress>
              <Connected Min="0" Max="1">0</Connected>
              <ConnectorIndex Min="-1" Max="3">-1</ConnectorIndex>
              <SlotIndex Min="-1" Max="22">-1</SlotIndex>
            </LinkConnector>
          </CardExp>
          <CardOut id="0">
            <NumOfChan Min="0" Max="4">4</NumOfChan>
            <CapacityStatus Min="0" Max="1">0</CapacityStatus>
            <Out id="0">
              <Capacity LegalValues="0 1 2 4">1</Capacity>
              <DPOut id="0">
                <HdcpAuth Min="0" Max="1">0</HdcpAuth>
                <EDIDOut id="0">
                  <EDIDValid Min="0" Max="1">0</EDIDValid>
                  <SupportHdmi Min="0" Max="1">0</SupportHdmi>
                  <SupportRGB Min="0" Max="1">1</SupportRGB>
                  <SupportSMPTE Min="0" Max="1">1</SupportSMPTE>
                  <Support444 Min="0" Max="1">1</Support444>
                  <Support422 Min="0" Max="1">1</Support422>
                  <BitDepth48 Min="0" Max="1">1</BitDepth48>
                  <BitDepth36 Min="0" Max="1">1</BitDepth36>
                  <BitDepth30 Min="0" Max="1">1</BitDepth30>
                  <BitDepth LegalValues="0 1 2 3 4 5">1</BitDepth>
                  <MaxTmds Min="0" Max="255">0</MaxTmds>
                  <VideoFormat id="0">
                    <Name>Empty</Name>
                    <HFreq>0</HFreq>
                    <HSync Min="1" Max="1">1</HSync>
                    <HActive Min="0" Max="0">0</HActive>
                    <HFP Min="0" Max="0">0</HFP>
                    <HTotal Min="1" Max="8191">1</HTotal>
                    <VFreq Min="20" Max="75">20</VFreq>
                    <VSync Min="1" Max="1">1</VSync>
                    <VActive Min="0" Max="0">0</VActive>
                    <VFP Min="0" Max="0">0</VFP>
                    <VTotal Min="1" Max="8191">1</VTotal>
                    <PixelClk>0</PixelClk>
                    <HSP Min="78" Max="80">80</HSP>
                    <VSP Min="78" Max="80">80</VSP>
                    <AR Min="0" Max="1000">0</AR>
                    <Interlaced>80</Interlaced>
                    <VFType Min="0" Max="0">0</VFType>
                    <VFEnum Min="0" Max="4700">0</VFEnum>
                    <VFStdFrom Min="0" Max="4">0</VFStdFrom>
                    <VFStdNum>0</VFStdNum>
                  </VideoFormat>
                </EDIDOut>
              </DPOut>
              <DVIOut id="0">
                <HdcpAuth Min="0" Max="1">0</HdcpAuth>
                <EDIDOut id="0">
                  <EDIDValid Min="0" Max="1">0</EDIDValid>
                  <SupportHdmi Min="0" Max="1">0</SupportHdmi>
                  <SupportRGB Min="0" Max="1">1</SupportRGB>
                  <SupportSMPTE Min="0" Max="1">1</SupportSMPTE>
                  <Support444 Min="0" Max="1">1</Support444>
                  <Support422 Min="0" Max="1">1</Support422>
                  <BitDepth48 Min="0" Max="1">1</BitDepth48>
                  <BitDepth36 Min="0" Max="1">1</BitDepth36>
                  <BitDepth30 Min="0" Max="1">1</BitDepth30>
                  <BitDepth LegalValues="0 1 2 3 4 5">1</BitDepth>
                  <MaxTmds Min="0" Max="255">0</MaxTmds>
                  <VideoFormat id="0">
                    <Name>Empty</Name>
                    <HFreq>0</HFreq>
                    <HSync Min="1" Max="1">1</HSync>
                    <HActive Min="0" Max="0">0</HActive>
                    <HFP Min="0" Max="0">0</HFP>
                    <HTotal Min="1" Max="8191">1</HTotal>
                    <VFreq Min="20" Max="75">20</VFreq>
                    <VSync Min="1" Max="1">1</VSync>
                    <VActive Min="0" Max="0">0</VActive>
                    <VFP Min="0" Max="0">0</VFP>
                    <VTotal Min="1" Max="8191">1</VTotal>
                    <PixelClk>0</PixelClk>
                    <HSP Min="78" Max="80">80</HSP>
                    <VSP Min="78" Max="80">80</VSP>
                    <AR Min="0" Max="1000">0</AR>
                    <Interlaced>80</Interlaced>
                    <VFType Min="0" Max="0">0</VFType>
                    <VFEnum Min="0" Max="4700">0</VFEnum>
                    <VFStdFrom Min="0" Max="4">0</VFStdFrom>
                    <VFStdNum>0</VFStdNum>
                  </VideoFormat>
                </EDIDOut>
              </DVIOut>
              <SDIOut id="0">
                <Type3G LegalValues="0 1 2 3">2</Type3G>
              </SDIOut>
              <HDMIOutput id="0">
                <HdcpAuth Min="0" Max="1">0</HdcpAuth>
                <SinkType Min="0" Max="1">1</SinkType>
                <EDIDOut id="0">
                  <EDIDValid Min="0" Max="1">0</EDIDValid>
                  <SupportHdmi Min="0" Max="1">0</SupportHdmi>
                  <SupportRGB Min="0" Max="1">1</SupportRGB>
                  <SupportSMPTE Min="0" Max="1">1</SupportSMPTE>
                  <Support444 Min="0" Max="1">1</Support444>
                  <Support422 Min="0" Max="1">1</Support422>
                  <BitDepth48 Min="0" Max="1">1</BitDepth48>
                  <BitDepth36 Min="0" Max="1">1</BitDepth36>
                  <BitDepth30 Min="0" Max="1">1</BitDepth30>
                  <BitDepth LegalValues="0 1 2 3 4 5">1</BitDepth>
                  <MaxTmds Min="0" Max="255">0</MaxTmds>
                  <VideoFormat id="0">
                    <Name>Empty</Name>
                    <HFreq>0</HFreq>
                    <HSync Min="1" Max="1">1</HSync>
                    <HActive Min="0" Max="0">0</HActive>
                    <HFP Min="0" Max="0">0</HFP>
                    <HTotal Min="1" Max="8191">1</HTotal>
                    <VFreq Min="20" Max="75">20</VFreq>
                    <VSync Min="1" Max="1">1</VSync>
                    <VActive Min="0" Max="0">0</VActive>
                    <VFP Min="0" Max="0">0</VFP>
                    <VTotal Min="1" Max="8191">1</VTotal>
                    <PixelClk>0</PixelClk>
                    <HSP Min="78" Max="80">80</HSP>
                    <VSP Min="78" Max="80">80</VSP>
                    <AR Min="0" Max="1000">0</AR>
                    <Interlaced>80</Interlaced>
                    <VFType Min="0" Max="0">0</VFType>
                    <VFEnum Min="0" Max="4700">0</VFEnum>
                    <VFStdFrom Min="0" Max="4">0</VFStdFrom>
                    <VFStdNum>0</VFStdNum>
                  </VideoFormat>
                </EDIDOut>
              </HDMIOutput>
            </Out>
            <Out id="1">
              <Capacity LegalValues="0 1 2 4">1</Capacity>
              <DPOut id="0">
                <HdcpAuth Min="0" Max="1">0</HdcpAuth>
                <EDIDOut id="0">
                  <EDIDValid Min="0" Max="1">0</EDIDValid>
                  <SupportHdmi Min="0" Max="1">0</SupportHdmi>
                  <SupportRGB Min="0" Max="1">1</SupportRGB>
                  <SupportSMPTE Min="0" Max="1">1</SupportSMPTE>
                  <Support444 Min="0" Max="1">1</Support444>
                  <Support422 Min="0" Max="1">1</Support422>
                  <BitDepth48 Min="0" Max="1">1</BitDepth48>
                  <BitDepth36 Min="0" Max="1">1</BitDepth36>
                  <BitDepth30 Min="0" Max="1">1</BitDepth30>
                  <BitDepth LegalValues="0 1 2 3 4 5">1</BitDepth>
                  <MaxTmds Min="0" Max="255">0</MaxTmds>
                  <VideoFormat id="0">
                    <Name>Empty</Name>
                    <HFreq>0</HFreq>
                    <HSync Min="1" Max="1">1</HSync>
                    <HActive Min="0" Max="0">0</HActive>
                    <HFP Min="0" Max="0">0</HFP>
                    <HTotal Min="1" Max="8191">1</HTotal>
                    <VFreq Min="20" Max="75">20</VFreq>
                    <VSync Min="1" Max="1">1</VSync>
                    <VActive Min="0" Max="0">0</VActive>
                    <VFP Min="0" Max="0">0</VFP>
                    <VTotal Min="1" Max="8191">1</VTotal>
                    <PixelClk>0</PixelClk>
                    <HSP Min="78" Max="80">80</HSP>
                    <VSP Min="78" Max="80">80</VSP>
                    <AR Min="0" Max="1000">0</AR>
                    <Interlaced>80</Interlaced>
                    <VFType Min="0" Max="0">0</VFType>
                    <VFEnum Min="0" Max="4700">0</VFEnum>
                    <VFStdFrom Min="0" Max="4">0</VFStdFrom>
                    <VFStdNum>0</VFStdNum>
                  </VideoFormat>
                </EDIDOut>
              </DPOut>
              <DVIOut id="0">
                <HdcpAuth Min="0" Max="1">0</HdcpAuth>
                <EDIDOut id="0">
                  <EDIDValid Min="0" Max="1">0</EDIDValid>
                  <SupportHdmi Min="0" Max="1">0</SupportHdmi>
                  <SupportRGB Min="0" Max="1">1</SupportRGB>
                  <SupportSMPTE Min="0" Max="1">1</SupportSMPTE>
                  <Support444 Min="0" Max="1">1</Support444>
                  <Support422 Min="0" Max="1">1</Support422>
                  <BitDepth48 Min="0" Max="1">1</BitDepth48>
                  <BitDepth36 Min="0" Max="1">1</BitDepth36>
                  <BitDepth30 Min="0" Max="1">1</BitDepth30>
                  <BitDepth LegalValues="0 1 2 3 4 5">1</BitDepth>
                  <MaxTmds Min="0" Max="255">0</MaxTmds>
                  <VideoFormat id="0">
                    <Name>Empty</Name>
                    <HFreq>0</HFreq>
                    <HSync Min="1" Max="1">1</HSync>
                    <HActive Min="0" Max="0">0</HActive>
                    <HFP Min="0" Max="0">0</HFP>
                    <HTotal Min="1" Max="8191">1</HTotal>
                    <VFreq Min="20" Max="75">20</VFreq>
                    <VSync Min="1" Max="1">1</VSync>
                    <VActive Min="0" Max="0">0</VActive>
                    <VFP Min="0" Max="0">0</VFP>
                    <VTotal Min="1" Max="8191">1</VTotal>
                    <PixelClk>0</PixelClk>
                    <HSP Min="78" Max="80">80</HSP>
                    <VSP Min="78" Max="80">80</VSP>
                    <AR Min="0" Max="1000">0</AR>
                    <Interlaced>80</Interlaced>
                    <VFType Min="0" Max="0">0</VFType>
                    <VFEnum Min="0" Max="4700">0</VFEnum>
                    <VFStdFrom Min="0" Max="4">0</VFStdFrom>
                    <VFStdNum>0</VFStdNum>
                  </VideoFormat>
                </EDIDOut>
              </DVIOut>
              <SDIOut id="0">
                <Type3G LegalValues="0 1 2 3">2</Type3G>
              </SDIOut>
              <HDMIOutput id="0">
                <HdcpAuth Min="0" Max="1">0</HdcpAuth>
                <SinkType Min="0" Max="1">1</SinkType>
                <EDIDOut id="0">
                  <EDIDValid Min="0" Max="1">0</EDIDValid>
                  <SupportHdmi Min="0" Max="1">0</SupportHdmi>
                  <SupportRGB Min="0" Max="1">1</SupportRGB>
                  <SupportSMPTE Min="0" Max="1">1</SupportSMPTE>
                  <Support444 Min="0" Max="1">1</Support444>
                  <Support422 Min="0" Max="1">1</Support422>
                  <BitDepth48 Min="0" Max="1">1</BitDepth48>
                  <BitDepth36 Min="0" Max="1">1</BitDepth36>
                  <BitDepth30 Min="0" Max="1">1</BitDepth30>
                  <BitDepth LegalValues="0 1 2 3 4 5">1</BitDepth>
                  <MaxTmds Min="0" Max="255">0</MaxTmds>
                  <VideoFormat id="0">
                    <Name>Empty</Name>
                    <HFreq>0</HFreq>
                    <HSync Min="1" Max="1">1</HSync>
                    <HActive Min="0" Max="0">0</HActive>
                    <HFP Min="0" Max="0">0</HFP>
                    <HTotal Min="1" Max="8191">1</HTotal>
                    <VFreq Min="20" Max="75">20</VFreq>
                    <VSync Min="1" Max="1">1</VSync>
                    <VActive Min="0" Max="0">0</VActive>
                    <VFP Min="0" Max="0">0</VFP>
                    <VTotal Min="1" Max="8191">1</VTotal>
                    <PixelClk>0</PixelClk>
                    <HSP Min="78" Max="80">80</HSP>
                    <VSP Min="78" Max="80">80</VSP>
                    <AR Min="0" Max="1000">0</AR>
                    <Interlaced>80</Interlaced>
                    <VFType Min="0" Max="0">0</VFType>
                    <VFEnum Min="0" Max="4700">0</VFEnum>
                    <VFStdFrom Min="0" Max="4">0</VFStdFrom>
                    <VFStdNum>0</VFStdNum>
                  </VideoFormat>
                </EDIDOut>
              </HDMIOutput>
            </Out>
            <Out id="2">
              <Capacity LegalValues="0 1 2 4">1</Capacity>
              <DPOut id="0">
                <HdcpAuth Min="0" Max="1">0</HdcpAuth>
                <EDIDOut id="0">
                  <EDIDValid Min="0" Max="1">0</EDIDValid>
                  <SupportHdmi Min="0" Max="1">0</SupportHdmi>
                  <SupportRGB Min="0" Max="1">1</SupportRGB>
                  <SupportSMPTE Min="0" Max="1">1</SupportSMPTE>
                  <Support444 Min="0" Max="1">1</Support444>
                  <Support422 Min="0" Max="1">1</Support422>
                  <BitDepth48 Min="0" Max="1">1</BitDepth48>
                  <BitDepth36 Min="0" Max="1">1</BitDepth36>
                  <BitDepth30 Min="0" Max="1">1</BitDepth30>
                  <BitDepth LegalValues="0 1 2 3 4 5">1</BitDepth>
                  <MaxTmds Min="0" Max="255">0</MaxTmds>
                  <VideoFormat id="0">
                    <Name>Empty</Name>
                    <HFreq>0</HFreq>
                    <HSync Min="1" Max="1">1</HSync>
                    <HActive Min="0" Max="0">0</HActive>
                    <HFP Min="0" Max="0">0</HFP>
                    <HTotal Min="1" Max="8191">1</HTotal>
                    <VFreq Min="20" Max="75">20</VFreq>
                    <VSync Min="1" Max="1">1</VSync>
                    <VActive Min="0" Max="0">0</VActive>
                    <VFP Min="0" Max="0">0</VFP>
                    <VTotal Min="1" Max="8191">1</VTotal>
                    <PixelClk>0</PixelClk>
                    <HSP Min="78" Max="80">80</HSP>
                    <VSP Min="78" Max="80">80</VSP>
                    <AR Min="0" Max="1000">0</AR>
                    <Interlaced>80</Interlaced>
                    <VFType Min="0" Max="0">0</VFType>
                    <VFEnum Min="0" Max="4700">0</VFEnum>
                    <VFStdFrom Min="0" Max="4">0</VFStdFrom>
                    <VFStdNum>0</VFStdNum>
                  </VideoFormat>
                </EDIDOut>
              </DPOut>
              <DVIOut id="0">
                <HdcpAuth Min="0" Max="1">0</HdcpAuth>
                <EDIDOut id="0">
                  <EDIDValid Min="0" Max="1">0</EDIDValid>
                  <SupportHdmi Min="0" Max="1">0</SupportHdmi>
                  <SupportRGB Min="0" Max="1">1</SupportRGB>
                  <SupportSMPTE Min="0" Max="1">1</SupportSMPTE>
                  <Support444 Min="0" Max="1">1</Support444>
                  <Support422 Min="0" Max="1">1</Support422>
                  <BitDepth48 Min="0" Max="1">1</BitDepth48>
                  <BitDepth36 Min="0" Max="1">1</BitDepth36>
                  <BitDepth30 Min="0" Max="1">1</BitDepth30>
                  <BitDepth LegalValues="0 1 2 3 4 5">1</BitDepth>
                  <MaxTmds Min="0" Max="255">0</MaxTmds>
                  <VideoFormat id="0">
                    <Name>Empty</Name>
                    <HFreq>0</HFreq>
                    <HSync Min="1" Max="1">1</HSync>
                    <HActive Min="0" Max="0">0</HActive>
                    <HFP Min="0" Max="0">0</HFP>
                    <HTotal Min="1" Max="8191">1</HTotal>
                    <VFreq Min="20" Max="75">20</VFreq>
                    <VSync Min="1" Max="1">1</VSync>
                    <VActive Min="0" Max="0">0</VActive>
                    <VFP Min="0" Max="0">0</VFP>
                    <VTotal Min="1" Max="8191">1</VTotal>
                    <PixelClk>0</PixelClk>
                    <HSP Min="78" Max="80">80</HSP>
                    <VSP Min="78" Max="80">80</VSP>
                    <AR Min="0" Max="1000">0</AR>
                    <Interlaced>80</Interlaced>
                    <VFType Min="0" Max="0">0</VFType>
                    <VFEnum Min="0" Max="4700">0</VFEnum>
                    <VFStdFrom Min="0" Max="4">0</VFStdFrom>
                    <VFStdNum>0</VFStdNum>
                  </VideoFormat>
                </EDIDOut>
              </DVIOut>
              <SDIOut id="0">
                <Type3G LegalValues="0 1 2 3">2</Type3G>
              </SDIOut>
              <HDMIOutput id="0">
                <HdcpAuth Min="0" Max="1">0</HdcpAuth>
                <SinkType Min="0" Max="1">1</SinkType>
                <EDIDOut id="0">
                  <EDIDValid Min="0" Max="1">0</EDIDValid>
                  <SupportHdmi Min="0" Max="1">0</SupportHdmi>
                  <SupportRGB Min="0" Max="1">1</SupportRGB>
                  <SupportSMPTE Min="0" Max="1">1</SupportSMPTE>
                  <Support444 Min="0" Max="1">1</Support444>
                  <Support422 Min="0" Max="1">1</Support422>
                  <BitDepth48 Min="0" Max="1">1</BitDepth48>
                  <BitDepth36 Min="0" Max="1">1</BitDepth36>
                  <BitDepth30 Min="0" Max="1">1</BitDepth30>
                  <BitDepth LegalValues="0 1 2 3 4 5">1</BitDepth>
                  <MaxTmds Min="0" Max="255">0</MaxTmds>
                  <VideoFormat id="0">
                    <Name>Empty</Name>
                    <HFreq>0</HFreq>
                    <HSync Min="1" Max="1">1</HSync>
                    <HActive Min="0" Max="0">0</HActive>
                    <HFP Min="0" Max="0">0</HFP>
                    <HTotal Min="1" Max="8191">1</HTotal>
                    <VFreq Min="20" Max="75">20</VFreq>
                    <VSync Min="1" Max="1">1</VSync>
                    <VActive Min="0" Max="0">0</VActive>
                    <VFP Min="0" Max="0">0</VFP>
                    <VTotal Min="1" Max="8191">1</VTotal>
                    <PixelClk>0</PixelClk>
                    <HSP Min="78" Max="80">80</HSP>
                    <VSP Min="78" Max="80">80</VSP>
                    <AR Min="0" Max="1000">0</AR>
                    <Interlaced>80</Interlaced>
                    <VFType Min="0" Max="0">0</VFType>
                    <VFEnum Min="0" Max="4700">0</VFEnum>
                    <VFStdFrom Min="0" Max="4">0</VFStdFrom>
                    <VFStdNum>0</VFStdNum>
                  </VideoFormat>
                </EDIDOut>
              </HDMIOutput>
            </Out>
            <Out id="3">
              <Capacity LegalValues="0 1 2 4">1</Capacity>
              <DPOut id="0">
                <HdcpAuth Min="0" Max="1">0</HdcpAuth>
                <EDIDOut id="0">
                  <EDIDValid Min="0" Max="1">0</EDIDValid>
                  <SupportHdmi Min="0" Max="1">0</SupportHdmi>
                  <SupportRGB Min="0" Max="1">1</SupportRGB>
                  <SupportSMPTE Min="0" Max="1">1</SupportSMPTE>
                  <Support444 Min="0" Max="1">1</Support444>
                  <Support422 Min="0" Max="1">1</Support422>
                  <BitDepth48 Min="0" Max="1">1</BitDepth48>
                  <BitDepth36 Min="0" Max="1">1</BitDepth36>
                  <BitDepth30 Min="0" Max="1">1</BitDepth30>
                  <BitDepth LegalValues="0 1 2 3 4 5">1</BitDepth>
                  <MaxTmds Min="0" Max="255">0</MaxTmds>
                  <VideoFormat id="0">
                    <Name>Empty</Name>
                    <HFreq>0</HFreq>
                    <HSync Min="1" Max="1">1</HSync>
                    <HActive Min="0" Max="0">0</HActive>
                    <HFP Min="0" Max="0">0</HFP>
                    <HTotal Min="1" Max="8191">1</HTotal>
                    <VFreq Min="20" Max="75">20</VFreq>
                    <VSync Min="1" Max="1">1</VSync>
                    <VActive Min="0" Max="0">0</VActive>
                    <VFP Min="0" Max="0">0</VFP>
                    <VTotal Min="1" Max="8191">1</VTotal>
                    <PixelClk>0</PixelClk>
                    <HSP Min="78" Max="80">80</HSP>
                    <VSP Min="78" Max="80">80</VSP>
                    <AR Min="0" Max="1000">0</AR>
                    <Interlaced>80</Interlaced>
                    <VFType Min="0" Max="0">0</VFType>
                    <VFEnum Min="0" Max="4700">0</VFEnum>
                    <VFStdFrom Min="0" Max="4">0</VFStdFrom>
                    <VFStdNum>0</VFStdNum>
                  </VideoFormat>
                </EDIDOut>
              </DPOut>
              <DVIOut id="0">
                <HdcpAuth Min="0" Max="1">0</HdcpAuth>
                <EDIDOut id="0">
                  <EDIDValid Min="0" Max="1">0</EDIDValid>
                  <SupportHdmi Min="0" Max="1">0</SupportHdmi>
                  <SupportRGB Min="0" Max="1">1</SupportRGB>
                  <SupportSMPTE Min="0" Max="1">1</SupportSMPTE>
                  <Support444 Min="0" Max="1">1</Support444>
                  <Support422 Min="0" Max="1">1</Support422>
                  <BitDepth48 Min="0" Max="1">1</BitDepth48>
                  <BitDepth36 Min="0" Max="1">1</BitDepth36>
                  <BitDepth30 Min="0" Max="1">1</BitDepth30>
                  <BitDepth LegalValues="0 1 2 3 4 5">1</BitDepth>
                  <MaxTmds Min="0" Max="255">0</MaxTmds>
                  <VideoFormat id="0">
                    <Name>Empty</Name>
                    <HFreq>0</HFreq>
                    <HSync Min="1" Max="1">1</HSync>
                    <HActive Min="0" Max="0">0</HActive>
                    <HFP Min="0" Max="0">0</HFP>
                    <HTotal Min="1" Max="8191">1</HTotal>
                    <VFreq Min="20" Max="75">20</VFreq>
                    <VSync Min="1" Max="1">1</VSync>
                    <VActive Min="0" Max="0">0</VActive>
                    <VFP Min="0" Max="0">0</VFP>
                    <VTotal Min="1" Max="8191">1</VTotal>
                    <PixelClk>0</PixelClk>
                    <HSP Min="78" Max="80">80</HSP>
                    <VSP Min="78" Max="80">80</VSP>
                    <AR Min="0" Max="1000">0</AR>
                    <Interlaced>80</Interlaced>
                    <VFType Min="0" Max="0">0</VFType>
                    <VFEnum Min="0" Max="4700">0</VFEnum>
                    <VFStdFrom Min="0" Max="4">0</VFStdFrom>
                    <VFStdNum>0</VFStdNum>
                  </VideoFormat>
                </EDIDOut>
              </DVIOut>
              <SDIOut id="0">
                <Type3G LegalValues="0 1 2 3">2</Type3G>
              </SDIOut>
              <HDMIOutput id="0">
                <HdcpAuth Min="0" Max="1">0</HdcpAuth>
                <SinkType Min="0" Max="1">1</SinkType>
                <EDIDOut id="0">
                  <EDIDValid Min="0" Max="1">0</EDIDValid>
                  <SupportHdmi Min="0" Max="1">0</SupportHdmi>
                  <SupportRGB Min="0" Max="1">1</SupportRGB>
                  <SupportSMPTE Min="0" Max="1">1</SupportSMPTE>
                  <Support444 Min="0" Max="1">1</Support444>
                  <Support422 Min="0" Max="1">1</Support422>
                  <BitDepth48 Min="0" Max="1">1</BitDepth48>
                  <BitDepth36 Min="0" Max="1">1</BitDepth36>
                  <BitDepth30 Min="0" Max="1">1</BitDepth30>
                  <BitDepth LegalValues="0 1 2 3 4 5">1</BitDepth>
                  <MaxTmds Min="0" Max="255">0</MaxTmds>
                  <VideoFormat id="0">
                    <Name>Empty</Name>
                    <HFreq>0</HFreq>
                    <HSync Min="1" Max="1">1</HSync>
                    <HActive Min="0" Max="0">0</HActive>
                    <HFP Min="0" Max="0">0</HFP>
                    <HTotal Min="1" Max="8191">1</HTotal>
                    <VFreq Min="20" Max="75">20</VFreq>
                    <VSync Min="1" Max="1">1</VSync>
                    <VActive Min="0" Max="0">0</VActive>
                    <VFP Min="0" Max="0">0</VFP>
                    <VTotal Min="1" Max="8191">1</VTotal>
                    <PixelClk>0</PixelClk>
                    <HSP Min="78" Max="80">80</HSP>
                    <VSP Min="78" Max="80">80</VSP>
                    <AR Min="0" Max="1000">0</AR>
                    <Interlaced>80</Interlaced>
                    <VFType Min="0" Max="0">0</VFType>
                    <VFEnum Min="0" Max="4700">0</VFEnum>
                    <VFStdFrom Min="0" Max="4">0</VFStdFrom>
                    <VFStdNum>0</VFStdNum>
                  </VideoFormat>
                </EDIDOut>
              </HDMIOutput>
            </Out>
          </CardOut>
          <CardLayer id="0">
            <BankIndex Min="-1" Max="4">-1</BankIndex>
            <VpuIndex Min="-1" Max="4">-1</VpuIndex>
            <Luma Min="0" Max="100">37.5</Luma>
            <Sat Min="0" Max="100">100</Sat>
            <Hue Min="0" Max="360">0</Hue>
            <LinkAssign id="0">
              <XPos Min="0" Max="1000000">0</XPos>
              <YPos Min="0" Max="1000000">0</YPos>
              <ZPos Min="0" Max="1000000">0</ZPos>
              <DestIndex Min="-1" Max="127">-1</DestIndex>
              <Rect id="0">
                <HPos Min="-32767" Max="32767">0</HPos>
                <VPos Min="-32767" Max="32767">0</VPos>
                <HSize Min="0" Max="32767">0</HSize>
                <VSize Min="0" Max="32767">0</VSize>
                <AR Min="0" Max="99">0</AR>
              </Rect>
            </LinkAssign>
            <LinkAssign id="1">
              <XPos Min="0" Max="1000000">0</XPos>
              <YPos Min="0" Max="1000000">0</YPos>
              <ZPos Min="0" Max="1000000">0</ZPos>
              <DestIndex Min="-1" Max="127">-1</DestIndex>
              <Rect id="0">
                <HPos Min="-32767" Max="32767">0</HPos>
                <VPos Min="-32767" Max="32767">0</VPos>
                <HSize Min="0" Max="32767">0</HSize>
                <VSize Min="0" Max="32767">0</VSize>
                <AR Min="0" Max="99">0</AR>
              </Rect>
            </LinkAssign>
            <LinkAssign id="2">
              <XPos Min="0" Max="1000000">0</XPos>
              <YPos Min="0" Max="1000000">0</YPos>
              <ZPos Min="0" Max="1000000">0</ZPos>
              <DestIndex Min="-1" Max="127">-1</DestIndex>
              <Rect id="0">
                <HPos Min="-32767" Max="32767">0</HPos>
                <VPos Min="-32767" Max="32767">0</VPos>
                <HSize Min="0" Max="32767">0</HSize>
                <VSize Min="0" Max="32767">0</VSize>
                <AR Min="0" Max="99">0</AR>
              </Rect>
            </LinkAssign>
            <LinkAssign id="3">
              <XPos Min="0" Max="1000000">0</XPos>
              <YPos Min="0" Max="1000000">0</YPos>
              <ZPos Min="0" Max="1000000">0</ZPos>
              <DestIndex Min="-1" Max="127">-1</DestIndex>
              <Rect id="0">
                <HPos Min="-32767" Max="32767">0</HPos>
                <VPos Min="-32767" Max="32767">0</VPos>
                <HSize Min="0" Max="32767">0</HSize>
                <VSize Min="0" Max="32767">0</VSize>
                <AR Min="0" Max="99">0</AR>
              </Rect>
            </LinkAssign>
            <ScalerAssign id="0">
              <YPos Min="0" Max="1000000">0</YPos>
              <ZPos Min="0" Max="1000000">0</ZPos>
              <LayerIndex Min="-1" Max="512">-1</LayerIndex>
              <DestIndex Min="-1" Max="127">-1</DestIndex>
            </ScalerAssign>
            <ScalerAssign id="1">
              <YPos Min="0" Max="1000000">0</YPos>
              <ZPos Min="0" Max="1000000">0</ZPos>
              <LayerIndex Min="-1" Max="512">-1</LayerIndex>
              <DestIndex Min="-1" Max="127">-1</DestIndex>
            </ScalerAssign>
            <ScalerAssign id="2">
              <YPos Min="0" Max="1000000">0</YPos>
              <ZPos Min="0" Max="1000000">0</ZPos>
              <LayerIndex Min="-1" Max="512">-1</LayerIndex>
              <DestIndex Min="-1" Max="127">-1</DestIndex>
            </ScalerAssign>
            <ScalerAssign id="3">
              <YPos Min="0" Max="1000000">0</YPos>
              <ZPos Min="0" Max="1000000">0</ZPos>
              <LayerIndex Min="-1" Max="512">-1</LayerIndex>
              <DestIndex Min="-1" Max="127">-1</DestIndex>
            </ScalerAssign>
          </CardLayer>
        </Card>
      </Slot>
      <Slot id="19">
        <Card id="0">
          <CardStatus Min="0" Max="4">2</CardStatus>
          <CardType Min="0" Max="255">50</CardType>
          <CardID>Card19</CardID>
          <SlotIndex Min="-1" Max="23">19</SlotIndex>
          <CardLayer id="0">
            <BankIndex Min="-1" Max="4">1</BankIndex>
            <VpuIndex Min="-1" Max="4">0</VpuIndex>
            <Luma Min="0" Max="100">37.5</Luma>
            <Sat Min="0" Max="100">100</Sat>
            <Hue Min="0" Max="360">0</Hue>
            <LinkAssign id="0">
              <XPos Min="0" Max="1000000">-1</XPos>
              <YPos Min="0" Max="1000000">-1</YPos>
              <ZPos Min="0" Max="1000000">-1</ZPos>
              <DestIndex Min="-1" Max="127">-1</DestIndex>
              <Rect id="0">
                <HPos Min="-32767" Max="32767">0</HPos>
                <VPos Min="-32767" Max="32767">0</VPos>
                <HSize Min="0" Max="32767">0</HSize>
                <VSize Min="0" Max="32767">0</VSize>
                <AR Min="0" Max="99">0</AR>
              </Rect>
            </LinkAssign>
            <LinkAssign id="1">
              <XPos Min="0" Max="1000000">-1</XPos>
              <YPos Min="0" Max="1000000">-1</YPos>
              <ZPos Min="0" Max="1000000">-1</ZPos>
              <DestIndex Min="-1" Max="127">-1</DestIndex>
              <Rect id="0">
                <HPos Min="-32767" Max="32767">0</HPos>
                <VPos Min="-32767" Max="32767">0</VPos>
                <HSize Min="0" Max="32767">0</HSize>
                <VSize Min="0" Max="32767">0</VSize>
                <AR Min="0" Max="99">0</AR>
              </Rect>
            </LinkAssign>
            <LinkAssign id="2">
              <XPos Min="0" Max="1000000">-1</XPos>
              <YPos Min="0" Max="1000000">-1</YPos>
              <ZPos Min="0" Max="1000000">-1</ZPos>
              <DestIndex Min="-1" Max="127">-1</DestIndex>
              <Rect id="0">
                <HPos Min="-32767" Max="32767">0</HPos>
                <VPos Min="-32767" Max="32767">0</VPos>
                <HSize Min="0" Max="32767">0</HSize>
                <VSize Min="0" Max="32767">0</VSize>
                <AR Min="0" Max="99">0</AR>
              </Rect>
            </LinkAssign>
            <LinkAssign id="3">
              <XPos Min="0" Max="1000000">-1</XPos>
              <YPos Min="0" Max="1000000">-1</YPos>
              <ZPos Min="0" Max="1000000">-1</ZPos>
              <DestIndex Min="-1" Max="127">-1</DestIndex>
              <Rect id="0">
                <HPos Min="-32767" Max="32767">0</HPos>
                <VPos Min="-32767" Max="32767">0</VPos>
                <HSize Min="0" Max="32767">0</HSize>
                <VSize Min="0" Max="32767">0</VSize>
                <AR Min="0" Max="99">0</AR>
              </Rect>
            </LinkAssign>
            <ScalerAssign id="0">
              <YPos Min="0" Max="1000000">-1</YPos>
              <ZPos Min="0" Max="1000000">-1</ZPos>
              <LayerIndex Min="-1" Max="512">-1</LayerIndex>
              <DestIndex Min="-1" Max="127">-1</DestIndex>
            </ScalerAssign>
            <ScalerAssign id="1">
              <YPos Min="0" Max="1000000">-1</YPos>
              <ZPos Min="0" Max="1000000">-1</ZPos>
              <LayerIndex Min="-1" Max="512">-1</LayerIndex>
              <DestIndex Min="-1" Max="127">-1</DestIndex>
            </ScalerAssign>
            <ScalerAssign id="2">
              <YPos Min="0" Max="1000000">-1</YPos>
              <ZPos Min="0" Max="1000000">-1</ZPos>
              <LayerIndex Min="-1" Max="512">-1</LayerIndex>
              <DestIndex Min="-1" Max="127">-1</DestIndex>
            </ScalerAssign>
            <ScalerAssign id="3">
              <YPos Min="0" Max="1000000">-1</YPos>
              <ZPos Min="0" Max="1000000">-1</ZPos>
              <LayerIndex Min="-1" Max="512">-1</LayerIndex>
              <DestIndex Min="-1" Max="127">-1</DestIndex>
            </ScalerAssign>
          </CardLayer>
        </Card>
      </Slot>
      <Slot id="20">
        <Card id="0">
          <CardStatus Min="0" Max="4">2</CardStatus>
          <CardType Min="0" Max="255">50</CardType>
          <CardID>Card20</CardID>
          <SlotIndex Min="-1" Max="23">20</SlotIndex>
          <CardLayer id="0">
            <BankIndex Min="-1" Max="4">1</BankIndex>
            <VpuIndex Min="-1" Max="4">1</VpuIndex>
            <Luma Min="0" Max="100">37.5</Luma>
            <Sat Min="0" Max="100">100</Sat>
            <Hue Min="0" Max="360">0</Hue>
            <LinkAssign id="0">
              <XPos Min="0" Max="1000000">-1</XPos>
              <YPos Min="0" Max="1000000">-1</YPos>
              <ZPos Min="0" Max="1000000">-1</ZPos>
              <DestIndex Min="-1" Max="127">-1</DestIndex>
              <Rect id="0">
                <HPos Min="-32767" Max="32767">0</HPos>
                <VPos Min="-32767" Max="32767">0</VPos>
                <HSize Min="0" Max="32767">0</HSize>
                <VSize Min="0" Max="32767">0</VSize>
                <AR Min="0" Max="99">0</AR>
              </Rect>
            </LinkAssign>
            <LinkAssign id="1">
              <XPos Min="0" Max="1000000">-1</XPos>
              <YPos Min="0" Max="1000000">-1</YPos>
              <ZPos Min="0" Max="1000000">-1</ZPos>
              <DestIndex Min="-1" Max="127">-1</DestIndex>
              <Rect id="0">
                <HPos Min="-32767" Max="32767">0</HPos>
                <VPos Min="-32767" Max="32767">0</VPos>
                <HSize Min="0" Max="32767">0</HSize>
                <VSize Min="0" Max="32767">0</VSize>
                <AR Min="0" Max="99">0</AR>
              </Rect>
            </LinkAssign>
            <LinkAssign id="2">
              <XPos Min="0" Max="1000000">-1</XPos>
              <YPos Min="0" Max="1000000">-1</YPos>
              <ZPos Min="0" Max="1000000">-1</ZPos>
              <DestIndex Min="-1" Max="127">-1</DestIndex>
              <Rect id="0">
                <HPos Min="-32767" Max="32767">0</HPos>
                <VPos Min="-32767" Max="32767">0</VPos>
                <HSize Min="0" Max="32767">0</HSize>
                <VSize Min="0" Max="32767">0</VSize>
                <AR Min="0" Max="99">0</AR>
              </Rect>
            </LinkAssign>
            <LinkAssign id="3">
              <XPos Min="0" Max="1000000">-1</XPos>
              <YPos Min="0" Max="1000000">-1</YPos>
              <ZPos Min="0" Max="1000000">-1</ZPos>
              <DestIndex Min="-1" Max="127">-1</DestIndex>
              <Rect id="0">
                <HPos Min="-32767" Max="32767">0</HPos>
                <VPos Min="-32767" Max="32767">0</VPos>
                <HSize Min="0" Max="32767">0</HSize>
                <VSize Min="0" Max="32767">0</VSize>
                <AR Min="0" Max="99">0</AR>
              </Rect>
            </LinkAssign>
            <ScalerAssign id="0">
              <YPos Min="0" Max="1000000">-1</YPos>
              <ZPos Min="0" Max="1000000">-1</ZPos>
              <LayerIndex Min="-1" Max="512">-1</LayerIndex>
              <DestIndex Min="-1" Max="127">-1</DestIndex>
            </ScalerAssign>
            <ScalerAssign id="1">
              <YPos Min="0" Max="1000000">-1</YPos>
              <ZPos Min="0" Max="1000000">-1</ZPos>
              <LayerIndex Min="-1" Max="512">-1</LayerIndex>
              <DestIndex Min="-1" Max="127">-1</DestIndex>
            </ScalerAssign>
            <ScalerAssign id="2">
              <YPos Min="0" Max="1000000">-1</YPos>
              <ZPos Min="0" Max="1000000">-1</ZPos>
              <LayerIndex Min="-1" Max="512">-1</LayerIndex>
              <DestIndex Min="-1" Max="127">-1</DestIndex>
            </ScalerAssign>
            <ScalerAssign id="3">
              <YPos Min="0" Max="1000000">-1</YPos>
              <ZPos Min="0" Max="1000000">-1</ZPos>
              <LayerIndex Min="-1" Max="512">-1</LayerIndex>
              <DestIndex Min="-1" Max="127">-1</DestIndex>
            </ScalerAssign>
          </CardLayer>
        </Card>
      </Slot>
      <Slot id="21">
        <Card id="0">
          <CardStatus Min="0" Max="4">2</CardStatus>
          <CardType Min="0" Max="255">50</CardType>
          <CardID>Card21</CardID>
          <SlotIndex Min="-1" Max="23">21</SlotIndex>
          <CardLayer id="0">
            <BankIndex Min="-1" Max="4">1</BankIndex>
            <VpuIndex Min="-1" Max="4">2</VpuIndex>
            <Luma Min="0" Max="100">37.5</Luma>
            <Sat Min="0" Max="100">100</Sat>
            <Hue Min="0" Max="360">0</Hue>
            <LinkAssign id="0">
              <XPos Min="0" Max="1000000">-1</XPos>
              <YPos Min="0" Max="1000000">-1</YPos>
              <ZPos Min="0" Max="1000000">-1</ZPos>
              <DestIndex Min="-1" Max="127">-1</DestIndex>
              <Rect id="0">
                <HPos Min="-32767" Max="32767">0</HPos>
                <VPos Min="-32767" Max="32767">0</VPos>
                <HSize Min="0" Max="32767">0</HSize>
                <VSize Min="0" Max="32767">0</VSize>
                <AR Min="0" Max="99">0</AR>
              </Rect>
            </LinkAssign>
            <LinkAssign id="1">
              <XPos Min="0" Max="1000000">-1</XPos>
              <YPos Min="0" Max="1000000">-1</YPos>
              <ZPos Min="0" Max="1000000">-1</ZPos>
              <DestIndex Min="-1" Max="127">-1</DestIndex>
              <Rect id="0">
                <HPos Min="-32767" Max="32767">0</HPos>
                <VPos Min="-32767" Max="32767">0</VPos>
                <HSize Min="0" Max="32767">0</HSize>
                <VSize Min="0" Max="32767">0</VSize>
                <AR Min="0" Max="99">0</AR>
              </Rect>
            </LinkAssign>
            <LinkAssign id="2">
              <XPos Min="0" Max="1000000">-1</XPos>
              <YPos Min="0" Max="1000000">-1</YPos>
              <ZPos Min="0" Max="1000000">-1</ZPos>
              <DestIndex Min="-1" Max="127">-1</DestIndex>
              <Rect id="0">
                <HPos Min="-32767" Max="32767">0</HPos>
                <VPos Min="-32767" Max="32767">0</VPos>
                <HSize Min="0" Max="32767">0</HSize>
                <VSize Min="0" Max="32767">0</VSize>
                <AR Min="0" Max="99">0</AR>
              </Rect>
            </LinkAssign>
            <LinkAssign id="3">
              <XPos Min="0" Max="1000000">-1</XPos>
              <YPos Min="0" Max="1000000">-1</YPos>
              <ZPos Min="0" Max="1000000">-1</ZPos>
              <DestIndex Min="-1" Max="127">-1</DestIndex>
              <Rect id="0">
                <HPos Min="-32767" Max="32767">0</HPos>
                <VPos Min="-32767" Max="32767">0</VPos>
                <HSize Min="0" Max="32767">0</HSize>
                <VSize Min="0" Max="32767">0</VSize>
                <AR Min="0" Max="99">0</AR>
              </Rect>
            </LinkAssign>
            <ScalerAssign id="0">
              <YPos Min="0" Max="1000000">-1</YPos>
              <ZPos Min="0" Max="1000000">-1</ZPos>
              <LayerIndex Min="-1" Max="512">-1</LayerIndex>
              <DestIndex Min="-1" Max="127">-1</DestIndex>
            </ScalerAssign>
            <ScalerAssign id="1">
              <YPos Min="0" Max="1000000">-1</YPos>
              <ZPos Min="0" Max="1000000">-1</ZPos>
              <LayerIndex Min="-1" Max="512">-1</LayerIndex>
              <DestIndex Min="-1" Max="127">-1</DestIndex>
            </ScalerAssign>
            <ScalerAssign id="2">
              <YPos Min="0" Max="1000000">-1</YPos>
              <ZPos Min="0" Max="1000000">-1</ZPos>
              <LayerIndex Min="-1" Max="512">-1</LayerIndex>
              <DestIndex Min="-1" Max="127">-1</DestIndex>
            </ScalerAssign>
            <ScalerAssign id="3">
              <YPos Min="0" Max="1000000">-1</YPos>
              <ZPos Min="0" Max="1000000">-1</ZPos>
              <LayerIndex Min="-1" Max="512">-1</LayerIndex>
              <DestIndex Min="-1" Max="127">-1</DestIndex>
            </ScalerAssign>
          </CardLayer>
        </Card>
      </Slot>
      <Slot id="22">
        <Card id="0">
          <CardStatus Min="0" Max="4">2</CardStatus>
          <CardType Min="0" Max="255">50</CardType>
          <CardID>Card22</CardID>
          <SlotIndex Min="-1" Max="23">22</SlotIndex>
          <CardLayer id="0">
            <BankIndex Min="-1" Max="4">1</BankIndex>
            <VpuIndex Min="-1" Max="4">3</VpuIndex>
            <Luma Min="0" Max="100">37.5</Luma>
            <Sat Min="0" Max="100">100</Sat>
            <Hue Min="0" Max="360">0</Hue>
            <LinkAssign id="0">
              <XPos Min="0" Max="1000000">-1</XPos>
              <YPos Min="0" Max="1000000">-1</YPos>
              <ZPos Min="0" Max="1000000">-1</ZPos>
              <DestIndex Min="-1" Max="127">-1</DestIndex>
              <Rect id="0">
                <HPos Min="-32767" Max="32767">0</HPos>
                <VPos Min="-32767" Max="32767">0</VPos>
                <HSize Min="0" Max="32767">0</HSize>
                <VSize Min="0" Max="32767">0</VSize>
                <AR Min="0" Max="99">0</AR>
              </Rect>
            </LinkAssign>
            <LinkAssign id="1">
              <XPos Min="0" Max="1000000">-1</XPos>
              <YPos Min="0" Max="1000000">-1</YPos>
              <ZPos Min="0" Max="1000000">-1</ZPos>
              <DestIndex Min="-1" Max="127">-1</DestIndex>
              <Rect id="0">
                <HPos Min="-32767" Max="32767">0</HPos>
                <VPos Min="-32767" Max="32767">0</VPos>
                <HSize Min="0" Max="32767">0</HSize>
                <VSize Min="0" Max="32767">0</VSize>
                <AR Min="0" Max="99">0</AR>
              </Rect>
            </LinkAssign>
            <LinkAssign id="2">
              <XPos Min="0" Max="1000000">-1</XPos>
              <YPos Min="0" Max="1000000">-1</YPos>
              <ZPos Min="0" Max="1000000">-1</ZPos>
              <DestIndex Min="-1" Max="127">-1</DestIndex>
              <Rect id="0">
                <HPos Min="-32767" Max="32767">0</HPos>
                <VPos Min="-32767" Max="32767">0</VPos>
                <HSize Min="0" Max="32767">0</HSize>
                <VSize Min="0" Max="32767">0</VSize>
                <AR Min="0" Max="99">0</AR>
              </Rect>
            </LinkAssign>
            <LinkAssign id="3">
              <XPos Min="0" Max="1000000">-1</XPos>
              <YPos Min="0" Max="1000000">-1</YPos>
              <ZPos Min="0" Max="1000000">-1</ZPos>
              <DestIndex Min="-1" Max="127">-1</DestIndex>
              <Rect id="0">
                <HPos Min="-32767" Max="32767">0</HPos>
                <VPos Min="-32767" Max="32767">0</VPos>
                <HSize Min="0" Max="32767">0</HSize>
                <VSize Min="0" Max="32767">0</VSize>
                <AR Min="0" Max="99">0</AR>
              </Rect>
            </LinkAssign>
            <ScalerAssign id="0">
              <YPos Min="0" Max="1000000">-1</YPos>
              <ZPos Min="0" Max="1000000">-1</ZPos>
              <LayerIndex Min="-1" Max="512">-1</LayerIndex>
              <DestIndex Min="-1" Max="127">-1</DestIndex>
            </ScalerAssign>
            <ScalerAssign id="1">
              <YPos Min="0" Max="1000000">-1</YPos>
              <ZPos Min="0" Max="1000000">-1</ZPos>
              <LayerIndex Min="-1" Max="512">-1</LayerIndex>
              <DestIndex Min="-1" Max="127">-1</DestIndex>
            </ScalerAssign>
            <ScalerAssign id="2">
              <YPos Min="0" Max="1000000">-1</YPos>
              <ZPos Min="0" Max="1000000">-1</ZPos>
              <LayerIndex Min="-1" Max="512">-1</LayerIndex>
              <DestIndex Min="-1" Max="127">-1</DestIndex>
            </ScalerAssign>
            <ScalerAssign id="3">
              <YPos Min="0" Max="1000000">-1</YPos>
              <ZPos Min="0" Max="1000000">-1</ZPos>
              <LayerIndex Min="-1" Max="512">-1</LayerIndex>
              <DestIndex Min="-1" Max="127">-1</DestIndex>
            </ScalerAssign>
          </CardLayer>
        </Card>
      </Slot>
      <Genlock id="0">
        <LockSrc Min="0" Max="1">0</LockSrc>
        <Locked Min="0" Max="4">0</Locked>
      </Genlock>
      <SysCard id="0">
        <CardStatus Min="0" Max="4">2</CardStatus>
      </SysCard>
      <MultiViewer id="0">
        <CardStatus Min="0" Max="4">0</CardStatus>
        <LayoutSelect LegalValues="0 1 2 3">0</LayoutSelect>
        <MVClock id="0">
          <Name>Clock1</Name>
          <ClockFormat Min="0" Max="1">1</ClockFormat>
          <ClockType LegalValues="0 1 2">0</ClockType>
          <CountRunning>0</CountRunning>
          <BGColor id="0">
            <Red Min="0" Max="1023">0</Red>
            <Green Min="0" Max="1023">0</Green>
            <Blue Min="0" Max="1023">0</Blue>
          </BGColor>
          <UpStopTime id="0">
            <Hours Min="0" Max="23">0</Hours>
            <Minutes Min="0" Max="59">0</Minutes>
            <Seconds Min="0" Max="59">0</Seconds>
          </UpStopTime>
          <DownStartTime id="0">
            <Hours Min="0" Max="23">0</Hours>
            <Minutes Min="0" Max="59">0</Minutes>
            <Seconds Min="0" Max="59">0</Seconds>
          </DownStartTime>
          <ClockOffsetTime id="0">
            <Hours Min="-23" Max="23">0</Hours>
            <Minutes Min="-59" Max="59">0</Minutes>
            <Seconds Min="-59" Max="59">0</Seconds>
          </ClockOffsetTime>
        </MVClock>
        <MVClock id="1">
          <Name>Clock2</Name>
          <ClockFormat Min="0" Max="1">1</ClockFormat>
          <ClockType LegalValues="0 1 2">0</ClockType>
          <CountRunning>0</CountRunning>
          <BGColor id="0">
            <Red Min="0" Max="1023">0</Red>
            <Green Min="0" Max="1023">0</Green>
            <Blue Min="0" Max="1023">0</Blue>
          </BGColor>
          <UpStopTime id="0">
            <Hours Min="0" Max="23">0</Hours>
            <Minutes Min="0" Max="59">0</Minutes>
            <Seconds Min="0" Max="59">0</Seconds>
          </UpStopTime>
          <DownStartTime id="0">
            <Hours Min="0" Max="23">0</Hours>
            <Minutes Min="0" Max="59">0</Minutes>
            <Seconds Min="0" Max="59">0</Seconds>
          </DownStartTime>
          <ClockOffsetTime id="0">
            <Hours Min="-23" Max="23">0</Hours>
            <Minutes Min="-59" Max="59">0</Minutes>
            <Seconds Min="-59" Max="59">0</Seconds>
          </ClockOffsetTime>
        </MVClock>
        <MVClock id="2">
          <Name>Clock3</Name>
          <ClockFormat Min="0" Max="1">1</ClockFormat>
          <ClockType LegalValues="0 1 2">0</ClockType>
          <CountRunning>0</CountRunning>
          <BGColor id="0">
            <Red Min="0" Max="1023">0</Red>
            <Green Min="0" Max="1023">0</Green>
            <Blue Min="0" Max="1023">0</Blue>
          </BGColor>
          <UpStopTime id="0">
            <Hours Min="0" Max="23">0</Hours>
            <Minutes Min="0" Max="59">0</Minutes>
            <Seconds Min="0" Max="59">0</Seconds>
          </UpStopTime>
          <DownStartTime id="0">
            <Hours Min="0" Max="23">0</Hours>
            <Minutes Min="0" Max="59">0</Minutes>
            <Seconds Min="0" Max="59">0</Seconds>
          </DownStartTime>
          <ClockOffsetTime id="0">
            <Hours Min="-23" Max="23">0</Hours>
            <Minutes Min="-59" Max="59">0</Minutes>
            <Seconds Min="-59" Max="59">0</Seconds>
          </ClockOffsetTime>
        </MVClock>
        <MVClock id="3">
          <Name>Clock4</Name>
          <ClockFormat Min="0" Max="1">1</ClockFormat>
          <ClockType LegalValues="0 1 2">0</ClockType>
          <CountRunning>0</CountRunning>
          <BGColor id="0">
            <Red Min="0" Max="1023">0</Red>
            <Green Min="0" Max="1023">0</Green>
            <Blue Min="0" Max="1023">0</Blue>
          </BGColor>
          <UpStopTime id="0">
            <Hours Min="0" Max="23">0</Hours>
            <Minutes Min="0" Max="59">0</Minutes>
            <Seconds Min="0" Max="59">0</Seconds>
          </UpStopTime>
          <DownStartTime id="0">
            <Hours Min="0" Max="23">0</Hours>
            <Minutes Min="0" Max="59">0</Minutes>
            <Seconds Min="0" Max="59">0</Seconds>
          </DownStartTime>
          <ClockOffsetTime id="0">
            <Hours Min="-23" Max="23">0</Hours>
            <Minutes Min="-59" Max="59">0</Minutes>
            <Seconds Min="-59" Max="59">0</Seconds>
          </ClockOffsetTime>
        </MVClock>
        <MVLayout id="0">
          <MVDestCollection id="0">
            <MVDest id="0">
              <OutCfgIndex Min="-1" Max="3">0</OutCfgIndex>
              <Name>MVROut1</Name>
              <SourcePvwWinIndex Min="-1" Max="63">-1</SourcePvwWinIndex>
              <BGColor id="0">
                <Red Min="0" Max="1023">0</Red>
                <Green Min="0" Max="1023">0</Green>
                <Blue Min="0" Max="1023">0</Blue>
              </BGColor>
              <UMDColor id="0">
                <Red Min="0" Max="1023">50</Red>
                <Green Min="0" Max="1023">50</Green>
                <Blue Min="0" Max="1023">50</Blue>
              </UMDColor>
              <BorderColor id="0">
                <Red Min="0" Max="1023">1000</Red>
                <Green Min="0" Max="1023">1000</Green>
                <Blue Min="0" Max="1023">1000</Blue>
              </BorderColor>
              <MVWinCollection id="0">
                <MVWin id="0">
                  <InputCfgIndex Min="0" Max="127">0</InputCfgIndex>
                  <Eye3D LegalValues="0 1">0</Eye3D>
                  <BorderEn>1</BorderEn>
                  <ClockIndex Min="0" Max="3">-1</ClockIndex>
                  <DestIndex Min="0" Max="127">-1</DestIndex>
                  <InputType LegalValues="0 1 2 3 4 5">5</InputType>
                  <UMDText>DP 1</UMDText>
                  <UmdEnable>1</UmdEnable>
                  <AoiEnable>1</AoiEnable>
                  <SourcePvwOnOff>0</SourcePvwOnOff>
                  <Rect id="0">
                    <HPos Min="-32767" Max="32767">16</HPos>
                    <VPos Min="-32767" Max="32767">23</VPos>
                    <HSize Min="16" Max="32767">480</HSize>
                    <VSize Min="16" Max="32767">270</VSize>
                    <AR Min="0" Max="99">0</AR>
                  </Rect>
                </MVWin>
                <MVWin id="1">
                  <InputCfgIndex Min="0" Max="127">1</InputCfgIndex>
                  <Eye3D LegalValues="0 1">0</Eye3D>
                  <BorderEn>1</BorderEn>
                  <ClockIndex Min="0" Max="3">-1</ClockIndex>
                  <DestIndex Min="0" Max="127">-1</DestIndex>
                  <InputType LegalValues="0 1 2 3 4 5">5</InputType>
                  <UMDText>DVI 1</UMDText>
                  <UmdEnable>1</UmdEnable>
                  <AoiEnable>1</AoiEnable>
                  <SourcePvwOnOff>0</SourcePvwOnOff>
                  <Rect id="0">
                    <HPos Min="-32767" Max="32767">16</HPos>
                    <VPos Min="-32767" Max="32767">362</VPos>
                    <HSize Min="16" Max="32767">480</HSize>
                    <VSize Min="16" Max="32767">270</VSize>
                    <AR Min="0" Max="99">0</AR>
                  </Rect>
                </MVWin>
                <MVWin id="2">
                  <InputCfgIndex Min="0" Max="127">-1</InputCfgIndex>
                  <Eye3D LegalValues="0 1">0</Eye3D>
                  <BorderEn>1</BorderEn>
                  <ClockIndex Min="0" Max="3">-1</ClockIndex>
                  <DestIndex Min="0" Max="127">0</DestIndex>
                  <InputType LegalValues="0 1 2 3 4 5">2</InputType>
                  <UMDText>ScreenDest1 | PVW</UMDText>
                  <UmdEnable>1</UmdEnable>
                  <AoiEnable>1</AoiEnable>
                  <SourcePvwOnOff>0</SourcePvwOnOff>
                  <Rect id="0">
                    <HPos Min="-32767" Max="32767">1264</HPos>
                    <VPos Min="-32767" Max="32767">514</VPos>
                    <HSize Min="16" Max="32767">640</HSize>
                    <VSize Min="16" Max="32767">400</VSize>
                    <AR Min="0" Max="99">0</AR>
                  </Rect>
                </MVWin>
                <MVWin id="3">
                  <InputCfgIndex Min="0" Max="127">-1</InputCfgIndex>
                  <Eye3D LegalValues="0 1">0</Eye3D>
                  <BorderEn>1</BorderEn>
                  <ClockIndex Min="0" Max="3">-1</ClockIndex>
                  <DestIndex Min="0" Max="127">0</DestIndex>
                  <InputType LegalValues="0 1 2 3 4 5">3</InputType>
                  <UMDText>ScreenDest1 | PGM</UMDText>
                  <UmdEnable>1</UmdEnable>
                  <AoiEnable>1</AoiEnable>
                  <SourcePvwOnOff>0</SourcePvwOnOff>
                  <Rect id="0">
                    <HPos Min="-32767" Max="32767">1264</HPos>
                    <VPos Min="-32767" Max="32767">21</VPos>
                    <HSize Min="16" Max="32767">640</HSize>
                    <VSize Min="16" Max="32767">400</VSize>
                    <AR Min="0" Max="99">0</AR>
                  </Rect>
                </MVWin>
                <MVWin id="4">
                  <InputCfgIndex Min="0" Max="127">-1</InputCfgIndex>
                  <Eye3D LegalValues="0 1">0</Eye3D>
                  <BorderEn>1</BorderEn>
                  <ClockIndex Min="0" Max="3">-1</ClockIndex>
                  <DestIndex Min="0" Max="127">1</DestIndex>
                  <InputType LegalValues="0 1 2 3 4 5">3</InputType>
                  <UMDText>ScreenDest2 | PGM</UMDText>
                  <UmdEnable>1</UmdEnable>
                  <AoiEnable>1</AoiEnable>
                  <SourcePvwOnOff>0</SourcePvwOnOff>
                  <Rect id="0">
                    <HPos Min="-32767" Max="32767">768</HPos>
                    <VPos Min="-32767" Max="32767">147</VPos>
                    <HSize Min="16" Max="32767">480</HSize>
                    <VSize Min="16" Max="32767">270</VSize>
                    <AR Min="0" Max="99">0</AR>
                  </Rect>
                </MVWin>
                <MVWin id="5">
                  <InputCfgIndex Min="0" Max="127">-1</InputCfgIndex>
                  <Eye3D LegalValues="0 1">0</Eye3D>
                  <BorderEn>1</BorderEn>
                  <ClockIndex Min="0" Max="3">-1</ClockIndex>
                  <DestIndex Min="0" Max="127">1</DestIndex>
                  <InputType LegalValues="0 1 2 3 4 5">2</InputType>
                  <UMDText>ScreenDest2 | PVW</UMDText>
                  <UmdEnable>1</UmdEnable>
                  <AoiEnable>1</AoiEnable>
                  <SourcePvwOnOff>0</SourcePvwOnOff>
                  <Rect id="0">
                    <HPos Min="-32767" Max="32767">768</HPos>
                    <VPos Min="-32767" Max="32767">641</VPos>
                    <HSize Min="16" Max="32767">480</HSize>
                    <VSize Min="16" Max="32767">270</VSize>
                    <AR Min="0" Max="99">0</AR>
                  </Rect>
                </MVWin>
              </MVWinCollection>
            </MVDest>
          </MVDestCollection>
        </MVLayout>
        <MVLayout id="1">
          <MVDestCollection id="0">
            <MVDest id="0">
              <OutCfgIndex Min="-1" Max="3">0</OutCfgIndex>
              <Name>MVROut1</Name>
              <SourcePvwWinIndex Min="-1" Max="63">-1</SourcePvwWinIndex>
              <BGColor id="0">
                <Red Min="0" Max="1023">0</Red>
                <Green Min="0" Max="1023">0</Green>
                <Blue Min="0" Max="1023">0</Blue>
              </BGColor>
              <UMDColor id="0">
                <Red Min="0" Max="1023">50</Red>
                <Green Min="0" Max="1023">50</Green>
                <Blue Min="0" Max="1023">50</Blue>
              </UMDColor>
              <BorderColor id="0">
                <Red Min="0" Max="1023">1000</Red>
                <Green Min="0" Max="1023">1000</Green>
                <Blue Min="0" Max="1023">1000</Blue>
              </BorderColor>
            </MVDest>
          </MVDestCollection>
        </MVLayout>
        <MVLayout id="2">
          <MVDestCollection id="0">
            <MVDest id="0">
              <OutCfgIndex Min="-1" Max="3">0</OutCfgIndex>
              <Name>MVROut1</Name>
              <SourcePvwWinIndex Min="-1" Max="63">-1</SourcePvwWinIndex>
              <BGColor id="0">
                <Red Min="0" Max="1023">0</Red>
                <Green Min="0" Max="1023">0</Green>
                <Blue Min="0" Max="1023">0</Blue>
              </BGColor>
              <UMDColor id="0">
                <Red Min="0" Max="1023">50</Red>
                <Green Min="0" Max="1023">50</Green>
                <Blue Min="0" Max="1023">50</Blue>
              </UMDColor>
              <BorderColor id="0">
                <Red Min="0" Max="1023">1000</Red>
                <Green Min="0" Max="1023">1000</Green>
                <Blue Min="0" Max="1023">1000</Blue>
              </BorderColor>
            </MVDest>
          </MVDestCollection>
        </MVLayout>
        <MVLayout id="3">
          <MVDestCollection id="0">
            <MVDest id="0">
              <OutCfgIndex Min="-1" Max="3">0</OutCfgIndex>
              <Name>MVROut1</Name>
              <SourcePvwWinIndex Min="-1" Max="63">-1</SourcePvwWinIndex>
              <BGColor id="0">
                <Red Min="0" Max="1023">0</Red>
                <Green Min="0" Max="1023">0</Green>
                <Blue Min="0" Max="1023">0</Blue>
              </BGColor>
              <UMDColor id="0">
                <Red Min="0" Max="1023">50</Red>
                <Green Min="0" Max="1023">50</Green>
                <Blue Min="0" Max="1023">50</Blue>
              </UMDColor>
              <BorderColor id="0">
                <Red Min="0" Max="1023">1000</Red>
                <Green Min="0" Max="1023">1000</Green>
                <Blue Min="0" Max="1023">1000</Blue>
              </BorderColor>
            </MVDest>
          </MVDestCollection>
        </MVLayout>
        <MVOutputCfgCollection id="0">
          <OutputCfg id="0">
            <Mode3D LegalValues="0 1">0</Mode3D>
            <OperMode3D LegalValues="0 1">0</OperMode3D>
            <Eye3D LegalValues="0 1">0</Eye3D>
            <Name>MVROut1</Name>
            <HdcpMode Min="0" Max="1">0</HdcpMode>
            <AutoConfigStatus Min="0" Max="1">0</AutoConfigStatus>
            <Conn id="0">
              <SyncPol LegalValues="0 1 2 3">0</SyncPol>
              <BitDepth LegalValues="1 2 3">1</BitDepth>
              <SampleMode LegalValues="0 1">0</SampleMode>
            </Conn>
            <Config id="0">
              <Name>Config0</Name>
              <Owner/>
              <Contact/>
              <HDimension Min="0" Max="16">0</HDimension>
              <VDimension Min="0" Max="16">0</VDimension>
              <ConnMapOrient LegalValues="0 1 2">0</ConnMapOrient>
              <ConfigStatus Min="0" Max="5">1</ConfigStatus>
              <ConnMap id="0">
                <InUse Min="0" Max="1">1</InUse>
                <VPID Min="0" Max="1">0</VPID>
                <CardType Min="0" Max="255">40</CardType>
                <ColumnIndex Min="0" Max="15">0</ColumnIndex>
                <RowIndex Min="0" Max="15">0</RowIndex>
                <ConnectorIndex Min="0" Max="3">0</ConnectorIndex>
                <SlotIndex Min="0" Max="22">13</SlotIndex>
                <Error Min="-1000000" Max="1000000">0</Error>
              </ConnMap>
              <ConnMap id="1">
                <InUse Min="0" Max="1">0</InUse>
                <VPID Min="0" Max="1">0</VPID>
                <CardType Min="0" Max="255">255</CardType>
                <ColumnIndex Min="0" Max="15">0</ColumnIndex>
                <RowIndex Min="0" Max="15">0</RowIndex>
                <ConnectorIndex Min="0" Max="3">0</ConnectorIndex>
                <SlotIndex Min="0" Max="22">-1</SlotIndex>
                <Error Min="-1000000" Max="1000000">0</Error>
              </ConnMap>
              <ConnMap id="2">
                <InUse Min="0" Max="1">0</InUse>
                <VPID Min="0" Max="1">0</VPID>
                <CardType Min="0" Max="255">255</CardType>
                <ColumnIndex Min="0" Max="15">0</ColumnIndex>
                <RowIndex Min="0" Max="15">0</RowIndex>
                <ConnectorIndex Min="0" Max="3">0</ConnectorIndex>
                <SlotIndex Min="0" Max="22">-1</SlotIndex>
                <Error Min="-1000000" Max="1000000">0</Error>
              </ConnMap>
              <ConnMap id="3">
                <InUse Min="0" Max="1">0</InUse>
                <VPID Min="0" Max="1">0</VPID>
                <CardType Min="0" Max="255">255</CardType>
                <ColumnIndex Min="0" Max="15">0</ColumnIndex>
                <RowIndex Min="0" Max="15">0</RowIndex>
                <ConnectorIndex Min="0" Max="3">0</ConnectorIndex>
                <SlotIndex Min="0" Max="22">-1</SlotIndex>
                <Error Min="-1000000" Max="1000000">0</Error>
              </ConnMap>
              <ConnMap id="4">
                <InUse Min="0" Max="1">0</InUse>
                <VPID Min="0" Max="1">0</VPID>
                <CardType Min="0" Max="255">255</CardType>
                <ColumnIndex Min="0" Max="15">0</ColumnIndex>
                <RowIndex Min="0" Max="15">0</RowIndex>
                <ConnectorIndex Min="0" Max="3">0</ConnectorIndex>
                <SlotIndex Min="0" Max="22">-1</SlotIndex>
                <Error Min="-1000000" Max="1000000">0</Error>
              </ConnMap>
              <ConnMap id="5">
                <InUse Min="0" Max="1">0</InUse>
                <VPID Min="0" Max="1">0</VPID>
                <CardType Min="0" Max="255">255</CardType>
                <ColumnIndex Min="0" Max="15">0</ColumnIndex>
                <RowIndex Min="0" Max="15">0</RowIndex>
                <ConnectorIndex Min="0" Max="3">0</ConnectorIndex>
                <SlotIndex Min="0" Max="22">-1</SlotIndex>
                <Error Min="-1000000" Max="1000000">0</Error>
              </ConnMap>
              <ConnMap id="6">
                <InUse Min="0" Max="1">0</InUse>
                <VPID Min="0" Max="1">0</VPID>
                <CardType Min="0" Max="255">255</CardType>
                <ColumnIndex Min="0" Max="15">0</ColumnIndex>
                <RowIndex Min="0" Max="15">0</RowIndex>
                <ConnectorIndex Min="0" Max="3">0</ConnectorIndex>
                <SlotIndex Min="0" Max="22">-1</SlotIndex>
                <Error Min="-1000000" Max="1000000">0</Error>
              </ConnMap>
              <ConnMap id="7">
                <InUse Min="0" Max="1">0</InUse>
                <VPID Min="0" Max="1">0</VPID>
                <CardType Min="0" Max="255">255</CardType>
                <ColumnIndex Min="0" Max="15">0</ColumnIndex>
                <RowIndex Min="0" Max="15">0</RowIndex>
                <ConnectorIndex Min="0" Max="3">0</ConnectorIndex>
                <SlotIndex Min="0" Max="22">-1</SlotIndex>
                <Error Min="-1000000" Max="1000000">0</Error>
              </ConnMap>
              <ConnMap id="8">
                <InUse Min="0" Max="1">0</InUse>
                <VPID Min="0" Max="1">0</VPID>
                <CardType Min="0" Max="255">255</CardType>
                <ColumnIndex Min="0" Max="15">0</ColumnIndex>
                <RowIndex Min="0" Max="15">0</RowIndex>
                <ConnectorIndex Min="0" Max="3">0</ConnectorIndex>
                <SlotIndex Min="0" Max="22">-1</SlotIndex>
                <Error Min="-1000000" Max="1000000">0</Error>
              </ConnMap>
              <ConnMap id="9">
                <InUse Min="0" Max="1">0</InUse>
                <VPID Min="0" Max="1">0</VPID>
                <CardType Min="0" Max="255">255</CardType>
                <ColumnIndex Min="0" Max="15">0</ColumnIndex>
                <RowIndex Min="0" Max="15">0</RowIndex>
                <ConnectorIndex Min="0" Max="3">0</ConnectorIndex>
                <SlotIndex Min="0" Max="22">-1</SlotIndex>
                <Error Min="-1000000" Max="1000000">0</Error>
              </ConnMap>
              <ConnMap id="10">
                <InUse Min="0" Max="1">0</InUse>
                <VPID Min="0" Max="1">0</VPID>
                <CardType Min="0" Max="255">255</CardType>
                <ColumnIndex Min="0" Max="15">0</ColumnIndex>
                <RowIndex Min="0" Max="15">0</RowIndex>
                <ConnectorIndex Min="0" Max="3">0</ConnectorIndex>
                <SlotIndex Min="0" Max="22">-1</SlotIndex>
                <Error Min="-1000000" Max="1000000">0</Error>
              </ConnMap>
              <ConnMap id="11">
                <InUse Min="0" Max="1">0</InUse>
                <VPID Min="0" Max="1">0</VPID>
                <CardType Min="0" Max="255">255</CardType>
                <ColumnIndex Min="0" Max="15">0</ColumnIndex>
                <RowIndex Min="0" Max="15">0</RowIndex>
                <ConnectorIndex Min="0" Max="3">0</ConnectorIndex>
                <SlotIndex Min="0" Max="22">-1</SlotIndex>
                <Error Min="-1000000" Max="1000000">0</Error>
              </ConnMap>
              <ConnMap id="12">
                <InUse Min="0" Max="1">0</InUse>
                <VPID Min="0" Max="1">0</VPID>
                <CardType Min="0" Max="255">255</CardType>
                <ColumnIndex Min="0" Max="15">0</ColumnIndex>
                <RowIndex Min="0" Max="15">0</RowIndex>
                <ConnectorIndex Min="0" Max="3">0</ConnectorIndex>
                <SlotIndex Min="0" Max="22">-1</SlotIndex>
                <Error Min="-1000000" Max="1000000">0</Error>
              </ConnMap>
              <ConnMap id="13">
                <InUse Min="0" Max="1">0</InUse>
                <VPID Min="0" Max="1">0</VPID>
                <CardType Min="0" Max="255">255</CardType>
                <ColumnIndex Min="0" Max="15">0</ColumnIndex>
                <RowIndex Min="0" Max="15">0</RowIndex>
                <ConnectorIndex Min="0" Max="3">0</ConnectorIndex>
                <SlotIndex Min="0" Max="22">-1</SlotIndex>
                <Error Min="-1000000" Max="1000000">0</Error>
              </ConnMap>
              <ConnMap id="14">
                <InUse Min="0" Max="1">0</InUse>
                <VPID Min="0" Max="1">0</VPID>
                <CardType Min="0" Max="255">255</CardType>
                <ColumnIndex Min="0" Max="15">0</ColumnIndex>
                <RowIndex Min="0" Max="15">0</RowIndex>
                <ConnectorIndex Min="0" Max="3">0</ConnectorIndex>
                <SlotIndex Min="0" Max="22">-1</SlotIndex>
                <Error Min="-1000000" Max="1000000">0</Error>
              </ConnMap>
              <ConnMap id="15">
                <InUse Min="0" Max="1">0</InUse>
                <VPID Min="0" Max="1">0</VPID>
                <CardType Min="0" Max="255">255</CardType>
                <ColumnIndex Min="0" Max="15">0</ColumnIndex>
                <RowIndex Min="0" Max="15">0</RowIndex>
                <ConnectorIndex Min="0" Max="3">0</ConnectorIndex>
                <SlotIndex Min="0" Max="22">-1</SlotIndex>
                <Error Min="-1000000" Max="1000000">0</Error>
              </ConnMap>
              <VideoFormat id="0">
                <Name>1920x1080p @59.94</Name>
                <HFreq>67433</HFreq>
                <HSync Min="1" Max="192">88</HSync>
                <HActive Min="0" Max="2024">1920</HActive>
                <HFP Min="0" Max="192">88</HFP>
                <HTotal Min="2096" Max="8191">2200</HTotal>
                <VFreq Min="20" Max="75">59.9401</VFreq>
                <VSync Min="1" Max="41">5</VSync>
                <VActive Min="0" Max="1116">1080</VActive>
                <VFP Min="0" Max="40">4</VFP>
                <VTotal Min="1089" Max="8191">1125</VTotal>
                <PixelClk>148.352</PixelClk>
                <HSP Min="78" Max="80">80</HSP>
                <VSP Min="78" Max="80">80</VSP>
                <AR Min="0" Max="1000">1.77778</AR>
                <Interlaced>80</Interlaced>
                <VFType Min="0" Max="0">8</VFType>
                <VFEnum Min="0" Max="4700">2708</VFEnum>
                <VFStdFrom Min="0" Max="4">4</VFStdFrom>
                <VFStdNum>16</VFStdNum>
              </VideoFormat>
            </Config>
            <OutputAOI id="0">
              <AOIRect id="0">
                <HPos Min="0" Max="0">0</HPos>
                <VPos Min="0" Max="0">0</VPos>
                <HSize Min="0" Max="1920">1920</HSize>
                <VSize Min="0" Max="1080">1080</VSize>
                <AR Min="0" Max="99">1.77778</AR>
              </AOIRect>
              <RasterBox id="0">
                <Mode Min="0" Max="1">0</Mode>
              </RasterBox>
              <TestPattern id="0">
                <TestPatternMode LegalValues="0 1 2 3 4 5 6 7 8 9 10 11 12 13 14 15 16">0</TestPatternMode>
                <DiagMotion Min="0" Max="1">0</DiagMotion>
                <Color id="0">
                  <Red Min="0" Max="1023">0</Red>
                  <Green Min="0" Max="1023">0</Green>
                  <Blue Min="0" Max="1023">0</Blue>
                </Color>
              </TestPattern>
            </OutputAOI>
            <RasterBox id="0">
              <Mode Min="0" Max="1">0</Mode>
            </RasterBox>
            <Feathering id="0">
              <Mode Min="0" Max="1">0</Mode>
              <Gamma Min="1" Max="5">2.2</Gamma>
              <EdgeWidth Min="0" Max="960">0</EdgeWidth>
            </Feathering>
            <Feathering id="1">
              <Mode Min="0" Max="1">0</Mode>
              <Gamma Min="1" Max="5">2.2</Gamma>
              <EdgeWidth Min="0" Max="540">0</EdgeWidth>
            </Feathering>
            <Feathering id="2">
              <Mode Min="0" Max="1">0</Mode>
              <Gamma Min="1" Max="5">2.2</Gamma>
              <EdgeWidth Min="0" Max="960">0</EdgeWidth>
            </Feathering>
            <Feathering id="3">
              <Mode Min="0" Max="1">0</Mode>
              <Gamma Min="1" Max="5">2.2</Gamma>
              <EdgeWidth Min="0" Max="540">0</EdgeWidth>
            </Feathering>
            <VideoColor id="0">
              <Hue Min="-90" Max="90">0</Hue>
              <Sat Min="0" Max="150">100</Sat>
              <Bright Min="50" Max="150">100</Bright>
              <BrightR Min="25" Max="150">100</BrightR>
              <BrightG Min="25" Max="150">100</BrightG>
              <BrightB Min="25" Max="150">100</BrightB>
              <Contr Min="50" Max="150">100</Contr>
              <ContrR Min="25" Max="150">100</ContrR>
              <ContrG Min="25" Max="150">100</ContrG>
              <ContrB Min="25" Max="150">100</ContrB>
              <Invert Min="0" Max="1">0</Invert>
              <Gamma Min="0.3" Max="3.3">1</Gamma>
              <ColorSpace LegalValues="0 1">0</ColorSpace>
              <ColorRange LegalValues="0 1">0</ColorRange>
              <Mono Min="0" Max="1">0</Mono>
            </VideoColor>
            <TestPattern id="0">
              <TestPatternMode LegalValues="0 1 2 3 4 5 6 7 8 9 10 11 12 13 14 15 16">0</TestPatternMode>
              <DiagMotion Min="0" Max="1">0</DiagMotion>
              <Color id="0">
                <Red Min="0" Max="1023">0</Red>
                <Green Min="0" Max="1023">0</Green>
                <Blue Min="0" Max="1023">0</Blue>
              </Color>
            </TestPattern>
          </OutputCfg>
        </MVOutputCfgCollection>
      </MultiViewer>
      <OutMiniDin3D id="0">
        <SyncDelayS3D Min="0" Max="750">0</SyncDelayS3D>
        <SyncInvertS3D LegalValues="0 1">0</SyncInvertS3D>
        <Name>S3D Out 1</Name>
      </OutMiniDin3D>
      <OutMiniDin3D id="1">
        <SyncDelayS3D Min="0" Max="750">0</SyncDelayS3D>
        <SyncInvertS3D LegalValues="0 1">0</SyncInvertS3D>
        <Name>S3D Out 2</Name>
      </OutMiniDin3D>
    </Frame>
    <Frame id="00:13:95:1d:17:57">
      <FrameType Min="-1" Max="2">1</FrameType>
      <OpMode Min="0" Max="2">0</OpMode>
      <VPID Min="0" Max="1">1</VPID>
      <BlackOnInvalid Min="0" Max="1">1</BlackOnInvalid>
      <DispBright Min="0" Max="6">3</DispBright>
      <Name>S3</Name>
      <Contact/>
      <LockFrontPanel>0</LockFrontPanel>
      <Live Min="0" Max="1">1</Live>
      <OSVersion>0.4.6</OSVersion>
      <Version>3.2.861</Version>
      <IsConnected Min="0" Max="1">1</IsConnected>
      <SyncedSetting Min="0" Max="1">1</SyncedSetting>
      <Enet id="0">
        <StaticIP>192.168.2.175</StaticIP>
        <StaticMask>255.255.255.0</StaticMask>
        <StaticGateway>192.168.0.1</StaticGateway>
        <IP>192.168.2.175</IP>
        <DhcpMode Min="0" Max="1">0</DhcpMode>
        <Mask>255.255.255.0</Mask>
        <Gateway>000.000.000.000</Gateway>
        <MacAddress>00:13:95:1d:17:57</MacAddress>
      </Enet>
      <Slot id="0">
        <Card id="0">
          <CardStatus Min="0" Max="4">2</CardStatus>
          <CardType Min="0" Max="255">70</CardType>
          <CardID>Card0</CardID>
          <SlotIndex Min="-1" Max="23">0</SlotIndex>
          <CardExp id="0">
            <LinkConnector id="0">
              <Mode Min="0" Max="1">0</Mode>
              <IP/>
              <MacAddress>00:13:95:1c:0a:f2</MacAddress>
              <Connected Min="0" Max="1">1</Connected>
              <ConnectorIndex Min="-1" Max="3">0</ConnectorIndex>
              <SlotIndex Min="-1" Max="22">0</SlotIndex>
            </LinkConnector>
            <LinkConnector id="1">
              <Mode Min="0" Max="1">0</Mode>
              <IP/>
              <MacAddress>00:13:95:1c:0a:f2</MacAddress>
              <Connected Min="0" Max="1">1</Connected>
              <ConnectorIndex Min="-1" Max="3">1</ConnectorIndex>
              <SlotIndex Min="-1" Max="22">0</SlotIndex>
            </LinkConnector>
          </CardExp>
        </Card>
      </Slot>
      <Slot id="1">
        <Card id="0">
          <CardStatus Min="0" Max="4">2</CardStatus>
          <CardType Min="0" Max="255">50</CardType>
          <CardID>Card1</CardID>
          <SlotIndex Min="-1" Max="23">1</SlotIndex>
          <CardLayer id="0">
            <BankIndex Min="-1" Max="4">0</BankIndex>
            <VpuIndex Min="-1" Max="4">0</VpuIndex>
            <Luma Min="0" Max="100">37.5</Luma>
            <Sat Min="0" Max="100">100</Sat>
            <Hue Min="0" Max="360">0</Hue>
            <LinkAssign id="0">
              <XPos Min="0" Max="1000000">0</XPos>
              <YPos Min="0" Max="1000000">0</YPos>
              <ZPos Min="0" Max="1000000">0</ZPos>
              <DestIndex Min="-1" Max="127">-1</DestIndex>
              <Rect id="0">
                <HPos Min="-32767" Max="32767">0</HPos>
                <VPos Min="-32767" Max="32767">0</VPos>
                <HSize Min="0" Max="32767">0</HSize>
                <VSize Min="0" Max="32767">0</VSize>
                <AR Min="0" Max="99">0</AR>
              </Rect>
            </LinkAssign>
            <LinkAssign id="1">
              <XPos Min="0" Max="1000000">0</XPos>
              <YPos Min="0" Max="1000000">0</YPos>
              <ZPos Min="0" Max="1000000">0</ZPos>
              <DestIndex Min="-1" Max="127">-1</DestIndex>
              <Rect id="0">
                <HPos Min="-32767" Max="32767">0</HPos>
                <VPos Min="-32767" Max="32767">0</VPos>
                <HSize Min="0" Max="32767">0</HSize>
                <VSize Min="0" Max="32767">0</VSize>
                <AR Min="0" Max="99">0</AR>
              </Rect>
            </LinkAssign>
            <LinkAssign id="2">
              <XPos Min="0" Max="1000000">0</XPos>
              <YPos Min="0" Max="1000000">0</YPos>
              <ZPos Min="0" Max="1000000">0</ZPos>
              <DestIndex Min="-1" Max="127">-1</DestIndex>
              <Rect id="0">
                <HPos Min="-32767" Max="32767">0</HPos>
                <VPos Min="-32767" Max="32767">0</VPos>
                <HSize Min="0" Max="32767">0</HSize>
                <VSize Min="0" Max="32767">0</VSize>
                <AR Min="0" Max="99">0</AR>
              </Rect>
            </LinkAssign>
            <LinkAssign id="3">
              <XPos Min="0" Max="1000000">0</XPos>
              <YPos Min="0" Max="1000000">0</YPos>
              <ZPos Min="0" Max="1000000">0</ZPos>
              <DestIndex Min="-1" Max="127">-1</DestIndex>
              <Rect id="0">
                <HPos Min="-32767" Max="32767">0</HPos>
                <VPos Min="-32767" Max="32767">0</VPos>
                <HSize Min="0" Max="32767">0</HSize>
                <VSize Min="0" Max="32767">0</VSize>
                <AR Min="0" Max="99">0</AR>
              </Rect>
            </LinkAssign>
            <ScalerAssign id="0">
              <YPos Min="0" Max="1000000">0</YPos>
              <ZPos Min="0" Max="1000000">0</ZPos>
              <LayerIndex Min="-1" Max="512">-1</LayerIndex>
              <DestIndex Min="-1" Max="127">-1</DestIndex>
            </ScalerAssign>
            <ScalerAssign id="1">
              <YPos Min="0" Max="1000000">0</YPos>
              <ZPos Min="0" Max="1000000">0</ZPos>
              <LayerIndex Min="-1" Max="512">-1</LayerIndex>
              <DestIndex Min="-1" Max="127">-1</DestIndex>
            </ScalerAssign>
            <ScalerAssign id="2">
              <YPos Min="0" Max="1000000">0</YPos>
              <ZPos Min="0" Max="1000000">0</ZPos>
              <LayerIndex Min="-1" Max="512">-1</LayerIndex>
              <DestIndex Min="-1" Max="127">-1</DestIndex>
            </ScalerAssign>
            <ScalerAssign id="3">
              <YPos Min="0" Max="1000000">0</YPos>
              <ZPos Min="0" Max="1000000">0</ZPos>
              <LayerIndex Min="-1" Max="512">-1</LayerIndex>
              <DestIndex Min="-1" Max="127">-1</DestIndex>
            </ScalerAssign>
          </CardLayer>
        </Card>
      </Slot>
      <Slot id="2">
        <Card id="0">
          <CardStatus Min="0" Max="4">2</CardStatus>
          <CardType Min="0" Max="255">50</CardType>
          <CardID>Card2</CardID>
          <SlotIndex Min="-1" Max="23">2</SlotIndex>
          <CardLayer id="0">
            <BankIndex Min="-1" Max="4">1</BankIndex>
            <VpuIndex Min="-1" Max="4">0</VpuIndex>
            <Luma Min="0" Max="100">37.5</Luma>
            <Sat Min="0" Max="100">100</Sat>
            <Hue Min="0" Max="360">0</Hue>
            <LinkAssign id="0">
              <XPos Min="0" Max="1000000">0</XPos>
              <YPos Min="0" Max="1000000">0</YPos>
              <ZPos Min="0" Max="1000000">0</ZPos>
              <DestIndex Min="-1" Max="127">-1</DestIndex>
              <Rect id="0">
                <HPos Min="-32767" Max="32767">0</HPos>
                <VPos Min="-32767" Max="32767">0</VPos>
                <HSize Min="0" Max="32767">0</HSize>
                <VSize Min="0" Max="32767">0</VSize>
                <AR Min="0" Max="99">0</AR>
              </Rect>
            </LinkAssign>
            <LinkAssign id="1">
              <XPos Min="0" Max="1000000">0</XPos>
              <YPos Min="0" Max="1000000">0</YPos>
              <ZPos Min="0" Max="1000000">0</ZPos>
              <DestIndex Min="-1" Max="127">-1</DestIndex>
              <Rect id="0">
                <HPos Min="-32767" Max="32767">0</HPos>
                <VPos Min="-32767" Max="32767">0</VPos>
                <HSize Min="0" Max="32767">0</HSize>
                <VSize Min="0" Max="32767">0</VSize>
                <AR Min="0" Max="99">0</AR>
              </Rect>
            </LinkAssign>
            <LinkAssign id="2">
              <XPos Min="0" Max="1000000">0</XPos>
              <YPos Min="0" Max="1000000">0</YPos>
              <ZPos Min="0" Max="1000000">0</ZPos>
              <DestIndex Min="-1" Max="127">-1</DestIndex>
              <Rect id="0">
                <HPos Min="-32767" Max="32767">0</HPos>
                <VPos Min="-32767" Max="32767">0</VPos>
                <HSize Min="0" Max="32767">0</HSize>
                <VSize Min="0" Max="32767">0</VSize>
                <AR Min="0" Max="99">0</AR>
              </Rect>
            </LinkAssign>
            <LinkAssign id="3">
              <XPos Min="0" Max="1000000">0</XPos>
              <YPos Min="0" Max="1000000">0</YPos>
              <ZPos Min="0" Max="1000000">0</ZPos>
              <DestIndex Min="-1" Max="127">-1</DestIndex>
              <Rect id="0">
                <HPos Min="-32767" Max="32767">0</HPos>
                <VPos Min="-32767" Max="32767">0</VPos>
                <HSize Min="0" Max="32767">0</HSize>
                <VSize Min="0" Max="32767">0</VSize>
                <AR Min="0" Max="99">0</AR>
              </Rect>
            </LinkAssign>
            <ScalerAssign id="0">
              <YPos Min="0" Max="1000000">0</YPos>
              <ZPos Min="0" Max="1000000">0</ZPos>
              <LayerIndex Min="-1" Max="512">-1</LayerIndex>
              <DestIndex Min="-1" Max="127">-1</DestIndex>
            </ScalerAssign>
            <ScalerAssign id="1">
              <YPos Min="0" Max="1000000">0</YPos>
              <ZPos Min="0" Max="1000000">0</ZPos>
              <LayerIndex Min="-1" Max="512">-1</LayerIndex>
              <DestIndex Min="-1" Max="127">-1</DestIndex>
            </ScalerAssign>
            <ScalerAssign id="2">
              <YPos Min="0" Max="1000000">0</YPos>
              <ZPos Min="0" Max="1000000">0</ZPos>
              <LayerIndex Min="-1" Max="512">-1</LayerIndex>
              <DestIndex Min="-1" Max="127">-1</DestIndex>
            </ScalerAssign>
            <ScalerAssign id="3">
              <YPos Min="0" Max="1000000">0</YPos>
              <ZPos Min="0" Max="1000000">0</ZPos>
              <LayerIndex Min="-1" Max="512">-1</LayerIndex>
              <DestIndex Min="-1" Max="127">-1</DestIndex>
            </ScalerAssign>
          </CardLayer>
        </Card>
      </Slot>
      <Slot id="3">
        <Card id="0">
          <CardStatus Min="0" Max="4">2</CardStatus>
          <CardType Min="0" Max="255">1</CardType>
          <CardID>Card3</CardID>
          <SlotIndex Min="-1" Max="23">3</SlotIndex>
          <CardIn id="0">
            <NumOfChan Min="0" Max="4">4</NumOfChan>
            <CapacityStatus Min="0" Max="1">0</CapacityStatus>
            <In id="0">
              <AutoAcqMode Min="0" Max="1">1</AutoAcqMode>
              <Capacity LegalValues="1">1</Capacity>
              <ColorSpace LegalValues="-1 0 1">0</ColorSpace>
              <ColorRange LegalValues="0 1">0</ColorRange>
              <Sync Min="0" Max="2">0</Sync>
              <DPIn id="0">
                <Hdcp id="0">
                  <Mode Min="0" Max="1">0</Mode>
                  <HdcpAuth Min="0" Max="1">0</HdcpAuth>
                </Hdcp>
                <EDIDIn id="0">
                  <BitDepth LegalValues="1 2 3">2</BitDepth>
                  <EdidStatus Min="0" Max="4">0</EdidStatus>
                  <VideoFormat id="0">
                    <Name>1920x1080p @59.94</Name>
                    <HFreq>67433</HFreq>
                    <HSync Min="1" Max="192">88</HSync>
                    <HActive Min="0" Max="2024">1920</HActive>
                    <HFP Min="0" Max="192">88</HFP>
                    <HTotal Min="2096" Max="8191">2200</HTotal>
                    <VFreq Min="20" Max="75">59.9401</VFreq>
                    <VSync Min="1" Max="41">5</VSync>
                    <VActive Min="0" Max="1116">1080</VActive>
                    <VFP Min="0" Max="40">4</VFP>
                    <VTotal Min="1089" Max="8191">1125</VTotal>
                    <PixelClk>148.352</PixelClk>
                    <HSP Min="78" Max="80">80</HSP>
                    <VSP Min="78" Max="80">80</VSP>
                    <AR Min="0" Max="1000">1.77778</AR>
                    <Interlaced>80</Interlaced>
                    <VFType Min="0" Max="0">8</VFType>
                    <VFEnum Min="0" Max="4700">2708</VFEnum>
                    <VFStdFrom Min="0" Max="4">4</VFStdFrom>
                    <VFStdNum>16</VFStdNum>
                  </VideoFormat>
                </EDIDIn>
              </DPIn>
              <DVIIn id="0">
                <Hdcp id="0">
                  <Mode Min="0" Max="1">0</Mode>
                  <HdcpAuth Min="0" Max="1">0</HdcpAuth>
                </Hdcp>
                <EDIDIn id="0">
                  <BitDepth LegalValues="1">1</BitDepth>
                  <EdidStatus Min="0" Max="4">0</EdidStatus>
                  <VideoFormat id="0">
                    <Name>1920x1080p @59.94</Name>
                    <HFreq>67433</HFreq>
                    <HSync Min="1" Max="192">88</HSync>
                    <HActive Min="0" Max="2024">1920</HActive>
                    <HFP Min="0" Max="192">88</HFP>
                    <HTotal Min="2096" Max="8191">2200</HTotal>
                    <VFreq Min="20" Max="75">59.9401</VFreq>
                    <VSync Min="1" Max="41">5</VSync>
                    <VActive Min="0" Max="1116">1080</VActive>
                    <VFP Min="0" Max="40">4</VFP>
                    <VTotal Min="1089" Max="8191">1125</VTotal>
                    <PixelClk>148.352</PixelClk>
                    <HSP Min="78" Max="80">80</HSP>
                    <VSP Min="78" Max="80">80</VSP>
                    <AR Min="0" Max="1000">1.77778</AR>
                    <Interlaced>80</Interlaced>
                    <VFType Min="0" Max="0">8</VFType>
                    <VFEnum Min="0" Max="4700">2708</VFEnum>
                    <VFStdFrom Min="0" Max="4">4</VFStdFrom>
                    <VFStdNum>16</VFStdNum>
                  </VideoFormat>
                </EDIDIn>
              </DVIIn>
              <SDIIn id="0">
                <Type3G LegalValues="0 1 2 3">2</Type3G>
              </SDIIn>
              <HDMIIn id="0">
                <Hdcp id="0">
                  <Mode Min="0" Max="1">0</Mode>
                  <HdcpAuth Min="0" Max="1">0</HdcpAuth>
                </Hdcp>
                <EDIDIn id="0">
                  <BitDepth LegalValues="1 2 3">3</BitDepth>
                  <EdidStatus Min="0" Max="4">0</EdidStatus>
                  <VideoFormat id="0">
                    <Name>1920x1080p @59.94</Name>
                    <HFreq>67433</HFreq>
                    <HSync Min="1" Max="192">88</HSync>
                    <HActive Min="0" Max="2024">1920</HActive>
                    <HFP Min="0" Max="192">88</HFP>
                    <HTotal Min="2096" Max="8191">2200</HTotal>
                    <VFreq Min="20" Max="75">59.9401</VFreq>
                    <VSync Min="1" Max="41">5</VSync>
                    <VActive Min="0" Max="1116">1080</VActive>
                    <VFP Min="0" Max="40">4</VFP>
                    <VTotal Min="1089" Max="8191">1125</VTotal>
                    <PixelClk>148.352</PixelClk>
                    <HSP Min="78" Max="80">80</HSP>
                    <VSP Min="78" Max="80">80</VSP>
                    <AR Min="0" Max="1000">1.77778</AR>
                    <Interlaced>80</Interlaced>
                    <VFType Min="0" Max="0">8</VFType>
                    <VFEnum Min="0" Max="4700">2708</VFEnum>
                    <VFStdFrom Min="0" Max="4">4</VFStdFrom>
                    <VFStdNum>16</VFStdNum>
                  </VideoFormat>
                </EDIDIn>
              </HDMIIn>
              <VideoFormat id="0">
                <Name>Empty</Name>
                <HFreq>0</HFreq>
                <HSync Min="1" Max="1">1</HSync>
                <HActive Min="0" Max="0">0</HActive>
                <HFP Min="0" Max="0">0</HFP>
                <HTotal Min="1" Max="8191">1</HTotal>
                <VFreq Min="20" Max="75">20</VFreq>
                <VSync Min="1" Max="1">1</VSync>
                <VActive Min="0" Max="0">0</VActive>
                <VFP Min="0" Max="0">0</VFP>
                <VTotal Min="1" Max="8191">1</VTotal>
                <PixelClk>0</PixelClk>
                <HSP Min="78" Max="80">80</HSP>
                <VSP Min="78" Max="80">80</VSP>
                <AR Min="0" Max="1000">0</AR>
                <Interlaced>80</Interlaced>
                <VFType Min="0" Max="0">0</VFType>
                <VFEnum Min="0" Max="4700">0</VFEnum>
                <VFStdFrom Min="0" Max="4">0</VFStdFrom>
                <VFStdNum>0</VFStdNum>
              </VideoFormat>
            </In>
            <In id="1">
              <AutoAcqMode Min="0" Max="1">1</AutoAcqMode>
              <Capacity LegalValues="1">1</Capacity>
              <ColorSpace LegalValues="-1 0 1">0</ColorSpace>
              <ColorRange LegalValues="0 1">0</ColorRange>
              <Sync Min="0" Max="2">0</Sync>
              <DPIn id="0">
                <Hdcp id="0">
                  <Mode Min="0" Max="1">0</Mode>
                  <HdcpAuth Min="0" Max="1">0</HdcpAuth>
                </Hdcp>
                <EDIDIn id="0">
                  <BitDepth LegalValues="1 2 3">2</BitDepth>
                  <EdidStatus Min="0" Max="4">0</EdidStatus>
                  <VideoFormat id="0">
                    <Name>1920x1080p @59.94</Name>
                    <HFreq>67433</HFreq>
                    <HSync Min="1" Max="192">88</HSync>
                    <HActive Min="0" Max="2024">1920</HActive>
                    <HFP Min="0" Max="192">88</HFP>
                    <HTotal Min="2096" Max="8191">2200</HTotal>
                    <VFreq Min="20" Max="75">59.9401</VFreq>
                    <VSync Min="1" Max="41">5</VSync>
                    <VActive Min="0" Max="1116">1080</VActive>
                    <VFP Min="0" Max="40">4</VFP>
                    <VTotal Min="1089" Max="8191">1125</VTotal>
                    <PixelClk>148.352</PixelClk>
                    <HSP Min="78" Max="80">80</HSP>
                    <VSP Min="78" Max="80">80</VSP>
                    <AR Min="0" Max="1000">1.77778</AR>
                    <Interlaced>80</Interlaced>
                    <VFType Min="0" Max="0">8</VFType>
                    <VFEnum Min="0" Max="4700">2708</VFEnum>
                    <VFStdFrom Min="0" Max="4">4</VFStdFrom>
                    <VFStdNum>16</VFStdNum>
                  </VideoFormat>
                </EDIDIn>
              </DPIn>
              <DVIIn id="0">
                <Hdcp id="0">
                  <Mode Min="0" Max="1">0</Mode>
                  <HdcpAuth Min="0" Max="1">0</HdcpAuth>
                </Hdcp>
                <EDIDIn id="0">
                  <BitDepth LegalValues="1">1</BitDepth>
                  <EdidStatus Min="0" Max="4">0</EdidStatus>
                  <VideoFormat id="0">
                    <Name>1920x1080p @59.94</Name>
                    <HFreq>67433</HFreq>
                    <HSync Min="1" Max="192">88</HSync>
                    <HActive Min="0" Max="2024">1920</HActive>
                    <HFP Min="0" Max="192">88</HFP>
                    <HTotal Min="2096" Max="8191">2200</HTotal>
                    <VFreq Min="20" Max="75">59.9401</VFreq>
                    <VSync Min="1" Max="41">5</VSync>
                    <VActive Min="0" Max="1116">1080</VActive>
                    <VFP Min="0" Max="40">4</VFP>
                    <VTotal Min="1089" Max="8191">1125</VTotal>
                    <PixelClk>148.352</PixelClk>
                    <HSP Min="78" Max="80">80</HSP>
                    <VSP Min="78" Max="80">80</VSP>
                    <AR Min="0" Max="1000">1.77778</AR>
                    <Interlaced>80</Interlaced>
                    <VFType Min="0" Max="0">8</VFType>
                    <VFEnum Min="0" Max="4700">2708</VFEnum>
                    <VFStdFrom Min="0" Max="4">4</VFStdFrom>
                    <VFStdNum>16</VFStdNum>
                  </VideoFormat>
                </EDIDIn>
              </DVIIn>
              <SDIIn id="0">
                <Type3G LegalValues="0 1 2 3">2</Type3G>
              </SDIIn>
              <HDMIIn id="0">
                <Hdcp id="0">
                  <Mode Min="0" Max="1">0</Mode>
                  <HdcpAuth Min="0" Max="1">0</HdcpAuth>
                </Hdcp>
                <EDIDIn id="0">
                  <BitDepth LegalValues="1 2 3">3</BitDepth>
                  <EdidStatus Min="0" Max="4">0</EdidStatus>
                  <VideoFormat id="0">
                    <Name>1920x1080p @59.94</Name>
                    <HFreq>67433</HFreq>
                    <HSync Min="1" Max="192">88</HSync>
                    <HActive Min="0" Max="2024">1920</HActive>
                    <HFP Min="0" Max="192">88</HFP>
                    <HTotal Min="2096" Max="8191">2200</HTotal>
                    <VFreq Min="20" Max="75">59.9401</VFreq>
                    <VSync Min="1" Max="41">5</VSync>
                    <VActive Min="0" Max="1116">1080</VActive>
                    <VFP Min="0" Max="40">4</VFP>
                    <VTotal Min="1089" Max="8191">1125</VTotal>
                    <PixelClk>148.352</PixelClk>
                    <HSP Min="78" Max="80">80</HSP>
                    <VSP Min="78" Max="80">80</VSP>
                    <AR Min="0" Max="1000">1.77778</AR>
                    <Interlaced>80</Interlaced>
                    <VFType Min="0" Max="0">8</VFType>
                    <VFEnum Min="0" Max="4700">2708</VFEnum>
                    <VFStdFrom Min="0" Max="4">4</VFStdFrom>
                    <VFStdNum>16</VFStdNum>
                  </VideoFormat>
                </EDIDIn>
              </HDMIIn>
              <VideoFormat id="0">
                <Name>Empty</Name>
                <HFreq>0</HFreq>
                <HSync Min="1" Max="1">1</HSync>
                <HActive Min="0" Max="0">0</HActive>
                <HFP Min="0" Max="0">0</HFP>
                <HTotal Min="1" Max="8191">1</HTotal>
                <VFreq Min="20" Max="75">20</VFreq>
                <VSync Min="1" Max="1">1</VSync>
                <VActive Min="0" Max="0">0</VActive>
                <VFP Min="0" Max="0">0</VFP>
                <VTotal Min="1" Max="8191">1</VTotal>
                <PixelClk>0</PixelClk>
                <HSP Min="78" Max="80">80</HSP>
                <VSP Min="78" Max="80">80</VSP>
                <AR Min="0" Max="1000">0</AR>
                <Interlaced>80</Interlaced>
                <VFType Min="0" Max="0">0</VFType>
                <VFEnum Min="0" Max="4700">0</VFEnum>
                <VFStdFrom Min="0" Max="4">0</VFStdFrom>
                <VFStdNum>0</VFStdNum>
              </VideoFormat>
            </In>
            <In id="2">
              <AutoAcqMode Min="0" Max="1">1</AutoAcqMode>
              <Capacity LegalValues="1">1</Capacity>
              <ColorSpace LegalValues="-1 0 1">0</ColorSpace>
              <ColorRange LegalValues="0 1">0</ColorRange>
              <Sync Min="0" Max="2">0</Sync>
              <DPIn id="0">
                <Hdcp id="0">
                  <Mode Min="0" Max="1">0</Mode>
                  <HdcpAuth Min="0" Max="1">0</HdcpAuth>
                </Hdcp>
                <EDIDIn id="0">
                  <BitDepth LegalValues="1 2 3">2</BitDepth>
                  <EdidStatus Min="0" Max="4">0</EdidStatus>
                  <VideoFormat id="0">
                    <Name>1920x1080p @59.94</Name>
                    <HFreq>67433</HFreq>
                    <HSync Min="1" Max="192">88</HSync>
                    <HActive Min="0" Max="2024">1920</HActive>
                    <HFP Min="0" Max="192">88</HFP>
                    <HTotal Min="2096" Max="8191">2200</HTotal>
                    <VFreq Min="20" Max="75">59.9401</VFreq>
                    <VSync Min="1" Max="41">5</VSync>
                    <VActive Min="0" Max="1116">1080</VActive>
                    <VFP Min="0" Max="40">4</VFP>
                    <VTotal Min="1089" Max="8191">1125</VTotal>
                    <PixelClk>148.352</PixelClk>
                    <HSP Min="78" Max="80">80</HSP>
                    <VSP Min="78" Max="80">80</VSP>
                    <AR Min="0" Max="1000">1.77778</AR>
                    <Interlaced>80</Interlaced>
                    <VFType Min="0" Max="0">8</VFType>
                    <VFEnum Min="0" Max="4700">2708</VFEnum>
                    <VFStdFrom Min="0" Max="4">4</VFStdFrom>
                    <VFStdNum>16</VFStdNum>
                  </VideoFormat>
                </EDIDIn>
              </DPIn>
              <DVIIn id="0">
                <Hdcp id="0">
                  <Mode Min="0" Max="1">0</Mode>
                  <HdcpAuth Min="0" Max="1">0</HdcpAuth>
                </Hdcp>
                <EDIDIn id="0">
                  <BitDepth LegalValues="1">1</BitDepth>
                  <EdidStatus Min="0" Max="4">0</EdidStatus>
                  <VideoFormat id="0">
                    <Name>1920x1080p @59.94</Name>
                    <HFreq>67433</HFreq>
                    <HSync Min="1" Max="192">88</HSync>
                    <HActive Min="0" Max="2024">1920</HActive>
                    <HFP Min="0" Max="192">88</HFP>
                    <HTotal Min="2096" Max="8191">2200</HTotal>
                    <VFreq Min="20" Max="75">59.9401</VFreq>
                    <VSync Min="1" Max="41">5</VSync>
                    <VActive Min="0" Max="1116">1080</VActive>
                    <VFP Min="0" Max="40">4</VFP>
                    <VTotal Min="1089" Max="8191">1125</VTotal>
                    <PixelClk>148.352</PixelClk>
                    <HSP Min="78" Max="80">80</HSP>
                    <VSP Min="78" Max="80">80</VSP>
                    <AR Min="0" Max="1000">1.77778</AR>
                    <Interlaced>80</Interlaced>
                    <VFType Min="0" Max="0">8</VFType>
                    <VFEnum Min="0" Max="4700">2708</VFEnum>
                    <VFStdFrom Min="0" Max="4">4</VFStdFrom>
                    <VFStdNum>16</VFStdNum>
                  </VideoFormat>
                </EDIDIn>
              </DVIIn>
              <SDIIn id="0">
                <Type3G LegalValues="0 1 2 3">2</Type3G>
              </SDIIn>
              <HDMIIn id="0">
                <Hdcp id="0">
                  <Mode Min="0" Max="1">0</Mode>
                  <HdcpAuth Min="0" Max="1">0</HdcpAuth>
                </Hdcp>
                <EDIDIn id="0">
                  <BitDepth LegalValues="1 2 3">3</BitDepth>
                  <EdidStatus Min="0" Max="4">0</EdidStatus>
                  <VideoFormat id="0">
                    <Name>1920x1080p @59.94</Name>
                    <HFreq>67433</HFreq>
                    <HSync Min="1" Max="192">88</HSync>
                    <HActive Min="0" Max="2024">1920</HActive>
                    <HFP Min="0" Max="192">88</HFP>
                    <HTotal Min="2096" Max="8191">2200</HTotal>
                    <VFreq Min="20" Max="75">59.9401</VFreq>
                    <VSync Min="1" Max="41">5</VSync>
                    <VActive Min="0" Max="1116">1080</VActive>
                    <VFP Min="0" Max="40">4</VFP>
                    <VTotal Min="1089" Max="8191">1125</VTotal>
                    <PixelClk>148.352</PixelClk>
                    <HSP Min="78" Max="80">80</HSP>
                    <VSP Min="78" Max="80">80</VSP>
                    <AR Min="0" Max="1000">1.77778</AR>
                    <Interlaced>80</Interlaced>
                    <VFType Min="0" Max="0">8</VFType>
                    <VFEnum Min="0" Max="4700">2708</VFEnum>
                    <VFStdFrom Min="0" Max="4">4</VFStdFrom>
                    <VFStdNum>16</VFStdNum>
                  </VideoFormat>
                </EDIDIn>
              </HDMIIn>
              <VideoFormat id="0">
                <Name>Empty</Name>
                <HFreq>0</HFreq>
                <HSync Min="1" Max="1">1</HSync>
                <HActive Min="0" Max="0">0</HActive>
                <HFP Min="0" Max="0">0</HFP>
                <HTotal Min="1" Max="8191">1</HTotal>
                <VFreq Min="20" Max="75">20</VFreq>
                <VSync Min="1" Max="1">1</VSync>
                <VActive Min="0" Max="0">0</VActive>
                <VFP Min="0" Max="0">0</VFP>
                <VTotal Min="1" Max="8191">1</VTotal>
                <PixelClk>0</PixelClk>
                <HSP Min="78" Max="80">80</HSP>
                <VSP Min="78" Max="80">80</VSP>
                <AR Min="0" Max="1000">0</AR>
                <Interlaced>80</Interlaced>
                <VFType Min="0" Max="0">0</VFType>
                <VFEnum Min="0" Max="4700">0</VFEnum>
                <VFStdFrom Min="0" Max="4">0</VFStdFrom>
                <VFStdNum>0</VFStdNum>
              </VideoFormat>
            </In>
            <In id="3">
              <AutoAcqMode Min="0" Max="1">1</AutoAcqMode>
              <Capacity LegalValues="1">1</Capacity>
              <ColorSpace LegalValues="-1 0 1">0</ColorSpace>
              <ColorRange LegalValues="0 1">0</ColorRange>
              <Sync Min="0" Max="2">0</Sync>
              <DPIn id="0">
                <Hdcp id="0">
                  <Mode Min="0" Max="1">0</Mode>
                  <HdcpAuth Min="0" Max="1">0</HdcpAuth>
                </Hdcp>
                <EDIDIn id="0">
                  <BitDepth LegalValues="1 2 3">2</BitDepth>
                  <EdidStatus Min="0" Max="4">0</EdidStatus>
                  <VideoFormat id="0">
                    <Name>1920x1080p @59.94</Name>
                    <HFreq>67433</HFreq>
                    <HSync Min="1" Max="192">88</HSync>
                    <HActive Min="0" Max="2024">1920</HActive>
                    <HFP Min="0" Max="192">88</HFP>
                    <HTotal Min="2096" Max="8191">2200</HTotal>
                    <VFreq Min="20" Max="75">59.9401</VFreq>
                    <VSync Min="1" Max="41">5</VSync>
                    <VActive Min="0" Max="1116">1080</VActive>
                    <VFP Min="0" Max="40">4</VFP>
                    <VTotal Min="1089" Max="8191">1125</VTotal>
                    <PixelClk>148.352</PixelClk>
                    <HSP Min="78" Max="80">80</HSP>
                    <VSP Min="78" Max="80">80</VSP>
                    <AR Min="0" Max="1000">1.77778</AR>
                    <Interlaced>80</Interlaced>
                    <VFType Min="0" Max="0">8</VFType>
                    <VFEnum Min="0" Max="4700">2708</VFEnum>
                    <VFStdFrom Min="0" Max="4">4</VFStdFrom>
                    <VFStdNum>16</VFStdNum>
                  </VideoFormat>
                </EDIDIn>
              </DPIn>
              <DVIIn id="0">
                <Hdcp id="0">
                  <Mode Min="0" Max="1">0</Mode>
                  <HdcpAuth Min="0" Max="1">0</HdcpAuth>
                </Hdcp>
                <EDIDIn id="0">
                  <BitDepth LegalValues="1">1</BitDepth>
                  <EdidStatus Min="0" Max="4">0</EdidStatus>
                  <VideoFormat id="0">
                    <Name>1920x1080p @59.94</Name>
                    <HFreq>67433</HFreq>
                    <HSync Min="1" Max="192">88</HSync>
                    <HActive Min="0" Max="2024">1920</HActive>
                    <HFP Min="0" Max="192">88</HFP>
                    <HTotal Min="2096" Max="8191">2200</HTotal>
                    <VFreq Min="20" Max="75">59.9401</VFreq>
                    <VSync Min="1" Max="41">5</VSync>
                    <VActive Min="0" Max="1116">1080</VActive>
                    <VFP Min="0" Max="40">4</VFP>
                    <VTotal Min="1089" Max="8191">1125</VTotal>
                    <PixelClk>148.352</PixelClk>
                    <HSP Min="78" Max="80">80</HSP>
                    <VSP Min="78" Max="80">80</VSP>
                    <AR Min="0" Max="1000">1.77778</AR>
                    <Interlaced>80</Interlaced>
                    <VFType Min="0" Max="0">8</VFType>
                    <VFEnum Min="0" Max="4700">2708</VFEnum>
                    <VFStdFrom Min="0" Max="4">4</VFStdFrom>
                    <VFStdNum>16</VFStdNum>
                  </VideoFormat>
                </EDIDIn>
              </DVIIn>
              <SDIIn id="0">
                <Type3G LegalValues="0 1 2 3">2</Type3G>
              </SDIIn>
              <HDMIIn id="0">
                <Hdcp id="0">
                  <Mode Min="0" Max="1">0</Mode>
                  <HdcpAuth Min="0" Max="1">0</HdcpAuth>
                </Hdcp>
                <EDIDIn id="0">
                  <BitDepth LegalValues="1 2 3">3</BitDepth>
                  <EdidStatus Min="0" Max="4">0</EdidStatus>
                  <VideoFormat id="0">
                    <Name>1920x1080p @59.94</Name>
                    <HFreq>67433</HFreq>
                    <HSync Min="1" Max="192">88</HSync>
                    <HActive Min="0" Max="2024">1920</HActive>
                    <HFP Min="0" Max="192">88</HFP>
                    <HTotal Min="2096" Max="8191">2200</HTotal>
                    <VFreq Min="20" Max="75">59.9401</VFreq>
                    <VSync Min="1" Max="41">5</VSync>
                    <VActive Min="0" Max="1116">1080</VActive>
                    <VFP Min="0" Max="40">4</VFP>
                    <VTotal Min="1089" Max="8191">1125</VTotal>
                    <PixelClk>148.352</PixelClk>
                    <HSP Min="78" Max="80">80</HSP>
                    <VSP Min="78" Max="80">80</VSP>
                    <AR Min="0" Max="1000">1.77778</AR>
                    <Interlaced>80</Interlaced>
                    <VFType Min="0" Max="0">8</VFType>
                    <VFEnum Min="0" Max="4700">2708</VFEnum>
                    <VFStdFrom Min="0" Max="4">4</VFStdFrom>
                    <VFStdNum>16</VFStdNum>
                  </VideoFormat>
                </EDIDIn>
              </HDMIIn>
              <VideoFormat id="0">
                <Name>Empty</Name>
                <HFreq>0</HFreq>
                <HSync Min="1" Max="1">1</HSync>
                <HActive Min="0" Max="0">0</HActive>
                <HFP Min="0" Max="0">0</HFP>
                <HTotal Min="1" Max="8191">1</HTotal>
                <VFreq Min="20" Max="75">20</VFreq>
                <VSync Min="1" Max="1">1</VSync>
                <VActive Min="0" Max="0">0</VActive>
                <VFP Min="0" Max="0">0</VFP>
                <VTotal Min="1" Max="8191">1</VTotal>
                <PixelClk>0</PixelClk>
                <HSP Min="78" Max="80">80</HSP>
                <VSP Min="78" Max="80">80</VSP>
                <AR Min="0" Max="1000">0</AR>
                <Interlaced>80</Interlaced>
                <VFType Min="0" Max="0">0</VFType>
                <VFEnum Min="0" Max="4700">0</VFEnum>
                <VFStdFrom Min="0" Max="4">0</VFStdFrom>
                <VFStdNum>0</VFStdNum>
              </VideoFormat>
            </In>
          </CardIn>
        </Card>
      </Slot>
      <Slot id="4">
        <Card id="0">
          <CardStatus Min="0" Max="4">2</CardStatus>
          <CardType Min="0" Max="255">2</CardType>
          <CardID>Card4</CardID>
          <SlotIndex Min="-1" Max="23">4</SlotIndex>
          <CardIn id="0">
            <NumOfChan Min="0" Max="4">4</NumOfChan>
            <CapacityStatus Min="0" Max="1">0</CapacityStatus>
            <In id="0">
              <AutoAcqMode Min="0" Max="1">1</AutoAcqMode>
              <Capacity LegalValues="0 1 2 4">1</Capacity>
              <ColorSpace LegalValues="-1 0 1">0</ColorSpace>
              <ColorRange LegalValues="0 1">0</ColorRange>
              <Sync Min="0" Max="2">0</Sync>
              <DPIn id="0">
                <Hdcp id="0">
                  <Mode Min="0" Max="1">0</Mode>
                  <HdcpAuth Min="0" Max="1">0</HdcpAuth>
                </Hdcp>
                <EDIDIn id="0">
                  <BitDepth LegalValues="1 2 3">2</BitDepth>
                  <EdidStatus Min="0" Max="4">1</EdidStatus>
                  <VideoFormat id="0">
                    <Name>1920x1080p @59.94</Name>
                    <HFreq>67433</HFreq>
                    <HSync Min="1" Max="192">88</HSync>
                    <HActive Min="0" Max="2024">1920</HActive>
                    <HFP Min="0" Max="192">88</HFP>
                    <HTotal Min="2096" Max="8191">2200</HTotal>
                    <VFreq Min="20" Max="75">59.9401</VFreq>
                    <VSync Min="1" Max="41">5</VSync>
                    <VActive Min="0" Max="1116">1080</VActive>
                    <VFP Min="0" Max="40">4</VFP>
                    <VTotal Min="1089" Max="8191">1125</VTotal>
                    <PixelClk>148.352</PixelClk>
                    <HSP Min="78" Max="80">80</HSP>
                    <VSP Min="78" Max="80">80</VSP>
                    <AR Min="0" Max="1000">1.77778</AR>
                    <Interlaced>80</Interlaced>
                    <VFType Min="0" Max="0">8</VFType>
                    <VFEnum Min="0" Max="4700">2708</VFEnum>
                    <VFStdFrom Min="0" Max="4">4</VFStdFrom>
                    <VFStdNum>16</VFStdNum>
                  </VideoFormat>
                </EDIDIn>
              </DPIn>
              <DVIIn id="0">
                <Hdcp id="0">
                  <Mode Min="0" Max="1">0</Mode>
                  <HdcpAuth Min="0" Max="1">0</HdcpAuth>
                </Hdcp>
                <EDIDIn id="0">
                  <BitDepth LegalValues="1">1</BitDepth>
                  <EdidStatus Min="0" Max="4">0</EdidStatus>
                  <VideoFormat id="0">
                    <Name>1920x1080p @59.94</Name>
                    <HFreq>67433</HFreq>
                    <HSync Min="1" Max="192">88</HSync>
                    <HActive Min="0" Max="2024">1920</HActive>
                    <HFP Min="0" Max="192">88</HFP>
                    <HTotal Min="2096" Max="8191">2200</HTotal>
                    <VFreq Min="20" Max="75">59.9401</VFreq>
                    <VSync Min="1" Max="41">5</VSync>
                    <VActive Min="0" Max="1116">1080</VActive>
                    <VFP Min="0" Max="40">4</VFP>
                    <VTotal Min="1089" Max="8191">1125</VTotal>
                    <PixelClk>148.352</PixelClk>
                    <HSP Min="78" Max="80">80</HSP>
                    <VSP Min="78" Max="80">80</VSP>
                    <AR Min="0" Max="1000">1.77778</AR>
                    <Interlaced>80</Interlaced>
                    <VFType Min="0" Max="0">8</VFType>
                    <VFEnum Min="0" Max="4700">2708</VFEnum>
                    <VFStdFrom Min="0" Max="4">4</VFStdFrom>
                    <VFStdNum>16</VFStdNum>
                  </VideoFormat>
                </EDIDIn>
              </DVIIn>
              <SDIIn id="0">
                <Type3G LegalValues="0 1 2 3">2</Type3G>
              </SDIIn>
              <HDMIIn id="0">
                <Hdcp id="0">
                  <Mode Min="0" Max="1">0</Mode>
                  <HdcpAuth Min="0" Max="1">0</HdcpAuth>
                </Hdcp>
                <EDIDIn id="0">
                  <BitDepth LegalValues="1 2 3">3</BitDepth>
                  <EdidStatus Min="0" Max="4">0</EdidStatus>
                  <VideoFormat id="0">
                    <Name>1920x1080p @59.94</Name>
                    <HFreq>67433</HFreq>
                    <HSync Min="1" Max="192">88</HSync>
                    <HActive Min="0" Max="2024">1920</HActive>
                    <HFP Min="0" Max="192">88</HFP>
                    <HTotal Min="2096" Max="8191">2200</HTotal>
                    <VFreq Min="20" Max="75">59.9401</VFreq>
                    <VSync Min="1" Max="41">5</VSync>
                    <VActive Min="0" Max="1116">1080</VActive>
                    <VFP Min="0" Max="40">4</VFP>
                    <VTotal Min="1089" Max="8191">1125</VTotal>
                    <PixelClk>148.352</PixelClk>
                    <HSP Min="78" Max="80">80</HSP>
                    <VSP Min="78" Max="80">80</VSP>
                    <AR Min="0" Max="1000">1.77778</AR>
                    <Interlaced>80</Interlaced>
                    <VFType Min="0" Max="0">8</VFType>
                    <VFEnum Min="0" Max="4700">2708</VFEnum>
                    <VFStdFrom Min="0" Max="4">4</VFStdFrom>
                    <VFStdNum>16</VFStdNum>
                  </VideoFormat>
                </EDIDIn>
              </HDMIIn>
              <VideoFormat id="0">
                <Name>Empty</Name>
                <HFreq>0</HFreq>
                <HSync Min="1" Max="1">1</HSync>
                <HActive Min="0" Max="0">0</HActive>
                <HFP Min="0" Max="0">0</HFP>
                <HTotal Min="1" Max="8191">1</HTotal>
                <VFreq Min="20" Max="75">20</VFreq>
                <VSync Min="1" Max="1">1</VSync>
                <VActive Min="0" Max="0">0</VActive>
                <VFP Min="0" Max="0">0</VFP>
                <VTotal Min="1" Max="8191">1</VTotal>
                <PixelClk>0</PixelClk>
                <HSP Min="78" Max="80">80</HSP>
                <VSP Min="78" Max="80">80</VSP>
                <AR Min="0" Max="1000">0</AR>
                <Interlaced>80</Interlaced>
                <VFType Min="0" Max="0">0</VFType>
                <VFEnum Min="0" Max="4700">0</VFEnum>
                <VFStdFrom Min="0" Max="4">0</VFStdFrom>
                <VFStdNum>0</VFStdNum>
              </VideoFormat>
            </In>
            <In id="1">
              <AutoAcqMode Min="0" Max="1">1</AutoAcqMode>
              <Capacity LegalValues="0 1 2 4">1</Capacity>
              <ColorSpace LegalValues="-1 0 1">0</ColorSpace>
              <ColorRange LegalValues="0 1">0</ColorRange>
              <Sync Min="0" Max="2">0</Sync>
              <DPIn id="0">
                <Hdcp id="0">
                  <Mode Min="0" Max="1">0</Mode>
                  <HdcpAuth Min="0" Max="1">0</HdcpAuth>
                </Hdcp>
                <EDIDIn id="0">
                  <BitDepth LegalValues="1 2 3">2</BitDepth>
                  <EdidStatus Min="0" Max="4">1</EdidStatus>
                  <VideoFormat id="0">
                    <Name>1920x1080p @59.94</Name>
                    <HFreq>67433</HFreq>
                    <HSync Min="1" Max="192">88</HSync>
                    <HActive Min="0" Max="2024">1920</HActive>
                    <HFP Min="0" Max="192">88</HFP>
                    <HTotal Min="2096" Max="8191">2200</HTotal>
                    <VFreq Min="20" Max="75">59.9401</VFreq>
                    <VSync Min="1" Max="41">5</VSync>
                    <VActive Min="0" Max="1116">1080</VActive>
                    <VFP Min="0" Max="40">4</VFP>
                    <VTotal Min="1089" Max="8191">1125</VTotal>
                    <PixelClk>148.352</PixelClk>
                    <HSP Min="78" Max="80">80</HSP>
                    <VSP Min="78" Max="80">80</VSP>
                    <AR Min="0" Max="1000">1.77778</AR>
                    <Interlaced>80</Interlaced>
                    <VFType Min="0" Max="0">8</VFType>
                    <VFEnum Min="0" Max="4700">2708</VFEnum>
                    <VFStdFrom Min="0" Max="4">4</VFStdFrom>
                    <VFStdNum>16</VFStdNum>
                  </VideoFormat>
                </EDIDIn>
              </DPIn>
              <DVIIn id="0">
                <Hdcp id="0">
                  <Mode Min="0" Max="1">0</Mode>
                  <HdcpAuth Min="0" Max="1">0</HdcpAuth>
                </Hdcp>
                <EDIDIn id="0">
                  <BitDepth LegalValues="1">1</BitDepth>
                  <EdidStatus Min="0" Max="4">0</EdidStatus>
                  <VideoFormat id="0">
                    <Name>1920x1080p @59.94</Name>
                    <HFreq>67433</HFreq>
                    <HSync Min="1" Max="192">88</HSync>
                    <HActive Min="0" Max="2024">1920</HActive>
                    <HFP Min="0" Max="192">88</HFP>
                    <HTotal Min="2096" Max="8191">2200</HTotal>
                    <VFreq Min="20" Max="75">59.9401</VFreq>
                    <VSync Min="1" Max="41">5</VSync>
                    <VActive Min="0" Max="1116">1080</VActive>
                    <VFP Min="0" Max="40">4</VFP>
                    <VTotal Min="1089" Max="8191">1125</VTotal>
                    <PixelClk>148.352</PixelClk>
                    <HSP Min="78" Max="80">80</HSP>
                    <VSP Min="78" Max="80">80</VSP>
                    <AR Min="0" Max="1000">1.77778</AR>
                    <Interlaced>80</Interlaced>
                    <VFType Min="0" Max="0">8</VFType>
                    <VFEnum Min="0" Max="4700">2708</VFEnum>
                    <VFStdFrom Min="0" Max="4">4</VFStdFrom>
                    <VFStdNum>16</VFStdNum>
                  </VideoFormat>
                </EDIDIn>
              </DVIIn>
              <SDIIn id="0">
                <Type3G LegalValues="0 1 2 3">2</Type3G>
              </SDIIn>
              <HDMIIn id="0">
                <Hdcp id="0">
                  <Mode Min="0" Max="1">0</Mode>
                  <HdcpAuth Min="0" Max="1">0</HdcpAuth>
                </Hdcp>
                <EDIDIn id="0">
                  <BitDepth LegalValues="1 2 3">3</BitDepth>
                  <EdidStatus Min="0" Max="4">0</EdidStatus>
                  <VideoFormat id="0">
                    <Name>1920x1080p @59.94</Name>
                    <HFreq>67433</HFreq>
                    <HSync Min="1" Max="192">88</HSync>
                    <HActive Min="0" Max="2024">1920</HActive>
                    <HFP Min="0" Max="192">88</HFP>
                    <HTotal Min="2096" Max="8191">2200</HTotal>
                    <VFreq Min="20" Max="75">59.9401</VFreq>
                    <VSync Min="1" Max="41">5</VSync>
                    <VActive Min="0" Max="1116">1080</VActive>
                    <VFP Min="0" Max="40">4</VFP>
                    <VTotal Min="1089" Max="8191">1125</VTotal>
                    <PixelClk>148.352</PixelClk>
                    <HSP Min="78" Max="80">80</HSP>
                    <VSP Min="78" Max="80">80</VSP>
                    <AR Min="0" Max="1000">1.77778</AR>
                    <Interlaced>80</Interlaced>
                    <VFType Min="0" Max="0">8</VFType>
                    <VFEnum Min="0" Max="4700">2708</VFEnum>
                    <VFStdFrom Min="0" Max="4">4</VFStdFrom>
                    <VFStdNum>16</VFStdNum>
                  </VideoFormat>
                </EDIDIn>
              </HDMIIn>
              <VideoFormat id="0">
                <Name>Empty</Name>
                <HFreq>0</HFreq>
                <HSync Min="1" Max="1">1</HSync>
                <HActive Min="0" Max="0">0</HActive>
                <HFP Min="0" Max="0">0</HFP>
                <HTotal Min="1" Max="8191">1</HTotal>
                <VFreq Min="20" Max="75">20</VFreq>
                <VSync Min="1" Max="1">1</VSync>
                <VActive Min="0" Max="0">0</VActive>
                <VFP Min="0" Max="0">0</VFP>
                <VTotal Min="1" Max="8191">1</VTotal>
                <PixelClk>0</PixelClk>
                <HSP Min="78" Max="80">80</HSP>
                <VSP Min="78" Max="80">80</VSP>
                <AR Min="0" Max="1000">0</AR>
                <Interlaced>80</Interlaced>
                <VFType Min="0" Max="0">0</VFType>
                <VFEnum Min="0" Max="4700">0</VFEnum>
                <VFStdFrom Min="0" Max="4">0</VFStdFrom>
                <VFStdNum>0</VFStdNum>
              </VideoFormat>
            </In>
            <In id="2">
              <AutoAcqMode Min="0" Max="1">1</AutoAcqMode>
              <Capacity LegalValues="0 1 2 4">1</Capacity>
              <ColorSpace LegalValues="-1 0 1">0</ColorSpace>
              <ColorRange LegalValues="0 1">0</ColorRange>
              <Sync Min="0" Max="2">0</Sync>
              <DPIn id="0">
                <Hdcp id="0">
                  <Mode Min="0" Max="1">0</Mode>
                  <HdcpAuth Min="0" Max="1">0</HdcpAuth>
                </Hdcp>
                <EDIDIn id="0">
                  <BitDepth LegalValues="1 2 3">2</BitDepth>
                  <EdidStatus Min="0" Max="4">0</EdidStatus>
                  <VideoFormat id="0">
                    <Name>1920x1080p @59.94</Name>
                    <HFreq>67433</HFreq>
                    <HSync Min="1" Max="192">88</HSync>
                    <HActive Min="0" Max="2024">1920</HActive>
                    <HFP Min="0" Max="192">88</HFP>
                    <HTotal Min="2096" Max="8191">2200</HTotal>
                    <VFreq Min="20" Max="75">59.9401</VFreq>
                    <VSync Min="1" Max="41">5</VSync>
                    <VActive Min="0" Max="1116">1080</VActive>
                    <VFP Min="0" Max="40">4</VFP>
                    <VTotal Min="1089" Max="8191">1125</VTotal>
                    <PixelClk>148.352</PixelClk>
                    <HSP Min="78" Max="80">80</HSP>
                    <VSP Min="78" Max="80">80</VSP>
                    <AR Min="0" Max="1000">1.77778</AR>
                    <Interlaced>80</Interlaced>
                    <VFType Min="0" Max="0">8</VFType>
                    <VFEnum Min="0" Max="4700">2708</VFEnum>
                    <VFStdFrom Min="0" Max="4">4</VFStdFrom>
                    <VFStdNum>16</VFStdNum>
                  </VideoFormat>
                </EDIDIn>
              </DPIn>
              <DVIIn id="0">
                <Hdcp id="0">
                  <Mode Min="0" Max="1">0</Mode>
                  <HdcpAuth Min="0" Max="1">0</HdcpAuth>
                </Hdcp>
                <EDIDIn id="0">
                  <BitDepth LegalValues="1">1</BitDepth>
                  <EdidStatus Min="0" Max="4">0</EdidStatus>
                  <VideoFormat id="0">
                    <Name>1920x1080p @59.94</Name>
                    <HFreq>67433</HFreq>
                    <HSync Min="1" Max="192">88</HSync>
                    <HActive Min="0" Max="2024">1920</HActive>
                    <HFP Min="0" Max="192">88</HFP>
                    <HTotal Min="2096" Max="8191">2200</HTotal>
                    <VFreq Min="20" Max="75">59.9401</VFreq>
                    <VSync Min="1" Max="41">5</VSync>
                    <VActive Min="0" Max="1116">1080</VActive>
                    <VFP Min="0" Max="40">4</VFP>
                    <VTotal Min="1089" Max="8191">1125</VTotal>
                    <PixelClk>148.352</PixelClk>
                    <HSP Min="78" Max="80">80</HSP>
                    <VSP Min="78" Max="80">80</VSP>
                    <AR Min="0" Max="1000">1.77778</AR>
                    <Interlaced>80</Interlaced>
                    <VFType Min="0" Max="0">8</VFType>
                    <VFEnum Min="0" Max="4700">2708</VFEnum>
                    <VFStdFrom Min="0" Max="4">4</VFStdFrom>
                    <VFStdNum>16</VFStdNum>
                  </VideoFormat>
                </EDIDIn>
              </DVIIn>
              <SDIIn id="0">
                <Type3G LegalValues="0 1 2 3">2</Type3G>
              </SDIIn>
              <HDMIIn id="0">
                <Hdcp id="0">
                  <Mode Min="0" Max="1">0</Mode>
                  <HdcpAuth Min="0" Max="1">0</HdcpAuth>
                </Hdcp>
                <EDIDIn id="0">
                  <BitDepth LegalValues="1 2 3">3</BitDepth>
                  <EdidStatus Min="0" Max="4">1</EdidStatus>
                  <VideoFormat id="0">
                    <Name>1920x1080p @59.94</Name>
                    <HFreq>67433</HFreq>
                    <HSync Min="1" Max="192">88</HSync>
                    <HActive Min="0" Max="2024">1920</HActive>
                    <HFP Min="0" Max="192">88</HFP>
                    <HTotal Min="2096" Max="8191">2200</HTotal>
                    <VFreq Min="20" Max="75">59.9401</VFreq>
                    <VSync Min="1" Max="41">5</VSync>
                    <VActive Min="0" Max="1116">1080</VActive>
                    <VFP Min="0" Max="40">4</VFP>
                    <VTotal Min="1089" Max="8191">1125</VTotal>
                    <PixelClk>148.352</PixelClk>
                    <HSP Min="78" Max="80">80</HSP>
                    <VSP Min="78" Max="80">80</VSP>
                    <AR Min="0" Max="1000">1.77778</AR>
                    <Interlaced>80</Interlaced>
                    <VFType Min="0" Max="0">8</VFType>
                    <VFEnum Min="0" Max="4700">2708</VFEnum>
                    <VFStdFrom Min="0" Max="4">4</VFStdFrom>
                    <VFStdNum>16</VFStdNum>
                  </VideoFormat>
                </EDIDIn>
              </HDMIIn>
              <VideoFormat id="0">
                <Name>Empty</Name>
                <HFreq>0</HFreq>
                <HSync Min="1" Max="1">1</HSync>
                <HActive Min="0" Max="0">0</HActive>
                <HFP Min="0" Max="0">0</HFP>
                <HTotal Min="1" Max="8191">1</HTotal>
                <VFreq Min="20" Max="75">20</VFreq>
                <VSync Min="1" Max="1">1</VSync>
                <VActive Min="0" Max="0">0</VActive>
                <VFP Min="0" Max="0">0</VFP>
                <VTotal Min="1" Max="8191">1</VTotal>
                <PixelClk>0</PixelClk>
                <HSP Min="78" Max="80">80</HSP>
                <VSP Min="78" Max="80">80</VSP>
                <AR Min="0" Max="1000">0</AR>
                <Interlaced>80</Interlaced>
                <VFType Min="0" Max="0">0</VFType>
                <VFEnum Min="0" Max="4700">0</VFEnum>
                <VFStdFrom Min="0" Max="4">0</VFStdFrom>
                <VFStdNum>0</VFStdNum>
              </VideoFormat>
            </In>
            <In id="3">
              <AutoAcqMode Min="0" Max="1">1</AutoAcqMode>
              <Capacity LegalValues="0 1 2 4">1</Capacity>
              <ColorSpace LegalValues="-1 0 1">0</ColorSpace>
              <ColorRange LegalValues="0 1">0</ColorRange>
              <Sync Min="0" Max="2">0</Sync>
              <DPIn id="0">
                <Hdcp id="0">
                  <Mode Min="0" Max="1">0</Mode>
                  <HdcpAuth Min="0" Max="1">0</HdcpAuth>
                </Hdcp>
                <EDIDIn id="0">
                  <BitDepth LegalValues="1 2 3">2</BitDepth>
                  <EdidStatus Min="0" Max="4">0</EdidStatus>
                  <VideoFormat id="0">
                    <Name>1920x1080p @59.94</Name>
                    <HFreq>67433</HFreq>
                    <HSync Min="1" Max="192">88</HSync>
                    <HActive Min="0" Max="2024">1920</HActive>
                    <HFP Min="0" Max="192">88</HFP>
                    <HTotal Min="2096" Max="8191">2200</HTotal>
                    <VFreq Min="20" Max="75">59.9401</VFreq>
                    <VSync Min="1" Max="41">5</VSync>
                    <VActive Min="0" Max="1116">1080</VActive>
                    <VFP Min="0" Max="40">4</VFP>
                    <VTotal Min="1089" Max="8191">1125</VTotal>
                    <PixelClk>148.352</PixelClk>
                    <HSP Min="78" Max="80">80</HSP>
                    <VSP Min="78" Max="80">80</VSP>
                    <AR Min="0" Max="1000">1.77778</AR>
                    <Interlaced>80</Interlaced>
                    <VFType Min="0" Max="0">8</VFType>
                    <VFEnum Min="0" Max="4700">2708</VFEnum>
                    <VFStdFrom Min="0" Max="4">4</VFStdFrom>
                    <VFStdNum>16</VFStdNum>
                  </VideoFormat>
                </EDIDIn>
              </DPIn>
              <DVIIn id="0">
                <Hdcp id="0">
                  <Mode Min="0" Max="1">0</Mode>
                  <HdcpAuth Min="0" Max="1">0</HdcpAuth>
                </Hdcp>
                <EDIDIn id="0">
                  <BitDepth LegalValues="1">1</BitDepth>
                  <EdidStatus Min="0" Max="4">0</EdidStatus>
                  <VideoFormat id="0">
                    <Name>1920x1080p @59.94</Name>
                    <HFreq>67433</HFreq>
                    <HSync Min="1" Max="192">88</HSync>
                    <HActive Min="0" Max="2024">1920</HActive>
                    <HFP Min="0" Max="192">88</HFP>
                    <HTotal Min="2096" Max="8191">2200</HTotal>
                    <VFreq Min="20" Max="75">59.9401</VFreq>
                    <VSync Min="1" Max="41">5</VSync>
                    <VActive Min="0" Max="1116">1080</VActive>
                    <VFP Min="0" Max="40">4</VFP>
                    <VTotal Min="1089" Max="8191">1125</VTotal>
                    <PixelClk>148.352</PixelClk>
                    <HSP Min="78" Max="80">80</HSP>
                    <VSP Min="78" Max="80">80</VSP>
                    <AR Min="0" Max="1000">1.77778</AR>
                    <Interlaced>80</Interlaced>
                    <VFType Min="0" Max="0">8</VFType>
                    <VFEnum Min="0" Max="4700">2708</VFEnum>
                    <VFStdFrom Min="0" Max="4">4</VFStdFrom>
                    <VFStdNum>16</VFStdNum>
                  </VideoFormat>
                </EDIDIn>
              </DVIIn>
              <SDIIn id="0">
                <Type3G LegalValues="0 1 2 3">2</Type3G>
              </SDIIn>
              <HDMIIn id="0">
                <Hdcp id="0">
                  <Mode Min="0" Max="1">0</Mode>
                  <HdcpAuth Min="0" Max="1">0</HdcpAuth>
                </Hdcp>
                <EDIDIn id="0">
                  <BitDepth LegalValues="1 2 3">3</BitDepth>
                  <EdidStatus Min="0" Max="4">1</EdidStatus>
                  <VideoFormat id="0">
                    <Name>1920x1080p @59.94</Name>
                    <HFreq>67433</HFreq>
                    <HSync Min="1" Max="192">88</HSync>
                    <HActive Min="0" Max="2024">1920</HActive>
                    <HFP Min="0" Max="192">88</HFP>
                    <HTotal Min="2096" Max="8191">2200</HTotal>
                    <VFreq Min="20" Max="75">59.9401</VFreq>
                    <VSync Min="1" Max="41">5</VSync>
                    <VActive Min="0" Max="1116">1080</VActive>
                    <VFP Min="0" Max="40">4</VFP>
                    <VTotal Min="1089" Max="8191">1125</VTotal>
                    <PixelClk>148.352</PixelClk>
                    <HSP Min="78" Max="80">80</HSP>
                    <VSP Min="78" Max="80">80</VSP>
                    <AR Min="0" Max="1000">1.77778</AR>
                    <Interlaced>80</Interlaced>
                    <VFType Min="0" Max="0">8</VFType>
                    <VFEnum Min="0" Max="4700">2708</VFEnum>
                    <VFStdFrom Min="0" Max="4">4</VFStdFrom>
                    <VFStdNum>16</VFStdNum>
                  </VideoFormat>
                </EDIDIn>
              </HDMIIn>
              <VideoFormat id="0">
                <Name>Empty</Name>
                <HFreq>0</HFreq>
                <HSync Min="1" Max="1">1</HSync>
                <HActive Min="0" Max="0">0</HActive>
                <HFP Min="0" Max="0">0</HFP>
                <HTotal Min="1" Max="8191">1</HTotal>
                <VFreq Min="20" Max="75">20</VFreq>
                <VSync Min="1" Max="1">1</VSync>
                <VActive Min="0" Max="0">0</VActive>
                <VFP Min="0" Max="0">0</VFP>
                <VTotal Min="1" Max="8191">1</VTotal>
                <PixelClk>0</PixelClk>
                <HSP Min="78" Max="80">80</HSP>
                <VSP Min="78" Max="80">80</VSP>
                <AR Min="0" Max="1000">0</AR>
                <Interlaced>80</Interlaced>
                <VFType Min="0" Max="0">0</VFType>
                <VFEnum Min="0" Max="4700">0</VFEnum>
                <VFStdFrom Min="0" Max="4">0</VFStdFrom>
                <VFStdNum>0</VFStdNum>
              </VideoFormat>
            </In>
          </CardIn>
        </Card>
      </Slot>
      <Slot id="5">
        <Card id="0">
          <CardStatus Min="0" Max="4">2</CardStatus>
          <CardType Min="0" Max="255">2</CardType>
          <CardID>Card5</CardID>
          <SlotIndex Min="-1" Max="23">5</SlotIndex>
          <CardIn id="0">
            <NumOfChan Min="0" Max="4">4</NumOfChan>
            <CapacityStatus Min="0" Max="1">0</CapacityStatus>
            <In id="0">
              <AutoAcqMode Min="0" Max="1">1</AutoAcqMode>
              <Capacity LegalValues="0 1 2 4">1</Capacity>
              <ColorSpace LegalValues="-1 0 1">0</ColorSpace>
              <ColorRange LegalValues="0 1">0</ColorRange>
              <Sync Min="0" Max="2">0</Sync>
              <DPIn id="0">
                <Hdcp id="0">
                  <Mode Min="0" Max="1">0</Mode>
                  <HdcpAuth Min="0" Max="1">0</HdcpAuth>
                </Hdcp>
                <EDIDIn id="0">
                  <BitDepth LegalValues="1 2 3">2</BitDepth>
                  <EdidStatus Min="0" Max="4">1</EdidStatus>
                  <VideoFormat id="0">
                    <Name>1920x1080p @59.94</Name>
                    <HFreq>67433</HFreq>
                    <HSync Min="1" Max="192">88</HSync>
                    <HActive Min="0" Max="2024">1920</HActive>
                    <HFP Min="0" Max="192">88</HFP>
                    <HTotal Min="2096" Max="8191">2200</HTotal>
                    <VFreq Min="20" Max="75">59.9401</VFreq>
                    <VSync Min="1" Max="41">5</VSync>
                    <VActive Min="0" Max="1116">1080</VActive>
                    <VFP Min="0" Max="40">4</VFP>
                    <VTotal Min="1089" Max="8191">1125</VTotal>
                    <PixelClk>148.352</PixelClk>
                    <HSP Min="78" Max="80">80</HSP>
                    <VSP Min="78" Max="80">80</VSP>
                    <AR Min="0" Max="1000">1.77778</AR>
                    <Interlaced>80</Interlaced>
                    <VFType Min="0" Max="0">8</VFType>
                    <VFEnum Min="0" Max="4700">2708</VFEnum>
                    <VFStdFrom Min="0" Max="4">4</VFStdFrom>
                    <VFStdNum>16</VFStdNum>
                  </VideoFormat>
                </EDIDIn>
              </DPIn>
              <DVIIn id="0">
                <Hdcp id="0">
                  <Mode Min="0" Max="1">0</Mode>
                  <HdcpAuth Min="0" Max="1">0</HdcpAuth>
                </Hdcp>
                <EDIDIn id="0">
                  <BitDepth LegalValues="1">1</BitDepth>
                  <EdidStatus Min="0" Max="4">0</EdidStatus>
                  <VideoFormat id="0">
                    <Name>1920x1080p @59.94</Name>
                    <HFreq>67433</HFreq>
                    <HSync Min="1" Max="192">88</HSync>
                    <HActive Min="0" Max="2024">1920</HActive>
                    <HFP Min="0" Max="192">88</HFP>
                    <HTotal Min="2096" Max="8191">2200</HTotal>
                    <VFreq Min="20" Max="75">59.9401</VFreq>
                    <VSync Min="1" Max="41">5</VSync>
                    <VActive Min="0" Max="1116">1080</VActive>
                    <VFP Min="0" Max="40">4</VFP>
                    <VTotal Min="1089" Max="8191">1125</VTotal>
                    <PixelClk>148.352</PixelClk>
                    <HSP Min="78" Max="80">80</HSP>
                    <VSP Min="78" Max="80">80</VSP>
                    <AR Min="0" Max="1000">1.77778</AR>
                    <Interlaced>80</Interlaced>
                    <VFType Min="0" Max="0">8</VFType>
                    <VFEnum Min="0" Max="4700">2708</VFEnum>
                    <VFStdFrom Min="0" Max="4">4</VFStdFrom>
                    <VFStdNum>16</VFStdNum>
                  </VideoFormat>
                </EDIDIn>
              </DVIIn>
              <SDIIn id="0">
                <Type3G LegalValues="0 1 2 3">2</Type3G>
              </SDIIn>
              <HDMIIn id="0">
                <Hdcp id="0">
                  <Mode Min="0" Max="1">0</Mode>
                  <HdcpAuth Min="0" Max="1">0</HdcpAuth>
                </Hdcp>
                <EDIDIn id="0">
                  <BitDepth LegalValues="1 2 3">3</BitDepth>
                  <EdidStatus Min="0" Max="4">0</EdidStatus>
                  <VideoFormat id="0">
                    <Name>1920x1080p @59.94</Name>
                    <HFreq>67433</HFreq>
                    <HSync Min="1" Max="192">88</HSync>
                    <HActive Min="0" Max="2024">1920</HActive>
                    <HFP Min="0" Max="192">88</HFP>
                    <HTotal Min="2096" Max="8191">2200</HTotal>
                    <VFreq Min="20" Max="75">59.9401</VFreq>
                    <VSync Min="1" Max="41">5</VSync>
                    <VActive Min="0" Max="1116">1080</VActive>
                    <VFP Min="0" Max="40">4</VFP>
                    <VTotal Min="1089" Max="8191">1125</VTotal>
                    <PixelClk>148.352</PixelClk>
                    <HSP Min="78" Max="80">80</HSP>
                    <VSP Min="78" Max="80">80</VSP>
                    <AR Min="0" Max="1000">1.77778</AR>
                    <Interlaced>80</Interlaced>
                    <VFType Min="0" Max="0">8</VFType>
                    <VFEnum Min="0" Max="4700">2708</VFEnum>
                    <VFStdFrom Min="0" Max="4">4</VFStdFrom>
                    <VFStdNum>16</VFStdNum>
                  </VideoFormat>
                </EDIDIn>
              </HDMIIn>
              <VideoFormat id="0">
                <Name>Empty</Name>
                <HFreq>0</HFreq>
                <HSync Min="1" Max="1">1</HSync>
                <HActive Min="0" Max="0">0</HActive>
                <HFP Min="0" Max="0">0</HFP>
                <HTotal Min="1" Max="8191">1</HTotal>
                <VFreq Min="20" Max="75">20</VFreq>
                <VSync Min="1" Max="1">1</VSync>
                <VActive Min="0" Max="0">0</VActive>
                <VFP Min="0" Max="0">0</VFP>
                <VTotal Min="1" Max="8191">1</VTotal>
                <PixelClk>0</PixelClk>
                <HSP Min="78" Max="80">80</HSP>
                <VSP Min="78" Max="80">80</VSP>
                <AR Min="0" Max="1000">0</AR>
                <Interlaced>80</Interlaced>
                <VFType Min="0" Max="0">0</VFType>
                <VFEnum Min="0" Max="4700">0</VFEnum>
                <VFStdFrom Min="0" Max="4">0</VFStdFrom>
                <VFStdNum>0</VFStdNum>
              </VideoFormat>
            </In>
            <In id="1">
              <AutoAcqMode Min="0" Max="1">1</AutoAcqMode>
              <Capacity LegalValues="0 1 2 4">1</Capacity>
              <ColorSpace LegalValues="-1 0 1">0</ColorSpace>
              <ColorRange LegalValues="0 1">0</ColorRange>
              <Sync Min="0" Max="2">0</Sync>
              <DPIn id="0">
                <Hdcp id="0">
                  <Mode Min="0" Max="1">0</Mode>
                  <HdcpAuth Min="0" Max="1">0</HdcpAuth>
                </Hdcp>
                <EDIDIn id="0">
                  <BitDepth LegalValues="1 2 3">2</BitDepth>
                  <EdidStatus Min="0" Max="4">1</EdidStatus>
                  <VideoFormat id="0">
                    <Name>1920x1080p @59.94</Name>
                    <HFreq>67433</HFreq>
                    <HSync Min="1" Max="192">88</HSync>
                    <HActive Min="0" Max="2024">1920</HActive>
                    <HFP Min="0" Max="192">88</HFP>
                    <HTotal Min="2096" Max="8191">2200</HTotal>
                    <VFreq Min="20" Max="75">59.9401</VFreq>
                    <VSync Min="1" Max="41">5</VSync>
                    <VActive Min="0" Max="1116">1080</VActive>
                    <VFP Min="0" Max="40">4</VFP>
                    <VTotal Min="1089" Max="8191">1125</VTotal>
                    <PixelClk>148.352</PixelClk>
                    <HSP Min="78" Max="80">80</HSP>
                    <VSP Min="78" Max="80">80</VSP>
                    <AR Min="0" Max="1000">1.77778</AR>
                    <Interlaced>80</Interlaced>
                    <VFType Min="0" Max="0">8</VFType>
                    <VFEnum Min="0" Max="4700">2708</VFEnum>
                    <VFStdFrom Min="0" Max="4">4</VFStdFrom>
                    <VFStdNum>16</VFStdNum>
                  </VideoFormat>
                </EDIDIn>
              </DPIn>
              <DVIIn id="0">
                <Hdcp id="0">
                  <Mode Min="0" Max="1">0</Mode>
                  <HdcpAuth Min="0" Max="1">0</HdcpAuth>
                </Hdcp>
                <EDIDIn id="0">
                  <BitDepth LegalValues="1">1</BitDepth>
                  <EdidStatus Min="0" Max="4">0</EdidStatus>
                  <VideoFormat id="0">
                    <Name>1920x1080p @59.94</Name>
                    <HFreq>67433</HFreq>
                    <HSync Min="1" Max="192">88</HSync>
                    <HActive Min="0" Max="2024">1920</HActive>
                    <HFP Min="0" Max="192">88</HFP>
                    <HTotal Min="2096" Max="8191">2200</HTotal>
                    <VFreq Min="20" Max="75">59.9401</VFreq>
                    <VSync Min="1" Max="41">5</VSync>
                    <VActive Min="0" Max="1116">1080</VActive>
                    <VFP Min="0" Max="40">4</VFP>
                    <VTotal Min="1089" Max="8191">1125</VTotal>
                    <PixelClk>148.352</PixelClk>
                    <HSP Min="78" Max="80">80</HSP>
                    <VSP Min="78" Max="80">80</VSP>
                    <AR Min="0" Max="1000">1.77778</AR>
                    <Interlaced>80</Interlaced>
                    <VFType Min="0" Max="0">8</VFType>
                    <VFEnum Min="0" Max="4700">2708</VFEnum>
                    <VFStdFrom Min="0" Max="4">4</VFStdFrom>
                    <VFStdNum>16</VFStdNum>
                  </VideoFormat>
                </EDIDIn>
              </DVIIn>
              <SDIIn id="0">
                <Type3G LegalValues="0 1 2 3">2</Type3G>
              </SDIIn>
              <HDMIIn id="0">
                <Hdcp id="0">
                  <Mode Min="0" Max="1">0</Mode>
                  <HdcpAuth Min="0" Max="1">0</HdcpAuth>
                </Hdcp>
                <EDIDIn id="0">
                  <BitDepth LegalValues="1 2 3">3</BitDepth>
                  <EdidStatus Min="0" Max="4">0</EdidStatus>
                  <VideoFormat id="0">
                    <Name>1920x1080p @59.94</Name>
                    <HFreq>67433</HFreq>
                    <HSync Min="1" Max="192">88</HSync>
                    <HActive Min="0" Max="2024">1920</HActive>
                    <HFP Min="0" Max="192">88</HFP>
                    <HTotal Min="2096" Max="8191">2200</HTotal>
                    <VFreq Min="20" Max="75">59.9401</VFreq>
                    <VSync Min="1" Max="41">5</VSync>
                    <VActive Min="0" Max="1116">1080</VActive>
                    <VFP Min="0" Max="40">4</VFP>
                    <VTotal Min="1089" Max="8191">1125</VTotal>
                    <PixelClk>148.352</PixelClk>
                    <HSP Min="78" Max="80">80</HSP>
                    <VSP Min="78" Max="80">80</VSP>
                    <AR Min="0" Max="1000">1.77778</AR>
                    <Interlaced>80</Interlaced>
                    <VFType Min="0" Max="0">8</VFType>
                    <VFEnum Min="0" Max="4700">2708</VFEnum>
                    <VFStdFrom Min="0" Max="4">4</VFStdFrom>
                    <VFStdNum>16</VFStdNum>
                  </VideoFormat>
                </EDIDIn>
              </HDMIIn>
              <VideoFormat id="0">
                <Name>Empty</Name>
                <HFreq>0</HFreq>
                <HSync Min="1" Max="1">1</HSync>
                <HActive Min="0" Max="0">0</HActive>
                <HFP Min="0" Max="0">0</HFP>
                <HTotal Min="1" Max="8191">1</HTotal>
                <VFreq Min="20" Max="75">20</VFreq>
                <VSync Min="1" Max="1">1</VSync>
                <VActive Min="0" Max="0">0</VActive>
                <VFP Min="0" Max="0">0</VFP>
                <VTotal Min="1" Max="8191">1</VTotal>
                <PixelClk>0</PixelClk>
                <HSP Min="78" Max="80">80</HSP>
                <VSP Min="78" Max="80">80</VSP>
                <AR Min="0" Max="1000">0</AR>
                <Interlaced>80</Interlaced>
                <VFType Min="0" Max="0">0</VFType>
                <VFEnum Min="0" Max="4700">0</VFEnum>
                <VFStdFrom Min="0" Max="4">0</VFStdFrom>
                <VFStdNum>0</VFStdNum>
              </VideoFormat>
            </In>
            <In id="2">
              <AutoAcqMode Min="0" Max="1">1</AutoAcqMode>
              <Capacity LegalValues="0 1 2 4">1</Capacity>
              <ColorSpace LegalValues="-1 0 1">0</ColorSpace>
              <ColorRange LegalValues="0 1">0</ColorRange>
              <Sync Min="0" Max="2">0</Sync>
              <DPIn id="0">
                <Hdcp id="0">
                  <Mode Min="0" Max="1">0</Mode>
                  <HdcpAuth Min="0" Max="1">0</HdcpAuth>
                </Hdcp>
                <EDIDIn id="0">
                  <BitDepth LegalValues="1 2 3">2</BitDepth>
                  <EdidStatus Min="0" Max="4">0</EdidStatus>
                  <VideoFormat id="0">
                    <Name>1920x1080p @59.94</Name>
                    <HFreq>67433</HFreq>
                    <HSync Min="1" Max="192">88</HSync>
                    <HActive Min="0" Max="2024">1920</HActive>
                    <HFP Min="0" Max="192">88</HFP>
                    <HTotal Min="2096" Max="8191">2200</HTotal>
                    <VFreq Min="20" Max="75">59.9401</VFreq>
                    <VSync Min="1" Max="41">5</VSync>
                    <VActive Min="0" Max="1116">1080</VActive>
                    <VFP Min="0" Max="40">4</VFP>
                    <VTotal Min="1089" Max="8191">1125</VTotal>
                    <PixelClk>148.352</PixelClk>
                    <HSP Min="78" Max="80">80</HSP>
                    <VSP Min="78" Max="80">80</VSP>
                    <AR Min="0" Max="1000">1.77778</AR>
                    <Interlaced>80</Interlaced>
                    <VFType Min="0" Max="0">8</VFType>
                    <VFEnum Min="0" Max="4700">2708</VFEnum>
                    <VFStdFrom Min="0" Max="4">4</VFStdFrom>
                    <VFStdNum>16</VFStdNum>
                  </VideoFormat>
                </EDIDIn>
              </DPIn>
              <DVIIn id="0">
                <Hdcp id="0">
                  <Mode Min="0" Max="1">0</Mode>
                  <HdcpAuth Min="0" Max="1">0</HdcpAuth>
                </Hdcp>
                <EDIDIn id="0">
                  <BitDepth LegalValues="1">1</BitDepth>
                  <EdidStatus Min="0" Max="4">0</EdidStatus>
                  <VideoFormat id="0">
                    <Name>1920x1080p @59.94</Name>
                    <HFreq>67433</HFreq>
                    <HSync Min="1" Max="192">88</HSync>
                    <HActive Min="0" Max="2024">1920</HActive>
                    <HFP Min="0" Max="192">88</HFP>
                    <HTotal Min="2096" Max="8191">2200</HTotal>
                    <VFreq Min="20" Max="75">59.9401</VFreq>
                    <VSync Min="1" Max="41">5</VSync>
                    <VActive Min="0" Max="1116">1080</VActive>
                    <VFP Min="0" Max="40">4</VFP>
                    <VTotal Min="1089" Max="8191">1125</VTotal>
                    <PixelClk>148.352</PixelClk>
                    <HSP Min="78" Max="80">80</HSP>
                    <VSP Min="78" Max="80">80</VSP>
                    <AR Min="0" Max="1000">1.77778</AR>
                    <Interlaced>80</Interlaced>
                    <VFType Min="0" Max="0">8</VFType>
                    <VFEnum Min="0" Max="4700">2708</VFEnum>
                    <VFStdFrom Min="0" Max="4">4</VFStdFrom>
                    <VFStdNum>16</VFStdNum>
                  </VideoFormat>
                </EDIDIn>
              </DVIIn>
              <SDIIn id="0">
                <Type3G LegalValues="0 1 2 3">2</Type3G>
              </SDIIn>
              <HDMIIn id="0">
                <Hdcp id="0">
                  <Mode Min="0" Max="1">0</Mode>
                  <HdcpAuth Min="0" Max="1">0</HdcpAuth>
                </Hdcp>
                <EDIDIn id="0">
                  <BitDepth LegalValues="1 2 3">3</BitDepth>
                  <EdidStatus Min="0" Max="4">1</EdidStatus>
                  <VideoFormat id="0">
                    <Name>1920x1080p @59.94</Name>
                    <HFreq>67433</HFreq>
                    <HSync Min="1" Max="192">88</HSync>
                    <HActive Min="0" Max="2024">1920</HActive>
                    <HFP Min="0" Max="192">88</HFP>
                    <HTotal Min="2096" Max="8191">2200</HTotal>
                    <VFreq Min="20" Max="75">59.9401</VFreq>
                    <VSync Min="1" Max="41">5</VSync>
                    <VActive Min="0" Max="1116">1080</VActive>
                    <VFP Min="0" Max="40">4</VFP>
                    <VTotal Min="1089" Max="8191">1125</VTotal>
                    <PixelClk>148.352</PixelClk>
                    <HSP Min="78" Max="80">80</HSP>
                    <VSP Min="78" Max="80">80</VSP>
                    <AR Min="0" Max="1000">1.77778</AR>
                    <Interlaced>80</Interlaced>
                    <VFType Min="0" Max="0">8</VFType>
                    <VFEnum Min="0" Max="4700">2708</VFEnum>
                    <VFStdFrom Min="0" Max="4">4</VFStdFrom>
                    <VFStdNum>16</VFStdNum>
                  </VideoFormat>
                </EDIDIn>
              </HDMIIn>
              <VideoFormat id="0">
                <Name>Empty</Name>
                <HFreq>0</HFreq>
                <HSync Min="1" Max="1">1</HSync>
                <HActive Min="0" Max="0">0</HActive>
                <HFP Min="0" Max="0">0</HFP>
                <HTotal Min="1" Max="8191">1</HTotal>
                <VFreq Min="20" Max="75">20</VFreq>
                <VSync Min="1" Max="1">1</VSync>
                <VActive Min="0" Max="0">0</VActive>
                <VFP Min="0" Max="0">0</VFP>
                <VTotal Min="1" Max="8191">1</VTotal>
                <PixelClk>0</PixelClk>
                <HSP Min="78" Max="80">80</HSP>
                <VSP Min="78" Max="80">80</VSP>
                <AR Min="0" Max="1000">0</AR>
                <Interlaced>80</Interlaced>
                <VFType Min="0" Max="0">0</VFType>
                <VFEnum Min="0" Max="4700">0</VFEnum>
                <VFStdFrom Min="0" Max="4">0</VFStdFrom>
                <VFStdNum>0</VFStdNum>
              </VideoFormat>
            </In>
            <In id="3">
              <AutoAcqMode Min="0" Max="1">1</AutoAcqMode>
              <Capacity LegalValues="0 1 2 4">1</Capacity>
              <ColorSpace LegalValues="-1 0 1">0</ColorSpace>
              <ColorRange LegalValues="0 1">0</ColorRange>
              <Sync Min="0" Max="2">0</Sync>
              <DPIn id="0">
                <Hdcp id="0">
                  <Mode Min="0" Max="1">0</Mode>
                  <HdcpAuth Min="0" Max="1">0</HdcpAuth>
                </Hdcp>
                <EDIDIn id="0">
                  <BitDepth LegalValues="1 2 3">2</BitDepth>
                  <EdidStatus Min="0" Max="4">0</EdidStatus>
                  <VideoFormat id="0">
                    <Name>1920x1080p @59.94</Name>
                    <HFreq>67433</HFreq>
                    <HSync Min="1" Max="192">88</HSync>
                    <HActive Min="0" Max="2024">1920</HActive>
                    <HFP Min="0" Max="192">88</HFP>
                    <HTotal Min="2096" Max="8191">2200</HTotal>
                    <VFreq Min="20" Max="75">59.9401</VFreq>
                    <VSync Min="1" Max="41">5</VSync>
                    <VActive Min="0" Max="1116">1080</VActive>
                    <VFP Min="0" Max="40">4</VFP>
                    <VTotal Min="1089" Max="8191">1125</VTotal>
                    <PixelClk>148.352</PixelClk>
                    <HSP Min="78" Max="80">80</HSP>
                    <VSP Min="78" Max="80">80</VSP>
                    <AR Min="0" Max="1000">1.77778</AR>
                    <Interlaced>80</Interlaced>
                    <VFType Min="0" Max="0">8</VFType>
                    <VFEnum Min="0" Max="4700">2708</VFEnum>
                    <VFStdFrom Min="0" Max="4">4</VFStdFrom>
                    <VFStdNum>16</VFStdNum>
                  </VideoFormat>
                </EDIDIn>
              </DPIn>
              <DVIIn id="0">
                <Hdcp id="0">
                  <Mode Min="0" Max="1">0</Mode>
                  <HdcpAuth Min="0" Max="1">0</HdcpAuth>
                </Hdcp>
                <EDIDIn id="0">
                  <BitDepth LegalValues="1">1</BitDepth>
                  <EdidStatus Min="0" Max="4">0</EdidStatus>
                  <VideoFormat id="0">
                    <Name>1920x1080p @59.94</Name>
                    <HFreq>67433</HFreq>
                    <HSync Min="1" Max="192">88</HSync>
                    <HActive Min="0" Max="2024">1920</HActive>
                    <HFP Min="0" Max="192">88</HFP>
                    <HTotal Min="2096" Max="8191">2200</HTotal>
                    <VFreq Min="20" Max="75">59.9401</VFreq>
                    <VSync Min="1" Max="41">5</VSync>
                    <VActive Min="0" Max="1116">1080</VActive>
                    <VFP Min="0" Max="40">4</VFP>
                    <VTotal Min="1089" Max="8191">1125</VTotal>
                    <PixelClk>148.352</PixelClk>
                    <HSP Min="78" Max="80">80</HSP>
                    <VSP Min="78" Max="80">80</VSP>
                    <AR Min="0" Max="1000">1.77778</AR>
                    <Interlaced>80</Interlaced>
                    <VFType Min="0" Max="0">8</VFType>
                    <VFEnum Min="0" Max="4700">2708</VFEnum>
                    <VFStdFrom Min="0" Max="4">4</VFStdFrom>
                    <VFStdNum>16</VFStdNum>
                  </VideoFormat>
                </EDIDIn>
              </DVIIn>
              <SDIIn id="0">
                <Type3G LegalValues="0 1 2 3">2</Type3G>
              </SDIIn>
              <HDMIIn id="0">
                <Hdcp id="0">
                  <Mode Min="0" Max="1">0</Mode>
                  <HdcpAuth Min="0" Max="1">0</HdcpAuth>
                </Hdcp>
                <EDIDIn id="0">
                  <BitDepth LegalValues="1 2 3">3</BitDepth>
                  <EdidStatus Min="0" Max="4">1</EdidStatus>
                  <VideoFormat id="0">
                    <Name>1920x1080p @59.94</Name>
                    <HFreq>67433</HFreq>
                    <HSync Min="1" Max="192">88</HSync>
                    <HActive Min="0" Max="2024">1920</HActive>
                    <HFP Min="0" Max="192">88</HFP>
                    <HTotal Min="2096" Max="8191">2200</HTotal>
                    <VFreq Min="20" Max="75">59.9401</VFreq>
                    <VSync Min="1" Max="41">5</VSync>
                    <VActive Min="0" Max="1116">1080</VActive>
                    <VFP Min="0" Max="40">4</VFP>
                    <VTotal Min="1089" Max="8191">1125</VTotal>
                    <PixelClk>148.352</PixelClk>
                    <HSP Min="78" Max="80">80</HSP>
                    <VSP Min="78" Max="80">80</VSP>
                    <AR Min="0" Max="1000">1.77778</AR>
                    <Interlaced>80</Interlaced>
                    <VFType Min="0" Max="0">8</VFType>
                    <VFEnum Min="0" Max="4700">2708</VFEnum>
                    <VFStdFrom Min="0" Max="4">4</VFStdFrom>
                    <VFStdNum>16</VFStdNum>
                  </VideoFormat>
                </EDIDIn>
              </HDMIIn>
              <VideoFormat id="0">
                <Name>Empty</Name>
                <HFreq>0</HFreq>
                <HSync Min="1" Max="1">1</HSync>
                <HActive Min="0" Max="0">0</HActive>
                <HFP Min="0" Max="0">0</HFP>
                <HTotal Min="1" Max="8191">1</HTotal>
                <VFreq Min="20" Max="75">20</VFreq>
                <VSync Min="1" Max="1">1</VSync>
                <VActive Min="0" Max="0">0</VActive>
                <VFP Min="0" Max="0">0</VFP>
                <VTotal Min="1" Max="8191">1</VTotal>
                <PixelClk>0</PixelClk>
                <HSP Min="78" Max="80">80</HSP>
                <VSP Min="78" Max="80">80</VSP>
                <AR Min="0" Max="1000">0</AR>
                <Interlaced>80</Interlaced>
                <VFType Min="0" Max="0">0</VFType>
                <VFEnum Min="0" Max="4700">0</VFEnum>
                <VFStdFrom Min="0" Max="4">0</VFStdFrom>
                <VFStdNum>0</VFStdNum>
              </VideoFormat>
            </In>
          </CardIn>
        </Card>
      </Slot>
      <Slot id="6">
        <Card id="0">
          <CardStatus Min="0" Max="4">2</CardStatus>
          <CardType Min="0" Max="255">21</CardType>
          <CardID>Card6</CardID>
          <SlotIndex Min="-1" Max="23">6</SlotIndex>
          <CardOut id="0">
            <NumOfChan Min="0" Max="4">4</NumOfChan>
            <CapacityStatus Min="0" Max="1">0</CapacityStatus>
            <Out id="0">
              <Capacity LegalValues="1">1</Capacity>
              <DPOut id="0">
                <HdcpAuth Min="0" Max="1">0</HdcpAuth>
                <EDIDOut id="0">
                  <EDIDValid Min="0" Max="1">0</EDIDValid>
                  <SupportHdmi Min="0" Max="1">0</SupportHdmi>
                  <SupportRGB Min="0" Max="1">1</SupportRGB>
                  <SupportSMPTE Min="0" Max="1">1</SupportSMPTE>
                  <Support444 Min="0" Max="1">1</Support444>
                  <Support422 Min="0" Max="1">1</Support422>
                  <BitDepth48 Min="0" Max="1">1</BitDepth48>
                  <BitDepth36 Min="0" Max="1">1</BitDepth36>
                  <BitDepth30 Min="0" Max="1">1</BitDepth30>
                  <BitDepth LegalValues="0 1 2 3 4 5">1</BitDepth>
                  <MaxTmds Min="0" Max="255">0</MaxTmds>
                  <VideoFormat id="0">
                    <Name>Empty</Name>
                    <HFreq>0</HFreq>
                    <HSync Min="1" Max="1">1</HSync>
                    <HActive Min="0" Max="0">0</HActive>
                    <HFP Min="0" Max="0">0</HFP>
                    <HTotal Min="1" Max="8191">1</HTotal>
                    <VFreq Min="20" Max="75">20</VFreq>
                    <VSync Min="1" Max="1">1</VSync>
                    <VActive Min="0" Max="0">0</VActive>
                    <VFP Min="0" Max="0">0</VFP>
                    <VTotal Min="1" Max="8191">1</VTotal>
                    <PixelClk>0</PixelClk>
                    <HSP Min="78" Max="80">80</HSP>
                    <VSP Min="78" Max="80">80</VSP>
                    <AR Min="0" Max="1000">0</AR>
                    <Interlaced>80</Interlaced>
                    <VFType Min="0" Max="0">0</VFType>
                    <VFEnum Min="0" Max="4700">0</VFEnum>
                    <VFStdFrom Min="0" Max="4">0</VFStdFrom>
                    <VFStdNum>0</VFStdNum>
                  </VideoFormat>
                </EDIDOut>
              </DPOut>
              <DVIOut id="0">
                <HdcpAuth Min="0" Max="1">0</HdcpAuth>
                <EDIDOut id="0">
                  <EDIDValid Min="0" Max="1">0</EDIDValid>
                  <SupportHdmi Min="0" Max="1">0</SupportHdmi>
                  <SupportRGB Min="0" Max="1">1</SupportRGB>
                  <SupportSMPTE Min="0" Max="1">1</SupportSMPTE>
                  <Support444 Min="0" Max="1">1</Support444>
                  <Support422 Min="0" Max="1">1</Support422>
                  <BitDepth48 Min="0" Max="1">1</BitDepth48>
                  <BitDepth36 Min="0" Max="1">1</BitDepth36>
                  <BitDepth30 Min="0" Max="1">1</BitDepth30>
                  <BitDepth LegalValues="0 1 2 3 4 5">1</BitDepth>
                  <MaxTmds Min="0" Max="255">0</MaxTmds>
                  <VideoFormat id="0">
                    <Name>Empty</Name>
                    <HFreq>0</HFreq>
                    <HSync Min="1" Max="1">1</HSync>
                    <HActive Min="0" Max="0">0</HActive>
                    <HFP Min="0" Max="0">0</HFP>
                    <HTotal Min="1" Max="8191">1</HTotal>
                    <VFreq Min="20" Max="75">20</VFreq>
                    <VSync Min="1" Max="1">1</VSync>
                    <VActive Min="0" Max="0">0</VActive>
                    <VFP Min="0" Max="0">0</VFP>
                    <VTotal Min="1" Max="8191">1</VTotal>
                    <PixelClk>0</PixelClk>
                    <HSP Min="78" Max="80">80</HSP>
                    <VSP Min="78" Max="80">80</VSP>
                    <AR Min="0" Max="1000">0</AR>
                    <Interlaced>80</Interlaced>
                    <VFType Min="0" Max="0">0</VFType>
                    <VFEnum Min="0" Max="4700">0</VFEnum>
                    <VFStdFrom Min="0" Max="4">0</VFStdFrom>
                    <VFStdNum>0</VFStdNum>
                  </VideoFormat>
                </EDIDOut>
              </DVIOut>
              <SDIOut id="0">
                <Type3G LegalValues="1">1</Type3G>
              </SDIOut>
              <HDMIOutput id="0">
                <HdcpAuth Min="0" Max="1">0</HdcpAuth>
                <SinkType Min="0" Max="1">1</SinkType>
                <EDIDOut id="0">
                  <EDIDValid Min="0" Max="1">0</EDIDValid>
                  <SupportHdmi Min="0" Max="1">0</SupportHdmi>
                  <SupportRGB Min="0" Max="1">1</SupportRGB>
                  <SupportSMPTE Min="0" Max="1">1</SupportSMPTE>
                  <Support444 Min="0" Max="1">1</Support444>
                  <Support422 Min="0" Max="1">1</Support422>
                  <BitDepth48 Min="0" Max="1">1</BitDepth48>
                  <BitDepth36 Min="0" Max="1">1</BitDepth36>
                  <BitDepth30 Min="0" Max="1">1</BitDepth30>
                  <BitDepth LegalValues="0 1 2 3 4 5">1</BitDepth>
                  <MaxTmds Min="0" Max="255">0</MaxTmds>
                  <VideoFormat id="0">
                    <Name>Empty</Name>
                    <HFreq>0</HFreq>
                    <HSync Min="1" Max="1">1</HSync>
                    <HActive Min="0" Max="0">0</HActive>
                    <HFP Min="0" Max="0">0</HFP>
                    <HTotal Min="1" Max="8191">1</HTotal>
                    <VFreq Min="20" Max="75">20</VFreq>
                    <VSync Min="1" Max="1">1</VSync>
                    <VActive Min="0" Max="0">0</VActive>
                    <VFP Min="0" Max="0">0</VFP>
                    <VTotal Min="1" Max="8191">1</VTotal>
                    <PixelClk>0</PixelClk>
                    <HSP Min="78" Max="80">80</HSP>
                    <VSP Min="78" Max="80">80</VSP>
                    <AR Min="0" Max="1000">0</AR>
                    <Interlaced>80</Interlaced>
                    <VFType Min="0" Max="0">0</VFType>
                    <VFEnum Min="0" Max="4700">0</VFEnum>
                    <VFStdFrom Min="0" Max="4">0</VFStdFrom>
                    <VFStdNum>0</VFStdNum>
                  </VideoFormat>
                </EDIDOut>
              </HDMIOutput>
            </Out>
            <Out id="1">
              <Capacity LegalValues="1">1</Capacity>
              <DPOut id="0">
                <HdcpAuth Min="0" Max="1">0</HdcpAuth>
                <EDIDOut id="0">
                  <EDIDValid Min="0" Max="1">0</EDIDValid>
                  <SupportHdmi Min="0" Max="1">0</SupportHdmi>
                  <SupportRGB Min="0" Max="1">1</SupportRGB>
                  <SupportSMPTE Min="0" Max="1">1</SupportSMPTE>
                  <Support444 Min="0" Max="1">1</Support444>
                  <Support422 Min="0" Max="1">1</Support422>
                  <BitDepth48 Min="0" Max="1">1</BitDepth48>
                  <BitDepth36 Min="0" Max="1">1</BitDepth36>
                  <BitDepth30 Min="0" Max="1">1</BitDepth30>
                  <BitDepth LegalValues="0 1 2 3 4 5">1</BitDepth>
                  <MaxTmds Min="0" Max="255">0</MaxTmds>
                  <VideoFormat id="0">
                    <Name>Empty</Name>
                    <HFreq>0</HFreq>
                    <HSync Min="1" Max="1">1</HSync>
                    <HActive Min="0" Max="0">0</HActive>
                    <HFP Min="0" Max="0">0</HFP>
                    <HTotal Min="1" Max="8191">1</HTotal>
                    <VFreq Min="20" Max="75">20</VFreq>
                    <VSync Min="1" Max="1">1</VSync>
                    <VActive Min="0" Max="0">0</VActive>
                    <VFP Min="0" Max="0">0</VFP>
                    <VTotal Min="1" Max="8191">1</VTotal>
                    <PixelClk>0</PixelClk>
                    <HSP Min="78" Max="80">80</HSP>
                    <VSP Min="78" Max="80">80</VSP>
                    <AR Min="0" Max="1000">0</AR>
                    <Interlaced>80</Interlaced>
                    <VFType Min="0" Max="0">0</VFType>
                    <VFEnum Min="0" Max="4700">0</VFEnum>
                    <VFStdFrom Min="0" Max="4">0</VFStdFrom>
                    <VFStdNum>0</VFStdNum>
                  </VideoFormat>
                </EDIDOut>
              </DPOut>
              <DVIOut id="0">
                <HdcpAuth Min="0" Max="1">0</HdcpAuth>
                <EDIDOut id="0">
                  <EDIDValid Min="0" Max="1">0</EDIDValid>
                  <SupportHdmi Min="0" Max="1">0</SupportHdmi>
                  <SupportRGB Min="0" Max="1">1</SupportRGB>
                  <SupportSMPTE Min="0" Max="1">1</SupportSMPTE>
                  <Support444 Min="0" Max="1">1</Support444>
                  <Support422 Min="0" Max="1">1</Support422>
                  <BitDepth48 Min="0" Max="1">1</BitDepth48>
                  <BitDepth36 Min="0" Max="1">1</BitDepth36>
                  <BitDepth30 Min="0" Max="1">1</BitDepth30>
                  <BitDepth LegalValues="0 1 2 3 4 5">1</BitDepth>
                  <MaxTmds Min="0" Max="255">0</MaxTmds>
                  <VideoFormat id="0">
                    <Name>Empty</Name>
                    <HFreq>0</HFreq>
                    <HSync Min="1" Max="1">1</HSync>
                    <HActive Min="0" Max="0">0</HActive>
                    <HFP Min="0" Max="0">0</HFP>
                    <HTotal Min="1" Max="8191">1</HTotal>
                    <VFreq Min="20" Max="75">20</VFreq>
                    <VSync Min="1" Max="1">1</VSync>
                    <VActive Min="0" Max="0">0</VActive>
                    <VFP Min="0" Max="0">0</VFP>
                    <VTotal Min="1" Max="8191">1</VTotal>
                    <PixelClk>0</PixelClk>
                    <HSP Min="78" Max="80">80</HSP>
                    <VSP Min="78" Max="80">80</VSP>
                    <AR Min="0" Max="1000">0</AR>
                    <Interlaced>80</Interlaced>
                    <VFType Min="0" Max="0">0</VFType>
                    <VFEnum Min="0" Max="4700">0</VFEnum>
                    <VFStdFrom Min="0" Max="4">0</VFStdFrom>
                    <VFStdNum>0</VFStdNum>
                  </VideoFormat>
                </EDIDOut>
              </DVIOut>
              <SDIOut id="0">
                <Type3G LegalValues="2 3">2</Type3G>
              </SDIOut>
              <HDMIOutput id="0">
                <HdcpAuth Min="0" Max="1">0</HdcpAuth>
                <SinkType Min="0" Max="1">1</SinkType>
                <EDIDOut id="0">
                  <EDIDValid Min="0" Max="1">0</EDIDValid>
                  <SupportHdmi Min="0" Max="1">0</SupportHdmi>
                  <SupportRGB Min="0" Max="1">1</SupportRGB>
                  <SupportSMPTE Min="0" Max="1">1</SupportSMPTE>
                  <Support444 Min="0" Max="1">1</Support444>
                  <Support422 Min="0" Max="1">1</Support422>
                  <BitDepth48 Min="0" Max="1">1</BitDepth48>
                  <BitDepth36 Min="0" Max="1">1</BitDepth36>
                  <BitDepth30 Min="0" Max="1">1</BitDepth30>
                  <BitDepth LegalValues="0 1 2 3 4 5">1</BitDepth>
                  <MaxTmds Min="0" Max="255">0</MaxTmds>
                  <VideoFormat id="0">
                    <Name>Empty</Name>
                    <HFreq>0</HFreq>
                    <HSync Min="1" Max="1">1</HSync>
                    <HActive Min="0" Max="0">0</HActive>
                    <HFP Min="0" Max="0">0</HFP>
                    <HTotal Min="1" Max="8191">1</HTotal>
                    <VFreq Min="20" Max="75">20</VFreq>
                    <VSync Min="1" Max="1">1</VSync>
                    <VActive Min="0" Max="0">0</VActive>
                    <VFP Min="0" Max="0">0</VFP>
                    <VTotal Min="1" Max="8191">1</VTotal>
                    <PixelClk>0</PixelClk>
                    <HSP Min="78" Max="80">80</HSP>
                    <VSP Min="78" Max="80">80</VSP>
                    <AR Min="0" Max="1000">0</AR>
                    <Interlaced>80</Interlaced>
                    <VFType Min="0" Max="0">0</VFType>
                    <VFEnum Min="0" Max="4700">0</VFEnum>
                    <VFStdFrom Min="0" Max="4">0</VFStdFrom>
                    <VFStdNum>0</VFStdNum>
                  </VideoFormat>
                </EDIDOut>
              </HDMIOutput>
            </Out>
            <Out id="2">
              <Capacity LegalValues="1">1</Capacity>
              <DPOut id="0">
                <HdcpAuth Min="0" Max="1">0</HdcpAuth>
                <EDIDOut id="0">
                  <EDIDValid Min="0" Max="1">0</EDIDValid>
                  <SupportHdmi Min="0" Max="1">0</SupportHdmi>
                  <SupportRGB Min="0" Max="1">1</SupportRGB>
                  <SupportSMPTE Min="0" Max="1">1</SupportSMPTE>
                  <Support444 Min="0" Max="1">1</Support444>
                  <Support422 Min="0" Max="1">1</Support422>
                  <BitDepth48 Min="0" Max="1">1</BitDepth48>
                  <BitDepth36 Min="0" Max="1">1</BitDepth36>
                  <BitDepth30 Min="0" Max="1">1</BitDepth30>
                  <BitDepth LegalValues="0 1 2 3 4 5">1</BitDepth>
                  <MaxTmds Min="0" Max="255">0</MaxTmds>
                  <VideoFormat id="0">
                    <Name>Empty</Name>
                    <HFreq>0</HFreq>
                    <HSync Min="1" Max="1">1</HSync>
                    <HActive Min="0" Max="0">0</HActive>
                    <HFP Min="0" Max="0">0</HFP>
                    <HTotal Min="1" Max="8191">1</HTotal>
                    <VFreq Min="20" Max="75">20</VFreq>
                    <VSync Min="1" Max="1">1</VSync>
                    <VActive Min="0" Max="0">0</VActive>
                    <VFP Min="0" Max="0">0</VFP>
                    <VTotal Min="1" Max="8191">1</VTotal>
                    <PixelClk>0</PixelClk>
                    <HSP Min="78" Max="80">80</HSP>
                    <VSP Min="78" Max="80">80</VSP>
                    <AR Min="0" Max="1000">0</AR>
                    <Interlaced>80</Interlaced>
                    <VFType Min="0" Max="0">0</VFType>
                    <VFEnum Min="0" Max="4700">0</VFEnum>
                    <VFStdFrom Min="0" Max="4">0</VFStdFrom>
                    <VFStdNum>0</VFStdNum>
                  </VideoFormat>
                </EDIDOut>
              </DPOut>
              <DVIOut id="0">
                <HdcpAuth Min="0" Max="1">0</HdcpAuth>
                <EDIDOut id="0">
                  <EDIDValid Min="0" Max="1">0</EDIDValid>
                  <SupportHdmi Min="0" Max="1">0</SupportHdmi>
                  <SupportRGB Min="0" Max="1">1</SupportRGB>
                  <SupportSMPTE Min="0" Max="1">1</SupportSMPTE>
                  <Support444 Min="0" Max="1">1</Support444>
                  <Support422 Min="0" Max="1">1</Support422>
                  <BitDepth48 Min="0" Max="1">1</BitDepth48>
                  <BitDepth36 Min="0" Max="1">1</BitDepth36>
                  <BitDepth30 Min="0" Max="1">1</BitDepth30>
                  <BitDepth LegalValues="0 1 2 3 4 5">1</BitDepth>
                  <MaxTmds Min="0" Max="255">0</MaxTmds>
                  <VideoFormat id="0">
                    <Name>Empty</Name>
                    <HFreq>0</HFreq>
                    <HSync Min="1" Max="1">1</HSync>
                    <HActive Min="0" Max="0">0</HActive>
                    <HFP Min="0" Max="0">0</HFP>
                    <HTotal Min="1" Max="8191">1</HTotal>
                    <VFreq Min="20" Max="75">20</VFreq>
                    <VSync Min="1" Max="1">1</VSync>
                    <VActive Min="0" Max="0">0</VActive>
                    <VFP Min="0" Max="0">0</VFP>
                    <VTotal Min="1" Max="8191">1</VTotal>
                    <PixelClk>0</PixelClk>
                    <HSP Min="78" Max="80">80</HSP>
                    <VSP Min="78" Max="80">80</VSP>
                    <AR Min="0" Max="1000">0</AR>
                    <Interlaced>80</Interlaced>
                    <VFType Min="0" Max="0">0</VFType>
                    <VFEnum Min="0" Max="4700">0</VFEnum>
                    <VFStdFrom Min="0" Max="4">0</VFStdFrom>
                    <VFStdNum>0</VFStdNum>
                  </VideoFormat>
                </EDIDOut>
              </DVIOut>
              <SDIOut id="0">
                <Type3G LegalValues="2 3">2</Type3G>
              </SDIOut>
              <HDMIOutput id="0">
                <HdcpAuth Min="0" Max="1">0</HdcpAuth>
                <SinkType Min="0" Max="1">1</SinkType>
                <EDIDOut id="0">
                  <EDIDValid Min="0" Max="1">0</EDIDValid>
                  <SupportHdmi Min="0" Max="1">0</SupportHdmi>
                  <SupportRGB Min="0" Max="1">1</SupportRGB>
                  <SupportSMPTE Min="0" Max="1">1</SupportSMPTE>
                  <Support444 Min="0" Max="1">1</Support444>
                  <Support422 Min="0" Max="1">1</Support422>
                  <BitDepth48 Min="0" Max="1">1</BitDepth48>
                  <BitDepth36 Min="0" Max="1">1</BitDepth36>
                  <BitDepth30 Min="0" Max="1">1</BitDepth30>
                  <BitDepth LegalValues="0 1 2 3 4 5">1</BitDepth>
                  <MaxTmds Min="0" Max="255">0</MaxTmds>
                  <VideoFormat id="0">
                    <Name>Empty</Name>
                    <HFreq>0</HFreq>
                    <HSync Min="1" Max="1">1</HSync>
                    <HActive Min="0" Max="0">0</HActive>
                    <HFP Min="0" Max="0">0</HFP>
                    <HTotal Min="1" Max="8191">1</HTotal>
                    <VFreq Min="20" Max="75">20</VFreq>
                    <VSync Min="1" Max="1">1</VSync>
                    <VActive Min="0" Max="0">0</VActive>
                    <VFP Min="0" Max="0">0</VFP>
                    <VTotal Min="1" Max="8191">1</VTotal>
                    <PixelClk>0</PixelClk>
                    <HSP Min="78" Max="80">80</HSP>
                    <VSP Min="78" Max="80">80</VSP>
                    <AR Min="0" Max="1000">0</AR>
                    <Interlaced>80</Interlaced>
                    <VFType Min="0" Max="0">0</VFType>
                    <VFEnum Min="0" Max="4700">0</VFEnum>
                    <VFStdFrom Min="0" Max="4">0</VFStdFrom>
                    <VFStdNum>0</VFStdNum>
                  </VideoFormat>
                </EDIDOut>
              </HDMIOutput>
            </Out>
            <Out id="3">
              <Capacity LegalValues="1">1</Capacity>
              <DPOut id="0">
                <HdcpAuth Min="0" Max="1">0</HdcpAuth>
                <EDIDOut id="0">
                  <EDIDValid Min="0" Max="1">0</EDIDValid>
                  <SupportHdmi Min="0" Max="1">0</SupportHdmi>
                  <SupportRGB Min="0" Max="1">1</SupportRGB>
                  <SupportSMPTE Min="0" Max="1">1</SupportSMPTE>
                  <Support444 Min="0" Max="1">1</Support444>
                  <Support422 Min="0" Max="1">1</Support422>
                  <BitDepth48 Min="0" Max="1">1</BitDepth48>
                  <BitDepth36 Min="0" Max="1">1</BitDepth36>
                  <BitDepth30 Min="0" Max="1">1</BitDepth30>
                  <BitDepth LegalValues="0 1 2 3 4 5">1</BitDepth>
                  <MaxTmds Min="0" Max="255">0</MaxTmds>
                  <VideoFormat id="0">
                    <Name>Empty</Name>
                    <HFreq>0</HFreq>
                    <HSync Min="1" Max="1">1</HSync>
                    <HActive Min="0" Max="0">0</HActive>
                    <HFP Min="0" Max="0">0</HFP>
                    <HTotal Min="1" Max="8191">1</HTotal>
                    <VFreq Min="20" Max="75">20</VFreq>
                    <VSync Min="1" Max="1">1</VSync>
                    <VActive Min="0" Max="0">0</VActive>
                    <VFP Min="0" Max="0">0</VFP>
                    <VTotal Min="1" Max="8191">1</VTotal>
                    <PixelClk>0</PixelClk>
                    <HSP Min="78" Max="80">80</HSP>
                    <VSP Min="78" Max="80">80</VSP>
                    <AR Min="0" Max="1000">0</AR>
                    <Interlaced>80</Interlaced>
                    <VFType Min="0" Max="0">0</VFType>
                    <VFEnum Min="0" Max="4700">0</VFEnum>
                    <VFStdFrom Min="0" Max="4">0</VFStdFrom>
                    <VFStdNum>0</VFStdNum>
                  </VideoFormat>
                </EDIDOut>
              </DPOut>
              <DVIOut id="0">
                <HdcpAuth Min="0" Max="1">0</HdcpAuth>
                <EDIDOut id="0">
                  <EDIDValid Min="0" Max="1">0</EDIDValid>
                  <SupportHdmi Min="0" Max="1">0</SupportHdmi>
                  <SupportRGB Min="0" Max="1">1</SupportRGB>
                  <SupportSMPTE Min="0" Max="1">1</SupportSMPTE>
                  <Support444 Min="0" Max="1">1</Support444>
                  <Support422 Min="0" Max="1">1</Support422>
                  <BitDepth48 Min="0" Max="1">1</BitDepth48>
                  <BitDepth36 Min="0" Max="1">1</BitDepth36>
                  <BitDepth30 Min="0" Max="1">1</BitDepth30>
                  <BitDepth LegalValues="0 1 2 3 4 5">1</BitDepth>
                  <MaxTmds Min="0" Max="255">0</MaxTmds>
                  <VideoFormat id="0">
                    <Name>Empty</Name>
                    <HFreq>0</HFreq>
                    <HSync Min="1" Max="1">1</HSync>
                    <HActive Min="0" Max="0">0</HActive>
                    <HFP Min="0" Max="0">0</HFP>
                    <HTotal Min="1" Max="8191">1</HTotal>
                    <VFreq Min="20" Max="75">20</VFreq>
                    <VSync Min="1" Max="1">1</VSync>
                    <VActive Min="0" Max="0">0</VActive>
                    <VFP Min="0" Max="0">0</VFP>
                    <VTotal Min="1" Max="8191">1</VTotal>
                    <PixelClk>0</PixelClk>
                    <HSP Min="78" Max="80">80</HSP>
                    <VSP Min="78" Max="80">80</VSP>
                    <AR Min="0" Max="1000">0</AR>
                    <Interlaced>80</Interlaced>
                    <VFType Min="0" Max="0">0</VFType>
                    <VFEnum Min="0" Max="4700">0</VFEnum>
                    <VFStdFrom Min="0" Max="4">0</VFStdFrom>
                    <VFStdNum>0</VFStdNum>
                  </VideoFormat>
                </EDIDOut>
              </DVIOut>
              <SDIOut id="0">
                <Type3G LegalValues="2 3">2</Type3G>
              </SDIOut>
              <HDMIOutput id="0">
                <HdcpAuth Min="0" Max="1">0</HdcpAuth>
                <SinkType Min="0" Max="1">1</SinkType>
                <EDIDOut id="0">
                  <EDIDValid Min="0" Max="1">0</EDIDValid>
                  <SupportHdmi Min="0" Max="1">0</SupportHdmi>
                  <SupportRGB Min="0" Max="1">1</SupportRGB>
                  <SupportSMPTE Min="0" Max="1">1</SupportSMPTE>
                  <Support444 Min="0" Max="1">1</Support444>
                  <Support422 Min="0" Max="1">1</Support422>
                  <BitDepth48 Min="0" Max="1">1</BitDepth48>
                  <BitDepth36 Min="0" Max="1">1</BitDepth36>
                  <BitDepth30 Min="0" Max="1">1</BitDepth30>
                  <BitDepth LegalValues="0 1 2 3 4 5">1</BitDepth>
                  <MaxTmds Min="0" Max="255">0</MaxTmds>
                  <VideoFormat id="0">
                    <Name>Empty</Name>
                    <HFreq>0</HFreq>
                    <HSync Min="1" Max="1">1</HSync>
                    <HActive Min="0" Max="0">0</HActive>
                    <HFP Min="0" Max="0">0</HFP>
                    <HTotal Min="1" Max="8191">1</HTotal>
                    <VFreq Min="20" Max="75">20</VFreq>
                    <VSync Min="1" Max="1">1</VSync>
                    <VActive Min="0" Max="0">0</VActive>
                    <VFP Min="0" Max="0">0</VFP>
                    <VTotal Min="1" Max="8191">1</VTotal>
                    <PixelClk>0</PixelClk>
                    <HSP Min="78" Max="80">80</HSP>
                    <VSP Min="78" Max="80">80</VSP>
                    <AR Min="0" Max="1000">0</AR>
                    <Interlaced>80</Interlaced>
                    <VFType Min="0" Max="0">0</VFType>
                    <VFEnum Min="0" Max="4700">0</VFEnum>
                    <VFStdFrom Min="0" Max="4">0</VFStdFrom>
                    <VFStdNum>0</VFStdNum>
                  </VideoFormat>
                </EDIDOut>
              </HDMIOutput>
            </Out>
          </CardOut>
        </Card>
      </Slot>
      <Slot id="7">
        <Card id="0">
          <CardStatus Min="0" Max="4">2</CardStatus>
          <CardType Min="0" Max="255">22</CardType>
          <CardID>Card7</CardID>
          <SlotIndex Min="-1" Max="23">7</SlotIndex>
          <CardOut id="0">
            <NumOfChan Min="0" Max="4">4</NumOfChan>
            <CapacityStatus Min="0" Max="1">0</CapacityStatus>
            <Out id="0">
              <Capacity LegalValues="1 2">1</Capacity>
              <DPOut id="0">
                <HdcpAuth Min="0" Max="1">0</HdcpAuth>
                <EDIDOut id="0">
                  <EDIDValid Min="0" Max="1">0</EDIDValid>
                  <SupportHdmi Min="0" Max="1">0</SupportHdmi>
                  <SupportRGB Min="0" Max="1">1</SupportRGB>
                  <SupportSMPTE Min="0" Max="1">1</SupportSMPTE>
                  <Support444 Min="0" Max="1">1</Support444>
                  <Support422 Min="0" Max="1">1</Support422>
                  <BitDepth48 Min="0" Max="1">1</BitDepth48>
                  <BitDepth36 Min="0" Max="1">1</BitDepth36>
                  <BitDepth30 Min="0" Max="1">1</BitDepth30>
                  <BitDepth LegalValues="0 1 2 3 4 5">1</BitDepth>
                  <MaxTmds Min="0" Max="255">0</MaxTmds>
                  <VideoFormat id="0">
                    <Name>Empty</Name>
                    <HFreq>0</HFreq>
                    <HSync Min="1" Max="1">1</HSync>
                    <HActive Min="0" Max="0">0</HActive>
                    <HFP Min="0" Max="0">0</HFP>
                    <HTotal Min="1" Max="8191">1</HTotal>
                    <VFreq Min="20" Max="75">20</VFreq>
                    <VSync Min="1" Max="1">1</VSync>
                    <VActive Min="0" Max="0">0</VActive>
                    <VFP Min="0" Max="0">0</VFP>
                    <VTotal Min="1" Max="8191">1</VTotal>
                    <PixelClk>0</PixelClk>
                    <HSP Min="78" Max="80">80</HSP>
                    <VSP Min="78" Max="80">80</VSP>
                    <AR Min="0" Max="1000">0</AR>
                    <Interlaced>80</Interlaced>
                    <VFType Min="0" Max="0">0</VFType>
                    <VFEnum Min="0" Max="4700">0</VFEnum>
                    <VFStdFrom Min="0" Max="4">0</VFStdFrom>
                    <VFStdNum>0</VFStdNum>
                  </VideoFormat>
                </EDIDOut>
              </DPOut>
              <DVIOut id="0">
                <HdcpAuth Min="0" Max="1">0</HdcpAuth>
                <EDIDOut id="0">
                  <EDIDValid Min="0" Max="1">0</EDIDValid>
                  <SupportHdmi Min="0" Max="1">0</SupportHdmi>
                  <SupportRGB Min="0" Max="1">1</SupportRGB>
                  <SupportSMPTE Min="0" Max="1">1</SupportSMPTE>
                  <Support444 Min="0" Max="1">1</Support444>
                  <Support422 Min="0" Max="1">1</Support422>
                  <BitDepth48 Min="0" Max="1">1</BitDepth48>
                  <BitDepth36 Min="0" Max="1">1</BitDepth36>
                  <BitDepth30 Min="0" Max="1">1</BitDepth30>
                  <BitDepth LegalValues="0 1 2 3 4 5">1</BitDepth>
                  <MaxTmds Min="0" Max="255">0</MaxTmds>
                  <VideoFormat id="0">
                    <Name>Empty</Name>
                    <HFreq>0</HFreq>
                    <HSync Min="1" Max="1">1</HSync>
                    <HActive Min="0" Max="0">0</HActive>
                    <HFP Min="0" Max="0">0</HFP>
                    <HTotal Min="1" Max="8191">1</HTotal>
                    <VFreq Min="20" Max="75">20</VFreq>
                    <VSync Min="1" Max="1">1</VSync>
                    <VActive Min="0" Max="0">0</VActive>
                    <VFP Min="0" Max="0">0</VFP>
                    <VTotal Min="1" Max="8191">1</VTotal>
                    <PixelClk>0</PixelClk>
                    <HSP Min="78" Max="80">80</HSP>
                    <VSP Min="78" Max="80">80</VSP>
                    <AR Min="0" Max="1000">0</AR>
                    <Interlaced>80</Interlaced>
                    <VFType Min="0" Max="0">0</VFType>
                    <VFEnum Min="0" Max="4700">0</VFEnum>
                    <VFStdFrom Min="0" Max="4">0</VFStdFrom>
                    <VFStdNum>0</VFStdNum>
                  </VideoFormat>
                </EDIDOut>
              </DVIOut>
              <SDIOut id="0">
                <Type3G LegalValues="0 1 2 3">2</Type3G>
              </SDIOut>
              <HDMIOutput id="0">
                <HdcpAuth Min="0" Max="1">0</HdcpAuth>
                <SinkType Min="0" Max="1">1</SinkType>
                <EDIDOut id="0">
                  <EDIDValid Min="0" Max="1">0</EDIDValid>
                  <SupportHdmi Min="0" Max="1">0</SupportHdmi>
                  <SupportRGB Min="0" Max="1">1</SupportRGB>
                  <SupportSMPTE Min="0" Max="1">1</SupportSMPTE>
                  <Support444 Min="0" Max="1">1</Support444>
                  <Support422 Min="0" Max="1">1</Support422>
                  <BitDepth48 Min="0" Max="1">1</BitDepth48>
                  <BitDepth36 Min="0" Max="1">1</BitDepth36>
                  <BitDepth30 Min="0" Max="1">1</BitDepth30>
                  <BitDepth LegalValues="0 1 2 3 4 5">1</BitDepth>
                  <MaxTmds Min="0" Max="255">0</MaxTmds>
                  <VideoFormat id="0">
                    <Name>Empty</Name>
                    <HFreq>0</HFreq>
                    <HSync Min="1" Max="1">1</HSync>
                    <HActive Min="0" Max="0">0</HActive>
                    <HFP Min="0" Max="0">0</HFP>
                    <HTotal Min="1" Max="8191">1</HTotal>
                    <VFreq Min="20" Max="75">20</VFreq>
                    <VSync Min="1" Max="1">1</VSync>
                    <VActive Min="0" Max="0">0</VActive>
                    <VFP Min="0" Max="0">0</VFP>
                    <VTotal Min="1" Max="8191">1</VTotal>
                    <PixelClk>0</PixelClk>
                    <HSP Min="78" Max="80">80</HSP>
                    <VSP Min="78" Max="80">80</VSP>
                    <AR Min="0" Max="1000">0</AR>
                    <Interlaced>80</Interlaced>
                    <VFType Min="0" Max="0">0</VFType>
                    <VFEnum Min="0" Max="4700">0</VFEnum>
                    <VFStdFrom Min="0" Max="4">0</VFStdFrom>
                    <VFStdNum>0</VFStdNum>
                  </VideoFormat>
                </EDIDOut>
              </HDMIOutput>
            </Out>
            <Out id="1">
              <Capacity LegalValues="1 2">1</Capacity>
              <DPOut id="0">
                <HdcpAuth Min="0" Max="1">0</HdcpAuth>
                <EDIDOut id="0">
                  <EDIDValid Min="0" Max="1">0</EDIDValid>
                  <SupportHdmi Min="0" Max="1">0</SupportHdmi>
                  <SupportRGB Min="0" Max="1">1</SupportRGB>
                  <SupportSMPTE Min="0" Max="1">1</SupportSMPTE>
                  <Support444 Min="0" Max="1">1</Support444>
                  <Support422 Min="0" Max="1">1</Support422>
                  <BitDepth48 Min="0" Max="1">1</BitDepth48>
                  <BitDepth36 Min="0" Max="1">1</BitDepth36>
                  <BitDepth30 Min="0" Max="1">1</BitDepth30>
                  <BitDepth LegalValues="0 1 2 3 4 5">1</BitDepth>
                  <MaxTmds Min="0" Max="255">0</MaxTmds>
                  <VideoFormat id="0">
                    <Name>Empty</Name>
                    <HFreq>0</HFreq>
                    <HSync Min="1" Max="1">1</HSync>
                    <HActive Min="0" Max="0">0</HActive>
                    <HFP Min="0" Max="0">0</HFP>
                    <HTotal Min="1" Max="8191">1</HTotal>
                    <VFreq Min="20" Max="75">20</VFreq>
                    <VSync Min="1" Max="1">1</VSync>
                    <VActive Min="0" Max="0">0</VActive>
                    <VFP Min="0" Max="0">0</VFP>
                    <VTotal Min="1" Max="8191">1</VTotal>
                    <PixelClk>0</PixelClk>
                    <HSP Min="78" Max="80">80</HSP>
                    <VSP Min="78" Max="80">80</VSP>
                    <AR Min="0" Max="1000">0</AR>
                    <Interlaced>80</Interlaced>
                    <VFType Min="0" Max="0">0</VFType>
                    <VFEnum Min="0" Max="4700">0</VFEnum>
                    <VFStdFrom Min="0" Max="4">0</VFStdFrom>
                    <VFStdNum>0</VFStdNum>
                  </VideoFormat>
                </EDIDOut>
              </DPOut>
              <DVIOut id="0">
                <HdcpAuth Min="0" Max="1">0</HdcpAuth>
                <EDIDOut id="0">
                  <EDIDValid Min="0" Max="1">0</EDIDValid>
                  <SupportHdmi Min="0" Max="1">0</SupportHdmi>
                  <SupportRGB Min="0" Max="1">1</SupportRGB>
                  <SupportSMPTE Min="0" Max="1">1</SupportSMPTE>
                  <Support444 Min="0" Max="1">1</Support444>
                  <Support422 Min="0" Max="1">1</Support422>
                  <BitDepth48 Min="0" Max="1">1</BitDepth48>
                  <BitDepth36 Min="0" Max="1">1</BitDepth36>
                  <BitDepth30 Min="0" Max="1">1</BitDepth30>
                  <BitDepth LegalValues="0 1 2 3 4 5">1</BitDepth>
                  <MaxTmds Min="0" Max="255">0</MaxTmds>
                  <VideoFormat id="0">
                    <Name>Empty</Name>
                    <HFreq>0</HFreq>
                    <HSync Min="1" Max="1">1</HSync>
                    <HActive Min="0" Max="0">0</HActive>
                    <HFP Min="0" Max="0">0</HFP>
                    <HTotal Min="1" Max="8191">1</HTotal>
                    <VFreq Min="20" Max="75">20</VFreq>
                    <VSync Min="1" Max="1">1</VSync>
                    <VActive Min="0" Max="0">0</VActive>
                    <VFP Min="0" Max="0">0</VFP>
                    <VTotal Min="1" Max="8191">1</VTotal>
                    <PixelClk>0</PixelClk>
                    <HSP Min="78" Max="80">80</HSP>
                    <VSP Min="78" Max="80">80</VSP>
                    <AR Min="0" Max="1000">0</AR>
                    <Interlaced>80</Interlaced>
                    <VFType Min="0" Max="0">0</VFType>
                    <VFEnum Min="0" Max="4700">0</VFEnum>
                    <VFStdFrom Min="0" Max="4">0</VFStdFrom>
                    <VFStdNum>0</VFStdNum>
                  </VideoFormat>
                </EDIDOut>
              </DVIOut>
              <SDIOut id="0">
                <Type3G LegalValues="0 1 2 3">2</Type3G>
              </SDIOut>
              <HDMIOutput id="0">
                <HdcpAuth Min="0" Max="1">0</HdcpAuth>
                <SinkType Min="0" Max="1">1</SinkType>
                <EDIDOut id="0">
                  <EDIDValid Min="0" Max="1">0</EDIDValid>
                  <SupportHdmi Min="0" Max="1">0</SupportHdmi>
                  <SupportRGB Min="0" Max="1">1</SupportRGB>
                  <SupportSMPTE Min="0" Max="1">1</SupportSMPTE>
                  <Support444 Min="0" Max="1">1</Support444>
                  <Support422 Min="0" Max="1">1</Support422>
                  <BitDepth48 Min="0" Max="1">1</BitDepth48>
                  <BitDepth36 Min="0" Max="1">1</BitDepth36>
                  <BitDepth30 Min="0" Max="1">1</BitDepth30>
                  <BitDepth LegalValues="0 1 2 3 4 5">1</BitDepth>
                  <MaxTmds Min="0" Max="255">0</MaxTmds>
                  <VideoFormat id="0">
                    <Name>Empty</Name>
                    <HFreq>0</HFreq>
                    <HSync Min="1" Max="1">1</HSync>
                    <HActive Min="0" Max="0">0</HActive>
                    <HFP Min="0" Max="0">0</HFP>
                    <HTotal Min="1" Max="8191">1</HTotal>
                    <VFreq Min="20" Max="75">20</VFreq>
                    <VSync Min="1" Max="1">1</VSync>
                    <VActive Min="0" Max="0">0</VActive>
                    <VFP Min="0" Max="0">0</VFP>
                    <VTotal Min="1" Max="8191">1</VTotal>
                    <PixelClk>0</PixelClk>
                    <HSP Min="78" Max="80">80</HSP>
                    <VSP Min="78" Max="80">80</VSP>
                    <AR Min="0" Max="1000">0</AR>
                    <Interlaced>80</Interlaced>
                    <VFType Min="0" Max="0">0</VFType>
                    <VFEnum Min="0" Max="4700">0</VFEnum>
                    <VFStdFrom Min="0" Max="4">0</VFStdFrom>
                    <VFStdNum>0</VFStdNum>
                  </VideoFormat>
                </EDIDOut>
              </HDMIOutput>
            </Out>
            <Out id="2">
              <Capacity LegalValues="0 1">1</Capacity>
              <DPOut id="0">
                <HdcpAuth Min="0" Max="1">0</HdcpAuth>
                <EDIDOut id="0">
                  <EDIDValid Min="0" Max="1">0</EDIDValid>
                  <SupportHdmi Min="0" Max="1">0</SupportHdmi>
                  <SupportRGB Min="0" Max="1">1</SupportRGB>
                  <SupportSMPTE Min="0" Max="1">1</SupportSMPTE>
                  <Support444 Min="0" Max="1">1</Support444>
                  <Support422 Min="0" Max="1">1</Support422>
                  <BitDepth48 Min="0" Max="1">1</BitDepth48>
                  <BitDepth36 Min="0" Max="1">1</BitDepth36>
                  <BitDepth30 Min="0" Max="1">1</BitDepth30>
                  <BitDepth LegalValues="0 1 2 3 4 5">1</BitDepth>
                  <MaxTmds Min="0" Max="255">0</MaxTmds>
                  <VideoFormat id="0">
                    <Name>Empty</Name>
                    <HFreq>0</HFreq>
                    <HSync Min="1" Max="1">1</HSync>
                    <HActive Min="0" Max="0">0</HActive>
                    <HFP Min="0" Max="0">0</HFP>
                    <HTotal Min="1" Max="8191">1</HTotal>
                    <VFreq Min="20" Max="75">20</VFreq>
                    <VSync Min="1" Max="1">1</VSync>
                    <VActive Min="0" Max="0">0</VActive>
                    <VFP Min="0" Max="0">0</VFP>
                    <VTotal Min="1" Max="8191">1</VTotal>
                    <PixelClk>0</PixelClk>
                    <HSP Min="78" Max="80">80</HSP>
                    <VSP Min="78" Max="80">80</VSP>
                    <AR Min="0" Max="1000">0</AR>
                    <Interlaced>80</Interlaced>
                    <VFType Min="0" Max="0">0</VFType>
                    <VFEnum Min="0" Max="4700">0</VFEnum>
                    <VFStdFrom Min="0" Max="4">0</VFStdFrom>
                    <VFStdNum>0</VFStdNum>
                  </VideoFormat>
                </EDIDOut>
              </DPOut>
              <DVIOut id="0">
                <HdcpAuth Min="0" Max="1">0</HdcpAuth>
                <EDIDOut id="0">
                  <EDIDValid Min="0" Max="1">0</EDIDValid>
                  <SupportHdmi Min="0" Max="1">0</SupportHdmi>
                  <SupportRGB Min="0" Max="1">1</SupportRGB>
                  <SupportSMPTE Min="0" Max="1">1</SupportSMPTE>
                  <Support444 Min="0" Max="1">1</Support444>
                  <Support422 Min="0" Max="1">1</Support422>
                  <BitDepth48 Min="0" Max="1">1</BitDepth48>
                  <BitDepth36 Min="0" Max="1">1</BitDepth36>
                  <BitDepth30 Min="0" Max="1">1</BitDepth30>
                  <BitDepth LegalValues="0 1 2 3 4 5">1</BitDepth>
                  <MaxTmds Min="0" Max="255">0</MaxTmds>
                  <VideoFormat id="0">
                    <Name>Empty</Name>
                    <HFreq>0</HFreq>
                    <HSync Min="1" Max="1">1</HSync>
                    <HActive Min="0" Max="0">0</HActive>
                    <HFP Min="0" Max="0">0</HFP>
                    <HTotal Min="1" Max="8191">1</HTotal>
                    <VFreq Min="20" Max="75">20</VFreq>
                    <VSync Min="1" Max="1">1</VSync>
                    <VActive Min="0" Max="0">0</VActive>
                    <VFP Min="0" Max="0">0</VFP>
                    <VTotal Min="1" Max="8191">1</VTotal>
                    <PixelClk>0</PixelClk>
                    <HSP Min="78" Max="80">80</HSP>
                    <VSP Min="78" Max="80">80</VSP>
                    <AR Min="0" Max="1000">0</AR>
                    <Interlaced>80</Interlaced>
                    <VFType Min="0" Max="0">0</VFType>
                    <VFEnum Min="0" Max="4700">0</VFEnum>
                    <VFStdFrom Min="0" Max="4">0</VFStdFrom>
                    <VFStdNum>0</VFStdNum>
                  </VideoFormat>
                </EDIDOut>
              </DVIOut>
              <SDIOut id="0">
                <Type3G LegalValues="0 1 2 3">2</Type3G>
              </SDIOut>
              <HDMIOutput id="0">
                <HdcpAuth Min="0" Max="1">0</HdcpAuth>
                <SinkType Min="0" Max="1">1</SinkType>
                <EDIDOut id="0">
                  <EDIDValid Min="0" Max="1">0</EDIDValid>
                  <SupportHdmi Min="0" Max="1">0</SupportHdmi>
                  <SupportRGB Min="0" Max="1">1</SupportRGB>
                  <SupportSMPTE Min="0" Max="1">1</SupportSMPTE>
                  <Support444 Min="0" Max="1">1</Support444>
                  <Support422 Min="0" Max="1">1</Support422>
                  <BitDepth48 Min="0" Max="1">1</BitDepth48>
                  <BitDepth36 Min="0" Max="1">1</BitDepth36>
                  <BitDepth30 Min="0" Max="1">1</BitDepth30>
                  <BitDepth LegalValues="0 1 2 3 4 5">1</BitDepth>
                  <MaxTmds Min="0" Max="255">0</MaxTmds>
                  <VideoFormat id="0">
                    <Name>Empty</Name>
                    <HFreq>0</HFreq>
                    <HSync Min="1" Max="1">1</HSync>
                    <HActive Min="0" Max="0">0</HActive>
                    <HFP Min="0" Max="0">0</HFP>
                    <HTotal Min="1" Max="8191">1</HTotal>
                    <VFreq Min="20" Max="75">20</VFreq>
                    <VSync Min="1" Max="1">1</VSync>
                    <VActive Min="0" Max="0">0</VActive>
                    <VFP Min="0" Max="0">0</VFP>
                    <VTotal Min="1" Max="8191">1</VTotal>
                    <PixelClk>0</PixelClk>
                    <HSP Min="78" Max="80">80</HSP>
                    <VSP Min="78" Max="80">80</VSP>
                    <AR Min="0" Max="1000">0</AR>
                    <Interlaced>80</Interlaced>
                    <VFType Min="0" Max="0">0</VFType>
                    <VFEnum Min="0" Max="4700">0</VFEnum>
                    <VFStdFrom Min="0" Max="4">0</VFStdFrom>
                    <VFStdNum>0</VFStdNum>
                  </VideoFormat>
                </EDIDOut>
              </HDMIOutput>
            </Out>
            <Out id="3">
              <Capacity LegalValues="0 1">1</Capacity>
              <DPOut id="0">
                <HdcpAuth Min="0" Max="1">0</HdcpAuth>
                <EDIDOut id="0">
                  <EDIDValid Min="0" Max="1">0</EDIDValid>
                  <SupportHdmi Min="0" Max="1">0</SupportHdmi>
                  <SupportRGB Min="0" Max="1">1</SupportRGB>
                  <SupportSMPTE Min="0" Max="1">1</SupportSMPTE>
                  <Support444 Min="0" Max="1">1</Support444>
                  <Support422 Min="0" Max="1">1</Support422>
                  <BitDepth48 Min="0" Max="1">1</BitDepth48>
                  <BitDepth36 Min="0" Max="1">1</BitDepth36>
                  <BitDepth30 Min="0" Max="1">1</BitDepth30>
                  <BitDepth LegalValues="0 1 2 3 4 5">1</BitDepth>
                  <MaxTmds Min="0" Max="255">0</MaxTmds>
                  <VideoFormat id="0">
                    <Name>Empty</Name>
                    <HFreq>0</HFreq>
                    <HSync Min="1" Max="1">1</HSync>
                    <HActive Min="0" Max="0">0</HActive>
                    <HFP Min="0" Max="0">0</HFP>
                    <HTotal Min="1" Max="8191">1</HTotal>
                    <VFreq Min="20" Max="75">20</VFreq>
                    <VSync Min="1" Max="1">1</VSync>
                    <VActive Min="0" Max="0">0</VActive>
                    <VFP Min="0" Max="0">0</VFP>
                    <VTotal Min="1" Max="8191">1</VTotal>
                    <PixelClk>0</PixelClk>
                    <HSP Min="78" Max="80">80</HSP>
                    <VSP Min="78" Max="80">80</VSP>
                    <AR Min="0" Max="1000">0</AR>
                    <Interlaced>80</Interlaced>
                    <VFType Min="0" Max="0">0</VFType>
                    <VFEnum Min="0" Max="4700">0</VFEnum>
                    <VFStdFrom Min="0" Max="4">0</VFStdFrom>
                    <VFStdNum>0</VFStdNum>
                  </VideoFormat>
                </EDIDOut>
              </DPOut>
              <DVIOut id="0">
                <HdcpAuth Min="0" Max="1">0</HdcpAuth>
                <EDIDOut id="0">
                  <EDIDValid Min="0" Max="1">0</EDIDValid>
                  <SupportHdmi Min="0" Max="1">0</SupportHdmi>
                  <SupportRGB Min="0" Max="1">1</SupportRGB>
                  <SupportSMPTE Min="0" Max="1">1</SupportSMPTE>
                  <Support444 Min="0" Max="1">1</Support444>
                  <Support422 Min="0" Max="1">1</Support422>
                  <BitDepth48 Min="0" Max="1">1</BitDepth48>
                  <BitDepth36 Min="0" Max="1">1</BitDepth36>
                  <BitDepth30 Min="0" Max="1">1</BitDepth30>
                  <BitDepth LegalValues="0 1 2 3 4 5">1</BitDepth>
                  <MaxTmds Min="0" Max="255">0</MaxTmds>
                  <VideoFormat id="0">
                    <Name>Empty</Name>
                    <HFreq>0</HFreq>
                    <HSync Min="1" Max="1">1</HSync>
                    <HActive Min="0" Max="0">0</HActive>
                    <HFP Min="0" Max="0">0</HFP>
                    <HTotal Min="1" Max="8191">1</HTotal>
                    <VFreq Min="20" Max="75">20</VFreq>
                    <VSync Min="1" Max="1">1</VSync>
                    <VActive Min="0" Max="0">0</VActive>
                    <VFP Min="0" Max="0">0</VFP>
                    <VTotal Min="1" Max="8191">1</VTotal>
                    <PixelClk>0</PixelClk>
                    <HSP Min="78" Max="80">80</HSP>
                    <VSP Min="78" Max="80">80</VSP>
                    <AR Min="0" Max="1000">0</AR>
                    <Interlaced>80</Interlaced>
                    <VFType Min="0" Max="0">0</VFType>
                    <VFEnum Min="0" Max="4700">0</VFEnum>
                    <VFStdFrom Min="0" Max="4">0</VFStdFrom>
                    <VFStdNum>0</VFStdNum>
                  </VideoFormat>
                </EDIDOut>
              </DVIOut>
              <SDIOut id="0">
                <Type3G LegalValues="0 1 2 3">2</Type3G>
              </SDIOut>
              <HDMIOutput id="0">
                <HdcpAuth Min="0" Max="1">0</HdcpAuth>
                <SinkType Min="0" Max="1">1</SinkType>
                <EDIDOut id="0">
                  <EDIDValid Min="0" Max="1">0</EDIDValid>
                  <SupportHdmi Min="0" Max="1">0</SupportHdmi>
                  <SupportRGB Min="0" Max="1">1</SupportRGB>
                  <SupportSMPTE Min="0" Max="1">1</SupportSMPTE>
                  <Support444 Min="0" Max="1">1</Support444>
                  <Support422 Min="0" Max="1">1</Support422>
                  <BitDepth48 Min="0" Max="1">1</BitDepth48>
                  <BitDepth36 Min="0" Max="1">1</BitDepth36>
                  <BitDepth30 Min="0" Max="1">1</BitDepth30>
                  <BitDepth LegalValues="0 1 2 3 4 5">1</BitDepth>
                  <MaxTmds Min="0" Max="255">0</MaxTmds>
                  <VideoFormat id="0">
                    <Name>Empty</Name>
                    <HFreq>0</HFreq>
                    <HSync Min="1" Max="1">1</HSync>
                    <HActive Min="0" Max="0">0</HActive>
                    <HFP Min="0" Max="0">0</HFP>
                    <HTotal Min="1" Max="8191">1</HTotal>
                    <VFreq Min="20" Max="75">20</VFreq>
                    <VSync Min="1" Max="1">1</VSync>
                    <VActive Min="0" Max="0">0</VActive>
                    <VFP Min="0" Max="0">0</VFP>
                    <VTotal Min="1" Max="8191">1</VTotal>
                    <PixelClk>0</PixelClk>
                    <HSP Min="78" Max="80">80</HSP>
                    <VSP Min="78" Max="80">80</VSP>
                    <AR Min="0" Max="1000">0</AR>
                    <Interlaced>80</Interlaced>
                    <VFType Min="0" Max="0">0</VFType>
                    <VFEnum Min="0" Max="4700">0</VFEnum>
                    <VFStdFrom Min="0" Max="4">0</VFStdFrom>
                    <VFStdNum>0</VFStdNum>
                  </VideoFormat>
                </EDIDOut>
              </HDMIOutput>
            </Out>
          </CardOut>
        </Card>
      </Slot>
      <Slot id="8">
        <Card id="0">
          <CardStatus Min="0" Max="4">2</CardStatus>
          <CardType Min="0" Max="255">40</CardType>
          <CardID>Card8</CardID>
          <SlotIndex Min="-1" Max="23">8</SlotIndex>
          <CardOut id="0">
            <NumOfChan Min="0" Max="4">4</NumOfChan>
            <CapacityStatus Min="0" Max="1">0</CapacityStatus>
            <Out id="0">
              <Capacity LegalValues="1 2">1</Capacity>
              <DPOut id="0">
                <HdcpAuth Min="0" Max="1">0</HdcpAuth>
                <EDIDOut id="0">
                  <EDIDValid Min="0" Max="1">0</EDIDValid>
                  <SupportHdmi Min="0" Max="1">0</SupportHdmi>
                  <SupportRGB Min="0" Max="1">1</SupportRGB>
                  <SupportSMPTE Min="0" Max="1">1</SupportSMPTE>
                  <Support444 Min="0" Max="1">1</Support444>
                  <Support422 Min="0" Max="1">1</Support422>
                  <BitDepth48 Min="0" Max="1">1</BitDepth48>
                  <BitDepth36 Min="0" Max="1">1</BitDepth36>
                  <BitDepth30 Min="0" Max="1">1</BitDepth30>
                  <BitDepth LegalValues="0 1 2 3 4 5">1</BitDepth>
                  <MaxTmds Min="0" Max="255">0</MaxTmds>
                  <VideoFormat id="0">
                    <Name>Empty</Name>
                    <HFreq>0</HFreq>
                    <HSync Min="1" Max="1">1</HSync>
                    <HActive Min="0" Max="0">0</HActive>
                    <HFP Min="0" Max="0">0</HFP>
                    <HTotal Min="1" Max="8191">1</HTotal>
                    <VFreq Min="20" Max="75">20</VFreq>
                    <VSync Min="1" Max="1">1</VSync>
                    <VActive Min="0" Max="0">0</VActive>
                    <VFP Min="0" Max="0">0</VFP>
                    <VTotal Min="1" Max="8191">1</VTotal>
                    <PixelClk>0</PixelClk>
                    <HSP Min="78" Max="80">80</HSP>
                    <VSP Min="78" Max="80">80</VSP>
                    <AR Min="0" Max="1000">0</AR>
                    <Interlaced>80</Interlaced>
                    <VFType Min="0" Max="0">0</VFType>
                    <VFEnum Min="0" Max="4700">0</VFEnum>
                    <VFStdFrom Min="0" Max="4">0</VFStdFrom>
                    <VFStdNum>0</VFStdNum>
                  </VideoFormat>
                </EDIDOut>
              </DPOut>
              <DVIOut id="0">
                <HdcpAuth Min="0" Max="1">0</HdcpAuth>
                <EDIDOut id="0">
                  <EDIDValid Min="0" Max="1">0</EDIDValid>
                  <SupportHdmi Min="0" Max="1">0</SupportHdmi>
                  <SupportRGB Min="0" Max="1">1</SupportRGB>
                  <SupportSMPTE Min="0" Max="1">1</SupportSMPTE>
                  <Support444 Min="0" Max="1">1</Support444>
                  <Support422 Min="0" Max="1">1</Support422>
                  <BitDepth48 Min="0" Max="1">1</BitDepth48>
                  <BitDepth36 Min="0" Max="1">1</BitDepth36>
                  <BitDepth30 Min="0" Max="1">1</BitDepth30>
                  <BitDepth LegalValues="0 1 2 3 4 5">1</BitDepth>
                  <MaxTmds Min="0" Max="255">0</MaxTmds>
                  <VideoFormat id="0">
                    <Name>Empty</Name>
                    <HFreq>0</HFreq>
                    <HSync Min="1" Max="1">1</HSync>
                    <HActive Min="0" Max="0">0</HActive>
                    <HFP Min="0" Max="0">0</HFP>
                    <HTotal Min="1" Max="8191">1</HTotal>
                    <VFreq Min="20" Max="75">20</VFreq>
                    <VSync Min="1" Max="1">1</VSync>
                    <VActive Min="0" Max="0">0</VActive>
                    <VFP Min="0" Max="0">0</VFP>
                    <VTotal Min="1" Max="8191">1</VTotal>
                    <PixelClk>0</PixelClk>
                    <HSP Min="78" Max="80">80</HSP>
                    <VSP Min="78" Max="80">80</VSP>
                    <AR Min="0" Max="1000">0</AR>
                    <Interlaced>80</Interlaced>
                    <VFType Min="0" Max="0">0</VFType>
                    <VFEnum Min="0" Max="4700">0</VFEnum>
                    <VFStdFrom Min="0" Max="4">0</VFStdFrom>
                    <VFStdNum>0</VFStdNum>
                  </VideoFormat>
                </EDIDOut>
              </DVIOut>
              <SDIOut id="0">
                <Type3G LegalValues="0 1 2 3">2</Type3G>
              </SDIOut>
              <HDMIOutput id="0">
                <HdcpAuth Min="0" Max="1">0</HdcpAuth>
                <SinkType Min="0" Max="1">1</SinkType>
                <EDIDOut id="0">
                  <EDIDValid Min="0" Max="1">0</EDIDValid>
                  <SupportHdmi Min="0" Max="1">0</SupportHdmi>
                  <SupportRGB Min="0" Max="1">1</SupportRGB>
                  <SupportSMPTE Min="0" Max="1">1</SupportSMPTE>
                  <Support444 Min="0" Max="1">1</Support444>
                  <Support422 Min="0" Max="1">1</Support422>
                  <BitDepth48 Min="0" Max="1">1</BitDepth48>
                  <BitDepth36 Min="0" Max="1">1</BitDepth36>
                  <BitDepth30 Min="0" Max="1">1</BitDepth30>
                  <BitDepth LegalValues="0 1 2 3 4 5">1</BitDepth>
                  <MaxTmds Min="0" Max="255">0</MaxTmds>
                  <VideoFormat id="0">
                    <Name>Empty</Name>
                    <HFreq>0</HFreq>
                    <HSync Min="1" Max="1">1</HSync>
                    <HActive Min="0" Max="0">0</HActive>
                    <HFP Min="0" Max="0">0</HFP>
                    <HTotal Min="1" Max="8191">1</HTotal>
                    <VFreq Min="20" Max="75">20</VFreq>
                    <VSync Min="1" Max="1">1</VSync>
                    <VActive Min="0" Max="0">0</VActive>
                    <VFP Min="0" Max="0">0</VFP>
                    <VTotal Min="1" Max="8191">1</VTotal>
                    <PixelClk>0</PixelClk>
                    <HSP Min="78" Max="80">80</HSP>
                    <VSP Min="78" Max="80">80</VSP>
                    <AR Min="0" Max="1000">0</AR>
                    <Interlaced>80</Interlaced>
                    <VFType Min="0" Max="0">0</VFType>
                    <VFEnum Min="0" Max="4700">0</VFEnum>
                    <VFStdFrom Min="0" Max="4">0</VFStdFrom>
                    <VFStdNum>0</VFStdNum>
                  </VideoFormat>
                </EDIDOut>
              </HDMIOutput>
            </Out>
            <Out id="1">
              <Capacity LegalValues="1 2">1</Capacity>
              <DPOut id="0">
                <HdcpAuth Min="0" Max="1">0</HdcpAuth>
                <EDIDOut id="0">
                  <EDIDValid Min="0" Max="1">0</EDIDValid>
                  <SupportHdmi Min="0" Max="1">0</SupportHdmi>
                  <SupportRGB Min="0" Max="1">1</SupportRGB>
                  <SupportSMPTE Min="0" Max="1">1</SupportSMPTE>
                  <Support444 Min="0" Max="1">1</Support444>
                  <Support422 Min="0" Max="1">1</Support422>
                  <BitDepth48 Min="0" Max="1">1</BitDepth48>
                  <BitDepth36 Min="0" Max="1">1</BitDepth36>
                  <BitDepth30 Min="0" Max="1">1</BitDepth30>
                  <BitDepth LegalValues="0 1 2 3 4 5">1</BitDepth>
                  <MaxTmds Min="0" Max="255">0</MaxTmds>
                  <VideoFormat id="0">
                    <Name>Empty</Name>
                    <HFreq>0</HFreq>
                    <HSync Min="1" Max="1">1</HSync>
                    <HActive Min="0" Max="0">0</HActive>
                    <HFP Min="0" Max="0">0</HFP>
                    <HTotal Min="1" Max="8191">1</HTotal>
                    <VFreq Min="20" Max="75">20</VFreq>
                    <VSync Min="1" Max="1">1</VSync>
                    <VActive Min="0" Max="0">0</VActive>
                    <VFP Min="0" Max="0">0</VFP>
                    <VTotal Min="1" Max="8191">1</VTotal>
                    <PixelClk>0</PixelClk>
                    <HSP Min="78" Max="80">80</HSP>
                    <VSP Min="78" Max="80">80</VSP>
                    <AR Min="0" Max="1000">0</AR>
                    <Interlaced>80</Interlaced>
                    <VFType Min="0" Max="0">0</VFType>
                    <VFEnum Min="0" Max="4700">0</VFEnum>
                    <VFStdFrom Min="0" Max="4">0</VFStdFrom>
                    <VFStdNum>0</VFStdNum>
                  </VideoFormat>
                </EDIDOut>
              </DPOut>
              <DVIOut id="0">
                <HdcpAuth Min="0" Max="1">0</HdcpAuth>
                <EDIDOut id="0">
                  <EDIDValid Min="0" Max="1">0</EDIDValid>
                  <SupportHdmi Min="0" Max="1">0</SupportHdmi>
                  <SupportRGB Min="0" Max="1">1</SupportRGB>
                  <SupportSMPTE Min="0" Max="1">1</SupportSMPTE>
                  <Support444 Min="0" Max="1">1</Support444>
                  <Support422 Min="0" Max="1">1</Support422>
                  <BitDepth48 Min="0" Max="1">1</BitDepth48>
                  <BitDepth36 Min="0" Max="1">1</BitDepth36>
                  <BitDepth30 Min="0" Max="1">1</BitDepth30>
                  <BitDepth LegalValues="0 1 2 3 4 5">1</BitDepth>
                  <MaxTmds Min="0" Max="255">0</MaxTmds>
                  <VideoFormat id="0">
                    <Name>Empty</Name>
                    <HFreq>0</HFreq>
                    <HSync Min="1" Max="1">1</HSync>
                    <HActive Min="0" Max="0">0</HActive>
                    <HFP Min="0" Max="0">0</HFP>
                    <HTotal Min="1" Max="8191">1</HTotal>
                    <VFreq Min="20" Max="75">20</VFreq>
                    <VSync Min="1" Max="1">1</VSync>
                    <VActive Min="0" Max="0">0</VActive>
                    <VFP Min="0" Max="0">0</VFP>
                    <VTotal Min="1" Max="8191">1</VTotal>
                    <PixelClk>0</PixelClk>
                    <HSP Min="78" Max="80">80</HSP>
                    <VSP Min="78" Max="80">80</VSP>
                    <AR Min="0" Max="1000">0</AR>
                    <Interlaced>80</Interlaced>
                    <VFType Min="0" Max="0">0</VFType>
                    <VFEnum Min="0" Max="4700">0</VFEnum>
                    <VFStdFrom Min="0" Max="4">0</VFStdFrom>
                    <VFStdNum>0</VFStdNum>
                  </VideoFormat>
                </EDIDOut>
              </DVIOut>
              <SDIOut id="0">
                <Type3G LegalValues="0 1 2 3">2</Type3G>
              </SDIOut>
              <HDMIOutput id="0">
                <HdcpAuth Min="0" Max="1">0</HdcpAuth>
                <SinkType Min="0" Max="1">1</SinkType>
                <EDIDOut id="0">
                  <EDIDValid Min="0" Max="1">0</EDIDValid>
                  <SupportHdmi Min="0" Max="1">0</SupportHdmi>
                  <SupportRGB Min="0" Max="1">1</SupportRGB>
                  <SupportSMPTE Min="0" Max="1">1</SupportSMPTE>
                  <Support444 Min="0" Max="1">1</Support444>
                  <Support422 Min="0" Max="1">1</Support422>
                  <BitDepth48 Min="0" Max="1">1</BitDepth48>
                  <BitDepth36 Min="0" Max="1">1</BitDepth36>
                  <BitDepth30 Min="0" Max="1">1</BitDepth30>
                  <BitDepth LegalValues="0 1 2 3 4 5">1</BitDepth>
                  <MaxTmds Min="0" Max="255">0</MaxTmds>
                  <VideoFormat id="0">
                    <Name>Empty</Name>
                    <HFreq>0</HFreq>
                    <HSync Min="1" Max="1">1</HSync>
                    <HActive Min="0" Max="0">0</HActive>
                    <HFP Min="0" Max="0">0</HFP>
                    <HTotal Min="1" Max="8191">1</HTotal>
                    <VFreq Min="20" Max="75">20</VFreq>
                    <VSync Min="1" Max="1">1</VSync>
                    <VActive Min="0" Max="0">0</VActive>
                    <VFP Min="0" Max="0">0</VFP>
                    <VTotal Min="1" Max="8191">1</VTotal>
                    <PixelClk>0</PixelClk>
                    <HSP Min="78" Max="80">80</HSP>
                    <VSP Min="78" Max="80">80</VSP>
                    <AR Min="0" Max="1000">0</AR>
                    <Interlaced>80</Interlaced>
                    <VFType Min="0" Max="0">0</VFType>
                    <VFEnum Min="0" Max="4700">0</VFEnum>
                    <VFStdFrom Min="0" Max="4">0</VFStdFrom>
                    <VFStdNum>0</VFStdNum>
                  </VideoFormat>
                </EDIDOut>
              </HDMIOutput>
            </Out>
            <Out id="2">
              <Capacity LegalValues="0 1">1</Capacity>
              <DPOut id="0">
                <HdcpAuth Min="0" Max="1">0</HdcpAuth>
                <EDIDOut id="0">
                  <EDIDValid Min="0" Max="1">0</EDIDValid>
                  <SupportHdmi Min="0" Max="1">0</SupportHdmi>
                  <SupportRGB Min="0" Max="1">1</SupportRGB>
                  <SupportSMPTE Min="0" Max="1">1</SupportSMPTE>
                  <Support444 Min="0" Max="1">1</Support444>
                  <Support422 Min="0" Max="1">1</Support422>
                  <BitDepth48 Min="0" Max="1">1</BitDepth48>
                  <BitDepth36 Min="0" Max="1">1</BitDepth36>
                  <BitDepth30 Min="0" Max="1">1</BitDepth30>
                  <BitDepth LegalValues="0 1 2 3 4 5">1</BitDepth>
                  <MaxTmds Min="0" Max="255">0</MaxTmds>
                  <VideoFormat id="0">
                    <Name>Empty</Name>
                    <HFreq>0</HFreq>
                    <HSync Min="1" Max="1">1</HSync>
                    <HActive Min="0" Max="0">0</HActive>
                    <HFP Min="0" Max="0">0</HFP>
                    <HTotal Min="1" Max="8191">1</HTotal>
                    <VFreq Min="20" Max="75">20</VFreq>
                    <VSync Min="1" Max="1">1</VSync>
                    <VActive Min="0" Max="0">0</VActive>
                    <VFP Min="0" Max="0">0</VFP>
                    <VTotal Min="1" Max="8191">1</VTotal>
                    <PixelClk>0</PixelClk>
                    <HSP Min="78" Max="80">80</HSP>
                    <VSP Min="78" Max="80">80</VSP>
                    <AR Min="0" Max="1000">0</AR>
                    <Interlaced>80</Interlaced>
                    <VFType Min="0" Max="0">0</VFType>
                    <VFEnum Min="0" Max="4700">0</VFEnum>
                    <VFStdFrom Min="0" Max="4">0</VFStdFrom>
                    <VFStdNum>0</VFStdNum>
                  </VideoFormat>
                </EDIDOut>
              </DPOut>
              <DVIOut id="0">
                <HdcpAuth Min="0" Max="1">0</HdcpAuth>
                <EDIDOut id="0">
                  <EDIDValid Min="0" Max="1">0</EDIDValid>
                  <SupportHdmi Min="0" Max="1">0</SupportHdmi>
                  <SupportRGB Min="0" Max="1">1</SupportRGB>
                  <SupportSMPTE Min="0" Max="1">1</SupportSMPTE>
                  <Support444 Min="0" Max="1">1</Support444>
                  <Support422 Min="0" Max="1">1</Support422>
                  <BitDepth48 Min="0" Max="1">1</BitDepth48>
                  <BitDepth36 Min="0" Max="1">1</BitDepth36>
                  <BitDepth30 Min="0" Max="1">1</BitDepth30>
                  <BitDepth LegalValues="0 1 2 3 4 5">1</BitDepth>
                  <MaxTmds Min="0" Max="255">0</MaxTmds>
                  <VideoFormat id="0">
                    <Name>Empty</Name>
                    <HFreq>0</HFreq>
                    <HSync Min="1" Max="1">1</HSync>
                    <HActive Min="0" Max="0">0</HActive>
                    <HFP Min="0" Max="0">0</HFP>
                    <HTotal Min="1" Max="8191">1</HTotal>
                    <VFreq Min="20" Max="75">20</VFreq>
                    <VSync Min="1" Max="1">1</VSync>
                    <VActive Min="0" Max="0">0</VActive>
                    <VFP Min="0" Max="0">0</VFP>
                    <VTotal Min="1" Max="8191">1</VTotal>
                    <PixelClk>0</PixelClk>
                    <HSP Min="78" Max="80">80</HSP>
                    <VSP Min="78" Max="80">80</VSP>
                    <AR Min="0" Max="1000">0</AR>
                    <Interlaced>80</Interlaced>
                    <VFType Min="0" Max="0">0</VFType>
                    <VFEnum Min="0" Max="4700">0</VFEnum>
                    <VFStdFrom Min="0" Max="4">0</VFStdFrom>
                    <VFStdNum>0</VFStdNum>
                  </VideoFormat>
                </EDIDOut>
              </DVIOut>
              <SDIOut id="0">
                <Type3G LegalValues="0 1 2 3">2</Type3G>
              </SDIOut>
              <HDMIOutput id="0">
                <HdcpAuth Min="0" Max="1">0</HdcpAuth>
                <SinkType Min="0" Max="1">1</SinkType>
                <EDIDOut id="0">
                  <EDIDValid Min="0" Max="1">0</EDIDValid>
                  <SupportHdmi Min="0" Max="1">0</SupportHdmi>
                  <SupportRGB Min="0" Max="1">1</SupportRGB>
                  <SupportSMPTE Min="0" Max="1">1</SupportSMPTE>
                  <Support444 Min="0" Max="1">1</Support444>
                  <Support422 Min="0" Max="1">1</Support422>
                  <BitDepth48 Min="0" Max="1">1</BitDepth48>
                  <BitDepth36 Min="0" Max="1">1</BitDepth36>
                  <BitDepth30 Min="0" Max="1">1</BitDepth30>
                  <BitDepth LegalValues="0 1 2 3 4 5">1</BitDepth>
                  <MaxTmds Min="0" Max="255">0</MaxTmds>
                  <VideoFormat id="0">
                    <Name>Empty</Name>
                    <HFreq>0</HFreq>
                    <HSync Min="1" Max="1">1</HSync>
                    <HActive Min="0" Max="0">0</HActive>
                    <HFP Min="0" Max="0">0</HFP>
                    <HTotal Min="1" Max="8191">1</HTotal>
                    <VFreq Min="20" Max="75">20</VFreq>
                    <VSync Min="1" Max="1">1</VSync>
                    <VActive Min="0" Max="0">0</VActive>
                    <VFP Min="0" Max="0">0</VFP>
                    <VTotal Min="1" Max="8191">1</VTotal>
                    <PixelClk>0</PixelClk>
                    <HSP Min="78" Max="80">80</HSP>
                    <VSP Min="78" Max="80">80</VSP>
                    <AR Min="0" Max="1000">0</AR>
                    <Interlaced>80</Interlaced>
                    <VFType Min="0" Max="0">0</VFType>
                    <VFEnum Min="0" Max="4700">0</VFEnum>
                    <VFStdFrom Min="0" Max="4">0</VFStdFrom>
                    <VFStdNum>0</VFStdNum>
                  </VideoFormat>
                </EDIDOut>
              </HDMIOutput>
            </Out>
            <Out id="3">
              <Capacity LegalValues="0 1">1</Capacity>
              <DPOut id="0">
                <HdcpAuth Min="0" Max="1">0</HdcpAuth>
                <EDIDOut id="0">
                  <EDIDValid Min="0" Max="1">0</EDIDValid>
                  <SupportHdmi Min="0" Max="1">0</SupportHdmi>
                  <SupportRGB Min="0" Max="1">1</SupportRGB>
                  <SupportSMPTE Min="0" Max="1">1</SupportSMPTE>
                  <Support444 Min="0" Max="1">1</Support444>
                  <Support422 Min="0" Max="1">1</Support422>
                  <BitDepth48 Min="0" Max="1">1</BitDepth48>
                  <BitDepth36 Min="0" Max="1">1</BitDepth36>
                  <BitDepth30 Min="0" Max="1">1</BitDepth30>
                  <BitDepth LegalValues="0 1 2 3 4 5">1</BitDepth>
                  <MaxTmds Min="0" Max="255">0</MaxTmds>
                  <VideoFormat id="0">
                    <Name>Empty</Name>
                    <HFreq>0</HFreq>
                    <HSync Min="1" Max="1">1</HSync>
                    <HActive Min="0" Max="0">0</HActive>
                    <HFP Min="0" Max="0">0</HFP>
                    <HTotal Min="1" Max="8191">1</HTotal>
                    <VFreq Min="20" Max="75">20</VFreq>
                    <VSync Min="1" Max="1">1</VSync>
                    <VActive Min="0" Max="0">0</VActive>
                    <VFP Min="0" Max="0">0</VFP>
                    <VTotal Min="1" Max="8191">1</VTotal>
                    <PixelClk>0</PixelClk>
                    <HSP Min="78" Max="80">80</HSP>
                    <VSP Min="78" Max="80">80</VSP>
                    <AR Min="0" Max="1000">0</AR>
                    <Interlaced>80</Interlaced>
                    <VFType Min="0" Max="0">0</VFType>
                    <VFEnum Min="0" Max="4700">0</VFEnum>
                    <VFStdFrom Min="0" Max="4">0</VFStdFrom>
                    <VFStdNum>0</VFStdNum>
                  </VideoFormat>
                </EDIDOut>
              </DPOut>
              <DVIOut id="0">
                <HdcpAuth Min="0" Max="1">0</HdcpAuth>
                <EDIDOut id="0">
                  <EDIDValid Min="0" Max="1">0</EDIDValid>
                  <SupportHdmi Min="0" Max="1">0</SupportHdmi>
                  <SupportRGB Min="0" Max="1">1</SupportRGB>
                  <SupportSMPTE Min="0" Max="1">1</SupportSMPTE>
                  <Support444 Min="0" Max="1">1</Support444>
                  <Support422 Min="0" Max="1">1</Support422>
                  <BitDepth48 Min="0" Max="1">1</BitDepth48>
                  <BitDepth36 Min="0" Max="1">1</BitDepth36>
                  <BitDepth30 Min="0" Max="1">1</BitDepth30>
                  <BitDepth LegalValues="0 1 2 3 4 5">1</BitDepth>
                  <MaxTmds Min="0" Max="255">0</MaxTmds>
                  <VideoFormat id="0">
                    <Name>Empty</Name>
                    <HFreq>0</HFreq>
                    <HSync Min="1" Max="1">1</HSync>
                    <HActive Min="0" Max="0">0</HActive>
                    <HFP Min="0" Max="0">0</HFP>
                    <HTotal Min="1" Max="8191">1</HTotal>
                    <VFreq Min="20" Max="75">20</VFreq>
                    <VSync Min="1" Max="1">1</VSync>
                    <VActive Min="0" Max="0">0</VActive>
                    <VFP Min="0" Max="0">0</VFP>
                    <VTotal Min="1" Max="8191">1</VTotal>
                    <PixelClk>0</PixelClk>
                    <HSP Min="78" Max="80">80</HSP>
                    <VSP Min="78" Max="80">80</VSP>
                    <AR Min="0" Max="1000">0</AR>
                    <Interlaced>80</Interlaced>
                    <VFType Min="0" Max="0">0</VFType>
                    <VFEnum Min="0" Max="4700">0</VFEnum>
                    <VFStdFrom Min="0" Max="4">0</VFStdFrom>
                    <VFStdNum>0</VFStdNum>
                  </VideoFormat>
                </EDIDOut>
              </DVIOut>
              <SDIOut id="0">
                <Type3G LegalValues="0 1 2 3">2</Type3G>
              </SDIOut>
              <HDMIOutput id="0">
                <HdcpAuth Min="0" Max="1">0</HdcpAuth>
                <SinkType Min="0" Max="1">1</SinkType>
                <EDIDOut id="0">
                  <EDIDValid Min="0" Max="1">0</EDIDValid>
                  <SupportHdmi Min="0" Max="1">0</SupportHdmi>
                  <SupportRGB Min="0" Max="1">1</SupportRGB>
                  <SupportSMPTE Min="0" Max="1">1</SupportSMPTE>
                  <Support444 Min="0" Max="1">1</Support444>
                  <Support422 Min="0" Max="1">1</Support422>
                  <BitDepth48 Min="0" Max="1">1</BitDepth48>
                  <BitDepth36 Min="0" Max="1">1</BitDepth36>
                  <BitDepth30 Min="0" Max="1">1</BitDepth30>
                  <BitDepth LegalValues="0 1 2 3 4 5">1</BitDepth>
                  <MaxTmds Min="0" Max="255">0</MaxTmds>
                  <VideoFormat id="0">
                    <Name>Empty</Name>
                    <HFreq>0</HFreq>
                    <HSync Min="1" Max="1">1</HSync>
                    <HActive Min="0" Max="0">0</HActive>
                    <HFP Min="0" Max="0">0</HFP>
                    <HTotal Min="1" Max="8191">1</HTotal>
                    <VFreq Min="20" Max="75">20</VFreq>
                    <VSync Min="1" Max="1">1</VSync>
                    <VActive Min="0" Max="0">0</VActive>
                    <VFP Min="0" Max="0">0</VFP>
                    <VTotal Min="1" Max="8191">1</VTotal>
                    <PixelClk>0</PixelClk>
                    <HSP Min="78" Max="80">80</HSP>
                    <VSP Min="78" Max="80">80</VSP>
                    <AR Min="0" Max="1000">0</AR>
                    <Interlaced>80</Interlaced>
                    <VFType Min="0" Max="0">0</VFType>
                    <VFEnum Min="0" Max="4700">0</VFEnum>
                    <VFStdFrom Min="0" Max="4">0</VFStdFrom>
                    <VFStdNum>0</VFStdNum>
                  </VideoFormat>
                </EDIDOut>
              </HDMIOutput>
            </Out>
          </CardOut>
        </Card>
      </Slot>
      <Slot id="9">
        <Card id="0">
          <CardStatus Min="0" Max="4">0</CardStatus>
          <CardType Min="0" Max="255">255</CardType>
          <CardID/>
          <SlotIndex Min="-1" Max="23">9</SlotIndex>
          <CardIn id="0">
            <NumOfChan Min="0" Max="4">4</NumOfChan>
            <CapacityStatus Min="0" Max="1">0</CapacityStatus>
            <In id="0">
              <AutoAcqMode Min="0" Max="1">1</AutoAcqMode>
              <Capacity LegalValues="0 1 2 4">0</Capacity>
              <ColorSpace LegalValues="-1 0 1">0</ColorSpace>
              <ColorRange LegalValues="0 1">0</ColorRange>
              <Sync Min="0" Max="2">0</Sync>
              <DPIn id="0">
                <Hdcp id="0">
                  <Mode Min="0" Max="1">0</Mode>
                  <HdcpAuth Min="0" Max="1">0</HdcpAuth>
                </Hdcp>
                <EDIDIn id="0">
                  <BitDepth LegalValues="1 2 3">2</BitDepth>
                  <EdidStatus Min="0" Max="4">0</EdidStatus>
                  <VideoFormat id="0">
                    <Name>1920x1080p @59.94</Name>
                    <HFreq>67433</HFreq>
                    <HSync Min="1" Max="192">88</HSync>
                    <HActive Min="0" Max="2024">1920</HActive>
                    <HFP Min="0" Max="192">88</HFP>
                    <HTotal Min="2096" Max="8191">2200</HTotal>
                    <VFreq Min="20" Max="75">59.9401</VFreq>
                    <VSync Min="1" Max="41">5</VSync>
                    <VActive Min="0" Max="1116">1080</VActive>
                    <VFP Min="0" Max="40">4</VFP>
                    <VTotal Min="1089" Max="8191">1125</VTotal>
                    <PixelClk>148.352</PixelClk>
                    <HSP Min="78" Max="80">80</HSP>
                    <VSP Min="78" Max="80">80</VSP>
                    <AR Min="0" Max="1000">1.77778</AR>
                    <Interlaced>80</Interlaced>
                    <VFType Min="0" Max="0">8</VFType>
                    <VFEnum Min="0" Max="4700">2708</VFEnum>
                    <VFStdFrom Min="0" Max="4">4</VFStdFrom>
                    <VFStdNum>16</VFStdNum>
                  </VideoFormat>
                </EDIDIn>
              </DPIn>
              <DVIIn id="0">
                <Hdcp id="0">
                  <Mode Min="0" Max="1">0</Mode>
                  <HdcpAuth Min="0" Max="1">0</HdcpAuth>
                </Hdcp>
                <EDIDIn id="0">
                  <BitDepth LegalValues="1">1</BitDepth>
                  <EdidStatus Min="0" Max="4">0</EdidStatus>
                  <VideoFormat id="0">
                    <Name>1920x1080p @59.94</Name>
                    <HFreq>67433</HFreq>
                    <HSync Min="1" Max="192">88</HSync>
                    <HActive Min="0" Max="2024">1920</HActive>
                    <HFP Min="0" Max="192">88</HFP>
                    <HTotal Min="2096" Max="8191">2200</HTotal>
                    <VFreq Min="20" Max="75">59.9401</VFreq>
                    <VSync Min="1" Max="41">5</VSync>
                    <VActive Min="0" Max="1116">1080</VActive>
                    <VFP Min="0" Max="40">4</VFP>
                    <VTotal Min="1089" Max="8191">1125</VTotal>
                    <PixelClk>148.352</PixelClk>
                    <HSP Min="78" Max="80">80</HSP>
                    <VSP Min="78" Max="80">80</VSP>
                    <AR Min="0" Max="1000">1.77778</AR>
                    <Interlaced>80</Interlaced>
                    <VFType Min="0" Max="0">8</VFType>
                    <VFEnum Min="0" Max="4700">2708</VFEnum>
                    <VFStdFrom Min="0" Max="4">4</VFStdFrom>
                    <VFStdNum>16</VFStdNum>
                  </VideoFormat>
                </EDIDIn>
              </DVIIn>
              <SDIIn id="0">
                <Type3G LegalValues="0 1 2 3">2</Type3G>
              </SDIIn>
              <HDMIIn id="0">
                <Hdcp id="0">
                  <Mode Min="0" Max="1">0</Mode>
                  <HdcpAuth Min="0" Max="1">0</HdcpAuth>
                </Hdcp>
                <EDIDIn id="0">
                  <BitDepth LegalValues="1 2 3">3</BitDepth>
                  <EdidStatus Min="0" Max="4">0</EdidStatus>
                  <VideoFormat id="0">
                    <Name>1920x1080p @59.94</Name>
                    <HFreq>67433</HFreq>
                    <HSync Min="1" Max="192">88</HSync>
                    <HActive Min="0" Max="2024">1920</HActive>
                    <HFP Min="0" Max="192">88</HFP>
                    <HTotal Min="2096" Max="8191">2200</HTotal>
                    <VFreq Min="20" Max="75">59.9401</VFreq>
                    <VSync Min="1" Max="41">5</VSync>
                    <VActive Min="0" Max="1116">1080</VActive>
                    <VFP Min="0" Max="40">4</VFP>
                    <VTotal Min="1089" Max="8191">1125</VTotal>
                    <PixelClk>148.352</PixelClk>
                    <HSP Min="78" Max="80">80</HSP>
                    <VSP Min="78" Max="80">80</VSP>
                    <AR Min="0" Max="1000">1.77778</AR>
                    <Interlaced>80</Interlaced>
                    <VFType Min="0" Max="0">8</VFType>
                    <VFEnum Min="0" Max="4700">2708</VFEnum>
                    <VFStdFrom Min="0" Max="4">4</VFStdFrom>
                    <VFStdNum>16</VFStdNum>
                  </VideoFormat>
                </EDIDIn>
              </HDMIIn>
              <VideoFormat id="0">
                <Name>Empty</Name>
                <HFreq>0</HFreq>
                <HSync Min="1" Max="1">1</HSync>
                <HActive Min="0" Max="0">0</HActive>
                <HFP Min="0" Max="0">0</HFP>
                <HTotal Min="1" Max="8191">1</HTotal>
                <VFreq Min="20" Max="75">20</VFreq>
                <VSync Min="1" Max="1">1</VSync>
                <VActive Min="0" Max="0">0</VActive>
                <VFP Min="0" Max="0">0</VFP>
                <VTotal Min="1" Max="8191">1</VTotal>
                <PixelClk>0</PixelClk>
                <HSP Min="78" Max="80">80</HSP>
                <VSP Min="78" Max="80">80</VSP>
                <AR Min="0" Max="1000">0</AR>
                <Interlaced>80</Interlaced>
                <VFType Min="0" Max="0">0</VFType>
                <VFEnum Min="0" Max="4700">0</VFEnum>
                <VFStdFrom Min="0" Max="4">0</VFStdFrom>
                <VFStdNum>0</VFStdNum>
              </VideoFormat>
            </In>
            <In id="1">
              <AutoAcqMode Min="0" Max="1">1</AutoAcqMode>
              <Capacity LegalValues="0 1 2 4">0</Capacity>
              <ColorSpace LegalValues="-1 0 1">0</ColorSpace>
              <ColorRange LegalValues="0 1">0</ColorRange>
              <Sync Min="0" Max="2">0</Sync>
              <DPIn id="0">
                <Hdcp id="0">
                  <Mode Min="0" Max="1">0</Mode>
                  <HdcpAuth Min="0" Max="1">0</HdcpAuth>
                </Hdcp>
                <EDIDIn id="0">
                  <BitDepth LegalValues="1 2 3">2</BitDepth>
                  <EdidStatus Min="0" Max="4">0</EdidStatus>
                  <VideoFormat id="0">
                    <Name>1920x1080p @59.94</Name>
                    <HFreq>67433</HFreq>
                    <HSync Min="1" Max="192">88</HSync>
                    <HActive Min="0" Max="2024">1920</HActive>
                    <HFP Min="0" Max="192">88</HFP>
                    <HTotal Min="2096" Max="8191">2200</HTotal>
                    <VFreq Min="20" Max="75">59.9401</VFreq>
                    <VSync Min="1" Max="41">5</VSync>
                    <VActive Min="0" Max="1116">1080</VActive>
                    <VFP Min="0" Max="40">4</VFP>
                    <VTotal Min="1089" Max="8191">1125</VTotal>
                    <PixelClk>148.352</PixelClk>
                    <HSP Min="78" Max="80">80</HSP>
                    <VSP Min="78" Max="80">80</VSP>
                    <AR Min="0" Max="1000">1.77778</AR>
                    <Interlaced>80</Interlaced>
                    <VFType Min="0" Max="0">8</VFType>
                    <VFEnum Min="0" Max="4700">2708</VFEnum>
                    <VFStdFrom Min="0" Max="4">4</VFStdFrom>
                    <VFStdNum>16</VFStdNum>
                  </VideoFormat>
                </EDIDIn>
              </DPIn>
              <DVIIn id="0">
                <Hdcp id="0">
                  <Mode Min="0" Max="1">0</Mode>
                  <HdcpAuth Min="0" Max="1">0</HdcpAuth>
                </Hdcp>
                <EDIDIn id="0">
                  <BitDepth LegalValues="1">1</BitDepth>
                  <EdidStatus Min="0" Max="4">0</EdidStatus>
                  <VideoFormat id="0">
                    <Name>1920x1080p @59.94</Name>
                    <HFreq>67433</HFreq>
                    <HSync Min="1" Max="192">88</HSync>
                    <HActive Min="0" Max="2024">1920</HActive>
                    <HFP Min="0" Max="192">88</HFP>
                    <HTotal Min="2096" Max="8191">2200</HTotal>
                    <VFreq Min="20" Max="75">59.9401</VFreq>
                    <VSync Min="1" Max="41">5</VSync>
                    <VActive Min="0" Max="1116">1080</VActive>
                    <VFP Min="0" Max="40">4</VFP>
                    <VTotal Min="1089" Max="8191">1125</VTotal>
                    <PixelClk>148.352</PixelClk>
                    <HSP Min="78" Max="80">80</HSP>
                    <VSP Min="78" Max="80">80</VSP>
                    <AR Min="0" Max="1000">1.77778</AR>
                    <Interlaced>80</Interlaced>
                    <VFType Min="0" Max="0">8</VFType>
                    <VFEnum Min="0" Max="4700">2708</VFEnum>
                    <VFStdFrom Min="0" Max="4">4</VFStdFrom>
                    <VFStdNum>16</VFStdNum>
                  </VideoFormat>
                </EDIDIn>
              </DVIIn>
              <SDIIn id="0">
                <Type3G LegalValues="0 1 2 3">2</Type3G>
              </SDIIn>
              <HDMIIn id="0">
                <Hdcp id="0">
                  <Mode Min="0" Max="1">0</Mode>
                  <HdcpAuth Min="0" Max="1">0</HdcpAuth>
                </Hdcp>
                <EDIDIn id="0">
                  <BitDepth LegalValues="1 2 3">3</BitDepth>
                  <EdidStatus Min="0" Max="4">0</EdidStatus>
                  <VideoFormat id="0">
                    <Name>1920x1080p @59.94</Name>
                    <HFreq>67433</HFreq>
                    <HSync Min="1" Max="192">88</HSync>
                    <HActive Min="0" Max="2024">1920</HActive>
                    <HFP Min="0" Max="192">88</HFP>
                    <HTotal Min="2096" Max="8191">2200</HTotal>
                    <VFreq Min="20" Max="75">59.9401</VFreq>
                    <VSync Min="1" Max="41">5</VSync>
                    <VActive Min="0" Max="1116">1080</VActive>
                    <VFP Min="0" Max="40">4</VFP>
                    <VTotal Min="1089" Max="8191">1125</VTotal>
                    <PixelClk>148.352</PixelClk>
                    <HSP Min="78" Max="80">80</HSP>
                    <VSP Min="78" Max="80">80</VSP>
                    <AR Min="0" Max="1000">1.77778</AR>
                    <Interlaced>80</Interlaced>
                    <VFType Min="0" Max="0">8</VFType>
                    <VFEnum Min="0" Max="4700">2708</VFEnum>
                    <VFStdFrom Min="0" Max="4">4</VFStdFrom>
                    <VFStdNum>16</VFStdNum>
                  </VideoFormat>
                </EDIDIn>
              </HDMIIn>
              <VideoFormat id="0">
                <Name>Empty</Name>
                <HFreq>0</HFreq>
                <HSync Min="1" Max="1">1</HSync>
                <HActive Min="0" Max="0">0</HActive>
                <HFP Min="0" Max="0">0</HFP>
                <HTotal Min="1" Max="8191">1</HTotal>
                <VFreq Min="20" Max="75">20</VFreq>
                <VSync Min="1" Max="1">1</VSync>
                <VActive Min="0" Max="0">0</VActive>
                <VFP Min="0" Max="0">0</VFP>
                <VTotal Min="1" Max="8191">1</VTotal>
                <PixelClk>0</PixelClk>
                <HSP Min="78" Max="80">80</HSP>
                <VSP Min="78" Max="80">80</VSP>
                <AR Min="0" Max="1000">0</AR>
                <Interlaced>80</Interlaced>
                <VFType Min="0" Max="0">0</VFType>
                <VFEnum Min="0" Max="4700">0</VFEnum>
                <VFStdFrom Min="0" Max="4">0</VFStdFrom>
                <VFStdNum>0</VFStdNum>
              </VideoFormat>
            </In>
            <In id="2">
              <AutoAcqMode Min="0" Max="1">1</AutoAcqMode>
              <Capacity LegalValues="0 1 2 4">0</Capacity>
              <ColorSpace LegalValues="-1 0 1">0</ColorSpace>
              <ColorRange LegalValues="0 1">0</ColorRange>
              <Sync Min="0" Max="2">0</Sync>
              <DPIn id="0">
                <Hdcp id="0">
                  <Mode Min="0" Max="1">0</Mode>
                  <HdcpAuth Min="0" Max="1">0</HdcpAuth>
                </Hdcp>
                <EDIDIn id="0">
                  <BitDepth LegalValues="1 2 3">2</BitDepth>
                  <EdidStatus Min="0" Max="4">0</EdidStatus>
                  <VideoFormat id="0">
                    <Name>1920x1080p @59.94</Name>
                    <HFreq>67433</HFreq>
                    <HSync Min="1" Max="192">88</HSync>
                    <HActive Min="0" Max="2024">1920</HActive>
                    <HFP Min="0" Max="192">88</HFP>
                    <HTotal Min="2096" Max="8191">2200</HTotal>
                    <VFreq Min="20" Max="75">59.9401</VFreq>
                    <VSync Min="1" Max="41">5</VSync>
                    <VActive Min="0" Max="1116">1080</VActive>
                    <VFP Min="0" Max="40">4</VFP>
                    <VTotal Min="1089" Max="8191">1125</VTotal>
                    <PixelClk>148.352</PixelClk>
                    <HSP Min="78" Max="80">80</HSP>
                    <VSP Min="78" Max="80">80</VSP>
                    <AR Min="0" Max="1000">1.77778</AR>
                    <Interlaced>80</Interlaced>
                    <VFType Min="0" Max="0">8</VFType>
                    <VFEnum Min="0" Max="4700">2708</VFEnum>
                    <VFStdFrom Min="0" Max="4">4</VFStdFrom>
                    <VFStdNum>16</VFStdNum>
                  </VideoFormat>
                </EDIDIn>
              </DPIn>
              <DVIIn id="0">
                <Hdcp id="0">
                  <Mode Min="0" Max="1">0</Mode>
                  <HdcpAuth Min="0" Max="1">0</HdcpAuth>
                </Hdcp>
                <EDIDIn id="0">
                  <BitDepth LegalValues="1">1</BitDepth>
                  <EdidStatus Min="0" Max="4">0</EdidStatus>
                  <VideoFormat id="0">
                    <Name>1920x1080p @59.94</Name>
                    <HFreq>67433</HFreq>
                    <HSync Min="1" Max="192">88</HSync>
                    <HActive Min="0" Max="2024">1920</HActive>
                    <HFP Min="0" Max="192">88</HFP>
                    <HTotal Min="2096" Max="8191">2200</HTotal>
                    <VFreq Min="20" Max="75">59.9401</VFreq>
                    <VSync Min="1" Max="41">5</VSync>
                    <VActive Min="0" Max="1116">1080</VActive>
                    <VFP Min="0" Max="40">4</VFP>
                    <VTotal Min="1089" Max="8191">1125</VTotal>
                    <PixelClk>148.352</PixelClk>
                    <HSP Min="78" Max="80">80</HSP>
                    <VSP Min="78" Max="80">80</VSP>
                    <AR Min="0" Max="1000">1.77778</AR>
                    <Interlaced>80</Interlaced>
                    <VFType Min="0" Max="0">8</VFType>
                    <VFEnum Min="0" Max="4700">2708</VFEnum>
                    <VFStdFrom Min="0" Max="4">4</VFStdFrom>
                    <VFStdNum>16</VFStdNum>
                  </VideoFormat>
                </EDIDIn>
              </DVIIn>
              <SDIIn id="0">
                <Type3G LegalValues="0 1 2 3">2</Type3G>
              </SDIIn>
              <HDMIIn id="0">
                <Hdcp id="0">
                  <Mode Min="0" Max="1">0</Mode>
                  <HdcpAuth Min="0" Max="1">0</HdcpAuth>
                </Hdcp>
                <EDIDIn id="0">
                  <BitDepth LegalValues="1 2 3">3</BitDepth>
                  <EdidStatus Min="0" Max="4">0</EdidStatus>
                  <VideoFormat id="0">
                    <Name>1920x1080p @59.94</Name>
                    <HFreq>67433</HFreq>
                    <HSync Min="1" Max="192">88</HSync>
                    <HActive Min="0" Max="2024">1920</HActive>
                    <HFP Min="0" Max="192">88</HFP>
                    <HTotal Min="2096" Max="8191">2200</HTotal>
                    <VFreq Min="20" Max="75">59.9401</VFreq>
                    <VSync Min="1" Max="41">5</VSync>
                    <VActive Min="0" Max="1116">1080</VActive>
                    <VFP Min="0" Max="40">4</VFP>
                    <VTotal Min="1089" Max="8191">1125</VTotal>
                    <PixelClk>148.352</PixelClk>
                    <HSP Min="78" Max="80">80</HSP>
                    <VSP Min="78" Max="80">80</VSP>
                    <AR Min="0" Max="1000">1.77778</AR>
                    <Interlaced>80</Interlaced>
                    <VFType Min="0" Max="0">8</VFType>
                    <VFEnum Min="0" Max="4700">2708</VFEnum>
                    <VFStdFrom Min="0" Max="4">4</VFStdFrom>
                    <VFStdNum>16</VFStdNum>
                  </VideoFormat>
                </EDIDIn>
              </HDMIIn>
              <VideoFormat id="0">
                <Name>Empty</Name>
                <HFreq>0</HFreq>
                <HSync Min="1" Max="1">1</HSync>
                <HActive Min="0" Max="0">0</HActive>
                <HFP Min="0" Max="0">0</HFP>
                <HTotal Min="1" Max="8191">1</HTotal>
                <VFreq Min="20" Max="75">20</VFreq>
                <VSync Min="1" Max="1">1</VSync>
                <VActive Min="0" Max="0">0</VActive>
                <VFP Min="0" Max="0">0</VFP>
                <VTotal Min="1" Max="8191">1</VTotal>
                <PixelClk>0</PixelClk>
                <HSP Min="78" Max="80">80</HSP>
                <VSP Min="78" Max="80">80</VSP>
                <AR Min="0" Max="1000">0</AR>
                <Interlaced>80</Interlaced>
                <VFType Min="0" Max="0">0</VFType>
                <VFEnum Min="0" Max="4700">0</VFEnum>
                <VFStdFrom Min="0" Max="4">0</VFStdFrom>
                <VFStdNum>0</VFStdNum>
              </VideoFormat>
            </In>
            <In id="3">
              <AutoAcqMode Min="0" Max="1">1</AutoAcqMode>
              <Capacity LegalValues="0 1 2 4">0</Capacity>
              <ColorSpace LegalValues="-1 0 1">0</ColorSpace>
              <ColorRange LegalValues="0 1">0</ColorRange>
              <Sync Min="0" Max="2">0</Sync>
              <DPIn id="0">
                <Hdcp id="0">
                  <Mode Min="0" Max="1">0</Mode>
                  <HdcpAuth Min="0" Max="1">0</HdcpAuth>
                </Hdcp>
                <EDIDIn id="0">
                  <BitDepth LegalValues="1 2 3">2</BitDepth>
                  <EdidStatus Min="0" Max="4">0</EdidStatus>
                  <VideoFormat id="0">
                    <Name>1920x1080p @59.94</Name>
                    <HFreq>67433</HFreq>
                    <HSync Min="1" Max="192">88</HSync>
                    <HActive Min="0" Max="2024">1920</HActive>
                    <HFP Min="0" Max="192">88</HFP>
                    <HTotal Min="2096" Max="8191">2200</HTotal>
                    <VFreq Min="20" Max="75">59.9401</VFreq>
                    <VSync Min="1" Max="41">5</VSync>
                    <VActive Min="0" Max="1116">1080</VActive>
                    <VFP Min="0" Max="40">4</VFP>
                    <VTotal Min="1089" Max="8191">1125</VTotal>
                    <PixelClk>148.352</PixelClk>
                    <HSP Min="78" Max="80">80</HSP>
                    <VSP Min="78" Max="80">80</VSP>
                    <AR Min="0" Max="1000">1.77778</AR>
                    <Interlaced>80</Interlaced>
                    <VFType Min="0" Max="0">8</VFType>
                    <VFEnum Min="0" Max="4700">2708</VFEnum>
                    <VFStdFrom Min="0" Max="4">4</VFStdFrom>
                    <VFStdNum>16</VFStdNum>
                  </VideoFormat>
                </EDIDIn>
              </DPIn>
              <DVIIn id="0">
                <Hdcp id="0">
                  <Mode Min="0" Max="1">0</Mode>
                  <HdcpAuth Min="0" Max="1">0</HdcpAuth>
                </Hdcp>
                <EDIDIn id="0">
                  <BitDepth LegalValues="1">1</BitDepth>
                  <EdidStatus Min="0" Max="4">0</EdidStatus>
                  <VideoFormat id="0">
                    <Name>1920x1080p @59.94</Name>
                    <HFreq>67433</HFreq>
                    <HSync Min="1" Max="192">88</HSync>
                    <HActive Min="0" Max="2024">1920</HActive>
                    <HFP Min="0" Max="192">88</HFP>
                    <HTotal Min="2096" Max="8191">2200</HTotal>
                    <VFreq Min="20" Max="75">59.9401</VFreq>
                    <VSync Min="1" Max="41">5</VSync>
                    <VActive Min="0" Max="1116">1080</VActive>
                    <VFP Min="0" Max="40">4</VFP>
                    <VTotal Min="1089" Max="8191">1125</VTotal>
                    <PixelClk>148.352</PixelClk>
                    <HSP Min="78" Max="80">80</HSP>
                    <VSP Min="78" Max="80">80</VSP>
                    <AR Min="0" Max="1000">1.77778</AR>
                    <Interlaced>80</Interlaced>
                    <VFType Min="0" Max="0">8</VFType>
                    <VFEnum Min="0" Max="4700">2708</VFEnum>
                    <VFStdFrom Min="0" Max="4">4</VFStdFrom>
                    <VFStdNum>16</VFStdNum>
                  </VideoFormat>
                </EDIDIn>
              </DVIIn>
              <SDIIn id="0">
                <Type3G LegalValues="0 1 2 3">2</Type3G>
              </SDIIn>
              <HDMIIn id="0">
                <Hdcp id="0">
                  <Mode Min="0" Max="1">0</Mode>
                  <HdcpAuth Min="0" Max="1">0</HdcpAuth>
                </Hdcp>
                <EDIDIn id="0">
                  <BitDepth LegalValues="1 2 3">3</BitDepth>
                  <EdidStatus Min="0" Max="4">0</EdidStatus>
                  <VideoFormat id="0">
                    <Name>1920x1080p @59.94</Name>
                    <HFreq>67433</HFreq>
                    <HSync Min="1" Max="192">88</HSync>
                    <HActive Min="0" Max="2024">1920</HActive>
                    <HFP Min="0" Max="192">88</HFP>
                    <HTotal Min="2096" Max="8191">2200</HTotal>
                    <VFreq Min="20" Max="75">59.9401</VFreq>
                    <VSync Min="1" Max="41">5</VSync>
                    <VActive Min="0" Max="1116">1080</VActive>
                    <VFP Min="0" Max="40">4</VFP>
                    <VTotal Min="1089" Max="8191">1125</VTotal>
                    <PixelClk>148.352</PixelClk>
                    <HSP Min="78" Max="80">80</HSP>
                    <VSP Min="78" Max="80">80</VSP>
                    <AR Min="0" Max="1000">1.77778</AR>
                    <Interlaced>80</Interlaced>
                    <VFType Min="0" Max="0">8</VFType>
                    <VFEnum Min="0" Max="4700">2708</VFEnum>
                    <VFStdFrom Min="0" Max="4">4</VFStdFrom>
                    <VFStdNum>16</VFStdNum>
                  </VideoFormat>
                </EDIDIn>
              </HDMIIn>
              <VideoFormat id="0">
                <Name>Empty</Name>
                <HFreq>0</HFreq>
                <HSync Min="1" Max="1">1</HSync>
                <HActive Min="0" Max="0">0</HActive>
                <HFP Min="0" Max="0">0</HFP>
                <HTotal Min="1" Max="8191">1</HTotal>
                <VFreq Min="20" Max="75">20</VFreq>
                <VSync Min="1" Max="1">1</VSync>
                <VActive Min="0" Max="0">0</VActive>
                <VFP Min="0" Max="0">0</VFP>
                <VTotal Min="1" Max="8191">1</VTotal>
                <PixelClk>0</PixelClk>
                <HSP Min="78" Max="80">80</HSP>
                <VSP Min="78" Max="80">80</VSP>
                <AR Min="0" Max="1000">0</AR>
                <Interlaced>80</Interlaced>
                <VFType Min="0" Max="0">0</VFType>
                <VFEnum Min="0" Max="4700">0</VFEnum>
                <VFStdFrom Min="0" Max="4">0</VFStdFrom>
                <VFStdNum>0</VFStdNum>
              </VideoFormat>
            </In>
          </CardIn>
          <CardExp id="0">
            <LinkConnector id="0">
              <Mode Min="0" Max="1">0</Mode>
              <IP>192.168.000.201</IP>
              <MacAddress>aa:aa:aa:aa:aa:aa</MacAddress>
              <Connected Min="0" Max="1">0</Connected>
              <ConnectorIndex Min="-1" Max="3">-1</ConnectorIndex>
              <SlotIndex Min="-1" Max="22">-1</SlotIndex>
            </LinkConnector>
            <LinkConnector id="1">
              <Mode Min="0" Max="1">0</Mode>
              <IP>192.168.000.201</IP>
              <MacAddress>aa:aa:aa:aa:aa:aa</MacAddress>
              <Connected Min="0" Max="1">0</Connected>
              <ConnectorIndex Min="-1" Max="3">-1</ConnectorIndex>
              <SlotIndex Min="-1" Max="22">-1</SlotIndex>
            </LinkConnector>
          </CardExp>
          <CardOut id="0">
            <NumOfChan Min="0" Max="4">4</NumOfChan>
            <CapacityStatus Min="0" Max="1">0</CapacityStatus>
            <Out id="0">
              <Capacity LegalValues="0 1 2 4">1</Capacity>
              <DPOut id="0">
                <HdcpAuth Min="0" Max="1">0</HdcpAuth>
                <EDIDOut id="0">
                  <EDIDValid Min="0" Max="1">0</EDIDValid>
                  <SupportHdmi Min="0" Max="1">0</SupportHdmi>
                  <SupportRGB Min="0" Max="1">1</SupportRGB>
                  <SupportSMPTE Min="0" Max="1">1</SupportSMPTE>
                  <Support444 Min="0" Max="1">1</Support444>
                  <Support422 Min="0" Max="1">1</Support422>
                  <BitDepth48 Min="0" Max="1">1</BitDepth48>
                  <BitDepth36 Min="0" Max="1">1</BitDepth36>
                  <BitDepth30 Min="0" Max="1">1</BitDepth30>
                  <BitDepth LegalValues="0 1 2 3 4 5">1</BitDepth>
                  <MaxTmds Min="0" Max="255">0</MaxTmds>
                  <VideoFormat id="0">
                    <Name>Empty</Name>
                    <HFreq>0</HFreq>
                    <HSync Min="1" Max="1">1</HSync>
                    <HActive Min="0" Max="0">0</HActive>
                    <HFP Min="0" Max="0">0</HFP>
                    <HTotal Min="1" Max="8191">1</HTotal>
                    <VFreq Min="20" Max="75">20</VFreq>
                    <VSync Min="1" Max="1">1</VSync>
                    <VActive Min="0" Max="0">0</VActive>
                    <VFP Min="0" Max="0">0</VFP>
                    <VTotal Min="1" Max="8191">1</VTotal>
                    <PixelClk>0</PixelClk>
                    <HSP Min="78" Max="80">80</HSP>
                    <VSP Min="78" Max="80">80</VSP>
                    <AR Min="0" Max="1000">0</AR>
                    <Interlaced>80</Interlaced>
                    <VFType Min="0" Max="0">0</VFType>
                    <VFEnum Min="0" Max="4700">0</VFEnum>
                    <VFStdFrom Min="0" Max="4">0</VFStdFrom>
                    <VFStdNum>0</VFStdNum>
                  </VideoFormat>
                </EDIDOut>
              </DPOut>
              <DVIOut id="0">
                <HdcpAuth Min="0" Max="1">0</HdcpAuth>
                <EDIDOut id="0">
                  <EDIDValid Min="0" Max="1">0</EDIDValid>
                  <SupportHdmi Min="0" Max="1">0</SupportHdmi>
                  <SupportRGB Min="0" Max="1">1</SupportRGB>
                  <SupportSMPTE Min="0" Max="1">1</SupportSMPTE>
                  <Support444 Min="0" Max="1">1</Support444>
                  <Support422 Min="0" Max="1">1</Support422>
                  <BitDepth48 Min="0" Max="1">1</BitDepth48>
                  <BitDepth36 Min="0" Max="1">1</BitDepth36>
                  <BitDepth30 Min="0" Max="1">1</BitDepth30>
                  <BitDepth LegalValues="0 1 2 3 4 5">1</BitDepth>
                  <MaxTmds Min="0" Max="255">0</MaxTmds>
                  <VideoFormat id="0">
                    <Name>Empty</Name>
                    <HFreq>0</HFreq>
                    <HSync Min="1" Max="1">1</HSync>
                    <HActive Min="0" Max="0">0</HActive>
                    <HFP Min="0" Max="0">0</HFP>
                    <HTotal Min="1" Max="8191">1</HTotal>
                    <VFreq Min="20" Max="75">20</VFreq>
                    <VSync Min="1" Max="1">1</VSync>
                    <VActive Min="0" Max="0">0</VActive>
                    <VFP Min="0" Max="0">0</VFP>
                    <VTotal Min="1" Max="8191">1</VTotal>
                    <PixelClk>0</PixelClk>
                    <HSP Min="78" Max="80">80</HSP>
                    <VSP Min="78" Max="80">80</VSP>
                    <AR Min="0" Max="1000">0</AR>
                    <Interlaced>80</Interlaced>
                    <VFType Min="0" Max="0">0</VFType>
                    <VFEnum Min="0" Max="4700">0</VFEnum>
                    <VFStdFrom Min="0" Max="4">0</VFStdFrom>
                    <VFStdNum>0</VFStdNum>
                  </VideoFormat>
                </EDIDOut>
              </DVIOut>
              <SDIOut id="0">
                <Type3G LegalValues="0 1 2 3">2</Type3G>
              </SDIOut>
              <HDMIOutput id="0">
                <HdcpAuth Min="0" Max="1">0</HdcpAuth>
                <SinkType Min="0" Max="1">1</SinkType>
                <EDIDOut id="0">
                  <EDIDValid Min="0" Max="1">0</EDIDValid>
                  <SupportHdmi Min="0" Max="1">0</SupportHdmi>
                  <SupportRGB Min="0" Max="1">1</SupportRGB>
                  <SupportSMPTE Min="0" Max="1">1</SupportSMPTE>
                  <Support444 Min="0" Max="1">1</Support444>
                  <Support422 Min="0" Max="1">1</Support422>
                  <BitDepth48 Min="0" Max="1">1</BitDepth48>
                  <BitDepth36 Min="0" Max="1">1</BitDepth36>
                  <BitDepth30 Min="0" Max="1">1</BitDepth30>
                  <BitDepth LegalValues="0 1 2 3 4 5">1</BitDepth>
                  <MaxTmds Min="0" Max="255">0</MaxTmds>
                  <VideoFormat id="0">
                    <Name>Empty</Name>
                    <HFreq>0</HFreq>
                    <HSync Min="1" Max="1">1</HSync>
                    <HActive Min="0" Max="0">0</HActive>
                    <HFP Min="0" Max="0">0</HFP>
                    <HTotal Min="1" Max="8191">1</HTotal>
                    <VFreq Min="20" Max="75">20</VFreq>
                    <VSync Min="1" Max="1">1</VSync>
                    <VActive Min="0" Max="0">0</VActive>
                    <VFP Min="0" Max="0">0</VFP>
                    <VTotal Min="1" Max="8191">1</VTotal>
                    <PixelClk>0</PixelClk>
                    <HSP Min="78" Max="80">80</HSP>
                    <VSP Min="78" Max="80">80</VSP>
                    <AR Min="0" Max="1000">0</AR>
                    <Interlaced>80</Interlaced>
                    <VFType Min="0" Max="0">0</VFType>
                    <VFEnum Min="0" Max="4700">0</VFEnum>
                    <VFStdFrom Min="0" Max="4">0</VFStdFrom>
                    <VFStdNum>0</VFStdNum>
                  </VideoFormat>
                </EDIDOut>
              </HDMIOutput>
            </Out>
            <Out id="1">
              <Capacity LegalValues="0 1 2 4">1</Capacity>
              <DPOut id="0">
                <HdcpAuth Min="0" Max="1">0</HdcpAuth>
                <EDIDOut id="0">
                  <EDIDValid Min="0" Max="1">0</EDIDValid>
                  <SupportHdmi Min="0" Max="1">0</SupportHdmi>
                  <SupportRGB Min="0" Max="1">1</SupportRGB>
                  <SupportSMPTE Min="0" Max="1">1</SupportSMPTE>
                  <Support444 Min="0" Max="1">1</Support444>
                  <Support422 Min="0" Max="1">1</Support422>
                  <BitDepth48 Min="0" Max="1">1</BitDepth48>
                  <BitDepth36 Min="0" Max="1">1</BitDepth36>
                  <BitDepth30 Min="0" Max="1">1</BitDepth30>
                  <BitDepth LegalValues="0 1 2 3 4 5">1</BitDepth>
                  <MaxTmds Min="0" Max="255">0</MaxTmds>
                  <VideoFormat id="0">
                    <Name>Empty</Name>
                    <HFreq>0</HFreq>
                    <HSync Min="1" Max="1">1</HSync>
                    <HActive Min="0" Max="0">0</HActive>
                    <HFP Min="0" Max="0">0</HFP>
                    <HTotal Min="1" Max="8191">1</HTotal>
                    <VFreq Min="20" Max="75">20</VFreq>
                    <VSync Min="1" Max="1">1</VSync>
                    <VActive Min="0" Max="0">0</VActive>
                    <VFP Min="0" Max="0">0</VFP>
                    <VTotal Min="1" Max="8191">1</VTotal>
                    <PixelClk>0</PixelClk>
                    <HSP Min="78" Max="80">80</HSP>
                    <VSP Min="78" Max="80">80</VSP>
                    <AR Min="0" Max="1000">0</AR>
                    <Interlaced>80</Interlaced>
                    <VFType Min="0" Max="0">0</VFType>
                    <VFEnum Min="0" Max="4700">0</VFEnum>
                    <VFStdFrom Min="0" Max="4">0</VFStdFrom>
                    <VFStdNum>0</VFStdNum>
                  </VideoFormat>
                </EDIDOut>
              </DPOut>
              <DVIOut id="0">
                <HdcpAuth Min="0" Max="1">0</HdcpAuth>
                <EDIDOut id="0">
                  <EDIDValid Min="0" Max="1">0</EDIDValid>
                  <SupportHdmi Min="0" Max="1">0</SupportHdmi>
                  <SupportRGB Min="0" Max="1">1</SupportRGB>
                  <SupportSMPTE Min="0" Max="1">1</SupportSMPTE>
                  <Support444 Min="0" Max="1">1</Support444>
                  <Support422 Min="0" Max="1">1</Support422>
                  <BitDepth48 Min="0" Max="1">1</BitDepth48>
                  <BitDepth36 Min="0" Max="1">1</BitDepth36>
                  <BitDepth30 Min="0" Max="1">1</BitDepth30>
                  <BitDepth LegalValues="0 1 2 3 4 5">1</BitDepth>
                  <MaxTmds Min="0" Max="255">0</MaxTmds>
                  <VideoFormat id="0">
                    <Name>Empty</Name>
                    <HFreq>0</HFreq>
                    <HSync Min="1" Max="1">1</HSync>
                    <HActive Min="0" Max="0">0</HActive>
                    <HFP Min="0" Max="0">0</HFP>
                    <HTotal Min="1" Max="8191">1</HTotal>
                    <VFreq Min="20" Max="75">20</VFreq>
                    <VSync Min="1" Max="1">1</VSync>
                    <VActive Min="0" Max="0">0</VActive>
                    <VFP Min="0" Max="0">0</VFP>
                    <VTotal Min="1" Max="8191">1</VTotal>
                    <PixelClk>0</PixelClk>
                    <HSP Min="78" Max="80">80</HSP>
                    <VSP Min="78" Max="80">80</VSP>
                    <AR Min="0" Max="1000">0</AR>
                    <Interlaced>80</Interlaced>
                    <VFType Min="0" Max="0">0</VFType>
                    <VFEnum Min="0" Max="4700">0</VFEnum>
                    <VFStdFrom Min="0" Max="4">0</VFStdFrom>
                    <VFStdNum>0</VFStdNum>
                  </VideoFormat>
                </EDIDOut>
              </DVIOut>
              <SDIOut id="0">
                <Type3G LegalValues="0 1 2 3">2</Type3G>
              </SDIOut>
              <HDMIOutput id="0">
                <HdcpAuth Min="0" Max="1">0</HdcpAuth>
                <SinkType Min="0" Max="1">1</SinkType>
                <EDIDOut id="0">
                  <EDIDValid Min="0" Max="1">0</EDIDValid>
                  <SupportHdmi Min="0" Max="1">0</SupportHdmi>
                  <SupportRGB Min="0" Max="1">1</SupportRGB>
                  <SupportSMPTE Min="0" Max="1">1</SupportSMPTE>
                  <Support444 Min="0" Max="1">1</Support444>
                  <Support422 Min="0" Max="1">1</Support422>
                  <BitDepth48 Min="0" Max="1">1</BitDepth48>
                  <BitDepth36 Min="0" Max="1">1</BitDepth36>
                  <BitDepth30 Min="0" Max="1">1</BitDepth30>
                  <BitDepth LegalValues="0 1 2 3 4 5">1</BitDepth>
                  <MaxTmds Min="0" Max="255">0</MaxTmds>
                  <VideoFormat id="0">
                    <Name>Empty</Name>
                    <HFreq>0</HFreq>
                    <HSync Min="1" Max="1">1</HSync>
                    <HActive Min="0" Max="0">0</HActive>
                    <HFP Min="0" Max="0">0</HFP>
                    <HTotal Min="1" Max="8191">1</HTotal>
                    <VFreq Min="20" Max="75">20</VFreq>
                    <VSync Min="1" Max="1">1</VSync>
                    <VActive Min="0" Max="0">0</VActive>
                    <VFP Min="0" Max="0">0</VFP>
                    <VTotal Min="1" Max="8191">1</VTotal>
                    <PixelClk>0</PixelClk>
                    <HSP Min="78" Max="80">80</HSP>
                    <VSP Min="78" Max="80">80</VSP>
                    <AR Min="0" Max="1000">0</AR>
                    <Interlaced>80</Interlaced>
                    <VFType Min="0" Max="0">0</VFType>
                    <VFEnum Min="0" Max="4700">0</VFEnum>
                    <VFStdFrom Min="0" Max="4">0</VFStdFrom>
                    <VFStdNum>0</VFStdNum>
                  </VideoFormat>
                </EDIDOut>
              </HDMIOutput>
            </Out>
            <Out id="2">
              <Capacity LegalValues="0 1 2 4">1</Capacity>
              <DPOut id="0">
                <HdcpAuth Min="0" Max="1">0</HdcpAuth>
                <EDIDOut id="0">
                  <EDIDValid Min="0" Max="1">0</EDIDValid>
                  <SupportHdmi Min="0" Max="1">0</SupportHdmi>
                  <SupportRGB Min="0" Max="1">1</SupportRGB>
                  <SupportSMPTE Min="0" Max="1">1</SupportSMPTE>
                  <Support444 Min="0" Max="1">1</Support444>
                  <Support422 Min="0" Max="1">1</Support422>
                  <BitDepth48 Min="0" Max="1">1</BitDepth48>
                  <BitDepth36 Min="0" Max="1">1</BitDepth36>
                  <BitDepth30 Min="0" Max="1">1</BitDepth30>
                  <BitDepth LegalValues="0 1 2 3 4 5">1</BitDepth>
                  <MaxTmds Min="0" Max="255">0</MaxTmds>
                  <VideoFormat id="0">
                    <Name>Empty</Name>
                    <HFreq>0</HFreq>
                    <HSync Min="1" Max="1">1</HSync>
                    <HActive Min="0" Max="0">0</HActive>
                    <HFP Min="0" Max="0">0</HFP>
                    <HTotal Min="1" Max="8191">1</HTotal>
                    <VFreq Min="20" Max="75">20</VFreq>
                    <VSync Min="1" Max="1">1</VSync>
                    <VActive Min="0" Max="0">0</VActive>
                    <VFP Min="0" Max="0">0</VFP>
                    <VTotal Min="1" Max="8191">1</VTotal>
                    <PixelClk>0</PixelClk>
                    <HSP Min="78" Max="80">80</HSP>
                    <VSP Min="78" Max="80">80</VSP>
                    <AR Min="0" Max="1000">0</AR>
                    <Interlaced>80</Interlaced>
                    <VFType Min="0" Max="0">0</VFType>
                    <VFEnum Min="0" Max="4700">0</VFEnum>
                    <VFStdFrom Min="0" Max="4">0</VFStdFrom>
                    <VFStdNum>0</VFStdNum>
                  </VideoFormat>
                </EDIDOut>
              </DPOut>
              <DVIOut id="0">
                <HdcpAuth Min="0" Max="1">0</HdcpAuth>
                <EDIDOut id="0">
                  <EDIDValid Min="0" Max="1">0</EDIDValid>
                  <SupportHdmi Min="0" Max="1">0</SupportHdmi>
                  <SupportRGB Min="0" Max="1">1</SupportRGB>
                  <SupportSMPTE Min="0" Max="1">1</SupportSMPTE>
                  <Support444 Min="0" Max="1">1</Support444>
                  <Support422 Min="0" Max="1">1</Support422>
                  <BitDepth48 Min="0" Max="1">1</BitDepth48>
                  <BitDepth36 Min="0" Max="1">1</BitDepth36>
                  <BitDepth30 Min="0" Max="1">1</BitDepth30>
                  <BitDepth LegalValues="0 1 2 3 4 5">1</BitDepth>
                  <MaxTmds Min="0" Max="255">0</MaxTmds>
                  <VideoFormat id="0">
                    <Name>Empty</Name>
                    <HFreq>0</HFreq>
                    <HSync Min="1" Max="1">1</HSync>
                    <HActive Min="0" Max="0">0</HActive>
                    <HFP Min="0" Max="0">0</HFP>
                    <HTotal Min="1" Max="8191">1</HTotal>
                    <VFreq Min="20" Max="75">20</VFreq>
                    <VSync Min="1" Max="1">1</VSync>
                    <VActive Min="0" Max="0">0</VActive>
                    <VFP Min="0" Max="0">0</VFP>
                    <VTotal Min="1" Max="8191">1</VTotal>
                    <PixelClk>0</PixelClk>
                    <HSP Min="78" Max="80">80</HSP>
                    <VSP Min="78" Max="80">80</VSP>
                    <AR Min="0" Max="1000">0</AR>
                    <Interlaced>80</Interlaced>
                    <VFType Min="0" Max="0">0</VFType>
                    <VFEnum Min="0" Max="4700">0</VFEnum>
                    <VFStdFrom Min="0" Max="4">0</VFStdFrom>
                    <VFStdNum>0</VFStdNum>
                  </VideoFormat>
                </EDIDOut>
              </DVIOut>
              <SDIOut id="0">
                <Type3G LegalValues="0 1 2 3">2</Type3G>
              </SDIOut>
              <HDMIOutput id="0">
                <HdcpAuth Min="0" Max="1">0</HdcpAuth>
                <SinkType Min="0" Max="1">1</SinkType>
                <EDIDOut id="0">
                  <EDIDValid Min="0" Max="1">0</EDIDValid>
                  <SupportHdmi Min="0" Max="1">0</SupportHdmi>
                  <SupportRGB Min="0" Max="1">1</SupportRGB>
                  <SupportSMPTE Min="0" Max="1">1</SupportSMPTE>
                  <Support444 Min="0" Max="1">1</Support444>
                  <Support422 Min="0" Max="1">1</Support422>
                  <BitDepth48 Min="0" Max="1">1</BitDepth48>
                  <BitDepth36 Min="0" Max="1">1</BitDepth36>
                  <BitDepth30 Min="0" Max="1">1</BitDepth30>
                  <BitDepth LegalValues="0 1 2 3 4 5">1</BitDepth>
                  <MaxTmds Min="0" Max="255">0</MaxTmds>
                  <VideoFormat id="0">
                    <Name>Empty</Name>
                    <HFreq>0</HFreq>
                    <HSync Min="1" Max="1">1</HSync>
                    <HActive Min="0" Max="0">0</HActive>
                    <HFP Min="0" Max="0">0</HFP>
                    <HTotal Min="1" Max="8191">1</HTotal>
                    <VFreq Min="20" Max="75">20</VFreq>
                    <VSync Min="1" Max="1">1</VSync>
                    <VActive Min="0" Max="0">0</VActive>
                    <VFP Min="0" Max="0">0</VFP>
                    <VTotal Min="1" Max="8191">1</VTotal>
                    <PixelClk>0</PixelClk>
                    <HSP Min="78" Max="80">80</HSP>
                    <VSP Min="78" Max="80">80</VSP>
                    <AR Min="0" Max="1000">0</AR>
                    <Interlaced>80</Interlaced>
                    <VFType Min="0" Max="0">0</VFType>
                    <VFEnum Min="0" Max="4700">0</VFEnum>
                    <VFStdFrom Min="0" Max="4">0</VFStdFrom>
                    <VFStdNum>0</VFStdNum>
                  </VideoFormat>
                </EDIDOut>
              </HDMIOutput>
            </Out>
            <Out id="3">
              <Capacity LegalValues="0 1 2 4">1</Capacity>
              <DPOut id="0">
                <HdcpAuth Min="0" Max="1">0</HdcpAuth>
                <EDIDOut id="0">
                  <EDIDValid Min="0" Max="1">0</EDIDValid>
                  <SupportHdmi Min="0" Max="1">0</SupportHdmi>
                  <SupportRGB Min="0" Max="1">1</SupportRGB>
                  <SupportSMPTE Min="0" Max="1">1</SupportSMPTE>
                  <Support444 Min="0" Max="1">1</Support444>
                  <Support422 Min="0" Max="1">1</Support422>
                  <BitDepth48 Min="0" Max="1">1</BitDepth48>
                  <BitDepth36 Min="0" Max="1">1</BitDepth36>
                  <BitDepth30 Min="0" Max="1">1</BitDepth30>
                  <BitDepth LegalValues="0 1 2 3 4 5">1</BitDepth>
                  <MaxTmds Min="0" Max="255">0</MaxTmds>
                  <VideoFormat id="0">
                    <Name>Empty</Name>
                    <HFreq>0</HFreq>
                    <HSync Min="1" Max="1">1</HSync>
                    <HActive Min="0" Max="0">0</HActive>
                    <HFP Min="0" Max="0">0</HFP>
                    <HTotal Min="1" Max="8191">1</HTotal>
                    <VFreq Min="20" Max="75">20</VFreq>
                    <VSync Min="1" Max="1">1</VSync>
                    <VActive Min="0" Max="0">0</VActive>
                    <VFP Min="0" Max="0">0</VFP>
                    <VTotal Min="1" Max="8191">1</VTotal>
                    <PixelClk>0</PixelClk>
                    <HSP Min="78" Max="80">80</HSP>
                    <VSP Min="78" Max="80">80</VSP>
                    <AR Min="0" Max="1000">0</AR>
                    <Interlaced>80</Interlaced>
                    <VFType Min="0" Max="0">0</VFType>
                    <VFEnum Min="0" Max="4700">0</VFEnum>
                    <VFStdFrom Min="0" Max="4">0</VFStdFrom>
                    <VFStdNum>0</VFStdNum>
                  </VideoFormat>
                </EDIDOut>
              </DPOut>
              <DVIOut id="0">
                <HdcpAuth Min="0" Max="1">0</HdcpAuth>
                <EDIDOut id="0">
                  <EDIDValid Min="0" Max="1">0</EDIDValid>
                  <SupportHdmi Min="0" Max="1">0</SupportHdmi>
                  <SupportRGB Min="0" Max="1">1</SupportRGB>
                  <SupportSMPTE Min="0" Max="1">1</SupportSMPTE>
                  <Support444 Min="0" Max="1">1</Support444>
                  <Support422 Min="0" Max="1">1</Support422>
                  <BitDepth48 Min="0" Max="1">1</BitDepth48>
                  <BitDepth36 Min="0" Max="1">1</BitDepth36>
                  <BitDepth30 Min="0" Max="1">1</BitDepth30>
                  <BitDepth LegalValues="0 1 2 3 4 5">1</BitDepth>
                  <MaxTmds Min="0" Max="255">0</MaxTmds>
                  <VideoFormat id="0">
                    <Name>Empty</Name>
                    <HFreq>0</HFreq>
                    <HSync Min="1" Max="1">1</HSync>
                    <HActive Min="0" Max="0">0</HActive>
                    <HFP Min="0" Max="0">0</HFP>
                    <HTotal Min="1" Max="8191">1</HTotal>
                    <VFreq Min="20" Max="75">20</VFreq>
                    <VSync Min="1" Max="1">1</VSync>
                    <VActive Min="0" Max="0">0</VActive>
                    <VFP Min="0" Max="0">0</VFP>
                    <VTotal Min="1" Max="8191">1</VTotal>
                    <PixelClk>0</PixelClk>
                    <HSP Min="78" Max="80">80</HSP>
                    <VSP Min="78" Max="80">80</VSP>
                    <AR Min="0" Max="1000">0</AR>
                    <Interlaced>80</Interlaced>
                    <VFType Min="0" Max="0">0</VFType>
                    <VFEnum Min="0" Max="4700">0</VFEnum>
                    <VFStdFrom Min="0" Max="4">0</VFStdFrom>
                    <VFStdNum>0</VFStdNum>
                  </VideoFormat>
                </EDIDOut>
              </DVIOut>
              <SDIOut id="0">
                <Type3G LegalValues="0 1 2 3">2</Type3G>
              </SDIOut>
              <HDMIOutput id="0">
                <HdcpAuth Min="0" Max="1">0</HdcpAuth>
                <SinkType Min="0" Max="1">1</SinkType>
                <EDIDOut id="0">
                  <EDIDValid Min="0" Max="1">0</EDIDValid>
                  <SupportHdmi Min="0" Max="1">0</SupportHdmi>
                  <SupportRGB Min="0" Max="1">1</SupportRGB>
                  <SupportSMPTE Min="0" Max="1">1</SupportSMPTE>
                  <Support444 Min="0" Max="1">1</Support444>
                  <Support422 Min="0" Max="1">1</Support422>
                  <BitDepth48 Min="0" Max="1">1</BitDepth48>
                  <BitDepth36 Min="0" Max="1">1</BitDepth36>
                  <BitDepth30 Min="0" Max="1">1</BitDepth30>
                  <BitDepth LegalValues="0 1 2 3 4 5">1</BitDepth>
                  <MaxTmds Min="0" Max="255">0</MaxTmds>
                  <VideoFormat id="0">
                    <Name>Empty</Name>
                    <HFreq>0</HFreq>
                    <HSync Min="1" Max="1">1</HSync>
                    <HActive Min="0" Max="0">0</HActive>
                    <HFP Min="0" Max="0">0</HFP>
                    <HTotal Min="1" Max="8191">1</HTotal>
                    <VFreq Min="20" Max="75">20</VFreq>
                    <VSync Min="1" Max="1">1</VSync>
                    <VActive Min="0" Max="0">0</VActive>
                    <VFP Min="0" Max="0">0</VFP>
                    <VTotal Min="1" Max="8191">1</VTotal>
                    <PixelClk>0</PixelClk>
                    <HSP Min="78" Max="80">80</HSP>
                    <VSP Min="78" Max="80">80</VSP>
                    <AR Min="0" Max="1000">0</AR>
                    <Interlaced>80</Interlaced>
                    <VFType Min="0" Max="0">0</VFType>
                    <VFEnum Min="0" Max="4700">0</VFEnum>
                    <VFStdFrom Min="0" Max="4">0</VFStdFrom>
                    <VFStdNum>0</VFStdNum>
                  </VideoFormat>
                </EDIDOut>
              </HDMIOutput>
            </Out>
          </CardOut>
          <CardLayer id="0">
            <BankIndex Min="-1" Max="4">-1</BankIndex>
            <VpuIndex Min="-1" Max="4">-1</VpuIndex>
            <Luma Min="0" Max="100">37.5</Luma>
            <Sat Min="0" Max="100">100</Sat>
            <Hue Min="0" Max="360">0</Hue>
            <LinkAssign id="0">
              <XPos Min="0" Max="1000000">0</XPos>
              <YPos Min="0" Max="1000000">0</YPos>
              <ZPos Min="0" Max="1000000">0</ZPos>
              <DestIndex Min="-1" Max="127">-1</DestIndex>
              <Rect id="0">
                <HPos Min="-32767" Max="32767">0</HPos>
                <VPos Min="-32767" Max="32767">0</VPos>
                <HSize Min="0" Max="32767">0</HSize>
                <VSize Min="0" Max="32767">0</VSize>
                <AR Min="0" Max="99">0</AR>
              </Rect>
            </LinkAssign>
            <LinkAssign id="1">
              <XPos Min="0" Max="1000000">0</XPos>
              <YPos Min="0" Max="1000000">0</YPos>
              <ZPos Min="0" Max="1000000">0</ZPos>
              <DestIndex Min="-1" Max="127">-1</DestIndex>
              <Rect id="0">
                <HPos Min="-32767" Max="32767">0</HPos>
                <VPos Min="-32767" Max="32767">0</VPos>
                <HSize Min="0" Max="32767">0</HSize>
                <VSize Min="0" Max="32767">0</VSize>
                <AR Min="0" Max="99">0</AR>
              </Rect>
            </LinkAssign>
            <LinkAssign id="2">
              <XPos Min="0" Max="1000000">0</XPos>
              <YPos Min="0" Max="1000000">0</YPos>
              <ZPos Min="0" Max="1000000">0</ZPos>
              <DestIndex Min="-1" Max="127">-1</DestIndex>
              <Rect id="0">
                <HPos Min="-32767" Max="32767">0</HPos>
                <VPos Min="-32767" Max="32767">0</VPos>
                <HSize Min="0" Max="32767">0</HSize>
                <VSize Min="0" Max="32767">0</VSize>
                <AR Min="0" Max="99">0</AR>
              </Rect>
            </LinkAssign>
            <LinkAssign id="3">
              <XPos Min="0" Max="1000000">0</XPos>
              <YPos Min="0" Max="1000000">0</YPos>
              <ZPos Min="0" Max="1000000">0</ZPos>
              <DestIndex Min="-1" Max="127">-1</DestIndex>
              <Rect id="0">
                <HPos Min="-32767" Max="32767">0</HPos>
                <VPos Min="-32767" Max="32767">0</VPos>
                <HSize Min="0" Max="32767">0</HSize>
                <VSize Min="0" Max="32767">0</VSize>
                <AR Min="0" Max="99">0</AR>
              </Rect>
            </LinkAssign>
            <ScalerAssign id="0">
              <YPos Min="0" Max="1000000">0</YPos>
              <ZPos Min="0" Max="1000000">0</ZPos>
              <LayerIndex Min="-1" Max="512">-1</LayerIndex>
              <DestIndex Min="-1" Max="127">-1</DestIndex>
            </ScalerAssign>
            <ScalerAssign id="1">
              <YPos Min="0" Max="1000000">0</YPos>
              <ZPos Min="0" Max="1000000">0</ZPos>
              <LayerIndex Min="-1" Max="512">-1</LayerIndex>
              <DestIndex Min="-1" Max="127">-1</DestIndex>
            </ScalerAssign>
            <ScalerAssign id="2">
              <YPos Min="0" Max="1000000">0</YPos>
              <ZPos Min="0" Max="1000000">0</ZPos>
              <LayerIndex Min="-1" Max="512">-1</LayerIndex>
              <DestIndex Min="-1" Max="127">-1</DestIndex>
            </ScalerAssign>
            <ScalerAssign id="3">
              <YPos Min="0" Max="1000000">0</YPos>
              <ZPos Min="0" Max="1000000">0</ZPos>
              <LayerIndex Min="-1" Max="512">-1</LayerIndex>
              <DestIndex Min="-1" Max="127">-1</DestIndex>
            </ScalerAssign>
          </CardLayer>
        </Card>
      </Slot>
      <Slot id="10">
        <Card id="0">
          <CardStatus Min="0" Max="4">0</CardStatus>
          <CardType Min="0" Max="255">255</CardType>
          <CardID/>
          <SlotIndex Min="-1" Max="23">10</SlotIndex>
          <CardIn id="0">
            <NumOfChan Min="0" Max="4">4</NumOfChan>
            <CapacityStatus Min="0" Max="1">0</CapacityStatus>
            <In id="0">
              <AutoAcqMode Min="0" Max="1">1</AutoAcqMode>
              <Capacity LegalValues="0 1 2 4">0</Capacity>
              <ColorSpace LegalValues="-1 0 1">0</ColorSpace>
              <ColorRange LegalValues="0 1">0</ColorRange>
              <Sync Min="0" Max="2">0</Sync>
              <DPIn id="0">
                <Hdcp id="0">
                  <Mode Min="0" Max="1">0</Mode>
                  <HdcpAuth Min="0" Max="1">0</HdcpAuth>
                </Hdcp>
                <EDIDIn id="0">
                  <BitDepth LegalValues="1 2 3">2</BitDepth>
                  <EdidStatus Min="0" Max="4">0</EdidStatus>
                  <VideoFormat id="0">
                    <Name>1920x1080p @59.94</Name>
                    <HFreq>67433</HFreq>
                    <HSync Min="1" Max="192">88</HSync>
                    <HActive Min="0" Max="2024">1920</HActive>
                    <HFP Min="0" Max="192">88</HFP>
                    <HTotal Min="2096" Max="8191">2200</HTotal>
                    <VFreq Min="20" Max="75">59.9401</VFreq>
                    <VSync Min="1" Max="41">5</VSync>
                    <VActive Min="0" Max="1116">1080</VActive>
                    <VFP Min="0" Max="40">4</VFP>
                    <VTotal Min="1089" Max="8191">1125</VTotal>
                    <PixelClk>148.352</PixelClk>
                    <HSP Min="78" Max="80">80</HSP>
                    <VSP Min="78" Max="80">80</VSP>
                    <AR Min="0" Max="1000">1.77778</AR>
                    <Interlaced>80</Interlaced>
                    <VFType Min="0" Max="0">8</VFType>
                    <VFEnum Min="0" Max="4700">2708</VFEnum>
                    <VFStdFrom Min="0" Max="4">4</VFStdFrom>
                    <VFStdNum>16</VFStdNum>
                  </VideoFormat>
                </EDIDIn>
              </DPIn>
              <DVIIn id="0">
                <Hdcp id="0">
                  <Mode Min="0" Max="1">0</Mode>
                  <HdcpAuth Min="0" Max="1">0</HdcpAuth>
                </Hdcp>
                <EDIDIn id="0">
                  <BitDepth LegalValues="1">1</BitDepth>
                  <EdidStatus Min="0" Max="4">0</EdidStatus>
                  <VideoFormat id="0">
                    <Name>1920x1080p @59.94</Name>
                    <HFreq>67433</HFreq>
                    <HSync Min="1" Max="192">88</HSync>
                    <HActive Min="0" Max="2024">1920</HActive>
                    <HFP Min="0" Max="192">88</HFP>
                    <HTotal Min="2096" Max="8191">2200</HTotal>
                    <VFreq Min="20" Max="75">59.9401</VFreq>
                    <VSync Min="1" Max="41">5</VSync>
                    <VActive Min="0" Max="1116">1080</VActive>
                    <VFP Min="0" Max="40">4</VFP>
                    <VTotal Min="1089" Max="8191">1125</VTotal>
                    <PixelClk>148.352</PixelClk>
                    <HSP Min="78" Max="80">80</HSP>
                    <VSP Min="78" Max="80">80</VSP>
                    <AR Min="0" Max="1000">1.77778</AR>
                    <Interlaced>80</Interlaced>
                    <VFType Min="0" Max="0">8</VFType>
                    <VFEnum Min="0" Max="4700">2708</VFEnum>
                    <VFStdFrom Min="0" Max="4">4</VFStdFrom>
                    <VFStdNum>16</VFStdNum>
                  </VideoFormat>
                </EDIDIn>
              </DVIIn>
              <SDIIn id="0">
                <Type3G LegalValues="0 1 2 3">2</Type3G>
              </SDIIn>
              <HDMIIn id="0">
                <Hdcp id="0">
                  <Mode Min="0" Max="1">0</Mode>
                  <HdcpAuth Min="0" Max="1">0</HdcpAuth>
                </Hdcp>
                <EDIDIn id="0">
                  <BitDepth LegalValues="1 2 3">3</BitDepth>
                  <EdidStatus Min="0" Max="4">0</EdidStatus>
                  <VideoFormat id="0">
                    <Name>1920x1080p @59.94</Name>
                    <HFreq>67433</HFreq>
                    <HSync Min="1" Max="192">88</HSync>
                    <HActive Min="0" Max="2024">1920</HActive>
                    <HFP Min="0" Max="192">88</HFP>
                    <HTotal Min="2096" Max="8191">2200</HTotal>
                    <VFreq Min="20" Max="75">59.9401</VFreq>
                    <VSync Min="1" Max="41">5</VSync>
                    <VActive Min="0" Max="1116">1080</VActive>
                    <VFP Min="0" Max="40">4</VFP>
                    <VTotal Min="1089" Max="8191">1125</VTotal>
                    <PixelClk>148.352</PixelClk>
                    <HSP Min="78" Max="80">80</HSP>
                    <VSP Min="78" Max="80">80</VSP>
                    <AR Min="0" Max="1000">1.77778</AR>
                    <Interlaced>80</Interlaced>
                    <VFType Min="0" Max="0">8</VFType>
                    <VFEnum Min="0" Max="4700">2708</VFEnum>
                    <VFStdFrom Min="0" Max="4">4</VFStdFrom>
                    <VFStdNum>16</VFStdNum>
                  </VideoFormat>
                </EDIDIn>
              </HDMIIn>
              <VideoFormat id="0">
                <Name>Empty</Name>
                <HFreq>0</HFreq>
                <HSync Min="1" Max="1">1</HSync>
                <HActive Min="0" Max="0">0</HActive>
                <HFP Min="0" Max="0">0</HFP>
                <HTotal Min="1" Max="8191">1</HTotal>
                <VFreq Min="20" Max="75">20</VFreq>
                <VSync Min="1" Max="1">1</VSync>
                <VActive Min="0" Max="0">0</VActive>
                <VFP Min="0" Max="0">0</VFP>
                <VTotal Min="1" Max="8191">1</VTotal>
                <PixelClk>0</PixelClk>
                <HSP Min="78" Max="80">80</HSP>
                <VSP Min="78" Max="80">80</VSP>
                <AR Min="0" Max="1000">0</AR>
                <Interlaced>80</Interlaced>
                <VFType Min="0" Max="0">0</VFType>
                <VFEnum Min="0" Max="4700">0</VFEnum>
                <VFStdFrom Min="0" Max="4">0</VFStdFrom>
                <VFStdNum>0</VFStdNum>
              </VideoFormat>
            </In>
            <In id="1">
              <AutoAcqMode Min="0" Max="1">1</AutoAcqMode>
              <Capacity LegalValues="0 1 2 4">0</Capacity>
              <ColorSpace LegalValues="-1 0 1">0</ColorSpace>
              <ColorRange LegalValues="0 1">0</ColorRange>
              <Sync Min="0" Max="2">0</Sync>
              <DPIn id="0">
                <Hdcp id="0">
                  <Mode Min="0" Max="1">0</Mode>
                  <HdcpAuth Min="0" Max="1">0</HdcpAuth>
                </Hdcp>
                <EDIDIn id="0">
                  <BitDepth LegalValues="1 2 3">2</BitDepth>
                  <EdidStatus Min="0" Max="4">0</EdidStatus>
                  <VideoFormat id="0">
                    <Name>1920x1080p @59.94</Name>
                    <HFreq>67433</HFreq>
                    <HSync Min="1" Max="192">88</HSync>
                    <HActive Min="0" Max="2024">1920</HActive>
                    <HFP Min="0" Max="192">88</HFP>
                    <HTotal Min="2096" Max="8191">2200</HTotal>
                    <VFreq Min="20" Max="75">59.9401</VFreq>
                    <VSync Min="1" Max="41">5</VSync>
                    <VActive Min="0" Max="1116">1080</VActive>
                    <VFP Min="0" Max="40">4</VFP>
                    <VTotal Min="1089" Max="8191">1125</VTotal>
                    <PixelClk>148.352</PixelClk>
                    <HSP Min="78" Max="80">80</HSP>
                    <VSP Min="78" Max="80">80</VSP>
                    <AR Min="0" Max="1000">1.77778</AR>
                    <Interlaced>80</Interlaced>
                    <VFType Min="0" Max="0">8</VFType>
                    <VFEnum Min="0" Max="4700">2708</VFEnum>
                    <VFStdFrom Min="0" Max="4">4</VFStdFrom>
                    <VFStdNum>16</VFStdNum>
                  </VideoFormat>
                </EDIDIn>
              </DPIn>
              <DVIIn id="0">
                <Hdcp id="0">
                  <Mode Min="0" Max="1">0</Mode>
                  <HdcpAuth Min="0" Max="1">0</HdcpAuth>
                </Hdcp>
                <EDIDIn id="0">
                  <BitDepth LegalValues="1">1</BitDepth>
                  <EdidStatus Min="0" Max="4">0</EdidStatus>
                  <VideoFormat id="0">
                    <Name>1920x1080p @59.94</Name>
                    <HFreq>67433</HFreq>
                    <HSync Min="1" Max="192">88</HSync>
                    <HActive Min="0" Max="2024">1920</HActive>
                    <HFP Min="0" Max="192">88</HFP>
                    <HTotal Min="2096" Max="8191">2200</HTotal>
                    <VFreq Min="20" Max="75">59.9401</VFreq>
                    <VSync Min="1" Max="41">5</VSync>
                    <VActive Min="0" Max="1116">1080</VActive>
                    <VFP Min="0" Max="40">4</VFP>
                    <VTotal Min="1089" Max="8191">1125</VTotal>
                    <PixelClk>148.352</PixelClk>
                    <HSP Min="78" Max="80">80</HSP>
                    <VSP Min="78" Max="80">80</VSP>
                    <AR Min="0" Max="1000">1.77778</AR>
                    <Interlaced>80</Interlaced>
                    <VFType Min="0" Max="0">8</VFType>
                    <VFEnum Min="0" Max="4700">2708</VFEnum>
                    <VFStdFrom Min="0" Max="4">4</VFStdFrom>
                    <VFStdNum>16</VFStdNum>
                  </VideoFormat>
                </EDIDIn>
              </DVIIn>
              <SDIIn id="0">
                <Type3G LegalValues="0 1 2 3">2</Type3G>
              </SDIIn>
              <HDMIIn id="0">
                <Hdcp id="0">
                  <Mode Min="0" Max="1">0</Mode>
                  <HdcpAuth Min="0" Max="1">0</HdcpAuth>
                </Hdcp>
                <EDIDIn id="0">
                  <BitDepth LegalValues="1 2 3">3</BitDepth>
                  <EdidStatus Min="0" Max="4">0</EdidStatus>
                  <VideoFormat id="0">
                    <Name>1920x1080p @59.94</Name>
                    <HFreq>67433</HFreq>
                    <HSync Min="1" Max="192">88</HSync>
                    <HActive Min="0" Max="2024">1920</HActive>
                    <HFP Min="0" Max="192">88</HFP>
                    <HTotal Min="2096" Max="8191">2200</HTotal>
                    <VFreq Min="20" Max="75">59.9401</VFreq>
                    <VSync Min="1" Max="41">5</VSync>
                    <VActive Min="0" Max="1116">1080</VActive>
                    <VFP Min="0" Max="40">4</VFP>
                    <VTotal Min="1089" Max="8191">1125</VTotal>
                    <PixelClk>148.352</PixelClk>
                    <HSP Min="78" Max="80">80</HSP>
                    <VSP Min="78" Max="80">80</VSP>
                    <AR Min="0" Max="1000">1.77778</AR>
                    <Interlaced>80</Interlaced>
                    <VFType Min="0" Max="0">8</VFType>
                    <VFEnum Min="0" Max="4700">2708</VFEnum>
                    <VFStdFrom Min="0" Max="4">4</VFStdFrom>
                    <VFStdNum>16</VFStdNum>
                  </VideoFormat>
                </EDIDIn>
              </HDMIIn>
              <VideoFormat id="0">
                <Name>Empty</Name>
                <HFreq>0</HFreq>
                <HSync Min="1" Max="1">1</HSync>
                <HActive Min="0" Max="0">0</HActive>
                <HFP Min="0" Max="0">0</HFP>
                <HTotal Min="1" Max="8191">1</HTotal>
                <VFreq Min="20" Max="75">20</VFreq>
                <VSync Min="1" Max="1">1</VSync>
                <VActive Min="0" Max="0">0</VActive>
                <VFP Min="0" Max="0">0</VFP>
                <VTotal Min="1" Max="8191">1</VTotal>
                <PixelClk>0</PixelClk>
                <HSP Min="78" Max="80">80</HSP>
                <VSP Min="78" Max="80">80</VSP>
                <AR Min="0" Max="1000">0</AR>
                <Interlaced>80</Interlaced>
                <VFType Min="0" Max="0">0</VFType>
                <VFEnum Min="0" Max="4700">0</VFEnum>
                <VFStdFrom Min="0" Max="4">0</VFStdFrom>
                <VFStdNum>0</VFStdNum>
              </VideoFormat>
            </In>
            <In id="2">
              <AutoAcqMode Min="0" Max="1">1</AutoAcqMode>
              <Capacity LegalValues="0 1 2 4">0</Capacity>
              <ColorSpace LegalValues="-1 0 1">0</ColorSpace>
              <ColorRange LegalValues="0 1">0</ColorRange>
              <Sync Min="0" Max="2">0</Sync>
              <DPIn id="0">
                <Hdcp id="0">
                  <Mode Min="0" Max="1">0</Mode>
                  <HdcpAuth Min="0" Max="1">0</HdcpAuth>
                </Hdcp>
                <EDIDIn id="0">
                  <BitDepth LegalValues="1 2 3">2</BitDepth>
                  <EdidStatus Min="0" Max="4">0</EdidStatus>
                  <VideoFormat id="0">
                    <Name>1920x1080p @59.94</Name>
                    <HFreq>67433</HFreq>
                    <HSync Min="1" Max="192">88</HSync>
                    <HActive Min="0" Max="2024">1920</HActive>
                    <HFP Min="0" Max="192">88</HFP>
                    <HTotal Min="2096" Max="8191">2200</HTotal>
                    <VFreq Min="20" Max="75">59.9401</VFreq>
                    <VSync Min="1" Max="41">5</VSync>
                    <VActive Min="0" Max="1116">1080</VActive>
                    <VFP Min="0" Max="40">4</VFP>
                    <VTotal Min="1089" Max="8191">1125</VTotal>
                    <PixelClk>148.352</PixelClk>
                    <HSP Min="78" Max="80">80</HSP>
                    <VSP Min="78" Max="80">80</VSP>
                    <AR Min="0" Max="1000">1.77778</AR>
                    <Interlaced>80</Interlaced>
                    <VFType Min="0" Max="0">8</VFType>
                    <VFEnum Min="0" Max="4700">2708</VFEnum>
                    <VFStdFrom Min="0" Max="4">4</VFStdFrom>
                    <VFStdNum>16</VFStdNum>
                  </VideoFormat>
                </EDIDIn>
              </DPIn>
              <DVIIn id="0">
                <Hdcp id="0">
                  <Mode Min="0" Max="1">0</Mode>
                  <HdcpAuth Min="0" Max="1">0</HdcpAuth>
                </Hdcp>
                <EDIDIn id="0">
                  <BitDepth LegalValues="1">1</BitDepth>
                  <EdidStatus Min="0" Max="4">0</EdidStatus>
                  <VideoFormat id="0">
                    <Name>1920x1080p @59.94</Name>
                    <HFreq>67433</HFreq>
                    <HSync Min="1" Max="192">88</HSync>
                    <HActive Min="0" Max="2024">1920</HActive>
                    <HFP Min="0" Max="192">88</HFP>
                    <HTotal Min="2096" Max="8191">2200</HTotal>
                    <VFreq Min="20" Max="75">59.9401</VFreq>
                    <VSync Min="1" Max="41">5</VSync>
                    <VActive Min="0" Max="1116">1080</VActive>
                    <VFP Min="0" Max="40">4</VFP>
                    <VTotal Min="1089" Max="8191">1125</VTotal>
                    <PixelClk>148.352</PixelClk>
                    <HSP Min="78" Max="80">80</HSP>
                    <VSP Min="78" Max="80">80</VSP>
                    <AR Min="0" Max="1000">1.77778</AR>
                    <Interlaced>80</Interlaced>
                    <VFType Min="0" Max="0">8</VFType>
                    <VFEnum Min="0" Max="4700">2708</VFEnum>
                    <VFStdFrom Min="0" Max="4">4</VFStdFrom>
                    <VFStdNum>16</VFStdNum>
                  </VideoFormat>
                </EDIDIn>
              </DVIIn>
              <SDIIn id="0">
                <Type3G LegalValues="0 1 2 3">2</Type3G>
              </SDIIn>
              <HDMIIn id="0">
                <Hdcp id="0">
                  <Mode Min="0" Max="1">0</Mode>
                  <HdcpAuth Min="0" Max="1">0</HdcpAuth>
                </Hdcp>
                <EDIDIn id="0">
                  <BitDepth LegalValues="1 2 3">3</BitDepth>
                  <EdidStatus Min="0" Max="4">0</EdidStatus>
                  <VideoFormat id="0">
                    <Name>1920x1080p @59.94</Name>
                    <HFreq>67433</HFreq>
                    <HSync Min="1" Max="192">88</HSync>
                    <HActive Min="0" Max="2024">1920</HActive>
                    <HFP Min="0" Max="192">88</HFP>
                    <HTotal Min="2096" Max="8191">2200</HTotal>
                    <VFreq Min="20" Max="75">59.9401</VFreq>
                    <VSync Min="1" Max="41">5</VSync>
                    <VActive Min="0" Max="1116">1080</VActive>
                    <VFP Min="0" Max="40">4</VFP>
                    <VTotal Min="1089" Max="8191">1125</VTotal>
                    <PixelClk>148.352</PixelClk>
                    <HSP Min="78" Max="80">80</HSP>
                    <VSP Min="78" Max="80">80</VSP>
                    <AR Min="0" Max="1000">1.77778</AR>
                    <Interlaced>80</Interlaced>
                    <VFType Min="0" Max="0">8</VFType>
                    <VFEnum Min="0" Max="4700">2708</VFEnum>
                    <VFStdFrom Min="0" Max="4">4</VFStdFrom>
                    <VFStdNum>16</VFStdNum>
                  </VideoFormat>
                </EDIDIn>
              </HDMIIn>
              <VideoFormat id="0">
                <Name>Empty</Name>
                <HFreq>0</HFreq>
                <HSync Min="1" Max="1">1</HSync>
                <HActive Min="0" Max="0">0</HActive>
                <HFP Min="0" Max="0">0</HFP>
                <HTotal Min="1" Max="8191">1</HTotal>
                <VFreq Min="20" Max="75">20</VFreq>
                <VSync Min="1" Max="1">1</VSync>
                <VActive Min="0" Max="0">0</VActive>
                <VFP Min="0" Max="0">0</VFP>
                <VTotal Min="1" Max="8191">1</VTotal>
                <PixelClk>0</PixelClk>
                <HSP Min="78" Max="80">80</HSP>
                <VSP Min="78" Max="80">80</VSP>
                <AR Min="0" Max="1000">0</AR>
                <Interlaced>80</Interlaced>
                <VFType Min="0" Max="0">0</VFType>
                <VFEnum Min="0" Max="4700">0</VFEnum>
                <VFStdFrom Min="0" Max="4">0</VFStdFrom>
                <VFStdNum>0</VFStdNum>
              </VideoFormat>
            </In>
            <In id="3">
              <AutoAcqMode Min="0" Max="1">1</AutoAcqMode>
              <Capacity LegalValues="0 1 2 4">0</Capacity>
              <ColorSpace LegalValues="-1 0 1">0</ColorSpace>
              <ColorRange LegalValues="0 1">0</ColorRange>
              <Sync Min="0" Max="2">0</Sync>
              <DPIn id="0">
                <Hdcp id="0">
                  <Mode Min="0" Max="1">0</Mode>
                  <HdcpAuth Min="0" Max="1">0</HdcpAuth>
                </Hdcp>
                <EDIDIn id="0">
                  <BitDepth LegalValues="1 2 3">2</BitDepth>
                  <EdidStatus Min="0" Max="4">0</EdidStatus>
                  <VideoFormat id="0">
                    <Name>1920x1080p @59.94</Name>
                    <HFreq>67433</HFreq>
                    <HSync Min="1" Max="192">88</HSync>
                    <HActive Min="0" Max="2024">1920</HActive>
                    <HFP Min="0" Max="192">88</HFP>
                    <HTotal Min="2096" Max="8191">2200</HTotal>
                    <VFreq Min="20" Max="75">59.9401</VFreq>
                    <VSync Min="1" Max="41">5</VSync>
                    <VActive Min="0" Max="1116">1080</VActive>
                    <VFP Min="0" Max="40">4</VFP>
                    <VTotal Min="1089" Max="8191">1125</VTotal>
                    <PixelClk>148.352</PixelClk>
                    <HSP Min="78" Max="80">80</HSP>
                    <VSP Min="78" Max="80">80</VSP>
                    <AR Min="0" Max="1000">1.77778</AR>
                    <Interlaced>80</Interlaced>
                    <VFType Min="0" Max="0">8</VFType>
                    <VFEnum Min="0" Max="4700">2708</VFEnum>
                    <VFStdFrom Min="0" Max="4">4</VFStdFrom>
                    <VFStdNum>16</VFStdNum>
                  </VideoFormat>
                </EDIDIn>
              </DPIn>
              <DVIIn id="0">
                <Hdcp id="0">
                  <Mode Min="0" Max="1">0</Mode>
                  <HdcpAuth Min="0" Max="1">0</HdcpAuth>
                </Hdcp>
                <EDIDIn id="0">
                  <BitDepth LegalValues="1">1</BitDepth>
                  <EdidStatus Min="0" Max="4">0</EdidStatus>
                  <VideoFormat id="0">
                    <Name>1920x1080p @59.94</Name>
                    <HFreq>67433</HFreq>
                    <HSync Min="1" Max="192">88</HSync>
                    <HActive Min="0" Max="2024">1920</HActive>
                    <HFP Min="0" Max="192">88</HFP>
                    <HTotal Min="2096" Max="8191">2200</HTotal>
                    <VFreq Min="20" Max="75">59.9401</VFreq>
                    <VSync Min="1" Max="41">5</VSync>
                    <VActive Min="0" Max="1116">1080</VActive>
                    <VFP Min="0" Max="40">4</VFP>
                    <VTotal Min="1089" Max="8191">1125</VTotal>
                    <PixelClk>148.352</PixelClk>
                    <HSP Min="78" Max="80">80</HSP>
                    <VSP Min="78" Max="80">80</VSP>
                    <AR Min="0" Max="1000">1.77778</AR>
                    <Interlaced>80</Interlaced>
                    <VFType Min="0" Max="0">8</VFType>
                    <VFEnum Min="0" Max="4700">2708</VFEnum>
                    <VFStdFrom Min="0" Max="4">4</VFStdFrom>
                    <VFStdNum>16</VFStdNum>
                  </VideoFormat>
                </EDIDIn>
              </DVIIn>
              <SDIIn id="0">
                <Type3G LegalValues="0 1 2 3">2</Type3G>
              </SDIIn>
              <HDMIIn id="0">
                <Hdcp id="0">
                  <Mode Min="0" Max="1">0</Mode>
                  <HdcpAuth Min="0" Max="1">0</HdcpAuth>
                </Hdcp>
                <EDIDIn id="0">
                  <BitDepth LegalValues="1 2 3">3</BitDepth>
                  <EdidStatus Min="0" Max="4">0</EdidStatus>
                  <VideoFormat id="0">
                    <Name>1920x1080p @59.94</Name>
                    <HFreq>67433</HFreq>
                    <HSync Min="1" Max="192">88</HSync>
                    <HActive Min="0" Max="2024">1920</HActive>
                    <HFP Min="0" Max="192">88</HFP>
                    <HTotal Min="2096" Max="8191">2200</HTotal>
                    <VFreq Min="20" Max="75">59.9401</VFreq>
                    <VSync Min="1" Max="41">5</VSync>
                    <VActive Min="0" Max="1116">1080</VActive>
                    <VFP Min="0" Max="40">4</VFP>
                    <VTotal Min="1089" Max="8191">1125</VTotal>
                    <PixelClk>148.352</PixelClk>
                    <HSP Min="78" Max="80">80</HSP>
                    <VSP Min="78" Max="80">80</VSP>
                    <AR Min="0" Max="1000">1.77778</AR>
                    <Interlaced>80</Interlaced>
                    <VFType Min="0" Max="0">8</VFType>
                    <VFEnum Min="0" Max="4700">2708</VFEnum>
                    <VFStdFrom Min="0" Max="4">4</VFStdFrom>
                    <VFStdNum>16</VFStdNum>
                  </VideoFormat>
                </EDIDIn>
              </HDMIIn>
              <VideoFormat id="0">
                <Name>Empty</Name>
                <HFreq>0</HFreq>
                <HSync Min="1" Max="1">1</HSync>
                <HActive Min="0" Max="0">0</HActive>
                <HFP Min="0" Max="0">0</HFP>
                <HTotal Min="1" Max="8191">1</HTotal>
                <VFreq Min="20" Max="75">20</VFreq>
                <VSync Min="1" Max="1">1</VSync>
                <VActive Min="0" Max="0">0</VActive>
                <VFP Min="0" Max="0">0</VFP>
                <VTotal Min="1" Max="8191">1</VTotal>
                <PixelClk>0</PixelClk>
                <HSP Min="78" Max="80">80</HSP>
                <VSP Min="78" Max="80">80</VSP>
                <AR Min="0" Max="1000">0</AR>
                <Interlaced>80</Interlaced>
                <VFType Min="0" Max="0">0</VFType>
                <VFEnum Min="0" Max="4700">0</VFEnum>
                <VFStdFrom Min="0" Max="4">0</VFStdFrom>
                <VFStdNum>0</VFStdNum>
              </VideoFormat>
            </In>
          </CardIn>
          <CardExp id="0">
            <LinkConnector id="0">
              <Mode Min="0" Max="1">0</Mode>
              <IP>192.168.000.201</IP>
              <MacAddress>aa:aa:aa:aa:aa:aa</MacAddress>
              <Connected Min="0" Max="1">0</Connected>
              <ConnectorIndex Min="-1" Max="3">-1</ConnectorIndex>
              <SlotIndex Min="-1" Max="22">-1</SlotIndex>
            </LinkConnector>
            <LinkConnector id="1">
              <Mode Min="0" Max="1">0</Mode>
              <IP>192.168.000.201</IP>
              <MacAddress>aa:aa:aa:aa:aa:aa</MacAddress>
              <Connected Min="0" Max="1">0</Connected>
              <ConnectorIndex Min="-1" Max="3">-1</ConnectorIndex>
              <SlotIndex Min="-1" Max="22">-1</SlotIndex>
            </LinkConnector>
          </CardExp>
          <CardOut id="0">
            <NumOfChan Min="0" Max="4">4</NumOfChan>
            <CapacityStatus Min="0" Max="1">0</CapacityStatus>
            <Out id="0">
              <Capacity LegalValues="0 1 2 4">1</Capacity>
              <DPOut id="0">
                <HdcpAuth Min="0" Max="1">0</HdcpAuth>
                <EDIDOut id="0">
                  <EDIDValid Min="0" Max="1">0</EDIDValid>
                  <SupportHdmi Min="0" Max="1">0</SupportHdmi>
                  <SupportRGB Min="0" Max="1">1</SupportRGB>
                  <SupportSMPTE Min="0" Max="1">1</SupportSMPTE>
                  <Support444 Min="0" Max="1">1</Support444>
                  <Support422 Min="0" Max="1">1</Support422>
                  <BitDepth48 Min="0" Max="1">1</BitDepth48>
                  <BitDepth36 Min="0" Max="1">1</BitDepth36>
                  <BitDepth30 Min="0" Max="1">1</BitDepth30>
                  <BitDepth LegalValues="0 1 2 3 4 5">1</BitDepth>
                  <MaxTmds Min="0" Max="255">0</MaxTmds>
                  <VideoFormat id="0">
                    <Name>Empty</Name>
                    <HFreq>0</HFreq>
                    <HSync Min="1" Max="1">1</HSync>
                    <HActive Min="0" Max="0">0</HActive>
                    <HFP Min="0" Max="0">0</HFP>
                    <HTotal Min="1" Max="8191">1</HTotal>
                    <VFreq Min="20" Max="75">20</VFreq>
                    <VSync Min="1" Max="1">1</VSync>
                    <VActive Min="0" Max="0">0</VActive>
                    <VFP Min="0" Max="0">0</VFP>
                    <VTotal Min="1" Max="8191">1</VTotal>
                    <PixelClk>0</PixelClk>
                    <HSP Min="78" Max="80">80</HSP>
                    <VSP Min="78" Max="80">80</VSP>
                    <AR Min="0" Max="1000">0</AR>
                    <Interlaced>80</Interlaced>
                    <VFType Min="0" Max="0">0</VFType>
                    <VFEnum Min="0" Max="4700">0</VFEnum>
                    <VFStdFrom Min="0" Max="4">0</VFStdFrom>
                    <VFStdNum>0</VFStdNum>
                  </VideoFormat>
                </EDIDOut>
              </DPOut>
              <DVIOut id="0">
                <HdcpAuth Min="0" Max="1">0</HdcpAuth>
                <EDIDOut id="0">
                  <EDIDValid Min="0" Max="1">0</EDIDValid>
                  <SupportHdmi Min="0" Max="1">0</SupportHdmi>
                  <SupportRGB Min="0" Max="1">1</SupportRGB>
                  <SupportSMPTE Min="0" Max="1">1</SupportSMPTE>
                  <Support444 Min="0" Max="1">1</Support444>
                  <Support422 Min="0" Max="1">1</Support422>
                  <BitDepth48 Min="0" Max="1">1</BitDepth48>
                  <BitDepth36 Min="0" Max="1">1</BitDepth36>
                  <BitDepth30 Min="0" Max="1">1</BitDepth30>
                  <BitDepth LegalValues="0 1 2 3 4 5">1</BitDepth>
                  <MaxTmds Min="0" Max="255">0</MaxTmds>
                  <VideoFormat id="0">
                    <Name>Empty</Name>
                    <HFreq>0</HFreq>
                    <HSync Min="1" Max="1">1</HSync>
                    <HActive Min="0" Max="0">0</HActive>
                    <HFP Min="0" Max="0">0</HFP>
                    <HTotal Min="1" Max="8191">1</HTotal>
                    <VFreq Min="20" Max="75">20</VFreq>
                    <VSync Min="1" Max="1">1</VSync>
                    <VActive Min="0" Max="0">0</VActive>
                    <VFP Min="0" Max="0">0</VFP>
                    <VTotal Min="1" Max="8191">1</VTotal>
                    <PixelClk>0</PixelClk>
                    <HSP Min="78" Max="80">80</HSP>
                    <VSP Min="78" Max="80">80</VSP>
                    <AR Min="0" Max="1000">0</AR>
                    <Interlaced>80</Interlaced>
                    <VFType Min="0" Max="0">0</VFType>
                    <VFEnum Min="0" Max="4700">0</VFEnum>
                    <VFStdFrom Min="0" Max="4">0</VFStdFrom>
                    <VFStdNum>0</VFStdNum>
                  </VideoFormat>
                </EDIDOut>
              </DVIOut>
              <SDIOut id="0">
                <Type3G LegalValues="0 1 2 3">2</Type3G>
              </SDIOut>
              <HDMIOutput id="0">
                <HdcpAuth Min="0" Max="1">0</HdcpAuth>
                <SinkType Min="0" Max="1">1</SinkType>
                <EDIDOut id="0">
                  <EDIDValid Min="0" Max="1">0</EDIDValid>
                  <SupportHdmi Min="0" Max="1">0</SupportHdmi>
                  <SupportRGB Min="0" Max="1">1</SupportRGB>
                  <SupportSMPTE Min="0" Max="1">1</SupportSMPTE>
                  <Support444 Min="0" Max="1">1</Support444>
                  <Support422 Min="0" Max="1">1</Support422>
                  <BitDepth48 Min="0" Max="1">1</BitDepth48>
                  <BitDepth36 Min="0" Max="1">1</BitDepth36>
                  <BitDepth30 Min="0" Max="1">1</BitDepth30>
                  <BitDepth LegalValues="0 1 2 3 4 5">1</BitDepth>
                  <MaxTmds Min="0" Max="255">0</MaxTmds>
                  <VideoFormat id="0">
                    <Name>Empty</Name>
                    <HFreq>0</HFreq>
                    <HSync Min="1" Max="1">1</HSync>
                    <HActive Min="0" Max="0">0</HActive>
                    <HFP Min="0" Max="0">0</HFP>
                    <HTotal Min="1" Max="8191">1</HTotal>
                    <VFreq Min="20" Max="75">20</VFreq>
                    <VSync Min="1" Max="1">1</VSync>
                    <VActive Min="0" Max="0">0</VActive>
                    <VFP Min="0" Max="0">0</VFP>
                    <VTotal Min="1" Max="8191">1</VTotal>
                    <PixelClk>0</PixelClk>
                    <HSP Min="78" Max="80">80</HSP>
                    <VSP Min="78" Max="80">80</VSP>
                    <AR Min="0" Max="1000">0</AR>
                    <Interlaced>80</Interlaced>
                    <VFType Min="0" Max="0">0</VFType>
                    <VFEnum Min="0" Max="4700">0</VFEnum>
                    <VFStdFrom Min="0" Max="4">0</VFStdFrom>
                    <VFStdNum>0</VFStdNum>
                  </VideoFormat>
                </EDIDOut>
              </HDMIOutput>
            </Out>
            <Out id="1">
              <Capacity LegalValues="0 1 2 4">1</Capacity>
              <DPOut id="0">
                <HdcpAuth Min="0" Max="1">0</HdcpAuth>
                <EDIDOut id="0">
                  <EDIDValid Min="0" Max="1">0</EDIDValid>
                  <SupportHdmi Min="0" Max="1">0</SupportHdmi>
                  <SupportRGB Min="0" Max="1">1</SupportRGB>
                  <SupportSMPTE Min="0" Max="1">1</SupportSMPTE>
                  <Support444 Min="0" Max="1">1</Support444>
                  <Support422 Min="0" Max="1">1</Support422>
                  <BitDepth48 Min="0" Max="1">1</BitDepth48>
                  <BitDepth36 Min="0" Max="1">1</BitDepth36>
                  <BitDepth30 Min="0" Max="1">1</BitDepth30>
                  <BitDepth LegalValues="0 1 2 3 4 5">1</BitDepth>
                  <MaxTmds Min="0" Max="255">0</MaxTmds>
                  <VideoFormat id="0">
                    <Name>Empty</Name>
                    <HFreq>0</HFreq>
                    <HSync Min="1" Max="1">1</HSync>
                    <HActive Min="0" Max="0">0</HActive>
                    <HFP Min="0" Max="0">0</HFP>
                    <HTotal Min="1" Max="8191">1</HTotal>
                    <VFreq Min="20" Max="75">20</VFreq>
                    <VSync Min="1" Max="1">1</VSync>
                    <VActive Min="0" Max="0">0</VActive>
                    <VFP Min="0" Max="0">0</VFP>
                    <VTotal Min="1" Max="8191">1</VTotal>
                    <PixelClk>0</PixelClk>
                    <HSP Min="78" Max="80">80</HSP>
                    <VSP Min="78" Max="80">80</VSP>
                    <AR Min="0" Max="1000">0</AR>
                    <Interlaced>80</Interlaced>
                    <VFType Min="0" Max="0">0</VFType>
                    <VFEnum Min="0" Max="4700">0</VFEnum>
                    <VFStdFrom Min="0" Max="4">0</VFStdFrom>
                    <VFStdNum>0</VFStdNum>
                  </VideoFormat>
                </EDIDOut>
              </DPOut>
              <DVIOut id="0">
                <HdcpAuth Min="0" Max="1">0</HdcpAuth>
                <EDIDOut id="0">
                  <EDIDValid Min="0" Max="1">0</EDIDValid>
                  <SupportHdmi Min="0" Max="1">0</SupportHdmi>
                  <SupportRGB Min="0" Max="1">1</SupportRGB>
                  <SupportSMPTE Min="0" Max="1">1</SupportSMPTE>
                  <Support444 Min="0" Max="1">1</Support444>
                  <Support422 Min="0" Max="1">1</Support422>
                  <BitDepth48 Min="0" Max="1">1</BitDepth48>
                  <BitDepth36 Min="0" Max="1">1</BitDepth36>
                  <BitDepth30 Min="0" Max="1">1</BitDepth30>
                  <BitDepth LegalValues="0 1 2 3 4 5">1</BitDepth>
                  <MaxTmds Min="0" Max="255">0</MaxTmds>
                  <VideoFormat id="0">
                    <Name>Empty</Name>
                    <HFreq>0</HFreq>
                    <HSync Min="1" Max="1">1</HSync>
                    <HActive Min="0" Max="0">0</HActive>
                    <HFP Min="0" Max="0">0</HFP>
                    <HTotal Min="1" Max="8191">1</HTotal>
                    <VFreq Min="20" Max="75">20</VFreq>
                    <VSync Min="1" Max="1">1</VSync>
                    <VActive Min="0" Max="0">0</VActive>
                    <VFP Min="0" Max="0">0</VFP>
                    <VTotal Min="1" Max="8191">1</VTotal>
                    <PixelClk>0</PixelClk>
                    <HSP Min="78" Max="80">80</HSP>
                    <VSP Min="78" Max="80">80</VSP>
                    <AR Min="0" Max="1000">0</AR>
                    <Interlaced>80</Interlaced>
                    <VFType Min="0" Max="0">0</VFType>
                    <VFEnum Min="0" Max="4700">0</VFEnum>
                    <VFStdFrom Min="0" Max="4">0</VFStdFrom>
                    <VFStdNum>0</VFStdNum>
                  </VideoFormat>
                </EDIDOut>
              </DVIOut>
              <SDIOut id="0">
                <Type3G LegalValues="0 1 2 3">2</Type3G>
              </SDIOut>
              <HDMIOutput id="0">
                <HdcpAuth Min="0" Max="1">0</HdcpAuth>
                <SinkType Min="0" Max="1">1</SinkType>
                <EDIDOut id="0">
                  <EDIDValid Min="0" Max="1">0</EDIDValid>
                  <SupportHdmi Min="0" Max="1">0</SupportHdmi>
                  <SupportRGB Min="0" Max="1">1</SupportRGB>
                  <SupportSMPTE Min="0" Max="1">1</SupportSMPTE>
                  <Support444 Min="0" Max="1">1</Support444>
                  <Support422 Min="0" Max="1">1</Support422>
                  <BitDepth48 Min="0" Max="1">1</BitDepth48>
                  <BitDepth36 Min="0" Max="1">1</BitDepth36>
                  <BitDepth30 Min="0" Max="1">1</BitDepth30>
                  <BitDepth LegalValues="0 1 2 3 4 5">1</BitDepth>
                  <MaxTmds Min="0" Max="255">0</MaxTmds>
                  <VideoFormat id="0">
                    <Name>Empty</Name>
                    <HFreq>0</HFreq>
                    <HSync Min="1" Max="1">1</HSync>
                    <HActive Min="0" Max="0">0</HActive>
                    <HFP Min="0" Max="0">0</HFP>
                    <HTotal Min="1" Max="8191">1</HTotal>
                    <VFreq Min="20" Max="75">20</VFreq>
                    <VSync Min="1" Max="1">1</VSync>
                    <VActive Min="0" Max="0">0</VActive>
                    <VFP Min="0" Max="0">0</VFP>
                    <VTotal Min="1" Max="8191">1</VTotal>
                    <PixelClk>0</PixelClk>
                    <HSP Min="78" Max="80">80</HSP>
                    <VSP Min="78" Max="80">80</VSP>
                    <AR Min="0" Max="1000">0</AR>
                    <Interlaced>80</Interlaced>
                    <VFType Min="0" Max="0">0</VFType>
                    <VFEnum Min="0" Max="4700">0</VFEnum>
                    <VFStdFrom Min="0" Max="4">0</VFStdFrom>
                    <VFStdNum>0</VFStdNum>
                  </VideoFormat>
                </EDIDOut>
              </HDMIOutput>
            </Out>
            <Out id="2">
              <Capacity LegalValues="0 1 2 4">1</Capacity>
              <DPOut id="0">
                <HdcpAuth Min="0" Max="1">0</HdcpAuth>
                <EDIDOut id="0">
                  <EDIDValid Min="0" Max="1">0</EDIDValid>
                  <SupportHdmi Min="0" Max="1">0</SupportHdmi>
                  <SupportRGB Min="0" Max="1">1</SupportRGB>
                  <SupportSMPTE Min="0" Max="1">1</SupportSMPTE>
                  <Support444 Min="0" Max="1">1</Support444>
                  <Support422 Min="0" Max="1">1</Support422>
                  <BitDepth48 Min="0" Max="1">1</BitDepth48>
                  <BitDepth36 Min="0" Max="1">1</BitDepth36>
                  <BitDepth30 Min="0" Max="1">1</BitDepth30>
                  <BitDepth LegalValues="0 1 2 3 4 5">1</BitDepth>
                  <MaxTmds Min="0" Max="255">0</MaxTmds>
                  <VideoFormat id="0">
                    <Name>Empty</Name>
                    <HFreq>0</HFreq>
                    <HSync Min="1" Max="1">1</HSync>
                    <HActive Min="0" Max="0">0</HActive>
                    <HFP Min="0" Max="0">0</HFP>
                    <HTotal Min="1" Max="8191">1</HTotal>
                    <VFreq Min="20" Max="75">20</VFreq>
                    <VSync Min="1" Max="1">1</VSync>
                    <VActive Min="0" Max="0">0</VActive>
                    <VFP Min="0" Max="0">0</VFP>
                    <VTotal Min="1" Max="8191">1</VTotal>
                    <PixelClk>0</PixelClk>
                    <HSP Min="78" Max="80">80</HSP>
                    <VSP Min="78" Max="80">80</VSP>
                    <AR Min="0" Max="1000">0</AR>
                    <Interlaced>80</Interlaced>
                    <VFType Min="0" Max="0">0</VFType>
                    <VFEnum Min="0" Max="4700">0</VFEnum>
                    <VFStdFrom Min="0" Max="4">0</VFStdFrom>
                    <VFStdNum>0</VFStdNum>
                  </VideoFormat>
                </EDIDOut>
              </DPOut>
              <DVIOut id="0">
                <HdcpAuth Min="0" Max="1">0</HdcpAuth>
                <EDIDOut id="0">
                  <EDIDValid Min="0" Max="1">0</EDIDValid>
                  <SupportHdmi Min="0" Max="1">0</SupportHdmi>
                  <SupportRGB Min="0" Max="1">1</SupportRGB>
                  <SupportSMPTE Min="0" Max="1">1</SupportSMPTE>
                  <Support444 Min="0" Max="1">1</Support444>
                  <Support422 Min="0" Max="1">1</Support422>
                  <BitDepth48 Min="0" Max="1">1</BitDepth48>
                  <BitDepth36 Min="0" Max="1">1</BitDepth36>
                  <BitDepth30 Min="0" Max="1">1</BitDepth30>
                  <BitDepth LegalValues="0 1 2 3 4 5">1</BitDepth>
                  <MaxTmds Min="0" Max="255">0</MaxTmds>
                  <VideoFormat id="0">
                    <Name>Empty</Name>
                    <HFreq>0</HFreq>
                    <HSync Min="1" Max="1">1</HSync>
                    <HActive Min="0" Max="0">0</HActive>
                    <HFP Min="0" Max="0">0</HFP>
                    <HTotal Min="1" Max="8191">1</HTotal>
                    <VFreq Min="20" Max="75">20</VFreq>
                    <VSync Min="1" Max="1">1</VSync>
                    <VActive Min="0" Max="0">0</VActive>
                    <VFP Min="0" Max="0">0</VFP>
                    <VTotal Min="1" Max="8191">1</VTotal>
                    <PixelClk>0</PixelClk>
                    <HSP Min="78" Max="80">80</HSP>
                    <VSP Min="78" Max="80">80</VSP>
                    <AR Min="0" Max="1000">0</AR>
                    <Interlaced>80</Interlaced>
                    <VFType Min="0" Max="0">0</VFType>
                    <VFEnum Min="0" Max="4700">0</VFEnum>
                    <VFStdFrom Min="0" Max="4">0</VFStdFrom>
                    <VFStdNum>0</VFStdNum>
                  </VideoFormat>
                </EDIDOut>
              </DVIOut>
              <SDIOut id="0">
                <Type3G LegalValues="0 1 2 3">2</Type3G>
              </SDIOut>
              <HDMIOutput id="0">
                <HdcpAuth Min="0" Max="1">0</HdcpAuth>
                <SinkType Min="0" Max="1">1</SinkType>
                <EDIDOut id="0">
                  <EDIDValid Min="0" Max="1">0</EDIDValid>
                  <SupportHdmi Min="0" Max="1">0</SupportHdmi>
                  <SupportRGB Min="0" Max="1">1</SupportRGB>
                  <SupportSMPTE Min="0" Max="1">1</SupportSMPTE>
                  <Support444 Min="0" Max="1">1</Support444>
                  <Support422 Min="0" Max="1">1</Support422>
                  <BitDepth48 Min="0" Max="1">1</BitDepth48>
                  <BitDepth36 Min="0" Max="1">1</BitDepth36>
                  <BitDepth30 Min="0" Max="1">1</BitDepth30>
                  <BitDepth LegalValues="0 1 2 3 4 5">1</BitDepth>
                  <MaxTmds Min="0" Max="255">0</MaxTmds>
                  <VideoFormat id="0">
                    <Name>Empty</Name>
                    <HFreq>0</HFreq>
                    <HSync Min="1" Max="1">1</HSync>
                    <HActive Min="0" Max="0">0</HActive>
                    <HFP Min="0" Max="0">0</HFP>
                    <HTotal Min="1" Max="8191">1</HTotal>
                    <VFreq Min="20" Max="75">20</VFreq>
                    <VSync Min="1" Max="1">1</VSync>
                    <VActive Min="0" Max="0">0</VActive>
                    <VFP Min="0" Max="0">0</VFP>
                    <VTotal Min="1" Max="8191">1</VTotal>
                    <PixelClk>0</PixelClk>
                    <HSP Min="78" Max="80">80</HSP>
                    <VSP Min="78" Max="80">80</VSP>
                    <AR Min="0" Max="1000">0</AR>
                    <Interlaced>80</Interlaced>
                    <VFType Min="0" Max="0">0</VFType>
                    <VFEnum Min="0" Max="4700">0</VFEnum>
                    <VFStdFrom Min="0" Max="4">0</VFStdFrom>
                    <VFStdNum>0</VFStdNum>
                  </VideoFormat>
                </EDIDOut>
              </HDMIOutput>
            </Out>
            <Out id="3">
              <Capacity LegalValues="0 1 2 4">1</Capacity>
              <DPOut id="0">
                <HdcpAuth Min="0" Max="1">0</HdcpAuth>
                <EDIDOut id="0">
                  <EDIDValid Min="0" Max="1">0</EDIDValid>
                  <SupportHdmi Min="0" Max="1">0</SupportHdmi>
                  <SupportRGB Min="0" Max="1">1</SupportRGB>
                  <SupportSMPTE Min="0" Max="1">1</SupportSMPTE>
                  <Support444 Min="0" Max="1">1</Support444>
                  <Support422 Min="0" Max="1">1</Support422>
                  <BitDepth48 Min="0" Max="1">1</BitDepth48>
                  <BitDepth36 Min="0" Max="1">1</BitDepth36>
                  <BitDepth30 Min="0" Max="1">1</BitDepth30>
                  <BitDepth LegalValues="0 1 2 3 4 5">1</BitDepth>
                  <MaxTmds Min="0" Max="255">0</MaxTmds>
                  <VideoFormat id="0">
                    <Name>Empty</Name>
                    <HFreq>0</HFreq>
                    <HSync Min="1" Max="1">1</HSync>
                    <HActive Min="0" Max="0">0</HActive>
                    <HFP Min="0" Max="0">0</HFP>
                    <HTotal Min="1" Max="8191">1</HTotal>
                    <VFreq Min="20" Max="75">20</VFreq>
                    <VSync Min="1" Max="1">1</VSync>
                    <VActive Min="0" Max="0">0</VActive>
                    <VFP Min="0" Max="0">0</VFP>
                    <VTotal Min="1" Max="8191">1</VTotal>
                    <PixelClk>0</PixelClk>
                    <HSP Min="78" Max="80">80</HSP>
                    <VSP Min="78" Max="80">80</VSP>
                    <AR Min="0" Max="1000">0</AR>
                    <Interlaced>80</Interlaced>
                    <VFType Min="0" Max="0">0</VFType>
                    <VFEnum Min="0" Max="4700">0</VFEnum>
                    <VFStdFrom Min="0" Max="4">0</VFStdFrom>
                    <VFStdNum>0</VFStdNum>
                  </VideoFormat>
                </EDIDOut>
              </DPOut>
              <DVIOut id="0">
                <HdcpAuth Min="0" Max="1">0</HdcpAuth>
                <EDIDOut id="0">
                  <EDIDValid Min="0" Max="1">0</EDIDValid>
                  <SupportHdmi Min="0" Max="1">0</SupportHdmi>
                  <SupportRGB Min="0" Max="1">1</SupportRGB>
                  <SupportSMPTE Min="0" Max="1">1</SupportSMPTE>
                  <Support444 Min="0" Max="1">1</Support444>
                  <Support422 Min="0" Max="1">1</Support422>
                  <BitDepth48 Min="0" Max="1">1</BitDepth48>
                  <BitDepth36 Min="0" Max="1">1</BitDepth36>
                  <BitDepth30 Min="0" Max="1">1</BitDepth30>
                  <BitDepth LegalValues="0 1 2 3 4 5">1</BitDepth>
                  <MaxTmds Min="0" Max="255">0</MaxTmds>
                  <VideoFormat id="0">
                    <Name>Empty</Name>
                    <HFreq>0</HFreq>
                    <HSync Min="1" Max="1">1</HSync>
                    <HActive Min="0" Max="0">0</HActive>
                    <HFP Min="0" Max="0">0</HFP>
                    <HTotal Min="1" Max="8191">1</HTotal>
                    <VFreq Min="20" Max="75">20</VFreq>
                    <VSync Min="1" Max="1">1</VSync>
                    <VActive Min="0" Max="0">0</VActive>
                    <VFP Min="0" Max="0">0</VFP>
                    <VTotal Min="1" Max="8191">1</VTotal>
                    <PixelClk>0</PixelClk>
                    <HSP Min="78" Max="80">80</HSP>
                    <VSP Min="78" Max="80">80</VSP>
                    <AR Min="0" Max="1000">0</AR>
                    <Interlaced>80</Interlaced>
                    <VFType Min="0" Max="0">0</VFType>
                    <VFEnum Min="0" Max="4700">0</VFEnum>
                    <VFStdFrom Min="0" Max="4">0</VFStdFrom>
                    <VFStdNum>0</VFStdNum>
                  </VideoFormat>
                </EDIDOut>
              </DVIOut>
              <SDIOut id="0">
                <Type3G LegalValues="0 1 2 3">2</Type3G>
              </SDIOut>
              <HDMIOutput id="0">
                <HdcpAuth Min="0" Max="1">0</HdcpAuth>
                <SinkType Min="0" Max="1">1</SinkType>
                <EDIDOut id="0">
                  <EDIDValid Min="0" Max="1">0</EDIDValid>
                  <SupportHdmi Min="0" Max="1">0</SupportHdmi>
                  <SupportRGB Min="0" Max="1">1</SupportRGB>
                  <SupportSMPTE Min="0" Max="1">1</SupportSMPTE>
                  <Support444 Min="0" Max="1">1</Support444>
                  <Support422 Min="0" Max="1">1</Support422>
                  <BitDepth48 Min="0" Max="1">1</BitDepth48>
                  <BitDepth36 Min="0" Max="1">1</BitDepth36>
                  <BitDepth30 Min="0" Max="1">1</BitDepth30>
                  <BitDepth LegalValues="0 1 2 3 4 5">1</BitDepth>
                  <MaxTmds Min="0" Max="255">0</MaxTmds>
                  <VideoFormat id="0">
                    <Name>Empty</Name>
                    <HFreq>0</HFreq>
                    <HSync Min="1" Max="1">1</HSync>
                    <HActive Min="0" Max="0">0</HActive>
                    <HFP Min="0" Max="0">0</HFP>
                    <HTotal Min="1" Max="8191">1</HTotal>
                    <VFreq Min="20" Max="75">20</VFreq>
                    <VSync Min="1" Max="1">1</VSync>
                    <VActive Min="0" Max="0">0</VActive>
                    <VFP Min="0" Max="0">0</VFP>
                    <VTotal Min="1" Max="8191">1</VTotal>
                    <PixelClk>0</PixelClk>
                    <HSP Min="78" Max="80">80</HSP>
                    <VSP Min="78" Max="80">80</VSP>
                    <AR Min="0" Max="1000">0</AR>
                    <Interlaced>80</Interlaced>
                    <VFType Min="0" Max="0">0</VFType>
                    <VFEnum Min="0" Max="4700">0</VFEnum>
                    <VFStdFrom Min="0" Max="4">0</VFStdFrom>
                    <VFStdNum>0</VFStdNum>
                  </VideoFormat>
                </EDIDOut>
              </HDMIOutput>
            </Out>
          </CardOut>
          <CardLayer id="0">
            <BankIndex Min="-1" Max="4">-1</BankIndex>
            <VpuIndex Min="-1" Max="4">-1</VpuIndex>
            <Luma Min="0" Max="100">37.5</Luma>
            <Sat Min="0" Max="100">100</Sat>
            <Hue Min="0" Max="360">0</Hue>
            <LinkAssign id="0">
              <XPos Min="0" Max="1000000">0</XPos>
              <YPos Min="0" Max="1000000">0</YPos>
              <ZPos Min="0" Max="1000000">0</ZPos>
              <DestIndex Min="-1" Max="127">-1</DestIndex>
              <Rect id="0">
                <HPos Min="-32767" Max="32767">0</HPos>
                <VPos Min="-32767" Max="32767">0</VPos>
                <HSize Min="0" Max="32767">0</HSize>
                <VSize Min="0" Max="32767">0</VSize>
                <AR Min="0" Max="99">0</AR>
              </Rect>
            </LinkAssign>
            <LinkAssign id="1">
              <XPos Min="0" Max="1000000">0</XPos>
              <YPos Min="0" Max="1000000">0</YPos>
              <ZPos Min="0" Max="1000000">0</ZPos>
              <DestIndex Min="-1" Max="127">-1</DestIndex>
              <Rect id="0">
                <HPos Min="-32767" Max="32767">0</HPos>
                <VPos Min="-32767" Max="32767">0</VPos>
                <HSize Min="0" Max="32767">0</HSize>
                <VSize Min="0" Max="32767">0</VSize>
                <AR Min="0" Max="99">0</AR>
              </Rect>
            </LinkAssign>
            <LinkAssign id="2">
              <XPos Min="0" Max="1000000">0</XPos>
              <YPos Min="0" Max="1000000">0</YPos>
              <ZPos Min="0" Max="1000000">0</ZPos>
              <DestIndex Min="-1" Max="127">-1</DestIndex>
              <Rect id="0">
                <HPos Min="-32767" Max="32767">0</HPos>
                <VPos Min="-32767" Max="32767">0</VPos>
                <HSize Min="0" Max="32767">0</HSize>
                <VSize Min="0" Max="32767">0</VSize>
                <AR Min="0" Max="99">0</AR>
              </Rect>
            </LinkAssign>
            <LinkAssign id="3">
              <XPos Min="0" Max="1000000">0</XPos>
              <YPos Min="0" Max="1000000">0</YPos>
              <ZPos Min="0" Max="1000000">0</ZPos>
              <DestIndex Min="-1" Max="127">-1</DestIndex>
              <Rect id="0">
                <HPos Min="-32767" Max="32767">0</HPos>
                <VPos Min="-32767" Max="32767">0</VPos>
                <HSize Min="0" Max="32767">0</HSize>
                <VSize Min="0" Max="32767">0</VSize>
                <AR Min="0" Max="99">0</AR>
              </Rect>
            </LinkAssign>
            <ScalerAssign id="0">
              <YPos Min="0" Max="1000000">0</YPos>
              <ZPos Min="0" Max="1000000">0</ZPos>
              <LayerIndex Min="-1" Max="512">-1</LayerIndex>
              <DestIndex Min="-1" Max="127">-1</DestIndex>
            </ScalerAssign>
            <ScalerAssign id="1">
              <YPos Min="0" Max="1000000">0</YPos>
              <ZPos Min="0" Max="1000000">0</ZPos>
              <LayerIndex Min="-1" Max="512">-1</LayerIndex>
              <DestIndex Min="-1" Max="127">-1</DestIndex>
            </ScalerAssign>
            <ScalerAssign id="2">
              <YPos Min="0" Max="1000000">0</YPos>
              <ZPos Min="0" Max="1000000">0</ZPos>
              <LayerIndex Min="-1" Max="512">-1</LayerIndex>
              <DestIndex Min="-1" Max="127">-1</DestIndex>
            </ScalerAssign>
            <ScalerAssign id="3">
              <YPos Min="0" Max="1000000">0</YPos>
              <ZPos Min="0" Max="1000000">0</ZPos>
              <LayerIndex Min="-1" Max="512">-1</LayerIndex>
              <DestIndex Min="-1" Max="127">-1</DestIndex>
            </ScalerAssign>
          </CardLayer>
        </Card>
      </Slot>
      <Slot id="11">
        <Card id="0">
          <CardStatus Min="0" Max="4">0</CardStatus>
          <CardType Min="0" Max="255">255</CardType>
          <CardID/>
          <SlotIndex Min="-1" Max="23">11</SlotIndex>
          <CardIn id="0">
            <NumOfChan Min="0" Max="4">4</NumOfChan>
            <CapacityStatus Min="0" Max="1">0</CapacityStatus>
            <In id="0">
              <AutoAcqMode Min="0" Max="1">1</AutoAcqMode>
              <Capacity LegalValues="0 1 2 4">0</Capacity>
              <ColorSpace LegalValues="-1 0 1">0</ColorSpace>
              <ColorRange LegalValues="0 1">0</ColorRange>
              <Sync Min="0" Max="2">0</Sync>
              <DPIn id="0">
                <Hdcp id="0">
                  <Mode Min="0" Max="1">0</Mode>
                  <HdcpAuth Min="0" Max="1">0</HdcpAuth>
                </Hdcp>
                <EDIDIn id="0">
                  <BitDepth LegalValues="1 2 3">2</BitDepth>
                  <EdidStatus Min="0" Max="4">0</EdidStatus>
                  <VideoFormat id="0">
                    <Name>1920x1080p @59.94</Name>
                    <HFreq>67433</HFreq>
                    <HSync Min="1" Max="192">88</HSync>
                    <HActive Min="0" Max="2024">1920</HActive>
                    <HFP Min="0" Max="192">88</HFP>
                    <HTotal Min="2096" Max="8191">2200</HTotal>
                    <VFreq Min="20" Max="75">59.9401</VFreq>
                    <VSync Min="1" Max="41">5</VSync>
                    <VActive Min="0" Max="1116">1080</VActive>
                    <VFP Min="0" Max="40">4</VFP>
                    <VTotal Min="1089" Max="8191">1125</VTotal>
                    <PixelClk>148.352</PixelClk>
                    <HSP Min="78" Max="80">80</HSP>
                    <VSP Min="78" Max="80">80</VSP>
                    <AR Min="0" Max="1000">1.77778</AR>
                    <Interlaced>80</Interlaced>
                    <VFType Min="0" Max="0">8</VFType>
                    <VFEnum Min="0" Max="4700">2708</VFEnum>
                    <VFStdFrom Min="0" Max="4">4</VFStdFrom>
                    <VFStdNum>16</VFStdNum>
                  </VideoFormat>
                </EDIDIn>
              </DPIn>
              <DVIIn id="0">
                <Hdcp id="0">
                  <Mode Min="0" Max="1">0</Mode>
                  <HdcpAuth Min="0" Max="1">0</HdcpAuth>
                </Hdcp>
                <EDIDIn id="0">
                  <BitDepth LegalValues="1">1</BitDepth>
                  <EdidStatus Min="0" Max="4">0</EdidStatus>
                  <VideoFormat id="0">
                    <Name>1920x1080p @59.94</Name>
                    <HFreq>67433</HFreq>
                    <HSync Min="1" Max="192">88</HSync>
                    <HActive Min="0" Max="2024">1920</HActive>
                    <HFP Min="0" Max="192">88</HFP>
                    <HTotal Min="2096" Max="8191">2200</HTotal>
                    <VFreq Min="20" Max="75">59.9401</VFreq>
                    <VSync Min="1" Max="41">5</VSync>
                    <VActive Min="0" Max="1116">1080</VActive>
                    <VFP Min="0" Max="40">4</VFP>
                    <VTotal Min="1089" Max="8191">1125</VTotal>
                    <PixelClk>148.352</PixelClk>
                    <HSP Min="78" Max="80">80</HSP>
                    <VSP Min="78" Max="80">80</VSP>
                    <AR Min="0" Max="1000">1.77778</AR>
                    <Interlaced>80</Interlaced>
                    <VFType Min="0" Max="0">8</VFType>
                    <VFEnum Min="0" Max="4700">2708</VFEnum>
                    <VFStdFrom Min="0" Max="4">4</VFStdFrom>
                    <VFStdNum>16</VFStdNum>
                  </VideoFormat>
                </EDIDIn>
              </DVIIn>
              <SDIIn id="0">
                <Type3G LegalValues="0 1 2 3">2</Type3G>
              </SDIIn>
              <HDMIIn id="0">
                <Hdcp id="0">
                  <Mode Min="0" Max="1">0</Mode>
                  <HdcpAuth Min="0" Max="1">0</HdcpAuth>
                </Hdcp>
                <EDIDIn id="0">
                  <BitDepth LegalValues="1 2 3">3</BitDepth>
                  <EdidStatus Min="0" Max="4">0</EdidStatus>
                  <VideoFormat id="0">
                    <Name>1920x1080p @59.94</Name>
                    <HFreq>67433</HFreq>
                    <HSync Min="1" Max="192">88</HSync>
                    <HActive Min="0" Max="2024">1920</HActive>
                    <HFP Min="0" Max="192">88</HFP>
                    <HTotal Min="2096" Max="8191">2200</HTotal>
                    <VFreq Min="20" Max="75">59.9401</VFreq>
                    <VSync Min="1" Max="41">5</VSync>
                    <VActive Min="0" Max="1116">1080</VActive>
                    <VFP Min="0" Max="40">4</VFP>
                    <VTotal Min="1089" Max="8191">1125</VTotal>
                    <PixelClk>148.352</PixelClk>
                    <HSP Min="78" Max="80">80</HSP>
                    <VSP Min="78" Max="80">80</VSP>
                    <AR Min="0" Max="1000">1.77778</AR>
                    <Interlaced>80</Interlaced>
                    <VFType Min="0" Max="0">8</VFType>
                    <VFEnum Min="0" Max="4700">2708</VFEnum>
                    <VFStdFrom Min="0" Max="4">4</VFStdFrom>
                    <VFStdNum>16</VFStdNum>
                  </VideoFormat>
                </EDIDIn>
              </HDMIIn>
              <VideoFormat id="0">
                <Name>Empty</Name>
                <HFreq>0</HFreq>
                <HSync Min="1" Max="1">1</HSync>
                <HActive Min="0" Max="0">0</HActive>
                <HFP Min="0" Max="0">0</HFP>
                <HTotal Min="1" Max="8191">1</HTotal>
                <VFreq Min="20" Max="75">20</VFreq>
                <VSync Min="1" Max="1">1</VSync>
                <VActive Min="0" Max="0">0</VActive>
                <VFP Min="0" Max="0">0</VFP>
                <VTotal Min="1" Max="8191">1</VTotal>
                <PixelClk>0</PixelClk>
                <HSP Min="78" Max="80">80</HSP>
                <VSP Min="78" Max="80">80</VSP>
                <AR Min="0" Max="1000">0</AR>
                <Interlaced>80</Interlaced>
                <VFType Min="0" Max="0">0</VFType>
                <VFEnum Min="0" Max="4700">0</VFEnum>
                <VFStdFrom Min="0" Max="4">0</VFStdFrom>
                <VFStdNum>0</VFStdNum>
              </VideoFormat>
            </In>
            <In id="1">
              <AutoAcqMode Min="0" Max="1">1</AutoAcqMode>
              <Capacity LegalValues="0 1 2 4">0</Capacity>
              <ColorSpace LegalValues="-1 0 1">0</ColorSpace>
              <ColorRange LegalValues="0 1">0</ColorRange>
              <Sync Min="0" Max="2">0</Sync>
              <DPIn id="0">
                <Hdcp id="0">
                  <Mode Min="0" Max="1">0</Mode>
                  <HdcpAuth Min="0" Max="1">0</HdcpAuth>
                </Hdcp>
                <EDIDIn id="0">
                  <BitDepth LegalValues="1 2 3">2</BitDepth>
                  <EdidStatus Min="0" Max="4">0</EdidStatus>
                  <VideoFormat id="0">
                    <Name>1920x1080p @59.94</Name>
                    <HFreq>67433</HFreq>
                    <HSync Min="1" Max="192">88</HSync>
                    <HActive Min="0" Max="2024">1920</HActive>
                    <HFP Min="0" Max="192">88</HFP>
                    <HTotal Min="2096" Max="8191">2200</HTotal>
                    <VFreq Min="20" Max="75">59.9401</VFreq>
                    <VSync Min="1" Max="41">5</VSync>
                    <VActive Min="0" Max="1116">1080</VActive>
                    <VFP Min="0" Max="40">4</VFP>
                    <VTotal Min="1089" Max="8191">1125</VTotal>
                    <PixelClk>148.352</PixelClk>
                    <HSP Min="78" Max="80">80</HSP>
                    <VSP Min="78" Max="80">80</VSP>
                    <AR Min="0" Max="1000">1.77778</AR>
                    <Interlaced>80</Interlaced>
                    <VFType Min="0" Max="0">8</VFType>
                    <VFEnum Min="0" Max="4700">2708</VFEnum>
                    <VFStdFrom Min="0" Max="4">4</VFStdFrom>
                    <VFStdNum>16</VFStdNum>
                  </VideoFormat>
                </EDIDIn>
              </DPIn>
              <DVIIn id="0">
                <Hdcp id="0">
                  <Mode Min="0" Max="1">0</Mode>
                  <HdcpAuth Min="0" Max="1">0</HdcpAuth>
                </Hdcp>
                <EDIDIn id="0">
                  <BitDepth LegalValues="1">1</BitDepth>
                  <EdidStatus Min="0" Max="4">0</EdidStatus>
                  <VideoFormat id="0">
                    <Name>1920x1080p @59.94</Name>
                    <HFreq>67433</HFreq>
                    <HSync Min="1" Max="192">88</HSync>
                    <HActive Min="0" Max="2024">1920</HActive>
                    <HFP Min="0" Max="192">88</HFP>
                    <HTotal Min="2096" Max="8191">2200</HTotal>
                    <VFreq Min="20" Max="75">59.9401</VFreq>
                    <VSync Min="1" Max="41">5</VSync>
                    <VActive Min="0" Max="1116">1080</VActive>
                    <VFP Min="0" Max="40">4</VFP>
                    <VTotal Min="1089" Max="8191">1125</VTotal>
                    <PixelClk>148.352</PixelClk>
                    <HSP Min="78" Max="80">80</HSP>
                    <VSP Min="78" Max="80">80</VSP>
                    <AR Min="0" Max="1000">1.77778</AR>
                    <Interlaced>80</Interlaced>
                    <VFType Min="0" Max="0">8</VFType>
                    <VFEnum Min="0" Max="4700">2708</VFEnum>
                    <VFStdFrom Min="0" Max="4">4</VFStdFrom>
                    <VFStdNum>16</VFStdNum>
                  </VideoFormat>
                </EDIDIn>
              </DVIIn>
              <SDIIn id="0">
                <Type3G LegalValues="0 1 2 3">2</Type3G>
              </SDIIn>
              <HDMIIn id="0">
                <Hdcp id="0">
                  <Mode Min="0" Max="1">0</Mode>
                  <HdcpAuth Min="0" Max="1">0</HdcpAuth>
                </Hdcp>
                <EDIDIn id="0">
                  <BitDepth LegalValues="1 2 3">3</BitDepth>
                  <EdidStatus Min="0" Max="4">0</EdidStatus>
                  <VideoFormat id="0">
                    <Name>1920x1080p @59.94</Name>
                    <HFreq>67433</HFreq>
                    <HSync Min="1" Max="192">88</HSync>
                    <HActive Min="0" Max="2024">1920</HActive>
                    <HFP Min="0" Max="192">88</HFP>
                    <HTotal Min="2096" Max="8191">2200</HTotal>
                    <VFreq Min="20" Max="75">59.9401</VFreq>
                    <VSync Min="1" Max="41">5</VSync>
                    <VActive Min="0" Max="1116">1080</VActive>
                    <VFP Min="0" Max="40">4</VFP>
                    <VTotal Min="1089" Max="8191">1125</VTotal>
                    <PixelClk>148.352</PixelClk>
                    <HSP Min="78" Max="80">80</HSP>
                    <VSP Min="78" Max="80">80</VSP>
                    <AR Min="0" Max="1000">1.77778</AR>
                    <Interlaced>80</Interlaced>
                    <VFType Min="0" Max="0">8</VFType>
                    <VFEnum Min="0" Max="4700">2708</VFEnum>
                    <VFStdFrom Min="0" Max="4">4</VFStdFrom>
                    <VFStdNum>16</VFStdNum>
                  </VideoFormat>
                </EDIDIn>
              </HDMIIn>
              <VideoFormat id="0">
                <Name>Empty</Name>
                <HFreq>0</HFreq>
                <HSync Min="1" Max="1">1</HSync>
                <HActive Min="0" Max="0">0</HActive>
                <HFP Min="0" Max="0">0</HFP>
                <HTotal Min="1" Max="8191">1</HTotal>
                <VFreq Min="20" Max="75">20</VFreq>
                <VSync Min="1" Max="1">1</VSync>
                <VActive Min="0" Max="0">0</VActive>
                <VFP Min="0" Max="0">0</VFP>
                <VTotal Min="1" Max="8191">1</VTotal>
                <PixelClk>0</PixelClk>
                <HSP Min="78" Max="80">80</HSP>
                <VSP Min="78" Max="80">80</VSP>
                <AR Min="0" Max="1000">0</AR>
                <Interlaced>80</Interlaced>
                <VFType Min="0" Max="0">0</VFType>
                <VFEnum Min="0" Max="4700">0</VFEnum>
                <VFStdFrom Min="0" Max="4">0</VFStdFrom>
                <VFStdNum>0</VFStdNum>
              </VideoFormat>
            </In>
            <In id="2">
              <AutoAcqMode Min="0" Max="1">1</AutoAcqMode>
              <Capacity LegalValues="0 1 2 4">0</Capacity>
              <ColorSpace LegalValues="-1 0 1">0</ColorSpace>
              <ColorRange LegalValues="0 1">0</ColorRange>
              <Sync Min="0" Max="2">0</Sync>
              <DPIn id="0">
                <Hdcp id="0">
                  <Mode Min="0" Max="1">0</Mode>
                  <HdcpAuth Min="0" Max="1">0</HdcpAuth>
                </Hdcp>
                <EDIDIn id="0">
                  <BitDepth LegalValues="1 2 3">2</BitDepth>
                  <EdidStatus Min="0" Max="4">0</EdidStatus>
                  <VideoFormat id="0">
                    <Name>1920x1080p @59.94</Name>
                    <HFreq>67433</HFreq>
                    <HSync Min="1" Max="192">88</HSync>
                    <HActive Min="0" Max="2024">1920</HActive>
                    <HFP Min="0" Max="192">88</HFP>
                    <HTotal Min="2096" Max="8191">2200</HTotal>
                    <VFreq Min="20" Max="75">59.9401</VFreq>
                    <VSync Min="1" Max="41">5</VSync>
                    <VActive Min="0" Max="1116">1080</VActive>
                    <VFP Min="0" Max="40">4</VFP>
                    <VTotal Min="1089" Max="8191">1125</VTotal>
                    <PixelClk>148.352</PixelClk>
                    <HSP Min="78" Max="80">80</HSP>
                    <VSP Min="78" Max="80">80</VSP>
                    <AR Min="0" Max="1000">1.77778</AR>
                    <Interlaced>80</Interlaced>
                    <VFType Min="0" Max="0">8</VFType>
                    <VFEnum Min="0" Max="4700">2708</VFEnum>
                    <VFStdFrom Min="0" Max="4">4</VFStdFrom>
                    <VFStdNum>16</VFStdNum>
                  </VideoFormat>
                </EDIDIn>
              </DPIn>
              <DVIIn id="0">
                <Hdcp id="0">
                  <Mode Min="0" Max="1">0</Mode>
                  <HdcpAuth Min="0" Max="1">0</HdcpAuth>
                </Hdcp>
                <EDIDIn id="0">
                  <BitDepth LegalValues="1">1</BitDepth>
                  <EdidStatus Min="0" Max="4">0</EdidStatus>
                  <VideoFormat id="0">
                    <Name>1920x1080p @59.94</Name>
                    <HFreq>67433</HFreq>
                    <HSync Min="1" Max="192">88</HSync>
                    <HActive Min="0" Max="2024">1920</HActive>
                    <HFP Min="0" Max="192">88</HFP>
                    <HTotal Min="2096" Max="8191">2200</HTotal>
                    <VFreq Min="20" Max="75">59.9401</VFreq>
                    <VSync Min="1" Max="41">5</VSync>
                    <VActive Min="0" Max="1116">1080</VActive>
                    <VFP Min="0" Max="40">4</VFP>
                    <VTotal Min="1089" Max="8191">1125</VTotal>
                    <PixelClk>148.352</PixelClk>
                    <HSP Min="78" Max="80">80</HSP>
                    <VSP Min="78" Max="80">80</VSP>
                    <AR Min="0" Max="1000">1.77778</AR>
                    <Interlaced>80</Interlaced>
                    <VFType Min="0" Max="0">8</VFType>
                    <VFEnum Min="0" Max="4700">2708</VFEnum>
                    <VFStdFrom Min="0" Max="4">4</VFStdFrom>
                    <VFStdNum>16</VFStdNum>
                  </VideoFormat>
                </EDIDIn>
              </DVIIn>
              <SDIIn id="0">
                <Type3G LegalValues="0 1 2 3">2</Type3G>
              </SDIIn>
              <HDMIIn id="0">
                <Hdcp id="0">
                  <Mode Min="0" Max="1">0</Mode>
                  <HdcpAuth Min="0" Max="1">0</HdcpAuth>
                </Hdcp>
                <EDIDIn id="0">
                  <BitDepth LegalValues="1 2 3">3</BitDepth>
                  <EdidStatus Min="0" Max="4">0</EdidStatus>
                  <VideoFormat id="0">
                    <Name>1920x1080p @59.94</Name>
                    <HFreq>67433</HFreq>
                    <HSync Min="1" Max="192">88</HSync>
                    <HActive Min="0" Max="2024">1920</HActive>
                    <HFP Min="0" Max="192">88</HFP>
                    <HTotal Min="2096" Max="8191">2200</HTotal>
                    <VFreq Min="20" Max="75">59.9401</VFreq>
                    <VSync Min="1" Max="41">5</VSync>
                    <VActive Min="0" Max="1116">1080</VActive>
                    <VFP Min="0" Max="40">4</VFP>
                    <VTotal Min="1089" Max="8191">1125</VTotal>
                    <PixelClk>148.352</PixelClk>
                    <HSP Min="78" Max="80">80</HSP>
                    <VSP Min="78" Max="80">80</VSP>
                    <AR Min="0" Max="1000">1.77778</AR>
                    <Interlaced>80</Interlaced>
                    <VFType Min="0" Max="0">8</VFType>
                    <VFEnum Min="0" Max="4700">2708</VFEnum>
                    <VFStdFrom Min="0" Max="4">4</VFStdFrom>
                    <VFStdNum>16</VFStdNum>
                  </VideoFormat>
                </EDIDIn>
              </HDMIIn>
              <VideoFormat id="0">
                <Name>Empty</Name>
                <HFreq>0</HFreq>
                <HSync Min="1" Max="1">1</HSync>
                <HActive Min="0" Max="0">0</HActive>
                <HFP Min="0" Max="0">0</HFP>
                <HTotal Min="1" Max="8191">1</HTotal>
                <VFreq Min="20" Max="75">20</VFreq>
                <VSync Min="1" Max="1">1</VSync>
                <VActive Min="0" Max="0">0</VActive>
                <VFP Min="0" Max="0">0</VFP>
                <VTotal Min="1" Max="8191">1</VTotal>
                <PixelClk>0</PixelClk>
                <HSP Min="78" Max="80">80</HSP>
                <VSP Min="78" Max="80">80</VSP>
                <AR Min="0" Max="1000">0</AR>
                <Interlaced>80</Interlaced>
                <VFType Min="0" Max="0">0</VFType>
                <VFEnum Min="0" Max="4700">0</VFEnum>
                <VFStdFrom Min="0" Max="4">0</VFStdFrom>
                <VFStdNum>0</VFStdNum>
              </VideoFormat>
            </In>
            <In id="3">
              <AutoAcqMode Min="0" Max="1">1</AutoAcqMode>
              <Capacity LegalValues="0 1 2 4">0</Capacity>
              <ColorSpace LegalValues="-1 0 1">0</ColorSpace>
              <ColorRange LegalValues="0 1">0</ColorRange>
              <Sync Min="0" Max="2">0</Sync>
              <DPIn id="0">
                <Hdcp id="0">
                  <Mode Min="0" Max="1">0</Mode>
                  <HdcpAuth Min="0" Max="1">0</HdcpAuth>
                </Hdcp>
                <EDIDIn id="0">
                  <BitDepth LegalValues="1 2 3">2</BitDepth>
                  <EdidStatus Min="0" Max="4">0</EdidStatus>
                  <VideoFormat id="0">
                    <Name>1920x1080p @59.94</Name>
                    <HFreq>67433</HFreq>
                    <HSync Min="1" Max="192">88</HSync>
                    <HActive Min="0" Max="2024">1920</HActive>
                    <HFP Min="0" Max="192">88</HFP>
                    <HTotal Min="2096" Max="8191">2200</HTotal>
                    <VFreq Min="20" Max="75">59.9401</VFreq>
                    <VSync Min="1" Max="41">5</VSync>
                    <VActive Min="0" Max="1116">1080</VActive>
                    <VFP Min="0" Max="40">4</VFP>
                    <VTotal Min="1089" Max="8191">1125</VTotal>
                    <PixelClk>148.352</PixelClk>
                    <HSP Min="78" Max="80">80</HSP>
                    <VSP Min="78" Max="80">80</VSP>
                    <AR Min="0" Max="1000">1.77778</AR>
                    <Interlaced>80</Interlaced>
                    <VFType Min="0" Max="0">8</VFType>
                    <VFEnum Min="0" Max="4700">2708</VFEnum>
                    <VFStdFrom Min="0" Max="4">4</VFStdFrom>
                    <VFStdNum>16</VFStdNum>
                  </VideoFormat>
                </EDIDIn>
              </DPIn>
              <DVIIn id="0">
                <Hdcp id="0">
                  <Mode Min="0" Max="1">0</Mode>
                  <HdcpAuth Min="0" Max="1">0</HdcpAuth>
                </Hdcp>
                <EDIDIn id="0">
                  <BitDepth LegalValues="1">1</BitDepth>
                  <EdidStatus Min="0" Max="4">0</EdidStatus>
                  <VideoFormat id="0">
                    <Name>1920x1080p @59.94</Name>
                    <HFreq>67433</HFreq>
                    <HSync Min="1" Max="192">88</HSync>
                    <HActive Min="0" Max="2024">1920</HActive>
                    <HFP Min="0" Max="192">88</HFP>
                    <HTotal Min="2096" Max="8191">2200</HTotal>
                    <VFreq Min="20" Max="75">59.9401</VFreq>
                    <VSync Min="1" Max="41">5</VSync>
                    <VActive Min="0" Max="1116">1080</VActive>
                    <VFP Min="0" Max="40">4</VFP>
                    <VTotal Min="1089" Max="8191">1125</VTotal>
                    <PixelClk>148.352</PixelClk>
                    <HSP Min="78" Max="80">80</HSP>
                    <VSP Min="78" Max="80">80</VSP>
                    <AR Min="0" Max="1000">1.77778</AR>
                    <Interlaced>80</Interlaced>
                    <VFType Min="0" Max="0">8</VFType>
                    <VFEnum Min="0" Max="4700">2708</VFEnum>
                    <VFStdFrom Min="0" Max="4">4</VFStdFrom>
                    <VFStdNum>16</VFStdNum>
                  </VideoFormat>
                </EDIDIn>
              </DVIIn>
              <SDIIn id="0">
                <Type3G LegalValues="0 1 2 3">2</Type3G>
              </SDIIn>
              <HDMIIn id="0">
                <Hdcp id="0">
                  <Mode Min="0" Max="1">0</Mode>
                  <HdcpAuth Min="0" Max="1">0</HdcpAuth>
                </Hdcp>
                <EDIDIn id="0">
                  <BitDepth LegalValues="1 2 3">3</BitDepth>
                  <EdidStatus Min="0" Max="4">0</EdidStatus>
                  <VideoFormat id="0">
                    <Name>1920x1080p @59.94</Name>
                    <HFreq>67433</HFreq>
                    <HSync Min="1" Max="192">88</HSync>
                    <HActive Min="0" Max="2024">1920</HActive>
                    <HFP Min="0" Max="192">88</HFP>
                    <HTotal Min="2096" Max="8191">2200</HTotal>
                    <VFreq Min="20" Max="75">59.9401</VFreq>
                    <VSync Min="1" Max="41">5</VSync>
                    <VActive Min="0" Max="1116">1080</VActive>
                    <VFP Min="0" Max="40">4</VFP>
                    <VTotal Min="1089" Max="8191">1125</VTotal>
                    <PixelClk>148.352</PixelClk>
                    <HSP Min="78" Max="80">80</HSP>
                    <VSP Min="78" Max="80">80</VSP>
                    <AR Min="0" Max="1000">1.77778</AR>
                    <Interlaced>80</Interlaced>
                    <VFType Min="0" Max="0">8</VFType>
                    <VFEnum Min="0" Max="4700">2708</VFEnum>
                    <VFStdFrom Min="0" Max="4">4</VFStdFrom>
                    <VFStdNum>16</VFStdNum>
                  </VideoFormat>
                </EDIDIn>
              </HDMIIn>
              <VideoFormat id="0">
                <Name>Empty</Name>
                <HFreq>0</HFreq>
                <HSync Min="1" Max="1">1</HSync>
                <HActive Min="0" Max="0">0</HActive>
                <HFP Min="0" Max="0">0</HFP>
                <HTotal Min="1" Max="8191">1</HTotal>
                <VFreq Min="20" Max="75">20</VFreq>
                <VSync Min="1" Max="1">1</VSync>
                <VActive Min="0" Max="0">0</VActive>
                <VFP Min="0" Max="0">0</VFP>
                <VTotal Min="1" Max="8191">1</VTotal>
                <PixelClk>0</PixelClk>
                <HSP Min="78" Max="80">80</HSP>
                <VSP Min="78" Max="80">80</VSP>
                <AR Min="0" Max="1000">0</AR>
                <Interlaced>80</Interlaced>
                <VFType Min="0" Max="0">0</VFType>
                <VFEnum Min="0" Max="4700">0</VFEnum>
                <VFStdFrom Min="0" Max="4">0</VFStdFrom>
                <VFStdNum>0</VFStdNum>
              </VideoFormat>
            </In>
          </CardIn>
          <CardExp id="0">
            <LinkConnector id="0">
              <Mode Min="0" Max="1">0</Mode>
              <IP>192.168.000.201</IP>
              <MacAddress>aa:aa:aa:aa:aa:aa</MacAddress>
              <Connected Min="0" Max="1">0</Connected>
              <ConnectorIndex Min="-1" Max="3">-1</ConnectorIndex>
              <SlotIndex Min="-1" Max="22">-1</SlotIndex>
            </LinkConnector>
            <LinkConnector id="1">
              <Mode Min="0" Max="1">0</Mode>
              <IP>192.168.000.201</IP>
              <MacAddress>aa:aa:aa:aa:aa:aa</MacAddress>
              <Connected Min="0" Max="1">0</Connected>
              <ConnectorIndex Min="-1" Max="3">-1</ConnectorIndex>
              <SlotIndex Min="-1" Max="22">-1</SlotIndex>
            </LinkConnector>
          </CardExp>
          <CardOut id="0">
            <NumOfChan Min="0" Max="4">4</NumOfChan>
            <CapacityStatus Min="0" Max="1">0</CapacityStatus>
            <Out id="0">
              <Capacity LegalValues="0 1 2 4">1</Capacity>
              <DPOut id="0">
                <HdcpAuth Min="0" Max="1">0</HdcpAuth>
                <EDIDOut id="0">
                  <EDIDValid Min="0" Max="1">0</EDIDValid>
                  <SupportHdmi Min="0" Max="1">0</SupportHdmi>
                  <SupportRGB Min="0" Max="1">1</SupportRGB>
                  <SupportSMPTE Min="0" Max="1">1</SupportSMPTE>
                  <Support444 Min="0" Max="1">1</Support444>
                  <Support422 Min="0" Max="1">1</Support422>
                  <BitDepth48 Min="0" Max="1">1</BitDepth48>
                  <BitDepth36 Min="0" Max="1">1</BitDepth36>
                  <BitDepth30 Min="0" Max="1">1</BitDepth30>
                  <BitDepth LegalValues="0 1 2 3 4 5">1</BitDepth>
                  <MaxTmds Min="0" Max="255">0</MaxTmds>
                  <VideoFormat id="0">
                    <Name>Empty</Name>
                    <HFreq>0</HFreq>
                    <HSync Min="1" Max="1">1</HSync>
                    <HActive Min="0" Max="0">0</HActive>
                    <HFP Min="0" Max="0">0</HFP>
                    <HTotal Min="1" Max="8191">1</HTotal>
                    <VFreq Min="20" Max="75">20</VFreq>
                    <VSync Min="1" Max="1">1</VSync>
                    <VActive Min="0" Max="0">0</VActive>
                    <VFP Min="0" Max="0">0</VFP>
                    <VTotal Min="1" Max="8191">1</VTotal>
                    <PixelClk>0</PixelClk>
                    <HSP Min="78" Max="80">80</HSP>
                    <VSP Min="78" Max="80">80</VSP>
                    <AR Min="0" Max="1000">0</AR>
                    <Interlaced>80</Interlaced>
                    <VFType Min="0" Max="0">0</VFType>
                    <VFEnum Min="0" Max="4700">0</VFEnum>
                    <VFStdFrom Min="0" Max="4">0</VFStdFrom>
                    <VFStdNum>0</VFStdNum>
                  </VideoFormat>
                </EDIDOut>
              </DPOut>
              <DVIOut id="0">
                <HdcpAuth Min="0" Max="1">0</HdcpAuth>
                <EDIDOut id="0">
                  <EDIDValid Min="0" Max="1">0</EDIDValid>
                  <SupportHdmi Min="0" Max="1">0</SupportHdmi>
                  <SupportRGB Min="0" Max="1">1</SupportRGB>
                  <SupportSMPTE Min="0" Max="1">1</SupportSMPTE>
                  <Support444 Min="0" Max="1">1</Support444>
                  <Support422 Min="0" Max="1">1</Support422>
                  <BitDepth48 Min="0" Max="1">1</BitDepth48>
                  <BitDepth36 Min="0" Max="1">1</BitDepth36>
                  <BitDepth30 Min="0" Max="1">1</BitDepth30>
                  <BitDepth LegalValues="0 1 2 3 4 5">1</BitDepth>
                  <MaxTmds Min="0" Max="255">0</MaxTmds>
                  <VideoFormat id="0">
                    <Name>Empty</Name>
                    <HFreq>0</HFreq>
                    <HSync Min="1" Max="1">1</HSync>
                    <HActive Min="0" Max="0">0</HActive>
                    <HFP Min="0" Max="0">0</HFP>
                    <HTotal Min="1" Max="8191">1</HTotal>
                    <VFreq Min="20" Max="75">20</VFreq>
                    <VSync Min="1" Max="1">1</VSync>
                    <VActive Min="0" Max="0">0</VActive>
                    <VFP Min="0" Max="0">0</VFP>
                    <VTotal Min="1" Max="8191">1</VTotal>
                    <PixelClk>0</PixelClk>
                    <HSP Min="78" Max="80">80</HSP>
                    <VSP Min="78" Max="80">80</VSP>
                    <AR Min="0" Max="1000">0</AR>
                    <Interlaced>80</Interlaced>
                    <VFType Min="0" Max="0">0</VFType>
                    <VFEnum Min="0" Max="4700">0</VFEnum>
                    <VFStdFrom Min="0" Max="4">0</VFStdFrom>
                    <VFStdNum>0</VFStdNum>
                  </VideoFormat>
                </EDIDOut>
              </DVIOut>
              <SDIOut id="0">
                <Type3G LegalValues="0 1 2 3">2</Type3G>
              </SDIOut>
              <HDMIOutput id="0">
                <HdcpAuth Min="0" Max="1">0</HdcpAuth>
                <SinkType Min="0" Max="1">1</SinkType>
                <EDIDOut id="0">
                  <EDIDValid Min="0" Max="1">0</EDIDValid>
                  <SupportHdmi Min="0" Max="1">0</SupportHdmi>
                  <SupportRGB Min="0" Max="1">1</SupportRGB>
                  <SupportSMPTE Min="0" Max="1">1</SupportSMPTE>
                  <Support444 Min="0" Max="1">1</Support444>
                  <Support422 Min="0" Max="1">1</Support422>
                  <BitDepth48 Min="0" Max="1">1</BitDepth48>
                  <BitDepth36 Min="0" Max="1">1</BitDepth36>
                  <BitDepth30 Min="0" Max="1">1</BitDepth30>
                  <BitDepth LegalValues="0 1 2 3 4 5">1</BitDepth>
                  <MaxTmds Min="0" Max="255">0</MaxTmds>
                  <VideoFormat id="0">
                    <Name>Empty</Name>
                    <HFreq>0</HFreq>
                    <HSync Min="1" Max="1">1</HSync>
                    <HActive Min="0" Max="0">0</HActive>
                    <HFP Min="0" Max="0">0</HFP>
                    <HTotal Min="1" Max="8191">1</HTotal>
                    <VFreq Min="20" Max="75">20</VFreq>
                    <VSync Min="1" Max="1">1</VSync>
                    <VActive Min="0" Max="0">0</VActive>
                    <VFP Min="0" Max="0">0</VFP>
                    <VTotal Min="1" Max="8191">1</VTotal>
                    <PixelClk>0</PixelClk>
                    <HSP Min="78" Max="80">80</HSP>
                    <VSP Min="78" Max="80">80</VSP>
                    <AR Min="0" Max="1000">0</AR>
                    <Interlaced>80</Interlaced>
                    <VFType Min="0" Max="0">0</VFType>
                    <VFEnum Min="0" Max="4700">0</VFEnum>
                    <VFStdFrom Min="0" Max="4">0</VFStdFrom>
                    <VFStdNum>0</VFStdNum>
                  </VideoFormat>
                </EDIDOut>
              </HDMIOutput>
            </Out>
            <Out id="1">
              <Capacity LegalValues="0 1 2 4">1</Capacity>
              <DPOut id="0">
                <HdcpAuth Min="0" Max="1">0</HdcpAuth>
                <EDIDOut id="0">
                  <EDIDValid Min="0" Max="1">0</EDIDValid>
                  <SupportHdmi Min="0" Max="1">0</SupportHdmi>
                  <SupportRGB Min="0" Max="1">1</SupportRGB>
                  <SupportSMPTE Min="0" Max="1">1</SupportSMPTE>
                  <Support444 Min="0" Max="1">1</Support444>
                  <Support422 Min="0" Max="1">1</Support422>
                  <BitDepth48 Min="0" Max="1">1</BitDepth48>
                  <BitDepth36 Min="0" Max="1">1</BitDepth36>
                  <BitDepth30 Min="0" Max="1">1</BitDepth30>
                  <BitDepth LegalValues="0 1 2 3 4 5">1</BitDepth>
                  <MaxTmds Min="0" Max="255">0</MaxTmds>
                  <VideoFormat id="0">
                    <Name>Empty</Name>
                    <HFreq>0</HFreq>
                    <HSync Min="1" Max="1">1</HSync>
                    <HActive Min="0" Max="0">0</HActive>
                    <HFP Min="0" Max="0">0</HFP>
                    <HTotal Min="1" Max="8191">1</HTotal>
                    <VFreq Min="20" Max="75">20</VFreq>
                    <VSync Min="1" Max="1">1</VSync>
                    <VActive Min="0" Max="0">0</VActive>
                    <VFP Min="0" Max="0">0</VFP>
                    <VTotal Min="1" Max="8191">1</VTotal>
                    <PixelClk>0</PixelClk>
                    <HSP Min="78" Max="80">80</HSP>
                    <VSP Min="78" Max="80">80</VSP>
                    <AR Min="0" Max="1000">0</AR>
                    <Interlaced>80</Interlaced>
                    <VFType Min="0" Max="0">0</VFType>
                    <VFEnum Min="0" Max="4700">0</VFEnum>
                    <VFStdFrom Min="0" Max="4">0</VFStdFrom>
                    <VFStdNum>0</VFStdNum>
                  </VideoFormat>
                </EDIDOut>
              </DPOut>
              <DVIOut id="0">
                <HdcpAuth Min="0" Max="1">0</HdcpAuth>
                <EDIDOut id="0">
                  <EDIDValid Min="0" Max="1">0</EDIDValid>
                  <SupportHdmi Min="0" Max="1">0</SupportHdmi>
                  <SupportRGB Min="0" Max="1">1</SupportRGB>
                  <SupportSMPTE Min="0" Max="1">1</SupportSMPTE>
                  <Support444 Min="0" Max="1">1</Support444>
                  <Support422 Min="0" Max="1">1</Support422>
                  <BitDepth48 Min="0" Max="1">1</BitDepth48>
                  <BitDepth36 Min="0" Max="1">1</BitDepth36>
                  <BitDepth30 Min="0" Max="1">1</BitDepth30>
                  <BitDepth LegalValues="0 1 2 3 4 5">1</BitDepth>
                  <MaxTmds Min="0" Max="255">0</MaxTmds>
                  <VideoFormat id="0">
                    <Name>Empty</Name>
                    <HFreq>0</HFreq>
                    <HSync Min="1" Max="1">1</HSync>
                    <HActive Min="0" Max="0">0</HActive>
                    <HFP Min="0" Max="0">0</HFP>
                    <HTotal Min="1" Max="8191">1</HTotal>
                    <VFreq Min="20" Max="75">20</VFreq>
                    <VSync Min="1" Max="1">1</VSync>
                    <VActive Min="0" Max="0">0</VActive>
                    <VFP Min="0" Max="0">0</VFP>
                    <VTotal Min="1" Max="8191">1</VTotal>
                    <PixelClk>0</PixelClk>
                    <HSP Min="78" Max="80">80</HSP>
                    <VSP Min="78" Max="80">80</VSP>
                    <AR Min="0" Max="1000">0</AR>
                    <Interlaced>80</Interlaced>
                    <VFType Min="0" Max="0">0</VFType>
                    <VFEnum Min="0" Max="4700">0</VFEnum>
                    <VFStdFrom Min="0" Max="4">0</VFStdFrom>
                    <VFStdNum>0</VFStdNum>
                  </VideoFormat>
                </EDIDOut>
              </DVIOut>
              <SDIOut id="0">
                <Type3G LegalValues="0 1 2 3">2</Type3G>
              </SDIOut>
              <HDMIOutput id="0">
                <HdcpAuth Min="0" Max="1">0</HdcpAuth>
                <SinkType Min="0" Max="1">1</SinkType>
                <EDIDOut id="0">
                  <EDIDValid Min="0" Max="1">0</EDIDValid>
                  <SupportHdmi Min="0" Max="1">0</SupportHdmi>
                  <SupportRGB Min="0" Max="1">1</SupportRGB>
                  <SupportSMPTE Min="0" Max="1">1</SupportSMPTE>
                  <Support444 Min="0" Max="1">1</Support444>
                  <Support422 Min="0" Max="1">1</Support422>
                  <BitDepth48 Min="0" Max="1">1</BitDepth48>
                  <BitDepth36 Min="0" Max="1">1</BitDepth36>
                  <BitDepth30 Min="0" Max="1">1</BitDepth30>
                  <BitDepth LegalValues="0 1 2 3 4 5">1</BitDepth>
                  <MaxTmds Min="0" Max="255">0</MaxTmds>
                  <VideoFormat id="0">
                    <Name>Empty</Name>
                    <HFreq>0</HFreq>
                    <HSync Min="1" Max="1">1</HSync>
                    <HActive Min="0" Max="0">0</HActive>
                    <HFP Min="0" Max="0">0</HFP>
                    <HTotal Min="1" Max="8191">1</HTotal>
                    <VFreq Min="20" Max="75">20</VFreq>
                    <VSync Min="1" Max="1">1</VSync>
                    <VActive Min="0" Max="0">0</VActive>
                    <VFP Min="0" Max="0">0</VFP>
                    <VTotal Min="1" Max="8191">1</VTotal>
                    <PixelClk>0</PixelClk>
                    <HSP Min="78" Max="80">80</HSP>
                    <VSP Min="78" Max="80">80</VSP>
                    <AR Min="0" Max="1000">0</AR>
                    <Interlaced>80</Interlaced>
                    <VFType Min="0" Max="0">0</VFType>
                    <VFEnum Min="0" Max="4700">0</VFEnum>
                    <VFStdFrom Min="0" Max="4">0</VFStdFrom>
                    <VFStdNum>0</VFStdNum>
                  </VideoFormat>
                </EDIDOut>
              </HDMIOutput>
            </Out>
            <Out id="2">
              <Capacity LegalValues="0 1 2 4">1</Capacity>
              <DPOut id="0">
                <HdcpAuth Min="0" Max="1">0</HdcpAuth>
                <EDIDOut id="0">
                  <EDIDValid Min="0" Max="1">0</EDIDValid>
                  <SupportHdmi Min="0" Max="1">0</SupportHdmi>
                  <SupportRGB Min="0" Max="1">1</SupportRGB>
                  <SupportSMPTE Min="0" Max="1">1</SupportSMPTE>
                  <Support444 Min="0" Max="1">1</Support444>
                  <Support422 Min="0" Max="1">1</Support422>
                  <BitDepth48 Min="0" Max="1">1</BitDepth48>
                  <BitDepth36 Min="0" Max="1">1</BitDepth36>
                  <BitDepth30 Min="0" Max="1">1</BitDepth30>
                  <BitDepth LegalValues="0 1 2 3 4 5">1</BitDepth>
                  <MaxTmds Min="0" Max="255">0</MaxTmds>
                  <VideoFormat id="0">
                    <Name>Empty</Name>
                    <HFreq>0</HFreq>
                    <HSync Min="1" Max="1">1</HSync>
                    <HActive Min="0" Max="0">0</HActive>
                    <HFP Min="0" Max="0">0</HFP>
                    <HTotal Min="1" Max="8191">1</HTotal>
                    <VFreq Min="20" Max="75">20</VFreq>
                    <VSync Min="1" Max="1">1</VSync>
                    <VActive Min="0" Max="0">0</VActive>
                    <VFP Min="0" Max="0">0</VFP>
                    <VTotal Min="1" Max="8191">1</VTotal>
                    <PixelClk>0</PixelClk>
                    <HSP Min="78" Max="80">80</HSP>
                    <VSP Min="78" Max="80">80</VSP>
                    <AR Min="0" Max="1000">0</AR>
                    <Interlaced>80</Interlaced>
                    <VFType Min="0" Max="0">0</VFType>
                    <VFEnum Min="0" Max="4700">0</VFEnum>
                    <VFStdFrom Min="0" Max="4">0</VFStdFrom>
                    <VFStdNum>0</VFStdNum>
                  </VideoFormat>
                </EDIDOut>
              </DPOut>
              <DVIOut id="0">
                <HdcpAuth Min="0" Max="1">0</HdcpAuth>
                <EDIDOut id="0">
                  <EDIDValid Min="0" Max="1">0</EDIDValid>
                  <SupportHdmi Min="0" Max="1">0</SupportHdmi>
                  <SupportRGB Min="0" Max="1">1</SupportRGB>
                  <SupportSMPTE Min="0" Max="1">1</SupportSMPTE>
                  <Support444 Min="0" Max="1">1</Support444>
                  <Support422 Min="0" Max="1">1</Support422>
                  <BitDepth48 Min="0" Max="1">1</BitDepth48>
                  <BitDepth36 Min="0" Max="1">1</BitDepth36>
                  <BitDepth30 Min="0" Max="1">1</BitDepth30>
                  <BitDepth LegalValues="0 1 2 3 4 5">1</BitDepth>
                  <MaxTmds Min="0" Max="255">0</MaxTmds>
                  <VideoFormat id="0">
                    <Name>Empty</Name>
                    <HFreq>0</HFreq>
                    <HSync Min="1" Max="1">1</HSync>
                    <HActive Min="0" Max="0">0</HActive>
                    <HFP Min="0" Max="0">0</HFP>
                    <HTotal Min="1" Max="8191">1</HTotal>
                    <VFreq Min="20" Max="75">20</VFreq>
                    <VSync Min="1" Max="1">1</VSync>
                    <VActive Min="0" Max="0">0</VActive>
                    <VFP Min="0" Max="0">0</VFP>
                    <VTotal Min="1" Max="8191">1</VTotal>
                    <PixelClk>0</PixelClk>
                    <HSP Min="78" Max="80">80</HSP>
                    <VSP Min="78" Max="80">80</VSP>
                    <AR Min="0" Max="1000">0</AR>
                    <Interlaced>80</Interlaced>
                    <VFType Min="0" Max="0">0</VFType>
                    <VFEnum Min="0" Max="4700">0</VFEnum>
                    <VFStdFrom Min="0" Max="4">0</VFStdFrom>
                    <VFStdNum>0</VFStdNum>
                  </VideoFormat>
                </EDIDOut>
              </DVIOut>
              <SDIOut id="0">
                <Type3G LegalValues="0 1 2 3">2</Type3G>
              </SDIOut>
              <HDMIOutput id="0">
                <HdcpAuth Min="0" Max="1">0</HdcpAuth>
                <SinkType Min="0" Max="1">1</SinkType>
                <EDIDOut id="0">
                  <EDIDValid Min="0" Max="1">0</EDIDValid>
                  <SupportHdmi Min="0" Max="1">0</SupportHdmi>
                  <SupportRGB Min="0" Max="1">1</SupportRGB>
                  <SupportSMPTE Min="0" Max="1">1</SupportSMPTE>
                  <Support444 Min="0" Max="1">1</Support444>
                  <Support422 Min="0" Max="1">1</Support422>
                  <BitDepth48 Min="0" Max="1">1</BitDepth48>
                  <BitDepth36 Min="0" Max="1">1</BitDepth36>
                  <BitDepth30 Min="0" Max="1">1</BitDepth30>
                  <BitDepth LegalValues="0 1 2 3 4 5">1</BitDepth>
                  <MaxTmds Min="0" Max="255">0</MaxTmds>
                  <VideoFormat id="0">
                    <Name>Empty</Name>
                    <HFreq>0</HFreq>
                    <HSync Min="1" Max="1">1</HSync>
                    <HActive Min="0" Max="0">0</HActive>
                    <HFP Min="0" Max="0">0</HFP>
                    <HTotal Min="1" Max="8191">1</HTotal>
                    <VFreq Min="20" Max="75">20</VFreq>
                    <VSync Min="1" Max="1">1</VSync>
                    <VActive Min="0" Max="0">0</VActive>
                    <VFP Min="0" Max="0">0</VFP>
                    <VTotal Min="1" Max="8191">1</VTotal>
                    <PixelClk>0</PixelClk>
                    <HSP Min="78" Max="80">80</HSP>
                    <VSP Min="78" Max="80">80</VSP>
                    <AR Min="0" Max="1000">0</AR>
                    <Interlaced>80</Interlaced>
                    <VFType Min="0" Max="0">0</VFType>
                    <VFEnum Min="0" Max="4700">0</VFEnum>
                    <VFStdFrom Min="0" Max="4">0</VFStdFrom>
                    <VFStdNum>0</VFStdNum>
                  </VideoFormat>
                </EDIDOut>
              </HDMIOutput>
            </Out>
            <Out id="3">
              <Capacity LegalValues="0 1 2 4">1</Capacity>
              <DPOut id="0">
                <HdcpAuth Min="0" Max="1">0</HdcpAuth>
                <EDIDOut id="0">
                  <EDIDValid Min="0" Max="1">0</EDIDValid>
                  <SupportHdmi Min="0" Max="1">0</SupportHdmi>
                  <SupportRGB Min="0" Max="1">1</SupportRGB>
                  <SupportSMPTE Min="0" Max="1">1</SupportSMPTE>
                  <Support444 Min="0" Max="1">1</Support444>
                  <Support422 Min="0" Max="1">1</Support422>
                  <BitDepth48 Min="0" Max="1">1</BitDepth48>
                  <BitDepth36 Min="0" Max="1">1</BitDepth36>
                  <BitDepth30 Min="0" Max="1">1</BitDepth30>
                  <BitDepth LegalValues="0 1 2 3 4 5">1</BitDepth>
                  <MaxTmds Min="0" Max="255">0</MaxTmds>
                  <VideoFormat id="0">
                    <Name>Empty</Name>
                    <HFreq>0</HFreq>
                    <HSync Min="1" Max="1">1</HSync>
                    <HActive Min="0" Max="0">0</HActive>
                    <HFP Min="0" Max="0">0</HFP>
                    <HTotal Min="1" Max="8191">1</HTotal>
                    <VFreq Min="20" Max="75">20</VFreq>
                    <VSync Min="1" Max="1">1</VSync>
                    <VActive Min="0" Max="0">0</VActive>
                    <VFP Min="0" Max="0">0</VFP>
                    <VTotal Min="1" Max="8191">1</VTotal>
                    <PixelClk>0</PixelClk>
                    <HSP Min="78" Max="80">80</HSP>
                    <VSP Min="78" Max="80">80</VSP>
                    <AR Min="0" Max="1000">0</AR>
                    <Interlaced>80</Interlaced>
                    <VFType Min="0" Max="0">0</VFType>
                    <VFEnum Min="0" Max="4700">0</VFEnum>
                    <VFStdFrom Min="0" Max="4">0</VFStdFrom>
                    <VFStdNum>0</VFStdNum>
                  </VideoFormat>
                </EDIDOut>
              </DPOut>
              <DVIOut id="0">
                <HdcpAuth Min="0" Max="1">0</HdcpAuth>
                <EDIDOut id="0">
                  <EDIDValid Min="0" Max="1">0</EDIDValid>
                  <SupportHdmi Min="0" Max="1">0</SupportHdmi>
                  <SupportRGB Min="0" Max="1">1</SupportRGB>
                  <SupportSMPTE Min="0" Max="1">1</SupportSMPTE>
                  <Support444 Min="0" Max="1">1</Support444>
                  <Support422 Min="0" Max="1">1</Support422>
                  <BitDepth48 Min="0" Max="1">1</BitDepth48>
                  <BitDepth36 Min="0" Max="1">1</BitDepth36>
                  <BitDepth30 Min="0" Max="1">1</BitDepth30>
                  <BitDepth LegalValues="0 1 2 3 4 5">1</BitDepth>
                  <MaxTmds Min="0" Max="255">0</MaxTmds>
                  <VideoFormat id="0">
                    <Name>Empty</Name>
                    <HFreq>0</HFreq>
                    <HSync Min="1" Max="1">1</HSync>
                    <HActive Min="0" Max="0">0</HActive>
                    <HFP Min="0" Max="0">0</HFP>
                    <HTotal Min="1" Max="8191">1</HTotal>
                    <VFreq Min="20" Max="75">20</VFreq>
                    <VSync Min="1" Max="1">1</VSync>
                    <VActive Min="0" Max="0">0</VActive>
                    <VFP Min="0" Max="0">0</VFP>
                    <VTotal Min="1" Max="8191">1</VTotal>
                    <PixelClk>0</PixelClk>
                    <HSP Min="78" Max="80">80</HSP>
                    <VSP Min="78" Max="80">80</VSP>
                    <AR Min="0" Max="1000">0</AR>
                    <Interlaced>80</Interlaced>
                    <VFType Min="0" Max="0">0</VFType>
                    <VFEnum Min="0" Max="4700">0</VFEnum>
                    <VFStdFrom Min="0" Max="4">0</VFStdFrom>
                    <VFStdNum>0</VFStdNum>
                  </VideoFormat>
                </EDIDOut>
              </DVIOut>
              <SDIOut id="0">
                <Type3G LegalValues="0 1 2 3">2</Type3G>
              </SDIOut>
              <HDMIOutput id="0">
                <HdcpAuth Min="0" Max="1">0</HdcpAuth>
                <SinkType Min="0" Max="1">1</SinkType>
                <EDIDOut id="0">
                  <EDIDValid Min="0" Max="1">0</EDIDValid>
                  <SupportHdmi Min="0" Max="1">0</SupportHdmi>
                  <SupportRGB Min="0" Max="1">1</SupportRGB>
                  <SupportSMPTE Min="0" Max="1">1</SupportSMPTE>
                  <Support444 Min="0" Max="1">1</Support444>
                  <Support422 Min="0" Max="1">1</Support422>
                  <BitDepth48 Min="0" Max="1">1</BitDepth48>
                  <BitDepth36 Min="0" Max="1">1</BitDepth36>
                  <BitDepth30 Min="0" Max="1">1</BitDepth30>
                  <BitDepth LegalValues="0 1 2 3 4 5">1</BitDepth>
                  <MaxTmds Min="0" Max="255">0</MaxTmds>
                  <VideoFormat id="0">
                    <Name>Empty</Name>
                    <HFreq>0</HFreq>
                    <HSync Min="1" Max="1">1</HSync>
                    <HActive Min="0" Max="0">0</HActive>
                    <HFP Min="0" Max="0">0</HFP>
                    <HTotal Min="1" Max="8191">1</HTotal>
                    <VFreq Min="20" Max="75">20</VFreq>
                    <VSync Min="1" Max="1">1</VSync>
                    <VActive Min="0" Max="0">0</VActive>
                    <VFP Min="0" Max="0">0</VFP>
                    <VTotal Min="1" Max="8191">1</VTotal>
                    <PixelClk>0</PixelClk>
                    <HSP Min="78" Max="80">80</HSP>
                    <VSP Min="78" Max="80">80</VSP>
                    <AR Min="0" Max="1000">0</AR>
                    <Interlaced>80</Interlaced>
                    <VFType Min="0" Max="0">0</VFType>
                    <VFEnum Min="0" Max="4700">0</VFEnum>
                    <VFStdFrom Min="0" Max="4">0</VFStdFrom>
                    <VFStdNum>0</VFStdNum>
                  </VideoFormat>
                </EDIDOut>
              </HDMIOutput>
            </Out>
          </CardOut>
          <CardLayer id="0">
            <BankIndex Min="-1" Max="4">-1</BankIndex>
            <VpuIndex Min="-1" Max="4">-1</VpuIndex>
            <Luma Min="0" Max="100">37.5</Luma>
            <Sat Min="0" Max="100">100</Sat>
            <Hue Min="0" Max="360">0</Hue>
            <LinkAssign id="0">
              <XPos Min="0" Max="1000000">0</XPos>
              <YPos Min="0" Max="1000000">0</YPos>
              <ZPos Min="0" Max="1000000">0</ZPos>
              <DestIndex Min="-1" Max="127">-1</DestIndex>
              <Rect id="0">
                <HPos Min="-32767" Max="32767">0</HPos>
                <VPos Min="-32767" Max="32767">0</VPos>
                <HSize Min="0" Max="32767">0</HSize>
                <VSize Min="0" Max="32767">0</VSize>
                <AR Min="0" Max="99">0</AR>
              </Rect>
            </LinkAssign>
            <LinkAssign id="1">
              <XPos Min="0" Max="1000000">0</XPos>
              <YPos Min="0" Max="1000000">0</YPos>
              <ZPos Min="0" Max="1000000">0</ZPos>
              <DestIndex Min="-1" Max="127">-1</DestIndex>
              <Rect id="0">
                <HPos Min="-32767" Max="32767">0</HPos>
                <VPos Min="-32767" Max="32767">0</VPos>
                <HSize Min="0" Max="32767">0</HSize>
                <VSize Min="0" Max="32767">0</VSize>
                <AR Min="0" Max="99">0</AR>
              </Rect>
            </LinkAssign>
            <LinkAssign id="2">
              <XPos Min="0" Max="1000000">0</XPos>
              <YPos Min="0" Max="1000000">0</YPos>
              <ZPos Min="0" Max="1000000">0</ZPos>
              <DestIndex Min="-1" Max="127">-1</DestIndex>
              <Rect id="0">
                <HPos Min="-32767" Max="32767">0</HPos>
                <VPos Min="-32767" Max="32767">0</VPos>
                <HSize Min="0" Max="32767">0</HSize>
                <VSize Min="0" Max="32767">0</VSize>
                <AR Min="0" Max="99">0</AR>
              </Rect>
            </LinkAssign>
            <LinkAssign id="3">
              <XPos Min="0" Max="1000000">0</XPos>
              <YPos Min="0" Max="1000000">0</YPos>
              <ZPos Min="0" Max="1000000">0</ZPos>
              <DestIndex Min="-1" Max="127">-1</DestIndex>
              <Rect id="0">
                <HPos Min="-32767" Max="32767">0</HPos>
                <VPos Min="-32767" Max="32767">0</VPos>
                <HSize Min="0" Max="32767">0</HSize>
                <VSize Min="0" Max="32767">0</VSize>
                <AR Min="0" Max="99">0</AR>
              </Rect>
            </LinkAssign>
            <ScalerAssign id="0">
              <YPos Min="0" Max="1000000">0</YPos>
              <ZPos Min="0" Max="1000000">0</ZPos>
              <LayerIndex Min="-1" Max="512">-1</LayerIndex>
              <DestIndex Min="-1" Max="127">-1</DestIndex>
            </ScalerAssign>
            <ScalerAssign id="1">
              <YPos Min="0" Max="1000000">0</YPos>
              <ZPos Min="0" Max="1000000">0</ZPos>
              <LayerIndex Min="-1" Max="512">-1</LayerIndex>
              <DestIndex Min="-1" Max="127">-1</DestIndex>
            </ScalerAssign>
            <ScalerAssign id="2">
              <YPos Min="0" Max="1000000">0</YPos>
              <ZPos Min="0" Max="1000000">0</ZPos>
              <LayerIndex Min="-1" Max="512">-1</LayerIndex>
              <DestIndex Min="-1" Max="127">-1</DestIndex>
            </ScalerAssign>
            <ScalerAssign id="3">
              <YPos Min="0" Max="1000000">0</YPos>
              <ZPos Min="0" Max="1000000">0</ZPos>
              <LayerIndex Min="-1" Max="512">-1</LayerIndex>
              <DestIndex Min="-1" Max="127">-1</DestIndex>
            </ScalerAssign>
          </CardLayer>
        </Card>
      </Slot>
      <Slot id="12">
        <Card id="0">
          <CardStatus Min="0" Max="4">0</CardStatus>
          <CardType Min="0" Max="255">255</CardType>
          <CardID/>
          <SlotIndex Min="-1" Max="23">12</SlotIndex>
          <CardIn id="0">
            <NumOfChan Min="0" Max="4">4</NumOfChan>
            <CapacityStatus Min="0" Max="1">0</CapacityStatus>
            <In id="0">
              <AutoAcqMode Min="0" Max="1">1</AutoAcqMode>
              <Capacity LegalValues="0 1 2 4">0</Capacity>
              <ColorSpace LegalValues="-1 0 1">0</ColorSpace>
              <ColorRange LegalValues="0 1">0</ColorRange>
              <Sync Min="0" Max="2">0</Sync>
              <DPIn id="0">
                <Hdcp id="0">
                  <Mode Min="0" Max="1">0</Mode>
                  <HdcpAuth Min="0" Max="1">0</HdcpAuth>
                </Hdcp>
                <EDIDIn id="0">
                  <BitDepth LegalValues="1 2 3">2</BitDepth>
                  <EdidStatus Min="0" Max="4">0</EdidStatus>
                  <VideoFormat id="0">
                    <Name>1920x1080p @59.94</Name>
                    <HFreq>67433</HFreq>
                    <HSync Min="1" Max="192">88</HSync>
                    <HActive Min="0" Max="2024">1920</HActive>
                    <HFP Min="0" Max="192">88</HFP>
                    <HTotal Min="2096" Max="8191">2200</HTotal>
                    <VFreq Min="20" Max="75">59.9401</VFreq>
                    <VSync Min="1" Max="41">5</VSync>
                    <VActive Min="0" Max="1116">1080</VActive>
                    <VFP Min="0" Max="40">4</VFP>
                    <VTotal Min="1089" Max="8191">1125</VTotal>
                    <PixelClk>148.352</PixelClk>
                    <HSP Min="78" Max="80">80</HSP>
                    <VSP Min="78" Max="80">80</VSP>
                    <AR Min="0" Max="1000">1.77778</AR>
                    <Interlaced>80</Interlaced>
                    <VFType Min="0" Max="0">8</VFType>
                    <VFEnum Min="0" Max="4700">2708</VFEnum>
                    <VFStdFrom Min="0" Max="4">4</VFStdFrom>
                    <VFStdNum>16</VFStdNum>
                  </VideoFormat>
                </EDIDIn>
              </DPIn>
              <DVIIn id="0">
                <Hdcp id="0">
                  <Mode Min="0" Max="1">0</Mode>
                  <HdcpAuth Min="0" Max="1">0</HdcpAuth>
                </Hdcp>
                <EDIDIn id="0">
                  <BitDepth LegalValues="1">1</BitDepth>
                  <EdidStatus Min="0" Max="4">0</EdidStatus>
                  <VideoFormat id="0">
                    <Name>1920x1080p @59.94</Name>
                    <HFreq>67433</HFreq>
                    <HSync Min="1" Max="192">88</HSync>
                    <HActive Min="0" Max="2024">1920</HActive>
                    <HFP Min="0" Max="192">88</HFP>
                    <HTotal Min="2096" Max="8191">2200</HTotal>
                    <VFreq Min="20" Max="75">59.9401</VFreq>
                    <VSync Min="1" Max="41">5</VSync>
                    <VActive Min="0" Max="1116">1080</VActive>
                    <VFP Min="0" Max="40">4</VFP>
                    <VTotal Min="1089" Max="8191">1125</VTotal>
                    <PixelClk>148.352</PixelClk>
                    <HSP Min="78" Max="80">80</HSP>
                    <VSP Min="78" Max="80">80</VSP>
                    <AR Min="0" Max="1000">1.77778</AR>
                    <Interlaced>80</Interlaced>
                    <VFType Min="0" Max="0">8</VFType>
                    <VFEnum Min="0" Max="4700">2708</VFEnum>
                    <VFStdFrom Min="0" Max="4">4</VFStdFrom>
                    <VFStdNum>16</VFStdNum>
                  </VideoFormat>
                </EDIDIn>
              </DVIIn>
              <SDIIn id="0">
                <Type3G LegalValues="0 1 2 3">2</Type3G>
              </SDIIn>
              <HDMIIn id="0">
                <Hdcp id="0">
                  <Mode Min="0" Max="1">0</Mode>
                  <HdcpAuth Min="0" Max="1">0</HdcpAuth>
                </Hdcp>
                <EDIDIn id="0">
                  <BitDepth LegalValues="1 2 3">3</BitDepth>
                  <EdidStatus Min="0" Max="4">0</EdidStatus>
                  <VideoFormat id="0">
                    <Name>1920x1080p @59.94</Name>
                    <HFreq>67433</HFreq>
                    <HSync Min="1" Max="192">88</HSync>
                    <HActive Min="0" Max="2024">1920</HActive>
                    <HFP Min="0" Max="192">88</HFP>
                    <HTotal Min="2096" Max="8191">2200</HTotal>
                    <VFreq Min="20" Max="75">59.9401</VFreq>
                    <VSync Min="1" Max="41">5</VSync>
                    <VActive Min="0" Max="1116">1080</VActive>
                    <VFP Min="0" Max="40">4</VFP>
                    <VTotal Min="1089" Max="8191">1125</VTotal>
                    <PixelClk>148.352</PixelClk>
                    <HSP Min="78" Max="80">80</HSP>
                    <VSP Min="78" Max="80">80</VSP>
                    <AR Min="0" Max="1000">1.77778</AR>
                    <Interlaced>80</Interlaced>
                    <VFType Min="0" Max="0">8</VFType>
                    <VFEnum Min="0" Max="4700">2708</VFEnum>
                    <VFStdFrom Min="0" Max="4">4</VFStdFrom>
                    <VFStdNum>16</VFStdNum>
                  </VideoFormat>
                </EDIDIn>
              </HDMIIn>
              <VideoFormat id="0">
                <Name>Empty</Name>
                <HFreq>0</HFreq>
                <HSync Min="1" Max="1">1</HSync>
                <HActive Min="0" Max="0">0</HActive>
                <HFP Min="0" Max="0">0</HFP>
                <HTotal Min="1" Max="8191">1</HTotal>
                <VFreq Min="20" Max="75">20</VFreq>
                <VSync Min="1" Max="1">1</VSync>
                <VActive Min="0" Max="0">0</VActive>
                <VFP Min="0" Max="0">0</VFP>
                <VTotal Min="1" Max="8191">1</VTotal>
                <PixelClk>0</PixelClk>
                <HSP Min="78" Max="80">80</HSP>
                <VSP Min="78" Max="80">80</VSP>
                <AR Min="0" Max="1000">0</AR>
                <Interlaced>80</Interlaced>
                <VFType Min="0" Max="0">0</VFType>
                <VFEnum Min="0" Max="4700">0</VFEnum>
                <VFStdFrom Min="0" Max="4">0</VFStdFrom>
                <VFStdNum>0</VFStdNum>
              </VideoFormat>
            </In>
            <In id="1">
              <AutoAcqMode Min="0" Max="1">1</AutoAcqMode>
              <Capacity LegalValues="0 1 2 4">0</Capacity>
              <ColorSpace LegalValues="-1 0 1">0</ColorSpace>
              <ColorRange LegalValues="0 1">0</ColorRange>
              <Sync Min="0" Max="2">0</Sync>
              <DPIn id="0">
                <Hdcp id="0">
                  <Mode Min="0" Max="1">0</Mode>
                  <HdcpAuth Min="0" Max="1">0</HdcpAuth>
                </Hdcp>
                <EDIDIn id="0">
                  <BitDepth LegalValues="1 2 3">2</BitDepth>
                  <EdidStatus Min="0" Max="4">0</EdidStatus>
                  <VideoFormat id="0">
                    <Name>1920x1080p @59.94</Name>
                    <HFreq>67433</HFreq>
                    <HSync Min="1" Max="192">88</HSync>
                    <HActive Min="0" Max="2024">1920</HActive>
                    <HFP Min="0" Max="192">88</HFP>
                    <HTotal Min="2096" Max="8191">2200</HTotal>
                    <VFreq Min="20" Max="75">59.9401</VFreq>
                    <VSync Min="1" Max="41">5</VSync>
                    <VActive Min="0" Max="1116">1080</VActive>
                    <VFP Min="0" Max="40">4</VFP>
                    <VTotal Min="1089" Max="8191">1125</VTotal>
                    <PixelClk>148.352</PixelClk>
                    <HSP Min="78" Max="80">80</HSP>
                    <VSP Min="78" Max="80">80</VSP>
                    <AR Min="0" Max="1000">1.77778</AR>
                    <Interlaced>80</Interlaced>
                    <VFType Min="0" Max="0">8</VFType>
                    <VFEnum Min="0" Max="4700">2708</VFEnum>
                    <VFStdFrom Min="0" Max="4">4</VFStdFrom>
                    <VFStdNum>16</VFStdNum>
                  </VideoFormat>
                </EDIDIn>
              </DPIn>
              <DVIIn id="0">
                <Hdcp id="0">
                  <Mode Min="0" Max="1">0</Mode>
                  <HdcpAuth Min="0" Max="1">0</HdcpAuth>
                </Hdcp>
                <EDIDIn id="0">
                  <BitDepth LegalValues="1">1</BitDepth>
                  <EdidStatus Min="0" Max="4">0</EdidStatus>
                  <VideoFormat id="0">
                    <Name>1920x1080p @59.94</Name>
                    <HFreq>67433</HFreq>
                    <HSync Min="1" Max="192">88</HSync>
                    <HActive Min="0" Max="2024">1920</HActive>
                    <HFP Min="0" Max="192">88</HFP>
                    <HTotal Min="2096" Max="8191">2200</HTotal>
                    <VFreq Min="20" Max="75">59.9401</VFreq>
                    <VSync Min="1" Max="41">5</VSync>
                    <VActive Min="0" Max="1116">1080</VActive>
                    <VFP Min="0" Max="40">4</VFP>
                    <VTotal Min="1089" Max="8191">1125</VTotal>
                    <PixelClk>148.352</PixelClk>
                    <HSP Min="78" Max="80">80</HSP>
                    <VSP Min="78" Max="80">80</VSP>
                    <AR Min="0" Max="1000">1.77778</AR>
                    <Interlaced>80</Interlaced>
                    <VFType Min="0" Max="0">8</VFType>
                    <VFEnum Min="0" Max="4700">2708</VFEnum>
                    <VFStdFrom Min="0" Max="4">4</VFStdFrom>
                    <VFStdNum>16</VFStdNum>
                  </VideoFormat>
                </EDIDIn>
              </DVIIn>
              <SDIIn id="0">
                <Type3G LegalValues="0 1 2 3">2</Type3G>
              </SDIIn>
              <HDMIIn id="0">
                <Hdcp id="0">
                  <Mode Min="0" Max="1">0</Mode>
                  <HdcpAuth Min="0" Max="1">0</HdcpAuth>
                </Hdcp>
                <EDIDIn id="0">
                  <BitDepth LegalValues="1 2 3">3</BitDepth>
                  <EdidStatus Min="0" Max="4">0</EdidStatus>
                  <VideoFormat id="0">
                    <Name>1920x1080p @59.94</Name>
                    <HFreq>67433</HFreq>
                    <HSync Min="1" Max="192">88</HSync>
                    <HActive Min="0" Max="2024">1920</HActive>
                    <HFP Min="0" Max="192">88</HFP>
                    <HTotal Min="2096" Max="8191">2200</HTotal>
                    <VFreq Min="20" Max="75">59.9401</VFreq>
                    <VSync Min="1" Max="41">5</VSync>
                    <VActive Min="0" Max="1116">1080</VActive>
                    <VFP Min="0" Max="40">4</VFP>
                    <VTotal Min="1089" Max="8191">1125</VTotal>
                    <PixelClk>148.352</PixelClk>
                    <HSP Min="78" Max="80">80</HSP>
                    <VSP Min="78" Max="80">80</VSP>
                    <AR Min="0" Max="1000">1.77778</AR>
                    <Interlaced>80</Interlaced>
                    <VFType Min="0" Max="0">8</VFType>
                    <VFEnum Min="0" Max="4700">2708</VFEnum>
                    <VFStdFrom Min="0" Max="4">4</VFStdFrom>
                    <VFStdNum>16</VFStdNum>
                  </VideoFormat>
                </EDIDIn>
              </HDMIIn>
              <VideoFormat id="0">
                <Name>Empty</Name>
                <HFreq>0</HFreq>
                <HSync Min="1" Max="1">1</HSync>
                <HActive Min="0" Max="0">0</HActive>
                <HFP Min="0" Max="0">0</HFP>
                <HTotal Min="1" Max="8191">1</HTotal>
                <VFreq Min="20" Max="75">20</VFreq>
                <VSync Min="1" Max="1">1</VSync>
                <VActive Min="0" Max="0">0</VActive>
                <VFP Min="0" Max="0">0</VFP>
                <VTotal Min="1" Max="8191">1</VTotal>
                <PixelClk>0</PixelClk>
                <HSP Min="78" Max="80">80</HSP>
                <VSP Min="78" Max="80">80</VSP>
                <AR Min="0" Max="1000">0</AR>
                <Interlaced>80</Interlaced>
                <VFType Min="0" Max="0">0</VFType>
                <VFEnum Min="0" Max="4700">0</VFEnum>
                <VFStdFrom Min="0" Max="4">0</VFStdFrom>
                <VFStdNum>0</VFStdNum>
              </VideoFormat>
            </In>
            <In id="2">
              <AutoAcqMode Min="0" Max="1">1</AutoAcqMode>
              <Capacity LegalValues="0 1 2 4">0</Capacity>
              <ColorSpace LegalValues="-1 0 1">0</ColorSpace>
              <ColorRange LegalValues="0 1">0</ColorRange>
              <Sync Min="0" Max="2">0</Sync>
              <DPIn id="0">
                <Hdcp id="0">
                  <Mode Min="0" Max="1">0</Mode>
                  <HdcpAuth Min="0" Max="1">0</HdcpAuth>
                </Hdcp>
                <EDIDIn id="0">
                  <BitDepth LegalValues="1 2 3">2</BitDepth>
                  <EdidStatus Min="0" Max="4">0</EdidStatus>
                  <VideoFormat id="0">
                    <Name>1920x1080p @59.94</Name>
                    <HFreq>67433</HFreq>
                    <HSync Min="1" Max="192">88</HSync>
                    <HActive Min="0" Max="2024">1920</HActive>
                    <HFP Min="0" Max="192">88</HFP>
                    <HTotal Min="2096" Max="8191">2200</HTotal>
                    <VFreq Min="20" Max="75">59.9401</VFreq>
                    <VSync Min="1" Max="41">5</VSync>
                    <VActive Min="0" Max="1116">1080</VActive>
                    <VFP Min="0" Max="40">4</VFP>
                    <VTotal Min="1089" Max="8191">1125</VTotal>
                    <PixelClk>148.352</PixelClk>
                    <HSP Min="78" Max="80">80</HSP>
                    <VSP Min="78" Max="80">80</VSP>
                    <AR Min="0" Max="1000">1.77778</AR>
                    <Interlaced>80</Interlaced>
                    <VFType Min="0" Max="0">8</VFType>
                    <VFEnum Min="0" Max="4700">2708</VFEnum>
                    <VFStdFrom Min="0" Max="4">4</VFStdFrom>
                    <VFStdNum>16</VFStdNum>
                  </VideoFormat>
                </EDIDIn>
              </DPIn>
              <DVIIn id="0">
                <Hdcp id="0">
                  <Mode Min="0" Max="1">0</Mode>
                  <HdcpAuth Min="0" Max="1">0</HdcpAuth>
                </Hdcp>
                <EDIDIn id="0">
                  <BitDepth LegalValues="1">1</BitDepth>
                  <EdidStatus Min="0" Max="4">0</EdidStatus>
                  <VideoFormat id="0">
                    <Name>1920x1080p @59.94</Name>
                    <HFreq>67433</HFreq>
                    <HSync Min="1" Max="192">88</HSync>
                    <HActive Min="0" Max="2024">1920</HActive>
                    <HFP Min="0" Max="192">88</HFP>
                    <HTotal Min="2096" Max="8191">2200</HTotal>
                    <VFreq Min="20" Max="75">59.9401</VFreq>
                    <VSync Min="1" Max="41">5</VSync>
                    <VActive Min="0" Max="1116">1080</VActive>
                    <VFP Min="0" Max="40">4</VFP>
                    <VTotal Min="1089" Max="8191">1125</VTotal>
                    <PixelClk>148.352</PixelClk>
                    <HSP Min="78" Max="80">80</HSP>
                    <VSP Min="78" Max="80">80</VSP>
                    <AR Min="0" Max="1000">1.77778</AR>
                    <Interlaced>80</Interlaced>
                    <VFType Min="0" Max="0">8</VFType>
                    <VFEnum Min="0" Max="4700">2708</VFEnum>
                    <VFStdFrom Min="0" Max="4">4</VFStdFrom>
                    <VFStdNum>16</VFStdNum>
                  </VideoFormat>
                </EDIDIn>
              </DVIIn>
              <SDIIn id="0">
                <Type3G LegalValues="0 1 2 3">2</Type3G>
              </SDIIn>
              <HDMIIn id="0">
                <Hdcp id="0">
                  <Mode Min="0" Max="1">0</Mode>
                  <HdcpAuth Min="0" Max="1">0</HdcpAuth>
                </Hdcp>
                <EDIDIn id="0">
                  <BitDepth LegalValues="1 2 3">3</BitDepth>
                  <EdidStatus Min="0" Max="4">0</EdidStatus>
                  <VideoFormat id="0">
                    <Name>1920x1080p @59.94</Name>
                    <HFreq>67433</HFreq>
                    <HSync Min="1" Max="192">88</HSync>
                    <HActive Min="0" Max="2024">1920</HActive>
                    <HFP Min="0" Max="192">88</HFP>
                    <HTotal Min="2096" Max="8191">2200</HTotal>
                    <VFreq Min="20" Max="75">59.9401</VFreq>
                    <VSync Min="1" Max="41">5</VSync>
                    <VActive Min="0" Max="1116">1080</VActive>
                    <VFP Min="0" Max="40">4</VFP>
                    <VTotal Min="1089" Max="8191">1125</VTotal>
                    <PixelClk>148.352</PixelClk>
                    <HSP Min="78" Max="80">80</HSP>
                    <VSP Min="78" Max="80">80</VSP>
                    <AR Min="0" Max="1000">1.77778</AR>
                    <Interlaced>80</Interlaced>
                    <VFType Min="0" Max="0">8</VFType>
                    <VFEnum Min="0" Max="4700">2708</VFEnum>
                    <VFStdFrom Min="0" Max="4">4</VFStdFrom>
                    <VFStdNum>16</VFStdNum>
                  </VideoFormat>
                </EDIDIn>
              </HDMIIn>
              <VideoFormat id="0">
                <Name>Empty</Name>
                <HFreq>0</HFreq>
                <HSync Min="1" Max="1">1</HSync>
                <HActive Min="0" Max="0">0</HActive>
                <HFP Min="0" Max="0">0</HFP>
                <HTotal Min="1" Max="8191">1</HTotal>
                <VFreq Min="20" Max="75">20</VFreq>
                <VSync Min="1" Max="1">1</VSync>
                <VActive Min="0" Max="0">0</VActive>
                <VFP Min="0" Max="0">0</VFP>
                <VTotal Min="1" Max="8191">1</VTotal>
                <PixelClk>0</PixelClk>
                <HSP Min="78" Max="80">80</HSP>
                <VSP Min="78" Max="80">80</VSP>
                <AR Min="0" Max="1000">0</AR>
                <Interlaced>80</Interlaced>
                <VFType Min="0" Max="0">0</VFType>
                <VFEnum Min="0" Max="4700">0</VFEnum>
                <VFStdFrom Min="0" Max="4">0</VFStdFrom>
                <VFStdNum>0</VFStdNum>
              </VideoFormat>
            </In>
            <In id="3">
              <AutoAcqMode Min="0" Max="1">1</AutoAcqMode>
              <Capacity LegalValues="0 1 2 4">0</Capacity>
              <ColorSpace LegalValues="-1 0 1">0</ColorSpace>
              <ColorRange LegalValues="0 1">0</ColorRange>
              <Sync Min="0" Max="2">0</Sync>
              <DPIn id="0">
                <Hdcp id="0">
                  <Mode Min="0" Max="1">0</Mode>
                  <HdcpAuth Min="0" Max="1">0</HdcpAuth>
                </Hdcp>
                <EDIDIn id="0">
                  <BitDepth LegalValues="1 2 3">2</BitDepth>
                  <EdidStatus Min="0" Max="4">0</EdidStatus>
                  <VideoFormat id="0">
                    <Name>1920x1080p @59.94</Name>
                    <HFreq>67433</HFreq>
                    <HSync Min="1" Max="192">88</HSync>
                    <HActive Min="0" Max="2024">1920</HActive>
                    <HFP Min="0" Max="192">88</HFP>
                    <HTotal Min="2096" Max="8191">2200</HTotal>
                    <VFreq Min="20" Max="75">59.9401</VFreq>
                    <VSync Min="1" Max="41">5</VSync>
                    <VActive Min="0" Max="1116">1080</VActive>
                    <VFP Min="0" Max="40">4</VFP>
                    <VTotal Min="1089" Max="8191">1125</VTotal>
                    <PixelClk>148.352</PixelClk>
                    <HSP Min="78" Max="80">80</HSP>
                    <VSP Min="78" Max="80">80</VSP>
                    <AR Min="0" Max="1000">1.77778</AR>
                    <Interlaced>80</Interlaced>
                    <VFType Min="0" Max="0">8</VFType>
                    <VFEnum Min="0" Max="4700">2708</VFEnum>
                    <VFStdFrom Min="0" Max="4">4</VFStdFrom>
                    <VFStdNum>16</VFStdNum>
                  </VideoFormat>
                </EDIDIn>
              </DPIn>
              <DVIIn id="0">
                <Hdcp id="0">
                  <Mode Min="0" Max="1">0</Mode>
                  <HdcpAuth Min="0" Max="1">0</HdcpAuth>
                </Hdcp>
                <EDIDIn id="0">
                  <BitDepth LegalValues="1">1</BitDepth>
                  <EdidStatus Min="0" Max="4">0</EdidStatus>
                  <VideoFormat id="0">
                    <Name>1920x1080p @59.94</Name>
                    <HFreq>67433</HFreq>
                    <HSync Min="1" Max="192">88</HSync>
                    <HActive Min="0" Max="2024">1920</HActive>
                    <HFP Min="0" Max="192">88</HFP>
                    <HTotal Min="2096" Max="8191">2200</HTotal>
                    <VFreq Min="20" Max="75">59.9401</VFreq>
                    <VSync Min="1" Max="41">5</VSync>
                    <VActive Min="0" Max="1116">1080</VActive>
                    <VFP Min="0" Max="40">4</VFP>
                    <VTotal Min="1089" Max="8191">1125</VTotal>
                    <PixelClk>148.352</PixelClk>
                    <HSP Min="78" Max="80">80</HSP>
                    <VSP Min="78" Max="80">80</VSP>
                    <AR Min="0" Max="1000">1.77778</AR>
                    <Interlaced>80</Interlaced>
                    <VFType Min="0" Max="0">8</VFType>
                    <VFEnum Min="0" Max="4700">2708</VFEnum>
                    <VFStdFrom Min="0" Max="4">4</VFStdFrom>
                    <VFStdNum>16</VFStdNum>
                  </VideoFormat>
                </EDIDIn>
              </DVIIn>
              <SDIIn id="0">
                <Type3G LegalValues="0 1 2 3">2</Type3G>
              </SDIIn>
              <HDMIIn id="0">
                <Hdcp id="0">
                  <Mode Min="0" Max="1">0</Mode>
                  <HdcpAuth Min="0" Max="1">0</HdcpAuth>
                </Hdcp>
                <EDIDIn id="0">
                  <BitDepth LegalValues="1 2 3">3</BitDepth>
                  <EdidStatus Min="0" Max="4">0</EdidStatus>
                  <VideoFormat id="0">
                    <Name>1920x1080p @59.94</Name>
                    <HFreq>67433</HFreq>
                    <HSync Min="1" Max="192">88</HSync>
                    <HActive Min="0" Max="2024">1920</HActive>
                    <HFP Min="0" Max="192">88</HFP>
                    <HTotal Min="2096" Max="8191">2200</HTotal>
                    <VFreq Min="20" Max="75">59.9401</VFreq>
                    <VSync Min="1" Max="41">5</VSync>
                    <VActive Min="0" Max="1116">1080</VActive>
                    <VFP Min="0" Max="40">4</VFP>
                    <VTotal Min="1089" Max="8191">1125</VTotal>
                    <PixelClk>148.352</PixelClk>
                    <HSP Min="78" Max="80">80</HSP>
                    <VSP Min="78" Max="80">80</VSP>
                    <AR Min="0" Max="1000">1.77778</AR>
                    <Interlaced>80</Interlaced>
                    <VFType Min="0" Max="0">8</VFType>
                    <VFEnum Min="0" Max="4700">2708</VFEnum>
                    <VFStdFrom Min="0" Max="4">4</VFStdFrom>
                    <VFStdNum>16</VFStdNum>
                  </VideoFormat>
                </EDIDIn>
              </HDMIIn>
              <VideoFormat id="0">
                <Name>Empty</Name>
                <HFreq>0</HFreq>
                <HSync Min="1" Max="1">1</HSync>
                <HActive Min="0" Max="0">0</HActive>
                <HFP Min="0" Max="0">0</HFP>
                <HTotal Min="1" Max="8191">1</HTotal>
                <VFreq Min="20" Max="75">20</VFreq>
                <VSync Min="1" Max="1">1</VSync>
                <VActive Min="0" Max="0">0</VActive>
                <VFP Min="0" Max="0">0</VFP>
                <VTotal Min="1" Max="8191">1</VTotal>
                <PixelClk>0</PixelClk>
                <HSP Min="78" Max="80">80</HSP>
                <VSP Min="78" Max="80">80</VSP>
                <AR Min="0" Max="1000">0</AR>
                <Interlaced>80</Interlaced>
                <VFType Min="0" Max="0">0</VFType>
                <VFEnum Min="0" Max="4700">0</VFEnum>
                <VFStdFrom Min="0" Max="4">0</VFStdFrom>
                <VFStdNum>0</VFStdNum>
              </VideoFormat>
            </In>
          </CardIn>
          <CardExp id="0">
            <LinkConnector id="0">
              <Mode Min="0" Max="1">0</Mode>
              <IP>192.168.000.201</IP>
              <MacAddress>aa:aa:aa:aa:aa:aa</MacAddress>
              <Connected Min="0" Max="1">0</Connected>
              <ConnectorIndex Min="-1" Max="3">-1</ConnectorIndex>
              <SlotIndex Min="-1" Max="22">-1</SlotIndex>
            </LinkConnector>
            <LinkConnector id="1">
              <Mode Min="0" Max="1">0</Mode>
              <IP>192.168.000.201</IP>
              <MacAddress>aa:aa:aa:aa:aa:aa</MacAddress>
              <Connected Min="0" Max="1">0</Connected>
              <ConnectorIndex Min="-1" Max="3">-1</ConnectorIndex>
              <SlotIndex Min="-1" Max="22">-1</SlotIndex>
            </LinkConnector>
          </CardExp>
          <CardOut id="0">
            <NumOfChan Min="0" Max="4">4</NumOfChan>
            <CapacityStatus Min="0" Max="1">0</CapacityStatus>
            <Out id="0">
              <Capacity LegalValues="0 1 2 4">1</Capacity>
              <DPOut id="0">
                <HdcpAuth Min="0" Max="1">0</HdcpAuth>
                <EDIDOut id="0">
                  <EDIDValid Min="0" Max="1">0</EDIDValid>
                  <SupportHdmi Min="0" Max="1">0</SupportHdmi>
                  <SupportRGB Min="0" Max="1">1</SupportRGB>
                  <SupportSMPTE Min="0" Max="1">1</SupportSMPTE>
                  <Support444 Min="0" Max="1">1</Support444>
                  <Support422 Min="0" Max="1">1</Support422>
                  <BitDepth48 Min="0" Max="1">1</BitDepth48>
                  <BitDepth36 Min="0" Max="1">1</BitDepth36>
                  <BitDepth30 Min="0" Max="1">1</BitDepth30>
                  <BitDepth LegalValues="0 1 2 3 4 5">1</BitDepth>
                  <MaxTmds Min="0" Max="255">0</MaxTmds>
                  <VideoFormat id="0">
                    <Name>Empty</Name>
                    <HFreq>0</HFreq>
                    <HSync Min="1" Max="1">1</HSync>
                    <HActive Min="0" Max="0">0</HActive>
                    <HFP Min="0" Max="0">0</HFP>
                    <HTotal Min="1" Max="8191">1</HTotal>
                    <VFreq Min="20" Max="75">20</VFreq>
                    <VSync Min="1" Max="1">1</VSync>
                    <VActive Min="0" Max="0">0</VActive>
                    <VFP Min="0" Max="0">0</VFP>
                    <VTotal Min="1" Max="8191">1</VTotal>
                    <PixelClk>0</PixelClk>
                    <HSP Min="78" Max="80">80</HSP>
                    <VSP Min="78" Max="80">80</VSP>
                    <AR Min="0" Max="1000">0</AR>
                    <Interlaced>80</Interlaced>
                    <VFType Min="0" Max="0">0</VFType>
                    <VFEnum Min="0" Max="4700">0</VFEnum>
                    <VFStdFrom Min="0" Max="4">0</VFStdFrom>
                    <VFStdNum>0</VFStdNum>
                  </VideoFormat>
                </EDIDOut>
              </DPOut>
              <DVIOut id="0">
                <HdcpAuth Min="0" Max="1">0</HdcpAuth>
                <EDIDOut id="0">
                  <EDIDValid Min="0" Max="1">0</EDIDValid>
                  <SupportHdmi Min="0" Max="1">0</SupportHdmi>
                  <SupportRGB Min="0" Max="1">1</SupportRGB>
                  <SupportSMPTE Min="0" Max="1">1</SupportSMPTE>
                  <Support444 Min="0" Max="1">1</Support444>
                  <Support422 Min="0" Max="1">1</Support422>
                  <BitDepth48 Min="0" Max="1">1</BitDepth48>
                  <BitDepth36 Min="0" Max="1">1</BitDepth36>
                  <BitDepth30 Min="0" Max="1">1</BitDepth30>
                  <BitDepth LegalValues="0 1 2 3 4 5">1</BitDepth>
                  <MaxTmds Min="0" Max="255">0</MaxTmds>
                  <VideoFormat id="0">
                    <Name>Empty</Name>
                    <HFreq>0</HFreq>
                    <HSync Min="1" Max="1">1</HSync>
                    <HActive Min="0" Max="0">0</HActive>
                    <HFP Min="0" Max="0">0</HFP>
                    <HTotal Min="1" Max="8191">1</HTotal>
                    <VFreq Min="20" Max="75">20</VFreq>
                    <VSync Min="1" Max="1">1</VSync>
                    <VActive Min="0" Max="0">0</VActive>
                    <VFP Min="0" Max="0">0</VFP>
                    <VTotal Min="1" Max="8191">1</VTotal>
                    <PixelClk>0</PixelClk>
                    <HSP Min="78" Max="80">80</HSP>
                    <VSP Min="78" Max="80">80</VSP>
                    <AR Min="0" Max="1000">0</AR>
                    <Interlaced>80</Interlaced>
                    <VFType Min="0" Max="0">0</VFType>
                    <VFEnum Min="0" Max="4700">0</VFEnum>
                    <VFStdFrom Min="0" Max="4">0</VFStdFrom>
                    <VFStdNum>0</VFStdNum>
                  </VideoFormat>
                </EDIDOut>
              </DVIOut>
              <SDIOut id="0">
                <Type3G LegalValues="0 1 2 3">2</Type3G>
              </SDIOut>
              <HDMIOutput id="0">
                <HdcpAuth Min="0" Max="1">0</HdcpAuth>
                <SinkType Min="0" Max="1">1</SinkType>
                <EDIDOut id="0">
                  <EDIDValid Min="0" Max="1">0</EDIDValid>
                  <SupportHdmi Min="0" Max="1">0</SupportHdmi>
                  <SupportRGB Min="0" Max="1">1</SupportRGB>
                  <SupportSMPTE Min="0" Max="1">1</SupportSMPTE>
                  <Support444 Min="0" Max="1">1</Support444>
                  <Support422 Min="0" Max="1">1</Support422>
                  <BitDepth48 Min="0" Max="1">1</BitDepth48>
                  <BitDepth36 Min="0" Max="1">1</BitDepth36>
                  <BitDepth30 Min="0" Max="1">1</BitDepth30>
                  <BitDepth LegalValues="0 1 2 3 4 5">1</BitDepth>
                  <MaxTmds Min="0" Max="255">0</MaxTmds>
                  <VideoFormat id="0">
                    <Name>Empty</Name>
                    <HFreq>0</HFreq>
                    <HSync Min="1" Max="1">1</HSync>
                    <HActive Min="0" Max="0">0</HActive>
                    <HFP Min="0" Max="0">0</HFP>
                    <HTotal Min="1" Max="8191">1</HTotal>
                    <VFreq Min="20" Max="75">20</VFreq>
                    <VSync Min="1" Max="1">1</VSync>
                    <VActive Min="0" Max="0">0</VActive>
                    <VFP Min="0" Max="0">0</VFP>
                    <VTotal Min="1" Max="8191">1</VTotal>
                    <PixelClk>0</PixelClk>
                    <HSP Min="78" Max="80">80</HSP>
                    <VSP Min="78" Max="80">80</VSP>
                    <AR Min="0" Max="1000">0</AR>
                    <Interlaced>80</Interlaced>
                    <VFType Min="0" Max="0">0</VFType>
                    <VFEnum Min="0" Max="4700">0</VFEnum>
                    <VFStdFrom Min="0" Max="4">0</VFStdFrom>
                    <VFStdNum>0</VFStdNum>
                  </VideoFormat>
                </EDIDOut>
              </HDMIOutput>
            </Out>
            <Out id="1">
              <Capacity LegalValues="0 1 2 4">1</Capacity>
              <DPOut id="0">
                <HdcpAuth Min="0" Max="1">0</HdcpAuth>
                <EDIDOut id="0">
                  <EDIDValid Min="0" Max="1">0</EDIDValid>
                  <SupportHdmi Min="0" Max="1">0</SupportHdmi>
                  <SupportRGB Min="0" Max="1">1</SupportRGB>
                  <SupportSMPTE Min="0" Max="1">1</SupportSMPTE>
                  <Support444 Min="0" Max="1">1</Support444>
                  <Support422 Min="0" Max="1">1</Support422>
                  <BitDepth48 Min="0" Max="1">1</BitDepth48>
                  <BitDepth36 Min="0" Max="1">1</BitDepth36>
                  <BitDepth30 Min="0" Max="1">1</BitDepth30>
                  <BitDepth LegalValues="0 1 2 3 4 5">1</BitDepth>
                  <MaxTmds Min="0" Max="255">0</MaxTmds>
                  <VideoFormat id="0">
                    <Name>Empty</Name>
                    <HFreq>0</HFreq>
                    <HSync Min="1" Max="1">1</HSync>
                    <HActive Min="0" Max="0">0</HActive>
                    <HFP Min="0" Max="0">0</HFP>
                    <HTotal Min="1" Max="8191">1</HTotal>
                    <VFreq Min="20" Max="75">20</VFreq>
                    <VSync Min="1" Max="1">1</VSync>
                    <VActive Min="0" Max="0">0</VActive>
                    <VFP Min="0" Max="0">0</VFP>
                    <VTotal Min="1" Max="8191">1</VTotal>
                    <PixelClk>0</PixelClk>
                    <HSP Min="78" Max="80">80</HSP>
                    <VSP Min="78" Max="80">80</VSP>
                    <AR Min="0" Max="1000">0</AR>
                    <Interlaced>80</Interlaced>
                    <VFType Min="0" Max="0">0</VFType>
                    <VFEnum Min="0" Max="4700">0</VFEnum>
                    <VFStdFrom Min="0" Max="4">0</VFStdFrom>
                    <VFStdNum>0</VFStdNum>
                  </VideoFormat>
                </EDIDOut>
              </DPOut>
              <DVIOut id="0">
                <HdcpAuth Min="0" Max="1">0</HdcpAuth>
                <EDIDOut id="0">
                  <EDIDValid Min="0" Max="1">0</EDIDValid>
                  <SupportHdmi Min="0" Max="1">0</SupportHdmi>
                  <SupportRGB Min="0" Max="1">1</SupportRGB>
                  <SupportSMPTE Min="0" Max="1">1</SupportSMPTE>
                  <Support444 Min="0" Max="1">1</Support444>
                  <Support422 Min="0" Max="1">1</Support422>
                  <BitDepth48 Min="0" Max="1">1</BitDepth48>
                  <BitDepth36 Min="0" Max="1">1</BitDepth36>
                  <BitDepth30 Min="0" Max="1">1</BitDepth30>
                  <BitDepth LegalValues="0 1 2 3 4 5">1</BitDepth>
                  <MaxTmds Min="0" Max="255">0</MaxTmds>
                  <VideoFormat id="0">
                    <Name>Empty</Name>
                    <HFreq>0</HFreq>
                    <HSync Min="1" Max="1">1</HSync>
                    <HActive Min="0" Max="0">0</HActive>
                    <HFP Min="0" Max="0">0</HFP>
                    <HTotal Min="1" Max="8191">1</HTotal>
                    <VFreq Min="20" Max="75">20</VFreq>
                    <VSync Min="1" Max="1">1</VSync>
                    <VActive Min="0" Max="0">0</VActive>
                    <VFP Min="0" Max="0">0</VFP>
                    <VTotal Min="1" Max="8191">1</VTotal>
                    <PixelClk>0</PixelClk>
                    <HSP Min="78" Max="80">80</HSP>
                    <VSP Min="78" Max="80">80</VSP>
                    <AR Min="0" Max="1000">0</AR>
                    <Interlaced>80</Interlaced>
                    <VFType Min="0" Max="0">0</VFType>
                    <VFEnum Min="0" Max="4700">0</VFEnum>
                    <VFStdFrom Min="0" Max="4">0</VFStdFrom>
                    <VFStdNum>0</VFStdNum>
                  </VideoFormat>
                </EDIDOut>
              </DVIOut>
              <SDIOut id="0">
                <Type3G LegalValues="0 1 2 3">2</Type3G>
              </SDIOut>
              <HDMIOutput id="0">
                <HdcpAuth Min="0" Max="1">0</HdcpAuth>
                <SinkType Min="0" Max="1">1</SinkType>
                <EDIDOut id="0">
                  <EDIDValid Min="0" Max="1">0</EDIDValid>
                  <SupportHdmi Min="0" Max="1">0</SupportHdmi>
                  <SupportRGB Min="0" Max="1">1</SupportRGB>
                  <SupportSMPTE Min="0" Max="1">1</SupportSMPTE>
                  <Support444 Min="0" Max="1">1</Support444>
                  <Support422 Min="0" Max="1">1</Support422>
                  <BitDepth48 Min="0" Max="1">1</BitDepth48>
                  <BitDepth36 Min="0" Max="1">1</BitDepth36>
                  <BitDepth30 Min="0" Max="1">1</BitDepth30>
                  <BitDepth LegalValues="0 1 2 3 4 5">1</BitDepth>
                  <MaxTmds Min="0" Max="255">0</MaxTmds>
                  <VideoFormat id="0">
                    <Name>Empty</Name>
                    <HFreq>0</HFreq>
                    <HSync Min="1" Max="1">1</HSync>
                    <HActive Min="0" Max="0">0</HActive>
                    <HFP Min="0" Max="0">0</HFP>
                    <HTotal Min="1" Max="8191">1</HTotal>
                    <VFreq Min="20" Max="75">20</VFreq>
                    <VSync Min="1" Max="1">1</VSync>
                    <VActive Min="0" Max="0">0</VActive>
                    <VFP Min="0" Max="0">0</VFP>
                    <VTotal Min="1" Max="8191">1</VTotal>
                    <PixelClk>0</PixelClk>
                    <HSP Min="78" Max="80">80</HSP>
                    <VSP Min="78" Max="80">80</VSP>
                    <AR Min="0" Max="1000">0</AR>
                    <Interlaced>80</Interlaced>
                    <VFType Min="0" Max="0">0</VFType>
                    <VFEnum Min="0" Max="4700">0</VFEnum>
                    <VFStdFrom Min="0" Max="4">0</VFStdFrom>
                    <VFStdNum>0</VFStdNum>
                  </VideoFormat>
                </EDIDOut>
              </HDMIOutput>
            </Out>
            <Out id="2">
              <Capacity LegalValues="0 1 2 4">1</Capacity>
              <DPOut id="0">
                <HdcpAuth Min="0" Max="1">0</HdcpAuth>
                <EDIDOut id="0">
                  <EDIDValid Min="0" Max="1">0</EDIDValid>
                  <SupportHdmi Min="0" Max="1">0</SupportHdmi>
                  <SupportRGB Min="0" Max="1">1</SupportRGB>
                  <SupportSMPTE Min="0" Max="1">1</SupportSMPTE>
                  <Support444 Min="0" Max="1">1</Support444>
                  <Support422 Min="0" Max="1">1</Support422>
                  <BitDepth48 Min="0" Max="1">1</BitDepth48>
                  <BitDepth36 Min="0" Max="1">1</BitDepth36>
                  <BitDepth30 Min="0" Max="1">1</BitDepth30>
                  <BitDepth LegalValues="0 1 2 3 4 5">1</BitDepth>
                  <MaxTmds Min="0" Max="255">0</MaxTmds>
                  <VideoFormat id="0">
                    <Name>Empty</Name>
                    <HFreq>0</HFreq>
                    <HSync Min="1" Max="1">1</HSync>
                    <HActive Min="0" Max="0">0</HActive>
                    <HFP Min="0" Max="0">0</HFP>
                    <HTotal Min="1" Max="8191">1</HTotal>
                    <VFreq Min="20" Max="75">20</VFreq>
                    <VSync Min="1" Max="1">1</VSync>
                    <VActive Min="0" Max="0">0</VActive>
                    <VFP Min="0" Max="0">0</VFP>
                    <VTotal Min="1" Max="8191">1</VTotal>
                    <PixelClk>0</PixelClk>
                    <HSP Min="78" Max="80">80</HSP>
                    <VSP Min="78" Max="80">80</VSP>
                    <AR Min="0" Max="1000">0</AR>
                    <Interlaced>80</Interlaced>
                    <VFType Min="0" Max="0">0</VFType>
                    <VFEnum Min="0" Max="4700">0</VFEnum>
                    <VFStdFrom Min="0" Max="4">0</VFStdFrom>
                    <VFStdNum>0</VFStdNum>
                  </VideoFormat>
                </EDIDOut>
              </DPOut>
              <DVIOut id="0">
                <HdcpAuth Min="0" Max="1">0</HdcpAuth>
                <EDIDOut id="0">
                  <EDIDValid Min="0" Max="1">0</EDIDValid>
                  <SupportHdmi Min="0" Max="1">0</SupportHdmi>
                  <SupportRGB Min="0" Max="1">1</SupportRGB>
                  <SupportSMPTE Min="0" Max="1">1</SupportSMPTE>
                  <Support444 Min="0" Max="1">1</Support444>
                  <Support422 Min="0" Max="1">1</Support422>
                  <BitDepth48 Min="0" Max="1">1</BitDepth48>
                  <BitDepth36 Min="0" Max="1">1</BitDepth36>
                  <BitDepth30 Min="0" Max="1">1</BitDepth30>
                  <BitDepth LegalValues="0 1 2 3 4 5">1</BitDepth>
                  <MaxTmds Min="0" Max="255">0</MaxTmds>
                  <VideoFormat id="0">
                    <Name>Empty</Name>
                    <HFreq>0</HFreq>
                    <HSync Min="1" Max="1">1</HSync>
                    <HActive Min="0" Max="0">0</HActive>
                    <HFP Min="0" Max="0">0</HFP>
                    <HTotal Min="1" Max="8191">1</HTotal>
                    <VFreq Min="20" Max="75">20</VFreq>
                    <VSync Min="1" Max="1">1</VSync>
                    <VActive Min="0" Max="0">0</VActive>
                    <VFP Min="0" Max="0">0</VFP>
                    <VTotal Min="1" Max="8191">1</VTotal>
                    <PixelClk>0</PixelClk>
                    <HSP Min="78" Max="80">80</HSP>
                    <VSP Min="78" Max="80">80</VSP>
                    <AR Min="0" Max="1000">0</AR>
                    <Interlaced>80</Interlaced>
                    <VFType Min="0" Max="0">0</VFType>
                    <VFEnum Min="0" Max="4700">0</VFEnum>
                    <VFStdFrom Min="0" Max="4">0</VFStdFrom>
                    <VFStdNum>0</VFStdNum>
                  </VideoFormat>
                </EDIDOut>
              </DVIOut>
              <SDIOut id="0">
                <Type3G LegalValues="0 1 2 3">2</Type3G>
              </SDIOut>
              <HDMIOutput id="0">
                <HdcpAuth Min="0" Max="1">0</HdcpAuth>
                <SinkType Min="0" Max="1">1</SinkType>
                <EDIDOut id="0">
                  <EDIDValid Min="0" Max="1">0</EDIDValid>
                  <SupportHdmi Min="0" Max="1">0</SupportHdmi>
                  <SupportRGB Min="0" Max="1">1</SupportRGB>
                  <SupportSMPTE Min="0" Max="1">1</SupportSMPTE>
                  <Support444 Min="0" Max="1">1</Support444>
                  <Support422 Min="0" Max="1">1</Support422>
                  <BitDepth48 Min="0" Max="1">1</BitDepth48>
                  <BitDepth36 Min="0" Max="1">1</BitDepth36>
                  <BitDepth30 Min="0" Max="1">1</BitDepth30>
                  <BitDepth LegalValues="0 1 2 3 4 5">1</BitDepth>
                  <MaxTmds Min="0" Max="255">0</MaxTmds>
                  <VideoFormat id="0">
                    <Name>Empty</Name>
                    <HFreq>0</HFreq>
                    <HSync Min="1" Max="1">1</HSync>
                    <HActive Min="0" Max="0">0</HActive>
                    <HFP Min="0" Max="0">0</HFP>
                    <HTotal Min="1" Max="8191">1</HTotal>
                    <VFreq Min="20" Max="75">20</VFreq>
                    <VSync Min="1" Max="1">1</VSync>
                    <VActive Min="0" Max="0">0</VActive>
                    <VFP Min="0" Max="0">0</VFP>
                    <VTotal Min="1" Max="8191">1</VTotal>
                    <PixelClk>0</PixelClk>
                    <HSP Min="78" Max="80">80</HSP>
                    <VSP Min="78" Max="80">80</VSP>
                    <AR Min="0" Max="1000">0</AR>
                    <Interlaced>80</Interlaced>
                    <VFType Min="0" Max="0">0</VFType>
                    <VFEnum Min="0" Max="4700">0</VFEnum>
                    <VFStdFrom Min="0" Max="4">0</VFStdFrom>
                    <VFStdNum>0</VFStdNum>
                  </VideoFormat>
                </EDIDOut>
              </HDMIOutput>
            </Out>
            <Out id="3">
              <Capacity LegalValues="0 1 2 4">1</Capacity>
              <DPOut id="0">
                <HdcpAuth Min="0" Max="1">0</HdcpAuth>
                <EDIDOut id="0">
                  <EDIDValid Min="0" Max="1">0</EDIDValid>
                  <SupportHdmi Min="0" Max="1">0</SupportHdmi>
                  <SupportRGB Min="0" Max="1">1</SupportRGB>
                  <SupportSMPTE Min="0" Max="1">1</SupportSMPTE>
                  <Support444 Min="0" Max="1">1</Support444>
                  <Support422 Min="0" Max="1">1</Support422>
                  <BitDepth48 Min="0" Max="1">1</BitDepth48>
                  <BitDepth36 Min="0" Max="1">1</BitDepth36>
                  <BitDepth30 Min="0" Max="1">1</BitDepth30>
                  <BitDepth LegalValues="0 1 2 3 4 5">1</BitDepth>
                  <MaxTmds Min="0" Max="255">0</MaxTmds>
                  <VideoFormat id="0">
                    <Name>Empty</Name>
                    <HFreq>0</HFreq>
                    <HSync Min="1" Max="1">1</HSync>
                    <HActive Min="0" Max="0">0</HActive>
                    <HFP Min="0" Max="0">0</HFP>
                    <HTotal Min="1" Max="8191">1</HTotal>
                    <VFreq Min="20" Max="75">20</VFreq>
                    <VSync Min="1" Max="1">1</VSync>
                    <VActive Min="0" Max="0">0</VActive>
                    <VFP Min="0" Max="0">0</VFP>
                    <VTotal Min="1" Max="8191">1</VTotal>
                    <PixelClk>0</PixelClk>
                    <HSP Min="78" Max="80">80</HSP>
                    <VSP Min="78" Max="80">80</VSP>
                    <AR Min="0" Max="1000">0</AR>
                    <Interlaced>80</Interlaced>
                    <VFType Min="0" Max="0">0</VFType>
                    <VFEnum Min="0" Max="4700">0</VFEnum>
                    <VFStdFrom Min="0" Max="4">0</VFStdFrom>
                    <VFStdNum>0</VFStdNum>
                  </VideoFormat>
                </EDIDOut>
              </DPOut>
              <DVIOut id="0">
                <HdcpAuth Min="0" Max="1">0</HdcpAuth>
                <EDIDOut id="0">
                  <EDIDValid Min="0" Max="1">0</EDIDValid>
                  <SupportHdmi Min="0" Max="1">0</SupportHdmi>
                  <SupportRGB Min="0" Max="1">1</SupportRGB>
                  <SupportSMPTE Min="0" Max="1">1</SupportSMPTE>
                  <Support444 Min="0" Max="1">1</Support444>
                  <Support422 Min="0" Max="1">1</Support422>
                  <BitDepth48 Min="0" Max="1">1</BitDepth48>
                  <BitDepth36 Min="0" Max="1">1</BitDepth36>
                  <BitDepth30 Min="0" Max="1">1</BitDepth30>
                  <BitDepth LegalValues="0 1 2 3 4 5">1</BitDepth>
                  <MaxTmds Min="0" Max="255">0</MaxTmds>
                  <VideoFormat id="0">
                    <Name>Empty</Name>
                    <HFreq>0</HFreq>
                    <HSync Min="1" Max="1">1</HSync>
                    <HActive Min="0" Max="0">0</HActive>
                    <HFP Min="0" Max="0">0</HFP>
                    <HTotal Min="1" Max="8191">1</HTotal>
                    <VFreq Min="20" Max="75">20</VFreq>
                    <VSync Min="1" Max="1">1</VSync>
                    <VActive Min="0" Max="0">0</VActive>
                    <VFP Min="0" Max="0">0</VFP>
                    <VTotal Min="1" Max="8191">1</VTotal>
                    <PixelClk>0</PixelClk>
                    <HSP Min="78" Max="80">80</HSP>
                    <VSP Min="78" Max="80">80</VSP>
                    <AR Min="0" Max="1000">0</AR>
                    <Interlaced>80</Interlaced>
                    <VFType Min="0" Max="0">0</VFType>
                    <VFEnum Min="0" Max="4700">0</VFEnum>
                    <VFStdFrom Min="0" Max="4">0</VFStdFrom>
                    <VFStdNum>0</VFStdNum>
                  </VideoFormat>
                </EDIDOut>
              </DVIOut>
              <SDIOut id="0">
                <Type3G LegalValues="0 1 2 3">2</Type3G>
              </SDIOut>
              <HDMIOutput id="0">
                <HdcpAuth Min="0" Max="1">0</HdcpAuth>
                <SinkType Min="0" Max="1">1</SinkType>
                <EDIDOut id="0">
                  <EDIDValid Min="0" Max="1">0</EDIDValid>
                  <SupportHdmi Min="0" Max="1">0</SupportHdmi>
                  <SupportRGB Min="0" Max="1">1</SupportRGB>
                  <SupportSMPTE Min="0" Max="1">1</SupportSMPTE>
                  <Support444 Min="0" Max="1">1</Support444>
                  <Support422 Min="0" Max="1">1</Support422>
                  <BitDepth48 Min="0" Max="1">1</BitDepth48>
                  <BitDepth36 Min="0" Max="1">1</BitDepth36>
                  <BitDepth30 Min="0" Max="1">1</BitDepth30>
                  <BitDepth LegalValues="0 1 2 3 4 5">1</BitDepth>
                  <MaxTmds Min="0" Max="255">0</MaxTmds>
                  <VideoFormat id="0">
                    <Name>Empty</Name>
                    <HFreq>0</HFreq>
                    <HSync Min="1" Max="1">1</HSync>
                    <HActive Min="0" Max="0">0</HActive>
                    <HFP Min="0" Max="0">0</HFP>
                    <HTotal Min="1" Max="8191">1</HTotal>
                    <VFreq Min="20" Max="75">20</VFreq>
                    <VSync Min="1" Max="1">1</VSync>
                    <VActive Min="0" Max="0">0</VActive>
                    <VFP Min="0" Max="0">0</VFP>
                    <VTotal Min="1" Max="8191">1</VTotal>
                    <PixelClk>0</PixelClk>
                    <HSP Min="78" Max="80">80</HSP>
                    <VSP Min="78" Max="80">80</VSP>
                    <AR Min="0" Max="1000">0</AR>
                    <Interlaced>80</Interlaced>
                    <VFType Min="0" Max="0">0</VFType>
                    <VFEnum Min="0" Max="4700">0</VFEnum>
                    <VFStdFrom Min="0" Max="4">0</VFStdFrom>
                    <VFStdNum>0</VFStdNum>
                  </VideoFormat>
                </EDIDOut>
              </HDMIOutput>
            </Out>
          </CardOut>
          <CardLayer id="0">
            <BankIndex Min="-1" Max="4">-1</BankIndex>
            <VpuIndex Min="-1" Max="4">-1</VpuIndex>
            <Luma Min="0" Max="100">37.5</Luma>
            <Sat Min="0" Max="100">100</Sat>
            <Hue Min="0" Max="360">0</Hue>
            <LinkAssign id="0">
              <XPos Min="0" Max="1000000">0</XPos>
              <YPos Min="0" Max="1000000">0</YPos>
              <ZPos Min="0" Max="1000000">0</ZPos>
              <DestIndex Min="-1" Max="127">-1</DestIndex>
              <Rect id="0">
                <HPos Min="-32767" Max="32767">0</HPos>
                <VPos Min="-32767" Max="32767">0</VPos>
                <HSize Min="0" Max="32767">0</HSize>
                <VSize Min="0" Max="32767">0</VSize>
                <AR Min="0" Max="99">0</AR>
              </Rect>
            </LinkAssign>
            <LinkAssign id="1">
              <XPos Min="0" Max="1000000">0</XPos>
              <YPos Min="0" Max="1000000">0</YPos>
              <ZPos Min="0" Max="1000000">0</ZPos>
              <DestIndex Min="-1" Max="127">-1</DestIndex>
              <Rect id="0">
                <HPos Min="-32767" Max="32767">0</HPos>
                <VPos Min="-32767" Max="32767">0</VPos>
                <HSize Min="0" Max="32767">0</HSize>
                <VSize Min="0" Max="32767">0</VSize>
                <AR Min="0" Max="99">0</AR>
              </Rect>
            </LinkAssign>
            <LinkAssign id="2">
              <XPos Min="0" Max="1000000">0</XPos>
              <YPos Min="0" Max="1000000">0</YPos>
              <ZPos Min="0" Max="1000000">0</ZPos>
              <DestIndex Min="-1" Max="127">-1</DestIndex>
              <Rect id="0">
                <HPos Min="-32767" Max="32767">0</HPos>
                <VPos Min="-32767" Max="32767">0</VPos>
                <HSize Min="0" Max="32767">0</HSize>
                <VSize Min="0" Max="32767">0</VSize>
                <AR Min="0" Max="99">0</AR>
              </Rect>
            </LinkAssign>
            <LinkAssign id="3">
              <XPos Min="0" Max="1000000">0</XPos>
              <YPos Min="0" Max="1000000">0</YPos>
              <ZPos Min="0" Max="1000000">0</ZPos>
              <DestIndex Min="-1" Max="127">-1</DestIndex>
              <Rect id="0">
                <HPos Min="-32767" Max="32767">0</HPos>
                <VPos Min="-32767" Max="32767">0</VPos>
                <HSize Min="0" Max="32767">0</HSize>
                <VSize Min="0" Max="32767">0</VSize>
                <AR Min="0" Max="99">0</AR>
              </Rect>
            </LinkAssign>
            <ScalerAssign id="0">
              <YPos Min="0" Max="1000000">0</YPos>
              <ZPos Min="0" Max="1000000">0</ZPos>
              <LayerIndex Min="-1" Max="512">-1</LayerIndex>
              <DestIndex Min="-1" Max="127">-1</DestIndex>
            </ScalerAssign>
            <ScalerAssign id="1">
              <YPos Min="0" Max="1000000">0</YPos>
              <ZPos Min="0" Max="1000000">0</ZPos>
              <LayerIndex Min="-1" Max="512">-1</LayerIndex>
              <DestIndex Min="-1" Max="127">-1</DestIndex>
            </ScalerAssign>
            <ScalerAssign id="2">
              <YPos Min="0" Max="1000000">0</YPos>
              <ZPos Min="0" Max="1000000">0</ZPos>
              <LayerIndex Min="-1" Max="512">-1</LayerIndex>
              <DestIndex Min="-1" Max="127">-1</DestIndex>
            </ScalerAssign>
            <ScalerAssign id="3">
              <YPos Min="0" Max="1000000">0</YPos>
              <ZPos Min="0" Max="1000000">0</ZPos>
              <LayerIndex Min="-1" Max="512">-1</LayerIndex>
              <DestIndex Min="-1" Max="127">-1</DestIndex>
            </ScalerAssign>
          </CardLayer>
        </Card>
      </Slot>
      <Slot id="13">
        <Card id="0">
          <CardStatus Min="0" Max="4">0</CardStatus>
          <CardType Min="0" Max="255">255</CardType>
          <CardID/>
          <SlotIndex Min="-1" Max="23">13</SlotIndex>
          <CardIn id="0">
            <NumOfChan Min="0" Max="4">4</NumOfChan>
            <CapacityStatus Min="0" Max="1">0</CapacityStatus>
            <In id="0">
              <AutoAcqMode Min="0" Max="1">1</AutoAcqMode>
              <Capacity LegalValues="0 1 2 4">0</Capacity>
              <ColorSpace LegalValues="-1 0 1">0</ColorSpace>
              <ColorRange LegalValues="0 1">0</ColorRange>
              <Sync Min="0" Max="2">0</Sync>
              <DPIn id="0">
                <Hdcp id="0">
                  <Mode Min="0" Max="1">0</Mode>
                  <HdcpAuth Min="0" Max="1">0</HdcpAuth>
                </Hdcp>
                <EDIDIn id="0">
                  <BitDepth LegalValues="1 2 3">2</BitDepth>
                  <EdidStatus Min="0" Max="4">0</EdidStatus>
                  <VideoFormat id="0">
                    <Name>1920x1080p @59.94</Name>
                    <HFreq>67433</HFreq>
                    <HSync Min="1" Max="192">88</HSync>
                    <HActive Min="0" Max="2024">1920</HActive>
                    <HFP Min="0" Max="192">88</HFP>
                    <HTotal Min="2096" Max="8191">2200</HTotal>
                    <VFreq Min="20" Max="75">59.9401</VFreq>
                    <VSync Min="1" Max="41">5</VSync>
                    <VActive Min="0" Max="1116">1080</VActive>
                    <VFP Min="0" Max="40">4</VFP>
                    <VTotal Min="1089" Max="8191">1125</VTotal>
                    <PixelClk>148.352</PixelClk>
                    <HSP Min="78" Max="80">80</HSP>
                    <VSP Min="78" Max="80">80</VSP>
                    <AR Min="0" Max="1000">1.77778</AR>
                    <Interlaced>80</Interlaced>
                    <VFType Min="0" Max="0">8</VFType>
                    <VFEnum Min="0" Max="4700">2708</VFEnum>
                    <VFStdFrom Min="0" Max="4">4</VFStdFrom>
                    <VFStdNum>16</VFStdNum>
                  </VideoFormat>
                </EDIDIn>
              </DPIn>
              <DVIIn id="0">
                <Hdcp id="0">
                  <Mode Min="0" Max="1">0</Mode>
                  <HdcpAuth Min="0" Max="1">0</HdcpAuth>
                </Hdcp>
                <EDIDIn id="0">
                  <BitDepth LegalValues="1">1</BitDepth>
                  <EdidStatus Min="0" Max="4">0</EdidStatus>
                  <VideoFormat id="0">
                    <Name>1920x1080p @59.94</Name>
                    <HFreq>67433</HFreq>
                    <HSync Min="1" Max="192">88</HSync>
                    <HActive Min="0" Max="2024">1920</HActive>
                    <HFP Min="0" Max="192">88</HFP>
                    <HTotal Min="2096" Max="8191">2200</HTotal>
                    <VFreq Min="20" Max="75">59.9401</VFreq>
                    <VSync Min="1" Max="41">5</VSync>
                    <VActive Min="0" Max="1116">1080</VActive>
                    <VFP Min="0" Max="40">4</VFP>
                    <VTotal Min="1089" Max="8191">1125</VTotal>
                    <PixelClk>148.352</PixelClk>
                    <HSP Min="78" Max="80">80</HSP>
                    <VSP Min="78" Max="80">80</VSP>
                    <AR Min="0" Max="1000">1.77778</AR>
                    <Interlaced>80</Interlaced>
                    <VFType Min="0" Max="0">8</VFType>
                    <VFEnum Min="0" Max="4700">2708</VFEnum>
                    <VFStdFrom Min="0" Max="4">4</VFStdFrom>
                    <VFStdNum>16</VFStdNum>
                  </VideoFormat>
                </EDIDIn>
              </DVIIn>
              <SDIIn id="0">
                <Type3G LegalValues="0 1 2 3">2</Type3G>
              </SDIIn>
              <HDMIIn id="0">
                <Hdcp id="0">
                  <Mode Min="0" Max="1">0</Mode>
                  <HdcpAuth Min="0" Max="1">0</HdcpAuth>
                </Hdcp>
                <EDIDIn id="0">
                  <BitDepth LegalValues="1 2 3">3</BitDepth>
                  <EdidStatus Min="0" Max="4">0</EdidStatus>
                  <VideoFormat id="0">
                    <Name>1920x1080p @59.94</Name>
                    <HFreq>67433</HFreq>
                    <HSync Min="1" Max="192">88</HSync>
                    <HActive Min="0" Max="2024">1920</HActive>
                    <HFP Min="0" Max="192">88</HFP>
                    <HTotal Min="2096" Max="8191">2200</HTotal>
                    <VFreq Min="20" Max="75">59.9401</VFreq>
                    <VSync Min="1" Max="41">5</VSync>
                    <VActive Min="0" Max="1116">1080</VActive>
                    <VFP Min="0" Max="40">4</VFP>
                    <VTotal Min="1089" Max="8191">1125</VTotal>
                    <PixelClk>148.352</PixelClk>
                    <HSP Min="78" Max="80">80</HSP>
                    <VSP Min="78" Max="80">80</VSP>
                    <AR Min="0" Max="1000">1.77778</AR>
                    <Interlaced>80</Interlaced>
                    <VFType Min="0" Max="0">8</VFType>
                    <VFEnum Min="0" Max="4700">2708</VFEnum>
                    <VFStdFrom Min="0" Max="4">4</VFStdFrom>
                    <VFStdNum>16</VFStdNum>
                  </VideoFormat>
                </EDIDIn>
              </HDMIIn>
              <VideoFormat id="0">
                <Name>Empty</Name>
                <HFreq>0</HFreq>
                <HSync Min="1" Max="1">1</HSync>
                <HActive Min="0" Max="0">0</HActive>
                <HFP Min="0" Max="0">0</HFP>
                <HTotal Min="1" Max="8191">1</HTotal>
                <VFreq Min="20" Max="75">20</VFreq>
                <VSync Min="1" Max="1">1</VSync>
                <VActive Min="0" Max="0">0</VActive>
                <VFP Min="0" Max="0">0</VFP>
                <VTotal Min="1" Max="8191">1</VTotal>
                <PixelClk>0</PixelClk>
                <HSP Min="78" Max="80">80</HSP>
                <VSP Min="78" Max="80">80</VSP>
                <AR Min="0" Max="1000">0</AR>
                <Interlaced>80</Interlaced>
                <VFType Min="0" Max="0">0</VFType>
                <VFEnum Min="0" Max="4700">0</VFEnum>
                <VFStdFrom Min="0" Max="4">0</VFStdFrom>
                <VFStdNum>0</VFStdNum>
              </VideoFormat>
            </In>
            <In id="1">
              <AutoAcqMode Min="0" Max="1">1</AutoAcqMode>
              <Capacity LegalValues="0 1 2 4">0</Capacity>
              <ColorSpace LegalValues="-1 0 1">0</ColorSpace>
              <ColorRange LegalValues="0 1">0</ColorRange>
              <Sync Min="0" Max="2">0</Sync>
              <DPIn id="0">
                <Hdcp id="0">
                  <Mode Min="0" Max="1">0</Mode>
                  <HdcpAuth Min="0" Max="1">0</HdcpAuth>
                </Hdcp>
                <EDIDIn id="0">
                  <BitDepth LegalValues="1 2 3">2</BitDepth>
                  <EdidStatus Min="0" Max="4">0</EdidStatus>
                  <VideoFormat id="0">
                    <Name>1920x1080p @59.94</Name>
                    <HFreq>67433</HFreq>
                    <HSync Min="1" Max="192">88</HSync>
                    <HActive Min="0" Max="2024">1920</HActive>
                    <HFP Min="0" Max="192">88</HFP>
                    <HTotal Min="2096" Max="8191">2200</HTotal>
                    <VFreq Min="20" Max="75">59.9401</VFreq>
                    <VSync Min="1" Max="41">5</VSync>
                    <VActive Min="0" Max="1116">1080</VActive>
                    <VFP Min="0" Max="40">4</VFP>
                    <VTotal Min="1089" Max="8191">1125</VTotal>
                    <PixelClk>148.352</PixelClk>
                    <HSP Min="78" Max="80">80</HSP>
                    <VSP Min="78" Max="80">80</VSP>
                    <AR Min="0" Max="1000">1.77778</AR>
                    <Interlaced>80</Interlaced>
                    <VFType Min="0" Max="0">8</VFType>
                    <VFEnum Min="0" Max="4700">2708</VFEnum>
                    <VFStdFrom Min="0" Max="4">4</VFStdFrom>
                    <VFStdNum>16</VFStdNum>
                  </VideoFormat>
                </EDIDIn>
              </DPIn>
              <DVIIn id="0">
                <Hdcp id="0">
                  <Mode Min="0" Max="1">0</Mode>
                  <HdcpAuth Min="0" Max="1">0</HdcpAuth>
                </Hdcp>
                <EDIDIn id="0">
                  <BitDepth LegalValues="1">1</BitDepth>
                  <EdidStatus Min="0" Max="4">0</EdidStatus>
                  <VideoFormat id="0">
                    <Name>1920x1080p @59.94</Name>
                    <HFreq>67433</HFreq>
                    <HSync Min="1" Max="192">88</HSync>
                    <HActive Min="0" Max="2024">1920</HActive>
                    <HFP Min="0" Max="192">88</HFP>
                    <HTotal Min="2096" Max="8191">2200</HTotal>
                    <VFreq Min="20" Max="75">59.9401</VFreq>
                    <VSync Min="1" Max="41">5</VSync>
                    <VActive Min="0" Max="1116">1080</VActive>
                    <VFP Min="0" Max="40">4</VFP>
                    <VTotal Min="1089" Max="8191">1125</VTotal>
                    <PixelClk>148.352</PixelClk>
                    <HSP Min="78" Max="80">80</HSP>
                    <VSP Min="78" Max="80">80</VSP>
                    <AR Min="0" Max="1000">1.77778</AR>
                    <Interlaced>80</Interlaced>
                    <VFType Min="0" Max="0">8</VFType>
                    <VFEnum Min="0" Max="4700">2708</VFEnum>
                    <VFStdFrom Min="0" Max="4">4</VFStdFrom>
                    <VFStdNum>16</VFStdNum>
                  </VideoFormat>
                </EDIDIn>
              </DVIIn>
              <SDIIn id="0">
                <Type3G LegalValues="0 1 2 3">2</Type3G>
              </SDIIn>
              <HDMIIn id="0">
                <Hdcp id="0">
                  <Mode Min="0" Max="1">0</Mode>
                  <HdcpAuth Min="0" Max="1">0</HdcpAuth>
                </Hdcp>
                <EDIDIn id="0">
                  <BitDepth LegalValues="1 2 3">3</BitDepth>
                  <EdidStatus Min="0" Max="4">0</EdidStatus>
                  <VideoFormat id="0">
                    <Name>1920x1080p @59.94</Name>
                    <HFreq>67433</HFreq>
                    <HSync Min="1" Max="192">88</HSync>
                    <HActive Min="0" Max="2024">1920</HActive>
                    <HFP Min="0" Max="192">88</HFP>
                    <HTotal Min="2096" Max="8191">2200</HTotal>
                    <VFreq Min="20" Max="75">59.9401</VFreq>
                    <VSync Min="1" Max="41">5</VSync>
                    <VActive Min="0" Max="1116">1080</VActive>
                    <VFP Min="0" Max="40">4</VFP>
                    <VTotal Min="1089" Max="8191">1125</VTotal>
                    <PixelClk>148.352</PixelClk>
                    <HSP Min="78" Max="80">80</HSP>
                    <VSP Min="78" Max="80">80</VSP>
                    <AR Min="0" Max="1000">1.77778</AR>
                    <Interlaced>80</Interlaced>
                    <VFType Min="0" Max="0">8</VFType>
                    <VFEnum Min="0" Max="4700">2708</VFEnum>
                    <VFStdFrom Min="0" Max="4">4</VFStdFrom>
                    <VFStdNum>16</VFStdNum>
                  </VideoFormat>
                </EDIDIn>
              </HDMIIn>
              <VideoFormat id="0">
                <Name>Empty</Name>
                <HFreq>0</HFreq>
                <HSync Min="1" Max="1">1</HSync>
                <HActive Min="0" Max="0">0</HActive>
                <HFP Min="0" Max="0">0</HFP>
                <HTotal Min="1" Max="8191">1</HTotal>
                <VFreq Min="20" Max="75">20</VFreq>
                <VSync Min="1" Max="1">1</VSync>
                <VActive Min="0" Max="0">0</VActive>
                <VFP Min="0" Max="0">0</VFP>
                <VTotal Min="1" Max="8191">1</VTotal>
                <PixelClk>0</PixelClk>
                <HSP Min="78" Max="80">80</HSP>
                <VSP Min="78" Max="80">80</VSP>
                <AR Min="0" Max="1000">0</AR>
                <Interlaced>80</Interlaced>
                <VFType Min="0" Max="0">0</VFType>
                <VFEnum Min="0" Max="4700">0</VFEnum>
                <VFStdFrom Min="0" Max="4">0</VFStdFrom>
                <VFStdNum>0</VFStdNum>
              </VideoFormat>
            </In>
            <In id="2">
              <AutoAcqMode Min="0" Max="1">1</AutoAcqMode>
              <Capacity LegalValues="0 1 2 4">0</Capacity>
              <ColorSpace LegalValues="-1 0 1">0</ColorSpace>
              <ColorRange LegalValues="0 1">0</ColorRange>
              <Sync Min="0" Max="2">0</Sync>
              <DPIn id="0">
                <Hdcp id="0">
                  <Mode Min="0" Max="1">0</Mode>
                  <HdcpAuth Min="0" Max="1">0</HdcpAuth>
                </Hdcp>
                <EDIDIn id="0">
                  <BitDepth LegalValues="1 2 3">2</BitDepth>
                  <EdidStatus Min="0" Max="4">0</EdidStatus>
                  <VideoFormat id="0">
                    <Name>1920x1080p @59.94</Name>
                    <HFreq>67433</HFreq>
                    <HSync Min="1" Max="192">88</HSync>
                    <HActive Min="0" Max="2024">1920</HActive>
                    <HFP Min="0" Max="192">88</HFP>
                    <HTotal Min="2096" Max="8191">2200</HTotal>
                    <VFreq Min="20" Max="75">59.9401</VFreq>
                    <VSync Min="1" Max="41">5</VSync>
                    <VActive Min="0" Max="1116">1080</VActive>
                    <VFP Min="0" Max="40">4</VFP>
                    <VTotal Min="1089" Max="8191">1125</VTotal>
                    <PixelClk>148.352</PixelClk>
                    <HSP Min="78" Max="80">80</HSP>
                    <VSP Min="78" Max="80">80</VSP>
                    <AR Min="0" Max="1000">1.77778</AR>
                    <Interlaced>80</Interlaced>
                    <VFType Min="0" Max="0">8</VFType>
                    <VFEnum Min="0" Max="4700">2708</VFEnum>
                    <VFStdFrom Min="0" Max="4">4</VFStdFrom>
                    <VFStdNum>16</VFStdNum>
                  </VideoFormat>
                </EDIDIn>
              </DPIn>
              <DVIIn id="0">
                <Hdcp id="0">
                  <Mode Min="0" Max="1">0</Mode>
                  <HdcpAuth Min="0" Max="1">0</HdcpAuth>
                </Hdcp>
                <EDIDIn id="0">
                  <BitDepth LegalValues="1">1</BitDepth>
                  <EdidStatus Min="0" Max="4">0</EdidStatus>
                  <VideoFormat id="0">
                    <Name>1920x1080p @59.94</Name>
                    <HFreq>67433</HFreq>
                    <HSync Min="1" Max="192">88</HSync>
                    <HActive Min="0" Max="2024">1920</HActive>
                    <HFP Min="0" Max="192">88</HFP>
                    <HTotal Min="2096" Max="8191">2200</HTotal>
                    <VFreq Min="20" Max="75">59.9401</VFreq>
                    <VSync Min="1" Max="41">5</VSync>
                    <VActive Min="0" Max="1116">1080</VActive>
                    <VFP Min="0" Max="40">4</VFP>
                    <VTotal Min="1089" Max="8191">1125</VTotal>
                    <PixelClk>148.352</PixelClk>
                    <HSP Min="78" Max="80">80</HSP>
                    <VSP Min="78" Max="80">80</VSP>
                    <AR Min="0" Max="1000">1.77778</AR>
                    <Interlaced>80</Interlaced>
                    <VFType Min="0" Max="0">8</VFType>
                    <VFEnum Min="0" Max="4700">2708</VFEnum>
                    <VFStdFrom Min="0" Max="4">4</VFStdFrom>
                    <VFStdNum>16</VFStdNum>
                  </VideoFormat>
                </EDIDIn>
              </DVIIn>
              <SDIIn id="0">
                <Type3G LegalValues="0 1 2 3">2</Type3G>
              </SDIIn>
              <HDMIIn id="0">
                <Hdcp id="0">
                  <Mode Min="0" Max="1">0</Mode>
                  <HdcpAuth Min="0" Max="1">0</HdcpAuth>
                </Hdcp>
                <EDIDIn id="0">
                  <BitDepth LegalValues="1 2 3">3</BitDepth>
                  <EdidStatus Min="0" Max="4">0</EdidStatus>
                  <VideoFormat id="0">
                    <Name>1920x1080p @59.94</Name>
                    <HFreq>67433</HFreq>
                    <HSync Min="1" Max="192">88</HSync>
                    <HActive Min="0" Max="2024">1920</HActive>
                    <HFP Min="0" Max="192">88</HFP>
                    <HTotal Min="2096" Max="8191">2200</HTotal>
                    <VFreq Min="20" Max="75">59.9401</VFreq>
                    <VSync Min="1" Max="41">5</VSync>
                    <VActive Min="0" Max="1116">1080</VActive>
                    <VFP Min="0" Max="40">4</VFP>
                    <VTotal Min="1089" Max="8191">1125</VTotal>
                    <PixelClk>148.352</PixelClk>
                    <HSP Min="78" Max="80">80</HSP>
                    <VSP Min="78" Max="80">80</VSP>
                    <AR Min="0" Max="1000">1.77778</AR>
                    <Interlaced>80</Interlaced>
                    <VFType Min="0" Max="0">8</VFType>
                    <VFEnum Min="0" Max="4700">2708</VFEnum>
                    <VFStdFrom Min="0" Max="4">4</VFStdFrom>
                    <VFStdNum>16</VFStdNum>
                  </VideoFormat>
                </EDIDIn>
              </HDMIIn>
              <VideoFormat id="0">
                <Name>Empty</Name>
                <HFreq>0</HFreq>
                <HSync Min="1" Max="1">1</HSync>
                <HActive Min="0" Max="0">0</HActive>
                <HFP Min="0" Max="0">0</HFP>
                <HTotal Min="1" Max="8191">1</HTotal>
                <VFreq Min="20" Max="75">20</VFreq>
                <VSync Min="1" Max="1">1</VSync>
                <VActive Min="0" Max="0">0</VActive>
                <VFP Min="0" Max="0">0</VFP>
                <VTotal Min="1" Max="8191">1</VTotal>
                <PixelClk>0</PixelClk>
                <HSP Min="78" Max="80">80</HSP>
                <VSP Min="78" Max="80">80</VSP>
                <AR Min="0" Max="1000">0</AR>
                <Interlaced>80</Interlaced>
                <VFType Min="0" Max="0">0</VFType>
                <VFEnum Min="0" Max="4700">0</VFEnum>
                <VFStdFrom Min="0" Max="4">0</VFStdFrom>
                <VFStdNum>0</VFStdNum>
              </VideoFormat>
            </In>
            <In id="3">
              <AutoAcqMode Min="0" Max="1">1</AutoAcqMode>
              <Capacity LegalValues="0 1 2 4">0</Capacity>
              <ColorSpace LegalValues="-1 0 1">0</ColorSpace>
              <ColorRange LegalValues="0 1">0</ColorRange>
              <Sync Min="0" Max="2">0</Sync>
              <DPIn id="0">
                <Hdcp id="0">
                  <Mode Min="0" Max="1">0</Mode>
                  <HdcpAuth Min="0" Max="1">0</HdcpAuth>
                </Hdcp>
                <EDIDIn id="0">
                  <BitDepth LegalValues="1 2 3">2</BitDepth>
                  <EdidStatus Min="0" Max="4">0</EdidStatus>
                  <VideoFormat id="0">
                    <Name>1920x1080p @59.94</Name>
                    <HFreq>67433</HFreq>
                    <HSync Min="1" Max="192">88</HSync>
                    <HActive Min="0" Max="2024">1920</HActive>
                    <HFP Min="0" Max="192">88</HFP>
                    <HTotal Min="2096" Max="8191">2200</HTotal>
                    <VFreq Min="20" Max="75">59.9401</VFreq>
                    <VSync Min="1" Max="41">5</VSync>
                    <VActive Min="0" Max="1116">1080</VActive>
                    <VFP Min="0" Max="40">4</VFP>
                    <VTotal Min="1089" Max="8191">1125</VTotal>
                    <PixelClk>148.352</PixelClk>
                    <HSP Min="78" Max="80">80</HSP>
                    <VSP Min="78" Max="80">80</VSP>
                    <AR Min="0" Max="1000">1.77778</AR>
                    <Interlaced>80</Interlaced>
                    <VFType Min="0" Max="0">8</VFType>
                    <VFEnum Min="0" Max="4700">2708</VFEnum>
                    <VFStdFrom Min="0" Max="4">4</VFStdFrom>
                    <VFStdNum>16</VFStdNum>
                  </VideoFormat>
                </EDIDIn>
              </DPIn>
              <DVIIn id="0">
                <Hdcp id="0">
                  <Mode Min="0" Max="1">0</Mode>
                  <HdcpAuth Min="0" Max="1">0</HdcpAuth>
                </Hdcp>
                <EDIDIn id="0">
                  <BitDepth LegalValues="1">1</BitDepth>
                  <EdidStatus Min="0" Max="4">0</EdidStatus>
                  <VideoFormat id="0">
                    <Name>1920x1080p @59.94</Name>
                    <HFreq>67433</HFreq>
                    <HSync Min="1" Max="192">88</HSync>
                    <HActive Min="0" Max="2024">1920</HActive>
                    <HFP Min="0" Max="192">88</HFP>
                    <HTotal Min="2096" Max="8191">2200</HTotal>
                    <VFreq Min="20" Max="75">59.9401</VFreq>
                    <VSync Min="1" Max="41">5</VSync>
                    <VActive Min="0" Max="1116">1080</VActive>
                    <VFP Min="0" Max="40">4</VFP>
                    <VTotal Min="1089" Max="8191">1125</VTotal>
                    <PixelClk>148.352</PixelClk>
                    <HSP Min="78" Max="80">80</HSP>
                    <VSP Min="78" Max="80">80</VSP>
                    <AR Min="0" Max="1000">1.77778</AR>
                    <Interlaced>80</Interlaced>
                    <VFType Min="0" Max="0">8</VFType>
                    <VFEnum Min="0" Max="4700">2708</VFEnum>
                    <VFStdFrom Min="0" Max="4">4</VFStdFrom>
                    <VFStdNum>16</VFStdNum>
                  </VideoFormat>
                </EDIDIn>
              </DVIIn>
              <SDIIn id="0">
                <Type3G LegalValues="0 1 2 3">2</Type3G>
              </SDIIn>
              <HDMIIn id="0">
                <Hdcp id="0">
                  <Mode Min="0" Max="1">0</Mode>
                  <HdcpAuth Min="0" Max="1">0</HdcpAuth>
                </Hdcp>
                <EDIDIn id="0">
                  <BitDepth LegalValues="1 2 3">3</BitDepth>
                  <EdidStatus Min="0" Max="4">0</EdidStatus>
                  <VideoFormat id="0">
                    <Name>1920x1080p @59.94</Name>
                    <HFreq>67433</HFreq>
                    <HSync Min="1" Max="192">88</HSync>
                    <HActive Min="0" Max="2024">1920</HActive>
                    <HFP Min="0" Max="192">88</HFP>
                    <HTotal Min="2096" Max="8191">2200</HTotal>
                    <VFreq Min="20" Max="75">59.9401</VFreq>
                    <VSync Min="1" Max="41">5</VSync>
                    <VActive Min="0" Max="1116">1080</VActive>
                    <VFP Min="0" Max="40">4</VFP>
                    <VTotal Min="1089" Max="8191">1125</VTotal>
                    <PixelClk>148.352</PixelClk>
                    <HSP Min="78" Max="80">80</HSP>
                    <VSP Min="78" Max="80">80</VSP>
                    <AR Min="0" Max="1000">1.77778</AR>
                    <Interlaced>80</Interlaced>
                    <VFType Min="0" Max="0">8</VFType>
                    <VFEnum Min="0" Max="4700">2708</VFEnum>
                    <VFStdFrom Min="0" Max="4">4</VFStdFrom>
                    <VFStdNum>16</VFStdNum>
                  </VideoFormat>
                </EDIDIn>
              </HDMIIn>
              <VideoFormat id="0">
                <Name>Empty</Name>
                <HFreq>0</HFreq>
                <HSync Min="1" Max="1">1</HSync>
                <HActive Min="0" Max="0">0</HActive>
                <HFP Min="0" Max="0">0</HFP>
                <HTotal Min="1" Max="8191">1</HTotal>
                <VFreq Min="20" Max="75">20</VFreq>
                <VSync Min="1" Max="1">1</VSync>
                <VActive Min="0" Max="0">0</VActive>
                <VFP Min="0" Max="0">0</VFP>
                <VTotal Min="1" Max="8191">1</VTotal>
                <PixelClk>0</PixelClk>
                <HSP Min="78" Max="80">80</HSP>
                <VSP Min="78" Max="80">80</VSP>
                <AR Min="0" Max="1000">0</AR>
                <Interlaced>80</Interlaced>
                <VFType Min="0" Max="0">0</VFType>
                <VFEnum Min="0" Max="4700">0</VFEnum>
                <VFStdFrom Min="0" Max="4">0</VFStdFrom>
                <VFStdNum>0</VFStdNum>
              </VideoFormat>
            </In>
          </CardIn>
          <CardExp id="0">
            <LinkConnector id="0">
              <Mode Min="0" Max="1">0</Mode>
              <IP>192.168.000.201</IP>
              <MacAddress>aa:aa:aa:aa:aa:aa</MacAddress>
              <Connected Min="0" Max="1">0</Connected>
              <ConnectorIndex Min="-1" Max="3">-1</ConnectorIndex>
              <SlotIndex Min="-1" Max="22">-1</SlotIndex>
            </LinkConnector>
            <LinkConnector id="1">
              <Mode Min="0" Max="1">0</Mode>
              <IP>192.168.000.201</IP>
              <MacAddress>aa:aa:aa:aa:aa:aa</MacAddress>
              <Connected Min="0" Max="1">0</Connected>
              <ConnectorIndex Min="-1" Max="3">-1</ConnectorIndex>
              <SlotIndex Min="-1" Max="22">-1</SlotIndex>
            </LinkConnector>
          </CardExp>
          <CardOut id="0">
            <NumOfChan Min="0" Max="4">4</NumOfChan>
            <CapacityStatus Min="0" Max="1">0</CapacityStatus>
            <Out id="0">
              <Capacity LegalValues="0 1 2 4">1</Capacity>
              <DPOut id="0">
                <HdcpAuth Min="0" Max="1">0</HdcpAuth>
                <EDIDOut id="0">
                  <EDIDValid Min="0" Max="1">0</EDIDValid>
                  <SupportHdmi Min="0" Max="1">0</SupportHdmi>
                  <SupportRGB Min="0" Max="1">1</SupportRGB>
                  <SupportSMPTE Min="0" Max="1">1</SupportSMPTE>
                  <Support444 Min="0" Max="1">1</Support444>
                  <Support422 Min="0" Max="1">1</Support422>
                  <BitDepth48 Min="0" Max="1">1</BitDepth48>
                  <BitDepth36 Min="0" Max="1">1</BitDepth36>
                  <BitDepth30 Min="0" Max="1">1</BitDepth30>
                  <BitDepth LegalValues="0 1 2 3 4 5">1</BitDepth>
                  <MaxTmds Min="0" Max="255">0</MaxTmds>
                  <VideoFormat id="0">
                    <Name>Empty</Name>
                    <HFreq>0</HFreq>
                    <HSync Min="1" Max="1">1</HSync>
                    <HActive Min="0" Max="0">0</HActive>
                    <HFP Min="0" Max="0">0</HFP>
                    <HTotal Min="1" Max="8191">1</HTotal>
                    <VFreq Min="20" Max="75">20</VFreq>
                    <VSync Min="1" Max="1">1</VSync>
                    <VActive Min="0" Max="0">0</VActive>
                    <VFP Min="0" Max="0">0</VFP>
                    <VTotal Min="1" Max="8191">1</VTotal>
                    <PixelClk>0</PixelClk>
                    <HSP Min="78" Max="80">80</HSP>
                    <VSP Min="78" Max="80">80</VSP>
                    <AR Min="0" Max="1000">0</AR>
                    <Interlaced>80</Interlaced>
                    <VFType Min="0" Max="0">0</VFType>
                    <VFEnum Min="0" Max="4700">0</VFEnum>
                    <VFStdFrom Min="0" Max="4">0</VFStdFrom>
                    <VFStdNum>0</VFStdNum>
                  </VideoFormat>
                </EDIDOut>
              </DPOut>
              <DVIOut id="0">
                <HdcpAuth Min="0" Max="1">0</HdcpAuth>
                <EDIDOut id="0">
                  <EDIDValid Min="0" Max="1">0</EDIDValid>
                  <SupportHdmi Min="0" Max="1">0</SupportHdmi>
                  <SupportRGB Min="0" Max="1">1</SupportRGB>
                  <SupportSMPTE Min="0" Max="1">1</SupportSMPTE>
                  <Support444 Min="0" Max="1">1</Support444>
                  <Support422 Min="0" Max="1">1</Support422>
                  <BitDepth48 Min="0" Max="1">1</BitDepth48>
                  <BitDepth36 Min="0" Max="1">1</BitDepth36>
                  <BitDepth30 Min="0" Max="1">1</BitDepth30>
                  <BitDepth LegalValues="0 1 2 3 4 5">1</BitDepth>
                  <MaxTmds Min="0" Max="255">0</MaxTmds>
                  <VideoFormat id="0">
                    <Name>Empty</Name>
                    <HFreq>0</HFreq>
                    <HSync Min="1" Max="1">1</HSync>
                    <HActive Min="0" Max="0">0</HActive>
                    <HFP Min="0" Max="0">0</HFP>
                    <HTotal Min="1" Max="8191">1</HTotal>
                    <VFreq Min="20" Max="75">20</VFreq>
                    <VSync Min="1" Max="1">1</VSync>
                    <VActive Min="0" Max="0">0</VActive>
                    <VFP Min="0" Max="0">0</VFP>
                    <VTotal Min="1" Max="8191">1</VTotal>
                    <PixelClk>0</PixelClk>
                    <HSP Min="78" Max="80">80</HSP>
                    <VSP Min="78" Max="80">80</VSP>
                    <AR Min="0" Max="1000">0</AR>
                    <Interlaced>80</Interlaced>
                    <VFType Min="0" Max="0">0</VFType>
                    <VFEnum Min="0" Max="4700">0</VFEnum>
                    <VFStdFrom Min="0" Max="4">0</VFStdFrom>
                    <VFStdNum>0</VFStdNum>
                  </VideoFormat>
                </EDIDOut>
              </DVIOut>
              <SDIOut id="0">
                <Type3G LegalValues="0 1 2 3">2</Type3G>
              </SDIOut>
              <HDMIOutput id="0">
                <HdcpAuth Min="0" Max="1">0</HdcpAuth>
                <SinkType Min="0" Max="1">1</SinkType>
                <EDIDOut id="0">
                  <EDIDValid Min="0" Max="1">0</EDIDValid>
                  <SupportHdmi Min="0" Max="1">0</SupportHdmi>
                  <SupportRGB Min="0" Max="1">1</SupportRGB>
                  <SupportSMPTE Min="0" Max="1">1</SupportSMPTE>
                  <Support444 Min="0" Max="1">1</Support444>
                  <Support422 Min="0" Max="1">1</Support422>
                  <BitDepth48 Min="0" Max="1">1</BitDepth48>
                  <BitDepth36 Min="0" Max="1">1</BitDepth36>
                  <BitDepth30 Min="0" Max="1">1</BitDepth30>
                  <BitDepth LegalValues="0 1 2 3 4 5">1</BitDepth>
                  <MaxTmds Min="0" Max="255">0</MaxTmds>
                  <VideoFormat id="0">
                    <Name>Empty</Name>
                    <HFreq>0</HFreq>
                    <HSync Min="1" Max="1">1</HSync>
                    <HActive Min="0" Max="0">0</HActive>
                    <HFP Min="0" Max="0">0</HFP>
                    <HTotal Min="1" Max="8191">1</HTotal>
                    <VFreq Min="20" Max="75">20</VFreq>
                    <VSync Min="1" Max="1">1</VSync>
                    <VActive Min="0" Max="0">0</VActive>
                    <VFP Min="0" Max="0">0</VFP>
                    <VTotal Min="1" Max="8191">1</VTotal>
                    <PixelClk>0</PixelClk>
                    <HSP Min="78" Max="80">80</HSP>
                    <VSP Min="78" Max="80">80</VSP>
                    <AR Min="0" Max="1000">0</AR>
                    <Interlaced>80</Interlaced>
                    <VFType Min="0" Max="0">0</VFType>
                    <VFEnum Min="0" Max="4700">0</VFEnum>
                    <VFStdFrom Min="0" Max="4">0</VFStdFrom>
                    <VFStdNum>0</VFStdNum>
                  </VideoFormat>
                </EDIDOut>
              </HDMIOutput>
            </Out>
            <Out id="1">
              <Capacity LegalValues="0 1 2 4">1</Capacity>
              <DPOut id="0">
                <HdcpAuth Min="0" Max="1">0</HdcpAuth>
                <EDIDOut id="0">
                  <EDIDValid Min="0" Max="1">0</EDIDValid>
                  <SupportHdmi Min="0" Max="1">0</SupportHdmi>
                  <SupportRGB Min="0" Max="1">1</SupportRGB>
                  <SupportSMPTE Min="0" Max="1">1</SupportSMPTE>
                  <Support444 Min="0" Max="1">1</Support444>
                  <Support422 Min="0" Max="1">1</Support422>
                  <BitDepth48 Min="0" Max="1">1</BitDepth48>
                  <BitDepth36 Min="0" Max="1">1</BitDepth36>
                  <BitDepth30 Min="0" Max="1">1</BitDepth30>
                  <BitDepth LegalValues="0 1 2 3 4 5">1</BitDepth>
                  <MaxTmds Min="0" Max="255">0</MaxTmds>
                  <VideoFormat id="0">
                    <Name>Empty</Name>
                    <HFreq>0</HFreq>
                    <HSync Min="1" Max="1">1</HSync>
                    <HActive Min="0" Max="0">0</HActive>
                    <HFP Min="0" Max="0">0</HFP>
                    <HTotal Min="1" Max="8191">1</HTotal>
                    <VFreq Min="20" Max="75">20</VFreq>
                    <VSync Min="1" Max="1">1</VSync>
                    <VActive Min="0" Max="0">0</VActive>
                    <VFP Min="0" Max="0">0</VFP>
                    <VTotal Min="1" Max="8191">1</VTotal>
                    <PixelClk>0</PixelClk>
                    <HSP Min="78" Max="80">80</HSP>
                    <VSP Min="78" Max="80">80</VSP>
                    <AR Min="0" Max="1000">0</AR>
                    <Interlaced>80</Interlaced>
                    <VFType Min="0" Max="0">0</VFType>
                    <VFEnum Min="0" Max="4700">0</VFEnum>
                    <VFStdFrom Min="0" Max="4">0</VFStdFrom>
                    <VFStdNum>0</VFStdNum>
                  </VideoFormat>
                </EDIDOut>
              </DPOut>
              <DVIOut id="0">
                <HdcpAuth Min="0" Max="1">0</HdcpAuth>
                <EDIDOut id="0">
                  <EDIDValid Min="0" Max="1">0</EDIDValid>
                  <SupportHdmi Min="0" Max="1">0</SupportHdmi>
                  <SupportRGB Min="0" Max="1">1</SupportRGB>
                  <SupportSMPTE Min="0" Max="1">1</SupportSMPTE>
                  <Support444 Min="0" Max="1">1</Support444>
                  <Support422 Min="0" Max="1">1</Support422>
                  <BitDepth48 Min="0" Max="1">1</BitDepth48>
                  <BitDepth36 Min="0" Max="1">1</BitDepth36>
                  <BitDepth30 Min="0" Max="1">1</BitDepth30>
                  <BitDepth LegalValues="0 1 2 3 4 5">1</BitDepth>
                  <MaxTmds Min="0" Max="255">0</MaxTmds>
                  <VideoFormat id="0">
                    <Name>Empty</Name>
                    <HFreq>0</HFreq>
                    <HSync Min="1" Max="1">1</HSync>
                    <HActive Min="0" Max="0">0</HActive>
                    <HFP Min="0" Max="0">0</HFP>
                    <HTotal Min="1" Max="8191">1</HTotal>
                    <VFreq Min="20" Max="75">20</VFreq>
                    <VSync Min="1" Max="1">1</VSync>
                    <VActive Min="0" Max="0">0</VActive>
                    <VFP Min="0" Max="0">0</VFP>
                    <VTotal Min="1" Max="8191">1</VTotal>
                    <PixelClk>0</PixelClk>
                    <HSP Min="78" Max="80">80</HSP>
                    <VSP Min="78" Max="80">80</VSP>
                    <AR Min="0" Max="1000">0</AR>
                    <Interlaced>80</Interlaced>
                    <VFType Min="0" Max="0">0</VFType>
                    <VFEnum Min="0" Max="4700">0</VFEnum>
                    <VFStdFrom Min="0" Max="4">0</VFStdFrom>
                    <VFStdNum>0</VFStdNum>
                  </VideoFormat>
                </EDIDOut>
              </DVIOut>
              <SDIOut id="0">
                <Type3G LegalValues="0 1 2 3">2</Type3G>
              </SDIOut>
              <HDMIOutput id="0">
                <HdcpAuth Min="0" Max="1">0</HdcpAuth>
                <SinkType Min="0" Max="1">1</SinkType>
                <EDIDOut id="0">
                  <EDIDValid Min="0" Max="1">0</EDIDValid>
                  <SupportHdmi Min="0" Max="1">0</SupportHdmi>
                  <SupportRGB Min="0" Max="1">1</SupportRGB>
                  <SupportSMPTE Min="0" Max="1">1</SupportSMPTE>
                  <Support444 Min="0" Max="1">1</Support444>
                  <Support422 Min="0" Max="1">1</Support422>
                  <BitDepth48 Min="0" Max="1">1</BitDepth48>
                  <BitDepth36 Min="0" Max="1">1</BitDepth36>
                  <BitDepth30 Min="0" Max="1">1</BitDepth30>
                  <BitDepth LegalValues="0 1 2 3 4 5">1</BitDepth>
                  <MaxTmds Min="0" Max="255">0</MaxTmds>
                  <VideoFormat id="0">
                    <Name>Empty</Name>
                    <HFreq>0</HFreq>
                    <HSync Min="1" Max="1">1</HSync>
                    <HActive Min="0" Max="0">0</HActive>
                    <HFP Min="0" Max="0">0</HFP>
                    <HTotal Min="1" Max="8191">1</HTotal>
                    <VFreq Min="20" Max="75">20</VFreq>
                    <VSync Min="1" Max="1">1</VSync>
                    <VActive Min="0" Max="0">0</VActive>
                    <VFP Min="0" Max="0">0</VFP>
                    <VTotal Min="1" Max="8191">1</VTotal>
                    <PixelClk>0</PixelClk>
                    <HSP Min="78" Max="80">80</HSP>
                    <VSP Min="78" Max="80">80</VSP>
                    <AR Min="0" Max="1000">0</AR>
                    <Interlaced>80</Interlaced>
                    <VFType Min="0" Max="0">0</VFType>
                    <VFEnum Min="0" Max="4700">0</VFEnum>
                    <VFStdFrom Min="0" Max="4">0</VFStdFrom>
                    <VFStdNum>0</VFStdNum>
                  </VideoFormat>
                </EDIDOut>
              </HDMIOutput>
            </Out>
            <Out id="2">
              <Capacity LegalValues="0 1 2 4">1</Capacity>
              <DPOut id="0">
                <HdcpAuth Min="0" Max="1">0</HdcpAuth>
                <EDIDOut id="0">
                  <EDIDValid Min="0" Max="1">0</EDIDValid>
                  <SupportHdmi Min="0" Max="1">0</SupportHdmi>
                  <SupportRGB Min="0" Max="1">1</SupportRGB>
                  <SupportSMPTE Min="0" Max="1">1</SupportSMPTE>
                  <Support444 Min="0" Max="1">1</Support444>
                  <Support422 Min="0" Max="1">1</Support422>
                  <BitDepth48 Min="0" Max="1">1</BitDepth48>
                  <BitDepth36 Min="0" Max="1">1</BitDepth36>
                  <BitDepth30 Min="0" Max="1">1</BitDepth30>
                  <BitDepth LegalValues="0 1 2 3 4 5">1</BitDepth>
                  <MaxTmds Min="0" Max="255">0</MaxTmds>
                  <VideoFormat id="0">
                    <Name>Empty</Name>
                    <HFreq>0</HFreq>
                    <HSync Min="1" Max="1">1</HSync>
                    <HActive Min="0" Max="0">0</HActive>
                    <HFP Min="0" Max="0">0</HFP>
                    <HTotal Min="1" Max="8191">1</HTotal>
                    <VFreq Min="20" Max="75">20</VFreq>
                    <VSync Min="1" Max="1">1</VSync>
                    <VActive Min="0" Max="0">0</VActive>
                    <VFP Min="0" Max="0">0</VFP>
                    <VTotal Min="1" Max="8191">1</VTotal>
                    <PixelClk>0</PixelClk>
                    <HSP Min="78" Max="80">80</HSP>
                    <VSP Min="78" Max="80">80</VSP>
                    <AR Min="0" Max="1000">0</AR>
                    <Interlaced>80</Interlaced>
                    <VFType Min="0" Max="0">0</VFType>
                    <VFEnum Min="0" Max="4700">0</VFEnum>
                    <VFStdFrom Min="0" Max="4">0</VFStdFrom>
                    <VFStdNum>0</VFStdNum>
                  </VideoFormat>
                </EDIDOut>
              </DPOut>
              <DVIOut id="0">
                <HdcpAuth Min="0" Max="1">0</HdcpAuth>
                <EDIDOut id="0">
                  <EDIDValid Min="0" Max="1">0</EDIDValid>
                  <SupportHdmi Min="0" Max="1">0</SupportHdmi>
                  <SupportRGB Min="0" Max="1">1</SupportRGB>
                  <SupportSMPTE Min="0" Max="1">1</SupportSMPTE>
                  <Support444 Min="0" Max="1">1</Support444>
                  <Support422 Min="0" Max="1">1</Support422>
                  <BitDepth48 Min="0" Max="1">1</BitDepth48>
                  <BitDepth36 Min="0" Max="1">1</BitDepth36>
                  <BitDepth30 Min="0" Max="1">1</BitDepth30>
                  <BitDepth LegalValues="0 1 2 3 4 5">1</BitDepth>
                  <MaxTmds Min="0" Max="255">0</MaxTmds>
                  <VideoFormat id="0">
                    <Name>Empty</Name>
                    <HFreq>0</HFreq>
                    <HSync Min="1" Max="1">1</HSync>
                    <HActive Min="0" Max="0">0</HActive>
                    <HFP Min="0" Max="0">0</HFP>
                    <HTotal Min="1" Max="8191">1</HTotal>
                    <VFreq Min="20" Max="75">20</VFreq>
                    <VSync Min="1" Max="1">1</VSync>
                    <VActive Min="0" Max="0">0</VActive>
                    <VFP Min="0" Max="0">0</VFP>
                    <VTotal Min="1" Max="8191">1</VTotal>
                    <PixelClk>0</PixelClk>
                    <HSP Min="78" Max="80">80</HSP>
                    <VSP Min="78" Max="80">80</VSP>
                    <AR Min="0" Max="1000">0</AR>
                    <Interlaced>80</Interlaced>
                    <VFType Min="0" Max="0">0</VFType>
                    <VFEnum Min="0" Max="4700">0</VFEnum>
                    <VFStdFrom Min="0" Max="4">0</VFStdFrom>
                    <VFStdNum>0</VFStdNum>
                  </VideoFormat>
                </EDIDOut>
              </DVIOut>
              <SDIOut id="0">
                <Type3G LegalValues="0 1 2 3">2</Type3G>
              </SDIOut>
              <HDMIOutput id="0">
                <HdcpAuth Min="0" Max="1">0</HdcpAuth>
                <SinkType Min="0" Max="1">1</SinkType>
                <EDIDOut id="0">
                  <EDIDValid Min="0" Max="1">0</EDIDValid>
                  <SupportHdmi Min="0" Max="1">0</SupportHdmi>
                  <SupportRGB Min="0" Max="1">1</SupportRGB>
                  <SupportSMPTE Min="0" Max="1">1</SupportSMPTE>
                  <Support444 Min="0" Max="1">1</Support444>
                  <Support422 Min="0" Max="1">1</Support422>
                  <BitDepth48 Min="0" Max="1">1</BitDepth48>
                  <BitDepth36 Min="0" Max="1">1</BitDepth36>
                  <BitDepth30 Min="0" Max="1">1</BitDepth30>
                  <BitDepth LegalValues="0 1 2 3 4 5">1</BitDepth>
                  <MaxTmds Min="0" Max="255">0</MaxTmds>
                  <VideoFormat id="0">
                    <Name>Empty</Name>
                    <HFreq>0</HFreq>
                    <HSync Min="1" Max="1">1</HSync>
                    <HActive Min="0" Max="0">0</HActive>
                    <HFP Min="0" Max="0">0</HFP>
                    <HTotal Min="1" Max="8191">1</HTotal>
                    <VFreq Min="20" Max="75">20</VFreq>
                    <VSync Min="1" Max="1">1</VSync>
                    <VActive Min="0" Max="0">0</VActive>
                    <VFP Min="0" Max="0">0</VFP>
                    <VTotal Min="1" Max="8191">1</VTotal>
                    <PixelClk>0</PixelClk>
                    <HSP Min="78" Max="80">80</HSP>
                    <VSP Min="78" Max="80">80</VSP>
                    <AR Min="0" Max="1000">0</AR>
                    <Interlaced>80</Interlaced>
                    <VFType Min="0" Max="0">0</VFType>
                    <VFEnum Min="0" Max="4700">0</VFEnum>
                    <VFStdFrom Min="0" Max="4">0</VFStdFrom>
                    <VFStdNum>0</VFStdNum>
                  </VideoFormat>
                </EDIDOut>
              </HDMIOutput>
            </Out>
            <Out id="3">
              <Capacity LegalValues="0 1 2 4">1</Capacity>
              <DPOut id="0">
                <HdcpAuth Min="0" Max="1">0</HdcpAuth>
                <EDIDOut id="0">
                  <EDIDValid Min="0" Max="1">0</EDIDValid>
                  <SupportHdmi Min="0" Max="1">0</SupportHdmi>
                  <SupportRGB Min="0" Max="1">1</SupportRGB>
                  <SupportSMPTE Min="0" Max="1">1</SupportSMPTE>
                  <Support444 Min="0" Max="1">1</Support444>
                  <Support422 Min="0" Max="1">1</Support422>
                  <BitDepth48 Min="0" Max="1">1</BitDepth48>
                  <BitDepth36 Min="0" Max="1">1</BitDepth36>
                  <BitDepth30 Min="0" Max="1">1</BitDepth30>
                  <BitDepth LegalValues="0 1 2 3 4 5">1</BitDepth>
                  <MaxTmds Min="0" Max="255">0</MaxTmds>
                  <VideoFormat id="0">
                    <Name>Empty</Name>
                    <HFreq>0</HFreq>
                    <HSync Min="1" Max="1">1</HSync>
                    <HActive Min="0" Max="0">0</HActive>
                    <HFP Min="0" Max="0">0</HFP>
                    <HTotal Min="1" Max="8191">1</HTotal>
                    <VFreq Min="20" Max="75">20</VFreq>
                    <VSync Min="1" Max="1">1</VSync>
                    <VActive Min="0" Max="0">0</VActive>
                    <VFP Min="0" Max="0">0</VFP>
                    <VTotal Min="1" Max="8191">1</VTotal>
                    <PixelClk>0</PixelClk>
                    <HSP Min="78" Max="80">80</HSP>
                    <VSP Min="78" Max="80">80</VSP>
                    <AR Min="0" Max="1000">0</AR>
                    <Interlaced>80</Interlaced>
                    <VFType Min="0" Max="0">0</VFType>
                    <VFEnum Min="0" Max="4700">0</VFEnum>
                    <VFStdFrom Min="0" Max="4">0</VFStdFrom>
                    <VFStdNum>0</VFStdNum>
                  </VideoFormat>
                </EDIDOut>
              </DPOut>
              <DVIOut id="0">
                <HdcpAuth Min="0" Max="1">0</HdcpAuth>
                <EDIDOut id="0">
                  <EDIDValid Min="0" Max="1">0</EDIDValid>
                  <SupportHdmi Min="0" Max="1">0</SupportHdmi>
                  <SupportRGB Min="0" Max="1">1</SupportRGB>
                  <SupportSMPTE Min="0" Max="1">1</SupportSMPTE>
                  <Support444 Min="0" Max="1">1</Support444>
                  <Support422 Min="0" Max="1">1</Support422>
                  <BitDepth48 Min="0" Max="1">1</BitDepth48>
                  <BitDepth36 Min="0" Max="1">1</BitDepth36>
                  <BitDepth30 Min="0" Max="1">1</BitDepth30>
                  <BitDepth LegalValues="0 1 2 3 4 5">1</BitDepth>
                  <MaxTmds Min="0" Max="255">0</MaxTmds>
                  <VideoFormat id="0">
                    <Name>Empty</Name>
                    <HFreq>0</HFreq>
                    <HSync Min="1" Max="1">1</HSync>
                    <HActive Min="0" Max="0">0</HActive>
                    <HFP Min="0" Max="0">0</HFP>
                    <HTotal Min="1" Max="8191">1</HTotal>
                    <VFreq Min="20" Max="75">20</VFreq>
                    <VSync Min="1" Max="1">1</VSync>
                    <VActive Min="0" Max="0">0</VActive>
                    <VFP Min="0" Max="0">0</VFP>
                    <VTotal Min="1" Max="8191">1</VTotal>
                    <PixelClk>0</PixelClk>
                    <HSP Min="78" Max="80">80</HSP>
                    <VSP Min="78" Max="80">80</VSP>
                    <AR Min="0" Max="1000">0</AR>
                    <Interlaced>80</Interlaced>
                    <VFType Min="0" Max="0">0</VFType>
                    <VFEnum Min="0" Max="4700">0</VFEnum>
                    <VFStdFrom Min="0" Max="4">0</VFStdFrom>
                    <VFStdNum>0</VFStdNum>
                  </VideoFormat>
                </EDIDOut>
              </DVIOut>
              <SDIOut id="0">
                <Type3G LegalValues="0 1 2 3">2</Type3G>
              </SDIOut>
              <HDMIOutput id="0">
                <HdcpAuth Min="0" Max="1">0</HdcpAuth>
                <SinkType Min="0" Max="1">1</SinkType>
                <EDIDOut id="0">
                  <EDIDValid Min="0" Max="1">0</EDIDValid>
                  <SupportHdmi Min="0" Max="1">0</SupportHdmi>
                  <SupportRGB Min="0" Max="1">1</SupportRGB>
                  <SupportSMPTE Min="0" Max="1">1</SupportSMPTE>
                  <Support444 Min="0" Max="1">1</Support444>
                  <Support422 Min="0" Max="1">1</Support422>
                  <BitDepth48 Min="0" Max="1">1</BitDepth48>
                  <BitDepth36 Min="0" Max="1">1</BitDepth36>
                  <BitDepth30 Min="0" Max="1">1</BitDepth30>
                  <BitDepth LegalValues="0 1 2 3 4 5">1</BitDepth>
                  <MaxTmds Min="0" Max="255">0</MaxTmds>
                  <VideoFormat id="0">
                    <Name>Empty</Name>
                    <HFreq>0</HFreq>
                    <HSync Min="1" Max="1">1</HSync>
                    <HActive Min="0" Max="0">0</HActive>
                    <HFP Min="0" Max="0">0</HFP>
                    <HTotal Min="1" Max="8191">1</HTotal>
                    <VFreq Min="20" Max="75">20</VFreq>
                    <VSync Min="1" Max="1">1</VSync>
                    <VActive Min="0" Max="0">0</VActive>
                    <VFP Min="0" Max="0">0</VFP>
                    <VTotal Min="1" Max="8191">1</VTotal>
                    <PixelClk>0</PixelClk>
                    <HSP Min="78" Max="80">80</HSP>
                    <VSP Min="78" Max="80">80</VSP>
                    <AR Min="0" Max="1000">0</AR>
                    <Interlaced>80</Interlaced>
                    <VFType Min="0" Max="0">0</VFType>
                    <VFEnum Min="0" Max="4700">0</VFEnum>
                    <VFStdFrom Min="0" Max="4">0</VFStdFrom>
                    <VFStdNum>0</VFStdNum>
                  </VideoFormat>
                </EDIDOut>
              </HDMIOutput>
            </Out>
          </CardOut>
          <CardLayer id="0">
            <BankIndex Min="-1" Max="4">-1</BankIndex>
            <VpuIndex Min="-1" Max="4">-1</VpuIndex>
            <Luma Min="0" Max="100">37.5</Luma>
            <Sat Min="0" Max="100">100</Sat>
            <Hue Min="0" Max="360">0</Hue>
            <LinkAssign id="0">
              <XPos Min="0" Max="1000000">0</XPos>
              <YPos Min="0" Max="1000000">0</YPos>
              <ZPos Min="0" Max="1000000">0</ZPos>
              <DestIndex Min="-1" Max="127">-1</DestIndex>
              <Rect id="0">
                <HPos Min="-32767" Max="32767">0</HPos>
                <VPos Min="-32767" Max="32767">0</VPos>
                <HSize Min="0" Max="32767">0</HSize>
                <VSize Min="0" Max="32767">0</VSize>
                <AR Min="0" Max="99">0</AR>
              </Rect>
            </LinkAssign>
            <LinkAssign id="1">
              <XPos Min="0" Max="1000000">0</XPos>
              <YPos Min="0" Max="1000000">0</YPos>
              <ZPos Min="0" Max="1000000">0</ZPos>
              <DestIndex Min="-1" Max="127">-1</DestIndex>
              <Rect id="0">
                <HPos Min="-32767" Max="32767">0</HPos>
                <VPos Min="-32767" Max="32767">0</VPos>
                <HSize Min="0" Max="32767">0</HSize>
                <VSize Min="0" Max="32767">0</VSize>
                <AR Min="0" Max="99">0</AR>
              </Rect>
            </LinkAssign>
            <LinkAssign id="2">
              <XPos Min="0" Max="1000000">0</XPos>
              <YPos Min="0" Max="1000000">0</YPos>
              <ZPos Min="0" Max="1000000">0</ZPos>
              <DestIndex Min="-1" Max="127">-1</DestIndex>
              <Rect id="0">
                <HPos Min="-32767" Max="32767">0</HPos>
                <VPos Min="-32767" Max="32767">0</VPos>
                <HSize Min="0" Max="32767">0</HSize>
                <VSize Min="0" Max="32767">0</VSize>
                <AR Min="0" Max="99">0</AR>
              </Rect>
            </LinkAssign>
            <LinkAssign id="3">
              <XPos Min="0" Max="1000000">0</XPos>
              <YPos Min="0" Max="1000000">0</YPos>
              <ZPos Min="0" Max="1000000">0</ZPos>
              <DestIndex Min="-1" Max="127">-1</DestIndex>
              <Rect id="0">
                <HPos Min="-32767" Max="32767">0</HPos>
                <VPos Min="-32767" Max="32767">0</VPos>
                <HSize Min="0" Max="32767">0</HSize>
                <VSize Min="0" Max="32767">0</VSize>
                <AR Min="0" Max="99">0</AR>
              </Rect>
            </LinkAssign>
            <ScalerAssign id="0">
              <YPos Min="0" Max="1000000">0</YPos>
              <ZPos Min="0" Max="1000000">0</ZPos>
              <LayerIndex Min="-1" Max="512">-1</LayerIndex>
              <DestIndex Min="-1" Max="127">-1</DestIndex>
            </ScalerAssign>
            <ScalerAssign id="1">
              <YPos Min="0" Max="1000000">0</YPos>
              <ZPos Min="0" Max="1000000">0</ZPos>
              <LayerIndex Min="-1" Max="512">-1</LayerIndex>
              <DestIndex Min="-1" Max="127">-1</DestIndex>
            </ScalerAssign>
            <ScalerAssign id="2">
              <YPos Min="0" Max="1000000">0</YPos>
              <ZPos Min="0" Max="1000000">0</ZPos>
              <LayerIndex Min="-1" Max="512">-1</LayerIndex>
              <DestIndex Min="-1" Max="127">-1</DestIndex>
            </ScalerAssign>
            <ScalerAssign id="3">
              <YPos Min="0" Max="1000000">0</YPos>
              <ZPos Min="0" Max="1000000">0</ZPos>
              <LayerIndex Min="-1" Max="512">-1</LayerIndex>
              <DestIndex Min="-1" Max="127">-1</DestIndex>
            </ScalerAssign>
          </CardLayer>
        </Card>
      </Slot>
      <Slot id="14">
        <Card id="0">
          <CardStatus Min="0" Max="4">0</CardStatus>
          <CardType Min="0" Max="255">255</CardType>
          <CardID/>
          <SlotIndex Min="-1" Max="23">14</SlotIndex>
          <CardIn id="0">
            <NumOfChan Min="0" Max="4">4</NumOfChan>
            <CapacityStatus Min="0" Max="1">0</CapacityStatus>
            <In id="0">
              <AutoAcqMode Min="0" Max="1">1</AutoAcqMode>
              <Capacity LegalValues="0 1 2 4">0</Capacity>
              <ColorSpace LegalValues="-1 0 1">0</ColorSpace>
              <ColorRange LegalValues="0 1">0</ColorRange>
              <Sync Min="0" Max="2">0</Sync>
              <DPIn id="0">
                <Hdcp id="0">
                  <Mode Min="0" Max="1">0</Mode>
                  <HdcpAuth Min="0" Max="1">0</HdcpAuth>
                </Hdcp>
                <EDIDIn id="0">
                  <BitDepth LegalValues="1 2 3">2</BitDepth>
                  <EdidStatus Min="0" Max="4">0</EdidStatus>
                  <VideoFormat id="0">
                    <Name>1920x1080p @59.94</Name>
                    <HFreq>67433</HFreq>
                    <HSync Min="1" Max="192">88</HSync>
                    <HActive Min="0" Max="2024">1920</HActive>
                    <HFP Min="0" Max="192">88</HFP>
                    <HTotal Min="2096" Max="8191">2200</HTotal>
                    <VFreq Min="20" Max="75">59.9401</VFreq>
                    <VSync Min="1" Max="41">5</VSync>
                    <VActive Min="0" Max="1116">1080</VActive>
                    <VFP Min="0" Max="40">4</VFP>
                    <VTotal Min="1089" Max="8191">1125</VTotal>
                    <PixelClk>148.352</PixelClk>
                    <HSP Min="78" Max="80">80</HSP>
                    <VSP Min="78" Max="80">80</VSP>
                    <AR Min="0" Max="1000">1.77778</AR>
                    <Interlaced>80</Interlaced>
                    <VFType Min="0" Max="0">8</VFType>
                    <VFEnum Min="0" Max="4700">2708</VFEnum>
                    <VFStdFrom Min="0" Max="4">4</VFStdFrom>
                    <VFStdNum>16</VFStdNum>
                  </VideoFormat>
                </EDIDIn>
              </DPIn>
              <DVIIn id="0">
                <Hdcp id="0">
                  <Mode Min="0" Max="1">0</Mode>
                  <HdcpAuth Min="0" Max="1">0</HdcpAuth>
                </Hdcp>
                <EDIDIn id="0">
                  <BitDepth LegalValues="1">1</BitDepth>
                  <EdidStatus Min="0" Max="4">0</EdidStatus>
                  <VideoFormat id="0">
                    <Name>1920x1080p @59.94</Name>
                    <HFreq>67433</HFreq>
                    <HSync Min="1" Max="192">88</HSync>
                    <HActive Min="0" Max="2024">1920</HActive>
                    <HFP Min="0" Max="192">88</HFP>
                    <HTotal Min="2096" Max="8191">2200</HTotal>
                    <VFreq Min="20" Max="75">59.9401</VFreq>
                    <VSync Min="1" Max="41">5</VSync>
                    <VActive Min="0" Max="1116">1080</VActive>
                    <VFP Min="0" Max="40">4</VFP>
                    <VTotal Min="1089" Max="8191">1125</VTotal>
                    <PixelClk>148.352</PixelClk>
                    <HSP Min="78" Max="80">80</HSP>
                    <VSP Min="78" Max="80">80</VSP>
                    <AR Min="0" Max="1000">1.77778</AR>
                    <Interlaced>80</Interlaced>
                    <VFType Min="0" Max="0">8</VFType>
                    <VFEnum Min="0" Max="4700">2708</VFEnum>
                    <VFStdFrom Min="0" Max="4">4</VFStdFrom>
                    <VFStdNum>16</VFStdNum>
                  </VideoFormat>
                </EDIDIn>
              </DVIIn>
              <SDIIn id="0">
                <Type3G LegalValues="0 1 2 3">2</Type3G>
              </SDIIn>
              <HDMIIn id="0">
                <Hdcp id="0">
                  <Mode Min="0" Max="1">0</Mode>
                  <HdcpAuth Min="0" Max="1">0</HdcpAuth>
                </Hdcp>
                <EDIDIn id="0">
                  <BitDepth LegalValues="1 2 3">3</BitDepth>
                  <EdidStatus Min="0" Max="4">0</EdidStatus>
                  <VideoFormat id="0">
                    <Name>1920x1080p @59.94</Name>
                    <HFreq>67433</HFreq>
                    <HSync Min="1" Max="192">88</HSync>
                    <HActive Min="0" Max="2024">1920</HActive>
                    <HFP Min="0" Max="192">88</HFP>
                    <HTotal Min="2096" Max="8191">2200</HTotal>
                    <VFreq Min="20" Max="75">59.9401</VFreq>
                    <VSync Min="1" Max="41">5</VSync>
                    <VActive Min="0" Max="1116">1080</VActive>
                    <VFP Min="0" Max="40">4</VFP>
                    <VTotal Min="1089" Max="8191">1125</VTotal>
                    <PixelClk>148.352</PixelClk>
                    <HSP Min="78" Max="80">80</HSP>
                    <VSP Min="78" Max="80">80</VSP>
                    <AR Min="0" Max="1000">1.77778</AR>
                    <Interlaced>80</Interlaced>
                    <VFType Min="0" Max="0">8</VFType>
                    <VFEnum Min="0" Max="4700">2708</VFEnum>
                    <VFStdFrom Min="0" Max="4">4</VFStdFrom>
                    <VFStdNum>16</VFStdNum>
                  </VideoFormat>
                </EDIDIn>
              </HDMIIn>
              <VideoFormat id="0">
                <Name>Empty</Name>
                <HFreq>0</HFreq>
                <HSync Min="1" Max="1">1</HSync>
                <HActive Min="0" Max="0">0</HActive>
                <HFP Min="0" Max="0">0</HFP>
                <HTotal Min="1" Max="8191">1</HTotal>
                <VFreq Min="20" Max="75">20</VFreq>
                <VSync Min="1" Max="1">1</VSync>
                <VActive Min="0" Max="0">0</VActive>
                <VFP Min="0" Max="0">0</VFP>
                <VTotal Min="1" Max="8191">1</VTotal>
                <PixelClk>0</PixelClk>
                <HSP Min="78" Max="80">80</HSP>
                <VSP Min="78" Max="80">80</VSP>
                <AR Min="0" Max="1000">0</AR>
                <Interlaced>80</Interlaced>
                <VFType Min="0" Max="0">0</VFType>
                <VFEnum Min="0" Max="4700">0</VFEnum>
                <VFStdFrom Min="0" Max="4">0</VFStdFrom>
                <VFStdNum>0</VFStdNum>
              </VideoFormat>
            </In>
            <In id="1">
              <AutoAcqMode Min="0" Max="1">1</AutoAcqMode>
              <Capacity LegalValues="0 1 2 4">0</Capacity>
              <ColorSpace LegalValues="-1 0 1">0</ColorSpace>
              <ColorRange LegalValues="0 1">0</ColorRange>
              <Sync Min="0" Max="2">0</Sync>
              <DPIn id="0">
                <Hdcp id="0">
                  <Mode Min="0" Max="1">0</Mode>
                  <HdcpAuth Min="0" Max="1">0</HdcpAuth>
                </Hdcp>
                <EDIDIn id="0">
                  <BitDepth LegalValues="1 2 3">2</BitDepth>
                  <EdidStatus Min="0" Max="4">0</EdidStatus>
                  <VideoFormat id="0">
                    <Name>1920x1080p @59.94</Name>
                    <HFreq>67433</HFreq>
                    <HSync Min="1" Max="192">88</HSync>
                    <HActive Min="0" Max="2024">1920</HActive>
                    <HFP Min="0" Max="192">88</HFP>
                    <HTotal Min="2096" Max="8191">2200</HTotal>
                    <VFreq Min="20" Max="75">59.9401</VFreq>
                    <VSync Min="1" Max="41">5</VSync>
                    <VActive Min="0" Max="1116">1080</VActive>
                    <VFP Min="0" Max="40">4</VFP>
                    <VTotal Min="1089" Max="8191">1125</VTotal>
                    <PixelClk>148.352</PixelClk>
                    <HSP Min="78" Max="80">80</HSP>
                    <VSP Min="78" Max="80">80</VSP>
                    <AR Min="0" Max="1000">1.77778</AR>
                    <Interlaced>80</Interlaced>
                    <VFType Min="0" Max="0">8</VFType>
                    <VFEnum Min="0" Max="4700">2708</VFEnum>
                    <VFStdFrom Min="0" Max="4">4</VFStdFrom>
                    <VFStdNum>16</VFStdNum>
                  </VideoFormat>
                </EDIDIn>
              </DPIn>
              <DVIIn id="0">
                <Hdcp id="0">
                  <Mode Min="0" Max="1">0</Mode>
                  <HdcpAuth Min="0" Max="1">0</HdcpAuth>
                </Hdcp>
                <EDIDIn id="0">
                  <BitDepth LegalValues="1">1</BitDepth>
                  <EdidStatus Min="0" Max="4">0</EdidStatus>
                  <VideoFormat id="0">
                    <Name>1920x1080p @59.94</Name>
                    <HFreq>67433</HFreq>
                    <HSync Min="1" Max="192">88</HSync>
                    <HActive Min="0" Max="2024">1920</HActive>
                    <HFP Min="0" Max="192">88</HFP>
                    <HTotal Min="2096" Max="8191">2200</HTotal>
                    <VFreq Min="20" Max="75">59.9401</VFreq>
                    <VSync Min="1" Max="41">5</VSync>
                    <VActive Min="0" Max="1116">1080</VActive>
                    <VFP Min="0" Max="40">4</VFP>
                    <VTotal Min="1089" Max="8191">1125</VTotal>
                    <PixelClk>148.352</PixelClk>
                    <HSP Min="78" Max="80">80</HSP>
                    <VSP Min="78" Max="80">80</VSP>
                    <AR Min="0" Max="1000">1.77778</AR>
                    <Interlaced>80</Interlaced>
                    <VFType Min="0" Max="0">8</VFType>
                    <VFEnum Min="0" Max="4700">2708</VFEnum>
                    <VFStdFrom Min="0" Max="4">4</VFStdFrom>
                    <VFStdNum>16</VFStdNum>
                  </VideoFormat>
                </EDIDIn>
              </DVIIn>
              <SDIIn id="0">
                <Type3G LegalValues="0 1 2 3">2</Type3G>
              </SDIIn>
              <HDMIIn id="0">
                <Hdcp id="0">
                  <Mode Min="0" Max="1">0</Mode>
                  <HdcpAuth Min="0" Max="1">0</HdcpAuth>
                </Hdcp>
                <EDIDIn id="0">
                  <BitDepth LegalValues="1 2 3">3</BitDepth>
                  <EdidStatus Min="0" Max="4">0</EdidStatus>
                  <VideoFormat id="0">
                    <Name>1920x1080p @59.94</Name>
                    <HFreq>67433</HFreq>
                    <HSync Min="1" Max="192">88</HSync>
                    <HActive Min="0" Max="2024">1920</HActive>
                    <HFP Min="0" Max="192">88</HFP>
                    <HTotal Min="2096" Max="8191">2200</HTotal>
                    <VFreq Min="20" Max="75">59.9401</VFreq>
                    <VSync Min="1" Max="41">5</VSync>
                    <VActive Min="0" Max="1116">1080</VActive>
                    <VFP Min="0" Max="40">4</VFP>
                    <VTotal Min="1089" Max="8191">1125</VTotal>
                    <PixelClk>148.352</PixelClk>
                    <HSP Min="78" Max="80">80</HSP>
                    <VSP Min="78" Max="80">80</VSP>
                    <AR Min="0" Max="1000">1.77778</AR>
                    <Interlaced>80</Interlaced>
                    <VFType Min="0" Max="0">8</VFType>
                    <VFEnum Min="0" Max="4700">2708</VFEnum>
                    <VFStdFrom Min="0" Max="4">4</VFStdFrom>
                    <VFStdNum>16</VFStdNum>
                  </VideoFormat>
                </EDIDIn>
              </HDMIIn>
              <VideoFormat id="0">
                <Name>Empty</Name>
                <HFreq>0</HFreq>
                <HSync Min="1" Max="1">1</HSync>
                <HActive Min="0" Max="0">0</HActive>
                <HFP Min="0" Max="0">0</HFP>
                <HTotal Min="1" Max="8191">1</HTotal>
                <VFreq Min="20" Max="75">20</VFreq>
                <VSync Min="1" Max="1">1</VSync>
                <VActive Min="0" Max="0">0</VActive>
                <VFP Min="0" Max="0">0</VFP>
                <VTotal Min="1" Max="8191">1</VTotal>
                <PixelClk>0</PixelClk>
                <HSP Min="78" Max="80">80</HSP>
                <VSP Min="78" Max="80">80</VSP>
                <AR Min="0" Max="1000">0</AR>
                <Interlaced>80</Interlaced>
                <VFType Min="0" Max="0">0</VFType>
                <VFEnum Min="0" Max="4700">0</VFEnum>
                <VFStdFrom Min="0" Max="4">0</VFStdFrom>
                <VFStdNum>0</VFStdNum>
              </VideoFormat>
            </In>
            <In id="2">
              <AutoAcqMode Min="0" Max="1">1</AutoAcqMode>
              <Capacity LegalValues="0 1 2 4">0</Capacity>
              <ColorSpace LegalValues="-1 0 1">0</ColorSpace>
              <ColorRange LegalValues="0 1">0</ColorRange>
              <Sync Min="0" Max="2">0</Sync>
              <DPIn id="0">
                <Hdcp id="0">
                  <Mode Min="0" Max="1">0</Mode>
                  <HdcpAuth Min="0" Max="1">0</HdcpAuth>
                </Hdcp>
                <EDIDIn id="0">
                  <BitDepth LegalValues="1 2 3">2</BitDepth>
                  <EdidStatus Min="0" Max="4">0</EdidStatus>
                  <VideoFormat id="0">
                    <Name>1920x1080p @59.94</Name>
                    <HFreq>67433</HFreq>
                    <HSync Min="1" Max="192">88</HSync>
                    <HActive Min="0" Max="2024">1920</HActive>
                    <HFP Min="0" Max="192">88</HFP>
                    <HTotal Min="2096" Max="8191">2200</HTotal>
                    <VFreq Min="20" Max="75">59.9401</VFreq>
                    <VSync Min="1" Max="41">5</VSync>
                    <VActive Min="0" Max="1116">1080</VActive>
                    <VFP Min="0" Max="40">4</VFP>
                    <VTotal Min="1089" Max="8191">1125</VTotal>
                    <PixelClk>148.352</PixelClk>
                    <HSP Min="78" Max="80">80</HSP>
                    <VSP Min="78" Max="80">80</VSP>
                    <AR Min="0" Max="1000">1.77778</AR>
                    <Interlaced>80</Interlaced>
                    <VFType Min="0" Max="0">8</VFType>
                    <VFEnum Min="0" Max="4700">2708</VFEnum>
                    <VFStdFrom Min="0" Max="4">4</VFStdFrom>
                    <VFStdNum>16</VFStdNum>
                  </VideoFormat>
                </EDIDIn>
              </DPIn>
              <DVIIn id="0">
                <Hdcp id="0">
                  <Mode Min="0" Max="1">0</Mode>
                  <HdcpAuth Min="0" Max="1">0</HdcpAuth>
                </Hdcp>
                <EDIDIn id="0">
                  <BitDepth LegalValues="1">1</BitDepth>
                  <EdidStatus Min="0" Max="4">0</EdidStatus>
                  <VideoFormat id="0">
                    <Name>1920x1080p @59.94</Name>
                    <HFreq>67433</HFreq>
                    <HSync Min="1" Max="192">88</HSync>
                    <HActive Min="0" Max="2024">1920</HActive>
                    <HFP Min="0" Max="192">88</HFP>
                    <HTotal Min="2096" Max="8191">2200</HTotal>
                    <VFreq Min="20" Max="75">59.9401</VFreq>
                    <VSync Min="1" Max="41">5</VSync>
                    <VActive Min="0" Max="1116">1080</VActive>
                    <VFP Min="0" Max="40">4</VFP>
                    <VTotal Min="1089" Max="8191">1125</VTotal>
                    <PixelClk>148.352</PixelClk>
                    <HSP Min="78" Max="80">80</HSP>
                    <VSP Min="78" Max="80">80</VSP>
                    <AR Min="0" Max="1000">1.77778</AR>
                    <Interlaced>80</Interlaced>
                    <VFType Min="0" Max="0">8</VFType>
                    <VFEnum Min="0" Max="4700">2708</VFEnum>
                    <VFStdFrom Min="0" Max="4">4</VFStdFrom>
                    <VFStdNum>16</VFStdNum>
                  </VideoFormat>
                </EDIDIn>
              </DVIIn>
              <SDIIn id="0">
                <Type3G LegalValues="0 1 2 3">2</Type3G>
              </SDIIn>
              <HDMIIn id="0">
                <Hdcp id="0">
                  <Mode Min="0" Max="1">0</Mode>
                  <HdcpAuth Min="0" Max="1">0</HdcpAuth>
                </Hdcp>
                <EDIDIn id="0">
                  <BitDepth LegalValues="1 2 3">3</BitDepth>
                  <EdidStatus Min="0" Max="4">0</EdidStatus>
                  <VideoFormat id="0">
                    <Name>1920x1080p @59.94</Name>
                    <HFreq>67433</HFreq>
                    <HSync Min="1" Max="192">88</HSync>
                    <HActive Min="0" Max="2024">1920</HActive>
                    <HFP Min="0" Max="192">88</HFP>
                    <HTotal Min="2096" Max="8191">2200</HTotal>
                    <VFreq Min="20" Max="75">59.9401</VFreq>
                    <VSync Min="1" Max="41">5</VSync>
                    <VActive Min="0" Max="1116">1080</VActive>
                    <VFP Min="0" Max="40">4</VFP>
                    <VTotal Min="1089" Max="8191">1125</VTotal>
                    <PixelClk>148.352</PixelClk>
                    <HSP Min="78" Max="80">80</HSP>
                    <VSP Min="78" Max="80">80</VSP>
                    <AR Min="0" Max="1000">1.77778</AR>
                    <Interlaced>80</Interlaced>
                    <VFType Min="0" Max="0">8</VFType>
                    <VFEnum Min="0" Max="4700">2708</VFEnum>
                    <VFStdFrom Min="0" Max="4">4</VFStdFrom>
                    <VFStdNum>16</VFStdNum>
                  </VideoFormat>
                </EDIDIn>
              </HDMIIn>
              <VideoFormat id="0">
                <Name>Empty</Name>
                <HFreq>0</HFreq>
                <HSync Min="1" Max="1">1</HSync>
                <HActive Min="0" Max="0">0</HActive>
                <HFP Min="0" Max="0">0</HFP>
                <HTotal Min="1" Max="8191">1</HTotal>
                <VFreq Min="20" Max="75">20</VFreq>
                <VSync Min="1" Max="1">1</VSync>
                <VActive Min="0" Max="0">0</VActive>
                <VFP Min="0" Max="0">0</VFP>
                <VTotal Min="1" Max="8191">1</VTotal>
                <PixelClk>0</PixelClk>
                <HSP Min="78" Max="80">80</HSP>
                <VSP Min="78" Max="80">80</VSP>
                <AR Min="0" Max="1000">0</AR>
                <Interlaced>80</Interlaced>
                <VFType Min="0" Max="0">0</VFType>
                <VFEnum Min="0" Max="4700">0</VFEnum>
                <VFStdFrom Min="0" Max="4">0</VFStdFrom>
                <VFStdNum>0</VFStdNum>
              </VideoFormat>
            </In>
            <In id="3">
              <AutoAcqMode Min="0" Max="1">1</AutoAcqMode>
              <Capacity LegalValues="0 1 2 4">0</Capacity>
              <ColorSpace LegalValues="-1 0 1">0</ColorSpace>
              <ColorRange LegalValues="0 1">0</ColorRange>
              <Sync Min="0" Max="2">0</Sync>
              <DPIn id="0">
                <Hdcp id="0">
                  <Mode Min="0" Max="1">0</Mode>
                  <HdcpAuth Min="0" Max="1">0</HdcpAuth>
                </Hdcp>
                <EDIDIn id="0">
                  <BitDepth LegalValues="1 2 3">2</BitDepth>
                  <EdidStatus Min="0" Max="4">0</EdidStatus>
                  <VideoFormat id="0">
                    <Name>1920x1080p @59.94</Name>
                    <HFreq>67433</HFreq>
                    <HSync Min="1" Max="192">88</HSync>
                    <HActive Min="0" Max="2024">1920</HActive>
                    <HFP Min="0" Max="192">88</HFP>
                    <HTotal Min="2096" Max="8191">2200</HTotal>
                    <VFreq Min="20" Max="75">59.9401</VFreq>
                    <VSync Min="1" Max="41">5</VSync>
                    <VActive Min="0" Max="1116">1080</VActive>
                    <VFP Min="0" Max="40">4</VFP>
                    <VTotal Min="1089" Max="8191">1125</VTotal>
                    <PixelClk>148.352</PixelClk>
                    <HSP Min="78" Max="80">80</HSP>
                    <VSP Min="78" Max="80">80</VSP>
                    <AR Min="0" Max="1000">1.77778</AR>
                    <Interlaced>80</Interlaced>
                    <VFType Min="0" Max="0">8</VFType>
                    <VFEnum Min="0" Max="4700">2708</VFEnum>
                    <VFStdFrom Min="0" Max="4">4</VFStdFrom>
                    <VFStdNum>16</VFStdNum>
                  </VideoFormat>
                </EDIDIn>
              </DPIn>
              <DVIIn id="0">
                <Hdcp id="0">
                  <Mode Min="0" Max="1">0</Mode>
                  <HdcpAuth Min="0" Max="1">0</HdcpAuth>
                </Hdcp>
                <EDIDIn id="0">
                  <BitDepth LegalValues="1">1</BitDepth>
                  <EdidStatus Min="0" Max="4">0</EdidStatus>
                  <VideoFormat id="0">
                    <Name>1920x1080p @59.94</Name>
                    <HFreq>67433</HFreq>
                    <HSync Min="1" Max="192">88</HSync>
                    <HActive Min="0" Max="2024">1920</HActive>
                    <HFP Min="0" Max="192">88</HFP>
                    <HTotal Min="2096" Max="8191">2200</HTotal>
                    <VFreq Min="20" Max="75">59.9401</VFreq>
                    <VSync Min="1" Max="41">5</VSync>
                    <VActive Min="0" Max="1116">1080</VActive>
                    <VFP Min="0" Max="40">4</VFP>
                    <VTotal Min="1089" Max="8191">1125</VTotal>
                    <PixelClk>148.352</PixelClk>
                    <HSP Min="78" Max="80">80</HSP>
                    <VSP Min="78" Max="80">80</VSP>
                    <AR Min="0" Max="1000">1.77778</AR>
                    <Interlaced>80</Interlaced>
                    <VFType Min="0" Max="0">8</VFType>
                    <VFEnum Min="0" Max="4700">2708</VFEnum>
                    <VFStdFrom Min="0" Max="4">4</VFStdFrom>
                    <VFStdNum>16</VFStdNum>
                  </VideoFormat>
                </EDIDIn>
              </DVIIn>
              <SDIIn id="0">
                <Type3G LegalValues="0 1 2 3">2</Type3G>
              </SDIIn>
              <HDMIIn id="0">
                <Hdcp id="0">
                  <Mode Min="0" Max="1">0</Mode>
                  <HdcpAuth Min="0" Max="1">0</HdcpAuth>
                </Hdcp>
                <EDIDIn id="0">
                  <BitDepth LegalValues="1 2 3">3</BitDepth>
                  <EdidStatus Min="0" Max="4">0</EdidStatus>
                  <VideoFormat id="0">
                    <Name>1920x1080p @59.94</Name>
                    <HFreq>67433</HFreq>
                    <HSync Min="1" Max="192">88</HSync>
                    <HActive Min="0" Max="2024">1920</HActive>
                    <HFP Min="0" Max="192">88</HFP>
                    <HTotal Min="2096" Max="8191">2200</HTotal>
                    <VFreq Min="20" Max="75">59.9401</VFreq>
                    <VSync Min="1" Max="41">5</VSync>
                    <VActive Min="0" Max="1116">1080</VActive>
                    <VFP Min="0" Max="40">4</VFP>
                    <VTotal Min="1089" Max="8191">1125</VTotal>
                    <PixelClk>148.352</PixelClk>
                    <HSP Min="78" Max="80">80</HSP>
                    <VSP Min="78" Max="80">80</VSP>
                    <AR Min="0" Max="1000">1.77778</AR>
                    <Interlaced>80</Interlaced>
                    <VFType Min="0" Max="0">8</VFType>
                    <VFEnum Min="0" Max="4700">2708</VFEnum>
                    <VFStdFrom Min="0" Max="4">4</VFStdFrom>
                    <VFStdNum>16</VFStdNum>
                  </VideoFormat>
                </EDIDIn>
              </HDMIIn>
              <VideoFormat id="0">
                <Name>Empty</Name>
                <HFreq>0</HFreq>
                <HSync Min="1" Max="1">1</HSync>
                <HActive Min="0" Max="0">0</HActive>
                <HFP Min="0" Max="0">0</HFP>
                <HTotal Min="1" Max="8191">1</HTotal>
                <VFreq Min="20" Max="75">20</VFreq>
                <VSync Min="1" Max="1">1</VSync>
                <VActive Min="0" Max="0">0</VActive>
                <VFP Min="0" Max="0">0</VFP>
                <VTotal Min="1" Max="8191">1</VTotal>
                <PixelClk>0</PixelClk>
                <HSP Min="78" Max="80">80</HSP>
                <VSP Min="78" Max="80">80</VSP>
                <AR Min="0" Max="1000">0</AR>
                <Interlaced>80</Interlaced>
                <VFType Min="0" Max="0">0</VFType>
                <VFEnum Min="0" Max="4700">0</VFEnum>
                <VFStdFrom Min="0" Max="4">0</VFStdFrom>
                <VFStdNum>0</VFStdNum>
              </VideoFormat>
            </In>
          </CardIn>
          <CardExp id="0">
            <LinkConnector id="0">
              <Mode Min="0" Max="1">0</Mode>
              <IP>192.168.000.201</IP>
              <MacAddress>aa:aa:aa:aa:aa:aa</MacAddress>
              <Connected Min="0" Max="1">0</Connected>
              <ConnectorIndex Min="-1" Max="3">-1</ConnectorIndex>
              <SlotIndex Min="-1" Max="22">-1</SlotIndex>
            </LinkConnector>
            <LinkConnector id="1">
              <Mode Min="0" Max="1">0</Mode>
              <IP>192.168.000.201</IP>
              <MacAddress>aa:aa:aa:aa:aa:aa</MacAddress>
              <Connected Min="0" Max="1">0</Connected>
              <ConnectorIndex Min="-1" Max="3">-1</ConnectorIndex>
              <SlotIndex Min="-1" Max="22">-1</SlotIndex>
            </LinkConnector>
          </CardExp>
          <CardOut id="0">
            <NumOfChan Min="0" Max="4">4</NumOfChan>
            <CapacityStatus Min="0" Max="1">0</CapacityStatus>
            <Out id="0">
              <Capacity LegalValues="0 1 2 4">1</Capacity>
              <DPOut id="0">
                <HdcpAuth Min="0" Max="1">0</HdcpAuth>
                <EDIDOut id="0">
                  <EDIDValid Min="0" Max="1">0</EDIDValid>
                  <SupportHdmi Min="0" Max="1">0</SupportHdmi>
                  <SupportRGB Min="0" Max="1">1</SupportRGB>
                  <SupportSMPTE Min="0" Max="1">1</SupportSMPTE>
                  <Support444 Min="0" Max="1">1</Support444>
                  <Support422 Min="0" Max="1">1</Support422>
                  <BitDepth48 Min="0" Max="1">1</BitDepth48>
                  <BitDepth36 Min="0" Max="1">1</BitDepth36>
                  <BitDepth30 Min="0" Max="1">1</BitDepth30>
                  <BitDepth LegalValues="0 1 2 3 4 5">1</BitDepth>
                  <MaxTmds Min="0" Max="255">0</MaxTmds>
                  <VideoFormat id="0">
                    <Name>Empty</Name>
                    <HFreq>0</HFreq>
                    <HSync Min="1" Max="1">1</HSync>
                    <HActive Min="0" Max="0">0</HActive>
                    <HFP Min="0" Max="0">0</HFP>
                    <HTotal Min="1" Max="8191">1</HTotal>
                    <VFreq Min="20" Max="75">20</VFreq>
                    <VSync Min="1" Max="1">1</VSync>
                    <VActive Min="0" Max="0">0</VActive>
                    <VFP Min="0" Max="0">0</VFP>
                    <VTotal Min="1" Max="8191">1</VTotal>
                    <PixelClk>0</PixelClk>
                    <HSP Min="78" Max="80">80</HSP>
                    <VSP Min="78" Max="80">80</VSP>
                    <AR Min="0" Max="1000">0</AR>
                    <Interlaced>80</Interlaced>
                    <VFType Min="0" Max="0">0</VFType>
                    <VFEnum Min="0" Max="4700">0</VFEnum>
                    <VFStdFrom Min="0" Max="4">0</VFStdFrom>
                    <VFStdNum>0</VFStdNum>
                  </VideoFormat>
                </EDIDOut>
              </DPOut>
              <DVIOut id="0">
                <HdcpAuth Min="0" Max="1">0</HdcpAuth>
                <EDIDOut id="0">
                  <EDIDValid Min="0" Max="1">0</EDIDValid>
                  <SupportHdmi Min="0" Max="1">0</SupportHdmi>
                  <SupportRGB Min="0" Max="1">1</SupportRGB>
                  <SupportSMPTE Min="0" Max="1">1</SupportSMPTE>
                  <Support444 Min="0" Max="1">1</Support444>
                  <Support422 Min="0" Max="1">1</Support422>
                  <BitDepth48 Min="0" Max="1">1</BitDepth48>
                  <BitDepth36 Min="0" Max="1">1</BitDepth36>
                  <BitDepth30 Min="0" Max="1">1</BitDepth30>
                  <BitDepth LegalValues="0 1 2 3 4 5">1</BitDepth>
                  <MaxTmds Min="0" Max="255">0</MaxTmds>
                  <VideoFormat id="0">
                    <Name>Empty</Name>
                    <HFreq>0</HFreq>
                    <HSync Min="1" Max="1">1</HSync>
                    <HActive Min="0" Max="0">0</HActive>
                    <HFP Min="0" Max="0">0</HFP>
                    <HTotal Min="1" Max="8191">1</HTotal>
                    <VFreq Min="20" Max="75">20</VFreq>
                    <VSync Min="1" Max="1">1</VSync>
                    <VActive Min="0" Max="0">0</VActive>
                    <VFP Min="0" Max="0">0</VFP>
                    <VTotal Min="1" Max="8191">1</VTotal>
                    <PixelClk>0</PixelClk>
                    <HSP Min="78" Max="80">80</HSP>
                    <VSP Min="78" Max="80">80</VSP>
                    <AR Min="0" Max="1000">0</AR>
                    <Interlaced>80</Interlaced>
                    <VFType Min="0" Max="0">0</VFType>
                    <VFEnum Min="0" Max="4700">0</VFEnum>
                    <VFStdFrom Min="0" Max="4">0</VFStdFrom>
                    <VFStdNum>0</VFStdNum>
                  </VideoFormat>
                </EDIDOut>
              </DVIOut>
              <SDIOut id="0">
                <Type3G LegalValues="0 1 2 3">2</Type3G>
              </SDIOut>
              <HDMIOutput id="0">
                <HdcpAuth Min="0" Max="1">0</HdcpAuth>
                <SinkType Min="0" Max="1">1</SinkType>
                <EDIDOut id="0">
                  <EDIDValid Min="0" Max="1">0</EDIDValid>
                  <SupportHdmi Min="0" Max="1">0</SupportHdmi>
                  <SupportRGB Min="0" Max="1">1</SupportRGB>
                  <SupportSMPTE Min="0" Max="1">1</SupportSMPTE>
                  <Support444 Min="0" Max="1">1</Support444>
                  <Support422 Min="0" Max="1">1</Support422>
                  <BitDepth48 Min="0" Max="1">1</BitDepth48>
                  <BitDepth36 Min="0" Max="1">1</BitDepth36>
                  <BitDepth30 Min="0" Max="1">1</BitDepth30>
                  <BitDepth LegalValues="0 1 2 3 4 5">1</BitDepth>
                  <MaxTmds Min="0" Max="255">0</MaxTmds>
                  <VideoFormat id="0">
                    <Name>Empty</Name>
                    <HFreq>0</HFreq>
                    <HSync Min="1" Max="1">1</HSync>
                    <HActive Min="0" Max="0">0</HActive>
                    <HFP Min="0" Max="0">0</HFP>
                    <HTotal Min="1" Max="8191">1</HTotal>
                    <VFreq Min="20" Max="75">20</VFreq>
                    <VSync Min="1" Max="1">1</VSync>
                    <VActive Min="0" Max="0">0</VActive>
                    <VFP Min="0" Max="0">0</VFP>
                    <VTotal Min="1" Max="8191">1</VTotal>
                    <PixelClk>0</PixelClk>
                    <HSP Min="78" Max="80">80</HSP>
                    <VSP Min="78" Max="80">80</VSP>
                    <AR Min="0" Max="1000">0</AR>
                    <Interlaced>80</Interlaced>
                    <VFType Min="0" Max="0">0</VFType>
                    <VFEnum Min="0" Max="4700">0</VFEnum>
                    <VFStdFrom Min="0" Max="4">0</VFStdFrom>
                    <VFStdNum>0</VFStdNum>
                  </VideoFormat>
                </EDIDOut>
              </HDMIOutput>
            </Out>
            <Out id="1">
              <Capacity LegalValues="0 1 2 4">1</Capacity>
              <DPOut id="0">
                <HdcpAuth Min="0" Max="1">0</HdcpAuth>
                <EDIDOut id="0">
                  <EDIDValid Min="0" Max="1">0</EDIDValid>
                  <SupportHdmi Min="0" Max="1">0</SupportHdmi>
                  <SupportRGB Min="0" Max="1">1</SupportRGB>
                  <SupportSMPTE Min="0" Max="1">1</SupportSMPTE>
                  <Support444 Min="0" Max="1">1</Support444>
                  <Support422 Min="0" Max="1">1</Support422>
                  <BitDepth48 Min="0" Max="1">1</BitDepth48>
                  <BitDepth36 Min="0" Max="1">1</BitDepth36>
                  <BitDepth30 Min="0" Max="1">1</BitDepth30>
                  <BitDepth LegalValues="0 1 2 3 4 5">1</BitDepth>
                  <MaxTmds Min="0" Max="255">0</MaxTmds>
                  <VideoFormat id="0">
                    <Name>Empty</Name>
                    <HFreq>0</HFreq>
                    <HSync Min="1" Max="1">1</HSync>
                    <HActive Min="0" Max="0">0</HActive>
                    <HFP Min="0" Max="0">0</HFP>
                    <HTotal Min="1" Max="8191">1</HTotal>
                    <VFreq Min="20" Max="75">20</VFreq>
                    <VSync Min="1" Max="1">1</VSync>
                    <VActive Min="0" Max="0">0</VActive>
                    <VFP Min="0" Max="0">0</VFP>
                    <VTotal Min="1" Max="8191">1</VTotal>
                    <PixelClk>0</PixelClk>
                    <HSP Min="78" Max="80">80</HSP>
                    <VSP Min="78" Max="80">80</VSP>
                    <AR Min="0" Max="1000">0</AR>
                    <Interlaced>80</Interlaced>
                    <VFType Min="0" Max="0">0</VFType>
                    <VFEnum Min="0" Max="4700">0</VFEnum>
                    <VFStdFrom Min="0" Max="4">0</VFStdFrom>
                    <VFStdNum>0</VFStdNum>
                  </VideoFormat>
                </EDIDOut>
              </DPOut>
              <DVIOut id="0">
                <HdcpAuth Min="0" Max="1">0</HdcpAuth>
                <EDIDOut id="0">
                  <EDIDValid Min="0" Max="1">0</EDIDValid>
                  <SupportHdmi Min="0" Max="1">0</SupportHdmi>
                  <SupportRGB Min="0" Max="1">1</SupportRGB>
                  <SupportSMPTE Min="0" Max="1">1</SupportSMPTE>
                  <Support444 Min="0" Max="1">1</Support444>
                  <Support422 Min="0" Max="1">1</Support422>
                  <BitDepth48 Min="0" Max="1">1</BitDepth48>
                  <BitDepth36 Min="0" Max="1">1</BitDepth36>
                  <BitDepth30 Min="0" Max="1">1</BitDepth30>
                  <BitDepth LegalValues="0 1 2 3 4 5">1</BitDepth>
                  <MaxTmds Min="0" Max="255">0</MaxTmds>
                  <VideoFormat id="0">
                    <Name>Empty</Name>
                    <HFreq>0</HFreq>
                    <HSync Min="1" Max="1">1</HSync>
                    <HActive Min="0" Max="0">0</HActive>
                    <HFP Min="0" Max="0">0</HFP>
                    <HTotal Min="1" Max="8191">1</HTotal>
                    <VFreq Min="20" Max="75">20</VFreq>
                    <VSync Min="1" Max="1">1</VSync>
                    <VActive Min="0" Max="0">0</VActive>
                    <VFP Min="0" Max="0">0</VFP>
                    <VTotal Min="1" Max="8191">1</VTotal>
                    <PixelClk>0</PixelClk>
                    <HSP Min="78" Max="80">80</HSP>
                    <VSP Min="78" Max="80">80</VSP>
                    <AR Min="0" Max="1000">0</AR>
                    <Interlaced>80</Interlaced>
                    <VFType Min="0" Max="0">0</VFType>
                    <VFEnum Min="0" Max="4700">0</VFEnum>
                    <VFStdFrom Min="0" Max="4">0</VFStdFrom>
                    <VFStdNum>0</VFStdNum>
                  </VideoFormat>
                </EDIDOut>
              </DVIOut>
              <SDIOut id="0">
                <Type3G LegalValues="0 1 2 3">2</Type3G>
              </SDIOut>
              <HDMIOutput id="0">
                <HdcpAuth Min="0" Max="1">0</HdcpAuth>
                <SinkType Min="0" Max="1">1</SinkType>
                <EDIDOut id="0">
                  <EDIDValid Min="0" Max="1">0</EDIDValid>
                  <SupportHdmi Min="0" Max="1">0</SupportHdmi>
                  <SupportRGB Min="0" Max="1">1</SupportRGB>
                  <SupportSMPTE Min="0" Max="1">1</SupportSMPTE>
                  <Support444 Min="0" Max="1">1</Support444>
                  <Support422 Min="0" Max="1">1</Support422>
                  <BitDepth48 Min="0" Max="1">1</BitDepth48>
                  <BitDepth36 Min="0" Max="1">1</BitDepth36>
                  <BitDepth30 Min="0" Max="1">1</BitDepth30>
                  <BitDepth LegalValues="0 1 2 3 4 5">1</BitDepth>
                  <MaxTmds Min="0" Max="255">0</MaxTmds>
                  <VideoFormat id="0">
                    <Name>Empty</Name>
                    <HFreq>0</HFreq>
                    <HSync Min="1" Max="1">1</HSync>
                    <HActive Min="0" Max="0">0</HActive>
                    <HFP Min="0" Max="0">0</HFP>
                    <HTotal Min="1" Max="8191">1</HTotal>
                    <VFreq Min="20" Max="75">20</VFreq>
                    <VSync Min="1" Max="1">1</VSync>
                    <VActive Min="0" Max="0">0</VActive>
                    <VFP Min="0" Max="0">0</VFP>
                    <VTotal Min="1" Max="8191">1</VTotal>
                    <PixelClk>0</PixelClk>
                    <HSP Min="78" Max="80">80</HSP>
                    <VSP Min="78" Max="80">80</VSP>
                    <AR Min="0" Max="1000">0</AR>
                    <Interlaced>80</Interlaced>
                    <VFType Min="0" Max="0">0</VFType>
                    <VFEnum Min="0" Max="4700">0</VFEnum>
                    <VFStdFrom Min="0" Max="4">0</VFStdFrom>
                    <VFStdNum>0</VFStdNum>
                  </VideoFormat>
                </EDIDOut>
              </HDMIOutput>
            </Out>
            <Out id="2">
              <Capacity LegalValues="0 1 2 4">1</Capacity>
              <DPOut id="0">
                <HdcpAuth Min="0" Max="1">0</HdcpAuth>
                <EDIDOut id="0">
                  <EDIDValid Min="0" Max="1">0</EDIDValid>
                  <SupportHdmi Min="0" Max="1">0</SupportHdmi>
                  <SupportRGB Min="0" Max="1">1</SupportRGB>
                  <SupportSMPTE Min="0" Max="1">1</SupportSMPTE>
                  <Support444 Min="0" Max="1">1</Support444>
                  <Support422 Min="0" Max="1">1</Support422>
                  <BitDepth48 Min="0" Max="1">1</BitDepth48>
                  <BitDepth36 Min="0" Max="1">1</BitDepth36>
                  <BitDepth30 Min="0" Max="1">1</BitDepth30>
                  <BitDepth LegalValues="0 1 2 3 4 5">1</BitDepth>
                  <MaxTmds Min="0" Max="255">0</MaxTmds>
                  <VideoFormat id="0">
                    <Name>Empty</Name>
                    <HFreq>0</HFreq>
                    <HSync Min="1" Max="1">1</HSync>
                    <HActive Min="0" Max="0">0</HActive>
                    <HFP Min="0" Max="0">0</HFP>
                    <HTotal Min="1" Max="8191">1</HTotal>
                    <VFreq Min="20" Max="75">20</VFreq>
                    <VSync Min="1" Max="1">1</VSync>
                    <VActive Min="0" Max="0">0</VActive>
                    <VFP Min="0" Max="0">0</VFP>
                    <VTotal Min="1" Max="8191">1</VTotal>
                    <PixelClk>0</PixelClk>
                    <HSP Min="78" Max="80">80</HSP>
                    <VSP Min="78" Max="80">80</VSP>
                    <AR Min="0" Max="1000">0</AR>
                    <Interlaced>80</Interlaced>
                    <VFType Min="0" Max="0">0</VFType>
                    <VFEnum Min="0" Max="4700">0</VFEnum>
                    <VFStdFrom Min="0" Max="4">0</VFStdFrom>
                    <VFStdNum>0</VFStdNum>
                  </VideoFormat>
                </EDIDOut>
              </DPOut>
              <DVIOut id="0">
                <HdcpAuth Min="0" Max="1">0</HdcpAuth>
                <EDIDOut id="0">
                  <EDIDValid Min="0" Max="1">0</EDIDValid>
                  <SupportHdmi Min="0" Max="1">0</SupportHdmi>
                  <SupportRGB Min="0" Max="1">1</SupportRGB>
                  <SupportSMPTE Min="0" Max="1">1</SupportSMPTE>
                  <Support444 Min="0" Max="1">1</Support444>
                  <Support422 Min="0" Max="1">1</Support422>
                  <BitDepth48 Min="0" Max="1">1</BitDepth48>
                  <BitDepth36 Min="0" Max="1">1</BitDepth36>
                  <BitDepth30 Min="0" Max="1">1</BitDepth30>
                  <BitDepth LegalValues="0 1 2 3 4 5">1</BitDepth>
                  <MaxTmds Min="0" Max="255">0</MaxTmds>
                  <VideoFormat id="0">
                    <Name>Empty</Name>
                    <HFreq>0</HFreq>
                    <HSync Min="1" Max="1">1</HSync>
                    <HActive Min="0" Max="0">0</HActive>
                    <HFP Min="0" Max="0">0</HFP>
                    <HTotal Min="1" Max="8191">1</HTotal>
                    <VFreq Min="20" Max="75">20</VFreq>
                    <VSync Min="1" Max="1">1</VSync>
                    <VActive Min="0" Max="0">0</VActive>
                    <VFP Min="0" Max="0">0</VFP>
                    <VTotal Min="1" Max="8191">1</VTotal>
                    <PixelClk>0</PixelClk>
                    <HSP Min="78" Max="80">80</HSP>
                    <VSP Min="78" Max="80">80</VSP>
                    <AR Min="0" Max="1000">0</AR>
                    <Interlaced>80</Interlaced>
                    <VFType Min="0" Max="0">0</VFType>
                    <VFEnum Min="0" Max="4700">0</VFEnum>
                    <VFStdFrom Min="0" Max="4">0</VFStdFrom>
                    <VFStdNum>0</VFStdNum>
                  </VideoFormat>
                </EDIDOut>
              </DVIOut>
              <SDIOut id="0">
                <Type3G LegalValues="0 1 2 3">2</Type3G>
              </SDIOut>
              <HDMIOutput id="0">
                <HdcpAuth Min="0" Max="1">0</HdcpAuth>
                <SinkType Min="0" Max="1">1</SinkType>
                <EDIDOut id="0">
                  <EDIDValid Min="0" Max="1">0</EDIDValid>
                  <SupportHdmi Min="0" Max="1">0</SupportHdmi>
                  <SupportRGB Min="0" Max="1">1</SupportRGB>
                  <SupportSMPTE Min="0" Max="1">1</SupportSMPTE>
                  <Support444 Min="0" Max="1">1</Support444>
                  <Support422 Min="0" Max="1">1</Support422>
                  <BitDepth48 Min="0" Max="1">1</BitDepth48>
                  <BitDepth36 Min="0" Max="1">1</BitDepth36>
                  <BitDepth30 Min="0" Max="1">1</BitDepth30>
                  <BitDepth LegalValues="0 1 2 3 4 5">1</BitDepth>
                  <MaxTmds Min="0" Max="255">0</MaxTmds>
                  <VideoFormat id="0">
                    <Name>Empty</Name>
                    <HFreq>0</HFreq>
                    <HSync Min="1" Max="1">1</HSync>
                    <HActive Min="0" Max="0">0</HActive>
                    <HFP Min="0" Max="0">0</HFP>
                    <HTotal Min="1" Max="8191">1</HTotal>
                    <VFreq Min="20" Max="75">20</VFreq>
                    <VSync Min="1" Max="1">1</VSync>
                    <VActive Min="0" Max="0">0</VActive>
                    <VFP Min="0" Max="0">0</VFP>
                    <VTotal Min="1" Max="8191">1</VTotal>
                    <PixelClk>0</PixelClk>
                    <HSP Min="78" Max="80">80</HSP>
                    <VSP Min="78" Max="80">80</VSP>
                    <AR Min="0" Max="1000">0</AR>
                    <Interlaced>80</Interlaced>
                    <VFType Min="0" Max="0">0</VFType>
                    <VFEnum Min="0" Max="4700">0</VFEnum>
                    <VFStdFrom Min="0" Max="4">0</VFStdFrom>
                    <VFStdNum>0</VFStdNum>
                  </VideoFormat>
                </EDIDOut>
              </HDMIOutput>
            </Out>
            <Out id="3">
              <Capacity LegalValues="0 1 2 4">1</Capacity>
              <DPOut id="0">
                <HdcpAuth Min="0" Max="1">0</HdcpAuth>
                <EDIDOut id="0">
                  <EDIDValid Min="0" Max="1">0</EDIDValid>
                  <SupportHdmi Min="0" Max="1">0</SupportHdmi>
                  <SupportRGB Min="0" Max="1">1</SupportRGB>
                  <SupportSMPTE Min="0" Max="1">1</SupportSMPTE>
                  <Support444 Min="0" Max="1">1</Support444>
                  <Support422 Min="0" Max="1">1</Support422>
                  <BitDepth48 Min="0" Max="1">1</BitDepth48>
                  <BitDepth36 Min="0" Max="1">1</BitDepth36>
                  <BitDepth30 Min="0" Max="1">1</BitDepth30>
                  <BitDepth LegalValues="0 1 2 3 4 5">1</BitDepth>
                  <MaxTmds Min="0" Max="255">0</MaxTmds>
                  <VideoFormat id="0">
                    <Name>Empty</Name>
                    <HFreq>0</HFreq>
                    <HSync Min="1" Max="1">1</HSync>
                    <HActive Min="0" Max="0">0</HActive>
                    <HFP Min="0" Max="0">0</HFP>
                    <HTotal Min="1" Max="8191">1</HTotal>
                    <VFreq Min="20" Max="75">20</VFreq>
                    <VSync Min="1" Max="1">1</VSync>
                    <VActive Min="0" Max="0">0</VActive>
                    <VFP Min="0" Max="0">0</VFP>
                    <VTotal Min="1" Max="8191">1</VTotal>
                    <PixelClk>0</PixelClk>
                    <HSP Min="78" Max="80">80</HSP>
                    <VSP Min="78" Max="80">80</VSP>
                    <AR Min="0" Max="1000">0</AR>
                    <Interlaced>80</Interlaced>
                    <VFType Min="0" Max="0">0</VFType>
                    <VFEnum Min="0" Max="4700">0</VFEnum>
                    <VFStdFrom Min="0" Max="4">0</VFStdFrom>
                    <VFStdNum>0</VFStdNum>
                  </VideoFormat>
                </EDIDOut>
              </DPOut>
              <DVIOut id="0">
                <HdcpAuth Min="0" Max="1">0</HdcpAuth>
                <EDIDOut id="0">
                  <EDIDValid Min="0" Max="1">0</EDIDValid>
                  <SupportHdmi Min="0" Max="1">0</SupportHdmi>
                  <SupportRGB Min="0" Max="1">1</SupportRGB>
                  <SupportSMPTE Min="0" Max="1">1</SupportSMPTE>
                  <Support444 Min="0" Max="1">1</Support444>
                  <Support422 Min="0" Max="1">1</Support422>
                  <BitDepth48 Min="0" Max="1">1</BitDepth48>
                  <BitDepth36 Min="0" Max="1">1</BitDepth36>
                  <BitDepth30 Min="0" Max="1">1</BitDepth30>
                  <BitDepth LegalValues="0 1 2 3 4 5">1</BitDepth>
                  <MaxTmds Min="0" Max="255">0</MaxTmds>
                  <VideoFormat id="0">
                    <Name>Empty</Name>
                    <HFreq>0</HFreq>
                    <HSync Min="1" Max="1">1</HSync>
                    <HActive Min="0" Max="0">0</HActive>
                    <HFP Min="0" Max="0">0</HFP>
                    <HTotal Min="1" Max="8191">1</HTotal>
                    <VFreq Min="20" Max="75">20</VFreq>
                    <VSync Min="1" Max="1">1</VSync>
                    <VActive Min="0" Max="0">0</VActive>
                    <VFP Min="0" Max="0">0</VFP>
                    <VTotal Min="1" Max="8191">1</VTotal>
                    <PixelClk>0</PixelClk>
                    <HSP Min="78" Max="80">80</HSP>
                    <VSP Min="78" Max="80">80</VSP>
                    <AR Min="0" Max="1000">0</AR>
                    <Interlaced>80</Interlaced>
                    <VFType Min="0" Max="0">0</VFType>
                    <VFEnum Min="0" Max="4700">0</VFEnum>
                    <VFStdFrom Min="0" Max="4">0</VFStdFrom>
                    <VFStdNum>0</VFStdNum>
                  </VideoFormat>
                </EDIDOut>
              </DVIOut>
              <SDIOut id="0">
                <Type3G LegalValues="0 1 2 3">2</Type3G>
              </SDIOut>
              <HDMIOutput id="0">
                <HdcpAuth Min="0" Max="1">0</HdcpAuth>
                <SinkType Min="0" Max="1">1</SinkType>
                <EDIDOut id="0">
                  <EDIDValid Min="0" Max="1">0</EDIDValid>
                  <SupportHdmi Min="0" Max="1">0</SupportHdmi>
                  <SupportRGB Min="0" Max="1">1</SupportRGB>
                  <SupportSMPTE Min="0" Max="1">1</SupportSMPTE>
                  <Support444 Min="0" Max="1">1</Support444>
                  <Support422 Min="0" Max="1">1</Support422>
                  <BitDepth48 Min="0" Max="1">1</BitDepth48>
                  <BitDepth36 Min="0" Max="1">1</BitDepth36>
                  <BitDepth30 Min="0" Max="1">1</BitDepth30>
                  <BitDepth LegalValues="0 1 2 3 4 5">1</BitDepth>
                  <MaxTmds Min="0" Max="255">0</MaxTmds>
                  <VideoFormat id="0">
                    <Name>Empty</Name>
                    <HFreq>0</HFreq>
                    <HSync Min="1" Max="1">1</HSync>
                    <HActive Min="0" Max="0">0</HActive>
                    <HFP Min="0" Max="0">0</HFP>
                    <HTotal Min="1" Max="8191">1</HTotal>
                    <VFreq Min="20" Max="75">20</VFreq>
                    <VSync Min="1" Max="1">1</VSync>
                    <VActive Min="0" Max="0">0</VActive>
                    <VFP Min="0" Max="0">0</VFP>
                    <VTotal Min="1" Max="8191">1</VTotal>
                    <PixelClk>0</PixelClk>
                    <HSP Min="78" Max="80">80</HSP>
                    <VSP Min="78" Max="80">80</VSP>
                    <AR Min="0" Max="1000">0</AR>
                    <Interlaced>80</Interlaced>
                    <VFType Min="0" Max="0">0</VFType>
                    <VFEnum Min="0" Max="4700">0</VFEnum>
                    <VFStdFrom Min="0" Max="4">0</VFStdFrom>
                    <VFStdNum>0</VFStdNum>
                  </VideoFormat>
                </EDIDOut>
              </HDMIOutput>
            </Out>
          </CardOut>
          <CardLayer id="0">
            <BankIndex Min="-1" Max="4">-1</BankIndex>
            <VpuIndex Min="-1" Max="4">-1</VpuIndex>
            <Luma Min="0" Max="100">37.5</Luma>
            <Sat Min="0" Max="100">100</Sat>
            <Hue Min="0" Max="360">0</Hue>
            <LinkAssign id="0">
              <XPos Min="0" Max="1000000">0</XPos>
              <YPos Min="0" Max="1000000">0</YPos>
              <ZPos Min="0" Max="1000000">0</ZPos>
              <DestIndex Min="-1" Max="127">-1</DestIndex>
              <Rect id="0">
                <HPos Min="-32767" Max="32767">0</HPos>
                <VPos Min="-32767" Max="32767">0</VPos>
                <HSize Min="0" Max="32767">0</HSize>
                <VSize Min="0" Max="32767">0</VSize>
                <AR Min="0" Max="99">0</AR>
              </Rect>
            </LinkAssign>
            <LinkAssign id="1">
              <XPos Min="0" Max="1000000">0</XPos>
              <YPos Min="0" Max="1000000">0</YPos>
              <ZPos Min="0" Max="1000000">0</ZPos>
              <DestIndex Min="-1" Max="127">-1</DestIndex>
              <Rect id="0">
                <HPos Min="-32767" Max="32767">0</HPos>
                <VPos Min="-32767" Max="32767">0</VPos>
                <HSize Min="0" Max="32767">0</HSize>
                <VSize Min="0" Max="32767">0</VSize>
                <AR Min="0" Max="99">0</AR>
              </Rect>
            </LinkAssign>
            <LinkAssign id="2">
              <XPos Min="0" Max="1000000">0</XPos>
              <YPos Min="0" Max="1000000">0</YPos>
              <ZPos Min="0" Max="1000000">0</ZPos>
              <DestIndex Min="-1" Max="127">-1</DestIndex>
              <Rect id="0">
                <HPos Min="-32767" Max="32767">0</HPos>
                <VPos Min="-32767" Max="32767">0</VPos>
                <HSize Min="0" Max="32767">0</HSize>
                <VSize Min="0" Max="32767">0</VSize>
                <AR Min="0" Max="99">0</AR>
              </Rect>
            </LinkAssign>
            <LinkAssign id="3">
              <XPos Min="0" Max="1000000">0</XPos>
              <YPos Min="0" Max="1000000">0</YPos>
              <ZPos Min="0" Max="1000000">0</ZPos>
              <DestIndex Min="-1" Max="127">-1</DestIndex>
              <Rect id="0">
                <HPos Min="-32767" Max="32767">0</HPos>
                <VPos Min="-32767" Max="32767">0</VPos>
                <HSize Min="0" Max="32767">0</HSize>
                <VSize Min="0" Max="32767">0</VSize>
                <AR Min="0" Max="99">0</AR>
              </Rect>
            </LinkAssign>
            <ScalerAssign id="0">
              <YPos Min="0" Max="1000000">0</YPos>
              <ZPos Min="0" Max="1000000">0</ZPos>
              <LayerIndex Min="-1" Max="512">-1</LayerIndex>
              <DestIndex Min="-1" Max="127">-1</DestIndex>
            </ScalerAssign>
            <ScalerAssign id="1">
              <YPos Min="0" Max="1000000">0</YPos>
              <ZPos Min="0" Max="1000000">0</ZPos>
              <LayerIndex Min="-1" Max="512">-1</LayerIndex>
              <DestIndex Min="-1" Max="127">-1</DestIndex>
            </ScalerAssign>
            <ScalerAssign id="2">
              <YPos Min="0" Max="1000000">0</YPos>
              <ZPos Min="0" Max="1000000">0</ZPos>
              <LayerIndex Min="-1" Max="512">-1</LayerIndex>
              <DestIndex Min="-1" Max="127">-1</DestIndex>
            </ScalerAssign>
            <ScalerAssign id="3">
              <YPos Min="0" Max="1000000">0</YPos>
              <ZPos Min="0" Max="1000000">0</ZPos>
              <LayerIndex Min="-1" Max="512">-1</LayerIndex>
              <DestIndex Min="-1" Max="127">-1</DestIndex>
            </ScalerAssign>
          </CardLayer>
        </Card>
      </Slot>
      <Slot id="15">
        <Card id="0">
          <CardStatus Min="0" Max="4">0</CardStatus>
          <CardType Min="0" Max="255">255</CardType>
          <CardID/>
          <SlotIndex Min="-1" Max="23">15</SlotIndex>
          <CardIn id="0">
            <NumOfChan Min="0" Max="4">4</NumOfChan>
            <CapacityStatus Min="0" Max="1">0</CapacityStatus>
            <In id="0">
              <AutoAcqMode Min="0" Max="1">1</AutoAcqMode>
              <Capacity LegalValues="0 1 2 4">0</Capacity>
              <ColorSpace LegalValues="-1 0 1">0</ColorSpace>
              <ColorRange LegalValues="0 1">0</ColorRange>
              <Sync Min="0" Max="2">0</Sync>
              <DPIn id="0">
                <Hdcp id="0">
                  <Mode Min="0" Max="1">0</Mode>
                  <HdcpAuth Min="0" Max="1">0</HdcpAuth>
                </Hdcp>
                <EDIDIn id="0">
                  <BitDepth LegalValues="1 2 3">2</BitDepth>
                  <EdidStatus Min="0" Max="4">0</EdidStatus>
                  <VideoFormat id="0">
                    <Name>1920x1080p @59.94</Name>
                    <HFreq>67433</HFreq>
                    <HSync Min="1" Max="192">88</HSync>
                    <HActive Min="0" Max="2024">1920</HActive>
                    <HFP Min="0" Max="192">88</HFP>
                    <HTotal Min="2096" Max="8191">2200</HTotal>
                    <VFreq Min="20" Max="75">59.9401</VFreq>
                    <VSync Min="1" Max="41">5</VSync>
                    <VActive Min="0" Max="1116">1080</VActive>
                    <VFP Min="0" Max="40">4</VFP>
                    <VTotal Min="1089" Max="8191">1125</VTotal>
                    <PixelClk>148.352</PixelClk>
                    <HSP Min="78" Max="80">80</HSP>
                    <VSP Min="78" Max="80">80</VSP>
                    <AR Min="0" Max="1000">1.77778</AR>
                    <Interlaced>80</Interlaced>
                    <VFType Min="0" Max="0">8</VFType>
                    <VFEnum Min="0" Max="4700">2708</VFEnum>
                    <VFStdFrom Min="0" Max="4">4</VFStdFrom>
                    <VFStdNum>16</VFStdNum>
                  </VideoFormat>
                </EDIDIn>
              </DPIn>
              <DVIIn id="0">
                <Hdcp id="0">
                  <Mode Min="0" Max="1">0</Mode>
                  <HdcpAuth Min="0" Max="1">0</HdcpAuth>
                </Hdcp>
                <EDIDIn id="0">
                  <BitDepth LegalValues="1">1</BitDepth>
                  <EdidStatus Min="0" Max="4">0</EdidStatus>
                  <VideoFormat id="0">
                    <Name>1920x1080p @59.94</Name>
                    <HFreq>67433</HFreq>
                    <HSync Min="1" Max="192">88</HSync>
                    <HActive Min="0" Max="2024">1920</HActive>
                    <HFP Min="0" Max="192">88</HFP>
                    <HTotal Min="2096" Max="8191">2200</HTotal>
                    <VFreq Min="20" Max="75">59.9401</VFreq>
                    <VSync Min="1" Max="41">5</VSync>
                    <VActive Min="0" Max="1116">1080</VActive>
                    <VFP Min="0" Max="40">4</VFP>
                    <VTotal Min="1089" Max="8191">1125</VTotal>
                    <PixelClk>148.352</PixelClk>
                    <HSP Min="78" Max="80">80</HSP>
                    <VSP Min="78" Max="80">80</VSP>
                    <AR Min="0" Max="1000">1.77778</AR>
                    <Interlaced>80</Interlaced>
                    <VFType Min="0" Max="0">8</VFType>
                    <VFEnum Min="0" Max="4700">2708</VFEnum>
                    <VFStdFrom Min="0" Max="4">4</VFStdFrom>
                    <VFStdNum>16</VFStdNum>
                  </VideoFormat>
                </EDIDIn>
              </DVIIn>
              <SDIIn id="0">
                <Type3G LegalValues="0 1 2 3">2</Type3G>
              </SDIIn>
              <HDMIIn id="0">
                <Hdcp id="0">
                  <Mode Min="0" Max="1">0</Mode>
                  <HdcpAuth Min="0" Max="1">0</HdcpAuth>
                </Hdcp>
                <EDIDIn id="0">
                  <BitDepth LegalValues="1 2 3">3</BitDepth>
                  <EdidStatus Min="0" Max="4">0</EdidStatus>
                  <VideoFormat id="0">
                    <Name>1920x1080p @59.94</Name>
                    <HFreq>67433</HFreq>
                    <HSync Min="1" Max="192">88</HSync>
                    <HActive Min="0" Max="2024">1920</HActive>
                    <HFP Min="0" Max="192">88</HFP>
                    <HTotal Min="2096" Max="8191">2200</HTotal>
                    <VFreq Min="20" Max="75">59.9401</VFreq>
                    <VSync Min="1" Max="41">5</VSync>
                    <VActive Min="0" Max="1116">1080</VActive>
                    <VFP Min="0" Max="40">4</VFP>
                    <VTotal Min="1089" Max="8191">1125</VTotal>
                    <PixelClk>148.352</PixelClk>
                    <HSP Min="78" Max="80">80</HSP>
                    <VSP Min="78" Max="80">80</VSP>
                    <AR Min="0" Max="1000">1.77778</AR>
                    <Interlaced>80</Interlaced>
                    <VFType Min="0" Max="0">8</VFType>
                    <VFEnum Min="0" Max="4700">2708</VFEnum>
                    <VFStdFrom Min="0" Max="4">4</VFStdFrom>
                    <VFStdNum>16</VFStdNum>
                  </VideoFormat>
                </EDIDIn>
              </HDMIIn>
              <VideoFormat id="0">
                <Name>Empty</Name>
                <HFreq>0</HFreq>
                <HSync Min="1" Max="1">1</HSync>
                <HActive Min="0" Max="0">0</HActive>
                <HFP Min="0" Max="0">0</HFP>
                <HTotal Min="1" Max="8191">1</HTotal>
                <VFreq Min="20" Max="75">20</VFreq>
                <VSync Min="1" Max="1">1</VSync>
                <VActive Min="0" Max="0">0</VActive>
                <VFP Min="0" Max="0">0</VFP>
                <VTotal Min="1" Max="8191">1</VTotal>
                <PixelClk>0</PixelClk>
                <HSP Min="78" Max="80">80</HSP>
                <VSP Min="78" Max="80">80</VSP>
                <AR Min="0" Max="1000">0</AR>
                <Interlaced>80</Interlaced>
                <VFType Min="0" Max="0">0</VFType>
                <VFEnum Min="0" Max="4700">0</VFEnum>
                <VFStdFrom Min="0" Max="4">0</VFStdFrom>
                <VFStdNum>0</VFStdNum>
              </VideoFormat>
            </In>
            <In id="1">
              <AutoAcqMode Min="0" Max="1">1</AutoAcqMode>
              <Capacity LegalValues="0 1 2 4">0</Capacity>
              <ColorSpace LegalValues="-1 0 1">0</ColorSpace>
              <ColorRange LegalValues="0 1">0</ColorRange>
              <Sync Min="0" Max="2">0</Sync>
              <DPIn id="0">
                <Hdcp id="0">
                  <Mode Min="0" Max="1">0</Mode>
                  <HdcpAuth Min="0" Max="1">0</HdcpAuth>
                </Hdcp>
                <EDIDIn id="0">
                  <BitDepth LegalValues="1 2 3">2</BitDepth>
                  <EdidStatus Min="0" Max="4">0</EdidStatus>
                  <VideoFormat id="0">
                    <Name>1920x1080p @59.94</Name>
                    <HFreq>67433</HFreq>
                    <HSync Min="1" Max="192">88</HSync>
                    <HActive Min="0" Max="2024">1920</HActive>
                    <HFP Min="0" Max="192">88</HFP>
                    <HTotal Min="2096" Max="8191">2200</HTotal>
                    <VFreq Min="20" Max="75">59.9401</VFreq>
                    <VSync Min="1" Max="41">5</VSync>
                    <VActive Min="0" Max="1116">1080</VActive>
                    <VFP Min="0" Max="40">4</VFP>
                    <VTotal Min="1089" Max="8191">1125</VTotal>
                    <PixelClk>148.352</PixelClk>
                    <HSP Min="78" Max="80">80</HSP>
                    <VSP Min="78" Max="80">80</VSP>
                    <AR Min="0" Max="1000">1.77778</AR>
                    <Interlaced>80</Interlaced>
                    <VFType Min="0" Max="0">8</VFType>
                    <VFEnum Min="0" Max="4700">2708</VFEnum>
                    <VFStdFrom Min="0" Max="4">4</VFStdFrom>
                    <VFStdNum>16</VFStdNum>
                  </VideoFormat>
                </EDIDIn>
              </DPIn>
              <DVIIn id="0">
                <Hdcp id="0">
                  <Mode Min="0" Max="1">0</Mode>
                  <HdcpAuth Min="0" Max="1">0</HdcpAuth>
                </Hdcp>
                <EDIDIn id="0">
                  <BitDepth LegalValues="1">1</BitDepth>
                  <EdidStatus Min="0" Max="4">0</EdidStatus>
                  <VideoFormat id="0">
                    <Name>1920x1080p @59.94</Name>
                    <HFreq>67433</HFreq>
                    <HSync Min="1" Max="192">88</HSync>
                    <HActive Min="0" Max="2024">1920</HActive>
                    <HFP Min="0" Max="192">88</HFP>
                    <HTotal Min="2096" Max="8191">2200</HTotal>
                    <VFreq Min="20" Max="75">59.9401</VFreq>
                    <VSync Min="1" Max="41">5</VSync>
                    <VActive Min="0" Max="1116">1080</VActive>
                    <VFP Min="0" Max="40">4</VFP>
                    <VTotal Min="1089" Max="8191">1125</VTotal>
                    <PixelClk>148.352</PixelClk>
                    <HSP Min="78" Max="80">80</HSP>
                    <VSP Min="78" Max="80">80</VSP>
                    <AR Min="0" Max="1000">1.77778</AR>
                    <Interlaced>80</Interlaced>
                    <VFType Min="0" Max="0">8</VFType>
                    <VFEnum Min="0" Max="4700">2708</VFEnum>
                    <VFStdFrom Min="0" Max="4">4</VFStdFrom>
                    <VFStdNum>16</VFStdNum>
                  </VideoFormat>
                </EDIDIn>
              </DVIIn>
              <SDIIn id="0">
                <Type3G LegalValues="0 1 2 3">2</Type3G>
              </SDIIn>
              <HDMIIn id="0">
                <Hdcp id="0">
                  <Mode Min="0" Max="1">0</Mode>
                  <HdcpAuth Min="0" Max="1">0</HdcpAuth>
                </Hdcp>
                <EDIDIn id="0">
                  <BitDepth LegalValues="1 2 3">3</BitDepth>
                  <EdidStatus Min="0" Max="4">0</EdidStatus>
                  <VideoFormat id="0">
                    <Name>1920x1080p @59.94</Name>
                    <HFreq>67433</HFreq>
                    <HSync Min="1" Max="192">88</HSync>
                    <HActive Min="0" Max="2024">1920</HActive>
                    <HFP Min="0" Max="192">88</HFP>
                    <HTotal Min="2096" Max="8191">2200</HTotal>
                    <VFreq Min="20" Max="75">59.9401</VFreq>
                    <VSync Min="1" Max="41">5</VSync>
                    <VActive Min="0" Max="1116">1080</VActive>
                    <VFP Min="0" Max="40">4</VFP>
                    <VTotal Min="1089" Max="8191">1125</VTotal>
                    <PixelClk>148.352</PixelClk>
                    <HSP Min="78" Max="80">80</HSP>
                    <VSP Min="78" Max="80">80</VSP>
                    <AR Min="0" Max="1000">1.77778</AR>
                    <Interlaced>80</Interlaced>
                    <VFType Min="0" Max="0">8</VFType>
                    <VFEnum Min="0" Max="4700">2708</VFEnum>
                    <VFStdFrom Min="0" Max="4">4</VFStdFrom>
                    <VFStdNum>16</VFStdNum>
                  </VideoFormat>
                </EDIDIn>
              </HDMIIn>
              <VideoFormat id="0">
                <Name>Empty</Name>
                <HFreq>0</HFreq>
                <HSync Min="1" Max="1">1</HSync>
                <HActive Min="0" Max="0">0</HActive>
                <HFP Min="0" Max="0">0</HFP>
                <HTotal Min="1" Max="8191">1</HTotal>
                <VFreq Min="20" Max="75">20</VFreq>
                <VSync Min="1" Max="1">1</VSync>
                <VActive Min="0" Max="0">0</VActive>
                <VFP Min="0" Max="0">0</VFP>
                <VTotal Min="1" Max="8191">1</VTotal>
                <PixelClk>0</PixelClk>
                <HSP Min="78" Max="80">80</HSP>
                <VSP Min="78" Max="80">80</VSP>
                <AR Min="0" Max="1000">0</AR>
                <Interlaced>80</Interlaced>
                <VFType Min="0" Max="0">0</VFType>
                <VFEnum Min="0" Max="4700">0</VFEnum>
                <VFStdFrom Min="0" Max="4">0</VFStdFrom>
                <VFStdNum>0</VFStdNum>
              </VideoFormat>
            </In>
            <In id="2">
              <AutoAcqMode Min="0" Max="1">1</AutoAcqMode>
              <Capacity LegalValues="0 1 2 4">0</Capacity>
              <ColorSpace LegalValues="-1 0 1">0</ColorSpace>
              <ColorRange LegalValues="0 1">0</ColorRange>
              <Sync Min="0" Max="2">0</Sync>
              <DPIn id="0">
                <Hdcp id="0">
                  <Mode Min="0" Max="1">0</Mode>
                  <HdcpAuth Min="0" Max="1">0</HdcpAuth>
                </Hdcp>
                <EDIDIn id="0">
                  <BitDepth LegalValues="1 2 3">2</BitDepth>
                  <EdidStatus Min="0" Max="4">0</EdidStatus>
                  <VideoFormat id="0">
                    <Name>1920x1080p @59.94</Name>
                    <HFreq>67433</HFreq>
                    <HSync Min="1" Max="192">88</HSync>
                    <HActive Min="0" Max="2024">1920</HActive>
                    <HFP Min="0" Max="192">88</HFP>
                    <HTotal Min="2096" Max="8191">2200</HTotal>
                    <VFreq Min="20" Max="75">59.9401</VFreq>
                    <VSync Min="1" Max="41">5</VSync>
                    <VActive Min="0" Max="1116">1080</VActive>
                    <VFP Min="0" Max="40">4</VFP>
                    <VTotal Min="1089" Max="8191">1125</VTotal>
                    <PixelClk>148.352</PixelClk>
                    <HSP Min="78" Max="80">80</HSP>
                    <VSP Min="78" Max="80">80</VSP>
                    <AR Min="0" Max="1000">1.77778</AR>
                    <Interlaced>80</Interlaced>
                    <VFType Min="0" Max="0">8</VFType>
                    <VFEnum Min="0" Max="4700">2708</VFEnum>
                    <VFStdFrom Min="0" Max="4">4</VFStdFrom>
                    <VFStdNum>16</VFStdNum>
                  </VideoFormat>
                </EDIDIn>
              </DPIn>
              <DVIIn id="0">
                <Hdcp id="0">
                  <Mode Min="0" Max="1">0</Mode>
                  <HdcpAuth Min="0" Max="1">0</HdcpAuth>
                </Hdcp>
                <EDIDIn id="0">
                  <BitDepth LegalValues="1">1</BitDepth>
                  <EdidStatus Min="0" Max="4">0</EdidStatus>
                  <VideoFormat id="0">
                    <Name>1920x1080p @59.94</Name>
                    <HFreq>67433</HFreq>
                    <HSync Min="1" Max="192">88</HSync>
                    <HActive Min="0" Max="2024">1920</HActive>
                    <HFP Min="0" Max="192">88</HFP>
                    <HTotal Min="2096" Max="8191">2200</HTotal>
                    <VFreq Min="20" Max="75">59.9401</VFreq>
                    <VSync Min="1" Max="41">5</VSync>
                    <VActive Min="0" Max="1116">1080</VActive>
                    <VFP Min="0" Max="40">4</VFP>
                    <VTotal Min="1089" Max="8191">1125</VTotal>
                    <PixelClk>148.352</PixelClk>
                    <HSP Min="78" Max="80">80</HSP>
                    <VSP Min="78" Max="80">80</VSP>
                    <AR Min="0" Max="1000">1.77778</AR>
                    <Interlaced>80</Interlaced>
                    <VFType Min="0" Max="0">8</VFType>
                    <VFEnum Min="0" Max="4700">2708</VFEnum>
                    <VFStdFrom Min="0" Max="4">4</VFStdFrom>
                    <VFStdNum>16</VFStdNum>
                  </VideoFormat>
                </EDIDIn>
              </DVIIn>
              <SDIIn id="0">
                <Type3G LegalValues="0 1 2 3">2</Type3G>
              </SDIIn>
              <HDMIIn id="0">
                <Hdcp id="0">
                  <Mode Min="0" Max="1">0</Mode>
                  <HdcpAuth Min="0" Max="1">0</HdcpAuth>
                </Hdcp>
                <EDIDIn id="0">
                  <BitDepth LegalValues="1 2 3">3</BitDepth>
                  <EdidStatus Min="0" Max="4">0</EdidStatus>
                  <VideoFormat id="0">
                    <Name>1920x1080p @59.94</Name>
                    <HFreq>67433</HFreq>
                    <HSync Min="1" Max="192">88</HSync>
                    <HActive Min="0" Max="2024">1920</HActive>
                    <HFP Min="0" Max="192">88</HFP>
                    <HTotal Min="2096" Max="8191">2200</HTotal>
                    <VFreq Min="20" Max="75">59.9401</VFreq>
                    <VSync Min="1" Max="41">5</VSync>
                    <VActive Min="0" Max="1116">1080</VActive>
                    <VFP Min="0" Max="40">4</VFP>
                    <VTotal Min="1089" Max="8191">1125</VTotal>
                    <PixelClk>148.352</PixelClk>
                    <HSP Min="78" Max="80">80</HSP>
                    <VSP Min="78" Max="80">80</VSP>
                    <AR Min="0" Max="1000">1.77778</AR>
                    <Interlaced>80</Interlaced>
                    <VFType Min="0" Max="0">8</VFType>
                    <VFEnum Min="0" Max="4700">2708</VFEnum>
                    <VFStdFrom Min="0" Max="4">4</VFStdFrom>
                    <VFStdNum>16</VFStdNum>
                  </VideoFormat>
                </EDIDIn>
              </HDMIIn>
              <VideoFormat id="0">
                <Name>Empty</Name>
                <HFreq>0</HFreq>
                <HSync Min="1" Max="1">1</HSync>
                <HActive Min="0" Max="0">0</HActive>
                <HFP Min="0" Max="0">0</HFP>
                <HTotal Min="1" Max="8191">1</HTotal>
                <VFreq Min="20" Max="75">20</VFreq>
                <VSync Min="1" Max="1">1</VSync>
                <VActive Min="0" Max="0">0</VActive>
                <VFP Min="0" Max="0">0</VFP>
                <VTotal Min="1" Max="8191">1</VTotal>
                <PixelClk>0</PixelClk>
                <HSP Min="78" Max="80">80</HSP>
                <VSP Min="78" Max="80">80</VSP>
                <AR Min="0" Max="1000">0</AR>
                <Interlaced>80</Interlaced>
                <VFType Min="0" Max="0">0</VFType>
                <VFEnum Min="0" Max="4700">0</VFEnum>
                <VFStdFrom Min="0" Max="4">0</VFStdFrom>
                <VFStdNum>0</VFStdNum>
              </VideoFormat>
            </In>
            <In id="3">
              <AutoAcqMode Min="0" Max="1">1</AutoAcqMode>
              <Capacity LegalValues="0 1 2 4">0</Capacity>
              <ColorSpace LegalValues="-1 0 1">0</ColorSpace>
              <ColorRange LegalValues="0 1">0</ColorRange>
              <Sync Min="0" Max="2">0</Sync>
              <DPIn id="0">
                <Hdcp id="0">
                  <Mode Min="0" Max="1">0</Mode>
                  <HdcpAuth Min="0" Max="1">0</HdcpAuth>
                </Hdcp>
                <EDIDIn id="0">
                  <BitDepth LegalValues="1 2 3">2</BitDepth>
                  <EdidStatus Min="0" Max="4">0</EdidStatus>
                  <VideoFormat id="0">
                    <Name>1920x1080p @59.94</Name>
                    <HFreq>67433</HFreq>
                    <HSync Min="1" Max="192">88</HSync>
                    <HActive Min="0" Max="2024">1920</HActive>
                    <HFP Min="0" Max="192">88</HFP>
                    <HTotal Min="2096" Max="8191">2200</HTotal>
                    <VFreq Min="20" Max="75">59.9401</VFreq>
                    <VSync Min="1" Max="41">5</VSync>
                    <VActive Min="0" Max="1116">1080</VActive>
                    <VFP Min="0" Max="40">4</VFP>
                    <VTotal Min="1089" Max="8191">1125</VTotal>
                    <PixelClk>148.352</PixelClk>
                    <HSP Min="78" Max="80">80</HSP>
                    <VSP Min="78" Max="80">80</VSP>
                    <AR Min="0" Max="1000">1.77778</AR>
                    <Interlaced>80</Interlaced>
                    <VFType Min="0" Max="0">8</VFType>
                    <VFEnum Min="0" Max="4700">2708</VFEnum>
                    <VFStdFrom Min="0" Max="4">4</VFStdFrom>
                    <VFStdNum>16</VFStdNum>
                  </VideoFormat>
                </EDIDIn>
              </DPIn>
              <DVIIn id="0">
                <Hdcp id="0">
                  <Mode Min="0" Max="1">0</Mode>
                  <HdcpAuth Min="0" Max="1">0</HdcpAuth>
                </Hdcp>
                <EDIDIn id="0">
                  <BitDepth LegalValues="1">1</BitDepth>
                  <EdidStatus Min="0" Max="4">0</EdidStatus>
                  <VideoFormat id="0">
                    <Name>1920x1080p @59.94</Name>
                    <HFreq>67433</HFreq>
                    <HSync Min="1" Max="192">88</HSync>
                    <HActive Min="0" Max="2024">1920</HActive>
                    <HFP Min="0" Max="192">88</HFP>
                    <HTotal Min="2096" Max="8191">2200</HTotal>
                    <VFreq Min="20" Max="75">59.9401</VFreq>
                    <VSync Min="1" Max="41">5</VSync>
                    <VActive Min="0" Max="1116">1080</VActive>
                    <VFP Min="0" Max="40">4</VFP>
                    <VTotal Min="1089" Max="8191">1125</VTotal>
                    <PixelClk>148.352</PixelClk>
                    <HSP Min="78" Max="80">80</HSP>
                    <VSP Min="78" Max="80">80</VSP>
                    <AR Min="0" Max="1000">1.77778</AR>
                    <Interlaced>80</Interlaced>
                    <VFType Min="0" Max="0">8</VFType>
                    <VFEnum Min="0" Max="4700">2708</VFEnum>
                    <VFStdFrom Min="0" Max="4">4</VFStdFrom>
                    <VFStdNum>16</VFStdNum>
                  </VideoFormat>
                </EDIDIn>
              </DVIIn>
              <SDIIn id="0">
                <Type3G LegalValues="0 1 2 3">2</Type3G>
              </SDIIn>
              <HDMIIn id="0">
                <Hdcp id="0">
                  <Mode Min="0" Max="1">0</Mode>
                  <HdcpAuth Min="0" Max="1">0</HdcpAuth>
                </Hdcp>
                <EDIDIn id="0">
                  <BitDepth LegalValues="1 2 3">3</BitDepth>
                  <EdidStatus Min="0" Max="4">0</EdidStatus>
                  <VideoFormat id="0">
                    <Name>1920x1080p @59.94</Name>
                    <HFreq>67433</HFreq>
                    <HSync Min="1" Max="192">88</HSync>
                    <HActive Min="0" Max="2024">1920</HActive>
                    <HFP Min="0" Max="192">88</HFP>
                    <HTotal Min="2096" Max="8191">2200</HTotal>
                    <VFreq Min="20" Max="75">59.9401</VFreq>
                    <VSync Min="1" Max="41">5</VSync>
                    <VActive Min="0" Max="1116">1080</VActive>
                    <VFP Min="0" Max="40">4</VFP>
                    <VTotal Min="1089" Max="8191">1125</VTotal>
                    <PixelClk>148.352</PixelClk>
                    <HSP Min="78" Max="80">80</HSP>
                    <VSP Min="78" Max="80">80</VSP>
                    <AR Min="0" Max="1000">1.77778</AR>
                    <Interlaced>80</Interlaced>
                    <VFType Min="0" Max="0">8</VFType>
                    <VFEnum Min="0" Max="4700">2708</VFEnum>
                    <VFStdFrom Min="0" Max="4">4</VFStdFrom>
                    <VFStdNum>16</VFStdNum>
                  </VideoFormat>
                </EDIDIn>
              </HDMIIn>
              <VideoFormat id="0">
                <Name>Empty</Name>
                <HFreq>0</HFreq>
                <HSync Min="1" Max="1">1</HSync>
                <HActive Min="0" Max="0">0</HActive>
                <HFP Min="0" Max="0">0</HFP>
                <HTotal Min="1" Max="8191">1</HTotal>
                <VFreq Min="20" Max="75">20</VFreq>
                <VSync Min="1" Max="1">1</VSync>
                <VActive Min="0" Max="0">0</VActive>
                <VFP Min="0" Max="0">0</VFP>
                <VTotal Min="1" Max="8191">1</VTotal>
                <PixelClk>0</PixelClk>
                <HSP Min="78" Max="80">80</HSP>
                <VSP Min="78" Max="80">80</VSP>
                <AR Min="0" Max="1000">0</AR>
                <Interlaced>80</Interlaced>
                <VFType Min="0" Max="0">0</VFType>
                <VFEnum Min="0" Max="4700">0</VFEnum>
                <VFStdFrom Min="0" Max="4">0</VFStdFrom>
                <VFStdNum>0</VFStdNum>
              </VideoFormat>
            </In>
          </CardIn>
          <CardExp id="0">
            <LinkConnector id="0">
              <Mode Min="0" Max="1">0</Mode>
              <IP>192.168.000.201</IP>
              <MacAddress>aa:aa:aa:aa:aa:aa</MacAddress>
              <Connected Min="0" Max="1">0</Connected>
              <ConnectorIndex Min="-1" Max="3">-1</ConnectorIndex>
              <SlotIndex Min="-1" Max="22">-1</SlotIndex>
            </LinkConnector>
            <LinkConnector id="1">
              <Mode Min="0" Max="1">0</Mode>
              <IP>192.168.000.201</IP>
              <MacAddress>aa:aa:aa:aa:aa:aa</MacAddress>
              <Connected Min="0" Max="1">0</Connected>
              <ConnectorIndex Min="-1" Max="3">-1</ConnectorIndex>
              <SlotIndex Min="-1" Max="22">-1</SlotIndex>
            </LinkConnector>
          </CardExp>
          <CardOut id="0">
            <NumOfChan Min="0" Max="4">4</NumOfChan>
            <CapacityStatus Min="0" Max="1">0</CapacityStatus>
            <Out id="0">
              <Capacity LegalValues="0 1 2 4">1</Capacity>
              <DPOut id="0">
                <HdcpAuth Min="0" Max="1">0</HdcpAuth>
                <EDIDOut id="0">
                  <EDIDValid Min="0" Max="1">0</EDIDValid>
                  <SupportHdmi Min="0" Max="1">0</SupportHdmi>
                  <SupportRGB Min="0" Max="1">1</SupportRGB>
                  <SupportSMPTE Min="0" Max="1">1</SupportSMPTE>
                  <Support444 Min="0" Max="1">1</Support444>
                  <Support422 Min="0" Max="1">1</Support422>
                  <BitDepth48 Min="0" Max="1">1</BitDepth48>
                  <BitDepth36 Min="0" Max="1">1</BitDepth36>
                  <BitDepth30 Min="0" Max="1">1</BitDepth30>
                  <BitDepth LegalValues="0 1 2 3 4 5">1</BitDepth>
                  <MaxTmds Min="0" Max="255">0</MaxTmds>
                  <VideoFormat id="0">
                    <Name>Empty</Name>
                    <HFreq>0</HFreq>
                    <HSync Min="1" Max="1">1</HSync>
                    <HActive Min="0" Max="0">0</HActive>
                    <HFP Min="0" Max="0">0</HFP>
                    <HTotal Min="1" Max="8191">1</HTotal>
                    <VFreq Min="20" Max="75">20</VFreq>
                    <VSync Min="1" Max="1">1</VSync>
                    <VActive Min="0" Max="0">0</VActive>
                    <VFP Min="0" Max="0">0</VFP>
                    <VTotal Min="1" Max="8191">1</VTotal>
                    <PixelClk>0</PixelClk>
                    <HSP Min="78" Max="80">80</HSP>
                    <VSP Min="78" Max="80">80</VSP>
                    <AR Min="0" Max="1000">0</AR>
                    <Interlaced>80</Interlaced>
                    <VFType Min="0" Max="0">0</VFType>
                    <VFEnum Min="0" Max="4700">0</VFEnum>
                    <VFStdFrom Min="0" Max="4">0</VFStdFrom>
                    <VFStdNum>0</VFStdNum>
                  </VideoFormat>
                </EDIDOut>
              </DPOut>
              <DVIOut id="0">
                <HdcpAuth Min="0" Max="1">0</HdcpAuth>
                <EDIDOut id="0">
                  <EDIDValid Min="0" Max="1">0</EDIDValid>
                  <SupportHdmi Min="0" Max="1">0</SupportHdmi>
                  <SupportRGB Min="0" Max="1">1</SupportRGB>
                  <SupportSMPTE Min="0" Max="1">1</SupportSMPTE>
                  <Support444 Min="0" Max="1">1</Support444>
                  <Support422 Min="0" Max="1">1</Support422>
                  <BitDepth48 Min="0" Max="1">1</BitDepth48>
                  <BitDepth36 Min="0" Max="1">1</BitDepth36>
                  <BitDepth30 Min="0" Max="1">1</BitDepth30>
                  <BitDepth LegalValues="0 1 2 3 4 5">1</BitDepth>
                  <MaxTmds Min="0" Max="255">0</MaxTmds>
                  <VideoFormat id="0">
                    <Name>Empty</Name>
                    <HFreq>0</HFreq>
                    <HSync Min="1" Max="1">1</HSync>
                    <HActive Min="0" Max="0">0</HActive>
                    <HFP Min="0" Max="0">0</HFP>
                    <HTotal Min="1" Max="8191">1</HTotal>
                    <VFreq Min="20" Max="75">20</VFreq>
                    <VSync Min="1" Max="1">1</VSync>
                    <VActive Min="0" Max="0">0</VActive>
                    <VFP Min="0" Max="0">0</VFP>
                    <VTotal Min="1" Max="8191">1</VTotal>
                    <PixelClk>0</PixelClk>
                    <HSP Min="78" Max="80">80</HSP>
                    <VSP Min="78" Max="80">80</VSP>
                    <AR Min="0" Max="1000">0</AR>
                    <Interlaced>80</Interlaced>
                    <VFType Min="0" Max="0">0</VFType>
                    <VFEnum Min="0" Max="4700">0</VFEnum>
                    <VFStdFrom Min="0" Max="4">0</VFStdFrom>
                    <VFStdNum>0</VFStdNum>
                  </VideoFormat>
                </EDIDOut>
              </DVIOut>
              <SDIOut id="0">
                <Type3G LegalValues="0 1 2 3">2</Type3G>
              </SDIOut>
              <HDMIOutput id="0">
                <HdcpAuth Min="0" Max="1">0</HdcpAuth>
                <SinkType Min="0" Max="1">1</SinkType>
                <EDIDOut id="0">
                  <EDIDValid Min="0" Max="1">0</EDIDValid>
                  <SupportHdmi Min="0" Max="1">0</SupportHdmi>
                  <SupportRGB Min="0" Max="1">1</SupportRGB>
                  <SupportSMPTE Min="0" Max="1">1</SupportSMPTE>
                  <Support444 Min="0" Max="1">1</Support444>
                  <Support422 Min="0" Max="1">1</Support422>
                  <BitDepth48 Min="0" Max="1">1</BitDepth48>
                  <BitDepth36 Min="0" Max="1">1</BitDepth36>
                  <BitDepth30 Min="0" Max="1">1</BitDepth30>
                  <BitDepth LegalValues="0 1 2 3 4 5">1</BitDepth>
                  <MaxTmds Min="0" Max="255">0</MaxTmds>
                  <VideoFormat id="0">
                    <Name>Empty</Name>
                    <HFreq>0</HFreq>
                    <HSync Min="1" Max="1">1</HSync>
                    <HActive Min="0" Max="0">0</HActive>
                    <HFP Min="0" Max="0">0</HFP>
                    <HTotal Min="1" Max="8191">1</HTotal>
                    <VFreq Min="20" Max="75">20</VFreq>
                    <VSync Min="1" Max="1">1</VSync>
                    <VActive Min="0" Max="0">0</VActive>
                    <VFP Min="0" Max="0">0</VFP>
                    <VTotal Min="1" Max="8191">1</VTotal>
                    <PixelClk>0</PixelClk>
                    <HSP Min="78" Max="80">80</HSP>
                    <VSP Min="78" Max="80">80</VSP>
                    <AR Min="0" Max="1000">0</AR>
                    <Interlaced>80</Interlaced>
                    <VFType Min="0" Max="0">0</VFType>
                    <VFEnum Min="0" Max="4700">0</VFEnum>
                    <VFStdFrom Min="0" Max="4">0</VFStdFrom>
                    <VFStdNum>0</VFStdNum>
                  </VideoFormat>
                </EDIDOut>
              </HDMIOutput>
            </Out>
            <Out id="1">
              <Capacity LegalValues="0 1 2 4">1</Capacity>
              <DPOut id="0">
                <HdcpAuth Min="0" Max="1">0</HdcpAuth>
                <EDIDOut id="0">
                  <EDIDValid Min="0" Max="1">0</EDIDValid>
                  <SupportHdmi Min="0" Max="1">0</SupportHdmi>
                  <SupportRGB Min="0" Max="1">1</SupportRGB>
                  <SupportSMPTE Min="0" Max="1">1</SupportSMPTE>
                  <Support444 Min="0" Max="1">1</Support444>
                  <Support422 Min="0" Max="1">1</Support422>
                  <BitDepth48 Min="0" Max="1">1</BitDepth48>
                  <BitDepth36 Min="0" Max="1">1</BitDepth36>
                  <BitDepth30 Min="0" Max="1">1</BitDepth30>
                  <BitDepth LegalValues="0 1 2 3 4 5">1</BitDepth>
                  <MaxTmds Min="0" Max="255">0</MaxTmds>
                  <VideoFormat id="0">
                    <Name>Empty</Name>
                    <HFreq>0</HFreq>
                    <HSync Min="1" Max="1">1</HSync>
                    <HActive Min="0" Max="0">0</HActive>
                    <HFP Min="0" Max="0">0</HFP>
                    <HTotal Min="1" Max="8191">1</HTotal>
                    <VFreq Min="20" Max="75">20</VFreq>
                    <VSync Min="1" Max="1">1</VSync>
                    <VActive Min="0" Max="0">0</VActive>
                    <VFP Min="0" Max="0">0</VFP>
                    <VTotal Min="1" Max="8191">1</VTotal>
                    <PixelClk>0</PixelClk>
                    <HSP Min="78" Max="80">80</HSP>
                    <VSP Min="78" Max="80">80</VSP>
                    <AR Min="0" Max="1000">0</AR>
                    <Interlaced>80</Interlaced>
                    <VFType Min="0" Max="0">0</VFType>
                    <VFEnum Min="0" Max="4700">0</VFEnum>
                    <VFStdFrom Min="0" Max="4">0</VFStdFrom>
                    <VFStdNum>0</VFStdNum>
                  </VideoFormat>
                </EDIDOut>
              </DPOut>
              <DVIOut id="0">
                <HdcpAuth Min="0" Max="1">0</HdcpAuth>
                <EDIDOut id="0">
                  <EDIDValid Min="0" Max="1">0</EDIDValid>
                  <SupportHdmi Min="0" Max="1">0</SupportHdmi>
                  <SupportRGB Min="0" Max="1">1</SupportRGB>
                  <SupportSMPTE Min="0" Max="1">1</SupportSMPTE>
                  <Support444 Min="0" Max="1">1</Support444>
                  <Support422 Min="0" Max="1">1</Support422>
                  <BitDepth48 Min="0" Max="1">1</BitDepth48>
                  <BitDepth36 Min="0" Max="1">1</BitDepth36>
                  <BitDepth30 Min="0" Max="1">1</BitDepth30>
                  <BitDepth LegalValues="0 1 2 3 4 5">1</BitDepth>
                  <MaxTmds Min="0" Max="255">0</MaxTmds>
                  <VideoFormat id="0">
                    <Name>Empty</Name>
                    <HFreq>0</HFreq>
                    <HSync Min="1" Max="1">1</HSync>
                    <HActive Min="0" Max="0">0</HActive>
                    <HFP Min="0" Max="0">0</HFP>
                    <HTotal Min="1" Max="8191">1</HTotal>
                    <VFreq Min="20" Max="75">20</VFreq>
                    <VSync Min="1" Max="1">1</VSync>
                    <VActive Min="0" Max="0">0</VActive>
                    <VFP Min="0" Max="0">0</VFP>
                    <VTotal Min="1" Max="8191">1</VTotal>
                    <PixelClk>0</PixelClk>
                    <HSP Min="78" Max="80">80</HSP>
                    <VSP Min="78" Max="80">80</VSP>
                    <AR Min="0" Max="1000">0</AR>
                    <Interlaced>80</Interlaced>
                    <VFType Min="0" Max="0">0</VFType>
                    <VFEnum Min="0" Max="4700">0</VFEnum>
                    <VFStdFrom Min="0" Max="4">0</VFStdFrom>
                    <VFStdNum>0</VFStdNum>
                  </VideoFormat>
                </EDIDOut>
              </DVIOut>
              <SDIOut id="0">
                <Type3G LegalValues="0 1 2 3">2</Type3G>
              </SDIOut>
              <HDMIOutput id="0">
                <HdcpAuth Min="0" Max="1">0</HdcpAuth>
                <SinkType Min="0" Max="1">1</SinkType>
                <EDIDOut id="0">
                  <EDIDValid Min="0" Max="1">0</EDIDValid>
                  <SupportHdmi Min="0" Max="1">0</SupportHdmi>
                  <SupportRGB Min="0" Max="1">1</SupportRGB>
                  <SupportSMPTE Min="0" Max="1">1</SupportSMPTE>
                  <Support444 Min="0" Max="1">1</Support444>
                  <Support422 Min="0" Max="1">1</Support422>
                  <BitDepth48 Min="0" Max="1">1</BitDepth48>
                  <BitDepth36 Min="0" Max="1">1</BitDepth36>
                  <BitDepth30 Min="0" Max="1">1</BitDepth30>
                  <BitDepth LegalValues="0 1 2 3 4 5">1</BitDepth>
                  <MaxTmds Min="0" Max="255">0</MaxTmds>
                  <VideoFormat id="0">
                    <Name>Empty</Name>
                    <HFreq>0</HFreq>
                    <HSync Min="1" Max="1">1</HSync>
                    <HActive Min="0" Max="0">0</HActive>
                    <HFP Min="0" Max="0">0</HFP>
                    <HTotal Min="1" Max="8191">1</HTotal>
                    <VFreq Min="20" Max="75">20</VFreq>
                    <VSync Min="1" Max="1">1</VSync>
                    <VActive Min="0" Max="0">0</VActive>
                    <VFP Min="0" Max="0">0</VFP>
                    <VTotal Min="1" Max="8191">1</VTotal>
                    <PixelClk>0</PixelClk>
                    <HSP Min="78" Max="80">80</HSP>
                    <VSP Min="78" Max="80">80</VSP>
                    <AR Min="0" Max="1000">0</AR>
                    <Interlaced>80</Interlaced>
                    <VFType Min="0" Max="0">0</VFType>
                    <VFEnum Min="0" Max="4700">0</VFEnum>
                    <VFStdFrom Min="0" Max="4">0</VFStdFrom>
                    <VFStdNum>0</VFStdNum>
                  </VideoFormat>
                </EDIDOut>
              </HDMIOutput>
            </Out>
            <Out id="2">
              <Capacity LegalValues="0 1 2 4">1</Capacity>
              <DPOut id="0">
                <HdcpAuth Min="0" Max="1">0</HdcpAuth>
                <EDIDOut id="0">
                  <EDIDValid Min="0" Max="1">0</EDIDValid>
                  <SupportHdmi Min="0" Max="1">0</SupportHdmi>
                  <SupportRGB Min="0" Max="1">1</SupportRGB>
                  <SupportSMPTE Min="0" Max="1">1</SupportSMPTE>
                  <Support444 Min="0" Max="1">1</Support444>
                  <Support422 Min="0" Max="1">1</Support422>
                  <BitDepth48 Min="0" Max="1">1</BitDepth48>
                  <BitDepth36 Min="0" Max="1">1</BitDepth36>
                  <BitDepth30 Min="0" Max="1">1</BitDepth30>
                  <BitDepth LegalValues="0 1 2 3 4 5">1</BitDepth>
                  <MaxTmds Min="0" Max="255">0</MaxTmds>
                  <VideoFormat id="0">
                    <Name>Empty</Name>
                    <HFreq>0</HFreq>
                    <HSync Min="1" Max="1">1</HSync>
                    <HActive Min="0" Max="0">0</HActive>
                    <HFP Min="0" Max="0">0</HFP>
                    <HTotal Min="1" Max="8191">1</HTotal>
                    <VFreq Min="20" Max="75">20</VFreq>
                    <VSync Min="1" Max="1">1</VSync>
                    <VActive Min="0" Max="0">0</VActive>
                    <VFP Min="0" Max="0">0</VFP>
                    <VTotal Min="1" Max="8191">1</VTotal>
                    <PixelClk>0</PixelClk>
                    <HSP Min="78" Max="80">80</HSP>
                    <VSP Min="78" Max="80">80</VSP>
                    <AR Min="0" Max="1000">0</AR>
                    <Interlaced>80</Interlaced>
                    <VFType Min="0" Max="0">0</VFType>
                    <VFEnum Min="0" Max="4700">0</VFEnum>
                    <VFStdFrom Min="0" Max="4">0</VFStdFrom>
                    <VFStdNum>0</VFStdNum>
                  </VideoFormat>
                </EDIDOut>
              </DPOut>
              <DVIOut id="0">
                <HdcpAuth Min="0" Max="1">0</HdcpAuth>
                <EDIDOut id="0">
                  <EDIDValid Min="0" Max="1">0</EDIDValid>
                  <SupportHdmi Min="0" Max="1">0</SupportHdmi>
                  <SupportRGB Min="0" Max="1">1</SupportRGB>
                  <SupportSMPTE Min="0" Max="1">1</SupportSMPTE>
                  <Support444 Min="0" Max="1">1</Support444>
                  <Support422 Min="0" Max="1">1</Support422>
                  <BitDepth48 Min="0" Max="1">1</BitDepth48>
                  <BitDepth36 Min="0" Max="1">1</BitDepth36>
                  <BitDepth30 Min="0" Max="1">1</BitDepth30>
                  <BitDepth LegalValues="0 1 2 3 4 5">1</BitDepth>
                  <MaxTmds Min="0" Max="255">0</MaxTmds>
                  <VideoFormat id="0">
                    <Name>Empty</Name>
                    <HFreq>0</HFreq>
                    <HSync Min="1" Max="1">1</HSync>
                    <HActive Min="0" Max="0">0</HActive>
                    <HFP Min="0" Max="0">0</HFP>
                    <HTotal Min="1" Max="8191">1</HTotal>
                    <VFreq Min="20" Max="75">20</VFreq>
                    <VSync Min="1" Max="1">1</VSync>
                    <VActive Min="0" Max="0">0</VActive>
                    <VFP Min="0" Max="0">0</VFP>
                    <VTotal Min="1" Max="8191">1</VTotal>
                    <PixelClk>0</PixelClk>
                    <HSP Min="78" Max="80">80</HSP>
                    <VSP Min="78" Max="80">80</VSP>
                    <AR Min="0" Max="1000">0</AR>
                    <Interlaced>80</Interlaced>
                    <VFType Min="0" Max="0">0</VFType>
                    <VFEnum Min="0" Max="4700">0</VFEnum>
                    <VFStdFrom Min="0" Max="4">0</VFStdFrom>
                    <VFStdNum>0</VFStdNum>
                  </VideoFormat>
                </EDIDOut>
              </DVIOut>
              <SDIOut id="0">
                <Type3G LegalValues="0 1 2 3">2</Type3G>
              </SDIOut>
              <HDMIOutput id="0">
                <HdcpAuth Min="0" Max="1">0</HdcpAuth>
                <SinkType Min="0" Max="1">1</SinkType>
                <EDIDOut id="0">
                  <EDIDValid Min="0" Max="1">0</EDIDValid>
                  <SupportHdmi Min="0" Max="1">0</SupportHdmi>
                  <SupportRGB Min="0" Max="1">1</SupportRGB>
                  <SupportSMPTE Min="0" Max="1">1</SupportSMPTE>
                  <Support444 Min="0" Max="1">1</Support444>
                  <Support422 Min="0" Max="1">1</Support422>
                  <BitDepth48 Min="0" Max="1">1</BitDepth48>
                  <BitDepth36 Min="0" Max="1">1</BitDepth36>
                  <BitDepth30 Min="0" Max="1">1</BitDepth30>
                  <BitDepth LegalValues="0 1 2 3 4 5">1</BitDepth>
                  <MaxTmds Min="0" Max="255">0</MaxTmds>
                  <VideoFormat id="0">
                    <Name>Empty</Name>
                    <HFreq>0</HFreq>
                    <HSync Min="1" Max="1">1</HSync>
                    <HActive Min="0" Max="0">0</HActive>
                    <HFP Min="0" Max="0">0</HFP>
                    <HTotal Min="1" Max="8191">1</HTotal>
                    <VFreq Min="20" Max="75">20</VFreq>
                    <VSync Min="1" Max="1">1</VSync>
                    <VActive Min="0" Max="0">0</VActive>
                    <VFP Min="0" Max="0">0</VFP>
                    <VTotal Min="1" Max="8191">1</VTotal>
                    <PixelClk>0</PixelClk>
                    <HSP Min="78" Max="80">80</HSP>
                    <VSP Min="78" Max="80">80</VSP>
                    <AR Min="0" Max="1000">0</AR>
                    <Interlaced>80</Interlaced>
                    <VFType Min="0" Max="0">0</VFType>
                    <VFEnum Min="0" Max="4700">0</VFEnum>
                    <VFStdFrom Min="0" Max="4">0</VFStdFrom>
                    <VFStdNum>0</VFStdNum>
                  </VideoFormat>
                </EDIDOut>
              </HDMIOutput>
            </Out>
            <Out id="3">
              <Capacity LegalValues="0 1 2 4">1</Capacity>
              <DPOut id="0">
                <HdcpAuth Min="0" Max="1">0</HdcpAuth>
                <EDIDOut id="0">
                  <EDIDValid Min="0" Max="1">0</EDIDValid>
                  <SupportHdmi Min="0" Max="1">0</SupportHdmi>
                  <SupportRGB Min="0" Max="1">1</SupportRGB>
                  <SupportSMPTE Min="0" Max="1">1</SupportSMPTE>
                  <Support444 Min="0" Max="1">1</Support444>
                  <Support422 Min="0" Max="1">1</Support422>
                  <BitDepth48 Min="0" Max="1">1</BitDepth48>
                  <BitDepth36 Min="0" Max="1">1</BitDepth36>
                  <BitDepth30 Min="0" Max="1">1</BitDepth30>
                  <BitDepth LegalValues="0 1 2 3 4 5">1</BitDepth>
                  <MaxTmds Min="0" Max="255">0</MaxTmds>
                  <VideoFormat id="0">
                    <Name>Empty</Name>
                    <HFreq>0</HFreq>
                    <HSync Min="1" Max="1">1</HSync>
                    <HActive Min="0" Max="0">0</HActive>
                    <HFP Min="0" Max="0">0</HFP>
                    <HTotal Min="1" Max="8191">1</HTotal>
                    <VFreq Min="20" Max="75">20</VFreq>
                    <VSync Min="1" Max="1">1</VSync>
                    <VActive Min="0" Max="0">0</VActive>
                    <VFP Min="0" Max="0">0</VFP>
                    <VTotal Min="1" Max="8191">1</VTotal>
                    <PixelClk>0</PixelClk>
                    <HSP Min="78" Max="80">80</HSP>
                    <VSP Min="78" Max="80">80</VSP>
                    <AR Min="0" Max="1000">0</AR>
                    <Interlaced>80</Interlaced>
                    <VFType Min="0" Max="0">0</VFType>
                    <VFEnum Min="0" Max="4700">0</VFEnum>
                    <VFStdFrom Min="0" Max="4">0</VFStdFrom>
                    <VFStdNum>0</VFStdNum>
                  </VideoFormat>
                </EDIDOut>
              </DPOut>
              <DVIOut id="0">
                <HdcpAuth Min="0" Max="1">0</HdcpAuth>
                <EDIDOut id="0">
                  <EDIDValid Min="0" Max="1">0</EDIDValid>
                  <SupportHdmi Min="0" Max="1">0</SupportHdmi>
                  <SupportRGB Min="0" Max="1">1</SupportRGB>
                  <SupportSMPTE Min="0" Max="1">1</SupportSMPTE>
                  <Support444 Min="0" Max="1">1</Support444>
                  <Support422 Min="0" Max="1">1</Support422>
                  <BitDepth48 Min="0" Max="1">1</BitDepth48>
                  <BitDepth36 Min="0" Max="1">1</BitDepth36>
                  <BitDepth30 Min="0" Max="1">1</BitDepth30>
                  <BitDepth LegalValues="0 1 2 3 4 5">1</BitDepth>
                  <MaxTmds Min="0" Max="255">0</MaxTmds>
                  <VideoFormat id="0">
                    <Name>Empty</Name>
                    <HFreq>0</HFreq>
                    <HSync Min="1" Max="1">1</HSync>
                    <HActive Min="0" Max="0">0</HActive>
                    <HFP Min="0" Max="0">0</HFP>
                    <HTotal Min="1" Max="8191">1</HTotal>
                    <VFreq Min="20" Max="75">20</VFreq>
                    <VSync Min="1" Max="1">1</VSync>
                    <VActive Min="0" Max="0">0</VActive>
                    <VFP Min="0" Max="0">0</VFP>
                    <VTotal Min="1" Max="8191">1</VTotal>
                    <PixelClk>0</PixelClk>
                    <HSP Min="78" Max="80">80</HSP>
                    <VSP Min="78" Max="80">80</VSP>
                    <AR Min="0" Max="1000">0</AR>
                    <Interlaced>80</Interlaced>
                    <VFType Min="0" Max="0">0</VFType>
                    <VFEnum Min="0" Max="4700">0</VFEnum>
                    <VFStdFrom Min="0" Max="4">0</VFStdFrom>
                    <VFStdNum>0</VFStdNum>
                  </VideoFormat>
                </EDIDOut>
              </DVIOut>
              <SDIOut id="0">
                <Type3G LegalValues="0 1 2 3">2</Type3G>
              </SDIOut>
              <HDMIOutput id="0">
                <HdcpAuth Min="0" Max="1">0</HdcpAuth>
                <SinkType Min="0" Max="1">1</SinkType>
                <EDIDOut id="0">
                  <EDIDValid Min="0" Max="1">0</EDIDValid>
                  <SupportHdmi Min="0" Max="1">0</SupportHdmi>
                  <SupportRGB Min="0" Max="1">1</SupportRGB>
                  <SupportSMPTE Min="0" Max="1">1</SupportSMPTE>
                  <Support444 Min="0" Max="1">1</Support444>
                  <Support422 Min="0" Max="1">1</Support422>
                  <BitDepth48 Min="0" Max="1">1</BitDepth48>
                  <BitDepth36 Min="0" Max="1">1</BitDepth36>
                  <BitDepth30 Min="0" Max="1">1</BitDepth30>
                  <BitDepth LegalValues="0 1 2 3 4 5">1</BitDepth>
                  <MaxTmds Min="0" Max="255">0</MaxTmds>
                  <VideoFormat id="0">
                    <Name>Empty</Name>
                    <HFreq>0</HFreq>
                    <HSync Min="1" Max="1">1</HSync>
                    <HActive Min="0" Max="0">0</HActive>
                    <HFP Min="0" Max="0">0</HFP>
                    <HTotal Min="1" Max="8191">1</HTotal>
                    <VFreq Min="20" Max="75">20</VFreq>
                    <VSync Min="1" Max="1">1</VSync>
                    <VActive Min="0" Max="0">0</VActive>
                    <VFP Min="0" Max="0">0</VFP>
                    <VTotal Min="1" Max="8191">1</VTotal>
                    <PixelClk>0</PixelClk>
                    <HSP Min="78" Max="80">80</HSP>
                    <VSP Min="78" Max="80">80</VSP>
                    <AR Min="0" Max="1000">0</AR>
                    <Interlaced>80</Interlaced>
                    <VFType Min="0" Max="0">0</VFType>
                    <VFEnum Min="0" Max="4700">0</VFEnum>
                    <VFStdFrom Min="0" Max="4">0</VFStdFrom>
                    <VFStdNum>0</VFStdNum>
                  </VideoFormat>
                </EDIDOut>
              </HDMIOutput>
            </Out>
          </CardOut>
          <CardLayer id="0">
            <BankIndex Min="-1" Max="4">-1</BankIndex>
            <VpuIndex Min="-1" Max="4">-1</VpuIndex>
            <Luma Min="0" Max="100">37.5</Luma>
            <Sat Min="0" Max="100">100</Sat>
            <Hue Min="0" Max="360">0</Hue>
            <LinkAssign id="0">
              <XPos Min="0" Max="1000000">0</XPos>
              <YPos Min="0" Max="1000000">0</YPos>
              <ZPos Min="0" Max="1000000">0</ZPos>
              <DestIndex Min="-1" Max="127">-1</DestIndex>
              <Rect id="0">
                <HPos Min="-32767" Max="32767">0</HPos>
                <VPos Min="-32767" Max="32767">0</VPos>
                <HSize Min="0" Max="32767">0</HSize>
                <VSize Min="0" Max="32767">0</VSize>
                <AR Min="0" Max="99">0</AR>
              </Rect>
            </LinkAssign>
            <LinkAssign id="1">
              <XPos Min="0" Max="1000000">0</XPos>
              <YPos Min="0" Max="1000000">0</YPos>
              <ZPos Min="0" Max="1000000">0</ZPos>
              <DestIndex Min="-1" Max="127">-1</DestIndex>
              <Rect id="0">
                <HPos Min="-32767" Max="32767">0</HPos>
                <VPos Min="-32767" Max="32767">0</VPos>
                <HSize Min="0" Max="32767">0</HSize>
                <VSize Min="0" Max="32767">0</VSize>
                <AR Min="0" Max="99">0</AR>
              </Rect>
            </LinkAssign>
            <LinkAssign id="2">
              <XPos Min="0" Max="1000000">0</XPos>
              <YPos Min="0" Max="1000000">0</YPos>
              <ZPos Min="0" Max="1000000">0</ZPos>
              <DestIndex Min="-1" Max="127">-1</DestIndex>
              <Rect id="0">
                <HPos Min="-32767" Max="32767">0</HPos>
                <VPos Min="-32767" Max="32767">0</VPos>
                <HSize Min="0" Max="32767">0</HSize>
                <VSize Min="0" Max="32767">0</VSize>
                <AR Min="0" Max="99">0</AR>
              </Rect>
            </LinkAssign>
            <LinkAssign id="3">
              <XPos Min="0" Max="1000000">0</XPos>
              <YPos Min="0" Max="1000000">0</YPos>
              <ZPos Min="0" Max="1000000">0</ZPos>
              <DestIndex Min="-1" Max="127">-1</DestIndex>
              <Rect id="0">
                <HPos Min="-32767" Max="32767">0</HPos>
                <VPos Min="-32767" Max="32767">0</VPos>
                <HSize Min="0" Max="32767">0</HSize>
                <VSize Min="0" Max="32767">0</VSize>
                <AR Min="0" Max="99">0</AR>
              </Rect>
            </LinkAssign>
            <ScalerAssign id="0">
              <YPos Min="0" Max="1000000">0</YPos>
              <ZPos Min="0" Max="1000000">0</ZPos>
              <LayerIndex Min="-1" Max="512">-1</LayerIndex>
              <DestIndex Min="-1" Max="127">-1</DestIndex>
            </ScalerAssign>
            <ScalerAssign id="1">
              <YPos Min="0" Max="1000000">0</YPos>
              <ZPos Min="0" Max="1000000">0</ZPos>
              <LayerIndex Min="-1" Max="512">-1</LayerIndex>
              <DestIndex Min="-1" Max="127">-1</DestIndex>
            </ScalerAssign>
            <ScalerAssign id="2">
              <YPos Min="0" Max="1000000">0</YPos>
              <ZPos Min="0" Max="1000000">0</ZPos>
              <LayerIndex Min="-1" Max="512">-1</LayerIndex>
              <DestIndex Min="-1" Max="127">-1</DestIndex>
            </ScalerAssign>
            <ScalerAssign id="3">
              <YPos Min="0" Max="1000000">0</YPos>
              <ZPos Min="0" Max="1000000">0</ZPos>
              <LayerIndex Min="-1" Max="512">-1</LayerIndex>
              <DestIndex Min="-1" Max="127">-1</DestIndex>
            </ScalerAssign>
          </CardLayer>
        </Card>
      </Slot>
      <Slot id="16">
        <Card id="0">
          <CardStatus Min="0" Max="4">0</CardStatus>
          <CardType Min="0" Max="255">255</CardType>
          <CardID/>
          <SlotIndex Min="-1" Max="23">16</SlotIndex>
          <CardIn id="0">
            <NumOfChan Min="0" Max="4">4</NumOfChan>
            <CapacityStatus Min="0" Max="1">0</CapacityStatus>
            <In id="0">
              <AutoAcqMode Min="0" Max="1">1</AutoAcqMode>
              <Capacity LegalValues="0 1 2 4">0</Capacity>
              <ColorSpace LegalValues="-1 0 1">0</ColorSpace>
              <ColorRange LegalValues="0 1">0</ColorRange>
              <Sync Min="0" Max="2">0</Sync>
              <DPIn id="0">
                <Hdcp id="0">
                  <Mode Min="0" Max="1">0</Mode>
                  <HdcpAuth Min="0" Max="1">0</HdcpAuth>
                </Hdcp>
                <EDIDIn id="0">
                  <BitDepth LegalValues="1 2 3">2</BitDepth>
                  <EdidStatus Min="0" Max="4">0</EdidStatus>
                  <VideoFormat id="0">
                    <Name>1920x1080p @59.94</Name>
                    <HFreq>67433</HFreq>
                    <HSync Min="1" Max="192">88</HSync>
                    <HActive Min="0" Max="2024">1920</HActive>
                    <HFP Min="0" Max="192">88</HFP>
                    <HTotal Min="2096" Max="8191">2200</HTotal>
                    <VFreq Min="20" Max="75">59.9401</VFreq>
                    <VSync Min="1" Max="41">5</VSync>
                    <VActive Min="0" Max="1116">1080</VActive>
                    <VFP Min="0" Max="40">4</VFP>
                    <VTotal Min="1089" Max="8191">1125</VTotal>
                    <PixelClk>148.352</PixelClk>
                    <HSP Min="78" Max="80">80</HSP>
                    <VSP Min="78" Max="80">80</VSP>
                    <AR Min="0" Max="1000">1.77778</AR>
                    <Interlaced>80</Interlaced>
                    <VFType Min="0" Max="0">8</VFType>
                    <VFEnum Min="0" Max="4700">2708</VFEnum>
                    <VFStdFrom Min="0" Max="4">4</VFStdFrom>
                    <VFStdNum>16</VFStdNum>
                  </VideoFormat>
                </EDIDIn>
              </DPIn>
              <DVIIn id="0">
                <Hdcp id="0">
                  <Mode Min="0" Max="1">0</Mode>
                  <HdcpAuth Min="0" Max="1">0</HdcpAuth>
                </Hdcp>
                <EDIDIn id="0">
                  <BitDepth LegalValues="1">1</BitDepth>
                  <EdidStatus Min="0" Max="4">0</EdidStatus>
                  <VideoFormat id="0">
                    <Name>1920x1080p @59.94</Name>
                    <HFreq>67433</HFreq>
                    <HSync Min="1" Max="192">88</HSync>
                    <HActive Min="0" Max="2024">1920</HActive>
                    <HFP Min="0" Max="192">88</HFP>
                    <HTotal Min="2096" Max="8191">2200</HTotal>
                    <VFreq Min="20" Max="75">59.9401</VFreq>
                    <VSync Min="1" Max="41">5</VSync>
                    <VActive Min="0" Max="1116">1080</VActive>
                    <VFP Min="0" Max="40">4</VFP>
                    <VTotal Min="1089" Max="8191">1125</VTotal>
                    <PixelClk>148.352</PixelClk>
                    <HSP Min="78" Max="80">80</HSP>
                    <VSP Min="78" Max="80">80</VSP>
                    <AR Min="0" Max="1000">1.77778</AR>
                    <Interlaced>80</Interlaced>
                    <VFType Min="0" Max="0">8</VFType>
                    <VFEnum Min="0" Max="4700">2708</VFEnum>
                    <VFStdFrom Min="0" Max="4">4</VFStdFrom>
                    <VFStdNum>16</VFStdNum>
                  </VideoFormat>
                </EDIDIn>
              </DVIIn>
              <SDIIn id="0">
                <Type3G LegalValues="0 1 2 3">2</Type3G>
              </SDIIn>
              <HDMIIn id="0">
                <Hdcp id="0">
                  <Mode Min="0" Max="1">0</Mode>
                  <HdcpAuth Min="0" Max="1">0</HdcpAuth>
                </Hdcp>
                <EDIDIn id="0">
                  <BitDepth LegalValues="1 2 3">3</BitDepth>
                  <EdidStatus Min="0" Max="4">0</EdidStatus>
                  <VideoFormat id="0">
                    <Name>1920x1080p @59.94</Name>
                    <HFreq>67433</HFreq>
                    <HSync Min="1" Max="192">88</HSync>
                    <HActive Min="0" Max="2024">1920</HActive>
                    <HFP Min="0" Max="192">88</HFP>
                    <HTotal Min="2096" Max="8191">2200</HTotal>
                    <VFreq Min="20" Max="75">59.9401</VFreq>
                    <VSync Min="1" Max="41">5</VSync>
                    <VActive Min="0" Max="1116">1080</VActive>
                    <VFP Min="0" Max="40">4</VFP>
                    <VTotal Min="1089" Max="8191">1125</VTotal>
                    <PixelClk>148.352</PixelClk>
                    <HSP Min="78" Max="80">80</HSP>
                    <VSP Min="78" Max="80">80</VSP>
                    <AR Min="0" Max="1000">1.77778</AR>
                    <Interlaced>80</Interlaced>
                    <VFType Min="0" Max="0">8</VFType>
                    <VFEnum Min="0" Max="4700">2708</VFEnum>
                    <VFStdFrom Min="0" Max="4">4</VFStdFrom>
                    <VFStdNum>16</VFStdNum>
                  </VideoFormat>
                </EDIDIn>
              </HDMIIn>
              <VideoFormat id="0">
                <Name>Empty</Name>
                <HFreq>0</HFreq>
                <HSync Min="1" Max="1">1</HSync>
                <HActive Min="0" Max="0">0</HActive>
                <HFP Min="0" Max="0">0</HFP>
                <HTotal Min="1" Max="8191">1</HTotal>
                <VFreq Min="20" Max="75">20</VFreq>
                <VSync Min="1" Max="1">1</VSync>
                <VActive Min="0" Max="0">0</VActive>
                <VFP Min="0" Max="0">0</VFP>
                <VTotal Min="1" Max="8191">1</VTotal>
                <PixelClk>0</PixelClk>
                <HSP Min="78" Max="80">80</HSP>
                <VSP Min="78" Max="80">80</VSP>
                <AR Min="0" Max="1000">0</AR>
                <Interlaced>80</Interlaced>
                <VFType Min="0" Max="0">0</VFType>
                <VFEnum Min="0" Max="4700">0</VFEnum>
                <VFStdFrom Min="0" Max="4">0</VFStdFrom>
                <VFStdNum>0</VFStdNum>
              </VideoFormat>
            </In>
            <In id="1">
              <AutoAcqMode Min="0" Max="1">1</AutoAcqMode>
              <Capacity LegalValues="0 1 2 4">0</Capacity>
              <ColorSpace LegalValues="-1 0 1">0</ColorSpace>
              <ColorRange LegalValues="0 1">0</ColorRange>
              <Sync Min="0" Max="2">0</Sync>
              <DPIn id="0">
                <Hdcp id="0">
                  <Mode Min="0" Max="1">0</Mode>
                  <HdcpAuth Min="0" Max="1">0</HdcpAuth>
                </Hdcp>
                <EDIDIn id="0">
                  <BitDepth LegalValues="1 2 3">2</BitDepth>
                  <EdidStatus Min="0" Max="4">0</EdidStatus>
                  <VideoFormat id="0">
                    <Name>1920x1080p @59.94</Name>
                    <HFreq>67433</HFreq>
                    <HSync Min="1" Max="192">88</HSync>
                    <HActive Min="0" Max="2024">1920</HActive>
                    <HFP Min="0" Max="192">88</HFP>
                    <HTotal Min="2096" Max="8191">2200</HTotal>
                    <VFreq Min="20" Max="75">59.9401</VFreq>
                    <VSync Min="1" Max="41">5</VSync>
                    <VActive Min="0" Max="1116">1080</VActive>
                    <VFP Min="0" Max="40">4</VFP>
                    <VTotal Min="1089" Max="8191">1125</VTotal>
                    <PixelClk>148.352</PixelClk>
                    <HSP Min="78" Max="80">80</HSP>
                    <VSP Min="78" Max="80">80</VSP>
                    <AR Min="0" Max="1000">1.77778</AR>
                    <Interlaced>80</Interlaced>
                    <VFType Min="0" Max="0">8</VFType>
                    <VFEnum Min="0" Max="4700">2708</VFEnum>
                    <VFStdFrom Min="0" Max="4">4</VFStdFrom>
                    <VFStdNum>16</VFStdNum>
                  </VideoFormat>
                </EDIDIn>
              </DPIn>
              <DVIIn id="0">
                <Hdcp id="0">
                  <Mode Min="0" Max="1">0</Mode>
                  <HdcpAuth Min="0" Max="1">0</HdcpAuth>
                </Hdcp>
                <EDIDIn id="0">
                  <BitDepth LegalValues="1">1</BitDepth>
                  <EdidStatus Min="0" Max="4">0</EdidStatus>
                  <VideoFormat id="0">
                    <Name>1920x1080p @59.94</Name>
                    <HFreq>67433</HFreq>
                    <HSync Min="1" Max="192">88</HSync>
                    <HActive Min="0" Max="2024">1920</HActive>
                    <HFP Min="0" Max="192">88</HFP>
                    <HTotal Min="2096" Max="8191">2200</HTotal>
                    <VFreq Min="20" Max="75">59.9401</VFreq>
                    <VSync Min="1" Max="41">5</VSync>
                    <VActive Min="0" Max="1116">1080</VActive>
                    <VFP Min="0" Max="40">4</VFP>
                    <VTotal Min="1089" Max="8191">1125</VTotal>
                    <PixelClk>148.352</PixelClk>
                    <HSP Min="78" Max="80">80</HSP>
                    <VSP Min="78" Max="80">80</VSP>
                    <AR Min="0" Max="1000">1.77778</AR>
                    <Interlaced>80</Interlaced>
                    <VFType Min="0" Max="0">8</VFType>
                    <VFEnum Min="0" Max="4700">2708</VFEnum>
                    <VFStdFrom Min="0" Max="4">4</VFStdFrom>
                    <VFStdNum>16</VFStdNum>
                  </VideoFormat>
                </EDIDIn>
              </DVIIn>
              <SDIIn id="0">
                <Type3G LegalValues="0 1 2 3">2</Type3G>
              </SDIIn>
              <HDMIIn id="0">
                <Hdcp id="0">
                  <Mode Min="0" Max="1">0</Mode>
                  <HdcpAuth Min="0" Max="1">0</HdcpAuth>
                </Hdcp>
                <EDIDIn id="0">
                  <BitDepth LegalValues="1 2 3">3</BitDepth>
                  <EdidStatus Min="0" Max="4">0</EdidStatus>
                  <VideoFormat id="0">
                    <Name>1920x1080p @59.94</Name>
                    <HFreq>67433</HFreq>
                    <HSync Min="1" Max="192">88</HSync>
                    <HActive Min="0" Max="2024">1920</HActive>
                    <HFP Min="0" Max="192">88</HFP>
                    <HTotal Min="2096" Max="8191">2200</HTotal>
                    <VFreq Min="20" Max="75">59.9401</VFreq>
                    <VSync Min="1" Max="41">5</VSync>
                    <VActive Min="0" Max="1116">1080</VActive>
                    <VFP Min="0" Max="40">4</VFP>
                    <VTotal Min="1089" Max="8191">1125</VTotal>
                    <PixelClk>148.352</PixelClk>
                    <HSP Min="78" Max="80">80</HSP>
                    <VSP Min="78" Max="80">80</VSP>
                    <AR Min="0" Max="1000">1.77778</AR>
                    <Interlaced>80</Interlaced>
                    <VFType Min="0" Max="0">8</VFType>
                    <VFEnum Min="0" Max="4700">2708</VFEnum>
                    <VFStdFrom Min="0" Max="4">4</VFStdFrom>
                    <VFStdNum>16</VFStdNum>
                  </VideoFormat>
                </EDIDIn>
              </HDMIIn>
              <VideoFormat id="0">
                <Name>Empty</Name>
                <HFreq>0</HFreq>
                <HSync Min="1" Max="1">1</HSync>
                <HActive Min="0" Max="0">0</HActive>
                <HFP Min="0" Max="0">0</HFP>
                <HTotal Min="1" Max="8191">1</HTotal>
                <VFreq Min="20" Max="75">20</VFreq>
                <VSync Min="1" Max="1">1</VSync>
                <VActive Min="0" Max="0">0</VActive>
                <VFP Min="0" Max="0">0</VFP>
                <VTotal Min="1" Max="8191">1</VTotal>
                <PixelClk>0</PixelClk>
                <HSP Min="78" Max="80">80</HSP>
                <VSP Min="78" Max="80">80</VSP>
                <AR Min="0" Max="1000">0</AR>
                <Interlaced>80</Interlaced>
                <VFType Min="0" Max="0">0</VFType>
                <VFEnum Min="0" Max="4700">0</VFEnum>
                <VFStdFrom Min="0" Max="4">0</VFStdFrom>
                <VFStdNum>0</VFStdNum>
              </VideoFormat>
            </In>
            <In id="2">
              <AutoAcqMode Min="0" Max="1">1</AutoAcqMode>
              <Capacity LegalValues="0 1 2 4">0</Capacity>
              <ColorSpace LegalValues="-1 0 1">0</ColorSpace>
              <ColorRange LegalValues="0 1">0</ColorRange>
              <Sync Min="0" Max="2">0</Sync>
              <DPIn id="0">
                <Hdcp id="0">
                  <Mode Min="0" Max="1">0</Mode>
                  <HdcpAuth Min="0" Max="1">0</HdcpAuth>
                </Hdcp>
                <EDIDIn id="0">
                  <BitDepth LegalValues="1 2 3">2</BitDepth>
                  <EdidStatus Min="0" Max="4">0</EdidStatus>
                  <VideoFormat id="0">
                    <Name>1920x1080p @59.94</Name>
                    <HFreq>67433</HFreq>
                    <HSync Min="1" Max="192">88</HSync>
                    <HActive Min="0" Max="2024">1920</HActive>
                    <HFP Min="0" Max="192">88</HFP>
                    <HTotal Min="2096" Max="8191">2200</HTotal>
                    <VFreq Min="20" Max="75">59.9401</VFreq>
                    <VSync Min="1" Max="41">5</VSync>
                    <VActive Min="0" Max="1116">1080</VActive>
                    <VFP Min="0" Max="40">4</VFP>
                    <VTotal Min="1089" Max="8191">1125</VTotal>
                    <PixelClk>148.352</PixelClk>
                    <HSP Min="78" Max="80">80</HSP>
                    <VSP Min="78" Max="80">80</VSP>
                    <AR Min="0" Max="1000">1.77778</AR>
                    <Interlaced>80</Interlaced>
                    <VFType Min="0" Max="0">8</VFType>
                    <VFEnum Min="0" Max="4700">2708</VFEnum>
                    <VFStdFrom Min="0" Max="4">4</VFStdFrom>
                    <VFStdNum>16</VFStdNum>
                  </VideoFormat>
                </EDIDIn>
              </DPIn>
              <DVIIn id="0">
                <Hdcp id="0">
                  <Mode Min="0" Max="1">0</Mode>
                  <HdcpAuth Min="0" Max="1">0</HdcpAuth>
                </Hdcp>
                <EDIDIn id="0">
                  <BitDepth LegalValues="1">1</BitDepth>
                  <EdidStatus Min="0" Max="4">0</EdidStatus>
                  <VideoFormat id="0">
                    <Name>1920x1080p @59.94</Name>
                    <HFreq>67433</HFreq>
                    <HSync Min="1" Max="192">88</HSync>
                    <HActive Min="0" Max="2024">1920</HActive>
                    <HFP Min="0" Max="192">88</HFP>
                    <HTotal Min="2096" Max="8191">2200</HTotal>
                    <VFreq Min="20" Max="75">59.9401</VFreq>
                    <VSync Min="1" Max="41">5</VSync>
                    <VActive Min="0" Max="1116">1080</VActive>
                    <VFP Min="0" Max="40">4</VFP>
                    <VTotal Min="1089" Max="8191">1125</VTotal>
                    <PixelClk>148.352</PixelClk>
                    <HSP Min="78" Max="80">80</HSP>
                    <VSP Min="78" Max="80">80</VSP>
                    <AR Min="0" Max="1000">1.77778</AR>
                    <Interlaced>80</Interlaced>
                    <VFType Min="0" Max="0">8</VFType>
                    <VFEnum Min="0" Max="4700">2708</VFEnum>
                    <VFStdFrom Min="0" Max="4">4</VFStdFrom>
                    <VFStdNum>16</VFStdNum>
                  </VideoFormat>
                </EDIDIn>
              </DVIIn>
              <SDIIn id="0">
                <Type3G LegalValues="0 1 2 3">2</Type3G>
              </SDIIn>
              <HDMIIn id="0">
                <Hdcp id="0">
                  <Mode Min="0" Max="1">0</Mode>
                  <HdcpAuth Min="0" Max="1">0</HdcpAuth>
                </Hdcp>
                <EDIDIn id="0">
                  <BitDepth LegalValues="1 2 3">3</BitDepth>
                  <EdidStatus Min="0" Max="4">0</EdidStatus>
                  <VideoFormat id="0">
                    <Name>1920x1080p @59.94</Name>
                    <HFreq>67433</HFreq>
                    <HSync Min="1" Max="192">88</HSync>
                    <HActive Min="0" Max="2024">1920</HActive>
                    <HFP Min="0" Max="192">88</HFP>
                    <HTotal Min="2096" Max="8191">2200</HTotal>
                    <VFreq Min="20" Max="75">59.9401</VFreq>
                    <VSync Min="1" Max="41">5</VSync>
                    <VActive Min="0" Max="1116">1080</VActive>
                    <VFP Min="0" Max="40">4</VFP>
                    <VTotal Min="1089" Max="8191">1125</VTotal>
                    <PixelClk>148.352</PixelClk>
                    <HSP Min="78" Max="80">80</HSP>
                    <VSP Min="78" Max="80">80</VSP>
                    <AR Min="0" Max="1000">1.77778</AR>
                    <Interlaced>80</Interlaced>
                    <VFType Min="0" Max="0">8</VFType>
                    <VFEnum Min="0" Max="4700">2708</VFEnum>
                    <VFStdFrom Min="0" Max="4">4</VFStdFrom>
                    <VFStdNum>16</VFStdNum>
                  </VideoFormat>
                </EDIDIn>
              </HDMIIn>
              <VideoFormat id="0">
                <Name>Empty</Name>
                <HFreq>0</HFreq>
                <HSync Min="1" Max="1">1</HSync>
                <HActive Min="0" Max="0">0</HActive>
                <HFP Min="0" Max="0">0</HFP>
                <HTotal Min="1" Max="8191">1</HTotal>
                <VFreq Min="20" Max="75">20</VFreq>
                <VSync Min="1" Max="1">1</VSync>
                <VActive Min="0" Max="0">0</VActive>
                <VFP Min="0" Max="0">0</VFP>
                <VTotal Min="1" Max="8191">1</VTotal>
                <PixelClk>0</PixelClk>
                <HSP Min="78" Max="80">80</HSP>
                <VSP Min="78" Max="80">80</VSP>
                <AR Min="0" Max="1000">0</AR>
                <Interlaced>80</Interlaced>
                <VFType Min="0" Max="0">0</VFType>
                <VFEnum Min="0" Max="4700">0</VFEnum>
                <VFStdFrom Min="0" Max="4">0</VFStdFrom>
                <VFStdNum>0</VFStdNum>
              </VideoFormat>
            </In>
            <In id="3">
              <AutoAcqMode Min="0" Max="1">1</AutoAcqMode>
              <Capacity LegalValues="0 1 2 4">0</Capacity>
              <ColorSpace LegalValues="-1 0 1">0</ColorSpace>
              <ColorRange LegalValues="0 1">0</ColorRange>
              <Sync Min="0" Max="2">0</Sync>
              <DPIn id="0">
                <Hdcp id="0">
                  <Mode Min="0" Max="1">0</Mode>
                  <HdcpAuth Min="0" Max="1">0</HdcpAuth>
                </Hdcp>
                <EDIDIn id="0">
                  <BitDepth LegalValues="1 2 3">2</BitDepth>
                  <EdidStatus Min="0" Max="4">0</EdidStatus>
                  <VideoFormat id="0">
                    <Name>1920x1080p @59.94</Name>
                    <HFreq>67433</HFreq>
                    <HSync Min="1" Max="192">88</HSync>
                    <HActive Min="0" Max="2024">1920</HActive>
                    <HFP Min="0" Max="192">88</HFP>
                    <HTotal Min="2096" Max="8191">2200</HTotal>
                    <VFreq Min="20" Max="75">59.9401</VFreq>
                    <VSync Min="1" Max="41">5</VSync>
                    <VActive Min="0" Max="1116">1080</VActive>
                    <VFP Min="0" Max="40">4</VFP>
                    <VTotal Min="1089" Max="8191">1125</VTotal>
                    <PixelClk>148.352</PixelClk>
                    <HSP Min="78" Max="80">80</HSP>
                    <VSP Min="78" Max="80">80</VSP>
                    <AR Min="0" Max="1000">1.77778</AR>
                    <Interlaced>80</Interlaced>
                    <VFType Min="0" Max="0">8</VFType>
                    <VFEnum Min="0" Max="4700">2708</VFEnum>
                    <VFStdFrom Min="0" Max="4">4</VFStdFrom>
                    <VFStdNum>16</VFStdNum>
                  </VideoFormat>
                </EDIDIn>
              </DPIn>
              <DVIIn id="0">
                <Hdcp id="0">
                  <Mode Min="0" Max="1">0</Mode>
                  <HdcpAuth Min="0" Max="1">0</HdcpAuth>
                </Hdcp>
                <EDIDIn id="0">
                  <BitDepth LegalValues="1">1</BitDepth>
                  <EdidStatus Min="0" Max="4">0</EdidStatus>
                  <VideoFormat id="0">
                    <Name>1920x1080p @59.94</Name>
                    <HFreq>67433</HFreq>
                    <HSync Min="1" Max="192">88</HSync>
                    <HActive Min="0" Max="2024">1920</HActive>
                    <HFP Min="0" Max="192">88</HFP>
                    <HTotal Min="2096" Max="8191">2200</HTotal>
                    <VFreq Min="20" Max="75">59.9401</VFreq>
                    <VSync Min="1" Max="41">5</VSync>
                    <VActive Min="0" Max="1116">1080</VActive>
                    <VFP Min="0" Max="40">4</VFP>
                    <VTotal Min="1089" Max="8191">1125</VTotal>
                    <PixelClk>148.352</PixelClk>
                    <HSP Min="78" Max="80">80</HSP>
                    <VSP Min="78" Max="80">80</VSP>
                    <AR Min="0" Max="1000">1.77778</AR>
                    <Interlaced>80</Interlaced>
                    <VFType Min="0" Max="0">8</VFType>
                    <VFEnum Min="0" Max="4700">2708</VFEnum>
                    <VFStdFrom Min="0" Max="4">4</VFStdFrom>
                    <VFStdNum>16</VFStdNum>
                  </VideoFormat>
                </EDIDIn>
              </DVIIn>
              <SDIIn id="0">
                <Type3G LegalValues="0 1 2 3">2</Type3G>
              </SDIIn>
              <HDMIIn id="0">
                <Hdcp id="0">
                  <Mode Min="0" Max="1">0</Mode>
                  <HdcpAuth Min="0" Max="1">0</HdcpAuth>
                </Hdcp>
                <EDIDIn id="0">
                  <BitDepth LegalValues="1 2 3">3</BitDepth>
                  <EdidStatus Min="0" Max="4">0</EdidStatus>
                  <VideoFormat id="0">
                    <Name>1920x1080p @59.94</Name>
                    <HFreq>67433</HFreq>
                    <HSync Min="1" Max="192">88</HSync>
                    <HActive Min="0" Max="2024">1920</HActive>
                    <HFP Min="0" Max="192">88</HFP>
                    <HTotal Min="2096" Max="8191">2200</HTotal>
                    <VFreq Min="20" Max="75">59.9401</VFreq>
                    <VSync Min="1" Max="41">5</VSync>
                    <VActive Min="0" Max="1116">1080</VActive>
                    <VFP Min="0" Max="40">4</VFP>
                    <VTotal Min="1089" Max="8191">1125</VTotal>
                    <PixelClk>148.352</PixelClk>
                    <HSP Min="78" Max="80">80</HSP>
                    <VSP Min="78" Max="80">80</VSP>
                    <AR Min="0" Max="1000">1.77778</AR>
                    <Interlaced>80</Interlaced>
                    <VFType Min="0" Max="0">8</VFType>
                    <VFEnum Min="0" Max="4700">2708</VFEnum>
                    <VFStdFrom Min="0" Max="4">4</VFStdFrom>
                    <VFStdNum>16</VFStdNum>
                  </VideoFormat>
                </EDIDIn>
              </HDMIIn>
              <VideoFormat id="0">
                <Name>Empty</Name>
                <HFreq>0</HFreq>
                <HSync Min="1" Max="1">1</HSync>
                <HActive Min="0" Max="0">0</HActive>
                <HFP Min="0" Max="0">0</HFP>
                <HTotal Min="1" Max="8191">1</HTotal>
                <VFreq Min="20" Max="75">20</VFreq>
                <VSync Min="1" Max="1">1</VSync>
                <VActive Min="0" Max="0">0</VActive>
                <VFP Min="0" Max="0">0</VFP>
                <VTotal Min="1" Max="8191">1</VTotal>
                <PixelClk>0</PixelClk>
                <HSP Min="78" Max="80">80</HSP>
                <VSP Min="78" Max="80">80</VSP>
                <AR Min="0" Max="1000">0</AR>
                <Interlaced>80</Interlaced>
                <VFType Min="0" Max="0">0</VFType>
                <VFEnum Min="0" Max="4700">0</VFEnum>
                <VFStdFrom Min="0" Max="4">0</VFStdFrom>
                <VFStdNum>0</VFStdNum>
              </VideoFormat>
            </In>
          </CardIn>
          <CardExp id="0">
            <LinkConnector id="0">
              <Mode Min="0" Max="1">0</Mode>
              <IP>192.168.000.201</IP>
              <MacAddress>aa:aa:aa:aa:aa:aa</MacAddress>
              <Connected Min="0" Max="1">0</Connected>
              <ConnectorIndex Min="-1" Max="3">-1</ConnectorIndex>
              <SlotIndex Min="-1" Max="22">-1</SlotIndex>
            </LinkConnector>
            <LinkConnector id="1">
              <Mode Min="0" Max="1">0</Mode>
              <IP>192.168.000.201</IP>
              <MacAddress>aa:aa:aa:aa:aa:aa</MacAddress>
              <Connected Min="0" Max="1">0</Connected>
              <ConnectorIndex Min="-1" Max="3">-1</ConnectorIndex>
              <SlotIndex Min="-1" Max="22">-1</SlotIndex>
            </LinkConnector>
          </CardExp>
          <CardOut id="0">
            <NumOfChan Min="0" Max="4">4</NumOfChan>
            <CapacityStatus Min="0" Max="1">0</CapacityStatus>
            <Out id="0">
              <Capacity LegalValues="0 1 2 4">1</Capacity>
              <DPOut id="0">
                <HdcpAuth Min="0" Max="1">0</HdcpAuth>
                <EDIDOut id="0">
                  <EDIDValid Min="0" Max="1">0</EDIDValid>
                  <SupportHdmi Min="0" Max="1">0</SupportHdmi>
                  <SupportRGB Min="0" Max="1">1</SupportRGB>
                  <SupportSMPTE Min="0" Max="1">1</SupportSMPTE>
                  <Support444 Min="0" Max="1">1</Support444>
                  <Support422 Min="0" Max="1">1</Support422>
                  <BitDepth48 Min="0" Max="1">1</BitDepth48>
                  <BitDepth36 Min="0" Max="1">1</BitDepth36>
                  <BitDepth30 Min="0" Max="1">1</BitDepth30>
                  <BitDepth LegalValues="0 1 2 3 4 5">1</BitDepth>
                  <MaxTmds Min="0" Max="255">0</MaxTmds>
                  <VideoFormat id="0">
                    <Name>Empty</Name>
                    <HFreq>0</HFreq>
                    <HSync Min="1" Max="1">1</HSync>
                    <HActive Min="0" Max="0">0</HActive>
                    <HFP Min="0" Max="0">0</HFP>
                    <HTotal Min="1" Max="8191">1</HTotal>
                    <VFreq Min="20" Max="75">20</VFreq>
                    <VSync Min="1" Max="1">1</VSync>
                    <VActive Min="0" Max="0">0</VActive>
                    <VFP Min="0" Max="0">0</VFP>
                    <VTotal Min="1" Max="8191">1</VTotal>
                    <PixelClk>0</PixelClk>
                    <HSP Min="78" Max="80">80</HSP>
                    <VSP Min="78" Max="80">80</VSP>
                    <AR Min="0" Max="1000">0</AR>
                    <Interlaced>80</Interlaced>
                    <VFType Min="0" Max="0">0</VFType>
                    <VFEnum Min="0" Max="4700">0</VFEnum>
                    <VFStdFrom Min="0" Max="4">0</VFStdFrom>
                    <VFStdNum>0</VFStdNum>
                  </VideoFormat>
                </EDIDOut>
              </DPOut>
              <DVIOut id="0">
                <HdcpAuth Min="0" Max="1">0</HdcpAuth>
                <EDIDOut id="0">
                  <EDIDValid Min="0" Max="1">0</EDIDValid>
                  <SupportHdmi Min="0" Max="1">0</SupportHdmi>
                  <SupportRGB Min="0" Max="1">1</SupportRGB>
                  <SupportSMPTE Min="0" Max="1">1</SupportSMPTE>
                  <Support444 Min="0" Max="1">1</Support444>
                  <Support422 Min="0" Max="1">1</Support422>
                  <BitDepth48 Min="0" Max="1">1</BitDepth48>
                  <BitDepth36 Min="0" Max="1">1</BitDepth36>
                  <BitDepth30 Min="0" Max="1">1</BitDepth30>
                  <BitDepth LegalValues="0 1 2 3 4 5">1</BitDepth>
                  <MaxTmds Min="0" Max="255">0</MaxTmds>
                  <VideoFormat id="0">
                    <Name>Empty</Name>
                    <HFreq>0</HFreq>
                    <HSync Min="1" Max="1">1</HSync>
                    <HActive Min="0" Max="0">0</HActive>
                    <HFP Min="0" Max="0">0</HFP>
                    <HTotal Min="1" Max="8191">1</HTotal>
                    <VFreq Min="20" Max="75">20</VFreq>
                    <VSync Min="1" Max="1">1</VSync>
                    <VActive Min="0" Max="0">0</VActive>
                    <VFP Min="0" Max="0">0</VFP>
                    <VTotal Min="1" Max="8191">1</VTotal>
                    <PixelClk>0</PixelClk>
                    <HSP Min="78" Max="80">80</HSP>
                    <VSP Min="78" Max="80">80</VSP>
                    <AR Min="0" Max="1000">0</AR>
                    <Interlaced>80</Interlaced>
                    <VFType Min="0" Max="0">0</VFType>
                    <VFEnum Min="0" Max="4700">0</VFEnum>
                    <VFStdFrom Min="0" Max="4">0</VFStdFrom>
                    <VFStdNum>0</VFStdNum>
                  </VideoFormat>
                </EDIDOut>
              </DVIOut>
              <SDIOut id="0">
                <Type3G LegalValues="0 1 2 3">2</Type3G>
              </SDIOut>
              <HDMIOutput id="0">
                <HdcpAuth Min="0" Max="1">0</HdcpAuth>
                <SinkType Min="0" Max="1">1</SinkType>
                <EDIDOut id="0">
                  <EDIDValid Min="0" Max="1">0</EDIDValid>
                  <SupportHdmi Min="0" Max="1">0</SupportHdmi>
                  <SupportRGB Min="0" Max="1">1</SupportRGB>
                  <SupportSMPTE Min="0" Max="1">1</SupportSMPTE>
                  <Support444 Min="0" Max="1">1</Support444>
                  <Support422 Min="0" Max="1">1</Support422>
                  <BitDepth48 Min="0" Max="1">1</BitDepth48>
                  <BitDepth36 Min="0" Max="1">1</BitDepth36>
                  <BitDepth30 Min="0" Max="1">1</BitDepth30>
                  <BitDepth LegalValues="0 1 2 3 4 5">1</BitDepth>
                  <MaxTmds Min="0" Max="255">0</MaxTmds>
                  <VideoFormat id="0">
                    <Name>Empty</Name>
                    <HFreq>0</HFreq>
                    <HSync Min="1" Max="1">1</HSync>
                    <HActive Min="0" Max="0">0</HActive>
                    <HFP Min="0" Max="0">0</HFP>
                    <HTotal Min="1" Max="8191">1</HTotal>
                    <VFreq Min="20" Max="75">20</VFreq>
                    <VSync Min="1" Max="1">1</VSync>
                    <VActive Min="0" Max="0">0</VActive>
                    <VFP Min="0" Max="0">0</VFP>
                    <VTotal Min="1" Max="8191">1</VTotal>
                    <PixelClk>0</PixelClk>
                    <HSP Min="78" Max="80">80</HSP>
                    <VSP Min="78" Max="80">80</VSP>
                    <AR Min="0" Max="1000">0</AR>
                    <Interlaced>80</Interlaced>
                    <VFType Min="0" Max="0">0</VFType>
                    <VFEnum Min="0" Max="4700">0</VFEnum>
                    <VFStdFrom Min="0" Max="4">0</VFStdFrom>
                    <VFStdNum>0</VFStdNum>
                  </VideoFormat>
                </EDIDOut>
              </HDMIOutput>
            </Out>
            <Out id="1">
              <Capacity LegalValues="0 1 2 4">1</Capacity>
              <DPOut id="0">
                <HdcpAuth Min="0" Max="1">0</HdcpAuth>
                <EDIDOut id="0">
                  <EDIDValid Min="0" Max="1">0</EDIDValid>
                  <SupportHdmi Min="0" Max="1">0</SupportHdmi>
                  <SupportRGB Min="0" Max="1">1</SupportRGB>
                  <SupportSMPTE Min="0" Max="1">1</SupportSMPTE>
                  <Support444 Min="0" Max="1">1</Support444>
                  <Support422 Min="0" Max="1">1</Support422>
                  <BitDepth48 Min="0" Max="1">1</BitDepth48>
                  <BitDepth36 Min="0" Max="1">1</BitDepth36>
                  <BitDepth30 Min="0" Max="1">1</BitDepth30>
                  <BitDepth LegalValues="0 1 2 3 4 5">1</BitDepth>
                  <MaxTmds Min="0" Max="255">0</MaxTmds>
                  <VideoFormat id="0">
                    <Name>Empty</Name>
                    <HFreq>0</HFreq>
                    <HSync Min="1" Max="1">1</HSync>
                    <HActive Min="0" Max="0">0</HActive>
                    <HFP Min="0" Max="0">0</HFP>
                    <HTotal Min="1" Max="8191">1</HTotal>
                    <VFreq Min="20" Max="75">20</VFreq>
                    <VSync Min="1" Max="1">1</VSync>
                    <VActive Min="0" Max="0">0</VActive>
                    <VFP Min="0" Max="0">0</VFP>
                    <VTotal Min="1" Max="8191">1</VTotal>
                    <PixelClk>0</PixelClk>
                    <HSP Min="78" Max="80">80</HSP>
                    <VSP Min="78" Max="80">80</VSP>
                    <AR Min="0" Max="1000">0</AR>
                    <Interlaced>80</Interlaced>
                    <VFType Min="0" Max="0">0</VFType>
                    <VFEnum Min="0" Max="4700">0</VFEnum>
                    <VFStdFrom Min="0" Max="4">0</VFStdFrom>
                    <VFStdNum>0</VFStdNum>
                  </VideoFormat>
                </EDIDOut>
              </DPOut>
              <DVIOut id="0">
                <HdcpAuth Min="0" Max="1">0</HdcpAuth>
                <EDIDOut id="0">
                  <EDIDValid Min="0" Max="1">0</EDIDValid>
                  <SupportHdmi Min="0" Max="1">0</SupportHdmi>
                  <SupportRGB Min="0" Max="1">1</SupportRGB>
                  <SupportSMPTE Min="0" Max="1">1</SupportSMPTE>
                  <Support444 Min="0" Max="1">1</Support444>
                  <Support422 Min="0" Max="1">1</Support422>
                  <BitDepth48 Min="0" Max="1">1</BitDepth48>
                  <BitDepth36 Min="0" Max="1">1</BitDepth36>
                  <BitDepth30 Min="0" Max="1">1</BitDepth30>
                  <BitDepth LegalValues="0 1 2 3 4 5">1</BitDepth>
                  <MaxTmds Min="0" Max="255">0</MaxTmds>
                  <VideoFormat id="0">
                    <Name>Empty</Name>
                    <HFreq>0</HFreq>
                    <HSync Min="1" Max="1">1</HSync>
                    <HActive Min="0" Max="0">0</HActive>
                    <HFP Min="0" Max="0">0</HFP>
                    <HTotal Min="1" Max="8191">1</HTotal>
                    <VFreq Min="20" Max="75">20</VFreq>
                    <VSync Min="1" Max="1">1</VSync>
                    <VActive Min="0" Max="0">0</VActive>
                    <VFP Min="0" Max="0">0</VFP>
                    <VTotal Min="1" Max="8191">1</VTotal>
                    <PixelClk>0</PixelClk>
                    <HSP Min="78" Max="80">80</HSP>
                    <VSP Min="78" Max="80">80</VSP>
                    <AR Min="0" Max="1000">0</AR>
                    <Interlaced>80</Interlaced>
                    <VFType Min="0" Max="0">0</VFType>
                    <VFEnum Min="0" Max="4700">0</VFEnum>
                    <VFStdFrom Min="0" Max="4">0</VFStdFrom>
                    <VFStdNum>0</VFStdNum>
                  </VideoFormat>
                </EDIDOut>
              </DVIOut>
              <SDIOut id="0">
                <Type3G LegalValues="0 1 2 3">2</Type3G>
              </SDIOut>
              <HDMIOutput id="0">
                <HdcpAuth Min="0" Max="1">0</HdcpAuth>
                <SinkType Min="0" Max="1">1</SinkType>
                <EDIDOut id="0">
                  <EDIDValid Min="0" Max="1">0</EDIDValid>
                  <SupportHdmi Min="0" Max="1">0</SupportHdmi>
                  <SupportRGB Min="0" Max="1">1</SupportRGB>
                  <SupportSMPTE Min="0" Max="1">1</SupportSMPTE>
                  <Support444 Min="0" Max="1">1</Support444>
                  <Support422 Min="0" Max="1">1</Support422>
                  <BitDepth48 Min="0" Max="1">1</BitDepth48>
                  <BitDepth36 Min="0" Max="1">1</BitDepth36>
                  <BitDepth30 Min="0" Max="1">1</BitDepth30>
                  <BitDepth LegalValues="0 1 2 3 4 5">1</BitDepth>
                  <MaxTmds Min="0" Max="255">0</MaxTmds>
                  <VideoFormat id="0">
                    <Name>Empty</Name>
                    <HFreq>0</HFreq>
                    <HSync Min="1" Max="1">1</HSync>
                    <HActive Min="0" Max="0">0</HActive>
                    <HFP Min="0" Max="0">0</HFP>
                    <HTotal Min="1" Max="8191">1</HTotal>
                    <VFreq Min="20" Max="75">20</VFreq>
                    <VSync Min="1" Max="1">1</VSync>
                    <VActive Min="0" Max="0">0</VActive>
                    <VFP Min="0" Max="0">0</VFP>
                    <VTotal Min="1" Max="8191">1</VTotal>
                    <PixelClk>0</PixelClk>
                    <HSP Min="78" Max="80">80</HSP>
                    <VSP Min="78" Max="80">80</VSP>
                    <AR Min="0" Max="1000">0</AR>
                    <Interlaced>80</Interlaced>
                    <VFType Min="0" Max="0">0</VFType>
                    <VFEnum Min="0" Max="4700">0</VFEnum>
                    <VFStdFrom Min="0" Max="4">0</VFStdFrom>
                    <VFStdNum>0</VFStdNum>
                  </VideoFormat>
                </EDIDOut>
              </HDMIOutput>
            </Out>
            <Out id="2">
              <Capacity LegalValues="0 1 2 4">1</Capacity>
              <DPOut id="0">
                <HdcpAuth Min="0" Max="1">0</HdcpAuth>
                <EDIDOut id="0">
                  <EDIDValid Min="0" Max="1">0</EDIDValid>
                  <SupportHdmi Min="0" Max="1">0</SupportHdmi>
                  <SupportRGB Min="0" Max="1">1</SupportRGB>
                  <SupportSMPTE Min="0" Max="1">1</SupportSMPTE>
                  <Support444 Min="0" Max="1">1</Support444>
                  <Support422 Min="0" Max="1">1</Support422>
                  <BitDepth48 Min="0" Max="1">1</BitDepth48>
                  <BitDepth36 Min="0" Max="1">1</BitDepth36>
                  <BitDepth30 Min="0" Max="1">1</BitDepth30>
                  <BitDepth LegalValues="0 1 2 3 4 5">1</BitDepth>
                  <MaxTmds Min="0" Max="255">0</MaxTmds>
                  <VideoFormat id="0">
                    <Name>Empty</Name>
                    <HFreq>0</HFreq>
                    <HSync Min="1" Max="1">1</HSync>
                    <HActive Min="0" Max="0">0</HActive>
                    <HFP Min="0" Max="0">0</HFP>
                    <HTotal Min="1" Max="8191">1</HTotal>
                    <VFreq Min="20" Max="75">20</VFreq>
                    <VSync Min="1" Max="1">1</VSync>
                    <VActive Min="0" Max="0">0</VActive>
                    <VFP Min="0" Max="0">0</VFP>
                    <VTotal Min="1" Max="8191">1</VTotal>
                    <PixelClk>0</PixelClk>
                    <HSP Min="78" Max="80">80</HSP>
                    <VSP Min="78" Max="80">80</VSP>
                    <AR Min="0" Max="1000">0</AR>
                    <Interlaced>80</Interlaced>
                    <VFType Min="0" Max="0">0</VFType>
                    <VFEnum Min="0" Max="4700">0</VFEnum>
                    <VFStdFrom Min="0" Max="4">0</VFStdFrom>
                    <VFStdNum>0</VFStdNum>
                  </VideoFormat>
                </EDIDOut>
              </DPOut>
              <DVIOut id="0">
                <HdcpAuth Min="0" Max="1">0</HdcpAuth>
                <EDIDOut id="0">
                  <EDIDValid Min="0" Max="1">0</EDIDValid>
                  <SupportHdmi Min="0" Max="1">0</SupportHdmi>
                  <SupportRGB Min="0" Max="1">1</SupportRGB>
                  <SupportSMPTE Min="0" Max="1">1</SupportSMPTE>
                  <Support444 Min="0" Max="1">1</Support444>
                  <Support422 Min="0" Max="1">1</Support422>
                  <BitDepth48 Min="0" Max="1">1</BitDepth48>
                  <BitDepth36 Min="0" Max="1">1</BitDepth36>
                  <BitDepth30 Min="0" Max="1">1</BitDepth30>
                  <BitDepth LegalValues="0 1 2 3 4 5">1</BitDepth>
                  <MaxTmds Min="0" Max="255">0</MaxTmds>
                  <VideoFormat id="0">
                    <Name>Empty</Name>
                    <HFreq>0</HFreq>
                    <HSync Min="1" Max="1">1</HSync>
                    <HActive Min="0" Max="0">0</HActive>
                    <HFP Min="0" Max="0">0</HFP>
                    <HTotal Min="1" Max="8191">1</HTotal>
                    <VFreq Min="20" Max="75">20</VFreq>
                    <VSync Min="1" Max="1">1</VSync>
                    <VActive Min="0" Max="0">0</VActive>
                    <VFP Min="0" Max="0">0</VFP>
                    <VTotal Min="1" Max="8191">1</VTotal>
                    <PixelClk>0</PixelClk>
                    <HSP Min="78" Max="80">80</HSP>
                    <VSP Min="78" Max="80">80</VSP>
                    <AR Min="0" Max="1000">0</AR>
                    <Interlaced>80</Interlaced>
                    <VFType Min="0" Max="0">0</VFType>
                    <VFEnum Min="0" Max="4700">0</VFEnum>
                    <VFStdFrom Min="0" Max="4">0</VFStdFrom>
                    <VFStdNum>0</VFStdNum>
                  </VideoFormat>
                </EDIDOut>
              </DVIOut>
              <SDIOut id="0">
                <Type3G LegalValues="0 1 2 3">2</Type3G>
              </SDIOut>
              <HDMIOutput id="0">
                <HdcpAuth Min="0" Max="1">0</HdcpAuth>
                <SinkType Min="0" Max="1">1</SinkType>
                <EDIDOut id="0">
                  <EDIDValid Min="0" Max="1">0</EDIDValid>
                  <SupportHdmi Min="0" Max="1">0</SupportHdmi>
                  <SupportRGB Min="0" Max="1">1</SupportRGB>
                  <SupportSMPTE Min="0" Max="1">1</SupportSMPTE>
                  <Support444 Min="0" Max="1">1</Support444>
                  <Support422 Min="0" Max="1">1</Support422>
                  <BitDepth48 Min="0" Max="1">1</BitDepth48>
                  <BitDepth36 Min="0" Max="1">1</BitDepth36>
                  <BitDepth30 Min="0" Max="1">1</BitDepth30>
                  <BitDepth LegalValues="0 1 2 3 4 5">1</BitDepth>
                  <MaxTmds Min="0" Max="255">0</MaxTmds>
                  <VideoFormat id="0">
                    <Name>Empty</Name>
                    <HFreq>0</HFreq>
                    <HSync Min="1" Max="1">1</HSync>
                    <HActive Min="0" Max="0">0</HActive>
                    <HFP Min="0" Max="0">0</HFP>
                    <HTotal Min="1" Max="8191">1</HTotal>
                    <VFreq Min="20" Max="75">20</VFreq>
                    <VSync Min="1" Max="1">1</VSync>
                    <VActive Min="0" Max="0">0</VActive>
                    <VFP Min="0" Max="0">0</VFP>
                    <VTotal Min="1" Max="8191">1</VTotal>
                    <PixelClk>0</PixelClk>
                    <HSP Min="78" Max="80">80</HSP>
                    <VSP Min="78" Max="80">80</VSP>
                    <AR Min="0" Max="1000">0</AR>
                    <Interlaced>80</Interlaced>
                    <VFType Min="0" Max="0">0</VFType>
                    <VFEnum Min="0" Max="4700">0</VFEnum>
                    <VFStdFrom Min="0" Max="4">0</VFStdFrom>
                    <VFStdNum>0</VFStdNum>
                  </VideoFormat>
                </EDIDOut>
              </HDMIOutput>
            </Out>
            <Out id="3">
              <Capacity LegalValues="0 1 2 4">1</Capacity>
              <DPOut id="0">
                <HdcpAuth Min="0" Max="1">0</HdcpAuth>
                <EDIDOut id="0">
                  <EDIDValid Min="0" Max="1">0</EDIDValid>
                  <SupportHdmi Min="0" Max="1">0</SupportHdmi>
                  <SupportRGB Min="0" Max="1">1</SupportRGB>
                  <SupportSMPTE Min="0" Max="1">1</SupportSMPTE>
                  <Support444 Min="0" Max="1">1</Support444>
                  <Support422 Min="0" Max="1">1</Support422>
                  <BitDepth48 Min="0" Max="1">1</BitDepth48>
                  <BitDepth36 Min="0" Max="1">1</BitDepth36>
                  <BitDepth30 Min="0" Max="1">1</BitDepth30>
                  <BitDepth LegalValues="0 1 2 3 4 5">1</BitDepth>
                  <MaxTmds Min="0" Max="255">0</MaxTmds>
                  <VideoFormat id="0">
                    <Name>Empty</Name>
                    <HFreq>0</HFreq>
                    <HSync Min="1" Max="1">1</HSync>
                    <HActive Min="0" Max="0">0</HActive>
                    <HFP Min="0" Max="0">0</HFP>
                    <HTotal Min="1" Max="8191">1</HTotal>
                    <VFreq Min="20" Max="75">20</VFreq>
                    <VSync Min="1" Max="1">1</VSync>
                    <VActive Min="0" Max="0">0</VActive>
                    <VFP Min="0" Max="0">0</VFP>
                    <VTotal Min="1" Max="8191">1</VTotal>
                    <PixelClk>0</PixelClk>
                    <HSP Min="78" Max="80">80</HSP>
                    <VSP Min="78" Max="80">80</VSP>
                    <AR Min="0" Max="1000">0</AR>
                    <Interlaced>80</Interlaced>
                    <VFType Min="0" Max="0">0</VFType>
                    <VFEnum Min="0" Max="4700">0</VFEnum>
                    <VFStdFrom Min="0" Max="4">0</VFStdFrom>
                    <VFStdNum>0</VFStdNum>
                  </VideoFormat>
                </EDIDOut>
              </DPOut>
              <DVIOut id="0">
                <HdcpAuth Min="0" Max="1">0</HdcpAuth>
                <EDIDOut id="0">
                  <EDIDValid Min="0" Max="1">0</EDIDValid>
                  <SupportHdmi Min="0" Max="1">0</SupportHdmi>
                  <SupportRGB Min="0" Max="1">1</SupportRGB>
                  <SupportSMPTE Min="0" Max="1">1</SupportSMPTE>
                  <Support444 Min="0" Max="1">1</Support444>
                  <Support422 Min="0" Max="1">1</Support422>
                  <BitDepth48 Min="0" Max="1">1</BitDepth48>
                  <BitDepth36 Min="0" Max="1">1</BitDepth36>
                  <BitDepth30 Min="0" Max="1">1</BitDepth30>
                  <BitDepth LegalValues="0 1 2 3 4 5">1</BitDepth>
                  <MaxTmds Min="0" Max="255">0</MaxTmds>
                  <VideoFormat id="0">
                    <Name>Empty</Name>
                    <HFreq>0</HFreq>
                    <HSync Min="1" Max="1">1</HSync>
                    <HActive Min="0" Max="0">0</HActive>
                    <HFP Min="0" Max="0">0</HFP>
                    <HTotal Min="1" Max="8191">1</HTotal>
                    <VFreq Min="20" Max="75">20</VFreq>
                    <VSync Min="1" Max="1">1</VSync>
                    <VActive Min="0" Max="0">0</VActive>
                    <VFP Min="0" Max="0">0</VFP>
                    <VTotal Min="1" Max="8191">1</VTotal>
                    <PixelClk>0</PixelClk>
                    <HSP Min="78" Max="80">80</HSP>
                    <VSP Min="78" Max="80">80</VSP>
                    <AR Min="0" Max="1000">0</AR>
                    <Interlaced>80</Interlaced>
                    <VFType Min="0" Max="0">0</VFType>
                    <VFEnum Min="0" Max="4700">0</VFEnum>
                    <VFStdFrom Min="0" Max="4">0</VFStdFrom>
                    <VFStdNum>0</VFStdNum>
                  </VideoFormat>
                </EDIDOut>
              </DVIOut>
              <SDIOut id="0">
                <Type3G LegalValues="0 1 2 3">2</Type3G>
              </SDIOut>
              <HDMIOutput id="0">
                <HdcpAuth Min="0" Max="1">0</HdcpAuth>
                <SinkType Min="0" Max="1">1</SinkType>
                <EDIDOut id="0">
                  <EDIDValid Min="0" Max="1">0</EDIDValid>
                  <SupportHdmi Min="0" Max="1">0</SupportHdmi>
                  <SupportRGB Min="0" Max="1">1</SupportRGB>
                  <SupportSMPTE Min="0" Max="1">1</SupportSMPTE>
                  <Support444 Min="0" Max="1">1</Support444>
                  <Support422 Min="0" Max="1">1</Support422>
                  <BitDepth48 Min="0" Max="1">1</BitDepth48>
                  <BitDepth36 Min="0" Max="1">1</BitDepth36>
                  <BitDepth30 Min="0" Max="1">1</BitDepth30>
                  <BitDepth LegalValues="0 1 2 3 4 5">1</BitDepth>
                  <MaxTmds Min="0" Max="255">0</MaxTmds>
                  <VideoFormat id="0">
                    <Name>Empty</Name>
                    <HFreq>0</HFreq>
                    <HSync Min="1" Max="1">1</HSync>
                    <HActive Min="0" Max="0">0</HActive>
                    <HFP Min="0" Max="0">0</HFP>
                    <HTotal Min="1" Max="8191">1</HTotal>
                    <VFreq Min="20" Max="75">20</VFreq>
                    <VSync Min="1" Max="1">1</VSync>
                    <VActive Min="0" Max="0">0</VActive>
                    <VFP Min="0" Max="0">0</VFP>
                    <VTotal Min="1" Max="8191">1</VTotal>
                    <PixelClk>0</PixelClk>
                    <HSP Min="78" Max="80">80</HSP>
                    <VSP Min="78" Max="80">80</VSP>
                    <AR Min="0" Max="1000">0</AR>
                    <Interlaced>80</Interlaced>
                    <VFType Min="0" Max="0">0</VFType>
                    <VFEnum Min="0" Max="4700">0</VFEnum>
                    <VFStdFrom Min="0" Max="4">0</VFStdFrom>
                    <VFStdNum>0</VFStdNum>
                  </VideoFormat>
                </EDIDOut>
              </HDMIOutput>
            </Out>
          </CardOut>
          <CardLayer id="0">
            <BankIndex Min="-1" Max="4">-1</BankIndex>
            <VpuIndex Min="-1" Max="4">-1</VpuIndex>
            <Luma Min="0" Max="100">37.5</Luma>
            <Sat Min="0" Max="100">100</Sat>
            <Hue Min="0" Max="360">0</Hue>
            <LinkAssign id="0">
              <XPos Min="0" Max="1000000">0</XPos>
              <YPos Min="0" Max="1000000">0</YPos>
              <ZPos Min="0" Max="1000000">0</ZPos>
              <DestIndex Min="-1" Max="127">-1</DestIndex>
              <Rect id="0">
                <HPos Min="-32767" Max="32767">0</HPos>
                <VPos Min="-32767" Max="32767">0</VPos>
                <HSize Min="0" Max="32767">0</HSize>
                <VSize Min="0" Max="32767">0</VSize>
                <AR Min="0" Max="99">0</AR>
              </Rect>
            </LinkAssign>
            <LinkAssign id="1">
              <XPos Min="0" Max="1000000">0</XPos>
              <YPos Min="0" Max="1000000">0</YPos>
              <ZPos Min="0" Max="1000000">0</ZPos>
              <DestIndex Min="-1" Max="127">-1</DestIndex>
              <Rect id="0">
                <HPos Min="-32767" Max="32767">0</HPos>
                <VPos Min="-32767" Max="32767">0</VPos>
                <HSize Min="0" Max="32767">0</HSize>
                <VSize Min="0" Max="32767">0</VSize>
                <AR Min="0" Max="99">0</AR>
              </Rect>
            </LinkAssign>
            <LinkAssign id="2">
              <XPos Min="0" Max="1000000">0</XPos>
              <YPos Min="0" Max="1000000">0</YPos>
              <ZPos Min="0" Max="1000000">0</ZPos>
              <DestIndex Min="-1" Max="127">-1</DestIndex>
              <Rect id="0">
                <HPos Min="-32767" Max="32767">0</HPos>
                <VPos Min="-32767" Max="32767">0</VPos>
                <HSize Min="0" Max="32767">0</HSize>
                <VSize Min="0" Max="32767">0</VSize>
                <AR Min="0" Max="99">0</AR>
              </Rect>
            </LinkAssign>
            <LinkAssign id="3">
              <XPos Min="0" Max="1000000">0</XPos>
              <YPos Min="0" Max="1000000">0</YPos>
              <ZPos Min="0" Max="1000000">0</ZPos>
              <DestIndex Min="-1" Max="127">-1</DestIndex>
              <Rect id="0">
                <HPos Min="-32767" Max="32767">0</HPos>
                <VPos Min="-32767" Max="32767">0</VPos>
                <HSize Min="0" Max="32767">0</HSize>
                <VSize Min="0" Max="32767">0</VSize>
                <AR Min="0" Max="99">0</AR>
              </Rect>
            </LinkAssign>
            <ScalerAssign id="0">
              <YPos Min="0" Max="1000000">0</YPos>
              <ZPos Min="0" Max="1000000">0</ZPos>
              <LayerIndex Min="-1" Max="512">-1</LayerIndex>
              <DestIndex Min="-1" Max="127">-1</DestIndex>
            </ScalerAssign>
            <ScalerAssign id="1">
              <YPos Min="0" Max="1000000">0</YPos>
              <ZPos Min="0" Max="1000000">0</ZPos>
              <LayerIndex Min="-1" Max="512">-1</LayerIndex>
              <DestIndex Min="-1" Max="127">-1</DestIndex>
            </ScalerAssign>
            <ScalerAssign id="2">
              <YPos Min="0" Max="1000000">0</YPos>
              <ZPos Min="0" Max="1000000">0</ZPos>
              <LayerIndex Min="-1" Max="512">-1</LayerIndex>
              <DestIndex Min="-1" Max="127">-1</DestIndex>
            </ScalerAssign>
            <ScalerAssign id="3">
              <YPos Min="0" Max="1000000">0</YPos>
              <ZPos Min="0" Max="1000000">0</ZPos>
              <LayerIndex Min="-1" Max="512">-1</LayerIndex>
              <DestIndex Min="-1" Max="127">-1</DestIndex>
            </ScalerAssign>
          </CardLayer>
        </Card>
      </Slot>
      <Slot id="17">
        <Card id="0">
          <CardStatus Min="0" Max="4">0</CardStatus>
          <CardType Min="0" Max="255">255</CardType>
          <CardID/>
          <SlotIndex Min="-1" Max="23">17</SlotIndex>
          <CardIn id="0">
            <NumOfChan Min="0" Max="4">4</NumOfChan>
            <CapacityStatus Min="0" Max="1">0</CapacityStatus>
            <In id="0">
              <AutoAcqMode Min="0" Max="1">1</AutoAcqMode>
              <Capacity LegalValues="0 1 2 4">0</Capacity>
              <ColorSpace LegalValues="-1 0 1">0</ColorSpace>
              <ColorRange LegalValues="0 1">0</ColorRange>
              <Sync Min="0" Max="2">0</Sync>
              <DPIn id="0">
                <Hdcp id="0">
                  <Mode Min="0" Max="1">0</Mode>
                  <HdcpAuth Min="0" Max="1">0</HdcpAuth>
                </Hdcp>
                <EDIDIn id="0">
                  <BitDepth LegalValues="1 2 3">2</BitDepth>
                  <EdidStatus Min="0" Max="4">0</EdidStatus>
                  <VideoFormat id="0">
                    <Name>1920x1080p @59.94</Name>
                    <HFreq>67433</HFreq>
                    <HSync Min="1" Max="192">88</HSync>
                    <HActive Min="0" Max="2024">1920</HActive>
                    <HFP Min="0" Max="192">88</HFP>
                    <HTotal Min="2096" Max="8191">2200</HTotal>
                    <VFreq Min="20" Max="75">59.9401</VFreq>
                    <VSync Min="1" Max="41">5</VSync>
                    <VActive Min="0" Max="1116">1080</VActive>
                    <VFP Min="0" Max="40">4</VFP>
                    <VTotal Min="1089" Max="8191">1125</VTotal>
                    <PixelClk>148.352</PixelClk>
                    <HSP Min="78" Max="80">80</HSP>
                    <VSP Min="78" Max="80">80</VSP>
                    <AR Min="0" Max="1000">1.77778</AR>
                    <Interlaced>80</Interlaced>
                    <VFType Min="0" Max="0">8</VFType>
                    <VFEnum Min="0" Max="4700">2708</VFEnum>
                    <VFStdFrom Min="0" Max="4">4</VFStdFrom>
                    <VFStdNum>16</VFStdNum>
                  </VideoFormat>
                </EDIDIn>
              </DPIn>
              <DVIIn id="0">
                <Hdcp id="0">
                  <Mode Min="0" Max="1">0</Mode>
                  <HdcpAuth Min="0" Max="1">0</HdcpAuth>
                </Hdcp>
                <EDIDIn id="0">
                  <BitDepth LegalValues="1">1</BitDepth>
                  <EdidStatus Min="0" Max="4">0</EdidStatus>
                  <VideoFormat id="0">
                    <Name>1920x1080p @59.94</Name>
                    <HFreq>67433</HFreq>
                    <HSync Min="1" Max="192">88</HSync>
                    <HActive Min="0" Max="2024">1920</HActive>
                    <HFP Min="0" Max="192">88</HFP>
                    <HTotal Min="2096" Max="8191">2200</HTotal>
                    <VFreq Min="20" Max="75">59.9401</VFreq>
                    <VSync Min="1" Max="41">5</VSync>
                    <VActive Min="0" Max="1116">1080</VActive>
                    <VFP Min="0" Max="40">4</VFP>
                    <VTotal Min="1089" Max="8191">1125</VTotal>
                    <PixelClk>148.352</PixelClk>
                    <HSP Min="78" Max="80">80</HSP>
                    <VSP Min="78" Max="80">80</VSP>
                    <AR Min="0" Max="1000">1.77778</AR>
                    <Interlaced>80</Interlaced>
                    <VFType Min="0" Max="0">8</VFType>
                    <VFEnum Min="0" Max="4700">2708</VFEnum>
                    <VFStdFrom Min="0" Max="4">4</VFStdFrom>
                    <VFStdNum>16</VFStdNum>
                  </VideoFormat>
                </EDIDIn>
              </DVIIn>
              <SDIIn id="0">
                <Type3G LegalValues="0 1 2 3">2</Type3G>
              </SDIIn>
              <HDMIIn id="0">
                <Hdcp id="0">
                  <Mode Min="0" Max="1">0</Mode>
                  <HdcpAuth Min="0" Max="1">0</HdcpAuth>
                </Hdcp>
                <EDIDIn id="0">
                  <BitDepth LegalValues="1 2 3">3</BitDepth>
                  <EdidStatus Min="0" Max="4">0</EdidStatus>
                  <VideoFormat id="0">
                    <Name>1920x1080p @59.94</Name>
                    <HFreq>67433</HFreq>
                    <HSync Min="1" Max="192">88</HSync>
                    <HActive Min="0" Max="2024">1920</HActive>
                    <HFP Min="0" Max="192">88</HFP>
                    <HTotal Min="2096" Max="8191">2200</HTotal>
                    <VFreq Min="20" Max="75">59.9401</VFreq>
                    <VSync Min="1" Max="41">5</VSync>
                    <VActive Min="0" Max="1116">1080</VActive>
                    <VFP Min="0" Max="40">4</VFP>
                    <VTotal Min="1089" Max="8191">1125</VTotal>
                    <PixelClk>148.352</PixelClk>
                    <HSP Min="78" Max="80">80</HSP>
                    <VSP Min="78" Max="80">80</VSP>
                    <AR Min="0" Max="1000">1.77778</AR>
                    <Interlaced>80</Interlaced>
                    <VFType Min="0" Max="0">8</VFType>
                    <VFEnum Min="0" Max="4700">2708</VFEnum>
                    <VFStdFrom Min="0" Max="4">4</VFStdFrom>
                    <VFStdNum>16</VFStdNum>
                  </VideoFormat>
                </EDIDIn>
              </HDMIIn>
              <VideoFormat id="0">
                <Name>Empty</Name>
                <HFreq>0</HFreq>
                <HSync Min="1" Max="1">1</HSync>
                <HActive Min="0" Max="0">0</HActive>
                <HFP Min="0" Max="0">0</HFP>
                <HTotal Min="1" Max="8191">1</HTotal>
                <VFreq Min="20" Max="75">20</VFreq>
                <VSync Min="1" Max="1">1</VSync>
                <VActive Min="0" Max="0">0</VActive>
                <VFP Min="0" Max="0">0</VFP>
                <VTotal Min="1" Max="8191">1</VTotal>
                <PixelClk>0</PixelClk>
                <HSP Min="78" Max="80">80</HSP>
                <VSP Min="78" Max="80">80</VSP>
                <AR Min="0" Max="1000">0</AR>
                <Interlaced>80</Interlaced>
                <VFType Min="0" Max="0">0</VFType>
                <VFEnum Min="0" Max="4700">0</VFEnum>
                <VFStdFrom Min="0" Max="4">0</VFStdFrom>
                <VFStdNum>0</VFStdNum>
              </VideoFormat>
            </In>
            <In id="1">
              <AutoAcqMode Min="0" Max="1">1</AutoAcqMode>
              <Capacity LegalValues="0 1 2 4">0</Capacity>
              <ColorSpace LegalValues="-1 0 1">0</ColorSpace>
              <ColorRange LegalValues="0 1">0</ColorRange>
              <Sync Min="0" Max="2">0</Sync>
              <DPIn id="0">
                <Hdcp id="0">
                  <Mode Min="0" Max="1">0</Mode>
                  <HdcpAuth Min="0" Max="1">0</HdcpAuth>
                </Hdcp>
                <EDIDIn id="0">
                  <BitDepth LegalValues="1 2 3">2</BitDepth>
                  <EdidStatus Min="0" Max="4">0</EdidStatus>
                  <VideoFormat id="0">
                    <Name>1920x1080p @59.94</Name>
                    <HFreq>67433</HFreq>
                    <HSync Min="1" Max="192">88</HSync>
                    <HActive Min="0" Max="2024">1920</HActive>
                    <HFP Min="0" Max="192">88</HFP>
                    <HTotal Min="2096" Max="8191">2200</HTotal>
                    <VFreq Min="20" Max="75">59.9401</VFreq>
                    <VSync Min="1" Max="41">5</VSync>
                    <VActive Min="0" Max="1116">1080</VActive>
                    <VFP Min="0" Max="40">4</VFP>
                    <VTotal Min="1089" Max="8191">1125</VTotal>
                    <PixelClk>148.352</PixelClk>
                    <HSP Min="78" Max="80">80</HSP>
                    <VSP Min="78" Max="80">80</VSP>
                    <AR Min="0" Max="1000">1.77778</AR>
                    <Interlaced>80</Interlaced>
                    <VFType Min="0" Max="0">8</VFType>
                    <VFEnum Min="0" Max="4700">2708</VFEnum>
                    <VFStdFrom Min="0" Max="4">4</VFStdFrom>
                    <VFStdNum>16</VFStdNum>
                  </VideoFormat>
                </EDIDIn>
              </DPIn>
              <DVIIn id="0">
                <Hdcp id="0">
                  <Mode Min="0" Max="1">0</Mode>
                  <HdcpAuth Min="0" Max="1">0</HdcpAuth>
                </Hdcp>
                <EDIDIn id="0">
                  <BitDepth LegalValues="1">1</BitDepth>
                  <EdidStatus Min="0" Max="4">0</EdidStatus>
                  <VideoFormat id="0">
                    <Name>1920x1080p @59.94</Name>
                    <HFreq>67433</HFreq>
                    <HSync Min="1" Max="192">88</HSync>
                    <HActive Min="0" Max="2024">1920</HActive>
                    <HFP Min="0" Max="192">88</HFP>
                    <HTotal Min="2096" Max="8191">2200</HTotal>
                    <VFreq Min="20" Max="75">59.9401</VFreq>
                    <VSync Min="1" Max="41">5</VSync>
                    <VActive Min="0" Max="1116">1080</VActive>
                    <VFP Min="0" Max="40">4</VFP>
                    <VTotal Min="1089" Max="8191">1125</VTotal>
                    <PixelClk>148.352</PixelClk>
                    <HSP Min="78" Max="80">80</HSP>
                    <VSP Min="78" Max="80">80</VSP>
                    <AR Min="0" Max="1000">1.77778</AR>
                    <Interlaced>80</Interlaced>
                    <VFType Min="0" Max="0">8</VFType>
                    <VFEnum Min="0" Max="4700">2708</VFEnum>
                    <VFStdFrom Min="0" Max="4">4</VFStdFrom>
                    <VFStdNum>16</VFStdNum>
                  </VideoFormat>
                </EDIDIn>
              </DVIIn>
              <SDIIn id="0">
                <Type3G LegalValues="0 1 2 3">2</Type3G>
              </SDIIn>
              <HDMIIn id="0">
                <Hdcp id="0">
                  <Mode Min="0" Max="1">0</Mode>
                  <HdcpAuth Min="0" Max="1">0</HdcpAuth>
                </Hdcp>
                <EDIDIn id="0">
                  <BitDepth LegalValues="1 2 3">3</BitDepth>
                  <EdidStatus Min="0" Max="4">0</EdidStatus>
                  <VideoFormat id="0">
                    <Name>1920x1080p @59.94</Name>
                    <HFreq>67433</HFreq>
                    <HSync Min="1" Max="192">88</HSync>
                    <HActive Min="0" Max="2024">1920</HActive>
                    <HFP Min="0" Max="192">88</HFP>
                    <HTotal Min="2096" Max="8191">2200</HTotal>
                    <VFreq Min="20" Max="75">59.9401</VFreq>
                    <VSync Min="1" Max="41">5</VSync>
                    <VActive Min="0" Max="1116">1080</VActive>
                    <VFP Min="0" Max="40">4</VFP>
                    <VTotal Min="1089" Max="8191">1125</VTotal>
                    <PixelClk>148.352</PixelClk>
                    <HSP Min="78" Max="80">80</HSP>
                    <VSP Min="78" Max="80">80</VSP>
                    <AR Min="0" Max="1000">1.77778</AR>
                    <Interlaced>80</Interlaced>
                    <VFType Min="0" Max="0">8</VFType>
                    <VFEnum Min="0" Max="4700">2708</VFEnum>
                    <VFStdFrom Min="0" Max="4">4</VFStdFrom>
                    <VFStdNum>16</VFStdNum>
                  </VideoFormat>
                </EDIDIn>
              </HDMIIn>
              <VideoFormat id="0">
                <Name>Empty</Name>
                <HFreq>0</HFreq>
                <HSync Min="1" Max="1">1</HSync>
                <HActive Min="0" Max="0">0</HActive>
                <HFP Min="0" Max="0">0</HFP>
                <HTotal Min="1" Max="8191">1</HTotal>
                <VFreq Min="20" Max="75">20</VFreq>
                <VSync Min="1" Max="1">1</VSync>
                <VActive Min="0" Max="0">0</VActive>
                <VFP Min="0" Max="0">0</VFP>
                <VTotal Min="1" Max="8191">1</VTotal>
                <PixelClk>0</PixelClk>
                <HSP Min="78" Max="80">80</HSP>
                <VSP Min="78" Max="80">80</VSP>
                <AR Min="0" Max="1000">0</AR>
                <Interlaced>80</Interlaced>
                <VFType Min="0" Max="0">0</VFType>
                <VFEnum Min="0" Max="4700">0</VFEnum>
                <VFStdFrom Min="0" Max="4">0</VFStdFrom>
                <VFStdNum>0</VFStdNum>
              </VideoFormat>
            </In>
            <In id="2">
              <AutoAcqMode Min="0" Max="1">1</AutoAcqMode>
              <Capacity LegalValues="0 1 2 4">0</Capacity>
              <ColorSpace LegalValues="-1 0 1">0</ColorSpace>
              <ColorRange LegalValues="0 1">0</ColorRange>
              <Sync Min="0" Max="2">0</Sync>
              <DPIn id="0">
                <Hdcp id="0">
                  <Mode Min="0" Max="1">0</Mode>
                  <HdcpAuth Min="0" Max="1">0</HdcpAuth>
                </Hdcp>
                <EDIDIn id="0">
                  <BitDepth LegalValues="1 2 3">2</BitDepth>
                  <EdidStatus Min="0" Max="4">0</EdidStatus>
                  <VideoFormat id="0">
                    <Name>1920x1080p @59.94</Name>
                    <HFreq>67433</HFreq>
                    <HSync Min="1" Max="192">88</HSync>
                    <HActive Min="0" Max="2024">1920</HActive>
                    <HFP Min="0" Max="192">88</HFP>
                    <HTotal Min="2096" Max="8191">2200</HTotal>
                    <VFreq Min="20" Max="75">59.9401</VFreq>
                    <VSync Min="1" Max="41">5</VSync>
                    <VActive Min="0" Max="1116">1080</VActive>
                    <VFP Min="0" Max="40">4</VFP>
                    <VTotal Min="1089" Max="8191">1125</VTotal>
                    <PixelClk>148.352</PixelClk>
                    <HSP Min="78" Max="80">80</HSP>
                    <VSP Min="78" Max="80">80</VSP>
                    <AR Min="0" Max="1000">1.77778</AR>
                    <Interlaced>80</Interlaced>
                    <VFType Min="0" Max="0">8</VFType>
                    <VFEnum Min="0" Max="4700">2708</VFEnum>
                    <VFStdFrom Min="0" Max="4">4</VFStdFrom>
                    <VFStdNum>16</VFStdNum>
                  </VideoFormat>
                </EDIDIn>
              </DPIn>
              <DVIIn id="0">
                <Hdcp id="0">
                  <Mode Min="0" Max="1">0</Mode>
                  <HdcpAuth Min="0" Max="1">0</HdcpAuth>
                </Hdcp>
                <EDIDIn id="0">
                  <BitDepth LegalValues="1">1</BitDepth>
                  <EdidStatus Min="0" Max="4">0</EdidStatus>
                  <VideoFormat id="0">
                    <Name>1920x1080p @59.94</Name>
                    <HFreq>67433</HFreq>
                    <HSync Min="1" Max="192">88</HSync>
                    <HActive Min="0" Max="2024">1920</HActive>
                    <HFP Min="0" Max="192">88</HFP>
                    <HTotal Min="2096" Max="8191">2200</HTotal>
                    <VFreq Min="20" Max="75">59.9401</VFreq>
                    <VSync Min="1" Max="41">5</VSync>
                    <VActive Min="0" Max="1116">1080</VActive>
                    <VFP Min="0" Max="40">4</VFP>
                    <VTotal Min="1089" Max="8191">1125</VTotal>
                    <PixelClk>148.352</PixelClk>
                    <HSP Min="78" Max="80">80</HSP>
                    <VSP Min="78" Max="80">80</VSP>
                    <AR Min="0" Max="1000">1.77778</AR>
                    <Interlaced>80</Interlaced>
                    <VFType Min="0" Max="0">8</VFType>
                    <VFEnum Min="0" Max="4700">2708</VFEnum>
                    <VFStdFrom Min="0" Max="4">4</VFStdFrom>
                    <VFStdNum>16</VFStdNum>
                  </VideoFormat>
                </EDIDIn>
              </DVIIn>
              <SDIIn id="0">
                <Type3G LegalValues="0 1 2 3">2</Type3G>
              </SDIIn>
              <HDMIIn id="0">
                <Hdcp id="0">
                  <Mode Min="0" Max="1">0</Mode>
                  <HdcpAuth Min="0" Max="1">0</HdcpAuth>
                </Hdcp>
                <EDIDIn id="0">
                  <BitDepth LegalValues="1 2 3">3</BitDepth>
                  <EdidStatus Min="0" Max="4">0</EdidStatus>
                  <VideoFormat id="0">
                    <Name>1920x1080p @59.94</Name>
                    <HFreq>67433</HFreq>
                    <HSync Min="1" Max="192">88</HSync>
                    <HActive Min="0" Max="2024">1920</HActive>
                    <HFP Min="0" Max="192">88</HFP>
                    <HTotal Min="2096" Max="8191">2200</HTotal>
                    <VFreq Min="20" Max="75">59.9401</VFreq>
                    <VSync Min="1" Max="41">5</VSync>
                    <VActive Min="0" Max="1116">1080</VActive>
                    <VFP Min="0" Max="40">4</VFP>
                    <VTotal Min="1089" Max="8191">1125</VTotal>
                    <PixelClk>148.352</PixelClk>
                    <HSP Min="78" Max="80">80</HSP>
                    <VSP Min="78" Max="80">80</VSP>
                    <AR Min="0" Max="1000">1.77778</AR>
                    <Interlaced>80</Interlaced>
                    <VFType Min="0" Max="0">8</VFType>
                    <VFEnum Min="0" Max="4700">2708</VFEnum>
                    <VFStdFrom Min="0" Max="4">4</VFStdFrom>
                    <VFStdNum>16</VFStdNum>
                  </VideoFormat>
                </EDIDIn>
              </HDMIIn>
              <VideoFormat id="0">
                <Name>Empty</Name>
                <HFreq>0</HFreq>
                <HSync Min="1" Max="1">1</HSync>
                <HActive Min="0" Max="0">0</HActive>
                <HFP Min="0" Max="0">0</HFP>
                <HTotal Min="1" Max="8191">1</HTotal>
                <VFreq Min="20" Max="75">20</VFreq>
                <VSync Min="1" Max="1">1</VSync>
                <VActive Min="0" Max="0">0</VActive>
                <VFP Min="0" Max="0">0</VFP>
                <VTotal Min="1" Max="8191">1</VTotal>
                <PixelClk>0</PixelClk>
                <HSP Min="78" Max="80">80</HSP>
                <VSP Min="78" Max="80">80</VSP>
                <AR Min="0" Max="1000">0</AR>
                <Interlaced>80</Interlaced>
                <VFType Min="0" Max="0">0</VFType>
                <VFEnum Min="0" Max="4700">0</VFEnum>
                <VFStdFrom Min="0" Max="4">0</VFStdFrom>
                <VFStdNum>0</VFStdNum>
              </VideoFormat>
            </In>
            <In id="3">
              <AutoAcqMode Min="0" Max="1">1</AutoAcqMode>
              <Capacity LegalValues="0 1 2 4">0</Capacity>
              <ColorSpace LegalValues="-1 0 1">0</ColorSpace>
              <ColorRange LegalValues="0 1">0</ColorRange>
              <Sync Min="0" Max="2">0</Sync>
              <DPIn id="0">
                <Hdcp id="0">
                  <Mode Min="0" Max="1">0</Mode>
                  <HdcpAuth Min="0" Max="1">0</HdcpAuth>
                </Hdcp>
                <EDIDIn id="0">
                  <BitDepth LegalValues="1 2 3">2</BitDepth>
                  <EdidStatus Min="0" Max="4">0</EdidStatus>
                  <VideoFormat id="0">
                    <Name>1920x1080p @59.94</Name>
                    <HFreq>67433</HFreq>
                    <HSync Min="1" Max="192">88</HSync>
                    <HActive Min="0" Max="2024">1920</HActive>
                    <HFP Min="0" Max="192">88</HFP>
                    <HTotal Min="2096" Max="8191">2200</HTotal>
                    <VFreq Min="20" Max="75">59.9401</VFreq>
                    <VSync Min="1" Max="41">5</VSync>
                    <VActive Min="0" Max="1116">1080</VActive>
                    <VFP Min="0" Max="40">4</VFP>
                    <VTotal Min="1089" Max="8191">1125</VTotal>
                    <PixelClk>148.352</PixelClk>
                    <HSP Min="78" Max="80">80</HSP>
                    <VSP Min="78" Max="80">80</VSP>
                    <AR Min="0" Max="1000">1.77778</AR>
                    <Interlaced>80</Interlaced>
                    <VFType Min="0" Max="0">8</VFType>
                    <VFEnum Min="0" Max="4700">2708</VFEnum>
                    <VFStdFrom Min="0" Max="4">4</VFStdFrom>
                    <VFStdNum>16</VFStdNum>
                  </VideoFormat>
                </EDIDIn>
              </DPIn>
              <DVIIn id="0">
                <Hdcp id="0">
                  <Mode Min="0" Max="1">0</Mode>
                  <HdcpAuth Min="0" Max="1">0</HdcpAuth>
                </Hdcp>
                <EDIDIn id="0">
                  <BitDepth LegalValues="1">1</BitDepth>
                  <EdidStatus Min="0" Max="4">0</EdidStatus>
                  <VideoFormat id="0">
                    <Name>1920x1080p @59.94</Name>
                    <HFreq>67433</HFreq>
                    <HSync Min="1" Max="192">88</HSync>
                    <HActive Min="0" Max="2024">1920</HActive>
                    <HFP Min="0" Max="192">88</HFP>
                    <HTotal Min="2096" Max="8191">2200</HTotal>
                    <VFreq Min="20" Max="75">59.9401</VFreq>
                    <VSync Min="1" Max="41">5</VSync>
                    <VActive Min="0" Max="1116">1080</VActive>
                    <VFP Min="0" Max="40">4</VFP>
                    <VTotal Min="1089" Max="8191">1125</VTotal>
                    <PixelClk>148.352</PixelClk>
                    <HSP Min="78" Max="80">80</HSP>
                    <VSP Min="78" Max="80">80</VSP>
                    <AR Min="0" Max="1000">1.77778</AR>
                    <Interlaced>80</Interlaced>
                    <VFType Min="0" Max="0">8</VFType>
                    <VFEnum Min="0" Max="4700">2708</VFEnum>
                    <VFStdFrom Min="0" Max="4">4</VFStdFrom>
                    <VFStdNum>16</VFStdNum>
                  </VideoFormat>
                </EDIDIn>
              </DVIIn>
              <SDIIn id="0">
                <Type3G LegalValues="0 1 2 3">2</Type3G>
              </SDIIn>
              <HDMIIn id="0">
                <Hdcp id="0">
                  <Mode Min="0" Max="1">0</Mode>
                  <HdcpAuth Min="0" Max="1">0</HdcpAuth>
                </Hdcp>
                <EDIDIn id="0">
                  <BitDepth LegalValues="1 2 3">3</BitDepth>
                  <EdidStatus Min="0" Max="4">0</EdidStatus>
                  <VideoFormat id="0">
                    <Name>1920x1080p @59.94</Name>
                    <HFreq>67433</HFreq>
                    <HSync Min="1" Max="192">88</HSync>
                    <HActive Min="0" Max="2024">1920</HActive>
                    <HFP Min="0" Max="192">88</HFP>
                    <HTotal Min="2096" Max="8191">2200</HTotal>
                    <VFreq Min="20" Max="75">59.9401</VFreq>
                    <VSync Min="1" Max="41">5</VSync>
                    <VActive Min="0" Max="1116">1080</VActive>
                    <VFP Min="0" Max="40">4</VFP>
                    <VTotal Min="1089" Max="8191">1125</VTotal>
                    <PixelClk>148.352</PixelClk>
                    <HSP Min="78" Max="80">80</HSP>
                    <VSP Min="78" Max="80">80</VSP>
                    <AR Min="0" Max="1000">1.77778</AR>
                    <Interlaced>80</Interlaced>
                    <VFType Min="0" Max="0">8</VFType>
                    <VFEnum Min="0" Max="4700">2708</VFEnum>
                    <VFStdFrom Min="0" Max="4">4</VFStdFrom>
                    <VFStdNum>16</VFStdNum>
                  </VideoFormat>
                </EDIDIn>
              </HDMIIn>
              <VideoFormat id="0">
                <Name>Empty</Name>
                <HFreq>0</HFreq>
                <HSync Min="1" Max="1">1</HSync>
                <HActive Min="0" Max="0">0</HActive>
                <HFP Min="0" Max="0">0</HFP>
                <HTotal Min="1" Max="8191">1</HTotal>
                <VFreq Min="20" Max="75">20</VFreq>
                <VSync Min="1" Max="1">1</VSync>
                <VActive Min="0" Max="0">0</VActive>
                <VFP Min="0" Max="0">0</VFP>
                <VTotal Min="1" Max="8191">1</VTotal>
                <PixelClk>0</PixelClk>
                <HSP Min="78" Max="80">80</HSP>
                <VSP Min="78" Max="80">80</VSP>
                <AR Min="0" Max="1000">0</AR>
                <Interlaced>80</Interlaced>
                <VFType Min="0" Max="0">0</VFType>
                <VFEnum Min="0" Max="4700">0</VFEnum>
                <VFStdFrom Min="0" Max="4">0</VFStdFrom>
                <VFStdNum>0</VFStdNum>
              </VideoFormat>
            </In>
          </CardIn>
          <CardExp id="0">
            <LinkConnector id="0">
              <Mode Min="0" Max="1">0</Mode>
              <IP>192.168.000.201</IP>
              <MacAddress>aa:aa:aa:aa:aa:aa</MacAddress>
              <Connected Min="0" Max="1">0</Connected>
              <ConnectorIndex Min="-1" Max="3">-1</ConnectorIndex>
              <SlotIndex Min="-1" Max="22">-1</SlotIndex>
            </LinkConnector>
            <LinkConnector id="1">
              <Mode Min="0" Max="1">0</Mode>
              <IP>192.168.000.201</IP>
              <MacAddress>aa:aa:aa:aa:aa:aa</MacAddress>
              <Connected Min="0" Max="1">0</Connected>
              <ConnectorIndex Min="-1" Max="3">-1</ConnectorIndex>
              <SlotIndex Min="-1" Max="22">-1</SlotIndex>
            </LinkConnector>
          </CardExp>
          <CardOut id="0">
            <NumOfChan Min="0" Max="4">4</NumOfChan>
            <CapacityStatus Min="0" Max="1">0</CapacityStatus>
            <Out id="0">
              <Capacity LegalValues="0 1 2 4">1</Capacity>
              <DPOut id="0">
                <HdcpAuth Min="0" Max="1">0</HdcpAuth>
                <EDIDOut id="0">
                  <EDIDValid Min="0" Max="1">0</EDIDValid>
                  <SupportHdmi Min="0" Max="1">0</SupportHdmi>
                  <SupportRGB Min="0" Max="1">1</SupportRGB>
                  <SupportSMPTE Min="0" Max="1">1</SupportSMPTE>
                  <Support444 Min="0" Max="1">1</Support444>
                  <Support422 Min="0" Max="1">1</Support422>
                  <BitDepth48 Min="0" Max="1">1</BitDepth48>
                  <BitDepth36 Min="0" Max="1">1</BitDepth36>
                  <BitDepth30 Min="0" Max="1">1</BitDepth30>
                  <BitDepth LegalValues="0 1 2 3 4 5">1</BitDepth>
                  <MaxTmds Min="0" Max="255">0</MaxTmds>
                  <VideoFormat id="0">
                    <Name>Empty</Name>
                    <HFreq>0</HFreq>
                    <HSync Min="1" Max="1">1</HSync>
                    <HActive Min="0" Max="0">0</HActive>
                    <HFP Min="0" Max="0">0</HFP>
                    <HTotal Min="1" Max="8191">1</HTotal>
                    <VFreq Min="20" Max="75">20</VFreq>
                    <VSync Min="1" Max="1">1</VSync>
                    <VActive Min="0" Max="0">0</VActive>
                    <VFP Min="0" Max="0">0</VFP>
                    <VTotal Min="1" Max="8191">1</VTotal>
                    <PixelClk>0</PixelClk>
                    <HSP Min="78" Max="80">80</HSP>
                    <VSP Min="78" Max="80">80</VSP>
                    <AR Min="0" Max="1000">0</AR>
                    <Interlaced>80</Interlaced>
                    <VFType Min="0" Max="0">0</VFType>
                    <VFEnum Min="0" Max="4700">0</VFEnum>
                    <VFStdFrom Min="0" Max="4">0</VFStdFrom>
                    <VFStdNum>0</VFStdNum>
                  </VideoFormat>
                </EDIDOut>
              </DPOut>
              <DVIOut id="0">
                <HdcpAuth Min="0" Max="1">0</HdcpAuth>
                <EDIDOut id="0">
                  <EDIDValid Min="0" Max="1">0</EDIDValid>
                  <SupportHdmi Min="0" Max="1">0</SupportHdmi>
                  <SupportRGB Min="0" Max="1">1</SupportRGB>
                  <SupportSMPTE Min="0" Max="1">1</SupportSMPTE>
                  <Support444 Min="0" Max="1">1</Support444>
                  <Support422 Min="0" Max="1">1</Support422>
                  <BitDepth48 Min="0" Max="1">1</BitDepth48>
                  <BitDepth36 Min="0" Max="1">1</BitDepth36>
                  <BitDepth30 Min="0" Max="1">1</BitDepth30>
                  <BitDepth LegalValues="0 1 2 3 4 5">1</BitDepth>
                  <MaxTmds Min="0" Max="255">0</MaxTmds>
                  <VideoFormat id="0">
                    <Name>Empty</Name>
                    <HFreq>0</HFreq>
                    <HSync Min="1" Max="1">1</HSync>
                    <HActive Min="0" Max="0">0</HActive>
                    <HFP Min="0" Max="0">0</HFP>
                    <HTotal Min="1" Max="8191">1</HTotal>
                    <VFreq Min="20" Max="75">20</VFreq>
                    <VSync Min="1" Max="1">1</VSync>
                    <VActive Min="0" Max="0">0</VActive>
                    <VFP Min="0" Max="0">0</VFP>
                    <VTotal Min="1" Max="8191">1</VTotal>
                    <PixelClk>0</PixelClk>
                    <HSP Min="78" Max="80">80</HSP>
                    <VSP Min="78" Max="80">80</VSP>
                    <AR Min="0" Max="1000">0</AR>
                    <Interlaced>80</Interlaced>
                    <VFType Min="0" Max="0">0</VFType>
                    <VFEnum Min="0" Max="4700">0</VFEnum>
                    <VFStdFrom Min="0" Max="4">0</VFStdFrom>
                    <VFStdNum>0</VFStdNum>
                  </VideoFormat>
                </EDIDOut>
              </DVIOut>
              <SDIOut id="0">
                <Type3G LegalValues="0 1 2 3">2</Type3G>
              </SDIOut>
              <HDMIOutput id="0">
                <HdcpAuth Min="0" Max="1">0</HdcpAuth>
                <SinkType Min="0" Max="1">1</SinkType>
                <EDIDOut id="0">
                  <EDIDValid Min="0" Max="1">0</EDIDValid>
                  <SupportHdmi Min="0" Max="1">0</SupportHdmi>
                  <SupportRGB Min="0" Max="1">1</SupportRGB>
                  <SupportSMPTE Min="0" Max="1">1</SupportSMPTE>
                  <Support444 Min="0" Max="1">1</Support444>
                  <Support422 Min="0" Max="1">1</Support422>
                  <BitDepth48 Min="0" Max="1">1</BitDepth48>
                  <BitDepth36 Min="0" Max="1">1</BitDepth36>
                  <BitDepth30 Min="0" Max="1">1</BitDepth30>
                  <BitDepth LegalValues="0 1 2 3 4 5">1</BitDepth>
                  <MaxTmds Min="0" Max="255">0</MaxTmds>
                  <VideoFormat id="0">
                    <Name>Empty</Name>
                    <HFreq>0</HFreq>
                    <HSync Min="1" Max="1">1</HSync>
                    <HActive Min="0" Max="0">0</HActive>
                    <HFP Min="0" Max="0">0</HFP>
                    <HTotal Min="1" Max="8191">1</HTotal>
                    <VFreq Min="20" Max="75">20</VFreq>
                    <VSync Min="1" Max="1">1</VSync>
                    <VActive Min="0" Max="0">0</VActive>
                    <VFP Min="0" Max="0">0</VFP>
                    <VTotal Min="1" Max="8191">1</VTotal>
                    <PixelClk>0</PixelClk>
                    <HSP Min="78" Max="80">80</HSP>
                    <VSP Min="78" Max="80">80</VSP>
                    <AR Min="0" Max="1000">0</AR>
                    <Interlaced>80</Interlaced>
                    <VFType Min="0" Max="0">0</VFType>
                    <VFEnum Min="0" Max="4700">0</VFEnum>
                    <VFStdFrom Min="0" Max="4">0</VFStdFrom>
                    <VFStdNum>0</VFStdNum>
                  </VideoFormat>
                </EDIDOut>
              </HDMIOutput>
            </Out>
            <Out id="1">
              <Capacity LegalValues="0 1 2 4">1</Capacity>
              <DPOut id="0">
                <HdcpAuth Min="0" Max="1">0</HdcpAuth>
                <EDIDOut id="0">
                  <EDIDValid Min="0" Max="1">0</EDIDValid>
                  <SupportHdmi Min="0" Max="1">0</SupportHdmi>
                  <SupportRGB Min="0" Max="1">1</SupportRGB>
                  <SupportSMPTE Min="0" Max="1">1</SupportSMPTE>
                  <Support444 Min="0" Max="1">1</Support444>
                  <Support422 Min="0" Max="1">1</Support422>
                  <BitDepth48 Min="0" Max="1">1</BitDepth48>
                  <BitDepth36 Min="0" Max="1">1</BitDepth36>
                  <BitDepth30 Min="0" Max="1">1</BitDepth30>
                  <BitDepth LegalValues="0 1 2 3 4 5">1</BitDepth>
                  <MaxTmds Min="0" Max="255">0</MaxTmds>
                  <VideoFormat id="0">
                    <Name>Empty</Name>
                    <HFreq>0</HFreq>
                    <HSync Min="1" Max="1">1</HSync>
                    <HActive Min="0" Max="0">0</HActive>
                    <HFP Min="0" Max="0">0</HFP>
                    <HTotal Min="1" Max="8191">1</HTotal>
                    <VFreq Min="20" Max="75">20</VFreq>
                    <VSync Min="1" Max="1">1</VSync>
                    <VActive Min="0" Max="0">0</VActive>
                    <VFP Min="0" Max="0">0</VFP>
                    <VTotal Min="1" Max="8191">1</VTotal>
                    <PixelClk>0</PixelClk>
                    <HSP Min="78" Max="80">80</HSP>
                    <VSP Min="78" Max="80">80</VSP>
                    <AR Min="0" Max="1000">0</AR>
                    <Interlaced>80</Interlaced>
                    <VFType Min="0" Max="0">0</VFType>
                    <VFEnum Min="0" Max="4700">0</VFEnum>
                    <VFStdFrom Min="0" Max="4">0</VFStdFrom>
                    <VFStdNum>0</VFStdNum>
                  </VideoFormat>
                </EDIDOut>
              </DPOut>
              <DVIOut id="0">
                <HdcpAuth Min="0" Max="1">0</HdcpAuth>
                <EDIDOut id="0">
                  <EDIDValid Min="0" Max="1">0</EDIDValid>
                  <SupportHdmi Min="0" Max="1">0</SupportHdmi>
                  <SupportRGB Min="0" Max="1">1</SupportRGB>
                  <SupportSMPTE Min="0" Max="1">1</SupportSMPTE>
                  <Support444 Min="0" Max="1">1</Support444>
                  <Support422 Min="0" Max="1">1</Support422>
                  <BitDepth48 Min="0" Max="1">1</BitDepth48>
                  <BitDepth36 Min="0" Max="1">1</BitDepth36>
                  <BitDepth30 Min="0" Max="1">1</BitDepth30>
                  <BitDepth LegalValues="0 1 2 3 4 5">1</BitDepth>
                  <MaxTmds Min="0" Max="255">0</MaxTmds>
                  <VideoFormat id="0">
                    <Name>Empty</Name>
                    <HFreq>0</HFreq>
                    <HSync Min="1" Max="1">1</HSync>
                    <HActive Min="0" Max="0">0</HActive>
                    <HFP Min="0" Max="0">0</HFP>
                    <HTotal Min="1" Max="8191">1</HTotal>
                    <VFreq Min="20" Max="75">20</VFreq>
                    <VSync Min="1" Max="1">1</VSync>
                    <VActive Min="0" Max="0">0</VActive>
                    <VFP Min="0" Max="0">0</VFP>
                    <VTotal Min="1" Max="8191">1</VTotal>
                    <PixelClk>0</PixelClk>
                    <HSP Min="78" Max="80">80</HSP>
                    <VSP Min="78" Max="80">80</VSP>
                    <AR Min="0" Max="1000">0</AR>
                    <Interlaced>80</Interlaced>
                    <VFType Min="0" Max="0">0</VFType>
                    <VFEnum Min="0" Max="4700">0</VFEnum>
                    <VFStdFrom Min="0" Max="4">0</VFStdFrom>
                    <VFStdNum>0</VFStdNum>
                  </VideoFormat>
                </EDIDOut>
              </DVIOut>
              <SDIOut id="0">
                <Type3G LegalValues="0 1 2 3">2</Type3G>
              </SDIOut>
              <HDMIOutput id="0">
                <HdcpAuth Min="0" Max="1">0</HdcpAuth>
                <SinkType Min="0" Max="1">1</SinkType>
                <EDIDOut id="0">
                  <EDIDValid Min="0" Max="1">0</EDIDValid>
                  <SupportHdmi Min="0" Max="1">0</SupportHdmi>
                  <SupportRGB Min="0" Max="1">1</SupportRGB>
                  <SupportSMPTE Min="0" Max="1">1</SupportSMPTE>
                  <Support444 Min="0" Max="1">1</Support444>
                  <Support422 Min="0" Max="1">1</Support422>
                  <BitDepth48 Min="0" Max="1">1</BitDepth48>
                  <BitDepth36 Min="0" Max="1">1</BitDepth36>
                  <BitDepth30 Min="0" Max="1">1</BitDepth30>
                  <BitDepth LegalValues="0 1 2 3 4 5">1</BitDepth>
                  <MaxTmds Min="0" Max="255">0</MaxTmds>
                  <VideoFormat id="0">
                    <Name>Empty</Name>
                    <HFreq>0</HFreq>
                    <HSync Min="1" Max="1">1</HSync>
                    <HActive Min="0" Max="0">0</HActive>
                    <HFP Min="0" Max="0">0</HFP>
                    <HTotal Min="1" Max="8191">1</HTotal>
                    <VFreq Min="20" Max="75">20</VFreq>
                    <VSync Min="1" Max="1">1</VSync>
                    <VActive Min="0" Max="0">0</VActive>
                    <VFP Min="0" Max="0">0</VFP>
                    <VTotal Min="1" Max="8191">1</VTotal>
                    <PixelClk>0</PixelClk>
                    <HSP Min="78" Max="80">80</HSP>
                    <VSP Min="78" Max="80">80</VSP>
                    <AR Min="0" Max="1000">0</AR>
                    <Interlaced>80</Interlaced>
                    <VFType Min="0" Max="0">0</VFType>
                    <VFEnum Min="0" Max="4700">0</VFEnum>
                    <VFStdFrom Min="0" Max="4">0</VFStdFrom>
                    <VFStdNum>0</VFStdNum>
                  </VideoFormat>
                </EDIDOut>
              </HDMIOutput>
            </Out>
            <Out id="2">
              <Capacity LegalValues="0 1 2 4">1</Capacity>
              <DPOut id="0">
                <HdcpAuth Min="0" Max="1">0</HdcpAuth>
                <EDIDOut id="0">
                  <EDIDValid Min="0" Max="1">0</EDIDValid>
                  <SupportHdmi Min="0" Max="1">0</SupportHdmi>
                  <SupportRGB Min="0" Max="1">1</SupportRGB>
                  <SupportSMPTE Min="0" Max="1">1</SupportSMPTE>
                  <Support444 Min="0" Max="1">1</Support444>
                  <Support422 Min="0" Max="1">1</Support422>
                  <BitDepth48 Min="0" Max="1">1</BitDepth48>
                  <BitDepth36 Min="0" Max="1">1</BitDepth36>
                  <BitDepth30 Min="0" Max="1">1</BitDepth30>
                  <BitDepth LegalValues="0 1 2 3 4 5">1</BitDepth>
                  <MaxTmds Min="0" Max="255">0</MaxTmds>
                  <VideoFormat id="0">
                    <Name>Empty</Name>
                    <HFreq>0</HFreq>
                    <HSync Min="1" Max="1">1</HSync>
                    <HActive Min="0" Max="0">0</HActive>
                    <HFP Min="0" Max="0">0</HFP>
                    <HTotal Min="1" Max="8191">1</HTotal>
                    <VFreq Min="20" Max="75">20</VFreq>
                    <VSync Min="1" Max="1">1</VSync>
                    <VActive Min="0" Max="0">0</VActive>
                    <VFP Min="0" Max="0">0</VFP>
                    <VTotal Min="1" Max="8191">1</VTotal>
                    <PixelClk>0</PixelClk>
                    <HSP Min="78" Max="80">80</HSP>
                    <VSP Min="78" Max="80">80</VSP>
                    <AR Min="0" Max="1000">0</AR>
                    <Interlaced>80</Interlaced>
                    <VFType Min="0" Max="0">0</VFType>
                    <VFEnum Min="0" Max="4700">0</VFEnum>
                    <VFStdFrom Min="0" Max="4">0</VFStdFrom>
                    <VFStdNum>0</VFStdNum>
                  </VideoFormat>
                </EDIDOut>
              </DPOut>
              <DVIOut id="0">
                <HdcpAuth Min="0" Max="1">0</HdcpAuth>
                <EDIDOut id="0">
                  <EDIDValid Min="0" Max="1">0</EDIDValid>
                  <SupportHdmi Min="0" Max="1">0</SupportHdmi>
                  <SupportRGB Min="0" Max="1">1</SupportRGB>
                  <SupportSMPTE Min="0" Max="1">1</SupportSMPTE>
                  <Support444 Min="0" Max="1">1</Support444>
                  <Support422 Min="0" Max="1">1</Support422>
                  <BitDepth48 Min="0" Max="1">1</BitDepth48>
                  <BitDepth36 Min="0" Max="1">1</BitDepth36>
                  <BitDepth30 Min="0" Max="1">1</BitDepth30>
                  <BitDepth LegalValues="0 1 2 3 4 5">1</BitDepth>
                  <MaxTmds Min="0" Max="255">0</MaxTmds>
                  <VideoFormat id="0">
                    <Name>Empty</Name>
                    <HFreq>0</HFreq>
                    <HSync Min="1" Max="1">1</HSync>
                    <HActive Min="0" Max="0">0</HActive>
                    <HFP Min="0" Max="0">0</HFP>
                    <HTotal Min="1" Max="8191">1</HTotal>
                    <VFreq Min="20" Max="75">20</VFreq>
                    <VSync Min="1" Max="1">1</VSync>
                    <VActive Min="0" Max="0">0</VActive>
                    <VFP Min="0" Max="0">0</VFP>
                    <VTotal Min="1" Max="8191">1</VTotal>
                    <PixelClk>0</PixelClk>
                    <HSP Min="78" Max="80">80</HSP>
                    <VSP Min="78" Max="80">80</VSP>
                    <AR Min="0" Max="1000">0</AR>
                    <Interlaced>80</Interlaced>
                    <VFType Min="0" Max="0">0</VFType>
                    <VFEnum Min="0" Max="4700">0</VFEnum>
                    <VFStdFrom Min="0" Max="4">0</VFStdFrom>
                    <VFStdNum>0</VFStdNum>
                  </VideoFormat>
                </EDIDOut>
              </DVIOut>
              <SDIOut id="0">
                <Type3G LegalValues="0 1 2 3">2</Type3G>
              </SDIOut>
              <HDMIOutput id="0">
                <HdcpAuth Min="0" Max="1">0</HdcpAuth>
                <SinkType Min="0" Max="1">1</SinkType>
                <EDIDOut id="0">
                  <EDIDValid Min="0" Max="1">0</EDIDValid>
                  <SupportHdmi Min="0" Max="1">0</SupportHdmi>
                  <SupportRGB Min="0" Max="1">1</SupportRGB>
                  <SupportSMPTE Min="0" Max="1">1</SupportSMPTE>
                  <Support444 Min="0" Max="1">1</Support444>
                  <Support422 Min="0" Max="1">1</Support422>
                  <BitDepth48 Min="0" Max="1">1</BitDepth48>
                  <BitDepth36 Min="0" Max="1">1</BitDepth36>
                  <BitDepth30 Min="0" Max="1">1</BitDepth30>
                  <BitDepth LegalValues="0 1 2 3 4 5">1</BitDepth>
                  <MaxTmds Min="0" Max="255">0</MaxTmds>
                  <VideoFormat id="0">
                    <Name>Empty</Name>
                    <HFreq>0</HFreq>
                    <HSync Min="1" Max="1">1</HSync>
                    <HActive Min="0" Max="0">0</HActive>
                    <HFP Min="0" Max="0">0</HFP>
                    <HTotal Min="1" Max="8191">1</HTotal>
                    <VFreq Min="20" Max="75">20</VFreq>
                    <VSync Min="1" Max="1">1</VSync>
                    <VActive Min="0" Max="0">0</VActive>
                    <VFP Min="0" Max="0">0</VFP>
                    <VTotal Min="1" Max="8191">1</VTotal>
                    <PixelClk>0</PixelClk>
                    <HSP Min="78" Max="80">80</HSP>
                    <VSP Min="78" Max="80">80</VSP>
                    <AR Min="0" Max="1000">0</AR>
                    <Interlaced>80</Interlaced>
                    <VFType Min="0" Max="0">0</VFType>
                    <VFEnum Min="0" Max="4700">0</VFEnum>
                    <VFStdFrom Min="0" Max="4">0</VFStdFrom>
                    <VFStdNum>0</VFStdNum>
                  </VideoFormat>
                </EDIDOut>
              </HDMIOutput>
            </Out>
            <Out id="3">
              <Capacity LegalValues="0 1 2 4">1</Capacity>
              <DPOut id="0">
                <HdcpAuth Min="0" Max="1">0</HdcpAuth>
                <EDIDOut id="0">
                  <EDIDValid Min="0" Max="1">0</EDIDValid>
                  <SupportHdmi Min="0" Max="1">0</SupportHdmi>
                  <SupportRGB Min="0" Max="1">1</SupportRGB>
                  <SupportSMPTE Min="0" Max="1">1</SupportSMPTE>
                  <Support444 Min="0" Max="1">1</Support444>
                  <Support422 Min="0" Max="1">1</Support422>
                  <BitDepth48 Min="0" Max="1">1</BitDepth48>
                  <BitDepth36 Min="0" Max="1">1</BitDepth36>
                  <BitDepth30 Min="0" Max="1">1</BitDepth30>
                  <BitDepth LegalValues="0 1 2 3 4 5">1</BitDepth>
                  <MaxTmds Min="0" Max="255">0</MaxTmds>
                  <VideoFormat id="0">
                    <Name>Empty</Name>
                    <HFreq>0</HFreq>
                    <HSync Min="1" Max="1">1</HSync>
                    <HActive Min="0" Max="0">0</HActive>
                    <HFP Min="0" Max="0">0</HFP>
                    <HTotal Min="1" Max="8191">1</HTotal>
                    <VFreq Min="20" Max="75">20</VFreq>
                    <VSync Min="1" Max="1">1</VSync>
                    <VActive Min="0" Max="0">0</VActive>
                    <VFP Min="0" Max="0">0</VFP>
                    <VTotal Min="1" Max="8191">1</VTotal>
                    <PixelClk>0</PixelClk>
                    <HSP Min="78" Max="80">80</HSP>
                    <VSP Min="78" Max="80">80</VSP>
                    <AR Min="0" Max="1000">0</AR>
                    <Interlaced>80</Interlaced>
                    <VFType Min="0" Max="0">0</VFType>
                    <VFEnum Min="0" Max="4700">0</VFEnum>
                    <VFStdFrom Min="0" Max="4">0</VFStdFrom>
                    <VFStdNum>0</VFStdNum>
                  </VideoFormat>
                </EDIDOut>
              </DPOut>
              <DVIOut id="0">
                <HdcpAuth Min="0" Max="1">0</HdcpAuth>
                <EDIDOut id="0">
                  <EDIDValid Min="0" Max="1">0</EDIDValid>
                  <SupportHdmi Min="0" Max="1">0</SupportHdmi>
                  <SupportRGB Min="0" Max="1">1</SupportRGB>
                  <SupportSMPTE Min="0" Max="1">1</SupportSMPTE>
                  <Support444 Min="0" Max="1">1</Support444>
                  <Support422 Min="0" Max="1">1</Support422>
                  <BitDepth48 Min="0" Max="1">1</BitDepth48>
                  <BitDepth36 Min="0" Max="1">1</BitDepth36>
                  <BitDepth30 Min="0" Max="1">1</BitDepth30>
                  <BitDepth LegalValues="0 1 2 3 4 5">1</BitDepth>
                  <MaxTmds Min="0" Max="255">0</MaxTmds>
                  <VideoFormat id="0">
                    <Name>Empty</Name>
                    <HFreq>0</HFreq>
                    <HSync Min="1" Max="1">1</HSync>
                    <HActive Min="0" Max="0">0</HActive>
                    <HFP Min="0" Max="0">0</HFP>
                    <HTotal Min="1" Max="8191">1</HTotal>
                    <VFreq Min="20" Max="75">20</VFreq>
                    <VSync Min="1" Max="1">1</VSync>
                    <VActive Min="0" Max="0">0</VActive>
                    <VFP Min="0" Max="0">0</VFP>
                    <VTotal Min="1" Max="8191">1</VTotal>
                    <PixelClk>0</PixelClk>
                    <HSP Min="78" Max="80">80</HSP>
                    <VSP Min="78" Max="80">80</VSP>
                    <AR Min="0" Max="1000">0</AR>
                    <Interlaced>80</Interlaced>
                    <VFType Min="0" Max="0">0</VFType>
                    <VFEnum Min="0" Max="4700">0</VFEnum>
                    <VFStdFrom Min="0" Max="4">0</VFStdFrom>
                    <VFStdNum>0</VFStdNum>
                  </VideoFormat>
                </EDIDOut>
              </DVIOut>
              <SDIOut id="0">
                <Type3G LegalValues="0 1 2 3">2</Type3G>
              </SDIOut>
              <HDMIOutput id="0">
                <HdcpAuth Min="0" Max="1">0</HdcpAuth>
                <SinkType Min="0" Max="1">1</SinkType>
                <EDIDOut id="0">
                  <EDIDValid Min="0" Max="1">0</EDIDValid>
                  <SupportHdmi Min="0" Max="1">0</SupportHdmi>
                  <SupportRGB Min="0" Max="1">1</SupportRGB>
                  <SupportSMPTE Min="0" Max="1">1</SupportSMPTE>
                  <Support444 Min="0" Max="1">1</Support444>
                  <Support422 Min="0" Max="1">1</Support422>
                  <BitDepth48 Min="0" Max="1">1</BitDepth48>
                  <BitDepth36 Min="0" Max="1">1</BitDepth36>
                  <BitDepth30 Min="0" Max="1">1</BitDepth30>
                  <BitDepth LegalValues="0 1 2 3 4 5">1</BitDepth>
                  <MaxTmds Min="0" Max="255">0</MaxTmds>
                  <VideoFormat id="0">
                    <Name>Empty</Name>
                    <HFreq>0</HFreq>
                    <HSync Min="1" Max="1">1</HSync>
                    <HActive Min="0" Max="0">0</HActive>
                    <HFP Min="0" Max="0">0</HFP>
                    <HTotal Min="1" Max="8191">1</HTotal>
                    <VFreq Min="20" Max="75">20</VFreq>
                    <VSync Min="1" Max="1">1</VSync>
                    <VActive Min="0" Max="0">0</VActive>
                    <VFP Min="0" Max="0">0</VFP>
                    <VTotal Min="1" Max="8191">1</VTotal>
                    <PixelClk>0</PixelClk>
                    <HSP Min="78" Max="80">80</HSP>
                    <VSP Min="78" Max="80">80</VSP>
                    <AR Min="0" Max="1000">0</AR>
                    <Interlaced>80</Interlaced>
                    <VFType Min="0" Max="0">0</VFType>
                    <VFEnum Min="0" Max="4700">0</VFEnum>
                    <VFStdFrom Min="0" Max="4">0</VFStdFrom>
                    <VFStdNum>0</VFStdNum>
                  </VideoFormat>
                </EDIDOut>
              </HDMIOutput>
            </Out>
          </CardOut>
          <CardLayer id="0">
            <BankIndex Min="-1" Max="4">-1</BankIndex>
            <VpuIndex Min="-1" Max="4">-1</VpuIndex>
            <Luma Min="0" Max="100">37.5</Luma>
            <Sat Min="0" Max="100">100</Sat>
            <Hue Min="0" Max="360">0</Hue>
            <LinkAssign id="0">
              <XPos Min="0" Max="1000000">0</XPos>
              <YPos Min="0" Max="1000000">0</YPos>
              <ZPos Min="0" Max="1000000">0</ZPos>
              <DestIndex Min="-1" Max="127">-1</DestIndex>
              <Rect id="0">
                <HPos Min="-32767" Max="32767">0</HPos>
                <VPos Min="-32767" Max="32767">0</VPos>
                <HSize Min="0" Max="32767">0</HSize>
                <VSize Min="0" Max="32767">0</VSize>
                <AR Min="0" Max="99">0</AR>
              </Rect>
            </LinkAssign>
            <LinkAssign id="1">
              <XPos Min="0" Max="1000000">0</XPos>
              <YPos Min="0" Max="1000000">0</YPos>
              <ZPos Min="0" Max="1000000">0</ZPos>
              <DestIndex Min="-1" Max="127">-1</DestIndex>
              <Rect id="0">
                <HPos Min="-32767" Max="32767">0</HPos>
                <VPos Min="-32767" Max="32767">0</VPos>
                <HSize Min="0" Max="32767">0</HSize>
                <VSize Min="0" Max="32767">0</VSize>
                <AR Min="0" Max="99">0</AR>
              </Rect>
            </LinkAssign>
            <LinkAssign id="2">
              <XPos Min="0" Max="1000000">0</XPos>
              <YPos Min="0" Max="1000000">0</YPos>
              <ZPos Min="0" Max="1000000">0</ZPos>
              <DestIndex Min="-1" Max="127">-1</DestIndex>
              <Rect id="0">
                <HPos Min="-32767" Max="32767">0</HPos>
                <VPos Min="-32767" Max="32767">0</VPos>
                <HSize Min="0" Max="32767">0</HSize>
                <VSize Min="0" Max="32767">0</VSize>
                <AR Min="0" Max="99">0</AR>
              </Rect>
            </LinkAssign>
            <LinkAssign id="3">
              <XPos Min="0" Max="1000000">0</XPos>
              <YPos Min="0" Max="1000000">0</YPos>
              <ZPos Min="0" Max="1000000">0</ZPos>
              <DestIndex Min="-1" Max="127">-1</DestIndex>
              <Rect id="0">
                <HPos Min="-32767" Max="32767">0</HPos>
                <VPos Min="-32767" Max="32767">0</VPos>
                <HSize Min="0" Max="32767">0</HSize>
                <VSize Min="0" Max="32767">0</VSize>
                <AR Min="0" Max="99">0</AR>
              </Rect>
            </LinkAssign>
            <ScalerAssign id="0">
              <YPos Min="0" Max="1000000">0</YPos>
              <ZPos Min="0" Max="1000000">0</ZPos>
              <LayerIndex Min="-1" Max="512">-1</LayerIndex>
              <DestIndex Min="-1" Max="127">-1</DestIndex>
            </ScalerAssign>
            <ScalerAssign id="1">
              <YPos Min="0" Max="1000000">0</YPos>
              <ZPos Min="0" Max="1000000">0</ZPos>
              <LayerIndex Min="-1" Max="512">-1</LayerIndex>
              <DestIndex Min="-1" Max="127">-1</DestIndex>
            </ScalerAssign>
            <ScalerAssign id="2">
              <YPos Min="0" Max="1000000">0</YPos>
              <ZPos Min="0" Max="1000000">0</ZPos>
              <LayerIndex Min="-1" Max="512">-1</LayerIndex>
              <DestIndex Min="-1" Max="127">-1</DestIndex>
            </ScalerAssign>
            <ScalerAssign id="3">
              <YPos Min="0" Max="1000000">0</YPos>
              <ZPos Min="0" Max="1000000">0</ZPos>
              <LayerIndex Min="-1" Max="512">-1</LayerIndex>
              <DestIndex Min="-1" Max="127">-1</DestIndex>
            </ScalerAssign>
          </CardLayer>
        </Card>
      </Slot>
      <Slot id="18">
        <Card id="0">
          <CardStatus Min="0" Max="4">0</CardStatus>
          <CardType Min="0" Max="255">255</CardType>
          <CardID/>
          <SlotIndex Min="-1" Max="23">18</SlotIndex>
          <CardIn id="0">
            <NumOfChan Min="0" Max="4">4</NumOfChan>
            <CapacityStatus Min="0" Max="1">0</CapacityStatus>
            <In id="0">
              <AutoAcqMode Min="0" Max="1">1</AutoAcqMode>
              <Capacity LegalValues="0 1 2 4">0</Capacity>
              <ColorSpace LegalValues="-1 0 1">0</ColorSpace>
              <ColorRange LegalValues="0 1">0</ColorRange>
              <Sync Min="0" Max="2">0</Sync>
              <DPIn id="0">
                <Hdcp id="0">
                  <Mode Min="0" Max="1">0</Mode>
                  <HdcpAuth Min="0" Max="1">0</HdcpAuth>
                </Hdcp>
                <EDIDIn id="0">
                  <BitDepth LegalValues="1 2 3">2</BitDepth>
                  <EdidStatus Min="0" Max="4">0</EdidStatus>
                  <VideoFormat id="0">
                    <Name>1920x1080p @59.94</Name>
                    <HFreq>67433</HFreq>
                    <HSync Min="1" Max="192">88</HSync>
                    <HActive Min="0" Max="2024">1920</HActive>
                    <HFP Min="0" Max="192">88</HFP>
                    <HTotal Min="2096" Max="8191">2200</HTotal>
                    <VFreq Min="20" Max="75">59.9401</VFreq>
                    <VSync Min="1" Max="41">5</VSync>
                    <VActive Min="0" Max="1116">1080</VActive>
                    <VFP Min="0" Max="40">4</VFP>
                    <VTotal Min="1089" Max="8191">1125</VTotal>
                    <PixelClk>148.352</PixelClk>
                    <HSP Min="78" Max="80">80</HSP>
                    <VSP Min="78" Max="80">80</VSP>
                    <AR Min="0" Max="1000">1.77778</AR>
                    <Interlaced>80</Interlaced>
                    <VFType Min="0" Max="0">8</VFType>
                    <VFEnum Min="0" Max="4700">2708</VFEnum>
                    <VFStdFrom Min="0" Max="4">4</VFStdFrom>
                    <VFStdNum>16</VFStdNum>
                  </VideoFormat>
                </EDIDIn>
              </DPIn>
              <DVIIn id="0">
                <Hdcp id="0">
                  <Mode Min="0" Max="1">0</Mode>
                  <HdcpAuth Min="0" Max="1">0</HdcpAuth>
                </Hdcp>
                <EDIDIn id="0">
                  <BitDepth LegalValues="1">1</BitDepth>
                  <EdidStatus Min="0" Max="4">0</EdidStatus>
                  <VideoFormat id="0">
                    <Name>1920x1080p @59.94</Name>
                    <HFreq>67433</HFreq>
                    <HSync Min="1" Max="192">88</HSync>
                    <HActive Min="0" Max="2024">1920</HActive>
                    <HFP Min="0" Max="192">88</HFP>
                    <HTotal Min="2096" Max="8191">2200</HTotal>
                    <VFreq Min="20" Max="75">59.9401</VFreq>
                    <VSync Min="1" Max="41">5</VSync>
                    <VActive Min="0" Max="1116">1080</VActive>
                    <VFP Min="0" Max="40">4</VFP>
                    <VTotal Min="1089" Max="8191">1125</VTotal>
                    <PixelClk>148.352</PixelClk>
                    <HSP Min="78" Max="80">80</HSP>
                    <VSP Min="78" Max="80">80</VSP>
                    <AR Min="0" Max="1000">1.77778</AR>
                    <Interlaced>80</Interlaced>
                    <VFType Min="0" Max="0">8</VFType>
                    <VFEnum Min="0" Max="4700">2708</VFEnum>
                    <VFStdFrom Min="0" Max="4">4</VFStdFrom>
                    <VFStdNum>16</VFStdNum>
                  </VideoFormat>
                </EDIDIn>
              </DVIIn>
              <SDIIn id="0">
                <Type3G LegalValues="0 1 2 3">2</Type3G>
              </SDIIn>
              <HDMIIn id="0">
                <Hdcp id="0">
                  <Mode Min="0" Max="1">0</Mode>
                  <HdcpAuth Min="0" Max="1">0</HdcpAuth>
                </Hdcp>
                <EDIDIn id="0">
                  <BitDepth LegalValues="1 2 3">3</BitDepth>
                  <EdidStatus Min="0" Max="4">0</EdidStatus>
                  <VideoFormat id="0">
                    <Name>1920x1080p @59.94</Name>
                    <HFreq>67433</HFreq>
                    <HSync Min="1" Max="192">88</HSync>
                    <HActive Min="0" Max="2024">1920</HActive>
                    <HFP Min="0" Max="192">88</HFP>
                    <HTotal Min="2096" Max="8191">2200</HTotal>
                    <VFreq Min="20" Max="75">59.9401</VFreq>
                    <VSync Min="1" Max="41">5</VSync>
                    <VActive Min="0" Max="1116">1080</VActive>
                    <VFP Min="0" Max="40">4</VFP>
                    <VTotal Min="1089" Max="8191">1125</VTotal>
                    <PixelClk>148.352</PixelClk>
                    <HSP Min="78" Max="80">80</HSP>
                    <VSP Min="78" Max="80">80</VSP>
                    <AR Min="0" Max="1000">1.77778</AR>
                    <Interlaced>80</Interlaced>
                    <VFType Min="0" Max="0">8</VFType>
                    <VFEnum Min="0" Max="4700">2708</VFEnum>
                    <VFStdFrom Min="0" Max="4">4</VFStdFrom>
                    <VFStdNum>16</VFStdNum>
                  </VideoFormat>
                </EDIDIn>
              </HDMIIn>
              <VideoFormat id="0">
                <Name>Empty</Name>
                <HFreq>0</HFreq>
                <HSync Min="1" Max="1">1</HSync>
                <HActive Min="0" Max="0">0</HActive>
                <HFP Min="0" Max="0">0</HFP>
                <HTotal Min="1" Max="8191">1</HTotal>
                <VFreq Min="20" Max="75">20</VFreq>
                <VSync Min="1" Max="1">1</VSync>
                <VActive Min="0" Max="0">0</VActive>
                <VFP Min="0" Max="0">0</VFP>
                <VTotal Min="1" Max="8191">1</VTotal>
                <PixelClk>0</PixelClk>
                <HSP Min="78" Max="80">80</HSP>
                <VSP Min="78" Max="80">80</VSP>
                <AR Min="0" Max="1000">0</AR>
                <Interlaced>80</Interlaced>
                <VFType Min="0" Max="0">0</VFType>
                <VFEnum Min="0" Max="4700">0</VFEnum>
                <VFStdFrom Min="0" Max="4">0</VFStdFrom>
                <VFStdNum>0</VFStdNum>
              </VideoFormat>
            </In>
            <In id="1">
              <AutoAcqMode Min="0" Max="1">1</AutoAcqMode>
              <Capacity LegalValues="0 1 2 4">0</Capacity>
              <ColorSpace LegalValues="-1 0 1">0</ColorSpace>
              <ColorRange LegalValues="0 1">0</ColorRange>
              <Sync Min="0" Max="2">0</Sync>
              <DPIn id="0">
                <Hdcp id="0">
                  <Mode Min="0" Max="1">0</Mode>
                  <HdcpAuth Min="0" Max="1">0</HdcpAuth>
                </Hdcp>
                <EDIDIn id="0">
                  <BitDepth LegalValues="1 2 3">2</BitDepth>
                  <EdidStatus Min="0" Max="4">0</EdidStatus>
                  <VideoFormat id="0">
                    <Name>1920x1080p @59.94</Name>
                    <HFreq>67433</HFreq>
                    <HSync Min="1" Max="192">88</HSync>
                    <HActive Min="0" Max="2024">1920</HActive>
                    <HFP Min="0" Max="192">88</HFP>
                    <HTotal Min="2096" Max="8191">2200</HTotal>
                    <VFreq Min="20" Max="75">59.9401</VFreq>
                    <VSync Min="1" Max="41">5</VSync>
                    <VActive Min="0" Max="1116">1080</VActive>
                    <VFP Min="0" Max="40">4</VFP>
                    <VTotal Min="1089" Max="8191">1125</VTotal>
                    <PixelClk>148.352</PixelClk>
                    <HSP Min="78" Max="80">80</HSP>
                    <VSP Min="78" Max="80">80</VSP>
                    <AR Min="0" Max="1000">1.77778</AR>
                    <Interlaced>80</Interlaced>
                    <VFType Min="0" Max="0">8</VFType>
                    <VFEnum Min="0" Max="4700">2708</VFEnum>
                    <VFStdFrom Min="0" Max="4">4</VFStdFrom>
                    <VFStdNum>16</VFStdNum>
                  </VideoFormat>
                </EDIDIn>
              </DPIn>
              <DVIIn id="0">
                <Hdcp id="0">
                  <Mode Min="0" Max="1">0</Mode>
                  <HdcpAuth Min="0" Max="1">0</HdcpAuth>
                </Hdcp>
                <EDIDIn id="0">
                  <BitDepth LegalValues="1">1</BitDepth>
                  <EdidStatus Min="0" Max="4">0</EdidStatus>
                  <VideoFormat id="0">
                    <Name>1920x1080p @59.94</Name>
                    <HFreq>67433</HFreq>
                    <HSync Min="1" Max="192">88</HSync>
                    <HActive Min="0" Max="2024">1920</HActive>
                    <HFP Min="0" Max="192">88</HFP>
                    <HTotal Min="2096" Max="8191">2200</HTotal>
                    <VFreq Min="20" Max="75">59.9401</VFreq>
                    <VSync Min="1" Max="41">5</VSync>
                    <VActive Min="0" Max="1116">1080</VActive>
                    <VFP Min="0" Max="40">4</VFP>
                    <VTotal Min="1089" Max="8191">1125</VTotal>
                    <PixelClk>148.352</PixelClk>
                    <HSP Min="78" Max="80">80</HSP>
                    <VSP Min="78" Max="80">80</VSP>
                    <AR Min="0" Max="1000">1.77778</AR>
                    <Interlaced>80</Interlaced>
                    <VFType Min="0" Max="0">8</VFType>
                    <VFEnum Min="0" Max="4700">2708</VFEnum>
                    <VFStdFrom Min="0" Max="4">4</VFStdFrom>
                    <VFStdNum>16</VFStdNum>
                  </VideoFormat>
                </EDIDIn>
              </DVIIn>
              <SDIIn id="0">
                <Type3G LegalValues="0 1 2 3">2</Type3G>
              </SDIIn>
              <HDMIIn id="0">
                <Hdcp id="0">
                  <Mode Min="0" Max="1">0</Mode>
                  <HdcpAuth Min="0" Max="1">0</HdcpAuth>
                </Hdcp>
                <EDIDIn id="0">
                  <BitDepth LegalValues="1 2 3">3</BitDepth>
                  <EdidStatus Min="0" Max="4">0</EdidStatus>
                  <VideoFormat id="0">
                    <Name>1920x1080p @59.94</Name>
                    <HFreq>67433</HFreq>
                    <HSync Min="1" Max="192">88</HSync>
                    <HActive Min="0" Max="2024">1920</HActive>
                    <HFP Min="0" Max="192">88</HFP>
                    <HTotal Min="2096" Max="8191">2200</HTotal>
                    <VFreq Min="20" Max="75">59.9401</VFreq>
                    <VSync Min="1" Max="41">5</VSync>
                    <VActive Min="0" Max="1116">1080</VActive>
                    <VFP Min="0" Max="40">4</VFP>
                    <VTotal Min="1089" Max="8191">1125</VTotal>
                    <PixelClk>148.352</PixelClk>
                    <HSP Min="78" Max="80">80</HSP>
                    <VSP Min="78" Max="80">80</VSP>
                    <AR Min="0" Max="1000">1.77778</AR>
                    <Interlaced>80</Interlaced>
                    <VFType Min="0" Max="0">8</VFType>
                    <VFEnum Min="0" Max="4700">2708</VFEnum>
                    <VFStdFrom Min="0" Max="4">4</VFStdFrom>
                    <VFStdNum>16</VFStdNum>
                  </VideoFormat>
                </EDIDIn>
              </HDMIIn>
              <VideoFormat id="0">
                <Name>Empty</Name>
                <HFreq>0</HFreq>
                <HSync Min="1" Max="1">1</HSync>
                <HActive Min="0" Max="0">0</HActive>
                <HFP Min="0" Max="0">0</HFP>
                <HTotal Min="1" Max="8191">1</HTotal>
                <VFreq Min="20" Max="75">20</VFreq>
                <VSync Min="1" Max="1">1</VSync>
                <VActive Min="0" Max="0">0</VActive>
                <VFP Min="0" Max="0">0</VFP>
                <VTotal Min="1" Max="8191">1</VTotal>
                <PixelClk>0</PixelClk>
                <HSP Min="78" Max="80">80</HSP>
                <VSP Min="78" Max="80">80</VSP>
                <AR Min="0" Max="1000">0</AR>
                <Interlaced>80</Interlaced>
                <VFType Min="0" Max="0">0</VFType>
                <VFEnum Min="0" Max="4700">0</VFEnum>
                <VFStdFrom Min="0" Max="4">0</VFStdFrom>
                <VFStdNum>0</VFStdNum>
              </VideoFormat>
            </In>
            <In id="2">
              <AutoAcqMode Min="0" Max="1">1</AutoAcqMode>
              <Capacity LegalValues="0 1 2 4">0</Capacity>
              <ColorSpace LegalValues="-1 0 1">0</ColorSpace>
              <ColorRange LegalValues="0 1">0</ColorRange>
              <Sync Min="0" Max="2">0</Sync>
              <DPIn id="0">
                <Hdcp id="0">
                  <Mode Min="0" Max="1">0</Mode>
                  <HdcpAuth Min="0" Max="1">0</HdcpAuth>
                </Hdcp>
                <EDIDIn id="0">
                  <BitDepth LegalValues="1 2 3">2</BitDepth>
                  <EdidStatus Min="0" Max="4">0</EdidStatus>
                  <VideoFormat id="0">
                    <Name>1920x1080p @59.94</Name>
                    <HFreq>67433</HFreq>
                    <HSync Min="1" Max="192">88</HSync>
                    <HActive Min="0" Max="2024">1920</HActive>
                    <HFP Min="0" Max="192">88</HFP>
                    <HTotal Min="2096" Max="8191">2200</HTotal>
                    <VFreq Min="20" Max="75">59.9401</VFreq>
                    <VSync Min="1" Max="41">5</VSync>
                    <VActive Min="0" Max="1116">1080</VActive>
                    <VFP Min="0" Max="40">4</VFP>
                    <VTotal Min="1089" Max="8191">1125</VTotal>
                    <PixelClk>148.352</PixelClk>
                    <HSP Min="78" Max="80">80</HSP>
                    <VSP Min="78" Max="80">80</VSP>
                    <AR Min="0" Max="1000">1.77778</AR>
                    <Interlaced>80</Interlaced>
                    <VFType Min="0" Max="0">8</VFType>
                    <VFEnum Min="0" Max="4700">2708</VFEnum>
                    <VFStdFrom Min="0" Max="4">4</VFStdFrom>
                    <VFStdNum>16</VFStdNum>
                  </VideoFormat>
                </EDIDIn>
              </DPIn>
              <DVIIn id="0">
                <Hdcp id="0">
                  <Mode Min="0" Max="1">0</Mode>
                  <HdcpAuth Min="0" Max="1">0</HdcpAuth>
                </Hdcp>
                <EDIDIn id="0">
                  <BitDepth LegalValues="1">1</BitDepth>
                  <EdidStatus Min="0" Max="4">0</EdidStatus>
                  <VideoFormat id="0">
                    <Name>1920x1080p @59.94</Name>
                    <HFreq>67433</HFreq>
                    <HSync Min="1" Max="192">88</HSync>
                    <HActive Min="0" Max="2024">1920</HActive>
                    <HFP Min="0" Max="192">88</HFP>
                    <HTotal Min="2096" Max="8191">2200</HTotal>
                    <VFreq Min="20" Max="75">59.9401</VFreq>
                    <VSync Min="1" Max="41">5</VSync>
                    <VActive Min="0" Max="1116">1080</VActive>
                    <VFP Min="0" Max="40">4</VFP>
                    <VTotal Min="1089" Max="8191">1125</VTotal>
                    <PixelClk>148.352</PixelClk>
                    <HSP Min="78" Max="80">80</HSP>
                    <VSP Min="78" Max="80">80</VSP>
                    <AR Min="0" Max="1000">1.77778</AR>
                    <Interlaced>80</Interlaced>
                    <VFType Min="0" Max="0">8</VFType>
                    <VFEnum Min="0" Max="4700">2708</VFEnum>
                    <VFStdFrom Min="0" Max="4">4</VFStdFrom>
                    <VFStdNum>16</VFStdNum>
                  </VideoFormat>
                </EDIDIn>
              </DVIIn>
              <SDIIn id="0">
                <Type3G LegalValues="0 1 2 3">2</Type3G>
              </SDIIn>
              <HDMIIn id="0">
                <Hdcp id="0">
                  <Mode Min="0" Max="1">0</Mode>
                  <HdcpAuth Min="0" Max="1">0</HdcpAuth>
                </Hdcp>
                <EDIDIn id="0">
                  <BitDepth LegalValues="1 2 3">3</BitDepth>
                  <EdidStatus Min="0" Max="4">0</EdidStatus>
                  <VideoFormat id="0">
                    <Name>1920x1080p @59.94</Name>
                    <HFreq>67433</HFreq>
                    <HSync Min="1" Max="192">88</HSync>
                    <HActive Min="0" Max="2024">1920</HActive>
                    <HFP Min="0" Max="192">88</HFP>
                    <HTotal Min="2096" Max="8191">2200</HTotal>
                    <VFreq Min="20" Max="75">59.9401</VFreq>
                    <VSync Min="1" Max="41">5</VSync>
                    <VActive Min="0" Max="1116">1080</VActive>
                    <VFP Min="0" Max="40">4</VFP>
                    <VTotal Min="1089" Max="8191">1125</VTotal>
                    <PixelClk>148.352</PixelClk>
                    <HSP Min="78" Max="80">80</HSP>
                    <VSP Min="78" Max="80">80</VSP>
                    <AR Min="0" Max="1000">1.77778</AR>
                    <Interlaced>80</Interlaced>
                    <VFType Min="0" Max="0">8</VFType>
                    <VFEnum Min="0" Max="4700">2708</VFEnum>
                    <VFStdFrom Min="0" Max="4">4</VFStdFrom>
                    <VFStdNum>16</VFStdNum>
                  </VideoFormat>
                </EDIDIn>
              </HDMIIn>
              <VideoFormat id="0">
                <Name>Empty</Name>
                <HFreq>0</HFreq>
                <HSync Min="1" Max="1">1</HSync>
                <HActive Min="0" Max="0">0</HActive>
                <HFP Min="0" Max="0">0</HFP>
                <HTotal Min="1" Max="8191">1</HTotal>
                <VFreq Min="20" Max="75">20</VFreq>
                <VSync Min="1" Max="1">1</VSync>
                <VActive Min="0" Max="0">0</VActive>
                <VFP Min="0" Max="0">0</VFP>
                <VTotal Min="1" Max="8191">1</VTotal>
                <PixelClk>0</PixelClk>
                <HSP Min="78" Max="80">80</HSP>
                <VSP Min="78" Max="80">80</VSP>
                <AR Min="0" Max="1000">0</AR>
                <Interlaced>80</Interlaced>
                <VFType Min="0" Max="0">0</VFType>
                <VFEnum Min="0" Max="4700">0</VFEnum>
                <VFStdFrom Min="0" Max="4">0</VFStdFrom>
                <VFStdNum>0</VFStdNum>
              </VideoFormat>
            </In>
            <In id="3">
              <AutoAcqMode Min="0" Max="1">1</AutoAcqMode>
              <Capacity LegalValues="0 1 2 4">0</Capacity>
              <ColorSpace LegalValues="-1 0 1">0</ColorSpace>
              <ColorRange LegalValues="0 1">0</ColorRange>
              <Sync Min="0" Max="2">0</Sync>
              <DPIn id="0">
                <Hdcp id="0">
                  <Mode Min="0" Max="1">0</Mode>
                  <HdcpAuth Min="0" Max="1">0</HdcpAuth>
                </Hdcp>
                <EDIDIn id="0">
                  <BitDepth LegalValues="1 2 3">2</BitDepth>
                  <EdidStatus Min="0" Max="4">0</EdidStatus>
                  <VideoFormat id="0">
                    <Name>1920x1080p @59.94</Name>
                    <HFreq>67433</HFreq>
                    <HSync Min="1" Max="192">88</HSync>
                    <HActive Min="0" Max="2024">1920</HActive>
                    <HFP Min="0" Max="192">88</HFP>
                    <HTotal Min="2096" Max="8191">2200</HTotal>
                    <VFreq Min="20" Max="75">59.9401</VFreq>
                    <VSync Min="1" Max="41">5</VSync>
                    <VActive Min="0" Max="1116">1080</VActive>
                    <VFP Min="0" Max="40">4</VFP>
                    <VTotal Min="1089" Max="8191">1125</VTotal>
                    <PixelClk>148.352</PixelClk>
                    <HSP Min="78" Max="80">80</HSP>
                    <VSP Min="78" Max="80">80</VSP>
                    <AR Min="0" Max="1000">1.77778</AR>
                    <Interlaced>80</Interlaced>
                    <VFType Min="0" Max="0">8</VFType>
                    <VFEnum Min="0" Max="4700">2708</VFEnum>
                    <VFStdFrom Min="0" Max="4">4</VFStdFrom>
                    <VFStdNum>16</VFStdNum>
                  </VideoFormat>
                </EDIDIn>
              </DPIn>
              <DVIIn id="0">
                <Hdcp id="0">
                  <Mode Min="0" Max="1">0</Mode>
                  <HdcpAuth Min="0" Max="1">0</HdcpAuth>
                </Hdcp>
                <EDIDIn id="0">
                  <BitDepth LegalValues="1">1</BitDepth>
                  <EdidStatus Min="0" Max="4">0</EdidStatus>
                  <VideoFormat id="0">
                    <Name>1920x1080p @59.94</Name>
                    <HFreq>67433</HFreq>
                    <HSync Min="1" Max="192">88</HSync>
                    <HActive Min="0" Max="2024">1920</HActive>
                    <HFP Min="0" Max="192">88</HFP>
                    <HTotal Min="2096" Max="8191">2200</HTotal>
                    <VFreq Min="20" Max="75">59.9401</VFreq>
                    <VSync Min="1" Max="41">5</VSync>
                    <VActive Min="0" Max="1116">1080</VActive>
                    <VFP Min="0" Max="40">4</VFP>
                    <VTotal Min="1089" Max="8191">1125</VTotal>
                    <PixelClk>148.352</PixelClk>
                    <HSP Min="78" Max="80">80</HSP>
                    <VSP Min="78" Max="80">80</VSP>
                    <AR Min="0" Max="1000">1.77778</AR>
                    <Interlaced>80</Interlaced>
                    <VFType Min="0" Max="0">8</VFType>
                    <VFEnum Min="0" Max="4700">2708</VFEnum>
                    <VFStdFrom Min="0" Max="4">4</VFStdFrom>
                    <VFStdNum>16</VFStdNum>
                  </VideoFormat>
                </EDIDIn>
              </DVIIn>
              <SDIIn id="0">
                <Type3G LegalValues="0 1 2 3">2</Type3G>
              </SDIIn>
              <HDMIIn id="0">
                <Hdcp id="0">
                  <Mode Min="0" Max="1">0</Mode>
                  <HdcpAuth Min="0" Max="1">0</HdcpAuth>
                </Hdcp>
                <EDIDIn id="0">
                  <BitDepth LegalValues="1 2 3">3</BitDepth>
                  <EdidStatus Min="0" Max="4">0</EdidStatus>
                  <VideoFormat id="0">
                    <Name>1920x1080p @59.94</Name>
                    <HFreq>67433</HFreq>
                    <HSync Min="1" Max="192">88</HSync>
                    <HActive Min="0" Max="2024">1920</HActive>
                    <HFP Min="0" Max="192">88</HFP>
                    <HTotal Min="2096" Max="8191">2200</HTotal>
                    <VFreq Min="20" Max="75">59.9401</VFreq>
                    <VSync Min="1" Max="41">5</VSync>
                    <VActive Min="0" Max="1116">1080</VActive>
                    <VFP Min="0" Max="40">4</VFP>
                    <VTotal Min="1089" Max="8191">1125</VTotal>
                    <PixelClk>148.352</PixelClk>
                    <HSP Min="78" Max="80">80</HSP>
                    <VSP Min="78" Max="80">80</VSP>
                    <AR Min="0" Max="1000">1.77778</AR>
                    <Interlaced>80</Interlaced>
                    <VFType Min="0" Max="0">8</VFType>
                    <VFEnum Min="0" Max="4700">2708</VFEnum>
                    <VFStdFrom Min="0" Max="4">4</VFStdFrom>
                    <VFStdNum>16</VFStdNum>
                  </VideoFormat>
                </EDIDIn>
              </HDMIIn>
              <VideoFormat id="0">
                <Name>Empty</Name>
                <HFreq>0</HFreq>
                <HSync Min="1" Max="1">1</HSync>
                <HActive Min="0" Max="0">0</HActive>
                <HFP Min="0" Max="0">0</HFP>
                <HTotal Min="1" Max="8191">1</HTotal>
                <VFreq Min="20" Max="75">20</VFreq>
                <VSync Min="1" Max="1">1</VSync>
                <VActive Min="0" Max="0">0</VActive>
                <VFP Min="0" Max="0">0</VFP>
                <VTotal Min="1" Max="8191">1</VTotal>
                <PixelClk>0</PixelClk>
                <HSP Min="78" Max="80">80</HSP>
                <VSP Min="78" Max="80">80</VSP>
                <AR Min="0" Max="1000">0</AR>
                <Interlaced>80</Interlaced>
                <VFType Min="0" Max="0">0</VFType>
                <VFEnum Min="0" Max="4700">0</VFEnum>
                <VFStdFrom Min="0" Max="4">0</VFStdFrom>
                <VFStdNum>0</VFStdNum>
              </VideoFormat>
            </In>
          </CardIn>
          <CardExp id="0">
            <LinkConnector id="0">
              <Mode Min="0" Max="1">0</Mode>
              <IP>192.168.000.201</IP>
              <MacAddress>aa:aa:aa:aa:aa:aa</MacAddress>
              <Connected Min="0" Max="1">0</Connected>
              <ConnectorIndex Min="-1" Max="3">-1</ConnectorIndex>
              <SlotIndex Min="-1" Max="22">-1</SlotIndex>
            </LinkConnector>
            <LinkConnector id="1">
              <Mode Min="0" Max="1">0</Mode>
              <IP>192.168.000.201</IP>
              <MacAddress>aa:aa:aa:aa:aa:aa</MacAddress>
              <Connected Min="0" Max="1">0</Connected>
              <ConnectorIndex Min="-1" Max="3">-1</ConnectorIndex>
              <SlotIndex Min="-1" Max="22">-1</SlotIndex>
            </LinkConnector>
          </CardExp>
          <CardOut id="0">
            <NumOfChan Min="0" Max="4">4</NumOfChan>
            <CapacityStatus Min="0" Max="1">0</CapacityStatus>
            <Out id="0">
              <Capacity LegalValues="0 1 2 4">1</Capacity>
              <DPOut id="0">
                <HdcpAuth Min="0" Max="1">0</HdcpAuth>
                <EDIDOut id="0">
                  <EDIDValid Min="0" Max="1">0</EDIDValid>
                  <SupportHdmi Min="0" Max="1">0</SupportHdmi>
                  <SupportRGB Min="0" Max="1">1</SupportRGB>
                  <SupportSMPTE Min="0" Max="1">1</SupportSMPTE>
                  <Support444 Min="0" Max="1">1</Support444>
                  <Support422 Min="0" Max="1">1</Support422>
                  <BitDepth48 Min="0" Max="1">1</BitDepth48>
                  <BitDepth36 Min="0" Max="1">1</BitDepth36>
                  <BitDepth30 Min="0" Max="1">1</BitDepth30>
                  <BitDepth LegalValues="0 1 2 3 4 5">1</BitDepth>
                  <MaxTmds Min="0" Max="255">0</MaxTmds>
                  <VideoFormat id="0">
                    <Name>Empty</Name>
                    <HFreq>0</HFreq>
                    <HSync Min="1" Max="1">1</HSync>
                    <HActive Min="0" Max="0">0</HActive>
                    <HFP Min="0" Max="0">0</HFP>
                    <HTotal Min="1" Max="8191">1</HTotal>
                    <VFreq Min="20" Max="75">20</VFreq>
                    <VSync Min="1" Max="1">1</VSync>
                    <VActive Min="0" Max="0">0</VActive>
                    <VFP Min="0" Max="0">0</VFP>
                    <VTotal Min="1" Max="8191">1</VTotal>
                    <PixelClk>0</PixelClk>
                    <HSP Min="78" Max="80">80</HSP>
                    <VSP Min="78" Max="80">80</VSP>
                    <AR Min="0" Max="1000">0</AR>
                    <Interlaced>80</Interlaced>
                    <VFType Min="0" Max="0">0</VFType>
                    <VFEnum Min="0" Max="4700">0</VFEnum>
                    <VFStdFrom Min="0" Max="4">0</VFStdFrom>
                    <VFStdNum>0</VFStdNum>
                  </VideoFormat>
                </EDIDOut>
              </DPOut>
              <DVIOut id="0">
                <HdcpAuth Min="0" Max="1">0</HdcpAuth>
                <EDIDOut id="0">
                  <EDIDValid Min="0" Max="1">0</EDIDValid>
                  <SupportHdmi Min="0" Max="1">0</SupportHdmi>
                  <SupportRGB Min="0" Max="1">1</SupportRGB>
                  <SupportSMPTE Min="0" Max="1">1</SupportSMPTE>
                  <Support444 Min="0" Max="1">1</Support444>
                  <Support422 Min="0" Max="1">1</Support422>
                  <BitDepth48 Min="0" Max="1">1</BitDepth48>
                  <BitDepth36 Min="0" Max="1">1</BitDepth36>
                  <BitDepth30 Min="0" Max="1">1</BitDepth30>
                  <BitDepth LegalValues="0 1 2 3 4 5">1</BitDepth>
                  <MaxTmds Min="0" Max="255">0</MaxTmds>
                  <VideoFormat id="0">
                    <Name>Empty</Name>
                    <HFreq>0</HFreq>
                    <HSync Min="1" Max="1">1</HSync>
                    <HActive Min="0" Max="0">0</HActive>
                    <HFP Min="0" Max="0">0</HFP>
                    <HTotal Min="1" Max="8191">1</HTotal>
                    <VFreq Min="20" Max="75">20</VFreq>
                    <VSync Min="1" Max="1">1</VSync>
                    <VActive Min="0" Max="0">0</VActive>
                    <VFP Min="0" Max="0">0</VFP>
                    <VTotal Min="1" Max="8191">1</VTotal>
                    <PixelClk>0</PixelClk>
                    <HSP Min="78" Max="80">80</HSP>
                    <VSP Min="78" Max="80">80</VSP>
                    <AR Min="0" Max="1000">0</AR>
                    <Interlaced>80</Interlaced>
                    <VFType Min="0" Max="0">0</VFType>
                    <VFEnum Min="0" Max="4700">0</VFEnum>
                    <VFStdFrom Min="0" Max="4">0</VFStdFrom>
                    <VFStdNum>0</VFStdNum>
                  </VideoFormat>
                </EDIDOut>
              </DVIOut>
              <SDIOut id="0">
                <Type3G LegalValues="0 1 2 3">2</Type3G>
              </SDIOut>
              <HDMIOutput id="0">
                <HdcpAuth Min="0" Max="1">0</HdcpAuth>
                <SinkType Min="0" Max="1">1</SinkType>
                <EDIDOut id="0">
                  <EDIDValid Min="0" Max="1">0</EDIDValid>
                  <SupportHdmi Min="0" Max="1">0</SupportHdmi>
                  <SupportRGB Min="0" Max="1">1</SupportRGB>
                  <SupportSMPTE Min="0" Max="1">1</SupportSMPTE>
                  <Support444 Min="0" Max="1">1</Support444>
                  <Support422 Min="0" Max="1">1</Support422>
                  <BitDepth48 Min="0" Max="1">1</BitDepth48>
                  <BitDepth36 Min="0" Max="1">1</BitDepth36>
                  <BitDepth30 Min="0" Max="1">1</BitDepth30>
                  <BitDepth LegalValues="0 1 2 3 4 5">1</BitDepth>
                  <MaxTmds Min="0" Max="255">0</MaxTmds>
                  <VideoFormat id="0">
                    <Name>Empty</Name>
                    <HFreq>0</HFreq>
                    <HSync Min="1" Max="1">1</HSync>
                    <HActive Min="0" Max="0">0</HActive>
                    <HFP Min="0" Max="0">0</HFP>
                    <HTotal Min="1" Max="8191">1</HTotal>
                    <VFreq Min="20" Max="75">20</VFreq>
                    <VSync Min="1" Max="1">1</VSync>
                    <VActive Min="0" Max="0">0</VActive>
                    <VFP Min="0" Max="0">0</VFP>
                    <VTotal Min="1" Max="8191">1</VTotal>
                    <PixelClk>0</PixelClk>
                    <HSP Min="78" Max="80">80</HSP>
                    <VSP Min="78" Max="80">80</VSP>
                    <AR Min="0" Max="1000">0</AR>
                    <Interlaced>80</Interlaced>
                    <VFType Min="0" Max="0">0</VFType>
                    <VFEnum Min="0" Max="4700">0</VFEnum>
                    <VFStdFrom Min="0" Max="4">0</VFStdFrom>
                    <VFStdNum>0</VFStdNum>
                  </VideoFormat>
                </EDIDOut>
              </HDMIOutput>
            </Out>
            <Out id="1">
              <Capacity LegalValues="0 1 2 4">1</Capacity>
              <DPOut id="0">
                <HdcpAuth Min="0" Max="1">0</HdcpAuth>
                <EDIDOut id="0">
                  <EDIDValid Min="0" Max="1">0</EDIDValid>
                  <SupportHdmi Min="0" Max="1">0</SupportHdmi>
                  <SupportRGB Min="0" Max="1">1</SupportRGB>
                  <SupportSMPTE Min="0" Max="1">1</SupportSMPTE>
                  <Support444 Min="0" Max="1">1</Support444>
                  <Support422 Min="0" Max="1">1</Support422>
                  <BitDepth48 Min="0" Max="1">1</BitDepth48>
                  <BitDepth36 Min="0" Max="1">1</BitDepth36>
                  <BitDepth30 Min="0" Max="1">1</BitDepth30>
                  <BitDepth LegalValues="0 1 2 3 4 5">1</BitDepth>
                  <MaxTmds Min="0" Max="255">0</MaxTmds>
                  <VideoFormat id="0">
                    <Name>Empty</Name>
                    <HFreq>0</HFreq>
                    <HSync Min="1" Max="1">1</HSync>
                    <HActive Min="0" Max="0">0</HActive>
                    <HFP Min="0" Max="0">0</HFP>
                    <HTotal Min="1" Max="8191">1</HTotal>
                    <VFreq Min="20" Max="75">20</VFreq>
                    <VSync Min="1" Max="1">1</VSync>
                    <VActive Min="0" Max="0">0</VActive>
                    <VFP Min="0" Max="0">0</VFP>
                    <VTotal Min="1" Max="8191">1</VTotal>
                    <PixelClk>0</PixelClk>
                    <HSP Min="78" Max="80">80</HSP>
                    <VSP Min="78" Max="80">80</VSP>
                    <AR Min="0" Max="1000">0</AR>
                    <Interlaced>80</Interlaced>
                    <VFType Min="0" Max="0">0</VFType>
                    <VFEnum Min="0" Max="4700">0</VFEnum>
                    <VFStdFrom Min="0" Max="4">0</VFStdFrom>
                    <VFStdNum>0</VFStdNum>
                  </VideoFormat>
                </EDIDOut>
              </DPOut>
              <DVIOut id="0">
                <HdcpAuth Min="0" Max="1">0</HdcpAuth>
                <EDIDOut id="0">
                  <EDIDValid Min="0" Max="1">0</EDIDValid>
                  <SupportHdmi Min="0" Max="1">0</SupportHdmi>
                  <SupportRGB Min="0" Max="1">1</SupportRGB>
                  <SupportSMPTE Min="0" Max="1">1</SupportSMPTE>
                  <Support444 Min="0" Max="1">1</Support444>
                  <Support422 Min="0" Max="1">1</Support422>
                  <BitDepth48 Min="0" Max="1">1</BitDepth48>
                  <BitDepth36 Min="0" Max="1">1</BitDepth36>
                  <BitDepth30 Min="0" Max="1">1</BitDepth30>
                  <BitDepth LegalValues="0 1 2 3 4 5">1</BitDepth>
                  <MaxTmds Min="0" Max="255">0</MaxTmds>
                  <VideoFormat id="0">
                    <Name>Empty</Name>
                    <HFreq>0</HFreq>
                    <HSync Min="1" Max="1">1</HSync>
                    <HActive Min="0" Max="0">0</HActive>
                    <HFP Min="0" Max="0">0</HFP>
                    <HTotal Min="1" Max="8191">1</HTotal>
                    <VFreq Min="20" Max="75">20</VFreq>
                    <VSync Min="1" Max="1">1</VSync>
                    <VActive Min="0" Max="0">0</VActive>
                    <VFP Min="0" Max="0">0</VFP>
                    <VTotal Min="1" Max="8191">1</VTotal>
                    <PixelClk>0</PixelClk>
                    <HSP Min="78" Max="80">80</HSP>
                    <VSP Min="78" Max="80">80</VSP>
                    <AR Min="0" Max="1000">0</AR>
                    <Interlaced>80</Interlaced>
                    <VFType Min="0" Max="0">0</VFType>
                    <VFEnum Min="0" Max="4700">0</VFEnum>
                    <VFStdFrom Min="0" Max="4">0</VFStdFrom>
                    <VFStdNum>0</VFStdNum>
                  </VideoFormat>
                </EDIDOut>
              </DVIOut>
              <SDIOut id="0">
                <Type3G LegalValues="0 1 2 3">2</Type3G>
              </SDIOut>
              <HDMIOutput id="0">
                <HdcpAuth Min="0" Max="1">0</HdcpAuth>
                <SinkType Min="0" Max="1">1</SinkType>
                <EDIDOut id="0">
                  <EDIDValid Min="0" Max="1">0</EDIDValid>
                  <SupportHdmi Min="0" Max="1">0</SupportHdmi>
                  <SupportRGB Min="0" Max="1">1</SupportRGB>
                  <SupportSMPTE Min="0" Max="1">1</SupportSMPTE>
                  <Support444 Min="0" Max="1">1</Support444>
                  <Support422 Min="0" Max="1">1</Support422>
                  <BitDepth48 Min="0" Max="1">1</BitDepth48>
                  <BitDepth36 Min="0" Max="1">1</BitDepth36>
                  <BitDepth30 Min="0" Max="1">1</BitDepth30>
                  <BitDepth LegalValues="0 1 2 3 4 5">1</BitDepth>
                  <MaxTmds Min="0" Max="255">0</MaxTmds>
                  <VideoFormat id="0">
                    <Name>Empty</Name>
                    <HFreq>0</HFreq>
                    <HSync Min="1" Max="1">1</HSync>
                    <HActive Min="0" Max="0">0</HActive>
                    <HFP Min="0" Max="0">0</HFP>
                    <HTotal Min="1" Max="8191">1</HTotal>
                    <VFreq Min="20" Max="75">20</VFreq>
                    <VSync Min="1" Max="1">1</VSync>
                    <VActive Min="0" Max="0">0</VActive>
                    <VFP Min="0" Max="0">0</VFP>
                    <VTotal Min="1" Max="8191">1</VTotal>
                    <PixelClk>0</PixelClk>
                    <HSP Min="78" Max="80">80</HSP>
                    <VSP Min="78" Max="80">80</VSP>
                    <AR Min="0" Max="1000">0</AR>
                    <Interlaced>80</Interlaced>
                    <VFType Min="0" Max="0">0</VFType>
                    <VFEnum Min="0" Max="4700">0</VFEnum>
                    <VFStdFrom Min="0" Max="4">0</VFStdFrom>
                    <VFStdNum>0</VFStdNum>
                  </VideoFormat>
                </EDIDOut>
              </HDMIOutput>
            </Out>
            <Out id="2">
              <Capacity LegalValues="0 1 2 4">1</Capacity>
              <DPOut id="0">
                <HdcpAuth Min="0" Max="1">0</HdcpAuth>
                <EDIDOut id="0">
                  <EDIDValid Min="0" Max="1">0</EDIDValid>
                  <SupportHdmi Min="0" Max="1">0</SupportHdmi>
                  <SupportRGB Min="0" Max="1">1</SupportRGB>
                  <SupportSMPTE Min="0" Max="1">1</SupportSMPTE>
                  <Support444 Min="0" Max="1">1</Support444>
                  <Support422 Min="0" Max="1">1</Support422>
                  <BitDepth48 Min="0" Max="1">1</BitDepth48>
                  <BitDepth36 Min="0" Max="1">1</BitDepth36>
                  <BitDepth30 Min="0" Max="1">1</BitDepth30>
                  <BitDepth LegalValues="0 1 2 3 4 5">1</BitDepth>
                  <MaxTmds Min="0" Max="255">0</MaxTmds>
                  <VideoFormat id="0">
                    <Name>Empty</Name>
                    <HFreq>0</HFreq>
                    <HSync Min="1" Max="1">1</HSync>
                    <HActive Min="0" Max="0">0</HActive>
                    <HFP Min="0" Max="0">0</HFP>
                    <HTotal Min="1" Max="8191">1</HTotal>
                    <VFreq Min="20" Max="75">20</VFreq>
                    <VSync Min="1" Max="1">1</VSync>
                    <VActive Min="0" Max="0">0</VActive>
                    <VFP Min="0" Max="0">0</VFP>
                    <VTotal Min="1" Max="8191">1</VTotal>
                    <PixelClk>0</PixelClk>
                    <HSP Min="78" Max="80">80</HSP>
                    <VSP Min="78" Max="80">80</VSP>
                    <AR Min="0" Max="1000">0</AR>
                    <Interlaced>80</Interlaced>
                    <VFType Min="0" Max="0">0</VFType>
                    <VFEnum Min="0" Max="4700">0</VFEnum>
                    <VFStdFrom Min="0" Max="4">0</VFStdFrom>
                    <VFStdNum>0</VFStdNum>
                  </VideoFormat>
                </EDIDOut>
              </DPOut>
              <DVIOut id="0">
                <HdcpAuth Min="0" Max="1">0</HdcpAuth>
                <EDIDOut id="0">
                  <EDIDValid Min="0" Max="1">0</EDIDValid>
                  <SupportHdmi Min="0" Max="1">0</SupportHdmi>
                  <SupportRGB Min="0" Max="1">1</SupportRGB>
                  <SupportSMPTE Min="0" Max="1">1</SupportSMPTE>
                  <Support444 Min="0" Max="1">1</Support444>
                  <Support422 Min="0" Max="1">1</Support422>
                  <BitDepth48 Min="0" Max="1">1</BitDepth48>
                  <BitDepth36 Min="0" Max="1">1</BitDepth36>
                  <BitDepth30 Min="0" Max="1">1</BitDepth30>
                  <BitDepth LegalValues="0 1 2 3 4 5">1</BitDepth>
                  <MaxTmds Min="0" Max="255">0</MaxTmds>
                  <VideoFormat id="0">
                    <Name>Empty</Name>
                    <HFreq>0</HFreq>
                    <HSync Min="1" Max="1">1</HSync>
                    <HActive Min="0" Max="0">0</HActive>
                    <HFP Min="0" Max="0">0</HFP>
                    <HTotal Min="1" Max="8191">1</HTotal>
                    <VFreq Min="20" Max="75">20</VFreq>
                    <VSync Min="1" Max="1">1</VSync>
                    <VActive Min="0" Max="0">0</VActive>
                    <VFP Min="0" Max="0">0</VFP>
                    <VTotal Min="1" Max="8191">1</VTotal>
                    <PixelClk>0</PixelClk>
                    <HSP Min="78" Max="80">80</HSP>
                    <VSP Min="78" Max="80">80</VSP>
                    <AR Min="0" Max="1000">0</AR>
                    <Interlaced>80</Interlaced>
                    <VFType Min="0" Max="0">0</VFType>
                    <VFEnum Min="0" Max="4700">0</VFEnum>
                    <VFStdFrom Min="0" Max="4">0</VFStdFrom>
                    <VFStdNum>0</VFStdNum>
                  </VideoFormat>
                </EDIDOut>
              </DVIOut>
              <SDIOut id="0">
                <Type3G LegalValues="0 1 2 3">2</Type3G>
              </SDIOut>
              <HDMIOutput id="0">
                <HdcpAuth Min="0" Max="1">0</HdcpAuth>
                <SinkType Min="0" Max="1">1</SinkType>
                <EDIDOut id="0">
                  <EDIDValid Min="0" Max="1">0</EDIDValid>
                  <SupportHdmi Min="0" Max="1">0</SupportHdmi>
                  <SupportRGB Min="0" Max="1">1</SupportRGB>
                  <SupportSMPTE Min="0" Max="1">1</SupportSMPTE>
                  <Support444 Min="0" Max="1">1</Support444>
                  <Support422 Min="0" Max="1">1</Support422>
                  <BitDepth48 Min="0" Max="1">1</BitDepth48>
                  <BitDepth36 Min="0" Max="1">1</BitDepth36>
                  <BitDepth30 Min="0" Max="1">1</BitDepth30>
                  <BitDepth LegalValues="0 1 2 3 4 5">1</BitDepth>
                  <MaxTmds Min="0" Max="255">0</MaxTmds>
                  <VideoFormat id="0">
                    <Name>Empty</Name>
                    <HFreq>0</HFreq>
                    <HSync Min="1" Max="1">1</HSync>
                    <HActive Min="0" Max="0">0</HActive>
                    <HFP Min="0" Max="0">0</HFP>
                    <HTotal Min="1" Max="8191">1</HTotal>
                    <VFreq Min="20" Max="75">20</VFreq>
                    <VSync Min="1" Max="1">1</VSync>
                    <VActive Min="0" Max="0">0</VActive>
                    <VFP Min="0" Max="0">0</VFP>
                    <VTotal Min="1" Max="8191">1</VTotal>
                    <PixelClk>0</PixelClk>
                    <HSP Min="78" Max="80">80</HSP>
                    <VSP Min="78" Max="80">80</VSP>
                    <AR Min="0" Max="1000">0</AR>
                    <Interlaced>80</Interlaced>
                    <VFType Min="0" Max="0">0</VFType>
                    <VFEnum Min="0" Max="4700">0</VFEnum>
                    <VFStdFrom Min="0" Max="4">0</VFStdFrom>
                    <VFStdNum>0</VFStdNum>
                  </VideoFormat>
                </EDIDOut>
              </HDMIOutput>
            </Out>
            <Out id="3">
              <Capacity LegalValues="0 1 2 4">1</Capacity>
              <DPOut id="0">
                <HdcpAuth Min="0" Max="1">0</HdcpAuth>
                <EDIDOut id="0">
                  <EDIDValid Min="0" Max="1">0</EDIDValid>
                  <SupportHdmi Min="0" Max="1">0</SupportHdmi>
                  <SupportRGB Min="0" Max="1">1</SupportRGB>
                  <SupportSMPTE Min="0" Max="1">1</SupportSMPTE>
                  <Support444 Min="0" Max="1">1</Support444>
                  <Support422 Min="0" Max="1">1</Support422>
                  <BitDepth48 Min="0" Max="1">1</BitDepth48>
                  <BitDepth36 Min="0" Max="1">1</BitDepth36>
                  <BitDepth30 Min="0" Max="1">1</BitDepth30>
                  <BitDepth LegalValues="0 1 2 3 4 5">1</BitDepth>
                  <MaxTmds Min="0" Max="255">0</MaxTmds>
                  <VideoFormat id="0">
                    <Name>Empty</Name>
                    <HFreq>0</HFreq>
                    <HSync Min="1" Max="1">1</HSync>
                    <HActive Min="0" Max="0">0</HActive>
                    <HFP Min="0" Max="0">0</HFP>
                    <HTotal Min="1" Max="8191">1</HTotal>
                    <VFreq Min="20" Max="75">20</VFreq>
                    <VSync Min="1" Max="1">1</VSync>
                    <VActive Min="0" Max="0">0</VActive>
                    <VFP Min="0" Max="0">0</VFP>
                    <VTotal Min="1" Max="8191">1</VTotal>
                    <PixelClk>0</PixelClk>
                    <HSP Min="78" Max="80">80</HSP>
                    <VSP Min="78" Max="80">80</VSP>
                    <AR Min="0" Max="1000">0</AR>
                    <Interlaced>80</Interlaced>
                    <VFType Min="0" Max="0">0</VFType>
                    <VFEnum Min="0" Max="4700">0</VFEnum>
                    <VFStdFrom Min="0" Max="4">0</VFStdFrom>
                    <VFStdNum>0</VFStdNum>
                  </VideoFormat>
                </EDIDOut>
              </DPOut>
              <DVIOut id="0">
                <HdcpAuth Min="0" Max="1">0</HdcpAuth>
                <EDIDOut id="0">
                  <EDIDValid Min="0" Max="1">0</EDIDValid>
                  <SupportHdmi Min="0" Max="1">0</SupportHdmi>
                  <SupportRGB Min="0" Max="1">1</SupportRGB>
                  <SupportSMPTE Min="0" Max="1">1</SupportSMPTE>
                  <Support444 Min="0" Max="1">1</Support444>
                  <Support422 Min="0" Max="1">1</Support422>
                  <BitDepth48 Min="0" Max="1">1</BitDepth48>
                  <BitDepth36 Min="0" Max="1">1</BitDepth36>
                  <BitDepth30 Min="0" Max="1">1</BitDepth30>
                  <BitDepth LegalValues="0 1 2 3 4 5">1</BitDepth>
                  <MaxTmds Min="0" Max="255">0</MaxTmds>
                  <VideoFormat id="0">
                    <Name>Empty</Name>
                    <HFreq>0</HFreq>
                    <HSync Min="1" Max="1">1</HSync>
                    <HActive Min="0" Max="0">0</HActive>
                    <HFP Min="0" Max="0">0</HFP>
                    <HTotal Min="1" Max="8191">1</HTotal>
                    <VFreq Min="20" Max="75">20</VFreq>
                    <VSync Min="1" Max="1">1</VSync>
                    <VActive Min="0" Max="0">0</VActive>
                    <VFP Min="0" Max="0">0</VFP>
                    <VTotal Min="1" Max="8191">1</VTotal>
                    <PixelClk>0</PixelClk>
                    <HSP Min="78" Max="80">80</HSP>
                    <VSP Min="78" Max="80">80</VSP>
                    <AR Min="0" Max="1000">0</AR>
                    <Interlaced>80</Interlaced>
                    <VFType Min="0" Max="0">0</VFType>
                    <VFEnum Min="0" Max="4700">0</VFEnum>
                    <VFStdFrom Min="0" Max="4">0</VFStdFrom>
                    <VFStdNum>0</VFStdNum>
                  </VideoFormat>
                </EDIDOut>
              </DVIOut>
              <SDIOut id="0">
                <Type3G LegalValues="0 1 2 3">2</Type3G>
              </SDIOut>
              <HDMIOutput id="0">
                <HdcpAuth Min="0" Max="1">0</HdcpAuth>
                <SinkType Min="0" Max="1">1</SinkType>
                <EDIDOut id="0">
                  <EDIDValid Min="0" Max="1">0</EDIDValid>
                  <SupportHdmi Min="0" Max="1">0</SupportHdmi>
                  <SupportRGB Min="0" Max="1">1</SupportRGB>
                  <SupportSMPTE Min="0" Max="1">1</SupportSMPTE>
                  <Support444 Min="0" Max="1">1</Support444>
                  <Support422 Min="0" Max="1">1</Support422>
                  <BitDepth48 Min="0" Max="1">1</BitDepth48>
                  <BitDepth36 Min="0" Max="1">1</BitDepth36>
                  <BitDepth30 Min="0" Max="1">1</BitDepth30>
                  <BitDepth LegalValues="0 1 2 3 4 5">1</BitDepth>
                  <MaxTmds Min="0" Max="255">0</MaxTmds>
                  <VideoFormat id="0">
                    <Name>Empty</Name>
                    <HFreq>0</HFreq>
                    <HSync Min="1" Max="1">1</HSync>
                    <HActive Min="0" Max="0">0</HActive>
                    <HFP Min="0" Max="0">0</HFP>
                    <HTotal Min="1" Max="8191">1</HTotal>
                    <VFreq Min="20" Max="75">20</VFreq>
                    <VSync Min="1" Max="1">1</VSync>
                    <VActive Min="0" Max="0">0</VActive>
                    <VFP Min="0" Max="0">0</VFP>
                    <VTotal Min="1" Max="8191">1</VTotal>
                    <PixelClk>0</PixelClk>
                    <HSP Min="78" Max="80">80</HSP>
                    <VSP Min="78" Max="80">80</VSP>
                    <AR Min="0" Max="1000">0</AR>
                    <Interlaced>80</Interlaced>
                    <VFType Min="0" Max="0">0</VFType>
                    <VFEnum Min="0" Max="4700">0</VFEnum>
                    <VFStdFrom Min="0" Max="4">0</VFStdFrom>
                    <VFStdNum>0</VFStdNum>
                  </VideoFormat>
                </EDIDOut>
              </HDMIOutput>
            </Out>
          </CardOut>
          <CardLayer id="0">
            <BankIndex Min="-1" Max="4">-1</BankIndex>
            <VpuIndex Min="-1" Max="4">-1</VpuIndex>
            <Luma Min="0" Max="100">37.5</Luma>
            <Sat Min="0" Max="100">100</Sat>
            <Hue Min="0" Max="360">0</Hue>
            <LinkAssign id="0">
              <XPos Min="0" Max="1000000">0</XPos>
              <YPos Min="0" Max="1000000">0</YPos>
              <ZPos Min="0" Max="1000000">0</ZPos>
              <DestIndex Min="-1" Max="127">-1</DestIndex>
              <Rect id="0">
                <HPos Min="-32767" Max="32767">0</HPos>
                <VPos Min="-32767" Max="32767">0</VPos>
                <HSize Min="0" Max="32767">0</HSize>
                <VSize Min="0" Max="32767">0</VSize>
                <AR Min="0" Max="99">0</AR>
              </Rect>
            </LinkAssign>
            <LinkAssign id="1">
              <XPos Min="0" Max="1000000">0</XPos>
              <YPos Min="0" Max="1000000">0</YPos>
              <ZPos Min="0" Max="1000000">0</ZPos>
              <DestIndex Min="-1" Max="127">-1</DestIndex>
              <Rect id="0">
                <HPos Min="-32767" Max="32767">0</HPos>
                <VPos Min="-32767" Max="32767">0</VPos>
                <HSize Min="0" Max="32767">0</HSize>
                <VSize Min="0" Max="32767">0</VSize>
                <AR Min="0" Max="99">0</AR>
              </Rect>
            </LinkAssign>
            <LinkAssign id="2">
              <XPos Min="0" Max="1000000">0</XPos>
              <YPos Min="0" Max="1000000">0</YPos>
              <ZPos Min="0" Max="1000000">0</ZPos>
              <DestIndex Min="-1" Max="127">-1</DestIndex>
              <Rect id="0">
                <HPos Min="-32767" Max="32767">0</HPos>
                <VPos Min="-32767" Max="32767">0</VPos>
                <HSize Min="0" Max="32767">0</HSize>
                <VSize Min="0" Max="32767">0</VSize>
                <AR Min="0" Max="99">0</AR>
              </Rect>
            </LinkAssign>
            <LinkAssign id="3">
              <XPos Min="0" Max="1000000">0</XPos>
              <YPos Min="0" Max="1000000">0</YPos>
              <ZPos Min="0" Max="1000000">0</ZPos>
              <DestIndex Min="-1" Max="127">-1</DestIndex>
              <Rect id="0">
                <HPos Min="-32767" Max="32767">0</HPos>
                <VPos Min="-32767" Max="32767">0</VPos>
                <HSize Min="0" Max="32767">0</HSize>
                <VSize Min="0" Max="32767">0</VSize>
                <AR Min="0" Max="99">0</AR>
              </Rect>
            </LinkAssign>
            <ScalerAssign id="0">
              <YPos Min="0" Max="1000000">0</YPos>
              <ZPos Min="0" Max="1000000">0</ZPos>
              <LayerIndex Min="-1" Max="512">-1</LayerIndex>
              <DestIndex Min="-1" Max="127">-1</DestIndex>
            </ScalerAssign>
            <ScalerAssign id="1">
              <YPos Min="0" Max="1000000">0</YPos>
              <ZPos Min="0" Max="1000000">0</ZPos>
              <LayerIndex Min="-1" Max="512">-1</LayerIndex>
              <DestIndex Min="-1" Max="127">-1</DestIndex>
            </ScalerAssign>
            <ScalerAssign id="2">
              <YPos Min="0" Max="1000000">0</YPos>
              <ZPos Min="0" Max="1000000">0</ZPos>
              <LayerIndex Min="-1" Max="512">-1</LayerIndex>
              <DestIndex Min="-1" Max="127">-1</DestIndex>
            </ScalerAssign>
            <ScalerAssign id="3">
              <YPos Min="0" Max="1000000">0</YPos>
              <ZPos Min="0" Max="1000000">0</ZPos>
              <LayerIndex Min="-1" Max="512">-1</LayerIndex>
              <DestIndex Min="-1" Max="127">-1</DestIndex>
            </ScalerAssign>
          </CardLayer>
        </Card>
      </Slot>
      <Slot id="19">
        <Card id="0">
          <CardStatus Min="0" Max="4">0</CardStatus>
          <CardType Min="0" Max="255">255</CardType>
          <CardID/>
          <SlotIndex Min="-1" Max="23">19</SlotIndex>
          <CardIn id="0">
            <NumOfChan Min="0" Max="4">4</NumOfChan>
            <CapacityStatus Min="0" Max="1">0</CapacityStatus>
            <In id="0">
              <AutoAcqMode Min="0" Max="1">1</AutoAcqMode>
              <Capacity LegalValues="0 1 2 4">0</Capacity>
              <ColorSpace LegalValues="-1 0 1">0</ColorSpace>
              <ColorRange LegalValues="0 1">0</ColorRange>
              <Sync Min="0" Max="2">0</Sync>
              <DPIn id="0">
                <Hdcp id="0">
                  <Mode Min="0" Max="1">0</Mode>
                  <HdcpAuth Min="0" Max="1">0</HdcpAuth>
                </Hdcp>
                <EDIDIn id="0">
                  <BitDepth LegalValues="1 2 3">2</BitDepth>
                  <EdidStatus Min="0" Max="4">0</EdidStatus>
                  <VideoFormat id="0">
                    <Name>1920x1080p @59.94</Name>
                    <HFreq>67433</HFreq>
                    <HSync Min="1" Max="192">88</HSync>
                    <HActive Min="0" Max="2024">1920</HActive>
                    <HFP Min="0" Max="192">88</HFP>
                    <HTotal Min="2096" Max="8191">2200</HTotal>
                    <VFreq Min="20" Max="75">59.9401</VFreq>
                    <VSync Min="1" Max="41">5</VSync>
                    <VActive Min="0" Max="1116">1080</VActive>
                    <VFP Min="0" Max="40">4</VFP>
                    <VTotal Min="1089" Max="8191">1125</VTotal>
                    <PixelClk>148.352</PixelClk>
                    <HSP Min="78" Max="80">80</HSP>
                    <VSP Min="78" Max="80">80</VSP>
                    <AR Min="0" Max="1000">1.77778</AR>
                    <Interlaced>80</Interlaced>
                    <VFType Min="0" Max="0">8</VFType>
                    <VFEnum Min="0" Max="4700">2708</VFEnum>
                    <VFStdFrom Min="0" Max="4">4</VFStdFrom>
                    <VFStdNum>16</VFStdNum>
                  </VideoFormat>
                </EDIDIn>
              </DPIn>
              <DVIIn id="0">
                <Hdcp id="0">
                  <Mode Min="0" Max="1">0</Mode>
                  <HdcpAuth Min="0" Max="1">0</HdcpAuth>
                </Hdcp>
                <EDIDIn id="0">
                  <BitDepth LegalValues="1">1</BitDepth>
                  <EdidStatus Min="0" Max="4">0</EdidStatus>
                  <VideoFormat id="0">
                    <Name>1920x1080p @59.94</Name>
                    <HFreq>67433</HFreq>
                    <HSync Min="1" Max="192">88</HSync>
                    <HActive Min="0" Max="2024">1920</HActive>
                    <HFP Min="0" Max="192">88</HFP>
                    <HTotal Min="2096" Max="8191">2200</HTotal>
                    <VFreq Min="20" Max="75">59.9401</VFreq>
                    <VSync Min="1" Max="41">5</VSync>
                    <VActive Min="0" Max="1116">1080</VActive>
                    <VFP Min="0" Max="40">4</VFP>
                    <VTotal Min="1089" Max="8191">1125</VTotal>
                    <PixelClk>148.352</PixelClk>
                    <HSP Min="78" Max="80">80</HSP>
                    <VSP Min="78" Max="80">80</VSP>
                    <AR Min="0" Max="1000">1.77778</AR>
                    <Interlaced>80</Interlaced>
                    <VFType Min="0" Max="0">8</VFType>
                    <VFEnum Min="0" Max="4700">2708</VFEnum>
                    <VFStdFrom Min="0" Max="4">4</VFStdFrom>
                    <VFStdNum>16</VFStdNum>
                  </VideoFormat>
                </EDIDIn>
              </DVIIn>
              <SDIIn id="0">
                <Type3G LegalValues="0 1 2 3">2</Type3G>
              </SDIIn>
              <HDMIIn id="0">
                <Hdcp id="0">
                  <Mode Min="0" Max="1">0</Mode>
                  <HdcpAuth Min="0" Max="1">0</HdcpAuth>
                </Hdcp>
                <EDIDIn id="0">
                  <BitDepth LegalValues="1 2 3">3</BitDepth>
                  <EdidStatus Min="0" Max="4">0</EdidStatus>
                  <VideoFormat id="0">
                    <Name>1920x1080p @59.94</Name>
                    <HFreq>67433</HFreq>
                    <HSync Min="1" Max="192">88</HSync>
                    <HActive Min="0" Max="2024">1920</HActive>
                    <HFP Min="0" Max="192">88</HFP>
                    <HTotal Min="2096" Max="8191">2200</HTotal>
                    <VFreq Min="20" Max="75">59.9401</VFreq>
                    <VSync Min="1" Max="41">5</VSync>
                    <VActive Min="0" Max="1116">1080</VActive>
                    <VFP Min="0" Max="40">4</VFP>
                    <VTotal Min="1089" Max="8191">1125</VTotal>
                    <PixelClk>148.352</PixelClk>
                    <HSP Min="78" Max="80">80</HSP>
                    <VSP Min="78" Max="80">80</VSP>
                    <AR Min="0" Max="1000">1.77778</AR>
                    <Interlaced>80</Interlaced>
                    <VFType Min="0" Max="0">8</VFType>
                    <VFEnum Min="0" Max="4700">2708</VFEnum>
                    <VFStdFrom Min="0" Max="4">4</VFStdFrom>
                    <VFStdNum>16</VFStdNum>
                  </VideoFormat>
                </EDIDIn>
              </HDMIIn>
              <VideoFormat id="0">
                <Name>Empty</Name>
                <HFreq>0</HFreq>
                <HSync Min="1" Max="1">1</HSync>
                <HActive Min="0" Max="0">0</HActive>
                <HFP Min="0" Max="0">0</HFP>
                <HTotal Min="1" Max="8191">1</HTotal>
                <VFreq Min="20" Max="75">20</VFreq>
                <VSync Min="1" Max="1">1</VSync>
                <VActive Min="0" Max="0">0</VActive>
                <VFP Min="0" Max="0">0</VFP>
                <VTotal Min="1" Max="8191">1</VTotal>
                <PixelClk>0</PixelClk>
                <HSP Min="78" Max="80">80</HSP>
                <VSP Min="78" Max="80">80</VSP>
                <AR Min="0" Max="1000">0</AR>
                <Interlaced>80</Interlaced>
                <VFType Min="0" Max="0">0</VFType>
                <VFEnum Min="0" Max="4700">0</VFEnum>
                <VFStdFrom Min="0" Max="4">0</VFStdFrom>
                <VFStdNum>0</VFStdNum>
              </VideoFormat>
            </In>
            <In id="1">
              <AutoAcqMode Min="0" Max="1">1</AutoAcqMode>
              <Capacity LegalValues="0 1 2 4">0</Capacity>
              <ColorSpace LegalValues="-1 0 1">0</ColorSpace>
              <ColorRange LegalValues="0 1">0</ColorRange>
              <Sync Min="0" Max="2">0</Sync>
              <DPIn id="0">
                <Hdcp id="0">
                  <Mode Min="0" Max="1">0</Mode>
                  <HdcpAuth Min="0" Max="1">0</HdcpAuth>
                </Hdcp>
                <EDIDIn id="0">
                  <BitDepth LegalValues="1 2 3">2</BitDepth>
                  <EdidStatus Min="0" Max="4">0</EdidStatus>
                  <VideoFormat id="0">
                    <Name>1920x1080p @59.94</Name>
                    <HFreq>67433</HFreq>
                    <HSync Min="1" Max="192">88</HSync>
                    <HActive Min="0" Max="2024">1920</HActive>
                    <HFP Min="0" Max="192">88</HFP>
                    <HTotal Min="2096" Max="8191">2200</HTotal>
                    <VFreq Min="20" Max="75">59.9401</VFreq>
                    <VSync Min="1" Max="41">5</VSync>
                    <VActive Min="0" Max="1116">1080</VActive>
                    <VFP Min="0" Max="40">4</VFP>
                    <VTotal Min="1089" Max="8191">1125</VTotal>
                    <PixelClk>148.352</PixelClk>
                    <HSP Min="78" Max="80">80</HSP>
                    <VSP Min="78" Max="80">80</VSP>
                    <AR Min="0" Max="1000">1.77778</AR>
                    <Interlaced>80</Interlaced>
                    <VFType Min="0" Max="0">8</VFType>
                    <VFEnum Min="0" Max="4700">2708</VFEnum>
                    <VFStdFrom Min="0" Max="4">4</VFStdFrom>
                    <VFStdNum>16</VFStdNum>
                  </VideoFormat>
                </EDIDIn>
              </DPIn>
              <DVIIn id="0">
                <Hdcp id="0">
                  <Mode Min="0" Max="1">0</Mode>
                  <HdcpAuth Min="0" Max="1">0</HdcpAuth>
                </Hdcp>
                <EDIDIn id="0">
                  <BitDepth LegalValues="1">1</BitDepth>
                  <EdidStatus Min="0" Max="4">0</EdidStatus>
                  <VideoFormat id="0">
                    <Name>1920x1080p @59.94</Name>
                    <HFreq>67433</HFreq>
                    <HSync Min="1" Max="192">88</HSync>
                    <HActive Min="0" Max="2024">1920</HActive>
                    <HFP Min="0" Max="192">88</HFP>
                    <HTotal Min="2096" Max="8191">2200</HTotal>
                    <VFreq Min="20" Max="75">59.9401</VFreq>
                    <VSync Min="1" Max="41">5</VSync>
                    <VActive Min="0" Max="1116">1080</VActive>
                    <VFP Min="0" Max="40">4</VFP>
                    <VTotal Min="1089" Max="8191">1125</VTotal>
                    <PixelClk>148.352</PixelClk>
                    <HSP Min="78" Max="80">80</HSP>
                    <VSP Min="78" Max="80">80</VSP>
                    <AR Min="0" Max="1000">1.77778</AR>
                    <Interlaced>80</Interlaced>
                    <VFType Min="0" Max="0">8</VFType>
                    <VFEnum Min="0" Max="4700">2708</VFEnum>
                    <VFStdFrom Min="0" Max="4">4</VFStdFrom>
                    <VFStdNum>16</VFStdNum>
                  </VideoFormat>
                </EDIDIn>
              </DVIIn>
              <SDIIn id="0">
                <Type3G LegalValues="0 1 2 3">2</Type3G>
              </SDIIn>
              <HDMIIn id="0">
                <Hdcp id="0">
                  <Mode Min="0" Max="1">0</Mode>
                  <HdcpAuth Min="0" Max="1">0</HdcpAuth>
                </Hdcp>
                <EDIDIn id="0">
                  <BitDepth LegalValues="1 2 3">3</BitDepth>
                  <EdidStatus Min="0" Max="4">0</EdidStatus>
                  <VideoFormat id="0">
                    <Name>1920x1080p @59.94</Name>
                    <HFreq>67433</HFreq>
                    <HSync Min="1" Max="192">88</HSync>
                    <HActive Min="0" Max="2024">1920</HActive>
                    <HFP Min="0" Max="192">88</HFP>
                    <HTotal Min="2096" Max="8191">2200</HTotal>
                    <VFreq Min="20" Max="75">59.9401</VFreq>
                    <VSync Min="1" Max="41">5</VSync>
                    <VActive Min="0" Max="1116">1080</VActive>
                    <VFP Min="0" Max="40">4</VFP>
                    <VTotal Min="1089" Max="8191">1125</VTotal>
                    <PixelClk>148.352</PixelClk>
                    <HSP Min="78" Max="80">80</HSP>
                    <VSP Min="78" Max="80">80</VSP>
                    <AR Min="0" Max="1000">1.77778</AR>
                    <Interlaced>80</Interlaced>
                    <VFType Min="0" Max="0">8</VFType>
                    <VFEnum Min="0" Max="4700">2708</VFEnum>
                    <VFStdFrom Min="0" Max="4">4</VFStdFrom>
                    <VFStdNum>16</VFStdNum>
                  </VideoFormat>
                </EDIDIn>
              </HDMIIn>
              <VideoFormat id="0">
                <Name>Empty</Name>
                <HFreq>0</HFreq>
                <HSync Min="1" Max="1">1</HSync>
                <HActive Min="0" Max="0">0</HActive>
                <HFP Min="0" Max="0">0</HFP>
                <HTotal Min="1" Max="8191">1</HTotal>
                <VFreq Min="20" Max="75">20</VFreq>
                <VSync Min="1" Max="1">1</VSync>
                <VActive Min="0" Max="0">0</VActive>
                <VFP Min="0" Max="0">0</VFP>
                <VTotal Min="1" Max="8191">1</VTotal>
                <PixelClk>0</PixelClk>
                <HSP Min="78" Max="80">80</HSP>
                <VSP Min="78" Max="80">80</VSP>
                <AR Min="0" Max="1000">0</AR>
                <Interlaced>80</Interlaced>
                <VFType Min="0" Max="0">0</VFType>
                <VFEnum Min="0" Max="4700">0</VFEnum>
                <VFStdFrom Min="0" Max="4">0</VFStdFrom>
                <VFStdNum>0</VFStdNum>
              </VideoFormat>
            </In>
            <In id="2">
              <AutoAcqMode Min="0" Max="1">1</AutoAcqMode>
              <Capacity LegalValues="0 1 2 4">0</Capacity>
              <ColorSpace LegalValues="-1 0 1">0</ColorSpace>
              <ColorRange LegalValues="0 1">0</ColorRange>
              <Sync Min="0" Max="2">0</Sync>
              <DPIn id="0">
                <Hdcp id="0">
                  <Mode Min="0" Max="1">0</Mode>
                  <HdcpAuth Min="0" Max="1">0</HdcpAuth>
                </Hdcp>
                <EDIDIn id="0">
                  <BitDepth LegalValues="1 2 3">2</BitDepth>
                  <EdidStatus Min="0" Max="4">0</EdidStatus>
                  <VideoFormat id="0">
                    <Name>1920x1080p @59.94</Name>
                    <HFreq>67433</HFreq>
                    <HSync Min="1" Max="192">88</HSync>
                    <HActive Min="0" Max="2024">1920</HActive>
                    <HFP Min="0" Max="192">88</HFP>
                    <HTotal Min="2096" Max="8191">2200</HTotal>
                    <VFreq Min="20" Max="75">59.9401</VFreq>
                    <VSync Min="1" Max="41">5</VSync>
                    <VActive Min="0" Max="1116">1080</VActive>
                    <VFP Min="0" Max="40">4</VFP>
                    <VTotal Min="1089" Max="8191">1125</VTotal>
                    <PixelClk>148.352</PixelClk>
                    <HSP Min="78" Max="80">80</HSP>
                    <VSP Min="78" Max="80">80</VSP>
                    <AR Min="0" Max="1000">1.77778</AR>
                    <Interlaced>80</Interlaced>
                    <VFType Min="0" Max="0">8</VFType>
                    <VFEnum Min="0" Max="4700">2708</VFEnum>
                    <VFStdFrom Min="0" Max="4">4</VFStdFrom>
                    <VFStdNum>16</VFStdNum>
                  </VideoFormat>
                </EDIDIn>
              </DPIn>
              <DVIIn id="0">
                <Hdcp id="0">
                  <Mode Min="0" Max="1">0</Mode>
                  <HdcpAuth Min="0" Max="1">0</HdcpAuth>
                </Hdcp>
                <EDIDIn id="0">
                  <BitDepth LegalValues="1">1</BitDepth>
                  <EdidStatus Min="0" Max="4">0</EdidStatus>
                  <VideoFormat id="0">
                    <Name>1920x1080p @59.94</Name>
                    <HFreq>67433</HFreq>
                    <HSync Min="1" Max="192">88</HSync>
                    <HActive Min="0" Max="2024">1920</HActive>
                    <HFP Min="0" Max="192">88</HFP>
                    <HTotal Min="2096" Max="8191">2200</HTotal>
                    <VFreq Min="20" Max="75">59.9401</VFreq>
                    <VSync Min="1" Max="41">5</VSync>
                    <VActive Min="0" Max="1116">1080</VActive>
                    <VFP Min="0" Max="40">4</VFP>
                    <VTotal Min="1089" Max="8191">1125</VTotal>
                    <PixelClk>148.352</PixelClk>
                    <HSP Min="78" Max="80">80</HSP>
                    <VSP Min="78" Max="80">80</VSP>
                    <AR Min="0" Max="1000">1.77778</AR>
                    <Interlaced>80</Interlaced>
                    <VFType Min="0" Max="0">8</VFType>
                    <VFEnum Min="0" Max="4700">2708</VFEnum>
                    <VFStdFrom Min="0" Max="4">4</VFStdFrom>
                    <VFStdNum>16</VFStdNum>
                  </VideoFormat>
                </EDIDIn>
              </DVIIn>
              <SDIIn id="0">
                <Type3G LegalValues="0 1 2 3">2</Type3G>
              </SDIIn>
              <HDMIIn id="0">
                <Hdcp id="0">
                  <Mode Min="0" Max="1">0</Mode>
                  <HdcpAuth Min="0" Max="1">0</HdcpAuth>
                </Hdcp>
                <EDIDIn id="0">
                  <BitDepth LegalValues="1 2 3">3</BitDepth>
                  <EdidStatus Min="0" Max="4">0</EdidStatus>
                  <VideoFormat id="0">
                    <Name>1920x1080p @59.94</Name>
                    <HFreq>67433</HFreq>
                    <HSync Min="1" Max="192">88</HSync>
                    <HActive Min="0" Max="2024">1920</HActive>
                    <HFP Min="0" Max="192">88</HFP>
                    <HTotal Min="2096" Max="8191">2200</HTotal>
                    <VFreq Min="20" Max="75">59.9401</VFreq>
                    <VSync Min="1" Max="41">5</VSync>
                    <VActive Min="0" Max="1116">1080</VActive>
                    <VFP Min="0" Max="40">4</VFP>
                    <VTotal Min="1089" Max="8191">1125</VTotal>
                    <PixelClk>148.352</PixelClk>
                    <HSP Min="78" Max="80">80</HSP>
                    <VSP Min="78" Max="80">80</VSP>
                    <AR Min="0" Max="1000">1.77778</AR>
                    <Interlaced>80</Interlaced>
                    <VFType Min="0" Max="0">8</VFType>
                    <VFEnum Min="0" Max="4700">2708</VFEnum>
                    <VFStdFrom Min="0" Max="4">4</VFStdFrom>
                    <VFStdNum>16</VFStdNum>
                  </VideoFormat>
                </EDIDIn>
              </HDMIIn>
              <VideoFormat id="0">
                <Name>Empty</Name>
                <HFreq>0</HFreq>
                <HSync Min="1" Max="1">1</HSync>
                <HActive Min="0" Max="0">0</HActive>
                <HFP Min="0" Max="0">0</HFP>
                <HTotal Min="1" Max="8191">1</HTotal>
                <VFreq Min="20" Max="75">20</VFreq>
                <VSync Min="1" Max="1">1</VSync>
                <VActive Min="0" Max="0">0</VActive>
                <VFP Min="0" Max="0">0</VFP>
                <VTotal Min="1" Max="8191">1</VTotal>
                <PixelClk>0</PixelClk>
                <HSP Min="78" Max="80">80</HSP>
                <VSP Min="78" Max="80">80</VSP>
                <AR Min="0" Max="1000">0</AR>
                <Interlaced>80</Interlaced>
                <VFType Min="0" Max="0">0</VFType>
                <VFEnum Min="0" Max="4700">0</VFEnum>
                <VFStdFrom Min="0" Max="4">0</VFStdFrom>
                <VFStdNum>0</VFStdNum>
              </VideoFormat>
            </In>
            <In id="3">
              <AutoAcqMode Min="0" Max="1">1</AutoAcqMode>
              <Capacity LegalValues="0 1 2 4">0</Capacity>
              <ColorSpace LegalValues="-1 0 1">0</ColorSpace>
              <ColorRange LegalValues="0 1">0</ColorRange>
              <Sync Min="0" Max="2">0</Sync>
              <DPIn id="0">
                <Hdcp id="0">
                  <Mode Min="0" Max="1">0</Mode>
                  <HdcpAuth Min="0" Max="1">0</HdcpAuth>
                </Hdcp>
                <EDIDIn id="0">
                  <BitDepth LegalValues="1 2 3">2</BitDepth>
                  <EdidStatus Min="0" Max="4">0</EdidStatus>
                  <VideoFormat id="0">
                    <Name>1920x1080p @59.94</Name>
                    <HFreq>67433</HFreq>
                    <HSync Min="1" Max="192">88</HSync>
                    <HActive Min="0" Max="2024">1920</HActive>
                    <HFP Min="0" Max="192">88</HFP>
                    <HTotal Min="2096" Max="8191">2200</HTotal>
                    <VFreq Min="20" Max="75">59.9401</VFreq>
                    <VSync Min="1" Max="41">5</VSync>
                    <VActive Min="0" Max="1116">1080</VActive>
                    <VFP Min="0" Max="40">4</VFP>
                    <VTotal Min="1089" Max="8191">1125</VTotal>
                    <PixelClk>148.352</PixelClk>
                    <HSP Min="78" Max="80">80</HSP>
                    <VSP Min="78" Max="80">80</VSP>
                    <AR Min="0" Max="1000">1.77778</AR>
                    <Interlaced>80</Interlaced>
                    <VFType Min="0" Max="0">8</VFType>
                    <VFEnum Min="0" Max="4700">2708</VFEnum>
                    <VFStdFrom Min="0" Max="4">4</VFStdFrom>
                    <VFStdNum>16</VFStdNum>
                  </VideoFormat>
                </EDIDIn>
              </DPIn>
              <DVIIn id="0">
                <Hdcp id="0">
                  <Mode Min="0" Max="1">0</Mode>
                  <HdcpAuth Min="0" Max="1">0</HdcpAuth>
                </Hdcp>
                <EDIDIn id="0">
                  <BitDepth LegalValues="1">1</BitDepth>
                  <EdidStatus Min="0" Max="4">0</EdidStatus>
                  <VideoFormat id="0">
                    <Name>1920x1080p @59.94</Name>
                    <HFreq>67433</HFreq>
                    <HSync Min="1" Max="192">88</HSync>
                    <HActive Min="0" Max="2024">1920</HActive>
                    <HFP Min="0" Max="192">88</HFP>
                    <HTotal Min="2096" Max="8191">2200</HTotal>
                    <VFreq Min="20" Max="75">59.9401</VFreq>
                    <VSync Min="1" Max="41">5</VSync>
                    <VActive Min="0" Max="1116">1080</VActive>
                    <VFP Min="0" Max="40">4</VFP>
                    <VTotal Min="1089" Max="8191">1125</VTotal>
                    <PixelClk>148.352</PixelClk>
                    <HSP Min="78" Max="80">80</HSP>
                    <VSP Min="78" Max="80">80</VSP>
                    <AR Min="0" Max="1000">1.77778</AR>
                    <Interlaced>80</Interlaced>
                    <VFType Min="0" Max="0">8</VFType>
                    <VFEnum Min="0" Max="4700">2708</VFEnum>
                    <VFStdFrom Min="0" Max="4">4</VFStdFrom>
                    <VFStdNum>16</VFStdNum>
                  </VideoFormat>
                </EDIDIn>
              </DVIIn>
              <SDIIn id="0">
                <Type3G LegalValues="0 1 2 3">2</Type3G>
              </SDIIn>
              <HDMIIn id="0">
                <Hdcp id="0">
                  <Mode Min="0" Max="1">0</Mode>
                  <HdcpAuth Min="0" Max="1">0</HdcpAuth>
                </Hdcp>
                <EDIDIn id="0">
                  <BitDepth LegalValues="1 2 3">3</BitDepth>
                  <EdidStatus Min="0" Max="4">0</EdidStatus>
                  <VideoFormat id="0">
                    <Name>1920x1080p @59.94</Name>
                    <HFreq>67433</HFreq>
                    <HSync Min="1" Max="192">88</HSync>
                    <HActive Min="0" Max="2024">1920</HActive>
                    <HFP Min="0" Max="192">88</HFP>
                    <HTotal Min="2096" Max="8191">2200</HTotal>
                    <VFreq Min="20" Max="75">59.9401</VFreq>
                    <VSync Min="1" Max="41">5</VSync>
                    <VActive Min="0" Max="1116">1080</VActive>
                    <VFP Min="0" Max="40">4</VFP>
                    <VTotal Min="1089" Max="8191">1125</VTotal>
                    <PixelClk>148.352</PixelClk>
                    <HSP Min="78" Max="80">80</HSP>
                    <VSP Min="78" Max="80">80</VSP>
                    <AR Min="0" Max="1000">1.77778</AR>
                    <Interlaced>80</Interlaced>
                    <VFType Min="0" Max="0">8</VFType>
                    <VFEnum Min="0" Max="4700">2708</VFEnum>
                    <VFStdFrom Min="0" Max="4">4</VFStdFrom>
                    <VFStdNum>16</VFStdNum>
                  </VideoFormat>
                </EDIDIn>
              </HDMIIn>
              <VideoFormat id="0">
                <Name>Empty</Name>
                <HFreq>0</HFreq>
                <HSync Min="1" Max="1">1</HSync>
                <HActive Min="0" Max="0">0</HActive>
                <HFP Min="0" Max="0">0</HFP>
                <HTotal Min="1" Max="8191">1</HTotal>
                <VFreq Min="20" Max="75">20</VFreq>
                <VSync Min="1" Max="1">1</VSync>
                <VActive Min="0" Max="0">0</VActive>
                <VFP Min="0" Max="0">0</VFP>
                <VTotal Min="1" Max="8191">1</VTotal>
                <PixelClk>0</PixelClk>
                <HSP Min="78" Max="80">80</HSP>
                <VSP Min="78" Max="80">80</VSP>
                <AR Min="0" Max="1000">0</AR>
                <Interlaced>80</Interlaced>
                <VFType Min="0" Max="0">0</VFType>
                <VFEnum Min="0" Max="4700">0</VFEnum>
                <VFStdFrom Min="0" Max="4">0</VFStdFrom>
                <VFStdNum>0</VFStdNum>
              </VideoFormat>
            </In>
          </CardIn>
          <CardExp id="0">
            <LinkConnector id="0">
              <Mode Min="0" Max="1">0</Mode>
              <IP>192.168.000.201</IP>
              <MacAddress>aa:aa:aa:aa:aa:aa</MacAddress>
              <Connected Min="0" Max="1">0</Connected>
              <ConnectorIndex Min="-1" Max="3">-1</ConnectorIndex>
              <SlotIndex Min="-1" Max="22">-1</SlotIndex>
            </LinkConnector>
            <LinkConnector id="1">
              <Mode Min="0" Max="1">0</Mode>
              <IP>192.168.000.201</IP>
              <MacAddress>aa:aa:aa:aa:aa:aa</MacAddress>
              <Connected Min="0" Max="1">0</Connected>
              <ConnectorIndex Min="-1" Max="3">-1</ConnectorIndex>
              <SlotIndex Min="-1" Max="22">-1</SlotIndex>
            </LinkConnector>
          </CardExp>
          <CardOut id="0">
            <NumOfChan Min="0" Max="4">4</NumOfChan>
            <CapacityStatus Min="0" Max="1">0</CapacityStatus>
            <Out id="0">
              <Capacity LegalValues="0 1 2 4">1</Capacity>
              <DPOut id="0">
                <HdcpAuth Min="0" Max="1">0</HdcpAuth>
                <EDIDOut id="0">
                  <EDIDValid Min="0" Max="1">0</EDIDValid>
                  <SupportHdmi Min="0" Max="1">0</SupportHdmi>
                  <SupportRGB Min="0" Max="1">1</SupportRGB>
                  <SupportSMPTE Min="0" Max="1">1</SupportSMPTE>
                  <Support444 Min="0" Max="1">1</Support444>
                  <Support422 Min="0" Max="1">1</Support422>
                  <BitDepth48 Min="0" Max="1">1</BitDepth48>
                  <BitDepth36 Min="0" Max="1">1</BitDepth36>
                  <BitDepth30 Min="0" Max="1">1</BitDepth30>
                  <BitDepth LegalValues="0 1 2 3 4 5">1</BitDepth>
                  <MaxTmds Min="0" Max="255">0</MaxTmds>
                  <VideoFormat id="0">
                    <Name>Empty</Name>
                    <HFreq>0</HFreq>
                    <HSync Min="1" Max="1">1</HSync>
                    <HActive Min="0" Max="0">0</HActive>
                    <HFP Min="0" Max="0">0</HFP>
                    <HTotal Min="1" Max="8191">1</HTotal>
                    <VFreq Min="20" Max="75">20</VFreq>
                    <VSync Min="1" Max="1">1</VSync>
                    <VActive Min="0" Max="0">0</VActive>
                    <VFP Min="0" Max="0">0</VFP>
                    <VTotal Min="1" Max="8191">1</VTotal>
                    <PixelClk>0</PixelClk>
                    <HSP Min="78" Max="80">80</HSP>
                    <VSP Min="78" Max="80">80</VSP>
                    <AR Min="0" Max="1000">0</AR>
                    <Interlaced>80</Interlaced>
                    <VFType Min="0" Max="0">0</VFType>
                    <VFEnum Min="0" Max="4700">0</VFEnum>
                    <VFStdFrom Min="0" Max="4">0</VFStdFrom>
                    <VFStdNum>0</VFStdNum>
                  </VideoFormat>
                </EDIDOut>
              </DPOut>
              <DVIOut id="0">
                <HdcpAuth Min="0" Max="1">0</HdcpAuth>
                <EDIDOut id="0">
                  <EDIDValid Min="0" Max="1">0</EDIDValid>
                  <SupportHdmi Min="0" Max="1">0</SupportHdmi>
                  <SupportRGB Min="0" Max="1">1</SupportRGB>
                  <SupportSMPTE Min="0" Max="1">1</SupportSMPTE>
                  <Support444 Min="0" Max="1">1</Support444>
                  <Support422 Min="0" Max="1">1</Support422>
                  <BitDepth48 Min="0" Max="1">1</BitDepth48>
                  <BitDepth36 Min="0" Max="1">1</BitDepth36>
                  <BitDepth30 Min="0" Max="1">1</BitDepth30>
                  <BitDepth LegalValues="0 1 2 3 4 5">1</BitDepth>
                  <MaxTmds Min="0" Max="255">0</MaxTmds>
                  <VideoFormat id="0">
                    <Name>Empty</Name>
                    <HFreq>0</HFreq>
                    <HSync Min="1" Max="1">1</HSync>
                    <HActive Min="0" Max="0">0</HActive>
                    <HFP Min="0" Max="0">0</HFP>
                    <HTotal Min="1" Max="8191">1</HTotal>
                    <VFreq Min="20" Max="75">20</VFreq>
                    <VSync Min="1" Max="1">1</VSync>
                    <VActive Min="0" Max="0">0</VActive>
                    <VFP Min="0" Max="0">0</VFP>
                    <VTotal Min="1" Max="8191">1</VTotal>
                    <PixelClk>0</PixelClk>
                    <HSP Min="78" Max="80">80</HSP>
                    <VSP Min="78" Max="80">80</VSP>
                    <AR Min="0" Max="1000">0</AR>
                    <Interlaced>80</Interlaced>
                    <VFType Min="0" Max="0">0</VFType>
                    <VFEnum Min="0" Max="4700">0</VFEnum>
                    <VFStdFrom Min="0" Max="4">0</VFStdFrom>
                    <VFStdNum>0</VFStdNum>
                  </VideoFormat>
                </EDIDOut>
              </DVIOut>
              <SDIOut id="0">
                <Type3G LegalValues="0 1 2 3">2</Type3G>
              </SDIOut>
              <HDMIOutput id="0">
                <HdcpAuth Min="0" Max="1">0</HdcpAuth>
                <SinkType Min="0" Max="1">1</SinkType>
                <EDIDOut id="0">
                  <EDIDValid Min="0" Max="1">0</EDIDValid>
                  <SupportHdmi Min="0" Max="1">0</SupportHdmi>
                  <SupportRGB Min="0" Max="1">1</SupportRGB>
                  <SupportSMPTE Min="0" Max="1">1</SupportSMPTE>
                  <Support444 Min="0" Max="1">1</Support444>
                  <Support422 Min="0" Max="1">1</Support422>
                  <BitDepth48 Min="0" Max="1">1</BitDepth48>
                  <BitDepth36 Min="0" Max="1">1</BitDepth36>
                  <BitDepth30 Min="0" Max="1">1</BitDepth30>
                  <BitDepth LegalValues="0 1 2 3 4 5">1</BitDepth>
                  <MaxTmds Min="0" Max="255">0</MaxTmds>
                  <VideoFormat id="0">
                    <Name>Empty</Name>
                    <HFreq>0</HFreq>
                    <HSync Min="1" Max="1">1</HSync>
                    <HActive Min="0" Max="0">0</HActive>
                    <HFP Min="0" Max="0">0</HFP>
                    <HTotal Min="1" Max="8191">1</HTotal>
                    <VFreq Min="20" Max="75">20</VFreq>
                    <VSync Min="1" Max="1">1</VSync>
                    <VActive Min="0" Max="0">0</VActive>
                    <VFP Min="0" Max="0">0</VFP>
                    <VTotal Min="1" Max="8191">1</VTotal>
                    <PixelClk>0</PixelClk>
                    <HSP Min="78" Max="80">80</HSP>
                    <VSP Min="78" Max="80">80</VSP>
                    <AR Min="0" Max="1000">0</AR>
                    <Interlaced>80</Interlaced>
                    <VFType Min="0" Max="0">0</VFType>
                    <VFEnum Min="0" Max="4700">0</VFEnum>
                    <VFStdFrom Min="0" Max="4">0</VFStdFrom>
                    <VFStdNum>0</VFStdNum>
                  </VideoFormat>
                </EDIDOut>
              </HDMIOutput>
            </Out>
            <Out id="1">
              <Capacity LegalValues="0 1 2 4">1</Capacity>
              <DPOut id="0">
                <HdcpAuth Min="0" Max="1">0</HdcpAuth>
                <EDIDOut id="0">
                  <EDIDValid Min="0" Max="1">0</EDIDValid>
                  <SupportHdmi Min="0" Max="1">0</SupportHdmi>
                  <SupportRGB Min="0" Max="1">1</SupportRGB>
                  <SupportSMPTE Min="0" Max="1">1</SupportSMPTE>
                  <Support444 Min="0" Max="1">1</Support444>
                  <Support422 Min="0" Max="1">1</Support422>
                  <BitDepth48 Min="0" Max="1">1</BitDepth48>
                  <BitDepth36 Min="0" Max="1">1</BitDepth36>
                  <BitDepth30 Min="0" Max="1">1</BitDepth30>
                  <BitDepth LegalValues="0 1 2 3 4 5">1</BitDepth>
                  <MaxTmds Min="0" Max="255">0</MaxTmds>
                  <VideoFormat id="0">
                    <Name>Empty</Name>
                    <HFreq>0</HFreq>
                    <HSync Min="1" Max="1">1</HSync>
                    <HActive Min="0" Max="0">0</HActive>
                    <HFP Min="0" Max="0">0</HFP>
                    <HTotal Min="1" Max="8191">1</HTotal>
                    <VFreq Min="20" Max="75">20</VFreq>
                    <VSync Min="1" Max="1">1</VSync>
                    <VActive Min="0" Max="0">0</VActive>
                    <VFP Min="0" Max="0">0</VFP>
                    <VTotal Min="1" Max="8191">1</VTotal>
                    <PixelClk>0</PixelClk>
                    <HSP Min="78" Max="80">80</HSP>
                    <VSP Min="78" Max="80">80</VSP>
                    <AR Min="0" Max="1000">0</AR>
                    <Interlaced>80</Interlaced>
                    <VFType Min="0" Max="0">0</VFType>
                    <VFEnum Min="0" Max="4700">0</VFEnum>
                    <VFStdFrom Min="0" Max="4">0</VFStdFrom>
                    <VFStdNum>0</VFStdNum>
                  </VideoFormat>
                </EDIDOut>
              </DPOut>
              <DVIOut id="0">
                <HdcpAuth Min="0" Max="1">0</HdcpAuth>
                <EDIDOut id="0">
                  <EDIDValid Min="0" Max="1">0</EDIDValid>
                  <SupportHdmi Min="0" Max="1">0</SupportHdmi>
                  <SupportRGB Min="0" Max="1">1</SupportRGB>
                  <SupportSMPTE Min="0" Max="1">1</SupportSMPTE>
                  <Support444 Min="0" Max="1">1</Support444>
                  <Support422 Min="0" Max="1">1</Support422>
                  <BitDepth48 Min="0" Max="1">1</BitDepth48>
                  <BitDepth36 Min="0" Max="1">1</BitDepth36>
                  <BitDepth30 Min="0" Max="1">1</BitDepth30>
                  <BitDepth LegalValues="0 1 2 3 4 5">1</BitDepth>
                  <MaxTmds Min="0" Max="255">0</MaxTmds>
                  <VideoFormat id="0">
                    <Name>Empty</Name>
                    <HFreq>0</HFreq>
                    <HSync Min="1" Max="1">1</HSync>
                    <HActive Min="0" Max="0">0</HActive>
                    <HFP Min="0" Max="0">0</HFP>
                    <HTotal Min="1" Max="8191">1</HTotal>
                    <VFreq Min="20" Max="75">20</VFreq>
                    <VSync Min="1" Max="1">1</VSync>
                    <VActive Min="0" Max="0">0</VActive>
                    <VFP Min="0" Max="0">0</VFP>
                    <VTotal Min="1" Max="8191">1</VTotal>
                    <PixelClk>0</PixelClk>
                    <HSP Min="78" Max="80">80</HSP>
                    <VSP Min="78" Max="80">80</VSP>
                    <AR Min="0" Max="1000">0</AR>
                    <Interlaced>80</Interlaced>
                    <VFType Min="0" Max="0">0</VFType>
                    <VFEnum Min="0" Max="4700">0</VFEnum>
                    <VFStdFrom Min="0" Max="4">0</VFStdFrom>
                    <VFStdNum>0</VFStdNum>
                  </VideoFormat>
                </EDIDOut>
              </DVIOut>
              <SDIOut id="0">
                <Type3G LegalValues="0 1 2 3">2</Type3G>
              </SDIOut>
              <HDMIOutput id="0">
                <HdcpAuth Min="0" Max="1">0</HdcpAuth>
                <SinkType Min="0" Max="1">1</SinkType>
                <EDIDOut id="0">
                  <EDIDValid Min="0" Max="1">0</EDIDValid>
                  <SupportHdmi Min="0" Max="1">0</SupportHdmi>
                  <SupportRGB Min="0" Max="1">1</SupportRGB>
                  <SupportSMPTE Min="0" Max="1">1</SupportSMPTE>
                  <Support444 Min="0" Max="1">1</Support444>
                  <Support422 Min="0" Max="1">1</Support422>
                  <BitDepth48 Min="0" Max="1">1</BitDepth48>
                  <BitDepth36 Min="0" Max="1">1</BitDepth36>
                  <BitDepth30 Min="0" Max="1">1</BitDepth30>
                  <BitDepth LegalValues="0 1 2 3 4 5">1</BitDepth>
                  <MaxTmds Min="0" Max="255">0</MaxTmds>
                  <VideoFormat id="0">
                    <Name>Empty</Name>
                    <HFreq>0</HFreq>
                    <HSync Min="1" Max="1">1</HSync>
                    <HActive Min="0" Max="0">0</HActive>
                    <HFP Min="0" Max="0">0</HFP>
                    <HTotal Min="1" Max="8191">1</HTotal>
                    <VFreq Min="20" Max="75">20</VFreq>
                    <VSync Min="1" Max="1">1</VSync>
                    <VActive Min="0" Max="0">0</VActive>
                    <VFP Min="0" Max="0">0</VFP>
                    <VTotal Min="1" Max="8191">1</VTotal>
                    <PixelClk>0</PixelClk>
                    <HSP Min="78" Max="80">80</HSP>
                    <VSP Min="78" Max="80">80</VSP>
                    <AR Min="0" Max="1000">0</AR>
                    <Interlaced>80</Interlaced>
                    <VFType Min="0" Max="0">0</VFType>
                    <VFEnum Min="0" Max="4700">0</VFEnum>
                    <VFStdFrom Min="0" Max="4">0</VFStdFrom>
                    <VFStdNum>0</VFStdNum>
                  </VideoFormat>
                </EDIDOut>
              </HDMIOutput>
            </Out>
            <Out id="2">
              <Capacity LegalValues="0 1 2 4">1</Capacity>
              <DPOut id="0">
                <HdcpAuth Min="0" Max="1">0</HdcpAuth>
                <EDIDOut id="0">
                  <EDIDValid Min="0" Max="1">0</EDIDValid>
                  <SupportHdmi Min="0" Max="1">0</SupportHdmi>
                  <SupportRGB Min="0" Max="1">1</SupportRGB>
                  <SupportSMPTE Min="0" Max="1">1</SupportSMPTE>
                  <Support444 Min="0" Max="1">1</Support444>
                  <Support422 Min="0" Max="1">1</Support422>
                  <BitDepth48 Min="0" Max="1">1</BitDepth48>
                  <BitDepth36 Min="0" Max="1">1</BitDepth36>
                  <BitDepth30 Min="0" Max="1">1</BitDepth30>
                  <BitDepth LegalValues="0 1 2 3 4 5">1</BitDepth>
                  <MaxTmds Min="0" Max="255">0</MaxTmds>
                  <VideoFormat id="0">
                    <Name>Empty</Name>
                    <HFreq>0</HFreq>
                    <HSync Min="1" Max="1">1</HSync>
                    <HActive Min="0" Max="0">0</HActive>
                    <HFP Min="0" Max="0">0</HFP>
                    <HTotal Min="1" Max="8191">1</HTotal>
                    <VFreq Min="20" Max="75">20</VFreq>
                    <VSync Min="1" Max="1">1</VSync>
                    <VActive Min="0" Max="0">0</VActive>
                    <VFP Min="0" Max="0">0</VFP>
                    <VTotal Min="1" Max="8191">1</VTotal>
                    <PixelClk>0</PixelClk>
                    <HSP Min="78" Max="80">80</HSP>
                    <VSP Min="78" Max="80">80</VSP>
                    <AR Min="0" Max="1000">0</AR>
                    <Interlaced>80</Interlaced>
                    <VFType Min="0" Max="0">0</VFType>
                    <VFEnum Min="0" Max="4700">0</VFEnum>
                    <VFStdFrom Min="0" Max="4">0</VFStdFrom>
                    <VFStdNum>0</VFStdNum>
                  </VideoFormat>
                </EDIDOut>
              </DPOut>
              <DVIOut id="0">
                <HdcpAuth Min="0" Max="1">0</HdcpAuth>
                <EDIDOut id="0">
                  <EDIDValid Min="0" Max="1">0</EDIDValid>
                  <SupportHdmi Min="0" Max="1">0</SupportHdmi>
                  <SupportRGB Min="0" Max="1">1</SupportRGB>
                  <SupportSMPTE Min="0" Max="1">1</SupportSMPTE>
                  <Support444 Min="0" Max="1">1</Support444>
                  <Support422 Min="0" Max="1">1</Support422>
                  <BitDepth48 Min="0" Max="1">1</BitDepth48>
                  <BitDepth36 Min="0" Max="1">1</BitDepth36>
                  <BitDepth30 Min="0" Max="1">1</BitDepth30>
                  <BitDepth LegalValues="0 1 2 3 4 5">1</BitDepth>
                  <MaxTmds Min="0" Max="255">0</MaxTmds>
                  <VideoFormat id="0">
                    <Name>Empty</Name>
                    <HFreq>0</HFreq>
                    <HSync Min="1" Max="1">1</HSync>
                    <HActive Min="0" Max="0">0</HActive>
                    <HFP Min="0" Max="0">0</HFP>
                    <HTotal Min="1" Max="8191">1</HTotal>
                    <VFreq Min="20" Max="75">20</VFreq>
                    <VSync Min="1" Max="1">1</VSync>
                    <VActive Min="0" Max="0">0</VActive>
                    <VFP Min="0" Max="0">0</VFP>
                    <VTotal Min="1" Max="8191">1</VTotal>
                    <PixelClk>0</PixelClk>
                    <HSP Min="78" Max="80">80</HSP>
                    <VSP Min="78" Max="80">80</VSP>
                    <AR Min="0" Max="1000">0</AR>
                    <Interlaced>80</Interlaced>
                    <VFType Min="0" Max="0">0</VFType>
                    <VFEnum Min="0" Max="4700">0</VFEnum>
                    <VFStdFrom Min="0" Max="4">0</VFStdFrom>
                    <VFStdNum>0</VFStdNum>
                  </VideoFormat>
                </EDIDOut>
              </DVIOut>
              <SDIOut id="0">
                <Type3G LegalValues="0 1 2 3">2</Type3G>
              </SDIOut>
              <HDMIOutput id="0">
                <HdcpAuth Min="0" Max="1">0</HdcpAuth>
                <SinkType Min="0" Max="1">1</SinkType>
                <EDIDOut id="0">
                  <EDIDValid Min="0" Max="1">0</EDIDValid>
                  <SupportHdmi Min="0" Max="1">0</SupportHdmi>
                  <SupportRGB Min="0" Max="1">1</SupportRGB>
                  <SupportSMPTE Min="0" Max="1">1</SupportSMPTE>
                  <Support444 Min="0" Max="1">1</Support444>
                  <Support422 Min="0" Max="1">1</Support422>
                  <BitDepth48 Min="0" Max="1">1</BitDepth48>
                  <BitDepth36 Min="0" Max="1">1</BitDepth36>
                  <BitDepth30 Min="0" Max="1">1</BitDepth30>
                  <BitDepth LegalValues="0 1 2 3 4 5">1</BitDepth>
                  <MaxTmds Min="0" Max="255">0</MaxTmds>
                  <VideoFormat id="0">
                    <Name>Empty</Name>
                    <HFreq>0</HFreq>
                    <HSync Min="1" Max="1">1</HSync>
                    <HActive Min="0" Max="0">0</HActive>
                    <HFP Min="0" Max="0">0</HFP>
                    <HTotal Min="1" Max="8191">1</HTotal>
                    <VFreq Min="20" Max="75">20</VFreq>
                    <VSync Min="1" Max="1">1</VSync>
                    <VActive Min="0" Max="0">0</VActive>
                    <VFP Min="0" Max="0">0</VFP>
                    <VTotal Min="1" Max="8191">1</VTotal>
                    <PixelClk>0</PixelClk>
                    <HSP Min="78" Max="80">80</HSP>
                    <VSP Min="78" Max="80">80</VSP>
                    <AR Min="0" Max="1000">0</AR>
                    <Interlaced>80</Interlaced>
                    <VFType Min="0" Max="0">0</VFType>
                    <VFEnum Min="0" Max="4700">0</VFEnum>
                    <VFStdFrom Min="0" Max="4">0</VFStdFrom>
                    <VFStdNum>0</VFStdNum>
                  </VideoFormat>
                </EDIDOut>
              </HDMIOutput>
            </Out>
            <Out id="3">
              <Capacity LegalValues="0 1 2 4">1</Capacity>
              <DPOut id="0">
                <HdcpAuth Min="0" Max="1">0</HdcpAuth>
                <EDIDOut id="0">
                  <EDIDValid Min="0" Max="1">0</EDIDValid>
                  <SupportHdmi Min="0" Max="1">0</SupportHdmi>
                  <SupportRGB Min="0" Max="1">1</SupportRGB>
                  <SupportSMPTE Min="0" Max="1">1</SupportSMPTE>
                  <Support444 Min="0" Max="1">1</Support444>
                  <Support422 Min="0" Max="1">1</Support422>
                  <BitDepth48 Min="0" Max="1">1</BitDepth48>
                  <BitDepth36 Min="0" Max="1">1</BitDepth36>
                  <BitDepth30 Min="0" Max="1">1</BitDepth30>
                  <BitDepth LegalValues="0 1 2 3 4 5">1</BitDepth>
                  <MaxTmds Min="0" Max="255">0</MaxTmds>
                  <VideoFormat id="0">
                    <Name>Empty</Name>
                    <HFreq>0</HFreq>
                    <HSync Min="1" Max="1">1</HSync>
                    <HActive Min="0" Max="0">0</HActive>
                    <HFP Min="0" Max="0">0</HFP>
                    <HTotal Min="1" Max="8191">1</HTotal>
                    <VFreq Min="20" Max="75">20</VFreq>
                    <VSync Min="1" Max="1">1</VSync>
                    <VActive Min="0" Max="0">0</VActive>
                    <VFP Min="0" Max="0">0</VFP>
                    <VTotal Min="1" Max="8191">1</VTotal>
                    <PixelClk>0</PixelClk>
                    <HSP Min="78" Max="80">80</HSP>
                    <VSP Min="78" Max="80">80</VSP>
                    <AR Min="0" Max="1000">0</AR>
                    <Interlaced>80</Interlaced>
                    <VFType Min="0" Max="0">0</VFType>
                    <VFEnum Min="0" Max="4700">0</VFEnum>
                    <VFStdFrom Min="0" Max="4">0</VFStdFrom>
                    <VFStdNum>0</VFStdNum>
                  </VideoFormat>
                </EDIDOut>
              </DPOut>
              <DVIOut id="0">
                <HdcpAuth Min="0" Max="1">0</HdcpAuth>
                <EDIDOut id="0">
                  <EDIDValid Min="0" Max="1">0</EDIDValid>
                  <SupportHdmi Min="0" Max="1">0</SupportHdmi>
                  <SupportRGB Min="0" Max="1">1</SupportRGB>
                  <SupportSMPTE Min="0" Max="1">1</SupportSMPTE>
                  <Support444 Min="0" Max="1">1</Support444>
                  <Support422 Min="0" Max="1">1</Support422>
                  <BitDepth48 Min="0" Max="1">1</BitDepth48>
                  <BitDepth36 Min="0" Max="1">1</BitDepth36>
                  <BitDepth30 Min="0" Max="1">1</BitDepth30>
                  <BitDepth LegalValues="0 1 2 3 4 5">1</BitDepth>
                  <MaxTmds Min="0" Max="255">0</MaxTmds>
                  <VideoFormat id="0">
                    <Name>Empty</Name>
                    <HFreq>0</HFreq>
                    <HSync Min="1" Max="1">1</HSync>
                    <HActive Min="0" Max="0">0</HActive>
                    <HFP Min="0" Max="0">0</HFP>
                    <HTotal Min="1" Max="8191">1</HTotal>
                    <VFreq Min="20" Max="75">20</VFreq>
                    <VSync Min="1" Max="1">1</VSync>
                    <VActive Min="0" Max="0">0</VActive>
                    <VFP Min="0" Max="0">0</VFP>
                    <VTotal Min="1" Max="8191">1</VTotal>
                    <PixelClk>0</PixelClk>
                    <HSP Min="78" Max="80">80</HSP>
                    <VSP Min="78" Max="80">80</VSP>
                    <AR Min="0" Max="1000">0</AR>
                    <Interlaced>80</Interlaced>
                    <VFType Min="0" Max="0">0</VFType>
                    <VFEnum Min="0" Max="4700">0</VFEnum>
                    <VFStdFrom Min="0" Max="4">0</VFStdFrom>
                    <VFStdNum>0</VFStdNum>
                  </VideoFormat>
                </EDIDOut>
              </DVIOut>
              <SDIOut id="0">
                <Type3G LegalValues="0 1 2 3">2</Type3G>
              </SDIOut>
              <HDMIOutput id="0">
                <HdcpAuth Min="0" Max="1">0</HdcpAuth>
                <SinkType Min="0" Max="1">1</SinkType>
                <EDIDOut id="0">
                  <EDIDValid Min="0" Max="1">0</EDIDValid>
                  <SupportHdmi Min="0" Max="1">0</SupportHdmi>
                  <SupportRGB Min="0" Max="1">1</SupportRGB>
                  <SupportSMPTE Min="0" Max="1">1</SupportSMPTE>
                  <Support444 Min="0" Max="1">1</Support444>
                  <Support422 Min="0" Max="1">1</Support422>
                  <BitDepth48 Min="0" Max="1">1</BitDepth48>
                  <BitDepth36 Min="0" Max="1">1</BitDepth36>
                  <BitDepth30 Min="0" Max="1">1</BitDepth30>
                  <BitDepth LegalValues="0 1 2 3 4 5">1</BitDepth>
                  <MaxTmds Min="0" Max="255">0</MaxTmds>
                  <VideoFormat id="0">
                    <Name>Empty</Name>
                    <HFreq>0</HFreq>
                    <HSync Min="1" Max="1">1</HSync>
                    <HActive Min="0" Max="0">0</HActive>
                    <HFP Min="0" Max="0">0</HFP>
                    <HTotal Min="1" Max="8191">1</HTotal>
                    <VFreq Min="20" Max="75">20</VFreq>
                    <VSync Min="1" Max="1">1</VSync>
                    <VActive Min="0" Max="0">0</VActive>
                    <VFP Min="0" Max="0">0</VFP>
                    <VTotal Min="1" Max="8191">1</VTotal>
                    <PixelClk>0</PixelClk>
                    <HSP Min="78" Max="80">80</HSP>
                    <VSP Min="78" Max="80">80</VSP>
                    <AR Min="0" Max="1000">0</AR>
                    <Interlaced>80</Interlaced>
                    <VFType Min="0" Max="0">0</VFType>
                    <VFEnum Min="0" Max="4700">0</VFEnum>
                    <VFStdFrom Min="0" Max="4">0</VFStdFrom>
                    <VFStdNum>0</VFStdNum>
                  </VideoFormat>
                </EDIDOut>
              </HDMIOutput>
            </Out>
          </CardOut>
          <CardLayer id="0">
            <BankIndex Min="-1" Max="4">-1</BankIndex>
            <VpuIndex Min="-1" Max="4">-1</VpuIndex>
            <Luma Min="0" Max="100">37.5</Luma>
            <Sat Min="0" Max="100">100</Sat>
            <Hue Min="0" Max="360">0</Hue>
            <LinkAssign id="0">
              <XPos Min="0" Max="1000000">0</XPos>
              <YPos Min="0" Max="1000000">0</YPos>
              <ZPos Min="0" Max="1000000">0</ZPos>
              <DestIndex Min="-1" Max="127">-1</DestIndex>
              <Rect id="0">
                <HPos Min="-32767" Max="32767">0</HPos>
                <VPos Min="-32767" Max="32767">0</VPos>
                <HSize Min="0" Max="32767">0</HSize>
                <VSize Min="0" Max="32767">0</VSize>
                <AR Min="0" Max="99">0</AR>
              </Rect>
            </LinkAssign>
            <LinkAssign id="1">
              <XPos Min="0" Max="1000000">0</XPos>
              <YPos Min="0" Max="1000000">0</YPos>
              <ZPos Min="0" Max="1000000">0</ZPos>
              <DestIndex Min="-1" Max="127">-1</DestIndex>
              <Rect id="0">
                <HPos Min="-32767" Max="32767">0</HPos>
                <VPos Min="-32767" Max="32767">0</VPos>
                <HSize Min="0" Max="32767">0</HSize>
                <VSize Min="0" Max="32767">0</VSize>
                <AR Min="0" Max="99">0</AR>
              </Rect>
            </LinkAssign>
            <LinkAssign id="2">
              <XPos Min="0" Max="1000000">0</XPos>
              <YPos Min="0" Max="1000000">0</YPos>
              <ZPos Min="0" Max="1000000">0</ZPos>
              <DestIndex Min="-1" Max="127">-1</DestIndex>
              <Rect id="0">
                <HPos Min="-32767" Max="32767">0</HPos>
                <VPos Min="-32767" Max="32767">0</VPos>
                <HSize Min="0" Max="32767">0</HSize>
                <VSize Min="0" Max="32767">0</VSize>
                <AR Min="0" Max="99">0</AR>
              </Rect>
            </LinkAssign>
            <LinkAssign id="3">
              <XPos Min="0" Max="1000000">0</XPos>
              <YPos Min="0" Max="1000000">0</YPos>
              <ZPos Min="0" Max="1000000">0</ZPos>
              <DestIndex Min="-1" Max="127">-1</DestIndex>
              <Rect id="0">
                <HPos Min="-32767" Max="32767">0</HPos>
                <VPos Min="-32767" Max="32767">0</VPos>
                <HSize Min="0" Max="32767">0</HSize>
                <VSize Min="0" Max="32767">0</VSize>
                <AR Min="0" Max="99">0</AR>
              </Rect>
            </LinkAssign>
            <ScalerAssign id="0">
              <YPos Min="0" Max="1000000">0</YPos>
              <ZPos Min="0" Max="1000000">0</ZPos>
              <LayerIndex Min="-1" Max="512">-1</LayerIndex>
              <DestIndex Min="-1" Max="127">-1</DestIndex>
            </ScalerAssign>
            <ScalerAssign id="1">
              <YPos Min="0" Max="1000000">0</YPos>
              <ZPos Min="0" Max="1000000">0</ZPos>
              <LayerIndex Min="-1" Max="512">-1</LayerIndex>
              <DestIndex Min="-1" Max="127">-1</DestIndex>
            </ScalerAssign>
            <ScalerAssign id="2">
              <YPos Min="0" Max="1000000">0</YPos>
              <ZPos Min="0" Max="1000000">0</ZPos>
              <LayerIndex Min="-1" Max="512">-1</LayerIndex>
              <DestIndex Min="-1" Max="127">-1</DestIndex>
            </ScalerAssign>
            <ScalerAssign id="3">
              <YPos Min="0" Max="1000000">0</YPos>
              <ZPos Min="0" Max="1000000">0</ZPos>
              <LayerIndex Min="-1" Max="512">-1</LayerIndex>
              <DestIndex Min="-1" Max="127">-1</DestIndex>
            </ScalerAssign>
          </CardLayer>
        </Card>
      </Slot>
      <Slot id="20">
        <Card id="0">
          <CardStatus Min="0" Max="4">0</CardStatus>
          <CardType Min="0" Max="255">255</CardType>
          <CardID/>
          <SlotIndex Min="-1" Max="23">20</SlotIndex>
          <CardIn id="0">
            <NumOfChan Min="0" Max="4">4</NumOfChan>
            <CapacityStatus Min="0" Max="1">0</CapacityStatus>
            <In id="0">
              <AutoAcqMode Min="0" Max="1">1</AutoAcqMode>
              <Capacity LegalValues="0 1 2 4">0</Capacity>
              <ColorSpace LegalValues="-1 0 1">0</ColorSpace>
              <ColorRange LegalValues="0 1">0</ColorRange>
              <Sync Min="0" Max="2">0</Sync>
              <DPIn id="0">
                <Hdcp id="0">
                  <Mode Min="0" Max="1">0</Mode>
                  <HdcpAuth Min="0" Max="1">0</HdcpAuth>
                </Hdcp>
                <EDIDIn id="0">
                  <BitDepth LegalValues="1 2 3">2</BitDepth>
                  <EdidStatus Min="0" Max="4">0</EdidStatus>
                  <VideoFormat id="0">
                    <Name>1920x1080p @59.94</Name>
                    <HFreq>67433</HFreq>
                    <HSync Min="1" Max="192">88</HSync>
                    <HActive Min="0" Max="2024">1920</HActive>
                    <HFP Min="0" Max="192">88</HFP>
                    <HTotal Min="2096" Max="8191">2200</HTotal>
                    <VFreq Min="20" Max="75">59.9401</VFreq>
                    <VSync Min="1" Max="41">5</VSync>
                    <VActive Min="0" Max="1116">1080</VActive>
                    <VFP Min="0" Max="40">4</VFP>
                    <VTotal Min="1089" Max="8191">1125</VTotal>
                    <PixelClk>148.352</PixelClk>
                    <HSP Min="78" Max="80">80</HSP>
                    <VSP Min="78" Max="80">80</VSP>
                    <AR Min="0" Max="1000">1.77778</AR>
                    <Interlaced>80</Interlaced>
                    <VFType Min="0" Max="0">8</VFType>
                    <VFEnum Min="0" Max="4700">2708</VFEnum>
                    <VFStdFrom Min="0" Max="4">4</VFStdFrom>
                    <VFStdNum>16</VFStdNum>
                  </VideoFormat>
                </EDIDIn>
              </DPIn>
              <DVIIn id="0">
                <Hdcp id="0">
                  <Mode Min="0" Max="1">0</Mode>
                  <HdcpAuth Min="0" Max="1">0</HdcpAuth>
                </Hdcp>
                <EDIDIn id="0">
                  <BitDepth LegalValues="1">1</BitDepth>
                  <EdidStatus Min="0" Max="4">0</EdidStatus>
                  <VideoFormat id="0">
                    <Name>1920x1080p @59.94</Name>
                    <HFreq>67433</HFreq>
                    <HSync Min="1" Max="192">88</HSync>
                    <HActive Min="0" Max="2024">1920</HActive>
                    <HFP Min="0" Max="192">88</HFP>
                    <HTotal Min="2096" Max="8191">2200</HTotal>
                    <VFreq Min="20" Max="75">59.9401</VFreq>
                    <VSync Min="1" Max="41">5</VSync>
                    <VActive Min="0" Max="1116">1080</VActive>
                    <VFP Min="0" Max="40">4</VFP>
                    <VTotal Min="1089" Max="8191">1125</VTotal>
                    <PixelClk>148.352</PixelClk>
                    <HSP Min="78" Max="80">80</HSP>
                    <VSP Min="78" Max="80">80</VSP>
                    <AR Min="0" Max="1000">1.77778</AR>
                    <Interlaced>80</Interlaced>
                    <VFType Min="0" Max="0">8</VFType>
                    <VFEnum Min="0" Max="4700">2708</VFEnum>
                    <VFStdFrom Min="0" Max="4">4</VFStdFrom>
                    <VFStdNum>16</VFStdNum>
                  </VideoFormat>
                </EDIDIn>
              </DVIIn>
              <SDIIn id="0">
                <Type3G LegalValues="0 1 2 3">2</Type3G>
              </SDIIn>
              <HDMIIn id="0">
                <Hdcp id="0">
                  <Mode Min="0" Max="1">0</Mode>
                  <HdcpAuth Min="0" Max="1">0</HdcpAuth>
                </Hdcp>
                <EDIDIn id="0">
                  <BitDepth LegalValues="1 2 3">3</BitDepth>
                  <EdidStatus Min="0" Max="4">0</EdidStatus>
                  <VideoFormat id="0">
                    <Name>1920x1080p @59.94</Name>
                    <HFreq>67433</HFreq>
                    <HSync Min="1" Max="192">88</HSync>
                    <HActive Min="0" Max="2024">1920</HActive>
                    <HFP Min="0" Max="192">88</HFP>
                    <HTotal Min="2096" Max="8191">2200</HTotal>
                    <VFreq Min="20" Max="75">59.9401</VFreq>
                    <VSync Min="1" Max="41">5</VSync>
                    <VActive Min="0" Max="1116">1080</VActive>
                    <VFP Min="0" Max="40">4</VFP>
                    <VTotal Min="1089" Max="8191">1125</VTotal>
                    <PixelClk>148.352</PixelClk>
                    <HSP Min="78" Max="80">80</HSP>
                    <VSP Min="78" Max="80">80</VSP>
                    <AR Min="0" Max="1000">1.77778</AR>
                    <Interlaced>80</Interlaced>
                    <VFType Min="0" Max="0">8</VFType>
                    <VFEnum Min="0" Max="4700">2708</VFEnum>
                    <VFStdFrom Min="0" Max="4">4</VFStdFrom>
                    <VFStdNum>16</VFStdNum>
                  </VideoFormat>
                </EDIDIn>
              </HDMIIn>
              <VideoFormat id="0">
                <Name>Empty</Name>
                <HFreq>0</HFreq>
                <HSync Min="1" Max="1">1</HSync>
                <HActive Min="0" Max="0">0</HActive>
                <HFP Min="0" Max="0">0</HFP>
                <HTotal Min="1" Max="8191">1</HTotal>
                <VFreq Min="20" Max="75">20</VFreq>
                <VSync Min="1" Max="1">1</VSync>
                <VActive Min="0" Max="0">0</VActive>
                <VFP Min="0" Max="0">0</VFP>
                <VTotal Min="1" Max="8191">1</VTotal>
                <PixelClk>0</PixelClk>
                <HSP Min="78" Max="80">80</HSP>
                <VSP Min="78" Max="80">80</VSP>
                <AR Min="0" Max="1000">0</AR>
                <Interlaced>80</Interlaced>
                <VFType Min="0" Max="0">0</VFType>
                <VFEnum Min="0" Max="4700">0</VFEnum>
                <VFStdFrom Min="0" Max="4">0</VFStdFrom>
                <VFStdNum>0</VFStdNum>
              </VideoFormat>
            </In>
            <In id="1">
              <AutoAcqMode Min="0" Max="1">1</AutoAcqMode>
              <Capacity LegalValues="0 1 2 4">0</Capacity>
              <ColorSpace LegalValues="-1 0 1">0</ColorSpace>
              <ColorRange LegalValues="0 1">0</ColorRange>
              <Sync Min="0" Max="2">0</Sync>
              <DPIn id="0">
                <Hdcp id="0">
                  <Mode Min="0" Max="1">0</Mode>
                  <HdcpAuth Min="0" Max="1">0</HdcpAuth>
                </Hdcp>
                <EDIDIn id="0">
                  <BitDepth LegalValues="1 2 3">2</BitDepth>
                  <EdidStatus Min="0" Max="4">0</EdidStatus>
                  <VideoFormat id="0">
                    <Name>1920x1080p @59.94</Name>
                    <HFreq>67433</HFreq>
                    <HSync Min="1" Max="192">88</HSync>
                    <HActive Min="0" Max="2024">1920</HActive>
                    <HFP Min="0" Max="192">88</HFP>
                    <HTotal Min="2096" Max="8191">2200</HTotal>
                    <VFreq Min="20" Max="75">59.9401</VFreq>
                    <VSync Min="1" Max="41">5</VSync>
                    <VActive Min="0" Max="1116">1080</VActive>
                    <VFP Min="0" Max="40">4</VFP>
                    <VTotal Min="1089" Max="8191">1125</VTotal>
                    <PixelClk>148.352</PixelClk>
                    <HSP Min="78" Max="80">80</HSP>
                    <VSP Min="78" Max="80">80</VSP>
                    <AR Min="0" Max="1000">1.77778</AR>
                    <Interlaced>80</Interlaced>
                    <VFType Min="0" Max="0">8</VFType>
                    <VFEnum Min="0" Max="4700">2708</VFEnum>
                    <VFStdFrom Min="0" Max="4">4</VFStdFrom>
                    <VFStdNum>16</VFStdNum>
                  </VideoFormat>
                </EDIDIn>
              </DPIn>
              <DVIIn id="0">
                <Hdcp id="0">
                  <Mode Min="0" Max="1">0</Mode>
                  <HdcpAuth Min="0" Max="1">0</HdcpAuth>
                </Hdcp>
                <EDIDIn id="0">
                  <BitDepth LegalValues="1">1</BitDepth>
                  <EdidStatus Min="0" Max="4">0</EdidStatus>
                  <VideoFormat id="0">
                    <Name>1920x1080p @59.94</Name>
                    <HFreq>67433</HFreq>
                    <HSync Min="1" Max="192">88</HSync>
                    <HActive Min="0" Max="2024">1920</HActive>
                    <HFP Min="0" Max="192">88</HFP>
                    <HTotal Min="2096" Max="8191">2200</HTotal>
                    <VFreq Min="20" Max="75">59.9401</VFreq>
                    <VSync Min="1" Max="41">5</VSync>
                    <VActive Min="0" Max="1116">1080</VActive>
                    <VFP Min="0" Max="40">4</VFP>
                    <VTotal Min="1089" Max="8191">1125</VTotal>
                    <PixelClk>148.352</PixelClk>
                    <HSP Min="78" Max="80">80</HSP>
                    <VSP Min="78" Max="80">80</VSP>
                    <AR Min="0" Max="1000">1.77778</AR>
                    <Interlaced>80</Interlaced>
                    <VFType Min="0" Max="0">8</VFType>
                    <VFEnum Min="0" Max="4700">2708</VFEnum>
                    <VFStdFrom Min="0" Max="4">4</VFStdFrom>
                    <VFStdNum>16</VFStdNum>
                  </VideoFormat>
                </EDIDIn>
              </DVIIn>
              <SDIIn id="0">
                <Type3G LegalValues="0 1 2 3">2</Type3G>
              </SDIIn>
              <HDMIIn id="0">
                <Hdcp id="0">
                  <Mode Min="0" Max="1">0</Mode>
                  <HdcpAuth Min="0" Max="1">0</HdcpAuth>
                </Hdcp>
                <EDIDIn id="0">
                  <BitDepth LegalValues="1 2 3">3</BitDepth>
                  <EdidStatus Min="0" Max="4">0</EdidStatus>
                  <VideoFormat id="0">
                    <Name>1920x1080p @59.94</Name>
                    <HFreq>67433</HFreq>
                    <HSync Min="1" Max="192">88</HSync>
                    <HActive Min="0" Max="2024">1920</HActive>
                    <HFP Min="0" Max="192">88</HFP>
                    <HTotal Min="2096" Max="8191">2200</HTotal>
                    <VFreq Min="20" Max="75">59.9401</VFreq>
                    <VSync Min="1" Max="41">5</VSync>
                    <VActive Min="0" Max="1116">1080</VActive>
                    <VFP Min="0" Max="40">4</VFP>
                    <VTotal Min="1089" Max="8191">1125</VTotal>
                    <PixelClk>148.352</PixelClk>
                    <HSP Min="78" Max="80">80</HSP>
                    <VSP Min="78" Max="80">80</VSP>
                    <AR Min="0" Max="1000">1.77778</AR>
                    <Interlaced>80</Interlaced>
                    <VFType Min="0" Max="0">8</VFType>
                    <VFEnum Min="0" Max="4700">2708</VFEnum>
                    <VFStdFrom Min="0" Max="4">4</VFStdFrom>
                    <VFStdNum>16</VFStdNum>
                  </VideoFormat>
                </EDIDIn>
              </HDMIIn>
              <VideoFormat id="0">
                <Name>Empty</Name>
                <HFreq>0</HFreq>
                <HSync Min="1" Max="1">1</HSync>
                <HActive Min="0" Max="0">0</HActive>
                <HFP Min="0" Max="0">0</HFP>
                <HTotal Min="1" Max="8191">1</HTotal>
                <VFreq Min="20" Max="75">20</VFreq>
                <VSync Min="1" Max="1">1</VSync>
                <VActive Min="0" Max="0">0</VActive>
                <VFP Min="0" Max="0">0</VFP>
                <VTotal Min="1" Max="8191">1</VTotal>
                <PixelClk>0</PixelClk>
                <HSP Min="78" Max="80">80</HSP>
                <VSP Min="78" Max="80">80</VSP>
                <AR Min="0" Max="1000">0</AR>
                <Interlaced>80</Interlaced>
                <VFType Min="0" Max="0">0</VFType>
                <VFEnum Min="0" Max="4700">0</VFEnum>
                <VFStdFrom Min="0" Max="4">0</VFStdFrom>
                <VFStdNum>0</VFStdNum>
              </VideoFormat>
            </In>
            <In id="2">
              <AutoAcqMode Min="0" Max="1">1</AutoAcqMode>
              <Capacity LegalValues="0 1 2 4">0</Capacity>
              <ColorSpace LegalValues="-1 0 1">0</ColorSpace>
              <ColorRange LegalValues="0 1">0</ColorRange>
              <Sync Min="0" Max="2">0</Sync>
              <DPIn id="0">
                <Hdcp id="0">
                  <Mode Min="0" Max="1">0</Mode>
                  <HdcpAuth Min="0" Max="1">0</HdcpAuth>
                </Hdcp>
                <EDIDIn id="0">
                  <BitDepth LegalValues="1 2 3">2</BitDepth>
                  <EdidStatus Min="0" Max="4">0</EdidStatus>
                  <VideoFormat id="0">
                    <Name>1920x1080p @59.94</Name>
                    <HFreq>67433</HFreq>
                    <HSync Min="1" Max="192">88</HSync>
                    <HActive Min="0" Max="2024">1920</HActive>
                    <HFP Min="0" Max="192">88</HFP>
                    <HTotal Min="2096" Max="8191">2200</HTotal>
                    <VFreq Min="20" Max="75">59.9401</VFreq>
                    <VSync Min="1" Max="41">5</VSync>
                    <VActive Min="0" Max="1116">1080</VActive>
                    <VFP Min="0" Max="40">4</VFP>
                    <VTotal Min="1089" Max="8191">1125</VTotal>
                    <PixelClk>148.352</PixelClk>
                    <HSP Min="78" Max="80">80</HSP>
                    <VSP Min="78" Max="80">80</VSP>
                    <AR Min="0" Max="1000">1.77778</AR>
                    <Interlaced>80</Interlaced>
                    <VFType Min="0" Max="0">8</VFType>
                    <VFEnum Min="0" Max="4700">2708</VFEnum>
                    <VFStdFrom Min="0" Max="4">4</VFStdFrom>
                    <VFStdNum>16</VFStdNum>
                  </VideoFormat>
                </EDIDIn>
              </DPIn>
              <DVIIn id="0">
                <Hdcp id="0">
                  <Mode Min="0" Max="1">0</Mode>
                  <HdcpAuth Min="0" Max="1">0</HdcpAuth>
                </Hdcp>
                <EDIDIn id="0">
                  <BitDepth LegalValues="1">1</BitDepth>
                  <EdidStatus Min="0" Max="4">0</EdidStatus>
                  <VideoFormat id="0">
                    <Name>1920x1080p @59.94</Name>
                    <HFreq>67433</HFreq>
                    <HSync Min="1" Max="192">88</HSync>
                    <HActive Min="0" Max="2024">1920</HActive>
                    <HFP Min="0" Max="192">88</HFP>
                    <HTotal Min="2096" Max="8191">2200</HTotal>
                    <VFreq Min="20" Max="75">59.9401</VFreq>
                    <VSync Min="1" Max="41">5</VSync>
                    <VActive Min="0" Max="1116">1080</VActive>
                    <VFP Min="0" Max="40">4</VFP>
                    <VTotal Min="1089" Max="8191">1125</VTotal>
                    <PixelClk>148.352</PixelClk>
                    <HSP Min="78" Max="80">80</HSP>
                    <VSP Min="78" Max="80">80</VSP>
                    <AR Min="0" Max="1000">1.77778</AR>
                    <Interlaced>80</Interlaced>
                    <VFType Min="0" Max="0">8</VFType>
                    <VFEnum Min="0" Max="4700">2708</VFEnum>
                    <VFStdFrom Min="0" Max="4">4</VFStdFrom>
                    <VFStdNum>16</VFStdNum>
                  </VideoFormat>
                </EDIDIn>
              </DVIIn>
              <SDIIn id="0">
                <Type3G LegalValues="0 1 2 3">2</Type3G>
              </SDIIn>
              <HDMIIn id="0">
                <Hdcp id="0">
                  <Mode Min="0" Max="1">0</Mode>
                  <HdcpAuth Min="0" Max="1">0</HdcpAuth>
                </Hdcp>
                <EDIDIn id="0">
                  <BitDepth LegalValues="1 2 3">3</BitDepth>
                  <EdidStatus Min="0" Max="4">0</EdidStatus>
                  <VideoFormat id="0">
                    <Name>1920x1080p @59.94</Name>
                    <HFreq>67433</HFreq>
                    <HSync Min="1" Max="192">88</HSync>
                    <HActive Min="0" Max="2024">1920</HActive>
                    <HFP Min="0" Max="192">88</HFP>
                    <HTotal Min="2096" Max="8191">2200</HTotal>
                    <VFreq Min="20" Max="75">59.9401</VFreq>
                    <VSync Min="1" Max="41">5</VSync>
                    <VActive Min="0" Max="1116">1080</VActive>
                    <VFP Min="0" Max="40">4</VFP>
                    <VTotal Min="1089" Max="8191">1125</VTotal>
                    <PixelClk>148.352</PixelClk>
                    <HSP Min="78" Max="80">80</HSP>
                    <VSP Min="78" Max="80">80</VSP>
                    <AR Min="0" Max="1000">1.77778</AR>
                    <Interlaced>80</Interlaced>
                    <VFType Min="0" Max="0">8</VFType>
                    <VFEnum Min="0" Max="4700">2708</VFEnum>
                    <VFStdFrom Min="0" Max="4">4</VFStdFrom>
                    <VFStdNum>16</VFStdNum>
                  </VideoFormat>
                </EDIDIn>
              </HDMIIn>
              <VideoFormat id="0">
                <Name>Empty</Name>
                <HFreq>0</HFreq>
                <HSync Min="1" Max="1">1</HSync>
                <HActive Min="0" Max="0">0</HActive>
                <HFP Min="0" Max="0">0</HFP>
                <HTotal Min="1" Max="8191">1</HTotal>
                <VFreq Min="20" Max="75">20</VFreq>
                <VSync Min="1" Max="1">1</VSync>
                <VActive Min="0" Max="0">0</VActive>
                <VFP Min="0" Max="0">0</VFP>
                <VTotal Min="1" Max="8191">1</VTotal>
                <PixelClk>0</PixelClk>
                <HSP Min="78" Max="80">80</HSP>
                <VSP Min="78" Max="80">80</VSP>
                <AR Min="0" Max="1000">0</AR>
                <Interlaced>80</Interlaced>
                <VFType Min="0" Max="0">0</VFType>
                <VFEnum Min="0" Max="4700">0</VFEnum>
                <VFStdFrom Min="0" Max="4">0</VFStdFrom>
                <VFStdNum>0</VFStdNum>
              </VideoFormat>
            </In>
            <In id="3">
              <AutoAcqMode Min="0" Max="1">1</AutoAcqMode>
              <Capacity LegalValues="0 1 2 4">0</Capacity>
              <ColorSpace LegalValues="-1 0 1">0</ColorSpace>
              <ColorRange LegalValues="0 1">0</ColorRange>
              <Sync Min="0" Max="2">0</Sync>
              <DPIn id="0">
                <Hdcp id="0">
                  <Mode Min="0" Max="1">0</Mode>
                  <HdcpAuth Min="0" Max="1">0</HdcpAuth>
                </Hdcp>
                <EDIDIn id="0">
                  <BitDepth LegalValues="1 2 3">2</BitDepth>
                  <EdidStatus Min="0" Max="4">0</EdidStatus>
                  <VideoFormat id="0">
                    <Name>1920x1080p @59.94</Name>
                    <HFreq>67433</HFreq>
                    <HSync Min="1" Max="192">88</HSync>
                    <HActive Min="0" Max="2024">1920</HActive>
                    <HFP Min="0" Max="192">88</HFP>
                    <HTotal Min="2096" Max="8191">2200</HTotal>
                    <VFreq Min="20" Max="75">59.9401</VFreq>
                    <VSync Min="1" Max="41">5</VSync>
                    <VActive Min="0" Max="1116">1080</VActive>
                    <VFP Min="0" Max="40">4</VFP>
                    <VTotal Min="1089" Max="8191">1125</VTotal>
                    <PixelClk>148.352</PixelClk>
                    <HSP Min="78" Max="80">80</HSP>
                    <VSP Min="78" Max="80">80</VSP>
                    <AR Min="0" Max="1000">1.77778</AR>
                    <Interlaced>80</Interlaced>
                    <VFType Min="0" Max="0">8</VFType>
                    <VFEnum Min="0" Max="4700">2708</VFEnum>
                    <VFStdFrom Min="0" Max="4">4</VFStdFrom>
                    <VFStdNum>16</VFStdNum>
                  </VideoFormat>
                </EDIDIn>
              </DPIn>
              <DVIIn id="0">
                <Hdcp id="0">
                  <Mode Min="0" Max="1">0</Mode>
                  <HdcpAuth Min="0" Max="1">0</HdcpAuth>
                </Hdcp>
                <EDIDIn id="0">
                  <BitDepth LegalValues="1">1</BitDepth>
                  <EdidStatus Min="0" Max="4">0</EdidStatus>
                  <VideoFormat id="0">
                    <Name>1920x1080p @59.94</Name>
                    <HFreq>67433</HFreq>
                    <HSync Min="1" Max="192">88</HSync>
                    <HActive Min="0" Max="2024">1920</HActive>
                    <HFP Min="0" Max="192">88</HFP>
                    <HTotal Min="2096" Max="8191">2200</HTotal>
                    <VFreq Min="20" Max="75">59.9401</VFreq>
                    <VSync Min="1" Max="41">5</VSync>
                    <VActive Min="0" Max="1116">1080</VActive>
                    <VFP Min="0" Max="40">4</VFP>
                    <VTotal Min="1089" Max="8191">1125</VTotal>
                    <PixelClk>148.352</PixelClk>
                    <HSP Min="78" Max="80">80</HSP>
                    <VSP Min="78" Max="80">80</VSP>
                    <AR Min="0" Max="1000">1.77778</AR>
                    <Interlaced>80</Interlaced>
                    <VFType Min="0" Max="0">8</VFType>
                    <VFEnum Min="0" Max="4700">2708</VFEnum>
                    <VFStdFrom Min="0" Max="4">4</VFStdFrom>
                    <VFStdNum>16</VFStdNum>
                  </VideoFormat>
                </EDIDIn>
              </DVIIn>
              <SDIIn id="0">
                <Type3G LegalValues="0 1 2 3">2</Type3G>
              </SDIIn>
              <HDMIIn id="0">
                <Hdcp id="0">
                  <Mode Min="0" Max="1">0</Mode>
                  <HdcpAuth Min="0" Max="1">0</HdcpAuth>
                </Hdcp>
                <EDIDIn id="0">
                  <BitDepth LegalValues="1 2 3">3</BitDepth>
                  <EdidStatus Min="0" Max="4">0</EdidStatus>
                  <VideoFormat id="0">
                    <Name>1920x1080p @59.94</Name>
                    <HFreq>67433</HFreq>
                    <HSync Min="1" Max="192">88</HSync>
                    <HActive Min="0" Max="2024">1920</HActive>
                    <HFP Min="0" Max="192">88</HFP>
                    <HTotal Min="2096" Max="8191">2200</HTotal>
                    <VFreq Min="20" Max="75">59.9401</VFreq>
                    <VSync Min="1" Max="41">5</VSync>
                    <VActive Min="0" Max="1116">1080</VActive>
                    <VFP Min="0" Max="40">4</VFP>
                    <VTotal Min="1089" Max="8191">1125</VTotal>
                    <PixelClk>148.352</PixelClk>
                    <HSP Min="78" Max="80">80</HSP>
                    <VSP Min="78" Max="80">80</VSP>
                    <AR Min="0" Max="1000">1.77778</AR>
                    <Interlaced>80</Interlaced>
                    <VFType Min="0" Max="0">8</VFType>
                    <VFEnum Min="0" Max="4700">2708</VFEnum>
                    <VFStdFrom Min="0" Max="4">4</VFStdFrom>
                    <VFStdNum>16</VFStdNum>
                  </VideoFormat>
                </EDIDIn>
              </HDMIIn>
              <VideoFormat id="0">
                <Name>Empty</Name>
                <HFreq>0</HFreq>
                <HSync Min="1" Max="1">1</HSync>
                <HActive Min="0" Max="0">0</HActive>
                <HFP Min="0" Max="0">0</HFP>
                <HTotal Min="1" Max="8191">1</HTotal>
                <VFreq Min="20" Max="75">20</VFreq>
                <VSync Min="1" Max="1">1</VSync>
                <VActive Min="0" Max="0">0</VActive>
                <VFP Min="0" Max="0">0</VFP>
                <VTotal Min="1" Max="8191">1</VTotal>
                <PixelClk>0</PixelClk>
                <HSP Min="78" Max="80">80</HSP>
                <VSP Min="78" Max="80">80</VSP>
                <AR Min="0" Max="1000">0</AR>
                <Interlaced>80</Interlaced>
                <VFType Min="0" Max="0">0</VFType>
                <VFEnum Min="0" Max="4700">0</VFEnum>
                <VFStdFrom Min="0" Max="4">0</VFStdFrom>
                <VFStdNum>0</VFStdNum>
              </VideoFormat>
            </In>
          </CardIn>
          <CardExp id="0">
            <LinkConnector id="0">
              <Mode Min="0" Max="1">0</Mode>
              <IP>192.168.000.201</IP>
              <MacAddress>aa:aa:aa:aa:aa:aa</MacAddress>
              <Connected Min="0" Max="1">0</Connected>
              <ConnectorIndex Min="-1" Max="3">-1</ConnectorIndex>
              <SlotIndex Min="-1" Max="22">-1</SlotIndex>
            </LinkConnector>
            <LinkConnector id="1">
              <Mode Min="0" Max="1">0</Mode>
              <IP>192.168.000.201</IP>
              <MacAddress>aa:aa:aa:aa:aa:aa</MacAddress>
              <Connected Min="0" Max="1">0</Connected>
              <ConnectorIndex Min="-1" Max="3">-1</ConnectorIndex>
              <SlotIndex Min="-1" Max="22">-1</SlotIndex>
            </LinkConnector>
          </CardExp>
          <CardOut id="0">
            <NumOfChan Min="0" Max="4">4</NumOfChan>
            <CapacityStatus Min="0" Max="1">0</CapacityStatus>
            <Out id="0">
              <Capacity LegalValues="0 1 2 4">1</Capacity>
              <DPOut id="0">
                <HdcpAuth Min="0" Max="1">0</HdcpAuth>
                <EDIDOut id="0">
                  <EDIDValid Min="0" Max="1">0</EDIDValid>
                  <SupportHdmi Min="0" Max="1">0</SupportHdmi>
                  <SupportRGB Min="0" Max="1">1</SupportRGB>
                  <SupportSMPTE Min="0" Max="1">1</SupportSMPTE>
                  <Support444 Min="0" Max="1">1</Support444>
                  <Support422 Min="0" Max="1">1</Support422>
                  <BitDepth48 Min="0" Max="1">1</BitDepth48>
                  <BitDepth36 Min="0" Max="1">1</BitDepth36>
                  <BitDepth30 Min="0" Max="1">1</BitDepth30>
                  <BitDepth LegalValues="0 1 2 3 4 5">1</BitDepth>
                  <MaxTmds Min="0" Max="255">0</MaxTmds>
                  <VideoFormat id="0">
                    <Name>Empty</Name>
                    <HFreq>0</HFreq>
                    <HSync Min="1" Max="1">1</HSync>
                    <HActive Min="0" Max="0">0</HActive>
                    <HFP Min="0" Max="0">0</HFP>
                    <HTotal Min="1" Max="8191">1</HTotal>
                    <VFreq Min="20" Max="75">20</VFreq>
                    <VSync Min="1" Max="1">1</VSync>
                    <VActive Min="0" Max="0">0</VActive>
                    <VFP Min="0" Max="0">0</VFP>
                    <VTotal Min="1" Max="8191">1</VTotal>
                    <PixelClk>0</PixelClk>
                    <HSP Min="78" Max="80">80</HSP>
                    <VSP Min="78" Max="80">80</VSP>
                    <AR Min="0" Max="1000">0</AR>
                    <Interlaced>80</Interlaced>
                    <VFType Min="0" Max="0">0</VFType>
                    <VFEnum Min="0" Max="4700">0</VFEnum>
                    <VFStdFrom Min="0" Max="4">0</VFStdFrom>
                    <VFStdNum>0</VFStdNum>
                  </VideoFormat>
                </EDIDOut>
              </DPOut>
              <DVIOut id="0">
                <HdcpAuth Min="0" Max="1">0</HdcpAuth>
                <EDIDOut id="0">
                  <EDIDValid Min="0" Max="1">0</EDIDValid>
                  <SupportHdmi Min="0" Max="1">0</SupportHdmi>
                  <SupportRGB Min="0" Max="1">1</SupportRGB>
                  <SupportSMPTE Min="0" Max="1">1</SupportSMPTE>
                  <Support444 Min="0" Max="1">1</Support444>
                  <Support422 Min="0" Max="1">1</Support422>
                  <BitDepth48 Min="0" Max="1">1</BitDepth48>
                  <BitDepth36 Min="0" Max="1">1</BitDepth36>
                  <BitDepth30 Min="0" Max="1">1</BitDepth30>
                  <BitDepth LegalValues="0 1 2 3 4 5">1</BitDepth>
                  <MaxTmds Min="0" Max="255">0</MaxTmds>
                  <VideoFormat id="0">
                    <Name>Empty</Name>
                    <HFreq>0</HFreq>
                    <HSync Min="1" Max="1">1</HSync>
                    <HActive Min="0" Max="0">0</HActive>
                    <HFP Min="0" Max="0">0</HFP>
                    <HTotal Min="1" Max="8191">1</HTotal>
                    <VFreq Min="20" Max="75">20</VFreq>
                    <VSync Min="1" Max="1">1</VSync>
                    <VActive Min="0" Max="0">0</VActive>
                    <VFP Min="0" Max="0">0</VFP>
                    <VTotal Min="1" Max="8191">1</VTotal>
                    <PixelClk>0</PixelClk>
                    <HSP Min="78" Max="80">80</HSP>
                    <VSP Min="78" Max="80">80</VSP>
                    <AR Min="0" Max="1000">0</AR>
                    <Interlaced>80</Interlaced>
                    <VFType Min="0" Max="0">0</VFType>
                    <VFEnum Min="0" Max="4700">0</VFEnum>
                    <VFStdFrom Min="0" Max="4">0</VFStdFrom>
                    <VFStdNum>0</VFStdNum>
                  </VideoFormat>
                </EDIDOut>
              </DVIOut>
              <SDIOut id="0">
                <Type3G LegalValues="0 1 2 3">2</Type3G>
              </SDIOut>
              <HDMIOutput id="0">
                <HdcpAuth Min="0" Max="1">0</HdcpAuth>
                <SinkType Min="0" Max="1">1</SinkType>
                <EDIDOut id="0">
                  <EDIDValid Min="0" Max="1">0</EDIDValid>
                  <SupportHdmi Min="0" Max="1">0</SupportHdmi>
                  <SupportRGB Min="0" Max="1">1</SupportRGB>
                  <SupportSMPTE Min="0" Max="1">1</SupportSMPTE>
                  <Support444 Min="0" Max="1">1</Support444>
                  <Support422 Min="0" Max="1">1</Support422>
                  <BitDepth48 Min="0" Max="1">1</BitDepth48>
                  <BitDepth36 Min="0" Max="1">1</BitDepth36>
                  <BitDepth30 Min="0" Max="1">1</BitDepth30>
                  <BitDepth LegalValues="0 1 2 3 4 5">1</BitDepth>
                  <MaxTmds Min="0" Max="255">0</MaxTmds>
                  <VideoFormat id="0">
                    <Name>Empty</Name>
                    <HFreq>0</HFreq>
                    <HSync Min="1" Max="1">1</HSync>
                    <HActive Min="0" Max="0">0</HActive>
                    <HFP Min="0" Max="0">0</HFP>
                    <HTotal Min="1" Max="8191">1</HTotal>
                    <VFreq Min="20" Max="75">20</VFreq>
                    <VSync Min="1" Max="1">1</VSync>
                    <VActive Min="0" Max="0">0</VActive>
                    <VFP Min="0" Max="0">0</VFP>
                    <VTotal Min="1" Max="8191">1</VTotal>
                    <PixelClk>0</PixelClk>
                    <HSP Min="78" Max="80">80</HSP>
                    <VSP Min="78" Max="80">80</VSP>
                    <AR Min="0" Max="1000">0</AR>
                    <Interlaced>80</Interlaced>
                    <VFType Min="0" Max="0">0</VFType>
                    <VFEnum Min="0" Max="4700">0</VFEnum>
                    <VFStdFrom Min="0" Max="4">0</VFStdFrom>
                    <VFStdNum>0</VFStdNum>
                  </VideoFormat>
                </EDIDOut>
              </HDMIOutput>
            </Out>
            <Out id="1">
              <Capacity LegalValues="0 1 2 4">1</Capacity>
              <DPOut id="0">
                <HdcpAuth Min="0" Max="1">0</HdcpAuth>
                <EDIDOut id="0">
                  <EDIDValid Min="0" Max="1">0</EDIDValid>
                  <SupportHdmi Min="0" Max="1">0</SupportHdmi>
                  <SupportRGB Min="0" Max="1">1</SupportRGB>
                  <SupportSMPTE Min="0" Max="1">1</SupportSMPTE>
                  <Support444 Min="0" Max="1">1</Support444>
                  <Support422 Min="0" Max="1">1</Support422>
                  <BitDepth48 Min="0" Max="1">1</BitDepth48>
                  <BitDepth36 Min="0" Max="1">1</BitDepth36>
                  <BitDepth30 Min="0" Max="1">1</BitDepth30>
                  <BitDepth LegalValues="0 1 2 3 4 5">1</BitDepth>
                  <MaxTmds Min="0" Max="255">0</MaxTmds>
                  <VideoFormat id="0">
                    <Name>Empty</Name>
                    <HFreq>0</HFreq>
                    <HSync Min="1" Max="1">1</HSync>
                    <HActive Min="0" Max="0">0</HActive>
                    <HFP Min="0" Max="0">0</HFP>
                    <HTotal Min="1" Max="8191">1</HTotal>
                    <VFreq Min="20" Max="75">20</VFreq>
                    <VSync Min="1" Max="1">1</VSync>
                    <VActive Min="0" Max="0">0</VActive>
                    <VFP Min="0" Max="0">0</VFP>
                    <VTotal Min="1" Max="8191">1</VTotal>
                    <PixelClk>0</PixelClk>
                    <HSP Min="78" Max="80">80</HSP>
                    <VSP Min="78" Max="80">80</VSP>
                    <AR Min="0" Max="1000">0</AR>
                    <Interlaced>80</Interlaced>
                    <VFType Min="0" Max="0">0</VFType>
                    <VFEnum Min="0" Max="4700">0</VFEnum>
                    <VFStdFrom Min="0" Max="4">0</VFStdFrom>
                    <VFStdNum>0</VFStdNum>
                  </VideoFormat>
                </EDIDOut>
              </DPOut>
              <DVIOut id="0">
                <HdcpAuth Min="0" Max="1">0</HdcpAuth>
                <EDIDOut id="0">
                  <EDIDValid Min="0" Max="1">0</EDIDValid>
                  <SupportHdmi Min="0" Max="1">0</SupportHdmi>
                  <SupportRGB Min="0" Max="1">1</SupportRGB>
                  <SupportSMPTE Min="0" Max="1">1</SupportSMPTE>
                  <Support444 Min="0" Max="1">1</Support444>
                  <Support422 Min="0" Max="1">1</Support422>
                  <BitDepth48 Min="0" Max="1">1</BitDepth48>
                  <BitDepth36 Min="0" Max="1">1</BitDepth36>
                  <BitDepth30 Min="0" Max="1">1</BitDepth30>
                  <BitDepth LegalValues="0 1 2 3 4 5">1</BitDepth>
                  <MaxTmds Min="0" Max="255">0</MaxTmds>
                  <VideoFormat id="0">
                    <Name>Empty</Name>
                    <HFreq>0</HFreq>
                    <HSync Min="1" Max="1">1</HSync>
                    <HActive Min="0" Max="0">0</HActive>
                    <HFP Min="0" Max="0">0</HFP>
                    <HTotal Min="1" Max="8191">1</HTotal>
                    <VFreq Min="20" Max="75">20</VFreq>
                    <VSync Min="1" Max="1">1</VSync>
                    <VActive Min="0" Max="0">0</VActive>
                    <VFP Min="0" Max="0">0</VFP>
                    <VTotal Min="1" Max="8191">1</VTotal>
                    <PixelClk>0</PixelClk>
                    <HSP Min="78" Max="80">80</HSP>
                    <VSP Min="78" Max="80">80</VSP>
                    <AR Min="0" Max="1000">0</AR>
                    <Interlaced>80</Interlaced>
                    <VFType Min="0" Max="0">0</VFType>
                    <VFEnum Min="0" Max="4700">0</VFEnum>
                    <VFStdFrom Min="0" Max="4">0</VFStdFrom>
                    <VFStdNum>0</VFStdNum>
                  </VideoFormat>
                </EDIDOut>
              </DVIOut>
              <SDIOut id="0">
                <Type3G LegalValues="0 1 2 3">2</Type3G>
              </SDIOut>
              <HDMIOutput id="0">
                <HdcpAuth Min="0" Max="1">0</HdcpAuth>
                <SinkType Min="0" Max="1">1</SinkType>
                <EDIDOut id="0">
                  <EDIDValid Min="0" Max="1">0</EDIDValid>
                  <SupportHdmi Min="0" Max="1">0</SupportHdmi>
                  <SupportRGB Min="0" Max="1">1</SupportRGB>
                  <SupportSMPTE Min="0" Max="1">1</SupportSMPTE>
                  <Support444 Min="0" Max="1">1</Support444>
                  <Support422 Min="0" Max="1">1</Support422>
                  <BitDepth48 Min="0" Max="1">1</BitDepth48>
                  <BitDepth36 Min="0" Max="1">1</BitDepth36>
                  <BitDepth30 Min="0" Max="1">1</BitDepth30>
                  <BitDepth LegalValues="0 1 2 3 4 5">1</BitDepth>
                  <MaxTmds Min="0" Max="255">0</MaxTmds>
                  <VideoFormat id="0">
                    <Name>Empty</Name>
                    <HFreq>0</HFreq>
                    <HSync Min="1" Max="1">1</HSync>
                    <HActive Min="0" Max="0">0</HActive>
                    <HFP Min="0" Max="0">0</HFP>
                    <HTotal Min="1" Max="8191">1</HTotal>
                    <VFreq Min="20" Max="75">20</VFreq>
                    <VSync Min="1" Max="1">1</VSync>
                    <VActive Min="0" Max="0">0</VActive>
                    <VFP Min="0" Max="0">0</VFP>
                    <VTotal Min="1" Max="8191">1</VTotal>
                    <PixelClk>0</PixelClk>
                    <HSP Min="78" Max="80">80</HSP>
                    <VSP Min="78" Max="80">80</VSP>
                    <AR Min="0" Max="1000">0</AR>
                    <Interlaced>80</Interlaced>
                    <VFType Min="0" Max="0">0</VFType>
                    <VFEnum Min="0" Max="4700">0</VFEnum>
                    <VFStdFrom Min="0" Max="4">0</VFStdFrom>
                    <VFStdNum>0</VFStdNum>
                  </VideoFormat>
                </EDIDOut>
              </HDMIOutput>
            </Out>
            <Out id="2">
              <Capacity LegalValues="0 1 2 4">1</Capacity>
              <DPOut id="0">
                <HdcpAuth Min="0" Max="1">0</HdcpAuth>
                <EDIDOut id="0">
                  <EDIDValid Min="0" Max="1">0</EDIDValid>
                  <SupportHdmi Min="0" Max="1">0</SupportHdmi>
                  <SupportRGB Min="0" Max="1">1</SupportRGB>
                  <SupportSMPTE Min="0" Max="1">1</SupportSMPTE>
                  <Support444 Min="0" Max="1">1</Support444>
                  <Support422 Min="0" Max="1">1</Support422>
                  <BitDepth48 Min="0" Max="1">1</BitDepth48>
                  <BitDepth36 Min="0" Max="1">1</BitDepth36>
                  <BitDepth30 Min="0" Max="1">1</BitDepth30>
                  <BitDepth LegalValues="0 1 2 3 4 5">1</BitDepth>
                  <MaxTmds Min="0" Max="255">0</MaxTmds>
                  <VideoFormat id="0">
                    <Name>Empty</Name>
                    <HFreq>0</HFreq>
                    <HSync Min="1" Max="1">1</HSync>
                    <HActive Min="0" Max="0">0</HActive>
                    <HFP Min="0" Max="0">0</HFP>
                    <HTotal Min="1" Max="8191">1</HTotal>
                    <VFreq Min="20" Max="75">20</VFreq>
                    <VSync Min="1" Max="1">1</VSync>
                    <VActive Min="0" Max="0">0</VActive>
                    <VFP Min="0" Max="0">0</VFP>
                    <VTotal Min="1" Max="8191">1</VTotal>
                    <PixelClk>0</PixelClk>
                    <HSP Min="78" Max="80">80</HSP>
                    <VSP Min="78" Max="80">80</VSP>
                    <AR Min="0" Max="1000">0</AR>
                    <Interlaced>80</Interlaced>
                    <VFType Min="0" Max="0">0</VFType>
                    <VFEnum Min="0" Max="4700">0</VFEnum>
                    <VFStdFrom Min="0" Max="4">0</VFStdFrom>
                    <VFStdNum>0</VFStdNum>
                  </VideoFormat>
                </EDIDOut>
              </DPOut>
              <DVIOut id="0">
                <HdcpAuth Min="0" Max="1">0</HdcpAuth>
                <EDIDOut id="0">
                  <EDIDValid Min="0" Max="1">0</EDIDValid>
                  <SupportHdmi Min="0" Max="1">0</SupportHdmi>
                  <SupportRGB Min="0" Max="1">1</SupportRGB>
                  <SupportSMPTE Min="0" Max="1">1</SupportSMPTE>
                  <Support444 Min="0" Max="1">1</Support444>
                  <Support422 Min="0" Max="1">1</Support422>
                  <BitDepth48 Min="0" Max="1">1</BitDepth48>
                  <BitDepth36 Min="0" Max="1">1</BitDepth36>
                  <BitDepth30 Min="0" Max="1">1</BitDepth30>
                  <BitDepth LegalValues="0 1 2 3 4 5">1</BitDepth>
                  <MaxTmds Min="0" Max="255">0</MaxTmds>
                  <VideoFormat id="0">
                    <Name>Empty</Name>
                    <HFreq>0</HFreq>
                    <HSync Min="1" Max="1">1</HSync>
                    <HActive Min="0" Max="0">0</HActive>
                    <HFP Min="0" Max="0">0</HFP>
                    <HTotal Min="1" Max="8191">1</HTotal>
                    <VFreq Min="20" Max="75">20</VFreq>
                    <VSync Min="1" Max="1">1</VSync>
                    <VActive Min="0" Max="0">0</VActive>
                    <VFP Min="0" Max="0">0</VFP>
                    <VTotal Min="1" Max="8191">1</VTotal>
                    <PixelClk>0</PixelClk>
                    <HSP Min="78" Max="80">80</HSP>
                    <VSP Min="78" Max="80">80</VSP>
                    <AR Min="0" Max="1000">0</AR>
                    <Interlaced>80</Interlaced>
                    <VFType Min="0" Max="0">0</VFType>
                    <VFEnum Min="0" Max="4700">0</VFEnum>
                    <VFStdFrom Min="0" Max="4">0</VFStdFrom>
                    <VFStdNum>0</VFStdNum>
                  </VideoFormat>
                </EDIDOut>
              </DVIOut>
              <SDIOut id="0">
                <Type3G LegalValues="0 1 2 3">2</Type3G>
              </SDIOut>
              <HDMIOutput id="0">
                <HdcpAuth Min="0" Max="1">0</HdcpAuth>
                <SinkType Min="0" Max="1">1</SinkType>
                <EDIDOut id="0">
                  <EDIDValid Min="0" Max="1">0</EDIDValid>
                  <SupportHdmi Min="0" Max="1">0</SupportHdmi>
                  <SupportRGB Min="0" Max="1">1</SupportRGB>
                  <SupportSMPTE Min="0" Max="1">1</SupportSMPTE>
                  <Support444 Min="0" Max="1">1</Support444>
                  <Support422 Min="0" Max="1">1</Support422>
                  <BitDepth48 Min="0" Max="1">1</BitDepth48>
                  <BitDepth36 Min="0" Max="1">1</BitDepth36>
                  <BitDepth30 Min="0" Max="1">1</BitDepth30>
                  <BitDepth LegalValues="0 1 2 3 4 5">1</BitDepth>
                  <MaxTmds Min="0" Max="255">0</MaxTmds>
                  <VideoFormat id="0">
                    <Name>Empty</Name>
                    <HFreq>0</HFreq>
                    <HSync Min="1" Max="1">1</HSync>
                    <HActive Min="0" Max="0">0</HActive>
                    <HFP Min="0" Max="0">0</HFP>
                    <HTotal Min="1" Max="8191">1</HTotal>
                    <VFreq Min="20" Max="75">20</VFreq>
                    <VSync Min="1" Max="1">1</VSync>
                    <VActive Min="0" Max="0">0</VActive>
                    <VFP Min="0" Max="0">0</VFP>
                    <VTotal Min="1" Max="8191">1</VTotal>
                    <PixelClk>0</PixelClk>
                    <HSP Min="78" Max="80">80</HSP>
                    <VSP Min="78" Max="80">80</VSP>
                    <AR Min="0" Max="1000">0</AR>
                    <Interlaced>80</Interlaced>
                    <VFType Min="0" Max="0">0</VFType>
                    <VFEnum Min="0" Max="4700">0</VFEnum>
                    <VFStdFrom Min="0" Max="4">0</VFStdFrom>
                    <VFStdNum>0</VFStdNum>
                  </VideoFormat>
                </EDIDOut>
              </HDMIOutput>
            </Out>
            <Out id="3">
              <Capacity LegalValues="0 1 2 4">1</Capacity>
              <DPOut id="0">
                <HdcpAuth Min="0" Max="1">0</HdcpAuth>
                <EDIDOut id="0">
                  <EDIDValid Min="0" Max="1">0</EDIDValid>
                  <SupportHdmi Min="0" Max="1">0</SupportHdmi>
                  <SupportRGB Min="0" Max="1">1</SupportRGB>
                  <SupportSMPTE Min="0" Max="1">1</SupportSMPTE>
                  <Support444 Min="0" Max="1">1</Support444>
                  <Support422 Min="0" Max="1">1</Support422>
                  <BitDepth48 Min="0" Max="1">1</BitDepth48>
                  <BitDepth36 Min="0" Max="1">1</BitDepth36>
                  <BitDepth30 Min="0" Max="1">1</BitDepth30>
                  <BitDepth LegalValues="0 1 2 3 4 5">1</BitDepth>
                  <MaxTmds Min="0" Max="255">0</MaxTmds>
                  <VideoFormat id="0">
                    <Name>Empty</Name>
                    <HFreq>0</HFreq>
                    <HSync Min="1" Max="1">1</HSync>
                    <HActive Min="0" Max="0">0</HActive>
                    <HFP Min="0" Max="0">0</HFP>
                    <HTotal Min="1" Max="8191">1</HTotal>
                    <VFreq Min="20" Max="75">20</VFreq>
                    <VSync Min="1" Max="1">1</VSync>
                    <VActive Min="0" Max="0">0</VActive>
                    <VFP Min="0" Max="0">0</VFP>
                    <VTotal Min="1" Max="8191">1</VTotal>
                    <PixelClk>0</PixelClk>
                    <HSP Min="78" Max="80">80</HSP>
                    <VSP Min="78" Max="80">80</VSP>
                    <AR Min="0" Max="1000">0</AR>
                    <Interlaced>80</Interlaced>
                    <VFType Min="0" Max="0">0</VFType>
                    <VFEnum Min="0" Max="4700">0</VFEnum>
                    <VFStdFrom Min="0" Max="4">0</VFStdFrom>
                    <VFStdNum>0</VFStdNum>
                  </VideoFormat>
                </EDIDOut>
              </DPOut>
              <DVIOut id="0">
                <HdcpAuth Min="0" Max="1">0</HdcpAuth>
                <EDIDOut id="0">
                  <EDIDValid Min="0" Max="1">0</EDIDValid>
                  <SupportHdmi Min="0" Max="1">0</SupportHdmi>
                  <SupportRGB Min="0" Max="1">1</SupportRGB>
                  <SupportSMPTE Min="0" Max="1">1</SupportSMPTE>
                  <Support444 Min="0" Max="1">1</Support444>
                  <Support422 Min="0" Max="1">1</Support422>
                  <BitDepth48 Min="0" Max="1">1</BitDepth48>
                  <BitDepth36 Min="0" Max="1">1</BitDepth36>
                  <BitDepth30 Min="0" Max="1">1</BitDepth30>
                  <BitDepth LegalValues="0 1 2 3 4 5">1</BitDepth>
                  <MaxTmds Min="0" Max="255">0</MaxTmds>
                  <VideoFormat id="0">
                    <Name>Empty</Name>
                    <HFreq>0</HFreq>
                    <HSync Min="1" Max="1">1</HSync>
                    <HActive Min="0" Max="0">0</HActive>
                    <HFP Min="0" Max="0">0</HFP>
                    <HTotal Min="1" Max="8191">1</HTotal>
                    <VFreq Min="20" Max="75">20</VFreq>
                    <VSync Min="1" Max="1">1</VSync>
                    <VActive Min="0" Max="0">0</VActive>
                    <VFP Min="0" Max="0">0</VFP>
                    <VTotal Min="1" Max="8191">1</VTotal>
                    <PixelClk>0</PixelClk>
                    <HSP Min="78" Max="80">80</HSP>
                    <VSP Min="78" Max="80">80</VSP>
                    <AR Min="0" Max="1000">0</AR>
                    <Interlaced>80</Interlaced>
                    <VFType Min="0" Max="0">0</VFType>
                    <VFEnum Min="0" Max="4700">0</VFEnum>
                    <VFStdFrom Min="0" Max="4">0</VFStdFrom>
                    <VFStdNum>0</VFStdNum>
                  </VideoFormat>
                </EDIDOut>
              </DVIOut>
              <SDIOut id="0">
                <Type3G LegalValues="0 1 2 3">2</Type3G>
              </SDIOut>
              <HDMIOutput id="0">
                <HdcpAuth Min="0" Max="1">0</HdcpAuth>
                <SinkType Min="0" Max="1">1</SinkType>
                <EDIDOut id="0">
                  <EDIDValid Min="0" Max="1">0</EDIDValid>
                  <SupportHdmi Min="0" Max="1">0</SupportHdmi>
                  <SupportRGB Min="0" Max="1">1</SupportRGB>
                  <SupportSMPTE Min="0" Max="1">1</SupportSMPTE>
                  <Support444 Min="0" Max="1">1</Support444>
                  <Support422 Min="0" Max="1">1</Support422>
                  <BitDepth48 Min="0" Max="1">1</BitDepth48>
                  <BitDepth36 Min="0" Max="1">1</BitDepth36>
                  <BitDepth30 Min="0" Max="1">1</BitDepth30>
                  <BitDepth LegalValues="0 1 2 3 4 5">1</BitDepth>
                  <MaxTmds Min="0" Max="255">0</MaxTmds>
                  <VideoFormat id="0">
                    <Name>Empty</Name>
                    <HFreq>0</HFreq>
                    <HSync Min="1" Max="1">1</HSync>
                    <HActive Min="0" Max="0">0</HActive>
                    <HFP Min="0" Max="0">0</HFP>
                    <HTotal Min="1" Max="8191">1</HTotal>
                    <VFreq Min="20" Max="75">20</VFreq>
                    <VSync Min="1" Max="1">1</VSync>
                    <VActive Min="0" Max="0">0</VActive>
                    <VFP Min="0" Max="0">0</VFP>
                    <VTotal Min="1" Max="8191">1</VTotal>
                    <PixelClk>0</PixelClk>
                    <HSP Min="78" Max="80">80</HSP>
                    <VSP Min="78" Max="80">80</VSP>
                    <AR Min="0" Max="1000">0</AR>
                    <Interlaced>80</Interlaced>
                    <VFType Min="0" Max="0">0</VFType>
                    <VFEnum Min="0" Max="4700">0</VFEnum>
                    <VFStdFrom Min="0" Max="4">0</VFStdFrom>
                    <VFStdNum>0</VFStdNum>
                  </VideoFormat>
                </EDIDOut>
              </HDMIOutput>
            </Out>
          </CardOut>
          <CardLayer id="0">
            <BankIndex Min="-1" Max="4">-1</BankIndex>
            <VpuIndex Min="-1" Max="4">-1</VpuIndex>
            <Luma Min="0" Max="100">37.5</Luma>
            <Sat Min="0" Max="100">100</Sat>
            <Hue Min="0" Max="360">0</Hue>
            <LinkAssign id="0">
              <XPos Min="0" Max="1000000">0</XPos>
              <YPos Min="0" Max="1000000">0</YPos>
              <ZPos Min="0" Max="1000000">0</ZPos>
              <DestIndex Min="-1" Max="127">-1</DestIndex>
              <Rect id="0">
                <HPos Min="-32767" Max="32767">0</HPos>
                <VPos Min="-32767" Max="32767">0</VPos>
                <HSize Min="0" Max="32767">0</HSize>
                <VSize Min="0" Max="32767">0</VSize>
                <AR Min="0" Max="99">0</AR>
              </Rect>
            </LinkAssign>
            <LinkAssign id="1">
              <XPos Min="0" Max="1000000">0</XPos>
              <YPos Min="0" Max="1000000">0</YPos>
              <ZPos Min="0" Max="1000000">0</ZPos>
              <DestIndex Min="-1" Max="127">-1</DestIndex>
              <Rect id="0">
                <HPos Min="-32767" Max="32767">0</HPos>
                <VPos Min="-32767" Max="32767">0</VPos>
                <HSize Min="0" Max="32767">0</HSize>
                <VSize Min="0" Max="32767">0</VSize>
                <AR Min="0" Max="99">0</AR>
              </Rect>
            </LinkAssign>
            <LinkAssign id="2">
              <XPos Min="0" Max="1000000">0</XPos>
              <YPos Min="0" Max="1000000">0</YPos>
              <ZPos Min="0" Max="1000000">0</ZPos>
              <DestIndex Min="-1" Max="127">-1</DestIndex>
              <Rect id="0">
                <HPos Min="-32767" Max="32767">0</HPos>
                <VPos Min="-32767" Max="32767">0</VPos>
                <HSize Min="0" Max="32767">0</HSize>
                <VSize Min="0" Max="32767">0</VSize>
                <AR Min="0" Max="99">0</AR>
              </Rect>
            </LinkAssign>
            <LinkAssign id="3">
              <XPos Min="0" Max="1000000">0</XPos>
              <YPos Min="0" Max="1000000">0</YPos>
              <ZPos Min="0" Max="1000000">0</ZPos>
              <DestIndex Min="-1" Max="127">-1</DestIndex>
              <Rect id="0">
                <HPos Min="-32767" Max="32767">0</HPos>
                <VPos Min="-32767" Max="32767">0</VPos>
                <HSize Min="0" Max="32767">0</HSize>
                <VSize Min="0" Max="32767">0</VSize>
                <AR Min="0" Max="99">0</AR>
              </Rect>
            </LinkAssign>
            <ScalerAssign id="0">
              <YPos Min="0" Max="1000000">0</YPos>
              <ZPos Min="0" Max="1000000">0</ZPos>
              <LayerIndex Min="-1" Max="512">-1</LayerIndex>
              <DestIndex Min="-1" Max="127">-1</DestIndex>
            </ScalerAssign>
            <ScalerAssign id="1">
              <YPos Min="0" Max="1000000">0</YPos>
              <ZPos Min="0" Max="1000000">0</ZPos>
              <LayerIndex Min="-1" Max="512">-1</LayerIndex>
              <DestIndex Min="-1" Max="127">-1</DestIndex>
            </ScalerAssign>
            <ScalerAssign id="2">
              <YPos Min="0" Max="1000000">0</YPos>
              <ZPos Min="0" Max="1000000">0</ZPos>
              <LayerIndex Min="-1" Max="512">-1</LayerIndex>
              <DestIndex Min="-1" Max="127">-1</DestIndex>
            </ScalerAssign>
            <ScalerAssign id="3">
              <YPos Min="0" Max="1000000">0</YPos>
              <ZPos Min="0" Max="1000000">0</ZPos>
              <LayerIndex Min="-1" Max="512">-1</LayerIndex>
              <DestIndex Min="-1" Max="127">-1</DestIndex>
            </ScalerAssign>
          </CardLayer>
        </Card>
      </Slot>
      <Slot id="21">
        <Card id="0">
          <CardStatus Min="0" Max="4">0</CardStatus>
          <CardType Min="0" Max="255">255</CardType>
          <CardID/>
          <SlotIndex Min="-1" Max="23">21</SlotIndex>
          <CardIn id="0">
            <NumOfChan Min="0" Max="4">4</NumOfChan>
            <CapacityStatus Min="0" Max="1">0</CapacityStatus>
            <In id="0">
              <AutoAcqMode Min="0" Max="1">1</AutoAcqMode>
              <Capacity LegalValues="0 1 2 4">0</Capacity>
              <ColorSpace LegalValues="-1 0 1">0</ColorSpace>
              <ColorRange LegalValues="0 1">0</ColorRange>
              <Sync Min="0" Max="2">0</Sync>
              <DPIn id="0">
                <Hdcp id="0">
                  <Mode Min="0" Max="1">0</Mode>
                  <HdcpAuth Min="0" Max="1">0</HdcpAuth>
                </Hdcp>
                <EDIDIn id="0">
                  <BitDepth LegalValues="1 2 3">2</BitDepth>
                  <EdidStatus Min="0" Max="4">0</EdidStatus>
                  <VideoFormat id="0">
                    <Name>1920x1080p @59.94</Name>
                    <HFreq>67433</HFreq>
                    <HSync Min="1" Max="192">88</HSync>
                    <HActive Min="0" Max="2024">1920</HActive>
                    <HFP Min="0" Max="192">88</HFP>
                    <HTotal Min="2096" Max="8191">2200</HTotal>
                    <VFreq Min="20" Max="75">59.9401</VFreq>
                    <VSync Min="1" Max="41">5</VSync>
                    <VActive Min="0" Max="1116">1080</VActive>
                    <VFP Min="0" Max="40">4</VFP>
                    <VTotal Min="1089" Max="8191">1125</VTotal>
                    <PixelClk>148.352</PixelClk>
                    <HSP Min="78" Max="80">80</HSP>
                    <VSP Min="78" Max="80">80</VSP>
                    <AR Min="0" Max="1000">1.77778</AR>
                    <Interlaced>80</Interlaced>
                    <VFType Min="0" Max="0">8</VFType>
                    <VFEnum Min="0" Max="4700">2708</VFEnum>
                    <VFStdFrom Min="0" Max="4">4</VFStdFrom>
                    <VFStdNum>16</VFStdNum>
                  </VideoFormat>
                </EDIDIn>
              </DPIn>
              <DVIIn id="0">
                <Hdcp id="0">
                  <Mode Min="0" Max="1">0</Mode>
                  <HdcpAuth Min="0" Max="1">0</HdcpAuth>
                </Hdcp>
                <EDIDIn id="0">
                  <BitDepth LegalValues="1">1</BitDepth>
                  <EdidStatus Min="0" Max="4">0</EdidStatus>
                  <VideoFormat id="0">
                    <Name>1920x1080p @59.94</Name>
                    <HFreq>67433</HFreq>
                    <HSync Min="1" Max="192">88</HSync>
                    <HActive Min="0" Max="2024">1920</HActive>
                    <HFP Min="0" Max="192">88</HFP>
                    <HTotal Min="2096" Max="8191">2200</HTotal>
                    <VFreq Min="20" Max="75">59.9401</VFreq>
                    <VSync Min="1" Max="41">5</VSync>
                    <VActive Min="0" Max="1116">1080</VActive>
                    <VFP Min="0" Max="40">4</VFP>
                    <VTotal Min="1089" Max="8191">1125</VTotal>
                    <PixelClk>148.352</PixelClk>
                    <HSP Min="78" Max="80">80</HSP>
                    <VSP Min="78" Max="80">80</VSP>
                    <AR Min="0" Max="1000">1.77778</AR>
                    <Interlaced>80</Interlaced>
                    <VFType Min="0" Max="0">8</VFType>
                    <VFEnum Min="0" Max="4700">2708</VFEnum>
                    <VFStdFrom Min="0" Max="4">4</VFStdFrom>
                    <VFStdNum>16</VFStdNum>
                  </VideoFormat>
                </EDIDIn>
              </DVIIn>
              <SDIIn id="0">
                <Type3G LegalValues="0 1 2 3">2</Type3G>
              </SDIIn>
              <HDMIIn id="0">
                <Hdcp id="0">
                  <Mode Min="0" Max="1">0</Mode>
                  <HdcpAuth Min="0" Max="1">0</HdcpAuth>
                </Hdcp>
                <EDIDIn id="0">
                  <BitDepth LegalValues="1 2 3">3</BitDepth>
                  <EdidStatus Min="0" Max="4">0</EdidStatus>
                  <VideoFormat id="0">
                    <Name>1920x1080p @59.94</Name>
                    <HFreq>67433</HFreq>
                    <HSync Min="1" Max="192">88</HSync>
                    <HActive Min="0" Max="2024">1920</HActive>
                    <HFP Min="0" Max="192">88</HFP>
                    <HTotal Min="2096" Max="8191">2200</HTotal>
                    <VFreq Min="20" Max="75">59.9401</VFreq>
                    <VSync Min="1" Max="41">5</VSync>
                    <VActive Min="0" Max="1116">1080</VActive>
                    <VFP Min="0" Max="40">4</VFP>
                    <VTotal Min="1089" Max="8191">1125</VTotal>
                    <PixelClk>148.352</PixelClk>
                    <HSP Min="78" Max="80">80</HSP>
                    <VSP Min="78" Max="80">80</VSP>
                    <AR Min="0" Max="1000">1.77778</AR>
                    <Interlaced>80</Interlaced>
                    <VFType Min="0" Max="0">8</VFType>
                    <VFEnum Min="0" Max="4700">2708</VFEnum>
                    <VFStdFrom Min="0" Max="4">4</VFStdFrom>
                    <VFStdNum>16</VFStdNum>
                  </VideoFormat>
                </EDIDIn>
              </HDMIIn>
              <VideoFormat id="0">
                <Name>Empty</Name>
                <HFreq>0</HFreq>
                <HSync Min="1" Max="1">1</HSync>
                <HActive Min="0" Max="0">0</HActive>
                <HFP Min="0" Max="0">0</HFP>
                <HTotal Min="1" Max="8191">1</HTotal>
                <VFreq Min="20" Max="75">20</VFreq>
                <VSync Min="1" Max="1">1</VSync>
                <VActive Min="0" Max="0">0</VActive>
                <VFP Min="0" Max="0">0</VFP>
                <VTotal Min="1" Max="8191">1</VTotal>
                <PixelClk>0</PixelClk>
                <HSP Min="78" Max="80">80</HSP>
                <VSP Min="78" Max="80">80</VSP>
                <AR Min="0" Max="1000">0</AR>
                <Interlaced>80</Interlaced>
                <VFType Min="0" Max="0">0</VFType>
                <VFEnum Min="0" Max="4700">0</VFEnum>
                <VFStdFrom Min="0" Max="4">0</VFStdFrom>
                <VFStdNum>0</VFStdNum>
              </VideoFormat>
            </In>
            <In id="1">
              <AutoAcqMode Min="0" Max="1">1</AutoAcqMode>
              <Capacity LegalValues="0 1 2 4">0</Capacity>
              <ColorSpace LegalValues="-1 0 1">0</ColorSpace>
              <ColorRange LegalValues="0 1">0</ColorRange>
              <Sync Min="0" Max="2">0</Sync>
              <DPIn id="0">
                <Hdcp id="0">
                  <Mode Min="0" Max="1">0</Mode>
                  <HdcpAuth Min="0" Max="1">0</HdcpAuth>
                </Hdcp>
                <EDIDIn id="0">
                  <BitDepth LegalValues="1 2 3">2</BitDepth>
                  <EdidStatus Min="0" Max="4">0</EdidStatus>
                  <VideoFormat id="0">
                    <Name>1920x1080p @59.94</Name>
                    <HFreq>67433</HFreq>
                    <HSync Min="1" Max="192">88</HSync>
                    <HActive Min="0" Max="2024">1920</HActive>
                    <HFP Min="0" Max="192">88</HFP>
                    <HTotal Min="2096" Max="8191">2200</HTotal>
                    <VFreq Min="20" Max="75">59.9401</VFreq>
                    <VSync Min="1" Max="41">5</VSync>
                    <VActive Min="0" Max="1116">1080</VActive>
                    <VFP Min="0" Max="40">4</VFP>
                    <VTotal Min="1089" Max="8191">1125</VTotal>
                    <PixelClk>148.352</PixelClk>
                    <HSP Min="78" Max="80">80</HSP>
                    <VSP Min="78" Max="80">80</VSP>
                    <AR Min="0" Max="1000">1.77778</AR>
                    <Interlaced>80</Interlaced>
                    <VFType Min="0" Max="0">8</VFType>
                    <VFEnum Min="0" Max="4700">2708</VFEnum>
                    <VFStdFrom Min="0" Max="4">4</VFStdFrom>
                    <VFStdNum>16</VFStdNum>
                  </VideoFormat>
                </EDIDIn>
              </DPIn>
              <DVIIn id="0">
                <Hdcp id="0">
                  <Mode Min="0" Max="1">0</Mode>
                  <HdcpAuth Min="0" Max="1">0</HdcpAuth>
                </Hdcp>
                <EDIDIn id="0">
                  <BitDepth LegalValues="1">1</BitDepth>
                  <EdidStatus Min="0" Max="4">0</EdidStatus>
                  <VideoFormat id="0">
                    <Name>1920x1080p @59.94</Name>
                    <HFreq>67433</HFreq>
                    <HSync Min="1" Max="192">88</HSync>
                    <HActive Min="0" Max="2024">1920</HActive>
                    <HFP Min="0" Max="192">88</HFP>
                    <HTotal Min="2096" Max="8191">2200</HTotal>
                    <VFreq Min="20" Max="75">59.9401</VFreq>
                    <VSync Min="1" Max="41">5</VSync>
                    <VActive Min="0" Max="1116">1080</VActive>
                    <VFP Min="0" Max="40">4</VFP>
                    <VTotal Min="1089" Max="8191">1125</VTotal>
                    <PixelClk>148.352</PixelClk>
                    <HSP Min="78" Max="80">80</HSP>
                    <VSP Min="78" Max="80">80</VSP>
                    <AR Min="0" Max="1000">1.77778</AR>
                    <Interlaced>80</Interlaced>
                    <VFType Min="0" Max="0">8</VFType>
                    <VFEnum Min="0" Max="4700">2708</VFEnum>
                    <VFStdFrom Min="0" Max="4">4</VFStdFrom>
                    <VFStdNum>16</VFStdNum>
                  </VideoFormat>
                </EDIDIn>
              </DVIIn>
              <SDIIn id="0">
                <Type3G LegalValues="0 1 2 3">2</Type3G>
              </SDIIn>
              <HDMIIn id="0">
                <Hdcp id="0">
                  <Mode Min="0" Max="1">0</Mode>
                  <HdcpAuth Min="0" Max="1">0</HdcpAuth>
                </Hdcp>
                <EDIDIn id="0">
                  <BitDepth LegalValues="1 2 3">3</BitDepth>
                  <EdidStatus Min="0" Max="4">0</EdidStatus>
                  <VideoFormat id="0">
                    <Name>1920x1080p @59.94</Name>
                    <HFreq>67433</HFreq>
                    <HSync Min="1" Max="192">88</HSync>
                    <HActive Min="0" Max="2024">1920</HActive>
                    <HFP Min="0" Max="192">88</HFP>
                    <HTotal Min="2096" Max="8191">2200</HTotal>
                    <VFreq Min="20" Max="75">59.9401</VFreq>
                    <VSync Min="1" Max="41">5</VSync>
                    <VActive Min="0" Max="1116">1080</VActive>
                    <VFP Min="0" Max="40">4</VFP>
                    <VTotal Min="1089" Max="8191">1125</VTotal>
                    <PixelClk>148.352</PixelClk>
                    <HSP Min="78" Max="80">80</HSP>
                    <VSP Min="78" Max="80">80</VSP>
                    <AR Min="0" Max="1000">1.77778</AR>
                    <Interlaced>80</Interlaced>
                    <VFType Min="0" Max="0">8</VFType>
                    <VFEnum Min="0" Max="4700">2708</VFEnum>
                    <VFStdFrom Min="0" Max="4">4</VFStdFrom>
                    <VFStdNum>16</VFStdNum>
                  </VideoFormat>
                </EDIDIn>
              </HDMIIn>
              <VideoFormat id="0">
                <Name>Empty</Name>
                <HFreq>0</HFreq>
                <HSync Min="1" Max="1">1</HSync>
                <HActive Min="0" Max="0">0</HActive>
                <HFP Min="0" Max="0">0</HFP>
                <HTotal Min="1" Max="8191">1</HTotal>
                <VFreq Min="20" Max="75">20</VFreq>
                <VSync Min="1" Max="1">1</VSync>
                <VActive Min="0" Max="0">0</VActive>
                <VFP Min="0" Max="0">0</VFP>
                <VTotal Min="1" Max="8191">1</VTotal>
                <PixelClk>0</PixelClk>
                <HSP Min="78" Max="80">80</HSP>
                <VSP Min="78" Max="80">80</VSP>
                <AR Min="0" Max="1000">0</AR>
                <Interlaced>80</Interlaced>
                <VFType Min="0" Max="0">0</VFType>
                <VFEnum Min="0" Max="4700">0</VFEnum>
                <VFStdFrom Min="0" Max="4">0</VFStdFrom>
                <VFStdNum>0</VFStdNum>
              </VideoFormat>
            </In>
            <In id="2">
              <AutoAcqMode Min="0" Max="1">1</AutoAcqMode>
              <Capacity LegalValues="0 1 2 4">0</Capacity>
              <ColorSpace LegalValues="-1 0 1">0</ColorSpace>
              <ColorRange LegalValues="0 1">0</ColorRange>
              <Sync Min="0" Max="2">0</Sync>
              <DPIn id="0">
                <Hdcp id="0">
                  <Mode Min="0" Max="1">0</Mode>
                  <HdcpAuth Min="0" Max="1">0</HdcpAuth>
                </Hdcp>
                <EDIDIn id="0">
                  <BitDepth LegalValues="1 2 3">2</BitDepth>
                  <EdidStatus Min="0" Max="4">0</EdidStatus>
                  <VideoFormat id="0">
                    <Name>1920x1080p @59.94</Name>
                    <HFreq>67433</HFreq>
                    <HSync Min="1" Max="192">88</HSync>
                    <HActive Min="0" Max="2024">1920</HActive>
                    <HFP Min="0" Max="192">88</HFP>
                    <HTotal Min="2096" Max="8191">2200</HTotal>
                    <VFreq Min="20" Max="75">59.9401</VFreq>
                    <VSync Min="1" Max="41">5</VSync>
                    <VActive Min="0" Max="1116">1080</VActive>
                    <VFP Min="0" Max="40">4</VFP>
                    <VTotal Min="1089" Max="8191">1125</VTotal>
                    <PixelClk>148.352</PixelClk>
                    <HSP Min="78" Max="80">80</HSP>
                    <VSP Min="78" Max="80">80</VSP>
                    <AR Min="0" Max="1000">1.77778</AR>
                    <Interlaced>80</Interlaced>
                    <VFType Min="0" Max="0">8</VFType>
                    <VFEnum Min="0" Max="4700">2708</VFEnum>
                    <VFStdFrom Min="0" Max="4">4</VFStdFrom>
                    <VFStdNum>16</VFStdNum>
                  </VideoFormat>
                </EDIDIn>
              </DPIn>
              <DVIIn id="0">
                <Hdcp id="0">
                  <Mode Min="0" Max="1">0</Mode>
                  <HdcpAuth Min="0" Max="1">0</HdcpAuth>
                </Hdcp>
                <EDIDIn id="0">
                  <BitDepth LegalValues="1">1</BitDepth>
                  <EdidStatus Min="0" Max="4">0</EdidStatus>
                  <VideoFormat id="0">
                    <Name>1920x1080p @59.94</Name>
                    <HFreq>67433</HFreq>
                    <HSync Min="1" Max="192">88</HSync>
                    <HActive Min="0" Max="2024">1920</HActive>
                    <HFP Min="0" Max="192">88</HFP>
                    <HTotal Min="2096" Max="8191">2200</HTotal>
                    <VFreq Min="20" Max="75">59.9401</VFreq>
                    <VSync Min="1" Max="41">5</VSync>
                    <VActive Min="0" Max="1116">1080</VActive>
                    <VFP Min="0" Max="40">4</VFP>
                    <VTotal Min="1089" Max="8191">1125</VTotal>
                    <PixelClk>148.352</PixelClk>
                    <HSP Min="78" Max="80">80</HSP>
                    <VSP Min="78" Max="80">80</VSP>
                    <AR Min="0" Max="1000">1.77778</AR>
                    <Interlaced>80</Interlaced>
                    <VFType Min="0" Max="0">8</VFType>
                    <VFEnum Min="0" Max="4700">2708</VFEnum>
                    <VFStdFrom Min="0" Max="4">4</VFStdFrom>
                    <VFStdNum>16</VFStdNum>
                  </VideoFormat>
                </EDIDIn>
              </DVIIn>
              <SDIIn id="0">
                <Type3G LegalValues="0 1 2 3">2</Type3G>
              </SDIIn>
              <HDMIIn id="0">
                <Hdcp id="0">
                  <Mode Min="0" Max="1">0</Mode>
                  <HdcpAuth Min="0" Max="1">0</HdcpAuth>
                </Hdcp>
                <EDIDIn id="0">
                  <BitDepth LegalValues="1 2 3">3</BitDepth>
                  <EdidStatus Min="0" Max="4">0</EdidStatus>
                  <VideoFormat id="0">
                    <Name>1920x1080p @59.94</Name>
                    <HFreq>67433</HFreq>
                    <HSync Min="1" Max="192">88</HSync>
                    <HActive Min="0" Max="2024">1920</HActive>
                    <HFP Min="0" Max="192">88</HFP>
                    <HTotal Min="2096" Max="8191">2200</HTotal>
                    <VFreq Min="20" Max="75">59.9401</VFreq>
                    <VSync Min="1" Max="41">5</VSync>
                    <VActive Min="0" Max="1116">1080</VActive>
                    <VFP Min="0" Max="40">4</VFP>
                    <VTotal Min="1089" Max="8191">1125</VTotal>
                    <PixelClk>148.352</PixelClk>
                    <HSP Min="78" Max="80">80</HSP>
                    <VSP Min="78" Max="80">80</VSP>
                    <AR Min="0" Max="1000">1.77778</AR>
                    <Interlaced>80</Interlaced>
                    <VFType Min="0" Max="0">8</VFType>
                    <VFEnum Min="0" Max="4700">2708</VFEnum>
                    <VFStdFrom Min="0" Max="4">4</VFStdFrom>
                    <VFStdNum>16</VFStdNum>
                  </VideoFormat>
                </EDIDIn>
              </HDMIIn>
              <VideoFormat id="0">
                <Name>Empty</Name>
                <HFreq>0</HFreq>
                <HSync Min="1" Max="1">1</HSync>
                <HActive Min="0" Max="0">0</HActive>
                <HFP Min="0" Max="0">0</HFP>
                <HTotal Min="1" Max="8191">1</HTotal>
                <VFreq Min="20" Max="75">20</VFreq>
                <VSync Min="1" Max="1">1</VSync>
                <VActive Min="0" Max="0">0</VActive>
                <VFP Min="0" Max="0">0</VFP>
                <VTotal Min="1" Max="8191">1</VTotal>
                <PixelClk>0</PixelClk>
                <HSP Min="78" Max="80">80</HSP>
                <VSP Min="78" Max="80">80</VSP>
                <AR Min="0" Max="1000">0</AR>
                <Interlaced>80</Interlaced>
                <VFType Min="0" Max="0">0</VFType>
                <VFEnum Min="0" Max="4700">0</VFEnum>
                <VFStdFrom Min="0" Max="4">0</VFStdFrom>
                <VFStdNum>0</VFStdNum>
              </VideoFormat>
            </In>
            <In id="3">
              <AutoAcqMode Min="0" Max="1">1</AutoAcqMode>
              <Capacity LegalValues="0 1 2 4">0</Capacity>
              <ColorSpace LegalValues="-1 0 1">0</ColorSpace>
              <ColorRange LegalValues="0 1">0</ColorRange>
              <Sync Min="0" Max="2">0</Sync>
              <DPIn id="0">
                <Hdcp id="0">
                  <Mode Min="0" Max="1">0</Mode>
                  <HdcpAuth Min="0" Max="1">0</HdcpAuth>
                </Hdcp>
                <EDIDIn id="0">
                  <BitDepth LegalValues="1 2 3">2</BitDepth>
                  <EdidStatus Min="0" Max="4">0</EdidStatus>
                  <VideoFormat id="0">
                    <Name>1920x1080p @59.94</Name>
                    <HFreq>67433</HFreq>
                    <HSync Min="1" Max="192">88</HSync>
                    <HActive Min="0" Max="2024">1920</HActive>
                    <HFP Min="0" Max="192">88</HFP>
                    <HTotal Min="2096" Max="8191">2200</HTotal>
                    <VFreq Min="20" Max="75">59.9401</VFreq>
                    <VSync Min="1" Max="41">5</VSync>
                    <VActive Min="0" Max="1116">1080</VActive>
                    <VFP Min="0" Max="40">4</VFP>
                    <VTotal Min="1089" Max="8191">1125</VTotal>
                    <PixelClk>148.352</PixelClk>
                    <HSP Min="78" Max="80">80</HSP>
                    <VSP Min="78" Max="80">80</VSP>
                    <AR Min="0" Max="1000">1.77778</AR>
                    <Interlaced>80</Interlaced>
                    <VFType Min="0" Max="0">8</VFType>
                    <VFEnum Min="0" Max="4700">2708</VFEnum>
                    <VFStdFrom Min="0" Max="4">4</VFStdFrom>
                    <VFStdNum>16</VFStdNum>
                  </VideoFormat>
                </EDIDIn>
              </DPIn>
              <DVIIn id="0">
                <Hdcp id="0">
                  <Mode Min="0" Max="1">0</Mode>
                  <HdcpAuth Min="0" Max="1">0</HdcpAuth>
                </Hdcp>
                <EDIDIn id="0">
                  <BitDepth LegalValues="1">1</BitDepth>
                  <EdidStatus Min="0" Max="4">0</EdidStatus>
                  <VideoFormat id="0">
                    <Name>1920x1080p @59.94</Name>
                    <HFreq>67433</HFreq>
                    <HSync Min="1" Max="192">88</HSync>
                    <HActive Min="0" Max="2024">1920</HActive>
                    <HFP Min="0" Max="192">88</HFP>
                    <HTotal Min="2096" Max="8191">2200</HTotal>
                    <VFreq Min="20" Max="75">59.9401</VFreq>
                    <VSync Min="1" Max="41">5</VSync>
                    <VActive Min="0" Max="1116">1080</VActive>
                    <VFP Min="0" Max="40">4</VFP>
                    <VTotal Min="1089" Max="8191">1125</VTotal>
                    <PixelClk>148.352</PixelClk>
                    <HSP Min="78" Max="80">80</HSP>
                    <VSP Min="78" Max="80">80</VSP>
                    <AR Min="0" Max="1000">1.77778</AR>
                    <Interlaced>80</Interlaced>
                    <VFType Min="0" Max="0">8</VFType>
                    <VFEnum Min="0" Max="4700">2708</VFEnum>
                    <VFStdFrom Min="0" Max="4">4</VFStdFrom>
                    <VFStdNum>16</VFStdNum>
                  </VideoFormat>
                </EDIDIn>
              </DVIIn>
              <SDIIn id="0">
                <Type3G LegalValues="0 1 2 3">2</Type3G>
              </SDIIn>
              <HDMIIn id="0">
                <Hdcp id="0">
                  <Mode Min="0" Max="1">0</Mode>
                  <HdcpAuth Min="0" Max="1">0</HdcpAuth>
                </Hdcp>
                <EDIDIn id="0">
                  <BitDepth LegalValues="1 2 3">3</BitDepth>
                  <EdidStatus Min="0" Max="4">0</EdidStatus>
                  <VideoFormat id="0">
                    <Name>1920x1080p @59.94</Name>
                    <HFreq>67433</HFreq>
                    <HSync Min="1" Max="192">88</HSync>
                    <HActive Min="0" Max="2024">1920</HActive>
                    <HFP Min="0" Max="192">88</HFP>
                    <HTotal Min="2096" Max="8191">2200</HTotal>
                    <VFreq Min="20" Max="75">59.9401</VFreq>
                    <VSync Min="1" Max="41">5</VSync>
                    <VActive Min="0" Max="1116">1080</VActive>
                    <VFP Min="0" Max="40">4</VFP>
                    <VTotal Min="1089" Max="8191">1125</VTotal>
                    <PixelClk>148.352</PixelClk>
                    <HSP Min="78" Max="80">80</HSP>
                    <VSP Min="78" Max="80">80</VSP>
                    <AR Min="0" Max="1000">1.77778</AR>
                    <Interlaced>80</Interlaced>
                    <VFType Min="0" Max="0">8</VFType>
                    <VFEnum Min="0" Max="4700">2708</VFEnum>
                    <VFStdFrom Min="0" Max="4">4</VFStdFrom>
                    <VFStdNum>16</VFStdNum>
                  </VideoFormat>
                </EDIDIn>
              </HDMIIn>
              <VideoFormat id="0">
                <Name>Empty</Name>
                <HFreq>0</HFreq>
                <HSync Min="1" Max="1">1</HSync>
                <HActive Min="0" Max="0">0</HActive>
                <HFP Min="0" Max="0">0</HFP>
                <HTotal Min="1" Max="8191">1</HTotal>
                <VFreq Min="20" Max="75">20</VFreq>
                <VSync Min="1" Max="1">1</VSync>
                <VActive Min="0" Max="0">0</VActive>
                <VFP Min="0" Max="0">0</VFP>
                <VTotal Min="1" Max="8191">1</VTotal>
                <PixelClk>0</PixelClk>
                <HSP Min="78" Max="80">80</HSP>
                <VSP Min="78" Max="80">80</VSP>
                <AR Min="0" Max="1000">0</AR>
                <Interlaced>80</Interlaced>
                <VFType Min="0" Max="0">0</VFType>
                <VFEnum Min="0" Max="4700">0</VFEnum>
                <VFStdFrom Min="0" Max="4">0</VFStdFrom>
                <VFStdNum>0</VFStdNum>
              </VideoFormat>
            </In>
          </CardIn>
          <CardExp id="0">
            <LinkConnector id="0">
              <Mode Min="0" Max="1">0</Mode>
              <IP>192.168.000.201</IP>
              <MacAddress>aa:aa:aa:aa:aa:aa</MacAddress>
              <Connected Min="0" Max="1">0</Connected>
              <ConnectorIndex Min="-1" Max="3">-1</ConnectorIndex>
              <SlotIndex Min="-1" Max="22">-1</SlotIndex>
            </LinkConnector>
            <LinkConnector id="1">
              <Mode Min="0" Max="1">0</Mode>
              <IP>192.168.000.201</IP>
              <MacAddress>aa:aa:aa:aa:aa:aa</MacAddress>
              <Connected Min="0" Max="1">0</Connected>
              <ConnectorIndex Min="-1" Max="3">-1</ConnectorIndex>
              <SlotIndex Min="-1" Max="22">-1</SlotIndex>
            </LinkConnector>
          </CardExp>
          <CardOut id="0">
            <NumOfChan Min="0" Max="4">4</NumOfChan>
            <CapacityStatus Min="0" Max="1">0</CapacityStatus>
            <Out id="0">
              <Capacity LegalValues="0 1 2 4">1</Capacity>
              <DPOut id="0">
                <HdcpAuth Min="0" Max="1">0</HdcpAuth>
                <EDIDOut id="0">
                  <EDIDValid Min="0" Max="1">0</EDIDValid>
                  <SupportHdmi Min="0" Max="1">0</SupportHdmi>
                  <SupportRGB Min="0" Max="1">1</SupportRGB>
                  <SupportSMPTE Min="0" Max="1">1</SupportSMPTE>
                  <Support444 Min="0" Max="1">1</Support444>
                  <Support422 Min="0" Max="1">1</Support422>
                  <BitDepth48 Min="0" Max="1">1</BitDepth48>
                  <BitDepth36 Min="0" Max="1">1</BitDepth36>
                  <BitDepth30 Min="0" Max="1">1</BitDepth30>
                  <BitDepth LegalValues="0 1 2 3 4 5">1</BitDepth>
                  <MaxTmds Min="0" Max="255">0</MaxTmds>
                  <VideoFormat id="0">
                    <Name>Empty</Name>
                    <HFreq>0</HFreq>
                    <HSync Min="1" Max="1">1</HSync>
                    <HActive Min="0" Max="0">0</HActive>
                    <HFP Min="0" Max="0">0</HFP>
                    <HTotal Min="1" Max="8191">1</HTotal>
                    <VFreq Min="20" Max="75">20</VFreq>
                    <VSync Min="1" Max="1">1</VSync>
                    <VActive Min="0" Max="0">0</VActive>
                    <VFP Min="0" Max="0">0</VFP>
                    <VTotal Min="1" Max="8191">1</VTotal>
                    <PixelClk>0</PixelClk>
                    <HSP Min="78" Max="80">80</HSP>
                    <VSP Min="78" Max="80">80</VSP>
                    <AR Min="0" Max="1000">0</AR>
                    <Interlaced>80</Interlaced>
                    <VFType Min="0" Max="0">0</VFType>
                    <VFEnum Min="0" Max="4700">0</VFEnum>
                    <VFStdFrom Min="0" Max="4">0</VFStdFrom>
                    <VFStdNum>0</VFStdNum>
                  </VideoFormat>
                </EDIDOut>
              </DPOut>
              <DVIOut id="0">
                <HdcpAuth Min="0" Max="1">0</HdcpAuth>
                <EDIDOut id="0">
                  <EDIDValid Min="0" Max="1">0</EDIDValid>
                  <SupportHdmi Min="0" Max="1">0</SupportHdmi>
                  <SupportRGB Min="0" Max="1">1</SupportRGB>
                  <SupportSMPTE Min="0" Max="1">1</SupportSMPTE>
                  <Support444 Min="0" Max="1">1</Support444>
                  <Support422 Min="0" Max="1">1</Support422>
                  <BitDepth48 Min="0" Max="1">1</BitDepth48>
                  <BitDepth36 Min="0" Max="1">1</BitDepth36>
                  <BitDepth30 Min="0" Max="1">1</BitDepth30>
                  <BitDepth LegalValues="0 1 2 3 4 5">1</BitDepth>
                  <MaxTmds Min="0" Max="255">0</MaxTmds>
                  <VideoFormat id="0">
                    <Name>Empty</Name>
                    <HFreq>0</HFreq>
                    <HSync Min="1" Max="1">1</HSync>
                    <HActive Min="0" Max="0">0</HActive>
                    <HFP Min="0" Max="0">0</HFP>
                    <HTotal Min="1" Max="8191">1</HTotal>
                    <VFreq Min="20" Max="75">20</VFreq>
                    <VSync Min="1" Max="1">1</VSync>
                    <VActive Min="0" Max="0">0</VActive>
                    <VFP Min="0" Max="0">0</VFP>
                    <VTotal Min="1" Max="8191">1</VTotal>
                    <PixelClk>0</PixelClk>
                    <HSP Min="78" Max="80">80</HSP>
                    <VSP Min="78" Max="80">80</VSP>
                    <AR Min="0" Max="1000">0</AR>
                    <Interlaced>80</Interlaced>
                    <VFType Min="0" Max="0">0</VFType>
                    <VFEnum Min="0" Max="4700">0</VFEnum>
                    <VFStdFrom Min="0" Max="4">0</VFStdFrom>
                    <VFStdNum>0</VFStdNum>
                  </VideoFormat>
                </EDIDOut>
              </DVIOut>
              <SDIOut id="0">
                <Type3G LegalValues="0 1 2 3">2</Type3G>
              </SDIOut>
              <HDMIOutput id="0">
                <HdcpAuth Min="0" Max="1">0</HdcpAuth>
                <SinkType Min="0" Max="1">1</SinkType>
                <EDIDOut id="0">
                  <EDIDValid Min="0" Max="1">0</EDIDValid>
                  <SupportHdmi Min="0" Max="1">0</SupportHdmi>
                  <SupportRGB Min="0" Max="1">1</SupportRGB>
                  <SupportSMPTE Min="0" Max="1">1</SupportSMPTE>
                  <Support444 Min="0" Max="1">1</Support444>
                  <Support422 Min="0" Max="1">1</Support422>
                  <BitDepth48 Min="0" Max="1">1</BitDepth48>
                  <BitDepth36 Min="0" Max="1">1</BitDepth36>
                  <BitDepth30 Min="0" Max="1">1</BitDepth30>
                  <BitDepth LegalValues="0 1 2 3 4 5">1</BitDepth>
                  <MaxTmds Min="0" Max="255">0</MaxTmds>
                  <VideoFormat id="0">
                    <Name>Empty</Name>
                    <HFreq>0</HFreq>
                    <HSync Min="1" Max="1">1</HSync>
                    <HActive Min="0" Max="0">0</HActive>
                    <HFP Min="0" Max="0">0</HFP>
                    <HTotal Min="1" Max="8191">1</HTotal>
                    <VFreq Min="20" Max="75">20</VFreq>
                    <VSync Min="1" Max="1">1</VSync>
                    <VActive Min="0" Max="0">0</VActive>
                    <VFP Min="0" Max="0">0</VFP>
                    <VTotal Min="1" Max="8191">1</VTotal>
                    <PixelClk>0</PixelClk>
                    <HSP Min="78" Max="80">80</HSP>
                    <VSP Min="78" Max="80">80</VSP>
                    <AR Min="0" Max="1000">0</AR>
                    <Interlaced>80</Interlaced>
                    <VFType Min="0" Max="0">0</VFType>
                    <VFEnum Min="0" Max="4700">0</VFEnum>
                    <VFStdFrom Min="0" Max="4">0</VFStdFrom>
                    <VFStdNum>0</VFStdNum>
                  </VideoFormat>
                </EDIDOut>
              </HDMIOutput>
            </Out>
            <Out id="1">
              <Capacity LegalValues="0 1 2 4">1</Capacity>
              <DPOut id="0">
                <HdcpAuth Min="0" Max="1">0</HdcpAuth>
                <EDIDOut id="0">
                  <EDIDValid Min="0" Max="1">0</EDIDValid>
                  <SupportHdmi Min="0" Max="1">0</SupportHdmi>
                  <SupportRGB Min="0" Max="1">1</SupportRGB>
                  <SupportSMPTE Min="0" Max="1">1</SupportSMPTE>
                  <Support444 Min="0" Max="1">1</Support444>
                  <Support422 Min="0" Max="1">1</Support422>
                  <BitDepth48 Min="0" Max="1">1</BitDepth48>
                  <BitDepth36 Min="0" Max="1">1</BitDepth36>
                  <BitDepth30 Min="0" Max="1">1</BitDepth30>
                  <BitDepth LegalValues="0 1 2 3 4 5">1</BitDepth>
                  <MaxTmds Min="0" Max="255">0</MaxTmds>
                  <VideoFormat id="0">
                    <Name>Empty</Name>
                    <HFreq>0</HFreq>
                    <HSync Min="1" Max="1">1</HSync>
                    <HActive Min="0" Max="0">0</HActive>
                    <HFP Min="0" Max="0">0</HFP>
                    <HTotal Min="1" Max="8191">1</HTotal>
                    <VFreq Min="20" Max="75">20</VFreq>
                    <VSync Min="1" Max="1">1</VSync>
                    <VActive Min="0" Max="0">0</VActive>
                    <VFP Min="0" Max="0">0</VFP>
                    <VTotal Min="1" Max="8191">1</VTotal>
                    <PixelClk>0</PixelClk>
                    <HSP Min="78" Max="80">80</HSP>
                    <VSP Min="78" Max="80">80</VSP>
                    <AR Min="0" Max="1000">0</AR>
                    <Interlaced>80</Interlaced>
                    <VFType Min="0" Max="0">0</VFType>
                    <VFEnum Min="0" Max="4700">0</VFEnum>
                    <VFStdFrom Min="0" Max="4">0</VFStdFrom>
                    <VFStdNum>0</VFStdNum>
                  </VideoFormat>
                </EDIDOut>
              </DPOut>
              <DVIOut id="0">
                <HdcpAuth Min="0" Max="1">0</HdcpAuth>
                <EDIDOut id="0">
                  <EDIDValid Min="0" Max="1">0</EDIDValid>
                  <SupportHdmi Min="0" Max="1">0</SupportHdmi>
                  <SupportRGB Min="0" Max="1">1</SupportRGB>
                  <SupportSMPTE Min="0" Max="1">1</SupportSMPTE>
                  <Support444 Min="0" Max="1">1</Support444>
                  <Support422 Min="0" Max="1">1</Support422>
                  <BitDepth48 Min="0" Max="1">1</BitDepth48>
                  <BitDepth36 Min="0" Max="1">1</BitDepth36>
                  <BitDepth30 Min="0" Max="1">1</BitDepth30>
                  <BitDepth LegalValues="0 1 2 3 4 5">1</BitDepth>
                  <MaxTmds Min="0" Max="255">0</MaxTmds>
                  <VideoFormat id="0">
                    <Name>Empty</Name>
                    <HFreq>0</HFreq>
                    <HSync Min="1" Max="1">1</HSync>
                    <HActive Min="0" Max="0">0</HActive>
                    <HFP Min="0" Max="0">0</HFP>
                    <HTotal Min="1" Max="8191">1</HTotal>
                    <VFreq Min="20" Max="75">20</VFreq>
                    <VSync Min="1" Max="1">1</VSync>
                    <VActive Min="0" Max="0">0</VActive>
                    <VFP Min="0" Max="0">0</VFP>
                    <VTotal Min="1" Max="8191">1</VTotal>
                    <PixelClk>0</PixelClk>
                    <HSP Min="78" Max="80">80</HSP>
                    <VSP Min="78" Max="80">80</VSP>
                    <AR Min="0" Max="1000">0</AR>
                    <Interlaced>80</Interlaced>
                    <VFType Min="0" Max="0">0</VFType>
                    <VFEnum Min="0" Max="4700">0</VFEnum>
                    <VFStdFrom Min="0" Max="4">0</VFStdFrom>
                    <VFStdNum>0</VFStdNum>
                  </VideoFormat>
                </EDIDOut>
              </DVIOut>
              <SDIOut id="0">
                <Type3G LegalValues="0 1 2 3">2</Type3G>
              </SDIOut>
              <HDMIOutput id="0">
                <HdcpAuth Min="0" Max="1">0</HdcpAuth>
                <SinkType Min="0" Max="1">1</SinkType>
                <EDIDOut id="0">
                  <EDIDValid Min="0" Max="1">0</EDIDValid>
                  <SupportHdmi Min="0" Max="1">0</SupportHdmi>
                  <SupportRGB Min="0" Max="1">1</SupportRGB>
                  <SupportSMPTE Min="0" Max="1">1</SupportSMPTE>
                  <Support444 Min="0" Max="1">1</Support444>
                  <Support422 Min="0" Max="1">1</Support422>
                  <BitDepth48 Min="0" Max="1">1</BitDepth48>
                  <BitDepth36 Min="0" Max="1">1</BitDepth36>
                  <BitDepth30 Min="0" Max="1">1</BitDepth30>
                  <BitDepth LegalValues="0 1 2 3 4 5">1</BitDepth>
                  <MaxTmds Min="0" Max="255">0</MaxTmds>
                  <VideoFormat id="0">
                    <Name>Empty</Name>
                    <HFreq>0</HFreq>
                    <HSync Min="1" Max="1">1</HSync>
                    <HActive Min="0" Max="0">0</HActive>
                    <HFP Min="0" Max="0">0</HFP>
                    <HTotal Min="1" Max="8191">1</HTotal>
                    <VFreq Min="20" Max="75">20</VFreq>
                    <VSync Min="1" Max="1">1</VSync>
                    <VActive Min="0" Max="0">0</VActive>
                    <VFP Min="0" Max="0">0</VFP>
                    <VTotal Min="1" Max="8191">1</VTotal>
                    <PixelClk>0</PixelClk>
                    <HSP Min="78" Max="80">80</HSP>
                    <VSP Min="78" Max="80">80</VSP>
                    <AR Min="0" Max="1000">0</AR>
                    <Interlaced>80</Interlaced>
                    <VFType Min="0" Max="0">0</VFType>
                    <VFEnum Min="0" Max="4700">0</VFEnum>
                    <VFStdFrom Min="0" Max="4">0</VFStdFrom>
                    <VFStdNum>0</VFStdNum>
                  </VideoFormat>
                </EDIDOut>
              </HDMIOutput>
            </Out>
            <Out id="2">
              <Capacity LegalValues="0 1 2 4">1</Capacity>
              <DPOut id="0">
                <HdcpAuth Min="0" Max="1">0</HdcpAuth>
                <EDIDOut id="0">
                  <EDIDValid Min="0" Max="1">0</EDIDValid>
                  <SupportHdmi Min="0" Max="1">0</SupportHdmi>
                  <SupportRGB Min="0" Max="1">1</SupportRGB>
                  <SupportSMPTE Min="0" Max="1">1</SupportSMPTE>
                  <Support444 Min="0" Max="1">1</Support444>
                  <Support422 Min="0" Max="1">1</Support422>
                  <BitDepth48 Min="0" Max="1">1</BitDepth48>
                  <BitDepth36 Min="0" Max="1">1</BitDepth36>
                  <BitDepth30 Min="0" Max="1">1</BitDepth30>
                  <BitDepth LegalValues="0 1 2 3 4 5">1</BitDepth>
                  <MaxTmds Min="0" Max="255">0</MaxTmds>
                  <VideoFormat id="0">
                    <Name>Empty</Name>
                    <HFreq>0</HFreq>
                    <HSync Min="1" Max="1">1</HSync>
                    <HActive Min="0" Max="0">0</HActive>
                    <HFP Min="0" Max="0">0</HFP>
                    <HTotal Min="1" Max="8191">1</HTotal>
                    <VFreq Min="20" Max="75">20</VFreq>
                    <VSync Min="1" Max="1">1</VSync>
                    <VActive Min="0" Max="0">0</VActive>
                    <VFP Min="0" Max="0">0</VFP>
                    <VTotal Min="1" Max="8191">1</VTotal>
                    <PixelClk>0</PixelClk>
                    <HSP Min="78" Max="80">80</HSP>
                    <VSP Min="78" Max="80">80</VSP>
                    <AR Min="0" Max="1000">0</AR>
                    <Interlaced>80</Interlaced>
                    <VFType Min="0" Max="0">0</VFType>
                    <VFEnum Min="0" Max="4700">0</VFEnum>
                    <VFStdFrom Min="0" Max="4">0</VFStdFrom>
                    <VFStdNum>0</VFStdNum>
                  </VideoFormat>
                </EDIDOut>
              </DPOut>
              <DVIOut id="0">
                <HdcpAuth Min="0" Max="1">0</HdcpAuth>
                <EDIDOut id="0">
                  <EDIDValid Min="0" Max="1">0</EDIDValid>
                  <SupportHdmi Min="0" Max="1">0</SupportHdmi>
                  <SupportRGB Min="0" Max="1">1</SupportRGB>
                  <SupportSMPTE Min="0" Max="1">1</SupportSMPTE>
                  <Support444 Min="0" Max="1">1</Support444>
                  <Support422 Min="0" Max="1">1</Support422>
                  <BitDepth48 Min="0" Max="1">1</BitDepth48>
                  <BitDepth36 Min="0" Max="1">1</BitDepth36>
                  <BitDepth30 Min="0" Max="1">1</BitDepth30>
                  <BitDepth LegalValues="0 1 2 3 4 5">1</BitDepth>
                  <MaxTmds Min="0" Max="255">0</MaxTmds>
                  <VideoFormat id="0">
                    <Name>Empty</Name>
                    <HFreq>0</HFreq>
                    <HSync Min="1" Max="1">1</HSync>
                    <HActive Min="0" Max="0">0</HActive>
                    <HFP Min="0" Max="0">0</HFP>
                    <HTotal Min="1" Max="8191">1</HTotal>
                    <VFreq Min="20" Max="75">20</VFreq>
                    <VSync Min="1" Max="1">1</VSync>
                    <VActive Min="0" Max="0">0</VActive>
                    <VFP Min="0" Max="0">0</VFP>
                    <VTotal Min="1" Max="8191">1</VTotal>
                    <PixelClk>0</PixelClk>
                    <HSP Min="78" Max="80">80</HSP>
                    <VSP Min="78" Max="80">80</VSP>
                    <AR Min="0" Max="1000">0</AR>
                    <Interlaced>80</Interlaced>
                    <VFType Min="0" Max="0">0</VFType>
                    <VFEnum Min="0" Max="4700">0</VFEnum>
                    <VFStdFrom Min="0" Max="4">0</VFStdFrom>
                    <VFStdNum>0</VFStdNum>
                  </VideoFormat>
                </EDIDOut>
              </DVIOut>
              <SDIOut id="0">
                <Type3G LegalValues="0 1 2 3">2</Type3G>
              </SDIOut>
              <HDMIOutput id="0">
                <HdcpAuth Min="0" Max="1">0</HdcpAuth>
                <SinkType Min="0" Max="1">1</SinkType>
                <EDIDOut id="0">
                  <EDIDValid Min="0" Max="1">0</EDIDValid>
                  <SupportHdmi Min="0" Max="1">0</SupportHdmi>
                  <SupportRGB Min="0" Max="1">1</SupportRGB>
                  <SupportSMPTE Min="0" Max="1">1</SupportSMPTE>
                  <Support444 Min="0" Max="1">1</Support444>
                  <Support422 Min="0" Max="1">1</Support422>
                  <BitDepth48 Min="0" Max="1">1</BitDepth48>
                  <BitDepth36 Min="0" Max="1">1</BitDepth36>
                  <BitDepth30 Min="0" Max="1">1</BitDepth30>
                  <BitDepth LegalValues="0 1 2 3 4 5">1</BitDepth>
                  <MaxTmds Min="0" Max="255">0</MaxTmds>
                  <VideoFormat id="0">
                    <Name>Empty</Name>
                    <HFreq>0</HFreq>
                    <HSync Min="1" Max="1">1</HSync>
                    <HActive Min="0" Max="0">0</HActive>
                    <HFP Min="0" Max="0">0</HFP>
                    <HTotal Min="1" Max="8191">1</HTotal>
                    <VFreq Min="20" Max="75">20</VFreq>
                    <VSync Min="1" Max="1">1</VSync>
                    <VActive Min="0" Max="0">0</VActive>
                    <VFP Min="0" Max="0">0</VFP>
                    <VTotal Min="1" Max="8191">1</VTotal>
                    <PixelClk>0</PixelClk>
                    <HSP Min="78" Max="80">80</HSP>
                    <VSP Min="78" Max="80">80</VSP>
                    <AR Min="0" Max="1000">0</AR>
                    <Interlaced>80</Interlaced>
                    <VFType Min="0" Max="0">0</VFType>
                    <VFEnum Min="0" Max="4700">0</VFEnum>
                    <VFStdFrom Min="0" Max="4">0</VFStdFrom>
                    <VFStdNum>0</VFStdNum>
                  </VideoFormat>
                </EDIDOut>
              </HDMIOutput>
            </Out>
            <Out id="3">
              <Capacity LegalValues="0 1 2 4">1</Capacity>
              <DPOut id="0">
                <HdcpAuth Min="0" Max="1">0</HdcpAuth>
                <EDIDOut id="0">
                  <EDIDValid Min="0" Max="1">0</EDIDValid>
                  <SupportHdmi Min="0" Max="1">0</SupportHdmi>
                  <SupportRGB Min="0" Max="1">1</SupportRGB>
                  <SupportSMPTE Min="0" Max="1">1</SupportSMPTE>
                  <Support444 Min="0" Max="1">1</Support444>
                  <Support422 Min="0" Max="1">1</Support422>
                  <BitDepth48 Min="0" Max="1">1</BitDepth48>
                  <BitDepth36 Min="0" Max="1">1</BitDepth36>
                  <BitDepth30 Min="0" Max="1">1</BitDepth30>
                  <BitDepth LegalValues="0 1 2 3 4 5">1</BitDepth>
                  <MaxTmds Min="0" Max="255">0</MaxTmds>
                  <VideoFormat id="0">
                    <Name>Empty</Name>
                    <HFreq>0</HFreq>
                    <HSync Min="1" Max="1">1</HSync>
                    <HActive Min="0" Max="0">0</HActive>
                    <HFP Min="0" Max="0">0</HFP>
                    <HTotal Min="1" Max="8191">1</HTotal>
                    <VFreq Min="20" Max="75">20</VFreq>
                    <VSync Min="1" Max="1">1</VSync>
                    <VActive Min="0" Max="0">0</VActive>
                    <VFP Min="0" Max="0">0</VFP>
                    <VTotal Min="1" Max="8191">1</VTotal>
                    <PixelClk>0</PixelClk>
                    <HSP Min="78" Max="80">80</HSP>
                    <VSP Min="78" Max="80">80</VSP>
                    <AR Min="0" Max="1000">0</AR>
                    <Interlaced>80</Interlaced>
                    <VFType Min="0" Max="0">0</VFType>
                    <VFEnum Min="0" Max="4700">0</VFEnum>
                    <VFStdFrom Min="0" Max="4">0</VFStdFrom>
                    <VFStdNum>0</VFStdNum>
                  </VideoFormat>
                </EDIDOut>
              </DPOut>
              <DVIOut id="0">
                <HdcpAuth Min="0" Max="1">0</HdcpAuth>
                <EDIDOut id="0">
                  <EDIDValid Min="0" Max="1">0</EDIDValid>
                  <SupportHdmi Min="0" Max="1">0</SupportHdmi>
                  <SupportRGB Min="0" Max="1">1</SupportRGB>
                  <SupportSMPTE Min="0" Max="1">1</SupportSMPTE>
                  <Support444 Min="0" Max="1">1</Support444>
                  <Support422 Min="0" Max="1">1</Support422>
                  <BitDepth48 Min="0" Max="1">1</BitDepth48>
                  <BitDepth36 Min="0" Max="1">1</BitDepth36>
                  <BitDepth30 Min="0" Max="1">1</BitDepth30>
                  <BitDepth LegalValues="0 1 2 3 4 5">1</BitDepth>
                  <MaxTmds Min="0" Max="255">0</MaxTmds>
                  <VideoFormat id="0">
                    <Name>Empty</Name>
                    <HFreq>0</HFreq>
                    <HSync Min="1" Max="1">1</HSync>
                    <HActive Min="0" Max="0">0</HActive>
                    <HFP Min="0" Max="0">0</HFP>
                    <HTotal Min="1" Max="8191">1</HTotal>
                    <VFreq Min="20" Max="75">20</VFreq>
                    <VSync Min="1" Max="1">1</VSync>
                    <VActive Min="0" Max="0">0</VActive>
                    <VFP Min="0" Max="0">0</VFP>
                    <VTotal Min="1" Max="8191">1</VTotal>
                    <PixelClk>0</PixelClk>
                    <HSP Min="78" Max="80">80</HSP>
                    <VSP Min="78" Max="80">80</VSP>
                    <AR Min="0" Max="1000">0</AR>
                    <Interlaced>80</Interlaced>
                    <VFType Min="0" Max="0">0</VFType>
                    <VFEnum Min="0" Max="4700">0</VFEnum>
                    <VFStdFrom Min="0" Max="4">0</VFStdFrom>
                    <VFStdNum>0</VFStdNum>
                  </VideoFormat>
                </EDIDOut>
              </DVIOut>
              <SDIOut id="0">
                <Type3G LegalValues="0 1 2 3">2</Type3G>
              </SDIOut>
              <HDMIOutput id="0">
                <HdcpAuth Min="0" Max="1">0</HdcpAuth>
                <SinkType Min="0" Max="1">1</SinkType>
                <EDIDOut id="0">
                  <EDIDValid Min="0" Max="1">0</EDIDValid>
                  <SupportHdmi Min="0" Max="1">0</SupportHdmi>
                  <SupportRGB Min="0" Max="1">1</SupportRGB>
                  <SupportSMPTE Min="0" Max="1">1</SupportSMPTE>
                  <Support444 Min="0" Max="1">1</Support444>
                  <Support422 Min="0" Max="1">1</Support422>
                  <BitDepth48 Min="0" Max="1">1</BitDepth48>
                  <BitDepth36 Min="0" Max="1">1</BitDepth36>
                  <BitDepth30 Min="0" Max="1">1</BitDepth30>
                  <BitDepth LegalValues="0 1 2 3 4 5">1</BitDepth>
                  <MaxTmds Min="0" Max="255">0</MaxTmds>
                  <VideoFormat id="0">
                    <Name>Empty</Name>
                    <HFreq>0</HFreq>
                    <HSync Min="1" Max="1">1</HSync>
                    <HActive Min="0" Max="0">0</HActive>
                    <HFP Min="0" Max="0">0</HFP>
                    <HTotal Min="1" Max="8191">1</HTotal>
                    <VFreq Min="20" Max="75">20</VFreq>
                    <VSync Min="1" Max="1">1</VSync>
                    <VActive Min="0" Max="0">0</VActive>
                    <VFP Min="0" Max="0">0</VFP>
                    <VTotal Min="1" Max="8191">1</VTotal>
                    <PixelClk>0</PixelClk>
                    <HSP Min="78" Max="80">80</HSP>
                    <VSP Min="78" Max="80">80</VSP>
                    <AR Min="0" Max="1000">0</AR>
                    <Interlaced>80</Interlaced>
                    <VFType Min="0" Max="0">0</VFType>
                    <VFEnum Min="0" Max="4700">0</VFEnum>
                    <VFStdFrom Min="0" Max="4">0</VFStdFrom>
                    <VFStdNum>0</VFStdNum>
                  </VideoFormat>
                </EDIDOut>
              </HDMIOutput>
            </Out>
          </CardOut>
          <CardLayer id="0">
            <BankIndex Min="-1" Max="4">-1</BankIndex>
            <VpuIndex Min="-1" Max="4">-1</VpuIndex>
            <Luma Min="0" Max="100">37.5</Luma>
            <Sat Min="0" Max="100">100</Sat>
            <Hue Min="0" Max="360">0</Hue>
            <LinkAssign id="0">
              <XPos Min="0" Max="1000000">0</XPos>
              <YPos Min="0" Max="1000000">0</YPos>
              <ZPos Min="0" Max="1000000">0</ZPos>
              <DestIndex Min="-1" Max="127">-1</DestIndex>
              <Rect id="0">
                <HPos Min="-32767" Max="32767">0</HPos>
                <VPos Min="-32767" Max="32767">0</VPos>
                <HSize Min="0" Max="32767">0</HSize>
                <VSize Min="0" Max="32767">0</VSize>
                <AR Min="0" Max="99">0</AR>
              </Rect>
            </LinkAssign>
            <LinkAssign id="1">
              <XPos Min="0" Max="1000000">0</XPos>
              <YPos Min="0" Max="1000000">0</YPos>
              <ZPos Min="0" Max="1000000">0</ZPos>
              <DestIndex Min="-1" Max="127">-1</DestIndex>
              <Rect id="0">
                <HPos Min="-32767" Max="32767">0</HPos>
                <VPos Min="-32767" Max="32767">0</VPos>
                <HSize Min="0" Max="32767">0</HSize>
                <VSize Min="0" Max="32767">0</VSize>
                <AR Min="0" Max="99">0</AR>
              </Rect>
            </LinkAssign>
            <LinkAssign id="2">
              <XPos Min="0" Max="1000000">0</XPos>
              <YPos Min="0" Max="1000000">0</YPos>
              <ZPos Min="0" Max="1000000">0</ZPos>
              <DestIndex Min="-1" Max="127">-1</DestIndex>
              <Rect id="0">
                <HPos Min="-32767" Max="32767">0</HPos>
                <VPos Min="-32767" Max="32767">0</VPos>
                <HSize Min="0" Max="32767">0</HSize>
                <VSize Min="0" Max="32767">0</VSize>
                <AR Min="0" Max="99">0</AR>
              </Rect>
            </LinkAssign>
            <LinkAssign id="3">
              <XPos Min="0" Max="1000000">0</XPos>
              <YPos Min="0" Max="1000000">0</YPos>
              <ZPos Min="0" Max="1000000">0</ZPos>
              <DestIndex Min="-1" Max="127">-1</DestIndex>
              <Rect id="0">
                <HPos Min="-32767" Max="32767">0</HPos>
                <VPos Min="-32767" Max="32767">0</VPos>
                <HSize Min="0" Max="32767">0</HSize>
                <VSize Min="0" Max="32767">0</VSize>
                <AR Min="0" Max="99">0</AR>
              </Rect>
            </LinkAssign>
            <ScalerAssign id="0">
              <YPos Min="0" Max="1000000">0</YPos>
              <ZPos Min="0" Max="1000000">0</ZPos>
              <LayerIndex Min="-1" Max="512">-1</LayerIndex>
              <DestIndex Min="-1" Max="127">-1</DestIndex>
            </ScalerAssign>
            <ScalerAssign id="1">
              <YPos Min="0" Max="1000000">0</YPos>
              <ZPos Min="0" Max="1000000">0</ZPos>
              <LayerIndex Min="-1" Max="512">-1</LayerIndex>
              <DestIndex Min="-1" Max="127">-1</DestIndex>
            </ScalerAssign>
            <ScalerAssign id="2">
              <YPos Min="0" Max="1000000">0</YPos>
              <ZPos Min="0" Max="1000000">0</ZPos>
              <LayerIndex Min="-1" Max="512">-1</LayerIndex>
              <DestIndex Min="-1" Max="127">-1</DestIndex>
            </ScalerAssign>
            <ScalerAssign id="3">
              <YPos Min="0" Max="1000000">0</YPos>
              <ZPos Min="0" Max="1000000">0</ZPos>
              <LayerIndex Min="-1" Max="512">-1</LayerIndex>
              <DestIndex Min="-1" Max="127">-1</DestIndex>
            </ScalerAssign>
          </CardLayer>
        </Card>
      </Slot>
      <Slot id="22">
        <Card id="0">
          <CardStatus Min="0" Max="4">0</CardStatus>
          <CardType Min="0" Max="255">255</CardType>
          <CardID/>
          <SlotIndex Min="-1" Max="23">22</SlotIndex>
          <CardIn id="0">
            <NumOfChan Min="0" Max="4">4</NumOfChan>
            <CapacityStatus Min="0" Max="1">0</CapacityStatus>
            <In id="0">
              <AutoAcqMode Min="0" Max="1">1</AutoAcqMode>
              <Capacity LegalValues="0 1 2 4">0</Capacity>
              <ColorSpace LegalValues="-1 0 1">0</ColorSpace>
              <ColorRange LegalValues="0 1">0</ColorRange>
              <Sync Min="0" Max="2">0</Sync>
              <DPIn id="0">
                <Hdcp id="0">
                  <Mode Min="0" Max="1">0</Mode>
                  <HdcpAuth Min="0" Max="1">0</HdcpAuth>
                </Hdcp>
                <EDIDIn id="0">
                  <BitDepth LegalValues="1 2 3">2</BitDepth>
                  <EdidStatus Min="0" Max="4">0</EdidStatus>
                  <VideoFormat id="0">
                    <Name>1920x1080p @59.94</Name>
                    <HFreq>67433</HFreq>
                    <HSync Min="1" Max="192">88</HSync>
                    <HActive Min="0" Max="2024">1920</HActive>
                    <HFP Min="0" Max="192">88</HFP>
                    <HTotal Min="2096" Max="8191">2200</HTotal>
                    <VFreq Min="20" Max="75">59.9401</VFreq>
                    <VSync Min="1" Max="41">5</VSync>
                    <VActive Min="0" Max="1116">1080</VActive>
                    <VFP Min="0" Max="40">4</VFP>
                    <VTotal Min="1089" Max="8191">1125</VTotal>
                    <PixelClk>148.352</PixelClk>
                    <HSP Min="78" Max="80">80</HSP>
                    <VSP Min="78" Max="80">80</VSP>
                    <AR Min="0" Max="1000">1.77778</AR>
                    <Interlaced>80</Interlaced>
                    <VFType Min="0" Max="0">8</VFType>
                    <VFEnum Min="0" Max="4700">2708</VFEnum>
                    <VFStdFrom Min="0" Max="4">4</VFStdFrom>
                    <VFStdNum>16</VFStdNum>
                  </VideoFormat>
                </EDIDIn>
              </DPIn>
              <DVIIn id="0">
                <Hdcp id="0">
                  <Mode Min="0" Max="1">0</Mode>
                  <HdcpAuth Min="0" Max="1">0</HdcpAuth>
                </Hdcp>
                <EDIDIn id="0">
                  <BitDepth LegalValues="1">1</BitDepth>
                  <EdidStatus Min="0" Max="4">0</EdidStatus>
                  <VideoFormat id="0">
                    <Name>1920x1080p @59.94</Name>
                    <HFreq>67433</HFreq>
                    <HSync Min="1" Max="192">88</HSync>
                    <HActive Min="0" Max="2024">1920</HActive>
                    <HFP Min="0" Max="192">88</HFP>
                    <HTotal Min="2096" Max="8191">2200</HTotal>
                    <VFreq Min="20" Max="75">59.9401</VFreq>
                    <VSync Min="1" Max="41">5</VSync>
                    <VActive Min="0" Max="1116">1080</VActive>
                    <VFP Min="0" Max="40">4</VFP>
                    <VTotal Min="1089" Max="8191">1125</VTotal>
                    <PixelClk>148.352</PixelClk>
                    <HSP Min="78" Max="80">80</HSP>
                    <VSP Min="78" Max="80">80</VSP>
                    <AR Min="0" Max="1000">1.77778</AR>
                    <Interlaced>80</Interlaced>
                    <VFType Min="0" Max="0">8</VFType>
                    <VFEnum Min="0" Max="4700">2708</VFEnum>
                    <VFStdFrom Min="0" Max="4">4</VFStdFrom>
                    <VFStdNum>16</VFStdNum>
                  </VideoFormat>
                </EDIDIn>
              </DVIIn>
              <SDIIn id="0">
                <Type3G LegalValues="0 1 2 3">2</Type3G>
              </SDIIn>
              <HDMIIn id="0">
                <Hdcp id="0">
                  <Mode Min="0" Max="1">0</Mode>
                  <HdcpAuth Min="0" Max="1">0</HdcpAuth>
                </Hdcp>
                <EDIDIn id="0">
                  <BitDepth LegalValues="1 2 3">3</BitDepth>
                  <EdidStatus Min="0" Max="4">0</EdidStatus>
                  <VideoFormat id="0">
                    <Name>1920x1080p @59.94</Name>
                    <HFreq>67433</HFreq>
                    <HSync Min="1" Max="192">88</HSync>
                    <HActive Min="0" Max="2024">1920</HActive>
                    <HFP Min="0" Max="192">88</HFP>
                    <HTotal Min="2096" Max="8191">2200</HTotal>
                    <VFreq Min="20" Max="75">59.9401</VFreq>
                    <VSync Min="1" Max="41">5</VSync>
                    <VActive Min="0" Max="1116">1080</VActive>
                    <VFP Min="0" Max="40">4</VFP>
                    <VTotal Min="1089" Max="8191">1125</VTotal>
                    <PixelClk>148.352</PixelClk>
                    <HSP Min="78" Max="80">80</HSP>
                    <VSP Min="78" Max="80">80</VSP>
                    <AR Min="0" Max="1000">1.77778</AR>
                    <Interlaced>80</Interlaced>
                    <VFType Min="0" Max="0">8</VFType>
                    <VFEnum Min="0" Max="4700">2708</VFEnum>
                    <VFStdFrom Min="0" Max="4">4</VFStdFrom>
                    <VFStdNum>16</VFStdNum>
                  </VideoFormat>
                </EDIDIn>
              </HDMIIn>
              <VideoFormat id="0">
                <Name>Empty</Name>
                <HFreq>0</HFreq>
                <HSync Min="1" Max="1">1</HSync>
                <HActive Min="0" Max="0">0</HActive>
                <HFP Min="0" Max="0">0</HFP>
                <HTotal Min="1" Max="8191">1</HTotal>
                <VFreq Min="20" Max="75">20</VFreq>
                <VSync Min="1" Max="1">1</VSync>
                <VActive Min="0" Max="0">0</VActive>
                <VFP Min="0" Max="0">0</VFP>
                <VTotal Min="1" Max="8191">1</VTotal>
                <PixelClk>0</PixelClk>
                <HSP Min="78" Max="80">80</HSP>
                <VSP Min="78" Max="80">80</VSP>
                <AR Min="0" Max="1000">0</AR>
                <Interlaced>80</Interlaced>
                <VFType Min="0" Max="0">0</VFType>
                <VFEnum Min="0" Max="4700">0</VFEnum>
                <VFStdFrom Min="0" Max="4">0</VFStdFrom>
                <VFStdNum>0</VFStdNum>
              </VideoFormat>
            </In>
            <In id="1">
              <AutoAcqMode Min="0" Max="1">1</AutoAcqMode>
              <Capacity LegalValues="0 1 2 4">0</Capacity>
              <ColorSpace LegalValues="-1 0 1">0</ColorSpace>
              <ColorRange LegalValues="0 1">0</ColorRange>
              <Sync Min="0" Max="2">0</Sync>
              <DPIn id="0">
                <Hdcp id="0">
                  <Mode Min="0" Max="1">0</Mode>
                  <HdcpAuth Min="0" Max="1">0</HdcpAuth>
                </Hdcp>
                <EDIDIn id="0">
                  <BitDepth LegalValues="1 2 3">2</BitDepth>
                  <EdidStatus Min="0" Max="4">0</EdidStatus>
                  <VideoFormat id="0">
                    <Name>1920x1080p @59.94</Name>
                    <HFreq>67433</HFreq>
                    <HSync Min="1" Max="192">88</HSync>
                    <HActive Min="0" Max="2024">1920</HActive>
                    <HFP Min="0" Max="192">88</HFP>
                    <HTotal Min="2096" Max="8191">2200</HTotal>
                    <VFreq Min="20" Max="75">59.9401</VFreq>
                    <VSync Min="1" Max="41">5</VSync>
                    <VActive Min="0" Max="1116">1080</VActive>
                    <VFP Min="0" Max="40">4</VFP>
                    <VTotal Min="1089" Max="8191">1125</VTotal>
                    <PixelClk>148.352</PixelClk>
                    <HSP Min="78" Max="80">80</HSP>
                    <VSP Min="78" Max="80">80</VSP>
                    <AR Min="0" Max="1000">1.77778</AR>
                    <Interlaced>80</Interlaced>
                    <VFType Min="0" Max="0">8</VFType>
                    <VFEnum Min="0" Max="4700">2708</VFEnum>
                    <VFStdFrom Min="0" Max="4">4</VFStdFrom>
                    <VFStdNum>16</VFStdNum>
                  </VideoFormat>
                </EDIDIn>
              </DPIn>
              <DVIIn id="0">
                <Hdcp id="0">
                  <Mode Min="0" Max="1">0</Mode>
                  <HdcpAuth Min="0" Max="1">0</HdcpAuth>
                </Hdcp>
                <EDIDIn id="0">
                  <BitDepth LegalValues="1">1</BitDepth>
                  <EdidStatus Min="0" Max="4">0</EdidStatus>
                  <VideoFormat id="0">
                    <Name>1920x1080p @59.94</Name>
                    <HFreq>67433</HFreq>
                    <HSync Min="1" Max="192">88</HSync>
                    <HActive Min="0" Max="2024">1920</HActive>
                    <HFP Min="0" Max="192">88</HFP>
                    <HTotal Min="2096" Max="8191">2200</HTotal>
                    <VFreq Min="20" Max="75">59.9401</VFreq>
                    <VSync Min="1" Max="41">5</VSync>
                    <VActive Min="0" Max="1116">1080</VActive>
                    <VFP Min="0" Max="40">4</VFP>
                    <VTotal Min="1089" Max="8191">1125</VTotal>
                    <PixelClk>148.352</PixelClk>
                    <HSP Min="78" Max="80">80</HSP>
                    <VSP Min="78" Max="80">80</VSP>
                    <AR Min="0" Max="1000">1.77778</AR>
                    <Interlaced>80</Interlaced>
                    <VFType Min="0" Max="0">8</VFType>
                    <VFEnum Min="0" Max="4700">2708</VFEnum>
                    <VFStdFrom Min="0" Max="4">4</VFStdFrom>
                    <VFStdNum>16</VFStdNum>
                  </VideoFormat>
                </EDIDIn>
              </DVIIn>
              <SDIIn id="0">
                <Type3G LegalValues="0 1 2 3">2</Type3G>
              </SDIIn>
              <HDMIIn id="0">
                <Hdcp id="0">
                  <Mode Min="0" Max="1">0</Mode>
                  <HdcpAuth Min="0" Max="1">0</HdcpAuth>
                </Hdcp>
                <EDIDIn id="0">
                  <BitDepth LegalValues="1 2 3">3</BitDepth>
                  <EdidStatus Min="0" Max="4">0</EdidStatus>
                  <VideoFormat id="0">
                    <Name>1920x1080p @59.94</Name>
                    <HFreq>67433</HFreq>
                    <HSync Min="1" Max="192">88</HSync>
                    <HActive Min="0" Max="2024">1920</HActive>
                    <HFP Min="0" Max="192">88</HFP>
                    <HTotal Min="2096" Max="8191">2200</HTotal>
                    <VFreq Min="20" Max="75">59.9401</VFreq>
                    <VSync Min="1" Max="41">5</VSync>
                    <VActive Min="0" Max="1116">1080</VActive>
                    <VFP Min="0" Max="40">4</VFP>
                    <VTotal Min="1089" Max="8191">1125</VTotal>
                    <PixelClk>148.352</PixelClk>
                    <HSP Min="78" Max="80">80</HSP>
                    <VSP Min="78" Max="80">80</VSP>
                    <AR Min="0" Max="1000">1.77778</AR>
                    <Interlaced>80</Interlaced>
                    <VFType Min="0" Max="0">8</VFType>
                    <VFEnum Min="0" Max="4700">2708</VFEnum>
                    <VFStdFrom Min="0" Max="4">4</VFStdFrom>
                    <VFStdNum>16</VFStdNum>
                  </VideoFormat>
                </EDIDIn>
              </HDMIIn>
              <VideoFormat id="0">
                <Name>Empty</Name>
                <HFreq>0</HFreq>
                <HSync Min="1" Max="1">1</HSync>
                <HActive Min="0" Max="0">0</HActive>
                <HFP Min="0" Max="0">0</HFP>
                <HTotal Min="1" Max="8191">1</HTotal>
                <VFreq Min="20" Max="75">20</VFreq>
                <VSync Min="1" Max="1">1</VSync>
                <VActive Min="0" Max="0">0</VActive>
                <VFP Min="0" Max="0">0</VFP>
                <VTotal Min="1" Max="8191">1</VTotal>
                <PixelClk>0</PixelClk>
                <HSP Min="78" Max="80">80</HSP>
                <VSP Min="78" Max="80">80</VSP>
                <AR Min="0" Max="1000">0</AR>
                <Interlaced>80</Interlaced>
                <VFType Min="0" Max="0">0</VFType>
                <VFEnum Min="0" Max="4700">0</VFEnum>
                <VFStdFrom Min="0" Max="4">0</VFStdFrom>
                <VFStdNum>0</VFStdNum>
              </VideoFormat>
            </In>
            <In id="2">
              <AutoAcqMode Min="0" Max="1">1</AutoAcqMode>
              <Capacity LegalValues="0 1 2 4">0</Capacity>
              <ColorSpace LegalValues="-1 0 1">0</ColorSpace>
              <ColorRange LegalValues="0 1">0</ColorRange>
              <Sync Min="0" Max="2">0</Sync>
              <DPIn id="0">
                <Hdcp id="0">
                  <Mode Min="0" Max="1">0</Mode>
                  <HdcpAuth Min="0" Max="1">0</HdcpAuth>
                </Hdcp>
                <EDIDIn id="0">
                  <BitDepth LegalValues="1 2 3">2</BitDepth>
                  <EdidStatus Min="0" Max="4">0</EdidStatus>
                  <VideoFormat id="0">
                    <Name>1920x1080p @59.94</Name>
                    <HFreq>67433</HFreq>
                    <HSync Min="1" Max="192">88</HSync>
                    <HActive Min="0" Max="2024">1920</HActive>
                    <HFP Min="0" Max="192">88</HFP>
                    <HTotal Min="2096" Max="8191">2200</HTotal>
                    <VFreq Min="20" Max="75">59.9401</VFreq>
                    <VSync Min="1" Max="41">5</VSync>
                    <VActive Min="0" Max="1116">1080</VActive>
                    <VFP Min="0" Max="40">4</VFP>
                    <VTotal Min="1089" Max="8191">1125</VTotal>
                    <PixelClk>148.352</PixelClk>
                    <HSP Min="78" Max="80">80</HSP>
                    <VSP Min="78" Max="80">80</VSP>
                    <AR Min="0" Max="1000">1.77778</AR>
                    <Interlaced>80</Interlaced>
                    <VFType Min="0" Max="0">8</VFType>
                    <VFEnum Min="0" Max="4700">2708</VFEnum>
                    <VFStdFrom Min="0" Max="4">4</VFStdFrom>
                    <VFStdNum>16</VFStdNum>
                  </VideoFormat>
                </EDIDIn>
              </DPIn>
              <DVIIn id="0">
                <Hdcp id="0">
                  <Mode Min="0" Max="1">0</Mode>
                  <HdcpAuth Min="0" Max="1">0</HdcpAuth>
                </Hdcp>
                <EDIDIn id="0">
                  <BitDepth LegalValues="1">1</BitDepth>
                  <EdidStatus Min="0" Max="4">0</EdidStatus>
                  <VideoFormat id="0">
                    <Name>1920x1080p @59.94</Name>
                    <HFreq>67433</HFreq>
                    <HSync Min="1" Max="192">88</HSync>
                    <HActive Min="0" Max="2024">1920</HActive>
                    <HFP Min="0" Max="192">88</HFP>
                    <HTotal Min="2096" Max="8191">2200</HTotal>
                    <VFreq Min="20" Max="75">59.9401</VFreq>
                    <VSync Min="1" Max="41">5</VSync>
                    <VActive Min="0" Max="1116">1080</VActive>
                    <VFP Min="0" Max="40">4</VFP>
                    <VTotal Min="1089" Max="8191">1125</VTotal>
                    <PixelClk>148.352</PixelClk>
                    <HSP Min="78" Max="80">80</HSP>
                    <VSP Min="78" Max="80">80</VSP>
                    <AR Min="0" Max="1000">1.77778</AR>
                    <Interlaced>80</Interlaced>
                    <VFType Min="0" Max="0">8</VFType>
                    <VFEnum Min="0" Max="4700">2708</VFEnum>
                    <VFStdFrom Min="0" Max="4">4</VFStdFrom>
                    <VFStdNum>16</VFStdNum>
                  </VideoFormat>
                </EDIDIn>
              </DVIIn>
              <SDIIn id="0">
                <Type3G LegalValues="0 1 2 3">2</Type3G>
              </SDIIn>
              <HDMIIn id="0">
                <Hdcp id="0">
                  <Mode Min="0" Max="1">0</Mode>
                  <HdcpAuth Min="0" Max="1">0</HdcpAuth>
                </Hdcp>
                <EDIDIn id="0">
                  <BitDepth LegalValues="1 2 3">3</BitDepth>
                  <EdidStatus Min="0" Max="4">0</EdidStatus>
                  <VideoFormat id="0">
                    <Name>1920x1080p @59.94</Name>
                    <HFreq>67433</HFreq>
                    <HSync Min="1" Max="192">88</HSync>
                    <HActive Min="0" Max="2024">1920</HActive>
                    <HFP Min="0" Max="192">88</HFP>
                    <HTotal Min="2096" Max="8191">2200</HTotal>
                    <VFreq Min="20" Max="75">59.9401</VFreq>
                    <VSync Min="1" Max="41">5</VSync>
                    <VActive Min="0" Max="1116">1080</VActive>
                    <VFP Min="0" Max="40">4</VFP>
                    <VTotal Min="1089" Max="8191">1125</VTotal>
                    <PixelClk>148.352</PixelClk>
                    <HSP Min="78" Max="80">80</HSP>
                    <VSP Min="78" Max="80">80</VSP>
                    <AR Min="0" Max="1000">1.77778</AR>
                    <Interlaced>80</Interlaced>
                    <VFType Min="0" Max="0">8</VFType>
                    <VFEnum Min="0" Max="4700">2708</VFEnum>
                    <VFStdFrom Min="0" Max="4">4</VFStdFrom>
                    <VFStdNum>16</VFStdNum>
                  </VideoFormat>
                </EDIDIn>
              </HDMIIn>
              <VideoFormat id="0">
                <Name>Empty</Name>
                <HFreq>0</HFreq>
                <HSync Min="1" Max="1">1</HSync>
                <HActive Min="0" Max="0">0</HActive>
                <HFP Min="0" Max="0">0</HFP>
                <HTotal Min="1" Max="8191">1</HTotal>
                <VFreq Min="20" Max="75">20</VFreq>
                <VSync Min="1" Max="1">1</VSync>
                <VActive Min="0" Max="0">0</VActive>
                <VFP Min="0" Max="0">0</VFP>
                <VTotal Min="1" Max="8191">1</VTotal>
                <PixelClk>0</PixelClk>
                <HSP Min="78" Max="80">80</HSP>
                <VSP Min="78" Max="80">80</VSP>
                <AR Min="0" Max="1000">0</AR>
                <Interlaced>80</Interlaced>
                <VFType Min="0" Max="0">0</VFType>
                <VFEnum Min="0" Max="4700">0</VFEnum>
                <VFStdFrom Min="0" Max="4">0</VFStdFrom>
                <VFStdNum>0</VFStdNum>
              </VideoFormat>
            </In>
            <In id="3">
              <AutoAcqMode Min="0" Max="1">1</AutoAcqMode>
              <Capacity LegalValues="0 1 2 4">0</Capacity>
              <ColorSpace LegalValues="-1 0 1">0</ColorSpace>
              <ColorRange LegalValues="0 1">0</ColorRange>
              <Sync Min="0" Max="2">0</Sync>
              <DPIn id="0">
                <Hdcp id="0">
                  <Mode Min="0" Max="1">0</Mode>
                  <HdcpAuth Min="0" Max="1">0</HdcpAuth>
                </Hdcp>
                <EDIDIn id="0">
                  <BitDepth LegalValues="1 2 3">2</BitDepth>
                  <EdidStatus Min="0" Max="4">0</EdidStatus>
                  <VideoFormat id="0">
                    <Name>1920x1080p @59.94</Name>
                    <HFreq>67433</HFreq>
                    <HSync Min="1" Max="192">88</HSync>
                    <HActive Min="0" Max="2024">1920</HActive>
                    <HFP Min="0" Max="192">88</HFP>
                    <HTotal Min="2096" Max="8191">2200</HTotal>
                    <VFreq Min="20" Max="75">59.9401</VFreq>
                    <VSync Min="1" Max="41">5</VSync>
                    <VActive Min="0" Max="1116">1080</VActive>
                    <VFP Min="0" Max="40">4</VFP>
                    <VTotal Min="1089" Max="8191">1125</VTotal>
                    <PixelClk>148.352</PixelClk>
                    <HSP Min="78" Max="80">80</HSP>
                    <VSP Min="78" Max="80">80</VSP>
                    <AR Min="0" Max="1000">1.77778</AR>
                    <Interlaced>80</Interlaced>
                    <VFType Min="0" Max="0">8</VFType>
                    <VFEnum Min="0" Max="4700">2708</VFEnum>
                    <VFStdFrom Min="0" Max="4">4</VFStdFrom>
                    <VFStdNum>16</VFStdNum>
                  </VideoFormat>
                </EDIDIn>
              </DPIn>
              <DVIIn id="0">
                <Hdcp id="0">
                  <Mode Min="0" Max="1">0</Mode>
                  <HdcpAuth Min="0" Max="1">0</HdcpAuth>
                </Hdcp>
                <EDIDIn id="0">
                  <BitDepth LegalValues="1">1</BitDepth>
                  <EdidStatus Min="0" Max="4">0</EdidStatus>
                  <VideoFormat id="0">
                    <Name>1920x1080p @59.94</Name>
                    <HFreq>67433</HFreq>
                    <HSync Min="1" Max="192">88</HSync>
                    <HActive Min="0" Max="2024">1920</HActive>
                    <HFP Min="0" Max="192">88</HFP>
                    <HTotal Min="2096" Max="8191">2200</HTotal>
                    <VFreq Min="20" Max="75">59.9401</VFreq>
                    <VSync Min="1" Max="41">5</VSync>
                    <VActive Min="0" Max="1116">1080</VActive>
                    <VFP Min="0" Max="40">4</VFP>
                    <VTotal Min="1089" Max="8191">1125</VTotal>
                    <PixelClk>148.352</PixelClk>
                    <HSP Min="78" Max="80">80</HSP>
                    <VSP Min="78" Max="80">80</VSP>
                    <AR Min="0" Max="1000">1.77778</AR>
                    <Interlaced>80</Interlaced>
                    <VFType Min="0" Max="0">8</VFType>
                    <VFEnum Min="0" Max="4700">2708</VFEnum>
                    <VFStdFrom Min="0" Max="4">4</VFStdFrom>
                    <VFStdNum>16</VFStdNum>
                  </VideoFormat>
                </EDIDIn>
              </DVIIn>
              <SDIIn id="0">
                <Type3G LegalValues="0 1 2 3">2</Type3G>
              </SDIIn>
              <HDMIIn id="0">
                <Hdcp id="0">
                  <Mode Min="0" Max="1">0</Mode>
                  <HdcpAuth Min="0" Max="1">0</HdcpAuth>
                </Hdcp>
                <EDIDIn id="0">
                  <BitDepth LegalValues="1 2 3">3</BitDepth>
                  <EdidStatus Min="0" Max="4">0</EdidStatus>
                  <VideoFormat id="0">
                    <Name>1920x1080p @59.94</Name>
                    <HFreq>67433</HFreq>
                    <HSync Min="1" Max="192">88</HSync>
                    <HActive Min="0" Max="2024">1920</HActive>
                    <HFP Min="0" Max="192">88</HFP>
                    <HTotal Min="2096" Max="8191">2200</HTotal>
                    <VFreq Min="20" Max="75">59.9401</VFreq>
                    <VSync Min="1" Max="41">5</VSync>
                    <VActive Min="0" Max="1116">1080</VActive>
                    <VFP Min="0" Max="40">4</VFP>
                    <VTotal Min="1089" Max="8191">1125</VTotal>
                    <PixelClk>148.352</PixelClk>
                    <HSP Min="78" Max="80">80</HSP>
                    <VSP Min="78" Max="80">80</VSP>
                    <AR Min="0" Max="1000">1.77778</AR>
                    <Interlaced>80</Interlaced>
                    <VFType Min="0" Max="0">8</VFType>
                    <VFEnum Min="0" Max="4700">2708</VFEnum>
                    <VFStdFrom Min="0" Max="4">4</VFStdFrom>
                    <VFStdNum>16</VFStdNum>
                  </VideoFormat>
                </EDIDIn>
              </HDMIIn>
              <VideoFormat id="0">
                <Name>Empty</Name>
                <HFreq>0</HFreq>
                <HSync Min="1" Max="1">1</HSync>
                <HActive Min="0" Max="0">0</HActive>
                <HFP Min="0" Max="0">0</HFP>
                <HTotal Min="1" Max="8191">1</HTotal>
                <VFreq Min="20" Max="75">20</VFreq>
                <VSync Min="1" Max="1">1</VSync>
                <VActive Min="0" Max="0">0</VActive>
                <VFP Min="0" Max="0">0</VFP>
                <VTotal Min="1" Max="8191">1</VTotal>
                <PixelClk>0</PixelClk>
                <HSP Min="78" Max="80">80</HSP>
                <VSP Min="78" Max="80">80</VSP>
                <AR Min="0" Max="1000">0</AR>
                <Interlaced>80</Interlaced>
                <VFType Min="0" Max="0">0</VFType>
                <VFEnum Min="0" Max="4700">0</VFEnum>
                <VFStdFrom Min="0" Max="4">0</VFStdFrom>
                <VFStdNum>0</VFStdNum>
              </VideoFormat>
            </In>
          </CardIn>
          <CardExp id="0">
            <LinkConnector id="0">
              <Mode Min="0" Max="1">0</Mode>
              <IP>192.168.000.201</IP>
              <MacAddress>aa:aa:aa:aa:aa:aa</MacAddress>
              <Connected Min="0" Max="1">0</Connected>
              <ConnectorIndex Min="-1" Max="3">-1</ConnectorIndex>
              <SlotIndex Min="-1" Max="22">-1</SlotIndex>
            </LinkConnector>
            <LinkConnector id="1">
              <Mode Min="0" Max="1">0</Mode>
              <IP>192.168.000.201</IP>
              <MacAddress>aa:aa:aa:aa:aa:aa</MacAddress>
              <Connected Min="0" Max="1">0</Connected>
              <ConnectorIndex Min="-1" Max="3">-1</ConnectorIndex>
              <SlotIndex Min="-1" Max="22">-1</SlotIndex>
            </LinkConnector>
          </CardExp>
          <CardOut id="0">
            <NumOfChan Min="0" Max="4">4</NumOfChan>
            <CapacityStatus Min="0" Max="1">0</CapacityStatus>
            <Out id="0">
              <Capacity LegalValues="0 1 2 4">1</Capacity>
              <DPOut id="0">
                <HdcpAuth Min="0" Max="1">0</HdcpAuth>
                <EDIDOut id="0">
                  <EDIDValid Min="0" Max="1">0</EDIDValid>
                  <SupportHdmi Min="0" Max="1">0</SupportHdmi>
                  <SupportRGB Min="0" Max="1">1</SupportRGB>
                  <SupportSMPTE Min="0" Max="1">1</SupportSMPTE>
                  <Support444 Min="0" Max="1">1</Support444>
                  <Support422 Min="0" Max="1">1</Support422>
                  <BitDepth48 Min="0" Max="1">1</BitDepth48>
                  <BitDepth36 Min="0" Max="1">1</BitDepth36>
                  <BitDepth30 Min="0" Max="1">1</BitDepth30>
                  <BitDepth LegalValues="0 1 2 3 4 5">1</BitDepth>
                  <MaxTmds Min="0" Max="255">0</MaxTmds>
                  <VideoFormat id="0">
                    <Name>Empty</Name>
                    <HFreq>0</HFreq>
                    <HSync Min="1" Max="1">1</HSync>
                    <HActive Min="0" Max="0">0</HActive>
                    <HFP Min="0" Max="0">0</HFP>
                    <HTotal Min="1" Max="8191">1</HTotal>
                    <VFreq Min="20" Max="75">20</VFreq>
                    <VSync Min="1" Max="1">1</VSync>
                    <VActive Min="0" Max="0">0</VActive>
                    <VFP Min="0" Max="0">0</VFP>
                    <VTotal Min="1" Max="8191">1</VTotal>
                    <PixelClk>0</PixelClk>
                    <HSP Min="78" Max="80">80</HSP>
                    <VSP Min="78" Max="80">80</VSP>
                    <AR Min="0" Max="1000">0</AR>
                    <Interlaced>80</Interlaced>
                    <VFType Min="0" Max="0">0</VFType>
                    <VFEnum Min="0" Max="4700">0</VFEnum>
                    <VFStdFrom Min="0" Max="4">0</VFStdFrom>
                    <VFStdNum>0</VFStdNum>
                  </VideoFormat>
                </EDIDOut>
              </DPOut>
              <DVIOut id="0">
                <HdcpAuth Min="0" Max="1">0</HdcpAuth>
                <EDIDOut id="0">
                  <EDIDValid Min="0" Max="1">0</EDIDValid>
                  <SupportHdmi Min="0" Max="1">0</SupportHdmi>
                  <SupportRGB Min="0" Max="1">1</SupportRGB>
                  <SupportSMPTE Min="0" Max="1">1</SupportSMPTE>
                  <Support444 Min="0" Max="1">1</Support444>
                  <Support422 Min="0" Max="1">1</Support422>
                  <BitDepth48 Min="0" Max="1">1</BitDepth48>
                  <BitDepth36 Min="0" Max="1">1</BitDepth36>
                  <BitDepth30 Min="0" Max="1">1</BitDepth30>
                  <BitDepth LegalValues="0 1 2 3 4 5">1</BitDepth>
                  <MaxTmds Min="0" Max="255">0</MaxTmds>
                  <VideoFormat id="0">
                    <Name>Empty</Name>
                    <HFreq>0</HFreq>
                    <HSync Min="1" Max="1">1</HSync>
                    <HActive Min="0" Max="0">0</HActive>
                    <HFP Min="0" Max="0">0</HFP>
                    <HTotal Min="1" Max="8191">1</HTotal>
                    <VFreq Min="20" Max="75">20</VFreq>
                    <VSync Min="1" Max="1">1</VSync>
                    <VActive Min="0" Max="0">0</VActive>
                    <VFP Min="0" Max="0">0</VFP>
                    <VTotal Min="1" Max="8191">1</VTotal>
                    <PixelClk>0</PixelClk>
                    <HSP Min="78" Max="80">80</HSP>
                    <VSP Min="78" Max="80">80</VSP>
                    <AR Min="0" Max="1000">0</AR>
                    <Interlaced>80</Interlaced>
                    <VFType Min="0" Max="0">0</VFType>
                    <VFEnum Min="0" Max="4700">0</VFEnum>
                    <VFStdFrom Min="0" Max="4">0</VFStdFrom>
                    <VFStdNum>0</VFStdNum>
                  </VideoFormat>
                </EDIDOut>
              </DVIOut>
              <SDIOut id="0">
                <Type3G LegalValues="0 1 2 3">2</Type3G>
              </SDIOut>
              <HDMIOutput id="0">
                <HdcpAuth Min="0" Max="1">0</HdcpAuth>
                <SinkType Min="0" Max="1">1</SinkType>
                <EDIDOut id="0">
                  <EDIDValid Min="0" Max="1">0</EDIDValid>
                  <SupportHdmi Min="0" Max="1">0</SupportHdmi>
                  <SupportRGB Min="0" Max="1">1</SupportRGB>
                  <SupportSMPTE Min="0" Max="1">1</SupportSMPTE>
                  <Support444 Min="0" Max="1">1</Support444>
                  <Support422 Min="0" Max="1">1</Support422>
                  <BitDepth48 Min="0" Max="1">1</BitDepth48>
                  <BitDepth36 Min="0" Max="1">1</BitDepth36>
                  <BitDepth30 Min="0" Max="1">1</BitDepth30>
                  <BitDepth LegalValues="0 1 2 3 4 5">1</BitDepth>
                  <MaxTmds Min="0" Max="255">0</MaxTmds>
                  <VideoFormat id="0">
                    <Name>Empty</Name>
                    <HFreq>0</HFreq>
                    <HSync Min="1" Max="1">1</HSync>
                    <HActive Min="0" Max="0">0</HActive>
                    <HFP Min="0" Max="0">0</HFP>
                    <HTotal Min="1" Max="8191">1</HTotal>
                    <VFreq Min="20" Max="75">20</VFreq>
                    <VSync Min="1" Max="1">1</VSync>
                    <VActive Min="0" Max="0">0</VActive>
                    <VFP Min="0" Max="0">0</VFP>
                    <VTotal Min="1" Max="8191">1</VTotal>
                    <PixelClk>0</PixelClk>
                    <HSP Min="78" Max="80">80</HSP>
                    <VSP Min="78" Max="80">80</VSP>
                    <AR Min="0" Max="1000">0</AR>
                    <Interlaced>80</Interlaced>
                    <VFType Min="0" Max="0">0</VFType>
                    <VFEnum Min="0" Max="4700">0</VFEnum>
                    <VFStdFrom Min="0" Max="4">0</VFStdFrom>
                    <VFStdNum>0</VFStdNum>
                  </VideoFormat>
                </EDIDOut>
              </HDMIOutput>
            </Out>
            <Out id="1">
              <Capacity LegalValues="0 1 2 4">1</Capacity>
              <DPOut id="0">
                <HdcpAuth Min="0" Max="1">0</HdcpAuth>
                <EDIDOut id="0">
                  <EDIDValid Min="0" Max="1">0</EDIDValid>
                  <SupportHdmi Min="0" Max="1">0</SupportHdmi>
                  <SupportRGB Min="0" Max="1">1</SupportRGB>
                  <SupportSMPTE Min="0" Max="1">1</SupportSMPTE>
                  <Support444 Min="0" Max="1">1</Support444>
                  <Support422 Min="0" Max="1">1</Support422>
                  <BitDepth48 Min="0" Max="1">1</BitDepth48>
                  <BitDepth36 Min="0" Max="1">1</BitDepth36>
                  <BitDepth30 Min="0" Max="1">1</BitDepth30>
                  <BitDepth LegalValues="0 1 2 3 4 5">1</BitDepth>
                  <MaxTmds Min="0" Max="255">0</MaxTmds>
                  <VideoFormat id="0">
                    <Name>Empty</Name>
                    <HFreq>0</HFreq>
                    <HSync Min="1" Max="1">1</HSync>
                    <HActive Min="0" Max="0">0</HActive>
                    <HFP Min="0" Max="0">0</HFP>
                    <HTotal Min="1" Max="8191">1</HTotal>
                    <VFreq Min="20" Max="75">20</VFreq>
                    <VSync Min="1" Max="1">1</VSync>
                    <VActive Min="0" Max="0">0</VActive>
                    <VFP Min="0" Max="0">0</VFP>
                    <VTotal Min="1" Max="8191">1</VTotal>
                    <PixelClk>0</PixelClk>
                    <HSP Min="78" Max="80">80</HSP>
                    <VSP Min="78" Max="80">80</VSP>
                    <AR Min="0" Max="1000">0</AR>
                    <Interlaced>80</Interlaced>
                    <VFType Min="0" Max="0">0</VFType>
                    <VFEnum Min="0" Max="4700">0</VFEnum>
                    <VFStdFrom Min="0" Max="4">0</VFStdFrom>
                    <VFStdNum>0</VFStdNum>
                  </VideoFormat>
                </EDIDOut>
              </DPOut>
              <DVIOut id="0">
                <HdcpAuth Min="0" Max="1">0</HdcpAuth>
                <EDIDOut id="0">
                  <EDIDValid Min="0" Max="1">0</EDIDValid>
                  <SupportHdmi Min="0" Max="1">0</SupportHdmi>
                  <SupportRGB Min="0" Max="1">1</SupportRGB>
                  <SupportSMPTE Min="0" Max="1">1</SupportSMPTE>
                  <Support444 Min="0" Max="1">1</Support444>
                  <Support422 Min="0" Max="1">1</Support422>
                  <BitDepth48 Min="0" Max="1">1</BitDepth48>
                  <BitDepth36 Min="0" Max="1">1</BitDepth36>
                  <BitDepth30 Min="0" Max="1">1</BitDepth30>
                  <BitDepth LegalValues="0 1 2 3 4 5">1</BitDepth>
                  <MaxTmds Min="0" Max="255">0</MaxTmds>
                  <VideoFormat id="0">
                    <Name>Empty</Name>
                    <HFreq>0</HFreq>
                    <HSync Min="1" Max="1">1</HSync>
                    <HActive Min="0" Max="0">0</HActive>
                    <HFP Min="0" Max="0">0</HFP>
                    <HTotal Min="1" Max="8191">1</HTotal>
                    <VFreq Min="20" Max="75">20</VFreq>
                    <VSync Min="1" Max="1">1</VSync>
                    <VActive Min="0" Max="0">0</VActive>
                    <VFP Min="0" Max="0">0</VFP>
                    <VTotal Min="1" Max="8191">1</VTotal>
                    <PixelClk>0</PixelClk>
                    <HSP Min="78" Max="80">80</HSP>
                    <VSP Min="78" Max="80">80</VSP>
                    <AR Min="0" Max="1000">0</AR>
                    <Interlaced>80</Interlaced>
                    <VFType Min="0" Max="0">0</VFType>
                    <VFEnum Min="0" Max="4700">0</VFEnum>
                    <VFStdFrom Min="0" Max="4">0</VFStdFrom>
                    <VFStdNum>0</VFStdNum>
                  </VideoFormat>
                </EDIDOut>
              </DVIOut>
              <SDIOut id="0">
                <Type3G LegalValues="0 1 2 3">2</Type3G>
              </SDIOut>
              <HDMIOutput id="0">
                <HdcpAuth Min="0" Max="1">0</HdcpAuth>
                <SinkType Min="0" Max="1">1</SinkType>
                <EDIDOut id="0">
                  <EDIDValid Min="0" Max="1">0</EDIDValid>
                  <SupportHdmi Min="0" Max="1">0</SupportHdmi>
                  <SupportRGB Min="0" Max="1">1</SupportRGB>
                  <SupportSMPTE Min="0" Max="1">1</SupportSMPTE>
                  <Support444 Min="0" Max="1">1</Support444>
                  <Support422 Min="0" Max="1">1</Support422>
                  <BitDepth48 Min="0" Max="1">1</BitDepth48>
                  <BitDepth36 Min="0" Max="1">1</BitDepth36>
                  <BitDepth30 Min="0" Max="1">1</BitDepth30>
                  <BitDepth LegalValues="0 1 2 3 4 5">1</BitDepth>
                  <MaxTmds Min="0" Max="255">0</MaxTmds>
                  <VideoFormat id="0">
                    <Name>Empty</Name>
                    <HFreq>0</HFreq>
                    <HSync Min="1" Max="1">1</HSync>
                    <HActive Min="0" Max="0">0</HActive>
                    <HFP Min="0" Max="0">0</HFP>
                    <HTotal Min="1" Max="8191">1</HTotal>
                    <VFreq Min="20" Max="75">20</VFreq>
                    <VSync Min="1" Max="1">1</VSync>
                    <VActive Min="0" Max="0">0</VActive>
                    <VFP Min="0" Max="0">0</VFP>
                    <VTotal Min="1" Max="8191">1</VTotal>
                    <PixelClk>0</PixelClk>
                    <HSP Min="78" Max="80">80</HSP>
                    <VSP Min="78" Max="80">80</VSP>
                    <AR Min="0" Max="1000">0</AR>
                    <Interlaced>80</Interlaced>
                    <VFType Min="0" Max="0">0</VFType>
                    <VFEnum Min="0" Max="4700">0</VFEnum>
                    <VFStdFrom Min="0" Max="4">0</VFStdFrom>
                    <VFStdNum>0</VFStdNum>
                  </VideoFormat>
                </EDIDOut>
              </HDMIOutput>
            </Out>
            <Out id="2">
              <Capacity LegalValues="0 1 2 4">1</Capacity>
              <DPOut id="0">
                <HdcpAuth Min="0" Max="1">0</HdcpAuth>
                <EDIDOut id="0">
                  <EDIDValid Min="0" Max="1">0</EDIDValid>
                  <SupportHdmi Min="0" Max="1">0</SupportHdmi>
                  <SupportRGB Min="0" Max="1">1</SupportRGB>
                  <SupportSMPTE Min="0" Max="1">1</SupportSMPTE>
                  <Support444 Min="0" Max="1">1</Support444>
                  <Support422 Min="0" Max="1">1</Support422>
                  <BitDepth48 Min="0" Max="1">1</BitDepth48>
                  <BitDepth36 Min="0" Max="1">1</BitDepth36>
                  <BitDepth30 Min="0" Max="1">1</BitDepth30>
                  <BitDepth LegalValues="0 1 2 3 4 5">1</BitDepth>
                  <MaxTmds Min="0" Max="255">0</MaxTmds>
                  <VideoFormat id="0">
                    <Name>Empty</Name>
                    <HFreq>0</HFreq>
                    <HSync Min="1" Max="1">1</HSync>
                    <HActive Min="0" Max="0">0</HActive>
                    <HFP Min="0" Max="0">0</HFP>
                    <HTotal Min="1" Max="8191">1</HTotal>
                    <VFreq Min="20" Max="75">20</VFreq>
                    <VSync Min="1" Max="1">1</VSync>
                    <VActive Min="0" Max="0">0</VActive>
                    <VFP Min="0" Max="0">0</VFP>
                    <VTotal Min="1" Max="8191">1</VTotal>
                    <PixelClk>0</PixelClk>
                    <HSP Min="78" Max="80">80</HSP>
                    <VSP Min="78" Max="80">80</VSP>
                    <AR Min="0" Max="1000">0</AR>
                    <Interlaced>80</Interlaced>
                    <VFType Min="0" Max="0">0</VFType>
                    <VFEnum Min="0" Max="4700">0</VFEnum>
                    <VFStdFrom Min="0" Max="4">0</VFStdFrom>
                    <VFStdNum>0</VFStdNum>
                  </VideoFormat>
                </EDIDOut>
              </DPOut>
              <DVIOut id="0">
                <HdcpAuth Min="0" Max="1">0</HdcpAuth>
                <EDIDOut id="0">
                  <EDIDValid Min="0" Max="1">0</EDIDValid>
                  <SupportHdmi Min="0" Max="1">0</SupportHdmi>
                  <SupportRGB Min="0" Max="1">1</SupportRGB>
                  <SupportSMPTE Min="0" Max="1">1</SupportSMPTE>
                  <Support444 Min="0" Max="1">1</Support444>
                  <Support422 Min="0" Max="1">1</Support422>
                  <BitDepth48 Min="0" Max="1">1</BitDepth48>
                  <BitDepth36 Min="0" Max="1">1</BitDepth36>
                  <BitDepth30 Min="0" Max="1">1</BitDepth30>
                  <BitDepth LegalValues="0 1 2 3 4 5">1</BitDepth>
                  <MaxTmds Min="0" Max="255">0</MaxTmds>
                  <VideoFormat id="0">
                    <Name>Empty</Name>
                    <HFreq>0</HFreq>
                    <HSync Min="1" Max="1">1</HSync>
                    <HActive Min="0" Max="0">0</HActive>
                    <HFP Min="0" Max="0">0</HFP>
                    <HTotal Min="1" Max="8191">1</HTotal>
                    <VFreq Min="20" Max="75">20</VFreq>
                    <VSync Min="1" Max="1">1</VSync>
                    <VActive Min="0" Max="0">0</VActive>
                    <VFP Min="0" Max="0">0</VFP>
                    <VTotal Min="1" Max="8191">1</VTotal>
                    <PixelClk>0</PixelClk>
                    <HSP Min="78" Max="80">80</HSP>
                    <VSP Min="78" Max="80">80</VSP>
                    <AR Min="0" Max="1000">0</AR>
                    <Interlaced>80</Interlaced>
                    <VFType Min="0" Max="0">0</VFType>
                    <VFEnum Min="0" Max="4700">0</VFEnum>
                    <VFStdFrom Min="0" Max="4">0</VFStdFrom>
                    <VFStdNum>0</VFStdNum>
                  </VideoFormat>
                </EDIDOut>
              </DVIOut>
              <SDIOut id="0">
                <Type3G LegalValues="0 1 2 3">2</Type3G>
              </SDIOut>
              <HDMIOutput id="0">
                <HdcpAuth Min="0" Max="1">0</HdcpAuth>
                <SinkType Min="0" Max="1">1</SinkType>
                <EDIDOut id="0">
                  <EDIDValid Min="0" Max="1">0</EDIDValid>
                  <SupportHdmi Min="0" Max="1">0</SupportHdmi>
                  <SupportRGB Min="0" Max="1">1</SupportRGB>
                  <SupportSMPTE Min="0" Max="1">1</SupportSMPTE>
                  <Support444 Min="0" Max="1">1</Support444>
                  <Support422 Min="0" Max="1">1</Support422>
                  <BitDepth48 Min="0" Max="1">1</BitDepth48>
                  <BitDepth36 Min="0" Max="1">1</BitDepth36>
                  <BitDepth30 Min="0" Max="1">1</BitDepth30>
                  <BitDepth LegalValues="0 1 2 3 4 5">1</BitDepth>
                  <MaxTmds Min="0" Max="255">0</MaxTmds>
                  <VideoFormat id="0">
                    <Name>Empty</Name>
                    <HFreq>0</HFreq>
                    <HSync Min="1" Max="1">1</HSync>
                    <HActive Min="0" Max="0">0</HActive>
                    <HFP Min="0" Max="0">0</HFP>
                    <HTotal Min="1" Max="8191">1</HTotal>
                    <VFreq Min="20" Max="75">20</VFreq>
                    <VSync Min="1" Max="1">1</VSync>
                    <VActive Min="0" Max="0">0</VActive>
                    <VFP Min="0" Max="0">0</VFP>
                    <VTotal Min="1" Max="8191">1</VTotal>
                    <PixelClk>0</PixelClk>
                    <HSP Min="78" Max="80">80</HSP>
                    <VSP Min="78" Max="80">80</VSP>
                    <AR Min="0" Max="1000">0</AR>
                    <Interlaced>80</Interlaced>
                    <VFType Min="0" Max="0">0</VFType>
                    <VFEnum Min="0" Max="4700">0</VFEnum>
                    <VFStdFrom Min="0" Max="4">0</VFStdFrom>
                    <VFStdNum>0</VFStdNum>
                  </VideoFormat>
                </EDIDOut>
              </HDMIOutput>
            </Out>
            <Out id="3">
              <Capacity LegalValues="0 1 2 4">1</Capacity>
              <DPOut id="0">
                <HdcpAuth Min="0" Max="1">0</HdcpAuth>
                <EDIDOut id="0">
                  <EDIDValid Min="0" Max="1">0</EDIDValid>
                  <SupportHdmi Min="0" Max="1">0</SupportHdmi>
                  <SupportRGB Min="0" Max="1">1</SupportRGB>
                  <SupportSMPTE Min="0" Max="1">1</SupportSMPTE>
                  <Support444 Min="0" Max="1">1</Support444>
                  <Support422 Min="0" Max="1">1</Support422>
                  <BitDepth48 Min="0" Max="1">1</BitDepth48>
                  <BitDepth36 Min="0" Max="1">1</BitDepth36>
                  <BitDepth30 Min="0" Max="1">1</BitDepth30>
                  <BitDepth LegalValues="0 1 2 3 4 5">1</BitDepth>
                  <MaxTmds Min="0" Max="255">0</MaxTmds>
                  <VideoFormat id="0">
                    <Name>Empty</Name>
                    <HFreq>0</HFreq>
                    <HSync Min="1" Max="1">1</HSync>
                    <HActive Min="0" Max="0">0</HActive>
                    <HFP Min="0" Max="0">0</HFP>
                    <HTotal Min="1" Max="8191">1</HTotal>
                    <VFreq Min="20" Max="75">20</VFreq>
                    <VSync Min="1" Max="1">1</VSync>
                    <VActive Min="0" Max="0">0</VActive>
                    <VFP Min="0" Max="0">0</VFP>
                    <VTotal Min="1" Max="8191">1</VTotal>
                    <PixelClk>0</PixelClk>
                    <HSP Min="78" Max="80">80</HSP>
                    <VSP Min="78" Max="80">80</VSP>
                    <AR Min="0" Max="1000">0</AR>
                    <Interlaced>80</Interlaced>
                    <VFType Min="0" Max="0">0</VFType>
                    <VFEnum Min="0" Max="4700">0</VFEnum>
                    <VFStdFrom Min="0" Max="4">0</VFStdFrom>
                    <VFStdNum>0</VFStdNum>
                  </VideoFormat>
                </EDIDOut>
              </DPOut>
              <DVIOut id="0">
                <HdcpAuth Min="0" Max="1">0</HdcpAuth>
                <EDIDOut id="0">
                  <EDIDValid Min="0" Max="1">0</EDIDValid>
                  <SupportHdmi Min="0" Max="1">0</SupportHdmi>
                  <SupportRGB Min="0" Max="1">1</SupportRGB>
                  <SupportSMPTE Min="0" Max="1">1</SupportSMPTE>
                  <Support444 Min="0" Max="1">1</Support444>
                  <Support422 Min="0" Max="1">1</Support422>
                  <BitDepth48 Min="0" Max="1">1</BitDepth48>
                  <BitDepth36 Min="0" Max="1">1</BitDepth36>
                  <BitDepth30 Min="0" Max="1">1</BitDepth30>
                  <BitDepth LegalValues="0 1 2 3 4 5">1</BitDepth>
                  <MaxTmds Min="0" Max="255">0</MaxTmds>
                  <VideoFormat id="0">
                    <Name>Empty</Name>
                    <HFreq>0</HFreq>
                    <HSync Min="1" Max="1">1</HSync>
                    <HActive Min="0" Max="0">0</HActive>
                    <HFP Min="0" Max="0">0</HFP>
                    <HTotal Min="1" Max="8191">1</HTotal>
                    <VFreq Min="20" Max="75">20</VFreq>
                    <VSync Min="1" Max="1">1</VSync>
                    <VActive Min="0" Max="0">0</VActive>
                    <VFP Min="0" Max="0">0</VFP>
                    <VTotal Min="1" Max="8191">1</VTotal>
                    <PixelClk>0</PixelClk>
                    <HSP Min="78" Max="80">80</HSP>
                    <VSP Min="78" Max="80">80</VSP>
                    <AR Min="0" Max="1000">0</AR>
                    <Interlaced>80</Interlaced>
                    <VFType Min="0" Max="0">0</VFType>
                    <VFEnum Min="0" Max="4700">0</VFEnum>
                    <VFStdFrom Min="0" Max="4">0</VFStdFrom>
                    <VFStdNum>0</VFStdNum>
                  </VideoFormat>
                </EDIDOut>
              </DVIOut>
              <SDIOut id="0">
                <Type3G LegalValues="0 1 2 3">2</Type3G>
              </SDIOut>
              <HDMIOutput id="0">
                <HdcpAuth Min="0" Max="1">0</HdcpAuth>
                <SinkType Min="0" Max="1">1</SinkType>
                <EDIDOut id="0">
                  <EDIDValid Min="0" Max="1">0</EDIDValid>
                  <SupportHdmi Min="0" Max="1">0</SupportHdmi>
                  <SupportRGB Min="0" Max="1">1</SupportRGB>
                  <SupportSMPTE Min="0" Max="1">1</SupportSMPTE>
                  <Support444 Min="0" Max="1">1</Support444>
                  <Support422 Min="0" Max="1">1</Support422>
                  <BitDepth48 Min="0" Max="1">1</BitDepth48>
                  <BitDepth36 Min="0" Max="1">1</BitDepth36>
                  <BitDepth30 Min="0" Max="1">1</BitDepth30>
                  <BitDepth LegalValues="0 1 2 3 4 5">1</BitDepth>
                  <MaxTmds Min="0" Max="255">0</MaxTmds>
                  <VideoFormat id="0">
                    <Name>Empty</Name>
                    <HFreq>0</HFreq>
                    <HSync Min="1" Max="1">1</HSync>
                    <HActive Min="0" Max="0">0</HActive>
                    <HFP Min="0" Max="0">0</HFP>
                    <HTotal Min="1" Max="8191">1</HTotal>
                    <VFreq Min="20" Max="75">20</VFreq>
                    <VSync Min="1" Max="1">1</VSync>
                    <VActive Min="0" Max="0">0</VActive>
                    <VFP Min="0" Max="0">0</VFP>
                    <VTotal Min="1" Max="8191">1</VTotal>
                    <PixelClk>0</PixelClk>
                    <HSP Min="78" Max="80">80</HSP>
                    <VSP Min="78" Max="80">80</VSP>
                    <AR Min="0" Max="1000">0</AR>
                    <Interlaced>80</Interlaced>
                    <VFType Min="0" Max="0">0</VFType>
                    <VFEnum Min="0" Max="4700">0</VFEnum>
                    <VFStdFrom Min="0" Max="4">0</VFStdFrom>
                    <VFStdNum>0</VFStdNum>
                  </VideoFormat>
                </EDIDOut>
              </HDMIOutput>
            </Out>
          </CardOut>
          <CardLayer id="0">
            <BankIndex Min="-1" Max="4">-1</BankIndex>
            <VpuIndex Min="-1" Max="4">-1</VpuIndex>
            <Luma Min="0" Max="100">37.5</Luma>
            <Sat Min="0" Max="100">100</Sat>
            <Hue Min="0" Max="360">0</Hue>
            <LinkAssign id="0">
              <XPos Min="0" Max="1000000">0</XPos>
              <YPos Min="0" Max="1000000">0</YPos>
              <ZPos Min="0" Max="1000000">0</ZPos>
              <DestIndex Min="-1" Max="127">-1</DestIndex>
              <Rect id="0">
                <HPos Min="-32767" Max="32767">0</HPos>
                <VPos Min="-32767" Max="32767">0</VPos>
                <HSize Min="0" Max="32767">0</HSize>
                <VSize Min="0" Max="32767">0</VSize>
                <AR Min="0" Max="99">0</AR>
              </Rect>
            </LinkAssign>
            <LinkAssign id="1">
              <XPos Min="0" Max="1000000">0</XPos>
              <YPos Min="0" Max="1000000">0</YPos>
              <ZPos Min="0" Max="1000000">0</ZPos>
              <DestIndex Min="-1" Max="127">-1</DestIndex>
              <Rect id="0">
                <HPos Min="-32767" Max="32767">0</HPos>
                <VPos Min="-32767" Max="32767">0</VPos>
                <HSize Min="0" Max="32767">0</HSize>
                <VSize Min="0" Max="32767">0</VSize>
                <AR Min="0" Max="99">0</AR>
              </Rect>
            </LinkAssign>
            <LinkAssign id="2">
              <XPos Min="0" Max="1000000">0</XPos>
              <YPos Min="0" Max="1000000">0</YPos>
              <ZPos Min="0" Max="1000000">0</ZPos>
              <DestIndex Min="-1" Max="127">-1</DestIndex>
              <Rect id="0">
                <HPos Min="-32767" Max="32767">0</HPos>
                <VPos Min="-32767" Max="32767">0</VPos>
                <HSize Min="0" Max="32767">0</HSize>
                <VSize Min="0" Max="32767">0</VSize>
                <AR Min="0" Max="99">0</AR>
              </Rect>
            </LinkAssign>
            <LinkAssign id="3">
              <XPos Min="0" Max="1000000">0</XPos>
              <YPos Min="0" Max="1000000">0</YPos>
              <ZPos Min="0" Max="1000000">0</ZPos>
              <DestIndex Min="-1" Max="127">-1</DestIndex>
              <Rect id="0">
                <HPos Min="-32767" Max="32767">0</HPos>
                <VPos Min="-32767" Max="32767">0</VPos>
                <HSize Min="0" Max="32767">0</HSize>
                <VSize Min="0" Max="32767">0</VSize>
                <AR Min="0" Max="99">0</AR>
              </Rect>
            </LinkAssign>
            <ScalerAssign id="0">
              <YPos Min="0" Max="1000000">0</YPos>
              <ZPos Min="0" Max="1000000">0</ZPos>
              <LayerIndex Min="-1" Max="512">-1</LayerIndex>
              <DestIndex Min="-1" Max="127">-1</DestIndex>
            </ScalerAssign>
            <ScalerAssign id="1">
              <YPos Min="0" Max="1000000">0</YPos>
              <ZPos Min="0" Max="1000000">0</ZPos>
              <LayerIndex Min="-1" Max="512">-1</LayerIndex>
              <DestIndex Min="-1" Max="127">-1</DestIndex>
            </ScalerAssign>
            <ScalerAssign id="2">
              <YPos Min="0" Max="1000000">0</YPos>
              <ZPos Min="0" Max="1000000">0</ZPos>
              <LayerIndex Min="-1" Max="512">-1</LayerIndex>
              <DestIndex Min="-1" Max="127">-1</DestIndex>
            </ScalerAssign>
            <ScalerAssign id="3">
              <YPos Min="0" Max="1000000">0</YPos>
              <ZPos Min="0" Max="1000000">0</ZPos>
              <LayerIndex Min="-1" Max="512">-1</LayerIndex>
              <DestIndex Min="-1" Max="127">-1</DestIndex>
            </ScalerAssign>
          </CardLayer>
        </Card>
      </Slot>
      <Genlock id="0">
        <LockSrc Min="0" Max="1">0</LockSrc>
        <Locked Min="0" Max="4">0</Locked>
      </Genlock>
      <SysCard id="0">
        <CardStatus Min="0" Max="4">2</CardStatus>
      </SysCard>
      <MultiViewer id="0">
        <CardStatus Min="0" Max="4">0</CardStatus>
        <LayoutSelect LegalValues="0 1 2 3">0</LayoutSelect>
        <MVClock id="0">
          <Name>Clock1</Name>
          <ClockFormat Min="0" Max="1">1</ClockFormat>
          <ClockType LegalValues="0 1 2">0</ClockType>
          <CountRunning>0</CountRunning>
          <BGColor id="0">
            <Red Min="0" Max="1023">0</Red>
            <Green Min="0" Max="1023">0</Green>
            <Blue Min="0" Max="1023">0</Blue>
          </BGColor>
          <UpStopTime id="0">
            <Hours Min="0" Max="23">0</Hours>
            <Minutes Min="0" Max="59">0</Minutes>
            <Seconds Min="0" Max="59">0</Seconds>
          </UpStopTime>
          <DownStartTime id="0">
            <Hours Min="0" Max="23">0</Hours>
            <Minutes Min="0" Max="59">0</Minutes>
            <Seconds Min="0" Max="59">0</Seconds>
          </DownStartTime>
          <ClockOffsetTime id="0">
            <Hours Min="-23" Max="23">0</Hours>
            <Minutes Min="-59" Max="59">0</Minutes>
            <Seconds Min="-59" Max="59">0</Seconds>
          </ClockOffsetTime>
        </MVClock>
        <MVClock id="1">
          <Name>Clock2</Name>
          <ClockFormat Min="0" Max="1">1</ClockFormat>
          <ClockType LegalValues="0 1 2">0</ClockType>
          <CountRunning>0</CountRunning>
          <BGColor id="0">
            <Red Min="0" Max="1023">0</Red>
            <Green Min="0" Max="1023">0</Green>
            <Blue Min="0" Max="1023">0</Blue>
          </BGColor>
          <UpStopTime id="0">
            <Hours Min="0" Max="23">0</Hours>
            <Minutes Min="0" Max="59">0</Minutes>
            <Seconds Min="0" Max="59">0</Seconds>
          </UpStopTime>
          <DownStartTime id="0">
            <Hours Min="0" Max="23">0</Hours>
            <Minutes Min="0" Max="59">0</Minutes>
            <Seconds Min="0" Max="59">0</Seconds>
          </DownStartTime>
          <ClockOffsetTime id="0">
            <Hours Min="-23" Max="23">0</Hours>
            <Minutes Min="-59" Max="59">0</Minutes>
            <Seconds Min="-59" Max="59">0</Seconds>
          </ClockOffsetTime>
        </MVClock>
        <MVClock id="2">
          <Name>Clock3</Name>
          <ClockFormat Min="0" Max="1">1</ClockFormat>
          <ClockType LegalValues="0 1 2">0</ClockType>
          <CountRunning>0</CountRunning>
          <BGColor id="0">
            <Red Min="0" Max="1023">0</Red>
            <Green Min="0" Max="1023">0</Green>
            <Blue Min="0" Max="1023">0</Blue>
          </BGColor>
          <UpStopTime id="0">
            <Hours Min="0" Max="23">0</Hours>
            <Minutes Min="0" Max="59">0</Minutes>
            <Seconds Min="0" Max="59">0</Seconds>
          </UpStopTime>
          <DownStartTime id="0">
            <Hours Min="0" Max="23">0</Hours>
            <Minutes Min="0" Max="59">0</Minutes>
            <Seconds Min="0" Max="59">0</Seconds>
          </DownStartTime>
          <ClockOffsetTime id="0">
            <Hours Min="-23" Max="23">0</Hours>
            <Minutes Min="-59" Max="59">0</Minutes>
            <Seconds Min="-59" Max="59">0</Seconds>
          </ClockOffsetTime>
        </MVClock>
        <MVClock id="3">
          <Name>Clock4</Name>
          <ClockFormat Min="0" Max="1">1</ClockFormat>
          <ClockType LegalValues="0 1 2">0</ClockType>
          <CountRunning>0</CountRunning>
          <BGColor id="0">
            <Red Min="0" Max="1023">0</Red>
            <Green Min="0" Max="1023">0</Green>
            <Blue Min="0" Max="1023">0</Blue>
          </BGColor>
          <UpStopTime id="0">
            <Hours Min="0" Max="23">0</Hours>
            <Minutes Min="0" Max="59">0</Minutes>
            <Seconds Min="0" Max="59">0</Seconds>
          </UpStopTime>
          <DownStartTime id="0">
            <Hours Min="0" Max="23">0</Hours>
            <Minutes Min="0" Max="59">0</Minutes>
            <Seconds Min="0" Max="59">0</Seconds>
          </DownStartTime>
          <ClockOffsetTime id="0">
            <Hours Min="-23" Max="23">0</Hours>
            <Minutes Min="-59" Max="59">0</Minutes>
            <Seconds Min="-59" Max="59">0</Seconds>
          </ClockOffsetTime>
        </MVClock>
        <MVLayout id="0">
          <MVDestCollection id="0">
            <MVDest id="0">
              <OutCfgIndex Min="-1" Max="3">0</OutCfgIndex>
              <Name>MVROut1</Name>
              <SourcePvwWinIndex Min="-1" Max="63">-1</SourcePvwWinIndex>
              <BGColor id="0">
                <Red Min="0" Max="1023">0</Red>
                <Green Min="0" Max="1023">116</Green>
                <Blue Min="0" Max="1023">376</Blue>
              </BGColor>
              <UMDColor id="0">
                <Red Min="0" Max="1023">50</Red>
                <Green Min="0" Max="1023">50</Green>
                <Blue Min="0" Max="1023">50</Blue>
              </UMDColor>
              <BorderColor id="0">
                <Red Min="0" Max="1023">1000</Red>
                <Green Min="0" Max="1023">1000</Green>
                <Blue Min="0" Max="1023">1000</Blue>
              </BorderColor>
              <MVWinCollection id="0">
                <MVWin id="0">
                  <InputCfgIndex Min="0" Max="127">-1</InputCfgIndex>
                  <Eye3D LegalValues="0 1">0</Eye3D>
                  <BorderEn>1</BorderEn>
                  <ClockIndex Min="0" Max="3">-1</ClockIndex>
                  <DestIndex Min="0" Max="127">1</DestIndex>
                  <InputType LegalValues="0 1 2 3 4 5">4</InputType>
                  <UMDText>E2 Timo</UMDText>
                  <UmdEnable>1</UmdEnable>
                  <AoiEnable>1</AoiEnable>
                  <SourcePvwOnOff>0</SourcePvwOnOff>
                  <Rect id="0">
                    <HPos Min="-32767" Max="32767">1456</HPos>
                    <VPos Min="-32767" Max="32767">122</VPos>
                    <HSize Min="16" Max="32767">384</HSize>
                    <VSize Min="16" Max="32767">216</VSize>
                    <AR Min="0" Max="99">0</AR>
                  </Rect>
                </MVWin>
                <MVWin id="1">
                  <InputCfgIndex Min="0" Max="127">-1</InputCfgIndex>
                  <Eye3D LegalValues="0 1">0</Eye3D>
                  <BorderEn>1</BorderEn>
                  <ClockIndex Min="0" Max="3">-1</ClockIndex>
                  <DestIndex Min="0" Max="127">0</DestIndex>
                  <InputType LegalValues="0 1 2 3 4 5">3</InputType>
                  <UMDText>Record Matti | PGM</UMDText>
                  <UmdEnable>1</UmdEnable>
                  <AoiEnable>1</AoiEnable>
                  <SourcePvwOnOff>0</SourcePvwOnOff>
                  <Rect id="0">
                    <HPos Min="-32767" Max="32767">720</HPos>
                    <VPos Min="-32767" Max="32767">32</VPos>
                    <HSize Min="16" Max="32767">640</HSize>
                    <VSize Min="16" Max="32767">360</VSize>
                    <AR Min="0" Max="99">0</AR>
                  </Rect>
                </MVWin>
                <MVWin id="2">
                  <InputCfgIndex Min="0" Max="127">-1</InputCfgIndex>
                  <Eye3D LegalValues="0 1">0</Eye3D>
                  <BorderEn>1</BorderEn>
                  <ClockIndex Min="0" Max="3">-1</ClockIndex>
                  <DestIndex Min="0" Max="127">0</DestIndex>
                  <InputType LegalValues="0 1 2 3 4 5">2</InputType>
                  <UMDText>Record Matti | PVW</UMDText>
                  <UmdEnable>1</UmdEnable>
                  <AoiEnable>1</AoiEnable>
                  <SourcePvwOnOff>0</SourcePvwOnOff>
                  <Rect id="0">
                    <HPos Min="-32767" Max="32767">32</HPos>
                    <VPos Min="-32767" Max="32767">31</VPos>
                    <HSize Min="16" Max="32767">640</HSize>
                    <VSize Min="16" Max="32767">360</VSize>
                    <AR Min="0" Max="99">0</AR>
                  </Rect>
                </MVWin>
                <MVWin id="3">
                  <InputCfgIndex Min="0" Max="127">0</InputCfgIndex>
                  <Eye3D LegalValues="0 1">0</Eye3D>
                  <BorderEn>1</BorderEn>
                  <ClockIndex Min="0" Max="3">-1</ClockIndex>
                  <DestIndex Min="0" Max="127">-1</DestIndex>
                  <InputType LegalValues="0 1 2 3 4 5">5</InputType>
                  <UMDText>Input1</UMDText>
                  <UmdEnable>1</UmdEnable>
                  <AoiEnable>1</AoiEnable>
                  <SourcePvwOnOff>0</SourcePvwOnOff>
                  <Rect id="0">
                    <HPos Min="-32767" Max="32767">32</HPos>
                    <VPos Min="-32767" Max="32767">737</VPos>
                    <HSize Min="16" Max="32767">640</HSize>
                    <VSize Min="16" Max="32767">360</VSize>
                    <AR Min="0" Max="99">0</AR>
                  </Rect>
                </MVWin>
                <MVWin id="4">
                  <InputCfgIndex Min="0" Max="127">1</InputCfgIndex>
                  <Eye3D LegalValues="0 1">0</Eye3D>
                  <BorderEn>1</BorderEn>
                  <ClockIndex Min="0" Max="3">-1</ClockIndex>
                  <DestIndex Min="0" Max="127">-1</DestIndex>
                  <InputType LegalValues="0 1 2 3 4 5">5</InputType>
                  <UMDText>Input2</UMDText>
                  <UmdEnable>1</UmdEnable>
                  <AoiEnable>1</AoiEnable>
                  <SourcePvwOnOff>0</SourcePvwOnOff>
                  <Rect id="0">
                    <HPos Min="-32767" Max="32767">704</HPos>
                    <VPos Min="-32767" Max="32767">738</VPos>
                    <HSize Min="16" Max="32767">640</HSize>
                    <VSize Min="16" Max="32767">360</VSize>
                    <AR Min="0" Max="99">0</AR>
                  </Rect>
                </MVWin>
              </MVWinCollection>
            </MVDest>
            <MVDest id="1">
              <OutCfgIndex Min="-1" Max="3">1</OutCfgIndex>
              <Name>MVROut2</Name>
              <SourcePvwWinIndex Min="-1" Max="63">-1</SourcePvwWinIndex>
              <BGColor id="0">
                <Red Min="0" Max="1023">0</Red>
                <Green Min="0" Max="1023">0</Green>
                <Blue Min="0" Max="1023">0</Blue>
              </BGColor>
              <UMDColor id="0">
                <Red Min="0" Max="1023">50</Red>
                <Green Min="0" Max="1023">50</Green>
                <Blue Min="0" Max="1023">50</Blue>
              </UMDColor>
              <BorderColor id="0">
                <Red Min="0" Max="1023">1000</Red>
                <Green Min="0" Max="1023">1000</Green>
                <Blue Min="0" Max="1023">1000</Blue>
              </BorderColor>
            </MVDest>
          </MVDestCollection>
        </MVLayout>
        <MVLayout id="1">
          <MVDestCollection id="0">
            <MVDest id="0">
              <OutCfgIndex Min="-1" Max="3">0</OutCfgIndex>
              <Name>MVROut1</Name>
              <SourcePvwWinIndex Min="-1" Max="63">-1</SourcePvwWinIndex>
              <BGColor id="0">
                <Red Min="0" Max="1023">0</Red>
                <Green Min="0" Max="1023">0</Green>
                <Blue Min="0" Max="1023">0</Blue>
              </BGColor>
              <UMDColor id="0">
                <Red Min="0" Max="1023">50</Red>
                <Green Min="0" Max="1023">50</Green>
                <Blue Min="0" Max="1023">50</Blue>
              </UMDColor>
              <BorderColor id="0">
                <Red Min="0" Max="1023">1000</Red>
                <Green Min="0" Max="1023">1000</Green>
                <Blue Min="0" Max="1023">1000</Blue>
              </BorderColor>
            </MVDest>
            <MVDest id="1">
              <OutCfgIndex Min="-1" Max="3">1</OutCfgIndex>
              <Name>MVROut2</Name>
              <SourcePvwWinIndex Min="-1" Max="63">-1</SourcePvwWinIndex>
              <BGColor id="0">
                <Red Min="0" Max="1023">0</Red>
                <Green Min="0" Max="1023">0</Green>
                <Blue Min="0" Max="1023">0</Blue>
              </BGColor>
              <UMDColor id="0">
                <Red Min="0" Max="1023">50</Red>
                <Green Min="0" Max="1023">50</Green>
                <Blue Min="0" Max="1023">50</Blue>
              </UMDColor>
              <BorderColor id="0">
                <Red Min="0" Max="1023">1000</Red>
                <Green Min="0" Max="1023">1000</Green>
                <Blue Min="0" Max="1023">1000</Blue>
              </BorderColor>
            </MVDest>
          </MVDestCollection>
        </MVLayout>
        <MVLayout id="2">
          <MVDestCollection id="0">
            <MVDest id="0">
              <OutCfgIndex Min="-1" Max="3">0</OutCfgIndex>
              <Name>MVROut1</Name>
              <SourcePvwWinIndex Min="-1" Max="63">-1</SourcePvwWinIndex>
              <BGColor id="0">
                <Red Min="0" Max="1023">0</Red>
                <Green Min="0" Max="1023">0</Green>
                <Blue Min="0" Max="1023">0</Blue>
              </BGColor>
              <UMDColor id="0">
                <Red Min="0" Max="1023">50</Red>
                <Green Min="0" Max="1023">50</Green>
                <Blue Min="0" Max="1023">50</Blue>
              </UMDColor>
              <BorderColor id="0">
                <Red Min="0" Max="1023">1000</Red>
                <Green Min="0" Max="1023">1000</Green>
                <Blue Min="0" Max="1023">1000</Blue>
              </BorderColor>
            </MVDest>
            <MVDest id="1">
              <OutCfgIndex Min="-1" Max="3">1</OutCfgIndex>
              <Name>MVROut2</Name>
              <SourcePvwWinIndex Min="-1" Max="63">-1</SourcePvwWinIndex>
              <BGColor id="0">
                <Red Min="0" Max="1023">0</Red>
                <Green Min="0" Max="1023">0</Green>
                <Blue Min="0" Max="1023">0</Blue>
              </BGColor>
              <UMDColor id="0">
                <Red Min="0" Max="1023">50</Red>
                <Green Min="0" Max="1023">50</Green>
                <Blue Min="0" Max="1023">50</Blue>
              </UMDColor>
              <BorderColor id="0">
                <Red Min="0" Max="1023">1000</Red>
                <Green Min="0" Max="1023">1000</Green>
                <Blue Min="0" Max="1023">1000</Blue>
              </BorderColor>
            </MVDest>
          </MVDestCollection>
        </MVLayout>
        <MVLayout id="3">
          <MVDestCollection id="0">
            <MVDest id="0">
              <OutCfgIndex Min="-1" Max="3">0</OutCfgIndex>
              <Name>MVROut1</Name>
              <SourcePvwWinIndex Min="-1" Max="63">-1</SourcePvwWinIndex>
              <BGColor id="0">
                <Red Min="0" Max="1023">0</Red>
                <Green Min="0" Max="1023">0</Green>
                <Blue Min="0" Max="1023">0</Blue>
              </BGColor>
              <UMDColor id="0">
                <Red Min="0" Max="1023">50</Red>
                <Green Min="0" Max="1023">50</Green>
                <Blue Min="0" Max="1023">50</Blue>
              </UMDColor>
              <BorderColor id="0">
                <Red Min="0" Max="1023">1000</Red>
                <Green Min="0" Max="1023">1000</Green>
                <Blue Min="0" Max="1023">1000</Blue>
              </BorderColor>
            </MVDest>
            <MVDest id="1">
              <OutCfgIndex Min="-1" Max="3">1</OutCfgIndex>
              <Name>MVROut2</Name>
              <SourcePvwWinIndex Min="-1" Max="63">-1</SourcePvwWinIndex>
              <BGColor id="0">
                <Red Min="0" Max="1023">0</Red>
                <Green Min="0" Max="1023">0</Green>
                <Blue Min="0" Max="1023">0</Blue>
              </BGColor>
              <UMDColor id="0">
                <Red Min="0" Max="1023">50</Red>
                <Green Min="0" Max="1023">50</Green>
                <Blue Min="0" Max="1023">50</Blue>
              </UMDColor>
              <BorderColor id="0">
                <Red Min="0" Max="1023">1000</Red>
                <Green Min="0" Max="1023">1000</Green>
                <Blue Min="0" Max="1023">1000</Blue>
              </BorderColor>
            </MVDest>
          </MVDestCollection>
        </MVLayout>
        <MVOutputCfgCollection id="0">
          <OutputCfg id="0">
            <Mode3D LegalValues="0 1">0</Mode3D>
            <OperMode3D LegalValues="0 1">0</OperMode3D>
            <Eye3D LegalValues="0 1">0</Eye3D>
            <Name>MVROut1</Name>
            <HdcpMode Min="0" Max="1">0</HdcpMode>
            <AutoConfigStatus Min="0" Max="1">0</AutoConfigStatus>
            <Conn id="0">
              <SyncPol LegalValues="0 1 2 3">3</SyncPol>
              <BitDepth LegalValues="1 2 3">1</BitDepth>
              <SampleMode LegalValues="0 1">0</SampleMode>
            </Conn>
            <Config id="0">
              <Name>Config0</Name>
              <Owner/>
              <Contact/>
              <HDimension Min="0" Max="16">0</HDimension>
              <VDimension Min="0" Max="16">0</VDimension>
              <ConnMapOrient LegalValues="0 1 2">0</ConnMapOrient>
              <ConfigStatus Min="0" Max="5">1</ConfigStatus>
              <ConnMap id="0">
                <InUse Min="0" Max="1">1</InUse>
                <VPID Min="0" Max="1">1</VPID>
                <CardType Min="0" Max="255">40</CardType>
                <ColumnIndex Min="0" Max="15">0</ColumnIndex>
                <RowIndex Min="0" Max="15">0</RowIndex>
                <ConnectorIndex Min="0" Max="3">0</ConnectorIndex>
                <SlotIndex Min="0" Max="22">8</SlotIndex>
                <Error Min="-1000000" Max="1000000">0</Error>
              </ConnMap>
              <ConnMap id="1">
                <InUse Min="0" Max="1">0</InUse>
                <VPID Min="0" Max="1">0</VPID>
                <CardType Min="0" Max="255">255</CardType>
                <ColumnIndex Min="0" Max="15">0</ColumnIndex>
                <RowIndex Min="0" Max="15">0</RowIndex>
                <ConnectorIndex Min="0" Max="3">0</ConnectorIndex>
                <SlotIndex Min="0" Max="22">-1</SlotIndex>
                <Error Min="-1000000" Max="1000000">0</Error>
              </ConnMap>
              <ConnMap id="2">
                <InUse Min="0" Max="1">0</InUse>
                <VPID Min="0" Max="1">0</VPID>
                <CardType Min="0" Max="255">255</CardType>
                <ColumnIndex Min="0" Max="15">0</ColumnIndex>
                <RowIndex Min="0" Max="15">0</RowIndex>
                <ConnectorIndex Min="0" Max="3">0</ConnectorIndex>
                <SlotIndex Min="0" Max="22">-1</SlotIndex>
                <Error Min="-1000000" Max="1000000">0</Error>
              </ConnMap>
              <ConnMap id="3">
                <InUse Min="0" Max="1">0</InUse>
                <VPID Min="0" Max="1">0</VPID>
                <CardType Min="0" Max="255">255</CardType>
                <ColumnIndex Min="0" Max="15">0</ColumnIndex>
                <RowIndex Min="0" Max="15">0</RowIndex>
                <ConnectorIndex Min="0" Max="3">0</ConnectorIndex>
                <SlotIndex Min="0" Max="22">-1</SlotIndex>
                <Error Min="-1000000" Max="1000000">0</Error>
              </ConnMap>
              <ConnMap id="4">
                <InUse Min="0" Max="1">0</InUse>
                <VPID Min="0" Max="1">0</VPID>
                <CardType Min="0" Max="255">255</CardType>
                <ColumnIndex Min="0" Max="15">0</ColumnIndex>
                <RowIndex Min="0" Max="15">0</RowIndex>
                <ConnectorIndex Min="0" Max="3">0</ConnectorIndex>
                <SlotIndex Min="0" Max="22">-1</SlotIndex>
                <Error Min="-1000000" Max="1000000">0</Error>
              </ConnMap>
              <ConnMap id="5">
                <InUse Min="0" Max="1">0</InUse>
                <VPID Min="0" Max="1">0</VPID>
                <CardType Min="0" Max="255">255</CardType>
                <ColumnIndex Min="0" Max="15">0</ColumnIndex>
                <RowIndex Min="0" Max="15">0</RowIndex>
                <ConnectorIndex Min="0" Max="3">0</ConnectorIndex>
                <SlotIndex Min="0" Max="22">-1</SlotIndex>
                <Error Min="-1000000" Max="1000000">0</Error>
              </ConnMap>
              <ConnMap id="6">
                <InUse Min="0" Max="1">0</InUse>
                <VPID Min="0" Max="1">0</VPID>
                <CardType Min="0" Max="255">255</CardType>
                <ColumnIndex Min="0" Max="15">0</ColumnIndex>
                <RowIndex Min="0" Max="15">0</RowIndex>
                <ConnectorIndex Min="0" Max="3">0</ConnectorIndex>
                <SlotIndex Min="0" Max="22">-1</SlotIndex>
                <Error Min="-1000000" Max="1000000">0</Error>
              </ConnMap>
              <ConnMap id="7">
                <InUse Min="0" Max="1">0</InUse>
                <VPID Min="0" Max="1">0</VPID>
                <CardType Min="0" Max="255">255</CardType>
                <ColumnIndex Min="0" Max="15">0</ColumnIndex>
                <RowIndex Min="0" Max="15">0</RowIndex>
                <ConnectorIndex Min="0" Max="3">0</ConnectorIndex>
                <SlotIndex Min="0" Max="22">-1</SlotIndex>
                <Error Min="-1000000" Max="1000000">0</Error>
              </ConnMap>
              <ConnMap id="8">
                <InUse Min="0" Max="1">0</InUse>
                <VPID Min="0" Max="1">0</VPID>
                <CardType Min="0" Max="255">255</CardType>
                <ColumnIndex Min="0" Max="15">0</ColumnIndex>
                <RowIndex Min="0" Max="15">0</RowIndex>
                <ConnectorIndex Min="0" Max="3">0</ConnectorIndex>
                <SlotIndex Min="0" Max="22">-1</SlotIndex>
                <Error Min="-1000000" Max="1000000">0</Error>
              </ConnMap>
              <ConnMap id="9">
                <InUse Min="0" Max="1">0</InUse>
                <VPID Min="0" Max="1">0</VPID>
                <CardType Min="0" Max="255">255</CardType>
                <ColumnIndex Min="0" Max="15">0</ColumnIndex>
                <RowIndex Min="0" Max="15">0</RowIndex>
                <ConnectorIndex Min="0" Max="3">0</ConnectorIndex>
                <SlotIndex Min="0" Max="22">-1</SlotIndex>
                <Error Min="-1000000" Max="1000000">0</Error>
              </ConnMap>
              <ConnMap id="10">
                <InUse Min="0" Max="1">0</InUse>
                <VPID Min="0" Max="1">0</VPID>
                <CardType Min="0" Max="255">255</CardType>
                <ColumnIndex Min="0" Max="15">0</ColumnIndex>
                <RowIndex Min="0" Max="15">0</RowIndex>
                <ConnectorIndex Min="0" Max="3">0</ConnectorIndex>
                <SlotIndex Min="0" Max="22">-1</SlotIndex>
                <Error Min="-1000000" Max="1000000">0</Error>
              </ConnMap>
              <ConnMap id="11">
                <InUse Min="0" Max="1">0</InUse>
                <VPID Min="0" Max="1">0</VPID>
                <CardType Min="0" Max="255">255</CardType>
                <ColumnIndex Min="0" Max="15">0</ColumnIndex>
                <RowIndex Min="0" Max="15">0</RowIndex>
                <ConnectorIndex Min="0" Max="3">0</ConnectorIndex>
                <SlotIndex Min="0" Max="22">-1</SlotIndex>
                <Error Min="-1000000" Max="1000000">0</Error>
              </ConnMap>
              <ConnMap id="12">
                <InUse Min="0" Max="1">0</InUse>
                <VPID Min="0" Max="1">0</VPID>
                <CardType Min="0" Max="255">255</CardType>
                <ColumnIndex Min="0" Max="15">0</ColumnIndex>
                <RowIndex Min="0" Max="15">0</RowIndex>
                <ConnectorIndex Min="0" Max="3">0</ConnectorIndex>
                <SlotIndex Min="0" Max="22">-1</SlotIndex>
                <Error Min="-1000000" Max="1000000">0</Error>
              </ConnMap>
              <ConnMap id="13">
                <InUse Min="0" Max="1">0</InUse>
                <VPID Min="0" Max="1">0</VPID>
                <CardType Min="0" Max="255">255</CardType>
                <ColumnIndex Min="0" Max="15">0</ColumnIndex>
                <RowIndex Min="0" Max="15">0</RowIndex>
                <ConnectorIndex Min="0" Max="3">0</ConnectorIndex>
                <SlotIndex Min="0" Max="22">-1</SlotIndex>
                <Error Min="-1000000" Max="1000000">0</Error>
              </ConnMap>
              <ConnMap id="14">
                <InUse Min="0" Max="1">0</InUse>
                <VPID Min="0" Max="1">0</VPID>
                <CardType Min="0" Max="255">255</CardType>
                <ColumnIndex Min="0" Max="15">0</ColumnIndex>
                <RowIndex Min="0" Max="15">0</RowIndex>
                <ConnectorIndex Min="0" Max="3">0</ConnectorIndex>
                <SlotIndex Min="0" Max="22">-1</SlotIndex>
                <Error Min="-1000000" Max="1000000">0</Error>
              </ConnMap>
              <ConnMap id="15">
                <InUse Min="0" Max="1">0</InUse>
                <VPID Min="0" Max="1">0</VPID>
                <CardType Min="0" Max="255">255</CardType>
                <ColumnIndex Min="0" Max="15">0</ColumnIndex>
                <RowIndex Min="0" Max="15">0</RowIndex>
                <ConnectorIndex Min="0" Max="3">0</ConnectorIndex>
                <SlotIndex Min="0" Max="22">-1</SlotIndex>
                <Error Min="-1000000" Max="1000000">0</Error>
              </ConnMap>
              <VideoFormat id="0">
                <Name>Apple 1200p @60</Name>
                <HFreq>73997</HFreq>
                <HSync Min="1" Max="106">40</HSync>
                <HActive Min="0" Max="1986">1920</HActive>
                <HFP Min="0" Max="120">54</HFP>
                <HTotal Min="2014" Max="8191">2080</HTotal>
                <VFreq Min="20" Max="75">60</VFreq>
                <VSync Min="1" Max="31">6</VSync>
                <VActive Min="0" Max="1225">1200</VActive>
                <VFP Min="0" Max="29">4</VFP>
                <VTotal Min="1210" Max="8191">1235</VTotal>
                <PixelClk>153.91</PixelClk>
                <HSP Min="78" Max="80">78</HSP>
                <VSP Min="78" Max="80">78</VSP>
                <AR Min="0" Max="1000">1.6</AR>
                <Interlaced>80</Interlaced>
                <VFType Min="0" Max="0">16</VFType>
                <VFEnum Min="0" Max="4700">3004</VFEnum>
                <VFStdFrom Min="0" Max="4">0</VFStdFrom>
                <VFStdNum>0</VFStdNum>
              </VideoFormat>
            </Config>
            <OutputAOI id="0">
              <AOIRect id="0">
                <HPos Min="0" Max="0">0</HPos>
                <VPos Min="0" Max="0">0</VPos>
                <HSize Min="0" Max="1920">1920</HSize>
                <VSize Min="0" Max="1200">1200</VSize>
                <AR Min="0" Max="99">1.6</AR>
              </AOIRect>
              <RasterBox id="0">
                <Mode Min="0" Max="1">0</Mode>
              </RasterBox>
              <TestPattern id="0">
                <TestPatternMode LegalValues="0 1 2 3 4 5 6 7 8 9 10 11 12 13 14 15 16">0</TestPatternMode>
                <DiagMotion Min="0" Max="1">0</DiagMotion>
                <Color id="0">
                  <Red Min="0" Max="1023">0</Red>
                  <Green Min="0" Max="1023">0</Green>
                  <Blue Min="0" Max="1023">0</Blue>
                </Color>
              </TestPattern>
            </OutputAOI>
            <RasterBox id="0">
              <Mode Min="0" Max="1">0</Mode>
            </RasterBox>
            <Feathering id="0">
              <Mode Min="0" Max="1">0</Mode>
              <Gamma Min="1" Max="5">2.2</Gamma>
              <EdgeWidth Min="0" Max="960">0</EdgeWidth>
            </Feathering>
            <Feathering id="1">
              <Mode Min="0" Max="1">0</Mode>
              <Gamma Min="1" Max="5">2.2</Gamma>
              <EdgeWidth Min="0" Max="600">0</EdgeWidth>
            </Feathering>
            <Feathering id="2">
              <Mode Min="0" Max="1">0</Mode>
              <Gamma Min="1" Max="5">2.2</Gamma>
              <EdgeWidth Min="0" Max="960">0</EdgeWidth>
            </Feathering>
            <Feathering id="3">
              <Mode Min="0" Max="1">0</Mode>
              <Gamma Min="1" Max="5">2.2</Gamma>
              <EdgeWidth Min="0" Max="600">0</EdgeWidth>
            </Feathering>
            <VideoColor id="0">
              <Hue Min="-90" Max="90">0</Hue>
              <Sat Min="0" Max="150">100</Sat>
              <Bright Min="50" Max="150">100</Bright>
              <BrightR Min="25" Max="150">100</BrightR>
              <BrightG Min="25" Max="150">100</BrightG>
              <BrightB Min="25" Max="150">100</BrightB>
              <Contr Min="50" Max="150">100</Contr>
              <ContrR Min="25" Max="150">100</ContrR>
              <ContrG Min="25" Max="150">100</ContrG>
              <ContrB Min="25" Max="150">100</ContrB>
              <Invert Min="0" Max="1">0</Invert>
              <Gamma Min="0.3" Max="3.3">1</Gamma>
              <ColorSpace LegalValues="0 1">0</ColorSpace>
              <ColorRange LegalValues="0 1">0</ColorRange>
              <Mono Min="0" Max="1">0</Mono>
            </VideoColor>
            <TestPattern id="0">
              <TestPatternMode LegalValues="0 1 2 3 4 5 6 7 8 9 10 11 12 13 14 15 16">0</TestPatternMode>
              <DiagMotion Min="0" Max="1">0</DiagMotion>
              <Color id="0">
                <Red Min="0" Max="1023">0</Red>
                <Green Min="0" Max="1023">0</Green>
                <Blue Min="0" Max="1023">0</Blue>
              </Color>
            </TestPattern>
          </OutputCfg>
          <OutputCfg id="1">
            <Mode3D LegalValues="0 1">0</Mode3D>
            <OperMode3D LegalValues="0 1">0</OperMode3D>
            <Eye3D LegalValues="0 1">0</Eye3D>
            <Name>MVROut2</Name>
            <HdcpMode Min="0" Max="1">0</HdcpMode>
            <AutoConfigStatus Min="0" Max="1">0</AutoConfigStatus>
            <Conn id="0">
              <SyncPol LegalValues="0 1 2 3">0</SyncPol>
              <BitDepth LegalValues="1 2 3">1</BitDepth>
              <SampleMode LegalValues="0 1">0</SampleMode>
            </Conn>
            <Config id="0">
              <Name>Config0</Name>
              <Owner/>
              <Contact/>
              <HDimension Min="0" Max="16">0</HDimension>
              <VDimension Min="0" Max="16">0</VDimension>
              <ConnMapOrient LegalValues="0 1 2">0</ConnMapOrient>
              <ConfigStatus Min="0" Max="5">1</ConfigStatus>
              <ConnMap id="0">
                <InUse Min="0" Max="1">1</InUse>
                <VPID Min="0" Max="1">1</VPID>
                <CardType Min="0" Max="255">40</CardType>
                <ColumnIndex Min="0" Max="15">0</ColumnIndex>
                <RowIndex Min="0" Max="15">0</RowIndex>
                <ConnectorIndex Min="0" Max="3">1</ConnectorIndex>
                <SlotIndex Min="0" Max="22">8</SlotIndex>
                <Error Min="-1000000" Max="1000000">0</Error>
              </ConnMap>
              <ConnMap id="1">
                <InUse Min="0" Max="1">0</InUse>
                <VPID Min="0" Max="1">0</VPID>
                <CardType Min="0" Max="255">255</CardType>
                <ColumnIndex Min="0" Max="15">0</ColumnIndex>
                <RowIndex Min="0" Max="15">0</RowIndex>
                <ConnectorIndex Min="0" Max="3">0</ConnectorIndex>
                <SlotIndex Min="0" Max="22">-1</SlotIndex>
                <Error Min="-1000000" Max="1000000">0</Error>
              </ConnMap>
              <ConnMap id="2">
                <InUse Min="0" Max="1">0</InUse>
                <VPID Min="0" Max="1">0</VPID>
                <CardType Min="0" Max="255">255</CardType>
                <ColumnIndex Min="0" Max="15">0</ColumnIndex>
                <RowIndex Min="0" Max="15">0</RowIndex>
                <ConnectorIndex Min="0" Max="3">0</ConnectorIndex>
                <SlotIndex Min="0" Max="22">-1</SlotIndex>
                <Error Min="-1000000" Max="1000000">0</Error>
              </ConnMap>
              <ConnMap id="3">
                <InUse Min="0" Max="1">0</InUse>
                <VPID Min="0" Max="1">0</VPID>
                <CardType Min="0" Max="255">255</CardType>
                <ColumnIndex Min="0" Max="15">0</ColumnIndex>
                <RowIndex Min="0" Max="15">0</RowIndex>
                <ConnectorIndex Min="0" Max="3">0</ConnectorIndex>
                <SlotIndex Min="0" Max="22">-1</SlotIndex>
                <Error Min="-1000000" Max="1000000">0</Error>
              </ConnMap>
              <ConnMap id="4">
                <InUse Min="0" Max="1">0</InUse>
                <VPID Min="0" Max="1">0</VPID>
                <CardType Min="0" Max="255">255</CardType>
                <ColumnIndex Min="0" Max="15">0</ColumnIndex>
                <RowIndex Min="0" Max="15">0</RowIndex>
                <ConnectorIndex Min="0" Max="3">0</ConnectorIndex>
                <SlotIndex Min="0" Max="22">-1</SlotIndex>
                <Error Min="-1000000" Max="1000000">0</Error>
              </ConnMap>
              <ConnMap id="5">
                <InUse Min="0" Max="1">0</InUse>
                <VPID Min="0" Max="1">0</VPID>
                <CardType Min="0" Max="255">255</CardType>
                <ColumnIndex Min="0" Max="15">0</ColumnIndex>
                <RowIndex Min="0" Max="15">0</RowIndex>
                <ConnectorIndex Min="0" Max="3">0</ConnectorIndex>
                <SlotIndex Min="0" Max="22">-1</SlotIndex>
                <Error Min="-1000000" Max="1000000">0</Error>
              </ConnMap>
              <ConnMap id="6">
                <InUse Min="0" Max="1">0</InUse>
                <VPID Min="0" Max="1">0</VPID>
                <CardType Min="0" Max="255">255</CardType>
                <ColumnIndex Min="0" Max="15">0</ColumnIndex>
                <RowIndex Min="0" Max="15">0</RowIndex>
                <ConnectorIndex Min="0" Max="3">0</ConnectorIndex>
                <SlotIndex Min="0" Max="22">-1</SlotIndex>
                <Error Min="-1000000" Max="1000000">0</Error>
              </ConnMap>
              <ConnMap id="7">
                <InUse Min="0" Max="1">0</InUse>
                <VPID Min="0" Max="1">0</VPID>
                <CardType Min="0" Max="255">255</CardType>
                <ColumnIndex Min="0" Max="15">0</ColumnIndex>
                <RowIndex Min="0" Max="15">0</RowIndex>
                <ConnectorIndex Min="0" Max="3">0</ConnectorIndex>
                <SlotIndex Min="0" Max="22">-1</SlotIndex>
                <Error Min="-1000000" Max="1000000">0</Error>
              </ConnMap>
              <ConnMap id="8">
                <InUse Min="0" Max="1">0</InUse>
                <VPID Min="0" Max="1">0</VPID>
                <CardType Min="0" Max="255">255</CardType>
                <ColumnIndex Min="0" Max="15">0</ColumnIndex>
                <RowIndex Min="0" Max="15">0</RowIndex>
                <ConnectorIndex Min="0" Max="3">0</ConnectorIndex>
                <SlotIndex Min="0" Max="22">-1</SlotIndex>
                <Error Min="-1000000" Max="1000000">0</Error>
              </ConnMap>
              <ConnMap id="9">
                <InUse Min="0" Max="1">0</InUse>
                <VPID Min="0" Max="1">0</VPID>
                <CardType Min="0" Max="255">255</CardType>
                <ColumnIndex Min="0" Max="15">0</ColumnIndex>
                <RowIndex Min="0" Max="15">0</RowIndex>
                <ConnectorIndex Min="0" Max="3">0</ConnectorIndex>
                <SlotIndex Min="0" Max="22">-1</SlotIndex>
                <Error Min="-1000000" Max="1000000">0</Error>
              </ConnMap>
              <ConnMap id="10">
                <InUse Min="0" Max="1">0</InUse>
                <VPID Min="0" Max="1">0</VPID>
                <CardType Min="0" Max="255">255</CardType>
                <ColumnIndex Min="0" Max="15">0</ColumnIndex>
                <RowIndex Min="0" Max="15">0</RowIndex>
                <ConnectorIndex Min="0" Max="3">0</ConnectorIndex>
                <SlotIndex Min="0" Max="22">-1</SlotIndex>
                <Error Min="-1000000" Max="1000000">0</Error>
              </ConnMap>
              <ConnMap id="11">
                <InUse Min="0" Max="1">0</InUse>
                <VPID Min="0" Max="1">0</VPID>
                <CardType Min="0" Max="255">255</CardType>
                <ColumnIndex Min="0" Max="15">0</ColumnIndex>
                <RowIndex Min="0" Max="15">0</RowIndex>
                <ConnectorIndex Min="0" Max="3">0</ConnectorIndex>
                <SlotIndex Min="0" Max="22">-1</SlotIndex>
                <Error Min="-1000000" Max="1000000">0</Error>
              </ConnMap>
              <ConnMap id="12">
                <InUse Min="0" Max="1">0</InUse>
                <VPID Min="0" Max="1">0</VPID>
                <CardType Min="0" Max="255">255</CardType>
                <ColumnIndex Min="0" Max="15">0</ColumnIndex>
                <RowIndex Min="0" Max="15">0</RowIndex>
                <ConnectorIndex Min="0" Max="3">0</ConnectorIndex>
                <SlotIndex Min="0" Max="22">-1</SlotIndex>
                <Error Min="-1000000" Max="1000000">0</Error>
              </ConnMap>
              <ConnMap id="13">
                <InUse Min="0" Max="1">0</InUse>
                <VPID Min="0" Max="1">0</VPID>
                <CardType Min="0" Max="255">255</CardType>
                <ColumnIndex Min="0" Max="15">0</ColumnIndex>
                <RowIndex Min="0" Max="15">0</RowIndex>
                <ConnectorIndex Min="0" Max="3">0</ConnectorIndex>
                <SlotIndex Min="0" Max="22">-1</SlotIndex>
                <Error Min="-1000000" Max="1000000">0</Error>
              </ConnMap>
              <ConnMap id="14">
                <InUse Min="0" Max="1">0</InUse>
                <VPID Min="0" Max="1">0</VPID>
                <CardType Min="0" Max="255">255</CardType>
                <ColumnIndex Min="0" Max="15">0</ColumnIndex>
                <RowIndex Min="0" Max="15">0</RowIndex>
                <ConnectorIndex Min="0" Max="3">0</ConnectorIndex>
                <SlotIndex Min="0" Max="22">-1</SlotIndex>
                <Error Min="-1000000" Max="1000000">0</Error>
              </ConnMap>
              <ConnMap id="15">
                <InUse Min="0" Max="1">0</InUse>
                <VPID Min="0" Max="1">0</VPID>
                <CardType Min="0" Max="255">255</CardType>
                <ColumnIndex Min="0" Max="15">0</ColumnIndex>
                <RowIndex Min="0" Max="15">0</RowIndex>
                <ConnectorIndex Min="0" Max="3">0</ConnectorIndex>
                <SlotIndex Min="0" Max="22">-1</SlotIndex>
                <Error Min="-1000000" Max="1000000">0</Error>
              </ConnMap>
              <VideoFormat id="0">
                <Name>1920x1080p @59.94</Name>
                <HFreq>67433</HFreq>
                <HSync Min="1" Max="192">88</HSync>
                <HActive Min="0" Max="2024">1920</HActive>
                <HFP Min="0" Max="192">88</HFP>
                <HTotal Min="2096" Max="8191">2200</HTotal>
                <VFreq Min="20" Max="75">59.9401</VFreq>
                <VSync Min="1" Max="41">5</VSync>
                <VActive Min="0" Max="1116">1080</VActive>
                <VFP Min="0" Max="40">4</VFP>
                <VTotal Min="1089" Max="8191">1125</VTotal>
                <PixelClk>148.352</PixelClk>
                <HSP Min="78" Max="80">80</HSP>
                <VSP Min="78" Max="80">80</VSP>
                <AR Min="0" Max="1000">1.77778</AR>
                <Interlaced>80</Interlaced>
                <VFType Min="0" Max="0">8</VFType>
                <VFEnum Min="0" Max="4700">2708</VFEnum>
                <VFStdFrom Min="0" Max="4">4</VFStdFrom>
                <VFStdNum>16</VFStdNum>
              </VideoFormat>
            </Config>
            <OutputAOI id="0">
              <AOIRect id="0">
                <HPos Min="0" Max="0">0</HPos>
                <VPos Min="0" Max="0">0</VPos>
                <HSize Min="0" Max="1920">1920</HSize>
                <VSize Min="0" Max="1080">1080</VSize>
                <AR Min="0" Max="99">1.77778</AR>
              </AOIRect>
              <RasterBox id="0">
                <Mode Min="0" Max="1">0</Mode>
              </RasterBox>
              <TestPattern id="0">
                <TestPatternMode LegalValues="0 1 2 3 4 5 6 7 8 9 10 11 12 13 14 15 16">0</TestPatternMode>
                <DiagMotion Min="0" Max="1">0</DiagMotion>
                <Color id="0">
                  <Red Min="0" Max="1023">0</Red>
                  <Green Min="0" Max="1023">0</Green>
                  <Blue Min="0" Max="1023">0</Blue>
                </Color>
              </TestPattern>
            </OutputAOI>
            <RasterBox id="0">
              <Mode Min="0" Max="1">0</Mode>
            </RasterBox>
            <Feathering id="0">
              <Mode Min="0" Max="1">0</Mode>
              <Gamma Min="1" Max="5">2.2</Gamma>
              <EdgeWidth Min="0" Max="960">0</EdgeWidth>
            </Feathering>
            <Feathering id="1">
              <Mode Min="0" Max="1">0</Mode>
              <Gamma Min="1" Max="5">2.2</Gamma>
              <EdgeWidth Min="0" Max="540">0</EdgeWidth>
            </Feathering>
            <Feathering id="2">
              <Mode Min="0" Max="1">0</Mode>
              <Gamma Min="1" Max="5">2.2</Gamma>
              <EdgeWidth Min="0" Max="960">0</EdgeWidth>
            </Feathering>
            <Feathering id="3">
              <Mode Min="0" Max="1">0</Mode>
              <Gamma Min="1" Max="5">2.2</Gamma>
              <EdgeWidth Min="0" Max="540">0</EdgeWidth>
            </Feathering>
            <VideoColor id="0">
              <Hue Min="-90" Max="90">0</Hue>
              <Sat Min="0" Max="150">100</Sat>
              <Bright Min="50" Max="150">100</Bright>
              <BrightR Min="25" Max="150">100</BrightR>
              <BrightG Min="25" Max="150">100</BrightG>
              <BrightB Min="25" Max="150">100</BrightB>
              <Contr Min="50" Max="150">100</Contr>
              <ContrR Min="25" Max="150">100</ContrR>
              <ContrG Min="25" Max="150">100</ContrG>
              <ContrB Min="25" Max="150">100</ContrB>
              <Invert Min="0" Max="1">0</Invert>
              <Gamma Min="0.3" Max="3.3">1</Gamma>
              <ColorSpace LegalValues="0 1">0</ColorSpace>
              <ColorRange LegalValues="0 1">1</ColorRange>
              <Mono Min="0" Max="1">0</Mono>
            </VideoColor>
            <TestPattern id="0">
              <TestPatternMode LegalValues="0 1 2 3 4 5 6 7 8 9 10 11 12 13 14 15 16">0</TestPatternMode>
              <DiagMotion Min="0" Max="1">0</DiagMotion>
              <Color id="0">
                <Red Min="0" Max="1023">0</Red>
                <Green Min="0" Max="1023">0</Green>
                <Blue Min="0" Max="1023">0</Blue>
              </Color>
            </TestPattern>
          </OutputCfg>
        </MVOutputCfgCollection>
      </MultiViewer>
      <OutMiniDin3D id="0">
        <SyncDelayS3D Min="0" Max="750">0</SyncDelayS3D>
        <SyncInvertS3D LegalValues="0 1">0</SyncInvertS3D>
        <Name>S3D Out 1</Name>
      </OutMiniDin3D>
      <OutMiniDin3D id="1">
        <SyncDelayS3D Min="0" Max="750">0</SyncDelayS3D>
        <SyncInvertS3D LegalValues="0 1">0</SyncInvertS3D>
        <Name>S3D Out 2</Name>
      </OutMiniDin3D>
    </Frame>
  </FrameCollection>
  <ConsoleLayoutMgr id="0">
    <ConsoleLayout id="0">
      <PresetBusColl id="0">
        <ConsoleButton id="0">
          <ConsoleButtonType Min="0" Max="8">7</ConsoleButtonType>
          <ConsoleButtonTypeIndex Min="0" Max="2147483647">0</ConsoleButtonTypeIndex>
        </ConsoleButton>
        <ConsoleButton id="1">
          <ConsoleButtonType Min="0" Max="8">7</ConsoleButtonType>
          <ConsoleButtonTypeIndex Min="0" Max="2147483647">1</ConsoleButtonTypeIndex>
        </ConsoleButton>
        <ConsoleButton id="2">
          <ConsoleButtonType Min="0" Max="8">7</ConsoleButtonType>
          <ConsoleButtonTypeIndex Min="0" Max="2147483647">2</ConsoleButtonTypeIndex>
        </ConsoleButton>
        <ConsoleButton id="3">
          <ConsoleButtonType Min="0" Max="8">7</ConsoleButtonType>
          <ConsoleButtonTypeIndex Min="0" Max="2147483647">3</ConsoleButtonTypeIndex>
        </ConsoleButton>
      </PresetBusColl>
      <UserKeyBusColl id="0">
        <ConsoleButton id="0">
          <ConsoleButtonType Min="0" Max="8">6</ConsoleButtonType>
          <ConsoleButtonTypeIndex Min="0" Max="2147483647">0</ConsoleButtonTypeIndex>
        </ConsoleButton>
      </UserKeyBusColl>
      <DestinationBusColl id="0">
        <ConsoleButton id="0">
          <ConsoleButtonType Min="0" Max="8">1</ConsoleButtonType>
          <ConsoleButtonTypeIndex Min="0" Max="2147483647">0</ConsoleButtonTypeIndex>
        </ConsoleButton>
        <ConsoleButton id="1">
          <ConsoleButtonType Min="0" Max="8">1</ConsoleButtonType>
          <ConsoleButtonTypeIndex Min="0" Max="2147483647">1</ConsoleButtonTypeIndex>
        </ConsoleButton>
      </DestinationBusColl>
      <InputSourceBusColl id="0">
        <ConsoleButton id="0">
          <ConsoleButtonType Min="0" Max="8">4</ConsoleButtonType>
          <ConsoleButtonTypeIndex Min="0" Max="2147483647">0</ConsoleButtonTypeIndex>
        </ConsoleButton>
        <ConsoleButton id="1">
          <ConsoleButtonType Min="0" Max="8">4</ConsoleButtonType>
          <ConsoleButtonTypeIndex Min="0" Max="2147483647">2</ConsoleButtonTypeIndex>
        </ConsoleButton>
        <ConsoleButton id="11">
          <ConsoleButtonType Min="0" Max="8">4</ConsoleButtonType>
          <ConsoleButtonTypeIndex Min="0" Max="2147483647">4</ConsoleButtonTypeIndex>
        </ConsoleButton>
      </InputSourceBusColl>
    </ConsoleLayout>
  </ConsoleLayoutMgr>
  <XMLType>4</XMLType>
  <Resp>0</Resp>
</System>
