<System id="0">
  <GuiId></GuiId>
  <ConsoleLayoutMgr id="0">
    <ConsoleLayout id="0">
      <PresetBusColl id="0">
        <Add id="0">
          <ConsoleButton id="13">
            <ConsoleButtonType Min="0" Max="8">7</ConsoleButtonType>
            <ConsoleButtonTypeIndex Min="0" Max="2147483647">3</ConsoleButtonTypeIndex>
          </ConsoleButton>
        </Add>
      </PresetBusColl>
    </ConsoleLayout>
  </ConsoleLayoutMgr>
</System>
